ARM GAS  C:\Users\salaz\AppData\Local\Temp\ccVCSl9p.s 			page 1


   1              		.syntax unified
   2              		.cpu cortex-m4
   3              		.eabi_attribute 27, 1
   4              		.fpu fpv4-sp-d16
   5              		.eabi_attribute 20, 1
   6              		.eabi_attribute 21, 1
   7              		.eabi_attribute 23, 3
   8              		.eabi_attribute 24, 1
   9              		.eabi_attribute 25, 1
  10              		.eabi_attribute 26, 1
  11              		.eabi_attribute 30, 1
  12              		.eabi_attribute 34, 1
  13              		.eabi_attribute 18, 4
  14              		.thumb
  15              		.syntax unified
  16              		.file	"cyfitter_sysint_cfg.c"
  17              		.text
  18              	.Ltext0:
  19              		.cfi_sections	.debug_frame
  20              		.global	UART_DEBUG_SCB_IRQ_cfg
  21              		.global	UART_SCB_IRQ_cfg
  22              		.section	.rodata
  23              		.align	2
  24              		.type	UART_DEBUG_SCB_IRQ_cfg, %object
  25              		.size	UART_DEBUG_SCB_IRQ_cfg, 8
  26              	UART_DEBUG_SCB_IRQ_cfg:
  27 0000 2F00     		.short	47
  28 0002 0000     		.space	2
  29 0004 07000000 		.word	7
  30              		.type	UART_SCB_IRQ_cfg, %object
  31              		.size	UART_SCB_IRQ_cfg, 8
  32              	UART_SCB_IRQ_cfg:
  33 0008 2E00     		.short	46
  34 000a 0000     		.space	2
  35 000c 07000000 		.word	7
  36              		.text
  37              	.Letext0:
  38              		.file 1 "Generated_Source\\PSoC6\\pdl\\devices/psoc6/psoc63/include/cy8c6347bzi_bld53.h"
  39              		.file 2 "c:\\program files (x86)\\cypress\\psoc creator\\4.2\\psoc creator\\import\\gnu\\arm\\5.4.
  40              		.file 3 "c:\\program files (x86)\\cypress\\psoc creator\\4.2\\psoc creator\\import\\gnu\\arm\\5.4.
  41              		.file 4 "Generated_Source\\PSoC6\\pdl\\drivers/peripheral/sysint/cy_sysint.h"
  42              		.file 5 "Generated_Source\\PSoC6\\pdl\\cmsis/include/core_cm4.h"
  43              		.file 6 "Generated_Source\\PSoC6\\cyfitter_sysint_cfg.c"
  44              		.section	.debug_info,"",%progbits
  45              	.Ldebug_info0:
  46 0000 DF040000 		.4byte	0x4df
  47 0004 0400     		.2byte	0x4
  48 0006 00000000 		.4byte	.Ldebug_abbrev0
  49 000a 04       		.byte	0x4
  50 000b 01       		.uleb128 0x1
  51 000c 52090000 		.4byte	.LASF183
  52 0010 0C       		.byte	0xc
  53 0011 9F0D0000 		.4byte	.LASF184
  54 0015 2B0B0000 		.4byte	.LASF185
  55 0019 00000000 		.4byte	.Ldebug_line0
  56 001d 02       		.uleb128 0x2
  57 001e 02       		.byte	0x2
ARM GAS  C:\Users\salaz\AppData\Local\Temp\ccVCSl9p.s 			page 2


  58 001f DE030000 		.4byte	0x3de
  59 0023 01       		.byte	0x1
  60 0024 24       		.byte	0x24
  61 0025 DE030000 		.4byte	0x3de
  62 0029 03       		.uleb128 0x3
  63 002a 3A020000 		.4byte	.LASF0
  64 002e 71       		.sleb128 -15
  65 002f 03       		.uleb128 0x3
  66 0030 540E0000 		.4byte	.LASF1
  67 0034 72       		.sleb128 -14
  68 0035 03       		.uleb128 0x3
  69 0036 BE0E0000 		.4byte	.LASF2
  70 003a 73       		.sleb128 -13
  71 003b 03       		.uleb128 0x3
  72 003c 770A0000 		.4byte	.LASF3
  73 0040 74       		.sleb128 -12
  74 0041 03       		.uleb128 0x3
  75 0042 E0040000 		.4byte	.LASF4
  76 0046 75       		.sleb128 -11
  77 0047 03       		.uleb128 0x3
  78 0048 0E0D0000 		.4byte	.LASF5
  79 004c 76       		.sleb128 -10
  80 004d 03       		.uleb128 0x3
  81 004e 8B060000 		.4byte	.LASF6
  82 0052 7B       		.sleb128 -5
  83 0053 03       		.uleb128 0x3
  84 0054 E90E0000 		.4byte	.LASF7
  85 0058 7C       		.sleb128 -4
  86 0059 03       		.uleb128 0x3
  87 005a 1D0E0000 		.4byte	.LASF8
  88 005e 7E       		.sleb128 -2
  89 005f 03       		.uleb128 0x3
  90 0060 80070000 		.4byte	.LASF9
  91 0064 7F       		.sleb128 -1
  92 0065 04       		.uleb128 0x4
  93 0066 B3010000 		.4byte	.LASF10
  94 006a 00       		.byte	0
  95 006b 04       		.uleb128 0x4
  96 006c A20E0000 		.4byte	.LASF11
  97 0070 01       		.byte	0x1
  98 0071 04       		.uleb128 0x4
  99 0072 1B000000 		.4byte	.LASF12
 100 0076 02       		.byte	0x2
 101 0077 04       		.uleb128 0x4
 102 0078 E90D0000 		.4byte	.LASF13
 103 007c 03       		.byte	0x3
 104 007d 04       		.uleb128 0x4
 105 007e E50F0000 		.4byte	.LASF14
 106 0082 04       		.byte	0x4
 107 0083 04       		.uleb128 0x4
 108 0084 63050000 		.4byte	.LASF15
 109 0088 05       		.byte	0x5
 110 0089 04       		.uleb128 0x4
 111 008a 31070000 		.4byte	.LASF16
 112 008e 06       		.byte	0x6
 113 008f 04       		.uleb128 0x4
 114 0090 19090000 		.4byte	.LASF17
ARM GAS  C:\Users\salaz\AppData\Local\Temp\ccVCSl9p.s 			page 3


 115 0094 07       		.byte	0x7
 116 0095 04       		.uleb128 0x4
 117 0096 A1110000 		.4byte	.LASF18
 118 009a 08       		.byte	0x8
 119 009b 04       		.uleb128 0x4
 120 009c EF010000 		.4byte	.LASF19
 121 00a0 09       		.byte	0x9
 122 00a1 04       		.uleb128 0x4
 123 00a2 D30B0000 		.4byte	.LASF20
 124 00a6 0A       		.byte	0xa
 125 00a7 04       		.uleb128 0x4
 126 00a8 5A0A0000 		.4byte	.LASF21
 127 00ac 0B       		.byte	0xb
 128 00ad 04       		.uleb128 0x4
 129 00ae 15100000 		.4byte	.LASF22
 130 00b2 0C       		.byte	0xc
 131 00b3 04       		.uleb128 0x4
 132 00b4 B1050000 		.4byte	.LASF23
 133 00b8 0D       		.byte	0xd
 134 00b9 04       		.uleb128 0x4
 135 00ba 63070000 		.4byte	.LASF24
 136 00be 0E       		.byte	0xe
 137 00bf 04       		.uleb128 0x4
 138 00c0 02040000 		.4byte	.LASF25
 139 00c4 0F       		.byte	0xf
 140 00c5 04       		.uleb128 0x4
 141 00c6 82100000 		.4byte	.LASF26
 142 00ca 10       		.byte	0x10
 143 00cb 04       		.uleb128 0x4
 144 00cc FF020000 		.4byte	.LASF27
 145 00d0 11       		.byte	0x11
 146 00d1 04       		.uleb128 0x4
 147 00d2 7A000000 		.4byte	.LASF28
 148 00d6 12       		.byte	0x12
 149 00d7 04       		.uleb128 0x4
 150 00d8 1B040000 		.4byte	.LASF29
 151 00dc 13       		.byte	0x13
 152 00dd 04       		.uleb128 0x4
 153 00de 18060000 		.4byte	.LASF30
 154 00e2 14       		.byte	0x14
 155 00e3 04       		.uleb128 0x4
 156 00e4 EA100000 		.4byte	.LASF31
 157 00e8 15       		.byte	0x15
 158 00e9 04       		.uleb128 0x4
 159 00ea 66000000 		.4byte	.LASF32
 160 00ee 16       		.byte	0x16
 161 00ef 04       		.uleb128 0x4
 162 00f0 B4100000 		.4byte	.LASF33
 163 00f4 17       		.byte	0x17
 164 00f5 04       		.uleb128 0x4
 165 00f6 C2000000 		.4byte	.LASF34
 166 00fa 18       		.byte	0x18
 167 00fb 04       		.uleb128 0x4
 168 00fc 0E0F0000 		.4byte	.LASF35
 169 0100 19       		.byte	0x19
 170 0101 04       		.uleb128 0x4
 171 0102 C4060000 		.4byte	.LASF36
ARM GAS  C:\Users\salaz\AppData\Local\Temp\ccVCSl9p.s 			page 4


 172 0106 1A       		.byte	0x1a
 173 0107 04       		.uleb128 0x4
 174 0108 9B080000 		.4byte	.LASF37
 175 010c 1B       		.byte	0x1b
 176 010d 04       		.uleb128 0x4
 177 010e 9D0B0000 		.4byte	.LASF38
 178 0112 1C       		.byte	0x1c
 179 0113 04       		.uleb128 0x4
 180 0114 1C010000 		.4byte	.LASF39
 181 0118 1D       		.byte	0x1d
 182 0119 04       		.uleb128 0x4
 183 011a 52030000 		.4byte	.LASF40
 184 011e 1E       		.byte	0x1e
 185 011f 04       		.uleb128 0x4
 186 0120 7F050000 		.4byte	.LASF41
 187 0124 1F       		.byte	0x1f
 188 0125 04       		.uleb128 0x4
 189 0126 1E0D0000 		.4byte	.LASF42
 190 012a 20       		.byte	0x20
 191 012b 04       		.uleb128 0x4
 192 012c 5F0F0000 		.4byte	.LASF43
 193 0130 21       		.byte	0x21
 194 0131 04       		.uleb128 0x4
 195 0132 BD110000 		.4byte	.LASF44
 196 0136 22       		.byte	0x22
 197 0137 04       		.uleb128 0x4
 198 0138 05110000 		.4byte	.LASF45
 199 013c 23       		.byte	0x23
 200 013d 04       		.uleb128 0x4
 201 013e 38010000 		.4byte	.LASF46
 202 0142 24       		.byte	0x24
 203 0143 04       		.uleb128 0x4
 204 0144 8A030000 		.4byte	.LASF47
 205 0148 25       		.byte	0x25
 206 0149 04       		.uleb128 0x4
 207 014a EF110000 		.4byte	.LASF48
 208 014e 26       		.byte	0x26
 209 014f 04       		.uleb128 0x4
 210 0150 560D0000 		.4byte	.LASF49
 211 0154 27       		.byte	0x27
 212 0155 04       		.uleb128 0x4
 213 0156 970F0000 		.4byte	.LASF50
 214 015a 28       		.byte	0x28
 215 015b 04       		.uleb128 0x4
 216 015c ED000000 		.4byte	.LASF51
 217 0160 29       		.byte	0x29
 218 0161 04       		.uleb128 0x4
 219 0162 EE040000 		.4byte	.LASF52
 220 0166 2A       		.byte	0x2a
 221 0167 04       		.uleb128 0x4
 222 0168 31050000 		.4byte	.LASF53
 223 016c 2B       		.byte	0x2b
 224 016d 04       		.uleb128 0x4
 225 016e 290E0000 		.4byte	.LASF54
 226 0172 2C       		.byte	0x2c
 227 0173 04       		.uleb128 0x4
 228 0174 04090000 		.4byte	.LASF55
ARM GAS  C:\Users\salaz\AppData\Local\Temp\ccVCSl9p.s 			page 5


 229 0178 2D       		.byte	0x2d
 230 0179 04       		.uleb128 0x4
 231 017a 37000000 		.4byte	.LASF56
 232 017e 2E       		.byte	0x2e
 233 017f 04       		.uleb128 0x4
 234 0180 8D0E0000 		.4byte	.LASF57
 235 0184 2F       		.byte	0x2f
 236 0185 04       		.uleb128 0x4
 237 0186 A6040000 		.4byte	.LASF58
 238 018a 30       		.byte	0x30
 239 018b 04       		.uleb128 0x4
 240 018c FB0E0000 		.4byte	.LASF59
 241 0190 31       		.byte	0x31
 242 0191 04       		.uleb128 0x4
 243 0192 66100000 		.4byte	.LASF60
 244 0196 32       		.byte	0x32
 245 0197 04       		.uleb128 0x4
 246 0198 8F000000 		.4byte	.LASF61
 247 019c 33       		.byte	0x33
 248 019d 04       		.uleb128 0x4
 249 019e CC020000 		.4byte	.LASF62
 250 01a2 34       		.byte	0x34
 251 01a3 04       		.uleb128 0x4
 252 01a4 3E0A0000 		.4byte	.LASF63
 253 01a8 35       		.byte	0x35
 254 01a9 04       		.uleb128 0x4
 255 01aa E6030000 		.4byte	.LASF64
 256 01ae 36       		.byte	0x36
 257 01af 04       		.uleb128 0x4
 258 01b0 CD0E0000 		.4byte	.LASF65
 259 01b4 37       		.byte	0x37
 260 01b5 04       		.uleb128 0x4
 261 01b6 59040000 		.4byte	.LASF66
 262 01ba 38       		.byte	0x38
 263 01bb 04       		.uleb128 0x4
 264 01bc 3E110000 		.4byte	.LASF67
 265 01c0 39       		.byte	0x39
 266 01c1 04       		.uleb128 0x4
 267 01c2 38080000 		.4byte	.LASF68
 268 01c6 3A       		.byte	0x3a
 269 01c7 04       		.uleb128 0x4
 270 01c8 0F0B0000 		.4byte	.LASF69
 271 01cc 3B       		.byte	0x3b
 272 01cd 04       		.uleb128 0x4
 273 01ce 64080000 		.4byte	.LASF70
 274 01d2 3C       		.byte	0x3c
 275 01d3 04       		.uleb128 0x4
 276 01d4 660B0000 		.4byte	.LASF71
 277 01d8 3D       		.byte	0x3d
 278 01d9 04       		.uleb128 0x4
 279 01da CC0D0000 		.4byte	.LASF72
 280 01de 3E       		.byte	0x3e
 281 01df 04       		.uleb128 0x4
 282 01e0 35090000 		.4byte	.LASF73
 283 01e4 3F       		.byte	0x3f
 284 01e5 04       		.uleb128 0x4
 285 01e6 46050000 		.4byte	.LASF74
ARM GAS  C:\Users\salaz\AppData\Local\Temp\ccVCSl9p.s 			page 6


 286 01ea 40       		.byte	0x40
 287 01eb 04       		.uleb128 0x4
 288 01ec 14070000 		.4byte	.LASF75
 289 01f0 41       		.byte	0x41
 290 01f1 04       		.uleb128 0x4
 291 01f2 DC0A0000 		.4byte	.LASF76
 292 01f6 42       		.byte	0x42
 293 01f7 04       		.uleb128 0x4
 294 01f8 3A0D0000 		.4byte	.LASF77
 295 01fc 43       		.byte	0x43
 296 01fd 04       		.uleb128 0x4
 297 01fe 7B0F0000 		.4byte	.LASF78
 298 0202 44       		.byte	0x44
 299 0203 04       		.uleb128 0x4
 300 0204 5C0C0000 		.4byte	.LASF79
 301 0208 45       		.byte	0x45
 302 0209 04       		.uleb128 0x4
 303 020a E0060000 		.4byte	.LASF80
 304 020e 46       		.byte	0x46
 305 020f 04       		.uleb128 0x4
 306 0210 B7080000 		.4byte	.LASF81
 307 0214 47       		.byte	0x47
 308 0215 04       		.uleb128 0x4
 309 0216 22110000 		.4byte	.LASF82
 310 021a 48       		.byte	0x48
 311 021b 04       		.uleb128 0x4
 312 021c 6E030000 		.4byte	.LASF83
 313 0220 49       		.byte	0x49
 314 0221 04       		.uleb128 0x4
 315 0222 A7030000 		.4byte	.LASF84
 316 0226 4A       		.byte	0x4a
 317 0227 04       		.uleb128 0x4
 318 0228 B0020000 		.4byte	.LASF85
 319 022c 4B       		.byte	0x4b
 320 022d 04       		.uleb128 0x4
 321 022e CD100000 		.4byte	.LASF86
 322 0232 4C       		.byte	0x4c
 323 0233 04       		.uleb128 0x4
 324 0234 920C0000 		.4byte	.LASF87
 325 0238 4D       		.byte	0x4d
 326 0239 04       		.uleb128 0x4
 327 023a 49100000 		.4byte	.LASF88
 328 023e 4E       		.byte	0x4e
 329 023f 04       		.uleb128 0x4
 330 0240 E9050000 		.4byte	.LASF89
 331 0244 4F       		.byte	0x4f
 332 0245 04       		.uleb128 0x4
 333 0246 8D070000 		.4byte	.LASF90
 334 024a 50       		.byte	0x50
 335 024b 04       		.uleb128 0x4
 336 024c 050A0000 		.4byte	.LASF91
 337 0250 51       		.byte	0x51
 338 0251 04       		.uleb128 0x4
 339 0252 6D060000 		.4byte	.LASF92
 340 0256 52       		.byte	0x52
 341 0257 04       		.uleb128 0x4
 342 0258 FA070000 		.4byte	.LASF93
ARM GAS  C:\Users\salaz\AppData\Local\Temp\ccVCSl9p.s 			page 7


 343 025c 53       		.byte	0x53
 344 025d 04       		.uleb128 0x4
 345 025e 60020000 		.4byte	.LASF94
 346 0262 54       		.byte	0x54
 347 0263 04       		.uleb128 0x4
 348 0264 FC060000 		.4byte	.LASF95
 349 0268 55       		.byte	0x55
 350 0269 04       		.uleb128 0x4
 351 026a 81110000 		.4byte	.LASF96
 352 026e 56       		.byte	0x56
 353 026f 04       		.uleb128 0x4
 354 0270 CF010000 		.4byte	.LASF97
 355 0274 57       		.byte	0x57
 356 0275 04       		.uleb128 0x4
 357 0276 210C0000 		.4byte	.LASF98
 358 027a 58       		.byte	0x58
 359 027b 04       		.uleb128 0x4
 360 027c 75040000 		.4byte	.LASF99
 361 0280 59       		.byte	0x59
 362 0281 04       		.uleb128 0x4
 363 0282 9A100000 		.4byte	.LASF100
 364 0286 5A       		.byte	0x5a
 365 0287 04       		.uleb128 0x4
 366 0288 3C060000 		.4byte	.LASF101
 367 028c 5B       		.byte	0x5b
 368 028d 04       		.uleb128 0x4
 369 028e C5070000 		.4byte	.LASF102
 370 0292 5C       		.byte	0x5c
 371 0293 04       		.uleb128 0x4
 372 0294 8D0A0000 		.4byte	.LASF103
 373 0298 5D       		.byte	0x5d
 374 0299 04       		.uleb128 0x4
 375 029a 4C000000 		.4byte	.LASF104
 376 029e 5E       		.byte	0x5e
 377 029f 04       		.uleb128 0x4
 378 02a0 96020000 		.4byte	.LASF105
 379 02a4 5F       		.byte	0x5f
 380 02a5 04       		.uleb128 0x4
 381 02a6 BB040000 		.4byte	.LASF106
 382 02aa 60       		.byte	0x60
 383 02ab 04       		.uleb128 0x4
 384 02ac 780C0000 		.4byte	.LASF107
 385 02b0 61       		.byte	0x61
 386 02b1 04       		.uleb128 0x4
 387 02b2 15030000 		.4byte	.LASF108
 388 02b6 62       		.byte	0x62
 389 02b7 04       		.uleb128 0x4
 390 02b8 C20A0000 		.4byte	.LASF109
 391 02bc 63       		.byte	0x63
 392 02bd 04       		.uleb128 0x4
 393 02be F40C0000 		.4byte	.LASF110
 394 02c2 64       		.byte	0x64
 395 02c3 04       		.uleb128 0x4
 396 02c4 450F0000 		.4byte	.LASF111
 397 02c8 65       		.byte	0x65
 398 02c9 04       		.uleb128 0x4
 399 02ca 67110000 		.4byte	.LASF112
ARM GAS  C:\Users\salaz\AppData\Local\Temp\ccVCSl9p.s 			page 8


 400 02ce 66       		.byte	0x66
 401 02cf 04       		.uleb128 0x4
 402 02d0 AA060000 		.4byte	.LASF113
 403 02d4 67       		.byte	0x67
 404 02d5 04       		.uleb128 0x4
 405 02d6 81080000 		.4byte	.LASF114
 406 02da 68       		.byte	0x68
 407 02db 04       		.uleb128 0x4
 408 02dc 830B0000 		.4byte	.LASF115
 409 02e0 69       		.byte	0x69
 410 02e1 04       		.uleb128 0x4
 411 02e2 02010000 		.4byte	.LASF116
 412 02e6 6A       		.byte	0x6a
 413 02e7 04       		.uleb128 0x4
 414 02e8 38030000 		.4byte	.LASF117
 415 02ec 6B       		.byte	0x6b
 416 02ed 04       		.uleb128 0x4
 417 02ee 98010000 		.4byte	.LASF118
 418 02f2 6C       		.byte	0x6c
 419 02f3 04       		.uleb128 0x4
 420 02f4 CB030000 		.4byte	.LASF119
 421 02f8 6D       		.byte	0x6d
 422 02f9 04       		.uleb128 0x4
 423 02fa CE050000 		.4byte	.LASF120
 424 02fe 6E       		.byte	0x6e
 425 02ff 04       		.uleb128 0x4
 426 0300 DF070000 		.4byte	.LASF121
 427 0304 6F       		.byte	0x6f
 428 0305 04       		.uleb128 0x4
 429 0306 CA0F0000 		.4byte	.LASF122
 430 030a 70       		.byte	0x70
 431 030b 04       		.uleb128 0x4
 432 030c 00000000 		.4byte	.LASF123
 433 0310 71       		.byte	0x71
 434 0311 04       		.uleb128 0x4
 435 0312 45020000 		.4byte	.LASF124
 436 0316 72       		.byte	0x72
 437 0317 04       		.uleb128 0x4
 438 0318 E9080000 		.4byte	.LASF125
 439 031c 73       		.byte	0x73
 440 031d 04       		.uleb128 0x4
 441 031e 410C0000 		.4byte	.LASF126
 442 0322 74       		.byte	0x74
 443 0323 04       		.uleb128 0x4
 444 0324 720E0000 		.4byte	.LASF127
 445 0328 75       		.byte	0x75
 446 0329 04       		.uleb128 0x4
 447 032a A70A0000 		.4byte	.LASF128
 448 032e 76       		.byte	0x76
 449 032f 04       		.uleb128 0x4
 450 0330 D00C0000 		.4byte	.LASF129
 451 0334 77       		.byte	0x77
 452 0335 04       		.uleb128 0x4
 453 0336 2A0F0000 		.4byte	.LASF130
 454 033a 78       		.byte	0x78
 455 033b 04       		.uleb128 0x4
 456 033c AA070000 		.4byte	.LASF131
ARM GAS  C:\Users\salaz\AppData\Local\Temp\ccVCSl9p.s 			page 9


 457 0340 79       		.byte	0x79
 458 0341 04       		.uleb128 0x4
 459 0342 55010000 		.4byte	.LASF132
 460 0346 7A       		.byte	0x7a
 461 0347 04       		.uleb128 0x4
 462 0348 D7000000 		.4byte	.LASF133
 463 034c 7B       		.byte	0x7b
 464 034d 04       		.uleb128 0x4
 465 034e 9B050000 		.4byte	.LASF134
 466 0352 7C       		.byte	0x7c
 467 0353 04       		.uleb128 0x4
 468 0354 4D070000 		.4byte	.LASF135
 469 0358 7D       		.byte	0x7d
 470 0359 04       		.uleb128 0x4
 471 035a B40F0000 		.4byte	.LASF136
 472 035e 7E       		.byte	0x7e
 473 035f 04       		.uleb128 0x4
 474 0360 D9110000 		.4byte	.LASF137
 475 0364 7F       		.byte	0x7f
 476 0365 04       		.uleb128 0x4
 477 0366 24020000 		.4byte	.LASF138
 478 036a 80       		.byte	0x80
 479 036b 04       		.uleb128 0x4
 480 036c D3080000 		.4byte	.LASF139
 481 0370 81       		.byte	0x81
 482 0371 04       		.uleb128 0x4
 483 0372 F00B0000 		.4byte	.LASF140
 484 0376 82       		.byte	0x82
 485 0377 04       		.uleb128 0x4
 486 0378 3E0E0000 		.4byte	.LASF141
 487 037c 83       		.byte	0x83
 488 037d 04       		.uleb128 0x4
 489 037e 21080000 		.4byte	.LASF142
 490 0382 84       		.byte	0x84
 491 0383 04       		.uleb128 0x4
 492 0384 F80A0000 		.4byte	.LASF143
 493 0388 85       		.byte	0x85
 494 0389 04       		.uleb128 0x4
 495 038a AB000000 		.4byte	.LASF144
 496 038e 86       		.byte	0x86
 497 038f 04       		.uleb128 0x4
 498 0390 E8020000 		.4byte	.LASF145
 499 0394 87       		.byte	0x87
 500 0395 04       		.uleb128 0x4
 501 0396 03050000 		.4byte	.LASF146
 502 039a 88       		.byte	0x88
 503 039b 04       		.uleb128 0x4
 504 039c AF0C0000 		.4byte	.LASF147
 505 03a0 89       		.byte	0x89
 506 03a1 04       		.uleb128 0x4
 507 03a2 050E0000 		.4byte	.LASF148
 508 03a6 8A       		.byte	0x8a
 509 03a7 04       		.uleb128 0x4
 510 03a8 3E040000 		.4byte	.LASF149
 511 03ac 8B       		.byte	0x8b
 512 03ad 04       		.uleb128 0x4
 513 03ae 730D0000 		.4byte	.LASF150
ARM GAS  C:\Users\salaz\AppData\Local\Temp\ccVCSl9p.s 			page 10


 514 03b2 8C       		.byte	0x8c
 515 03b3 04       		.uleb128 0x4
 516 03b4 32100000 		.4byte	.LASF151
 517 03b8 8D       		.byte	0x8d
 518 03b9 04       		.uleb128 0x4
 519 03ba 01100000 		.4byte	.LASF152
 520 03be 8E       		.byte	0x8e
 521 03bf 04       		.uleb128 0x4
 522 03c0 220A0000 		.4byte	.LASF153
 523 03c4 8F       		.byte	0x8f
 524 03c5 04       		.uleb128 0x4
 525 03c6 56060000 		.4byte	.LASF154
 526 03ca 90       		.byte	0x90
 527 03cb 04       		.uleb128 0x4
 528 03cc 82010000 		.4byte	.LASF155
 529 03d0 91       		.byte	0x91
 530 03d1 04       		.uleb128 0x4
 531 03d2 0B020000 		.4byte	.LASF156
 532 03d6 92       		.byte	0x92
 533 03d7 04       		.uleb128 0x4
 534 03d8 060C0000 		.4byte	.LASF157
 535 03dc F0       		.byte	0xf0
 536 03dd 00       		.byte	0
 537 03de 05       		.uleb128 0x5
 538 03df 02       		.byte	0x2
 539 03e0 05       		.byte	0x5
 540 03e1 170C0000 		.4byte	.LASF158
 541 03e5 06       		.uleb128 0x6
 542 03e6 C60C0000 		.4byte	.LASF162
 543 03ea 01       		.byte	0x1
 544 03eb F4       		.byte	0xf4
 545 03ec 1D000000 		.4byte	0x1d
 546 03f0 05       		.uleb128 0x5
 547 03f1 01       		.byte	0x1
 548 03f2 06       		.byte	0x6
 549 03f3 8A020000 		.4byte	.LASF159
 550 03f7 05       		.uleb128 0x5
 551 03f8 01       		.byte	0x1
 552 03f9 08       		.byte	0x8
 553 03fa 580B0000 		.4byte	.LASF160
 554 03fe 05       		.uleb128 0x5
 555 03ff 02       		.byte	0x2
 556 0400 07       		.byte	0x7
 557 0401 97060000 		.4byte	.LASF161
 558 0405 06       		.uleb128 0x6
 559 0406 680E0000 		.4byte	.LASF163
 560 040a 02       		.byte	0x2
 561 040b 3F       		.byte	0x3f
 562 040c 10040000 		.4byte	0x410
 563 0410 05       		.uleb128 0x5
 564 0411 04       		.byte	0x4
 565 0412 05       		.byte	0x5
 566 0413 2F030000 		.4byte	.LASF164
 567 0417 06       		.uleb128 0x6
 568 0418 D5040000 		.4byte	.LASF165
 569 041c 02       		.byte	0x2
 570 041d 41       		.byte	0x41
ARM GAS  C:\Users\salaz\AppData\Local\Temp\ccVCSl9p.s 			page 11


 571 041e 22040000 		.4byte	0x422
 572 0422 05       		.uleb128 0x5
 573 0423 04       		.byte	0x4
 574 0424 07       		.byte	0x7
 575 0425 06060000 		.4byte	.LASF166
 576 0429 05       		.uleb128 0x5
 577 042a 08       		.byte	0x8
 578 042b 05       		.byte	0x5
 579 042c 7C020000 		.4byte	.LASF167
 580 0430 05       		.uleb128 0x5
 581 0431 08       		.byte	0x8
 582 0432 07       		.byte	0x7
 583 0433 6B010000 		.4byte	.LASF168
 584 0437 07       		.uleb128 0x7
 585 0438 04       		.byte	0x4
 586 0439 05       		.byte	0x5
 587 043a 696E7400 		.ascii	"int\000"
 588 043e 05       		.uleb128 0x5
 589 043f 04       		.byte	0x4
 590 0440 07       		.byte	0x7
 591 0441 C60B0000 		.4byte	.LASF169
 592 0445 06       		.uleb128 0x6
 593 0446 34060000 		.4byte	.LASF170
 594 044a 03       		.byte	0x3
 595 044b 2C       		.byte	0x2c
 596 044c 05040000 		.4byte	0x405
 597 0450 06       		.uleb128 0x6
 598 0451 EB0C0000 		.4byte	.LASF171
 599 0455 03       		.byte	0x3
 600 0456 30       		.byte	0x30
 601 0457 17040000 		.4byte	0x417
 602 045b 05       		.uleb128 0x5
 603 045c 04       		.byte	0x4
 604 045d 07       		.byte	0x7
 605 045e 18080000 		.4byte	.LASF172
 606 0462 05       		.uleb128 0x5
 607 0463 08       		.byte	0x8
 608 0464 04       		.byte	0x4
 609 0465 8E0D0000 		.4byte	.LASF173
 610 0469 05       		.uleb128 0x5
 611 046a 01       		.byte	0x1
 612 046b 08       		.byte	0x8
 613 046c 9A0D0000 		.4byte	.LASF174
 614 0470 05       		.uleb128 0x5
 615 0471 04       		.byte	0x4
 616 0472 04       		.byte	0x4
 617 0473 380A0000 		.4byte	.LASF175
 618 0477 05       		.uleb128 0x5
 619 0478 08       		.byte	0x8
 620 0479 04       		.byte	0x4
 621 047a 37040000 		.4byte	.LASF176
 622 047e 08       		.uleb128 0x8
 623 047f 08       		.byte	0x8
 624 0480 04       		.byte	0x4
 625 0481 EB       		.byte	0xeb
 626 0482 9F040000 		.4byte	0x49f
 627 0486 09       		.uleb128 0x9
ARM GAS  C:\Users\salaz\AppData\Local\Temp\ccVCSl9p.s 			page 12


 628 0487 C3030000 		.4byte	.LASF177
 629 048b 04       		.byte	0x4
 630 048c EC       		.byte	0xec
 631 048d E5030000 		.4byte	0x3e5
 632 0491 00       		.byte	0
 633 0492 09       		.uleb128 0x9
 634 0493 5A110000 		.4byte	.LASF178
 635 0497 04       		.byte	0x4
 636 0498 F0       		.byte	0xf0
 637 0499 50040000 		.4byte	0x450
 638 049d 04       		.byte	0x4
 639 049e 00       		.byte	0
 640 049f 06       		.uleb128 0x6
 641 04a0 54080000 		.4byte	.LASF179
 642 04a4 04       		.byte	0x4
 643 04a5 F1       		.byte	0xf1
 644 04a6 7E040000 		.4byte	0x47e
 645 04aa 0A       		.uleb128 0xa
 646 04ab B90B0000 		.4byte	.LASF180
 647 04af 05       		.byte	0x5
 648 04b0 EA07     		.2byte	0x7ea
 649 04b2 B6040000 		.4byte	0x4b6
 650 04b6 0B       		.uleb128 0xb
 651 04b7 45040000 		.4byte	0x445
 652 04bb 0C       		.uleb128 0xc
 653 04bc 95040000 		.4byte	.LASF181
 654 04c0 06       		.byte	0x6
 655 04c1 18       		.byte	0x18
 656 04c2 CC040000 		.4byte	0x4cc
 657 04c6 05       		.uleb128 0x5
 658 04c7 03       		.byte	0x3
 659 04c8 00000000 		.4byte	UART_SCB_IRQ_cfg
 660 04cc 0D       		.uleb128 0xd
 661 04cd 9F040000 		.4byte	0x49f
 662 04d1 0C       		.uleb128 0xc
 663 04d2 1A050000 		.4byte	.LASF182
 664 04d6 06       		.byte	0x6
 665 04d7 1E       		.byte	0x1e
 666 04d8 CC040000 		.4byte	0x4cc
 667 04dc 05       		.uleb128 0x5
 668 04dd 03       		.byte	0x3
 669 04de 00000000 		.4byte	UART_DEBUG_SCB_IRQ_cfg
 670 04e2 00       		.byte	0
 671              		.section	.debug_abbrev,"",%progbits
 672              	.Ldebug_abbrev0:
 673 0000 01       		.uleb128 0x1
 674 0001 11       		.uleb128 0x11
 675 0002 01       		.byte	0x1
 676 0003 25       		.uleb128 0x25
 677 0004 0E       		.uleb128 0xe
 678 0005 13       		.uleb128 0x13
 679 0006 0B       		.uleb128 0xb
 680 0007 03       		.uleb128 0x3
 681 0008 0E       		.uleb128 0xe
 682 0009 1B       		.uleb128 0x1b
 683 000a 0E       		.uleb128 0xe
 684 000b 10       		.uleb128 0x10
ARM GAS  C:\Users\salaz\AppData\Local\Temp\ccVCSl9p.s 			page 13


 685 000c 17       		.uleb128 0x17
 686 000d 00       		.byte	0
 687 000e 00       		.byte	0
 688 000f 02       		.uleb128 0x2
 689 0010 04       		.uleb128 0x4
 690 0011 01       		.byte	0x1
 691 0012 0B       		.uleb128 0xb
 692 0013 0B       		.uleb128 0xb
 693 0014 49       		.uleb128 0x49
 694 0015 13       		.uleb128 0x13
 695 0016 3A       		.uleb128 0x3a
 696 0017 0B       		.uleb128 0xb
 697 0018 3B       		.uleb128 0x3b
 698 0019 0B       		.uleb128 0xb
 699 001a 01       		.uleb128 0x1
 700 001b 13       		.uleb128 0x13
 701 001c 00       		.byte	0
 702 001d 00       		.byte	0
 703 001e 03       		.uleb128 0x3
 704 001f 28       		.uleb128 0x28
 705 0020 00       		.byte	0
 706 0021 03       		.uleb128 0x3
 707 0022 0E       		.uleb128 0xe
 708 0023 1C       		.uleb128 0x1c
 709 0024 0D       		.uleb128 0xd
 710 0025 00       		.byte	0
 711 0026 00       		.byte	0
 712 0027 04       		.uleb128 0x4
 713 0028 28       		.uleb128 0x28
 714 0029 00       		.byte	0
 715 002a 03       		.uleb128 0x3
 716 002b 0E       		.uleb128 0xe
 717 002c 1C       		.uleb128 0x1c
 718 002d 0B       		.uleb128 0xb
 719 002e 00       		.byte	0
 720 002f 00       		.byte	0
 721 0030 05       		.uleb128 0x5
 722 0031 24       		.uleb128 0x24
 723 0032 00       		.byte	0
 724 0033 0B       		.uleb128 0xb
 725 0034 0B       		.uleb128 0xb
 726 0035 3E       		.uleb128 0x3e
 727 0036 0B       		.uleb128 0xb
 728 0037 03       		.uleb128 0x3
 729 0038 0E       		.uleb128 0xe
 730 0039 00       		.byte	0
 731 003a 00       		.byte	0
 732 003b 06       		.uleb128 0x6
 733 003c 16       		.uleb128 0x16
 734 003d 00       		.byte	0
 735 003e 03       		.uleb128 0x3
 736 003f 0E       		.uleb128 0xe
 737 0040 3A       		.uleb128 0x3a
 738 0041 0B       		.uleb128 0xb
 739 0042 3B       		.uleb128 0x3b
 740 0043 0B       		.uleb128 0xb
 741 0044 49       		.uleb128 0x49
ARM GAS  C:\Users\salaz\AppData\Local\Temp\ccVCSl9p.s 			page 14


 742 0045 13       		.uleb128 0x13
 743 0046 00       		.byte	0
 744 0047 00       		.byte	0
 745 0048 07       		.uleb128 0x7
 746 0049 24       		.uleb128 0x24
 747 004a 00       		.byte	0
 748 004b 0B       		.uleb128 0xb
 749 004c 0B       		.uleb128 0xb
 750 004d 3E       		.uleb128 0x3e
 751 004e 0B       		.uleb128 0xb
 752 004f 03       		.uleb128 0x3
 753 0050 08       		.uleb128 0x8
 754 0051 00       		.byte	0
 755 0052 00       		.byte	0
 756 0053 08       		.uleb128 0x8
 757 0054 13       		.uleb128 0x13
 758 0055 01       		.byte	0x1
 759 0056 0B       		.uleb128 0xb
 760 0057 0B       		.uleb128 0xb
 761 0058 3A       		.uleb128 0x3a
 762 0059 0B       		.uleb128 0xb
 763 005a 3B       		.uleb128 0x3b
 764 005b 0B       		.uleb128 0xb
 765 005c 01       		.uleb128 0x1
 766 005d 13       		.uleb128 0x13
 767 005e 00       		.byte	0
 768 005f 00       		.byte	0
 769 0060 09       		.uleb128 0x9
 770 0061 0D       		.uleb128 0xd
 771 0062 00       		.byte	0
 772 0063 03       		.uleb128 0x3
 773 0064 0E       		.uleb128 0xe
 774 0065 3A       		.uleb128 0x3a
 775 0066 0B       		.uleb128 0xb
 776 0067 3B       		.uleb128 0x3b
 777 0068 0B       		.uleb128 0xb
 778 0069 49       		.uleb128 0x49
 779 006a 13       		.uleb128 0x13
 780 006b 38       		.uleb128 0x38
 781 006c 0B       		.uleb128 0xb
 782 006d 00       		.byte	0
 783 006e 00       		.byte	0
 784 006f 0A       		.uleb128 0xa
 785 0070 34       		.uleb128 0x34
 786 0071 00       		.byte	0
 787 0072 03       		.uleb128 0x3
 788 0073 0E       		.uleb128 0xe
 789 0074 3A       		.uleb128 0x3a
 790 0075 0B       		.uleb128 0xb
 791 0076 3B       		.uleb128 0x3b
 792 0077 05       		.uleb128 0x5
 793 0078 49       		.uleb128 0x49
 794 0079 13       		.uleb128 0x13
 795 007a 3F       		.uleb128 0x3f
 796 007b 19       		.uleb128 0x19
 797 007c 3C       		.uleb128 0x3c
 798 007d 19       		.uleb128 0x19
ARM GAS  C:\Users\salaz\AppData\Local\Temp\ccVCSl9p.s 			page 15


 799 007e 00       		.byte	0
 800 007f 00       		.byte	0
 801 0080 0B       		.uleb128 0xb
 802 0081 35       		.uleb128 0x35
 803 0082 00       		.byte	0
 804 0083 49       		.uleb128 0x49
 805 0084 13       		.uleb128 0x13
 806 0085 00       		.byte	0
 807 0086 00       		.byte	0
 808 0087 0C       		.uleb128 0xc
 809 0088 34       		.uleb128 0x34
 810 0089 00       		.byte	0
 811 008a 03       		.uleb128 0x3
 812 008b 0E       		.uleb128 0xe
 813 008c 3A       		.uleb128 0x3a
 814 008d 0B       		.uleb128 0xb
 815 008e 3B       		.uleb128 0x3b
 816 008f 0B       		.uleb128 0xb
 817 0090 49       		.uleb128 0x49
 818 0091 13       		.uleb128 0x13
 819 0092 3F       		.uleb128 0x3f
 820 0093 19       		.uleb128 0x19
 821 0094 02       		.uleb128 0x2
 822 0095 18       		.uleb128 0x18
 823 0096 00       		.byte	0
 824 0097 00       		.byte	0
 825 0098 0D       		.uleb128 0xd
 826 0099 26       		.uleb128 0x26
 827 009a 00       		.byte	0
 828 009b 49       		.uleb128 0x49
 829 009c 13       		.uleb128 0x13
 830 009d 00       		.byte	0
 831 009e 00       		.byte	0
 832 009f 00       		.byte	0
 833              		.section	.debug_aranges,"",%progbits
 834 0000 14000000 		.4byte	0x14
 835 0004 0200     		.2byte	0x2
 836 0006 00000000 		.4byte	.Ldebug_info0
 837 000a 04       		.byte	0x4
 838 000b 00       		.byte	0
 839 000c 0000     		.2byte	0
 840 000e 0000     		.2byte	0
 841 0010 00000000 		.4byte	0
 842 0014 00000000 		.4byte	0
 843              		.section	.debug_line,"",%progbits
 844              	.Ldebug_line0:
 845 0000 10020000 		.section	.debug_str,"MS",%progbits,1
 845      02000A02 
 845      00000201 
 845      FB0E0D00 
 845      01010101 
 846              	.LASF123:
 847 0000 74637077 		.ascii	"tcpwm_1_interrupts_15_IRQn\000"
 847      6D5F315F 
 847      696E7465 
 847      72727570 
 847      74735F31 
ARM GAS  C:\Users\salaz\AppData\Local\Temp\ccVCSl9p.s 			page 16


 848              	.LASF12:
 849 001b 696F7373 		.ascii	"ioss_interrupts_gpio_2_IRQn\000"
 849      5F696E74 
 849      65727275 
 849      7074735F 
 849      6770696F 
 850              	.LASF56:
 851 0037 7363625F 		.ascii	"scb_5_interrupt_IRQn\000"
 851      355F696E 
 851      74657272 
 851      7570745F 
 851      4952516E 
 852              	.LASF104:
 853 004c 74637077 		.ascii	"tcpwm_0_interrupts_4_IRQn\000"
 853      6D5F305F 
 853      696E7465 
 853      72727570 
 853      74735F34 
 854              	.LASF32:
 855 0066 73727373 		.ascii	"srss_interrupt_IRQn\000"
 855      5F696E74 
 855      65727275 
 855      70745F49 
 855      52516E00 
 856              	.LASF28:
 857 007a 7363625F 		.ascii	"scb_8_interrupt_IRQn\000"
 857      385F696E 
 857      74657272 
 857      7570745F 
 857      4952516E 
 858              	.LASF61:
 859 008f 63707573 		.ascii	"cpuss_interrupts_dw0_1_IRQn\000"
 859      735F696E 
 859      74657272 
 859      75707473 
 859      5F647730 
 860              	.LASF144:
 861 00ab 7564625F 		.ascii	"udb_interrupts_12_IRQn\000"
 861      696E7465 
 861      72727570 
 861      74735F31 
 861      325F4952 
 862              	.LASF34:
 863 00c2 626C6573 		.ascii	"bless_interrupt_IRQn\000"
 863      735F696E 
 863      74657272 
 863      7570745F 
 863      4952516E 
 864              	.LASF133:
 865 00d7 7564625F 		.ascii	"udb_interrupts_1_IRQn\000"
 865      696E7465 
 865      72727570 
 865      74735F31 
 865      5F495251 
 866              	.LASF51:
 867 00ed 7363625F 		.ascii	"scb_0_interrupt_IRQn\000"
 867      305F696E 
ARM GAS  C:\Users\salaz\AppData\Local\Temp\ccVCSl9p.s 			page 17


 867      74657272 
 867      7570745F 
 867      4952516E 
 868              	.LASF116:
 869 0102 74637077 		.ascii	"tcpwm_1_interrupts_8_IRQn\000"
 869      6D5F315F 
 869      696E7465 
 869      72727570 
 869      74735F38 
 870              	.LASF39:
 871 011c 63707573 		.ascii	"cpuss_interrupts_ipc_4_IRQn\000"
 871      735F696E 
 871      74657272 
 871      75707473 
 871      5F697063 
 872              	.LASF46:
 873 0138 63707573 		.ascii	"cpuss_interrupts_ipc_11_IRQn\000"
 873      735F696E 
 873      74657272 
 873      75707473 
 873      5F697063 
 874              	.LASF132:
 875 0155 7564625F 		.ascii	"udb_interrupts_0_IRQn\000"
 875      696E7465 
 875      72727570 
 875      74735F30 
 875      5F495251 
 876              	.LASF168:
 877 016b 6C6F6E67 		.ascii	"long long unsigned int\000"
 877      206C6F6E 
 877      6720756E 
 877      7369676E 
 877      65642069 
 878              	.LASF155:
 879 0182 7573625F 		.ascii	"usb_interrupt_lo_IRQn\000"
 879      696E7465 
 879      72727570 
 879      745F6C6F 
 879      5F495251 
 880              	.LASF118:
 881 0198 74637077 		.ascii	"tcpwm_1_interrupts_10_IRQn\000"
 881      6D5F315F 
 881      696E7465 
 881      72727570 
 881      74735F31 
 882              	.LASF10:
 883 01b3 696F7373 		.ascii	"ioss_interrupts_gpio_0_IRQn\000"
 883      5F696E74 
 883      65727275 
 883      7074735F 
 883      6770696F 
 884              	.LASF97:
 885 01cf 63707573 		.ascii	"cpuss_interrupts_cm0_cti_1_IRQn\000"
 885      735F696E 
 885      74657272 
 885      75707473 
 885      5F636D30 
ARM GAS  C:\Users\salaz\AppData\Local\Temp\ccVCSl9p.s 			page 18


 886              	.LASF19:
 887 01ef 696F7373 		.ascii	"ioss_interrupts_gpio_9_IRQn\000"
 887      5F696E74 
 887      65727275 
 887      7074735F 
 887      6770696F 
 888              	.LASF156:
 889 020b 70617373 		.ascii	"pass_interrupt_dacs_IRQn\000"
 889      5F696E74 
 889      65727275 
 889      70745F64 
 889      6163735F 
 890              	.LASF138:
 891 0224 7564625F 		.ascii	"udb_interrupts_6_IRQn\000"
 891      696E7465 
 891      72727570 
 891      74735F36 
 891      5F495251 
 892              	.LASF0:
 893 023a 52657365 		.ascii	"Reset_IRQn\000"
 893      745F4952 
 893      516E00
 894              	.LASF124:
 895 0245 74637077 		.ascii	"tcpwm_1_interrupts_16_IRQn\000"
 895      6D5F315F 
 895      696E7465 
 895      72727570 
 895      74735F31 
 896              	.LASF94:
 897 0260 63707573 		.ascii	"cpuss_interrupt_crypto_IRQn\000"
 897      735F696E 
 897      74657272 
 897      7570745F 
 897      63727970 
 898              	.LASF167:
 899 027c 6C6F6E67 		.ascii	"long long int\000"
 899      206C6F6E 
 899      6720696E 
 899      7400
 900              	.LASF159:
 901 028a 7369676E 		.ascii	"signed char\000"
 901      65642063 
 901      68617200 
 902              	.LASF105:
 903 0296 74637077 		.ascii	"tcpwm_0_interrupts_5_IRQn\000"
 903      6D5F305F 
 903      696E7465 
 903      72727570 
 903      74735F35 
 904              	.LASF85:
 905 02b0 63707573 		.ascii	"cpuss_interrupts_dw1_9_IRQn\000"
 905      735F696E 
 905      74657272 
 905      75707473 
 905      5F647731 
 906              	.LASF62:
 907 02cc 63707573 		.ascii	"cpuss_interrupts_dw0_2_IRQn\000"
ARM GAS  C:\Users\salaz\AppData\Local\Temp\ccVCSl9p.s 			page 19


 907      735F696E 
 907      74657272 
 907      75707473 
 907      5F647730 
 908              	.LASF145:
 909 02e8 7564625F 		.ascii	"udb_interrupts_13_IRQn\000"
 909      696E7465 
 909      72727570 
 909      74735F31 
 909      335F4952 
 910              	.LASF27:
 911 02ff 6C70636F 		.ascii	"lpcomp_interrupt_IRQn\000"
 911      6D705F69 
 911      6E746572 
 911      72757074 
 911      5F495251 
 912              	.LASF108:
 913 0315 74637077 		.ascii	"tcpwm_1_interrupts_0_IRQn\000"
 913      6D5F315F 
 913      696E7465 
 913      72727570 
 913      74735F30 
 914              	.LASF164:
 915 032f 6C6F6E67 		.ascii	"long int\000"
 915      20696E74 
 915      00
 916              	.LASF117:
 917 0338 74637077 		.ascii	"tcpwm_1_interrupts_9_IRQn\000"
 917      6D5F315F 
 917      696E7465 
 917      72727570 
 917      74735F39 
 918              	.LASF40:
 919 0352 63707573 		.ascii	"cpuss_interrupts_ipc_5_IRQn\000"
 919      735F696E 
 919      74657272 
 919      75707473 
 919      5F697063 
 920              	.LASF83:
 921 036e 63707573 		.ascii	"cpuss_interrupts_dw1_7_IRQn\000"
 921      735F696E 
 921      74657272 
 921      75707473 
 921      5F647731 
 922              	.LASF47:
 923 038a 63707573 		.ascii	"cpuss_interrupts_ipc_12_IRQn\000"
 923      735F696E 
 923      74657272 
 923      75707473 
 923      5F697063 
 924              	.LASF84:
 925 03a7 63707573 		.ascii	"cpuss_interrupts_dw1_8_IRQn\000"
 925      735F696E 
 925      74657272 
 925      75707473 
 925      5F647731 
 926              	.LASF177:
ARM GAS  C:\Users\salaz\AppData\Local\Temp\ccVCSl9p.s 			page 20


 927 03c3 696E7472 		.ascii	"intrSrc\000"
 927      53726300 
 928              	.LASF119:
 929 03cb 74637077 		.ascii	"tcpwm_1_interrupts_11_IRQn\000"
 929      6D5F315F 
 929      696E7465 
 929      72727570 
 929      74735F31 
 930              	.LASF64:
 931 03e6 63707573 		.ascii	"cpuss_interrupts_dw0_4_IRQn\000"
 931      735F696E 
 931      74657272 
 931      75707473 
 931      5F647730 
 932              	.LASF25:
 933 0402 696F7373 		.ascii	"ioss_interrupt_gpio_IRQn\000"
 933      5F696E74 
 933      65727275 
 933      70745F67 
 933      70696F5F 
 934              	.LASF29:
 935 041b 73727373 		.ascii	"srss_interrupt_mcwdt_0_IRQn\000"
 935      5F696E74 
 935      65727275 
 935      70745F6D 
 935      63776474 
 936              	.LASF176:
 937 0437 646F7562 		.ascii	"double\000"
 937      6C6500
 938              	.LASF149:
 939 043e 61756469 		.ascii	"audioss_interrupt_i2s_IRQn\000"
 939      6F73735F 
 939      696E7465 
 939      72727570 
 939      745F6932 
 940              	.LASF66:
 941 0459 63707573 		.ascii	"cpuss_interrupts_dw0_6_IRQn\000"
 941      735F696E 
 941      74657272 
 941      75707473 
 941      5F647730 
 942              	.LASF99:
 943 0475 63707573 		.ascii	"cpuss_interrupts_cm4_cti_1_IRQn\000"
 943      735F696E 
 943      74657272 
 943      75707473 
 943      5F636D34 
 944              	.LASF181:
 945 0495 55415254 		.ascii	"UART_SCB_IRQ_cfg\000"
 945      5F534342 
 945      5F495251 
 945      5F636667 
 945      00
 946              	.LASF58:
 947 04a6 7363625F 		.ascii	"scb_7_interrupt_IRQn\000"
 947      375F696E 
 947      74657272 
ARM GAS  C:\Users\salaz\AppData\Local\Temp\ccVCSl9p.s 			page 21


 947      7570745F 
 947      4952516E 
 948              	.LASF106:
 949 04bb 74637077 		.ascii	"tcpwm_0_interrupts_6_IRQn\000"
 949      6D5F305F 
 949      696E7465 
 949      72727570 
 949      74735F36 
 950              	.LASF165:
 951 04d5 5F5F7569 		.ascii	"__uint32_t\000"
 951      6E743332 
 951      5F7400
 952              	.LASF4:
 953 04e0 42757346 		.ascii	"BusFault_IRQn\000"
 953      61756C74 
 953      5F495251 
 953      6E00
 954              	.LASF52:
 955 04ee 7363625F 		.ascii	"scb_1_interrupt_IRQn\000"
 955      315F696E 
 955      74657272 
 955      7570745F 
 955      4952516E 
 956              	.LASF146:
 957 0503 7564625F 		.ascii	"udb_interrupts_14_IRQn\000"
 957      696E7465 
 957      72727570 
 957      74735F31 
 957      345F4952 
 958              	.LASF182:
 959 051a 55415254 		.ascii	"UART_DEBUG_SCB_IRQ_cfg\000"
 959      5F444542 
 959      55475F53 
 959      43425F49 
 959      52515F63 
 960              	.LASF53:
 961 0531 7363625F 		.ascii	"scb_2_interrupt_IRQn\000"
 961      325F696E 
 961      74657272 
 961      7570745F 
 961      4952516E 
 962              	.LASF74:
 963 0546 63707573 		.ascii	"cpuss_interrupts_dw0_14_IRQn\000"
 963      735F696E 
 963      74657272 
 963      75707473 
 963      5F647730 
 964              	.LASF15:
 965 0563 696F7373 		.ascii	"ioss_interrupts_gpio_5_IRQn\000"
 965      5F696E74 
 965      65727275 
 965      7074735F 
 965      6770696F 
 966              	.LASF41:
 967 057f 63707573 		.ascii	"cpuss_interrupts_ipc_6_IRQn\000"
 967      735F696E 
 967      74657272 
ARM GAS  C:\Users\salaz\AppData\Local\Temp\ccVCSl9p.s 			page 22


 967      75707473 
 967      5F697063 
 968              	.LASF134:
 969 059b 7564625F 		.ascii	"udb_interrupts_2_IRQn\000"
 969      696E7465 
 969      72727570 
 969      74735F32 
 969      5F495251 
 970              	.LASF23:
 971 05b1 696F7373 		.ascii	"ioss_interrupts_gpio_13_IRQn\000"
 971      5F696E74 
 971      65727275 
 971      7074735F 
 971      6770696F 
 972              	.LASF120:
 973 05ce 74637077 		.ascii	"tcpwm_1_interrupts_12_IRQn\000"
 973      6D5F315F 
 973      696E7465 
 973      72727570 
 973      74735F31 
 974              	.LASF89:
 975 05e9 63707573 		.ascii	"cpuss_interrupts_dw1_13_IRQn\000"
 975      735F696E 
 975      74657272 
 975      75707473 
 975      5F647731 
 976              	.LASF166:
 977 0606 6C6F6E67 		.ascii	"long unsigned int\000"
 977      20756E73 
 977      69676E65 
 977      6420696E 
 977      7400
 978              	.LASF30:
 979 0618 73727373 		.ascii	"srss_interrupt_mcwdt_1_IRQn\000"
 979      5F696E74 
 979      65727275 
 979      70745F6D 
 979      63776474 
 980              	.LASF170:
 981 0634 696E7433 		.ascii	"int32_t\000"
 981      325F7400 
 982              	.LASF101:
 983 063c 74637077 		.ascii	"tcpwm_0_interrupts_1_IRQn\000"
 983      6D5F305F 
 983      696E7465 
 983      72727570 
 983      74735F31 
 984              	.LASF154:
 985 0656 7573625F 		.ascii	"usb_interrupt_med_IRQn\000"
 985      696E7465 
 985      72727570 
 985      745F6D65 
 985      645F4952 
 986              	.LASF92:
 987 066d 63707573 		.ascii	"cpuss_interrupts_fault_0_IRQn\000"
 987      735F696E 
 987      74657272 
ARM GAS  C:\Users\salaz\AppData\Local\Temp\ccVCSl9p.s 			page 23


 987      75707473 
 987      5F666175 
 988              	.LASF6:
 989 068b 53564361 		.ascii	"SVCall_IRQn\000"
 989      6C6C5F49 
 989      52516E00 
 990              	.LASF161:
 991 0697 73686F72 		.ascii	"short unsigned int\000"
 991      7420756E 
 991      7369676E 
 991      65642069 
 991      6E7400
 992              	.LASF113:
 993 06aa 74637077 		.ascii	"tcpwm_1_interrupts_5_IRQn\000"
 993      6D5F315F 
 993      696E7465 
 993      72727570 
 993      74735F35 
 994              	.LASF36:
 995 06c4 63707573 		.ascii	"cpuss_interrupts_ipc_1_IRQn\000"
 995      735F696E 
 995      74657272 
 995      75707473 
 995      5F697063 
 996              	.LASF80:
 997 06e0 63707573 		.ascii	"cpuss_interrupts_dw1_4_IRQn\000"
 997      735F696E 
 997      74657272 
 997      75707473 
 997      5F647731 
 998              	.LASF95:
 999 06fc 63707573 		.ascii	"cpuss_interrupt_fm_IRQn\000"
 999      735F696E 
 999      74657272 
 999      7570745F 
 999      666D5F49 
 1000              	.LASF75:
 1001 0714 63707573 		.ascii	"cpuss_interrupts_dw0_15_IRQn\000"
 1001      735F696E 
 1001      74657272 
 1001      75707473 
 1001      5F647730 
 1002              	.LASF16:
 1003 0731 696F7373 		.ascii	"ioss_interrupts_gpio_6_IRQn\000"
 1003      5F696E74 
 1003      65727275 
 1003      7074735F 
 1003      6770696F 
 1004              	.LASF135:
 1005 074d 7564625F 		.ascii	"udb_interrupts_3_IRQn\000"
 1005      696E7465 
 1005      72727570 
 1005      74735F33 
 1005      5F495251 
 1006              	.LASF24:
 1007 0763 696F7373 		.ascii	"ioss_interrupts_gpio_14_IRQn\000"
 1007      5F696E74 
ARM GAS  C:\Users\salaz\AppData\Local\Temp\ccVCSl9p.s 			page 24


 1007      65727275 
 1007      7074735F 
 1007      6770696F 
 1008              	.LASF9:
 1009 0780 53797354 		.ascii	"SysTick_IRQn\000"
 1009      69636B5F 
 1009      4952516E 
 1009      00
 1010              	.LASF90:
 1011 078d 63707573 		.ascii	"cpuss_interrupts_dw1_14_IRQn\000"
 1011      735F696E 
 1011      74657272 
 1011      75707473 
 1011      5F647731 
 1012              	.LASF131:
 1013 07aa 74637077 		.ascii	"tcpwm_1_interrupts_23_IRQn\000"
 1013      6D5F315F 
 1013      696E7465 
 1013      72727570 
 1013      74735F32 
 1014              	.LASF102:
 1015 07c5 74637077 		.ascii	"tcpwm_0_interrupts_2_IRQn\000"
 1015      6D5F305F 
 1015      696E7465 
 1015      72727570 
 1015      74735F32 
 1016              	.LASF121:
 1017 07df 74637077 		.ascii	"tcpwm_1_interrupts_13_IRQn\000"
 1017      6D5F315F 
 1017      696E7465 
 1017      72727570 
 1017      74735F31 
 1018              	.LASF93:
 1019 07fa 63707573 		.ascii	"cpuss_interrupts_fault_1_IRQn\000"
 1019      735F696E 
 1019      74657272 
 1019      75707473 
 1019      5F666175 
 1020              	.LASF172:
 1021 0818 73697A65 		.ascii	"sizetype\000"
 1021      74797065 
 1021      00
 1022              	.LASF142:
 1023 0821 7564625F 		.ascii	"udb_interrupts_10_IRQn\000"
 1023      696E7465 
 1023      72727570 
 1023      74735F31 
 1023      305F4952 
 1024              	.LASF68:
 1025 0838 63707573 		.ascii	"cpuss_interrupts_dw0_8_IRQn\000"
 1025      735F696E 
 1025      74657272 
 1025      75707473 
 1025      5F647730 
 1026              	.LASF179:
 1027 0854 63795F73 		.ascii	"cy_stc_sysint_t\000"
 1027      74635F73 
ARM GAS  C:\Users\salaz\AppData\Local\Temp\ccVCSl9p.s 			page 25


 1027      7973696E 
 1027      745F7400 
 1028              	.LASF70:
 1029 0864 63707573 		.ascii	"cpuss_interrupts_dw0_10_IRQn\000"
 1029      735F696E 
 1029      74657272 
 1029      75707473 
 1029      5F647730 
 1030              	.LASF114:
 1031 0881 74637077 		.ascii	"tcpwm_1_interrupts_6_IRQn\000"
 1031      6D5F315F 
 1031      696E7465 
 1031      72727570 
 1031      74735F36 
 1032              	.LASF37:
 1033 089b 63707573 		.ascii	"cpuss_interrupts_ipc_2_IRQn\000"
 1033      735F696E 
 1033      74657272 
 1033      75707473 
 1033      5F697063 
 1034              	.LASF81:
 1035 08b7 63707573 		.ascii	"cpuss_interrupts_dw1_5_IRQn\000"
 1035      735F696E 
 1035      74657272 
 1035      75707473 
 1035      5F647731 
 1036              	.LASF139:
 1037 08d3 7564625F 		.ascii	"udb_interrupts_7_IRQn\000"
 1037      696E7465 
 1037      72727570 
 1037      74735F37 
 1037      5F495251 
 1038              	.LASF125:
 1039 08e9 74637077 		.ascii	"tcpwm_1_interrupts_17_IRQn\000"
 1039      6D5F315F 
 1039      696E7465 
 1039      72727570 
 1039      74735F31 
 1040              	.LASF55:
 1041 0904 7363625F 		.ascii	"scb_4_interrupt_IRQn\000"
 1041      345F696E 
 1041      74657272 
 1041      7570745F 
 1041      4952516E 
 1042              	.LASF17:
 1043 0919 696F7373 		.ascii	"ioss_interrupts_gpio_7_IRQn\000"
 1043      5F696E74 
 1043      65727275 
 1043      7074735F 
 1043      6770696F 
 1044              	.LASF73:
 1045 0935 63707573 		.ascii	"cpuss_interrupts_dw0_13_IRQn\000"
 1045      735F696E 
 1045      74657272 
 1045      75707473 
 1045      5F647730 
 1046              	.LASF183:
ARM GAS  C:\Users\salaz\AppData\Local\Temp\ccVCSl9p.s 			page 26


 1047 0952 474E5520 		.ascii	"GNU C11 5.4.1 20160609 (release) [ARM/embedded-5-br"
 1047      43313120 
 1047      352E342E 
 1047      31203230 
 1047      31363036 
 1048 0985 616E6368 		.ascii	"anch revision 237715] -mcpu=cortex-m4 -mfloat-abi=s"
 1048      20726576 
 1048      6973696F 
 1048      6E203233 
 1048      37373135 
 1049 09b8 6F667466 		.ascii	"oftfp -mfpu=fpv4-sp-d16 -mthumb -g -Og -ffunction-s"
 1049      70202D6D 
 1049      6670753D 
 1049      66707634 
 1049      2D73702D 
 1050 09eb 65637469 		.ascii	"ections -ffat-lto-objects\000"
 1050      6F6E7320 
 1050      2D666661 
 1050      742D6C74 
 1050      6F2D6F62 
 1051              	.LASF91:
 1052 0a05 63707573 		.ascii	"cpuss_interrupts_dw1_15_IRQn\000"
 1052      735F696E 
 1052      74657272 
 1052      75707473 
 1052      5F647731 
 1053              	.LASF153:
 1054 0a22 7573625F 		.ascii	"usb_interrupt_hi_IRQn\000"
 1054      696E7465 
 1054      72727570 
 1054      745F6869 
 1054      5F495251 
 1055              	.LASF175:
 1056 0a38 666C6F61 		.ascii	"float\000"
 1056      7400
 1057              	.LASF63:
 1058 0a3e 63707573 		.ascii	"cpuss_interrupts_dw0_3_IRQn\000"
 1058      735F696E 
 1058      74657272 
 1058      75707473 
 1058      5F647730 
 1059              	.LASF21:
 1060 0a5a 696F7373 		.ascii	"ioss_interrupts_gpio_11_IRQn\000"
 1060      5F696E74 
 1060      65727275 
 1060      7074735F 
 1060      6770696F 
 1061              	.LASF3:
 1062 0a77 4D656D6F 		.ascii	"MemoryManagement_IRQn\000"
 1062      72794D61 
 1062      6E616765 
 1062      6D656E74 
 1062      5F495251 
 1063              	.LASF103:
 1064 0a8d 74637077 		.ascii	"tcpwm_0_interrupts_3_IRQn\000"
 1064      6D5F305F 
 1064      696E7465 
ARM GAS  C:\Users\salaz\AppData\Local\Temp\ccVCSl9p.s 			page 27


 1064      72727570 
 1064      74735F33 
 1065              	.LASF128:
 1066 0aa7 74637077 		.ascii	"tcpwm_1_interrupts_20_IRQn\000"
 1066      6D5F315F 
 1066      696E7465 
 1066      72727570 
 1066      74735F32 
 1067              	.LASF109:
 1068 0ac2 74637077 		.ascii	"tcpwm_1_interrupts_1_IRQn\000"
 1068      6D5F315F 
 1068      696E7465 
 1068      72727570 
 1068      74735F31 
 1069              	.LASF76:
 1070 0adc 63707573 		.ascii	"cpuss_interrupts_dw1_0_IRQn\000"
 1070      735F696E 
 1070      74657272 
 1070      75707473 
 1070      5F647731 
 1071              	.LASF143:
 1072 0af8 7564625F 		.ascii	"udb_interrupts_11_IRQn\000"
 1072      696E7465 
 1072      72727570 
 1072      74735F31 
 1072      315F4952 
 1073              	.LASF69:
 1074 0b0f 63707573 		.ascii	"cpuss_interrupts_dw0_9_IRQn\000"
 1074      735F696E 
 1074      74657272 
 1074      75707473 
 1074      5F647730 
 1075              	.LASF185:
 1076 0b2b 433A5C55 		.ascii	"C:\\Users\\salaz\\Desktop\\UART\\UART_debug.cydsn\000"
 1076      73657273 
 1076      5C73616C 
 1076      617A5C44 
 1076      65736B74 
 1077              	.LASF160:
 1078 0b58 756E7369 		.ascii	"unsigned char\000"
 1078      676E6564 
 1078      20636861 
 1078      7200
 1079              	.LASF71:
 1080 0b66 63707573 		.ascii	"cpuss_interrupts_dw0_11_IRQn\000"
 1080      735F696E 
 1080      74657272 
 1080      75707473 
 1080      5F647730 
 1081              	.LASF115:
 1082 0b83 74637077 		.ascii	"tcpwm_1_interrupts_7_IRQn\000"
 1082      6D5F315F 
 1082      696E7465 
 1082      72727570 
 1082      74735F37 
 1083              	.LASF38:
 1084 0b9d 63707573 		.ascii	"cpuss_interrupts_ipc_3_IRQn\000"
ARM GAS  C:\Users\salaz\AppData\Local\Temp\ccVCSl9p.s 			page 28


 1084      735F696E 
 1084      74657272 
 1084      75707473 
 1084      5F697063 
 1085              	.LASF180:
 1086 0bb9 49544D5F 		.ascii	"ITM_RxBuffer\000"
 1086      52784275 
 1086      66666572 
 1086      00
 1087              	.LASF169:
 1088 0bc6 756E7369 		.ascii	"unsigned int\000"
 1088      676E6564 
 1088      20696E74 
 1088      00
 1089              	.LASF20:
 1090 0bd3 696F7373 		.ascii	"ioss_interrupts_gpio_10_IRQn\000"
 1090      5F696E74 
 1090      65727275 
 1090      7074735F 
 1090      6770696F 
 1091              	.LASF140:
 1092 0bf0 7564625F 		.ascii	"udb_interrupts_8_IRQn\000"
 1092      696E7465 
 1092      72727570 
 1092      74735F38 
 1092      5F495251 
 1093              	.LASF157:
 1094 0c06 756E636F 		.ascii	"unconnected_IRQn\000"
 1094      6E6E6563 
 1094      7465645F 
 1094      4952516E 
 1094      00
 1095              	.LASF158:
 1096 0c17 73686F72 		.ascii	"short int\000"
 1096      7420696E 
 1096      7400
 1097              	.LASF98:
 1098 0c21 63707573 		.ascii	"cpuss_interrupts_cm4_cti_0_IRQn\000"
 1098      735F696E 
 1098      74657272 
 1098      75707473 
 1098      5F636D34 
 1099              	.LASF126:
 1100 0c41 74637077 		.ascii	"tcpwm_1_interrupts_18_IRQn\000"
 1100      6D5F315F 
 1100      696E7465 
 1100      72727570 
 1100      74735F31 
 1101              	.LASF79:
 1102 0c5c 63707573 		.ascii	"cpuss_interrupts_dw1_3_IRQn\000"
 1102      735F696E 
 1102      74657272 
 1102      75707473 
 1102      5F647731 
 1103              	.LASF107:
 1104 0c78 74637077 		.ascii	"tcpwm_0_interrupts_7_IRQn\000"
 1104      6D5F305F 
ARM GAS  C:\Users\salaz\AppData\Local\Temp\ccVCSl9p.s 			page 29


 1104      696E7465 
 1104      72727570 
 1104      74735F37 
 1105              	.LASF87:
 1106 0c92 63707573 		.ascii	"cpuss_interrupts_dw1_11_IRQn\000"
 1106      735F696E 
 1106      74657272 
 1106      75707473 
 1106      5F647731 
 1107              	.LASF147:
 1108 0caf 7564625F 		.ascii	"udb_interrupts_15_IRQn\000"
 1108      696E7465 
 1108      72727570 
 1108      74735F31 
 1108      355F4952 
 1109              	.LASF162:
 1110 0cc6 4952516E 		.ascii	"IRQn_Type\000"
 1110      5F547970 
 1110      6500
 1111              	.LASF129:
 1112 0cd0 74637077 		.ascii	"tcpwm_1_interrupts_21_IRQn\000"
 1112      6D5F315F 
 1112      696E7465 
 1112      72727570 
 1112      74735F32 
 1113              	.LASF171:
 1114 0ceb 75696E74 		.ascii	"uint32_t\000"
 1114      33325F74 
 1114      00
 1115              	.LASF110:
 1116 0cf4 74637077 		.ascii	"tcpwm_1_interrupts_2_IRQn\000"
 1116      6D5F315F 
 1116      696E7465 
 1116      72727570 
 1116      74735F32 
 1117              	.LASF5:
 1118 0d0e 55736167 		.ascii	"UsageFault_IRQn\000"
 1118      65466175 
 1118      6C745F49 
 1118      52516E00 
 1119              	.LASF42:
 1120 0d1e 63707573 		.ascii	"cpuss_interrupts_ipc_7_IRQn\000"
 1120      735F696E 
 1120      74657272 
 1120      75707473 
 1120      5F697063 
 1121              	.LASF77:
 1122 0d3a 63707573 		.ascii	"cpuss_interrupts_dw1_1_IRQn\000"
 1122      735F696E 
 1122      74657272 
 1122      75707473 
 1122      5F647731 
 1123              	.LASF49:
 1124 0d56 63707573 		.ascii	"cpuss_interrupts_ipc_14_IRQn\000"
 1124      735F696E 
 1124      74657272 
 1124      75707473 
ARM GAS  C:\Users\salaz\AppData\Local\Temp\ccVCSl9p.s 			page 30


 1124      5F697063 
 1125              	.LASF150:
 1126 0d73 61756469 		.ascii	"audioss_interrupt_pdm_IRQn\000"
 1126      6F73735F 
 1126      696E7465 
 1126      72727570 
 1126      745F7064 
 1127              	.LASF173:
 1128 0d8e 6C6F6E67 		.ascii	"long double\000"
 1128      20646F75 
 1128      626C6500 
 1129              	.LASF174:
 1130 0d9a 63686172 		.ascii	"char\000"
 1130      00
 1131              	.LASF184:
 1132 0d9f 47656E65 		.ascii	"Generated_Source\\PSoC6\\cyfitter_sysint_cfg.c\000"
 1132      72617465 
 1132      645F536F 
 1132      75726365 
 1132      5C50536F 
 1133              	.LASF72:
 1134 0dcc 63707573 		.ascii	"cpuss_interrupts_dw0_12_IRQn\000"
 1134      735F696E 
 1134      74657272 
 1134      75707473 
 1134      5F647730 
 1135              	.LASF13:
 1136 0de9 696F7373 		.ascii	"ioss_interrupts_gpio_3_IRQn\000"
 1136      5F696E74 
 1136      65727275 
 1136      7074735F 
 1136      6770696F 
 1137              	.LASF148:
 1138 0e05 70617373 		.ascii	"pass_interrupt_sar_IRQn\000"
 1138      5F696E74 
 1138      65727275 
 1138      70745F73 
 1138      61725F49 
 1139              	.LASF8:
 1140 0e1d 50656E64 		.ascii	"PendSV_IRQn\000"
 1140      53565F49 
 1140      52516E00 
 1141              	.LASF54:
 1142 0e29 7363625F 		.ascii	"scb_3_interrupt_IRQn\000"
 1142      335F696E 
 1142      74657272 
 1142      7570745F 
 1142      4952516E 
 1143              	.LASF141:
 1144 0e3e 7564625F 		.ascii	"udb_interrupts_9_IRQn\000"
 1144      696E7465 
 1144      72727570 
 1144      74735F39 
 1144      5F495251 
 1145              	.LASF1:
 1146 0e54 4E6F6E4D 		.ascii	"NonMaskableInt_IRQn\000"
 1146      61736B61 
ARM GAS  C:\Users\salaz\AppData\Local\Temp\ccVCSl9p.s 			page 31


 1146      626C6549 
 1146      6E745F49 
 1146      52516E00 
 1147              	.LASF163:
 1148 0e68 5F5F696E 		.ascii	"__int32_t\000"
 1148      7433325F 
 1148      7400
 1149              	.LASF127:
 1150 0e72 74637077 		.ascii	"tcpwm_1_interrupts_19_IRQn\000"
 1150      6D5F315F 
 1150      696E7465 
 1150      72727570 
 1150      74735F31 
 1151              	.LASF57:
 1152 0e8d 7363625F 		.ascii	"scb_6_interrupt_IRQn\000"
 1152      365F696E 
 1152      74657272 
 1152      7570745F 
 1152      4952516E 
 1153              	.LASF11:
 1154 0ea2 696F7373 		.ascii	"ioss_interrupts_gpio_1_IRQn\000"
 1154      5F696E74 
 1154      65727275 
 1154      7074735F 
 1154      6770696F 
 1155              	.LASF2:
 1156 0ebe 48617264 		.ascii	"HardFault_IRQn\000"
 1156      4661756C 
 1156      745F4952 
 1156      516E00
 1157              	.LASF65:
 1158 0ecd 63707573 		.ascii	"cpuss_interrupts_dw0_5_IRQn\000"
 1158      735F696E 
 1158      74657272 
 1158      75707473 
 1158      5F647730 
 1159              	.LASF7:
 1160 0ee9 44656275 		.ascii	"DebugMonitor_IRQn\000"
 1160      674D6F6E 
 1160      69746F72 
 1160      5F495251 
 1160      6E00
 1161              	.LASF59:
 1162 0efb 6373645F 		.ascii	"csd_interrupt_IRQn\000"
 1162      696E7465 
 1162      72727570 
 1162      745F4952 
 1162      516E00
 1163              	.LASF35:
 1164 0f0e 63707573 		.ascii	"cpuss_interrupts_ipc_0_IRQn\000"
 1164      735F696E 
 1164      74657272 
 1164      75707473 
 1164      5F697063 
 1165              	.LASF130:
 1166 0f2a 74637077 		.ascii	"tcpwm_1_interrupts_22_IRQn\000"
 1166      6D5F315F 
ARM GAS  C:\Users\salaz\AppData\Local\Temp\ccVCSl9p.s 			page 32


 1166      696E7465 
 1166      72727570 
 1166      74735F32 
 1167              	.LASF111:
 1168 0f45 74637077 		.ascii	"tcpwm_1_interrupts_3_IRQn\000"
 1168      6D5F315F 
 1168      696E7465 
 1168      72727570 
 1168      74735F33 
 1169              	.LASF43:
 1170 0f5f 63707573 		.ascii	"cpuss_interrupts_ipc_8_IRQn\000"
 1170      735F696E 
 1170      74657272 
 1170      75707473 
 1170      5F697063 
 1171              	.LASF78:
 1172 0f7b 63707573 		.ascii	"cpuss_interrupts_dw1_2_IRQn\000"
 1172      735F696E 
 1172      74657272 
 1172      75707473 
 1172      5F647731 
 1173              	.LASF50:
 1174 0f97 63707573 		.ascii	"cpuss_interrupts_ipc_15_IRQn\000"
 1174      735F696E 
 1174      74657272 
 1174      75707473 
 1174      5F697063 
 1175              	.LASF136:
 1176 0fb4 7564625F 		.ascii	"udb_interrupts_4_IRQn\000"
 1176      696E7465 
 1176      72727570 
 1176      74735F34 
 1176      5F495251 
 1177              	.LASF122:
 1178 0fca 74637077 		.ascii	"tcpwm_1_interrupts_14_IRQn\000"
 1178      6D5F315F 
 1178      696E7465 
 1178      72727570 
 1178      74735F31 
 1179              	.LASF14:
 1180 0fe5 696F7373 		.ascii	"ioss_interrupts_gpio_4_IRQn\000"
 1180      5F696E74 
 1180      65727275 
 1180      7074735F 
 1180      6770696F 
 1181              	.LASF152:
 1182 1001 736D6966 		.ascii	"smif_interrupt_IRQn\000"
 1182      5F696E74 
 1182      65727275 
 1182      70745F49 
 1182      52516E00 
 1183              	.LASF22:
 1184 1015 696F7373 		.ascii	"ioss_interrupts_gpio_12_IRQn\000"
 1184      5F696E74 
 1184      65727275 
 1184      7074735F 
 1184      6770696F 
ARM GAS  C:\Users\salaz\AppData\Local\Temp\ccVCSl9p.s 			page 33


 1185              	.LASF151:
 1186 1032 70726F66 		.ascii	"profile_interrupt_IRQn\000"
 1186      696C655F 
 1186      696E7465 
 1186      72727570 
 1186      745F4952 
 1187              	.LASF88:
 1188 1049 63707573 		.ascii	"cpuss_interrupts_dw1_12_IRQn\000"
 1188      735F696E 
 1188      74657272 
 1188      75707473 
 1188      5F647731 
 1189              	.LASF60:
 1190 1066 63707573 		.ascii	"cpuss_interrupts_dw0_0_IRQn\000"
 1190      735F696E 
 1190      74657272 
 1190      75707473 
 1190      5F647730 
 1191              	.LASF26:
 1192 1082 696F7373 		.ascii	"ioss_interrupt_vdd_IRQn\000"
 1192      5F696E74 
 1192      65727275 
 1192      70745F76 
 1192      64645F49 
 1193              	.LASF100:
 1194 109a 74637077 		.ascii	"tcpwm_0_interrupts_0_IRQn\000"
 1194      6D5F305F 
 1194      696E7465 
 1194      72727570 
 1194      74735F30 
 1195              	.LASF33:
 1196 10b4 70617373 		.ascii	"pass_interrupt_ctbs_IRQn\000"
 1196      5F696E74 
 1196      65727275 
 1196      70745F63 
 1196      7462735F 
 1197              	.LASF86:
 1198 10cd 63707573 		.ascii	"cpuss_interrupts_dw1_10_IRQn\000"
 1198      735F696E 
 1198      74657272 
 1198      75707473 
 1198      5F647731 
 1199              	.LASF31:
 1200 10ea 73727373 		.ascii	"srss_interrupt_backup_IRQn\000"
 1200      5F696E74 
 1200      65727275 
 1200      70745F62 
 1200      61636B75 
 1201              	.LASF45:
 1202 1105 63707573 		.ascii	"cpuss_interrupts_ipc_10_IRQn\000"
 1202      735F696E 
 1202      74657272 
 1202      75707473 
 1202      5F697063 
 1203              	.LASF82:
 1204 1122 63707573 		.ascii	"cpuss_interrupts_dw1_6_IRQn\000"
 1204      735F696E 
ARM GAS  C:\Users\salaz\AppData\Local\Temp\ccVCSl9p.s 			page 34


 1204      74657272 
 1204      75707473 
 1204      5F647731 
 1205              	.LASF67:
 1206 113e 63707573 		.ascii	"cpuss_interrupts_dw0_7_IRQn\000"
 1206      735F696E 
 1206      74657272 
 1206      75707473 
 1206      5F647730 
 1207              	.LASF178:
 1208 115a 696E7472 		.ascii	"intrPriority\000"
 1208      5072696F 
 1208      72697479 
 1208      00
 1209              	.LASF112:
 1210 1167 74637077 		.ascii	"tcpwm_1_interrupts_4_IRQn\000"
 1210      6D5F315F 
 1210      696E7465 
 1210      72727570 
 1210      74735F34 
 1211              	.LASF96:
 1212 1181 63707573 		.ascii	"cpuss_interrupts_cm0_cti_0_IRQn\000"
 1212      735F696E 
 1212      74657272 
 1212      75707473 
 1212      5F636D30 
 1213              	.LASF18:
 1214 11a1 696F7373 		.ascii	"ioss_interrupts_gpio_8_IRQn\000"
 1214      5F696E74 
 1214      65727275 
 1214      7074735F 
 1214      6770696F 
 1215              	.LASF44:
 1216 11bd 63707573 		.ascii	"cpuss_interrupts_ipc_9_IRQn\000"
 1216      735F696E 
 1216      74657272 
 1216      75707473 
 1216      5F697063 
 1217              	.LASF137:
 1218 11d9 7564625F 		.ascii	"udb_interrupts_5_IRQn\000"
 1218      696E7465 
 1218      72727570 
 1218      74735F35 
 1218      5F495251 
 1219              	.LASF48:
 1220 11ef 63707573 		.ascii	"cpuss_interrupts_ipc_13_IRQn\000"
 1220      735F696E 
 1220      74657272 
 1220      75707473 
 1220      5F697063 
 1221              		.ident	"GCC: (GNU Tools for ARM Embedded Processors) 5.4.1 20160609 (release) [ARM/embedded-5-bran
