ARM GAS  C:\Users\salaz\AppData\Local\Temp\ccGG5CeF.s 			page 1


   1              		.syntax unified
   2              		.cpu cortex-m0plus
   3              		.fpu softvfp
   4              		.eabi_attribute 20, 1
   5              		.eabi_attribute 21, 1
   6              		.eabi_attribute 23, 3
   7              		.eabi_attribute 24, 1
   8              		.eabi_attribute 25, 1
   9              		.eabi_attribute 26, 1
  10              		.eabi_attribute 30, 6
  11              		.eabi_attribute 34, 0
  12              		.eabi_attribute 18, 4
  13              		.thumb
  14              		.syntax unified
  15              		.file	"cy_ipc_config.c"
  16              		.text
  17              	.Ltext0:
  18              		.cfi_sections	.debug_frame
  19              		.section	.text.Cy_IPC_SystemSemaInit,"ax",%progbits
  20              		.align	2
  21              		.global	Cy_IPC_SystemSemaInit
  22              		.code	16
  23              		.thumb_func
  24              		.type	Cy_IPC_SystemSemaInit, %function
  25              	Cy_IPC_SystemSemaInit:
  26              	.LFB57:
  27              		.file 1 "cy_ipc_config.c"
   1:cy_ipc_config.c **** /***************************************************************************//**
   2:cy_ipc_config.c **** * \file cy_ipc_config.c
   3:cy_ipc_config.c **** * \version 1.20
   4:cy_ipc_config.c **** *
   5:cy_ipc_config.c **** *  Description:
   6:cy_ipc_config.c **** *  This C file is not intended to be part of the IPC driver. It is the code
   7:cy_ipc_config.c **** *  required to configure the device specific IPC channels for semaphores
   8:cy_ipc_config.c **** *  and pipes.
   9:cy_ipc_config.c **** *
  10:cy_ipc_config.c **** ********************************************************************************
  11:cy_ipc_config.c **** * Copyright 2016-2018, Cypress Semiconductor Corporation.  All rights reserved.
  12:cy_ipc_config.c **** * You may use this file only in accordance with the license, terms, conditions,
  13:cy_ipc_config.c **** * disclaimers, and limitations in the end user license agreement accompanying
  14:cy_ipc_config.c **** * the software package with which this file was provided.
  15:cy_ipc_config.c **** *******************************************************************************/
  16:cy_ipc_config.c **** 
  17:cy_ipc_config.c **** #include "ipc/cy_ipc_drv.h"
  18:cy_ipc_config.c **** #include "ipc/cy_ipc_pipe.h"
  19:cy_ipc_config.c **** #include "ipc/cy_ipc_sema.h"
  20:cy_ipc_config.c **** 
  21:cy_ipc_config.c **** #include "cy_ipc_config.h"
  22:cy_ipc_config.c **** 
  23:cy_ipc_config.c **** #if (CY_IPC_CYPIPE_ENABLE)
  24:cy_ipc_config.c **** static void Cy_IPC_SystemPipeIsr(void);
  25:cy_ipc_config.c **** 
  26:cy_ipc_config.c **** #define CY_CYPIPE_DEFAULT_CONFIG    \
  27:cy_ipc_config.c **** {\
  28:cy_ipc_config.c ****     /* .ep0ConfigData */ {\
  29:cy_ipc_config.c ****         /* .ipcNotifierNumber    */  CY_IPC_INTR_CYPIPE_EP0,\
  30:cy_ipc_config.c ****         /* .ipcNotifierPriority  */  CY_IPC_INTR_CYPIPE_PRIOR_EP0,\
ARM GAS  C:\Users\salaz\AppData\Local\Temp\ccGG5CeF.s 			page 2


  31:cy_ipc_config.c ****         /* .ipcNotifierMuxNumber */  CY_IPC_INTR_CYPIPE_MUX_EP0,\
  32:cy_ipc_config.c ****         /* .epAddress            */  CY_IPC_EP_CYPIPE_CM0_ADDR,\
  33:cy_ipc_config.c ****         /* .epConfig             */  CY_IPC_CYPIPE_CONFIG_EP0\
  34:cy_ipc_config.c ****     },\
  35:cy_ipc_config.c ****     /* .ep1ConfigData */ {\
  36:cy_ipc_config.c ****         /* .ipcNotifierNumber    */  CY_IPC_INTR_CYPIPE_EP1,\
  37:cy_ipc_config.c ****         /* .ipcNotifierPriority  */  CY_IPC_INTR_CYPIPE_PRIOR_EP1,\
  38:cy_ipc_config.c ****         /* .ipcNotifierMuxNumber */  0u,\
  39:cy_ipc_config.c ****         /* .epAddress            */  CY_IPC_EP_CYPIPE_CM4_ADDR,\
  40:cy_ipc_config.c ****         /* .epConfig             */  CY_IPC_CYPIPE_CONFIG_EP1\
  41:cy_ipc_config.c ****     },\
  42:cy_ipc_config.c ****     /* .endpointClientsCount     */  CY_IPC_CYPIPE_CLIENT_CNT,\
  43:cy_ipc_config.c ****     /* .endpointsCallbacksArray  */  cy_ipc_pipe_sysCbArray,\
  44:cy_ipc_config.c ****     /* .userPipeIsrHandler       */  &Cy_IPC_SystemPipeIsr\
  45:cy_ipc_config.c **** }
  46:cy_ipc_config.c **** #endif /* CY_IPC_CYPIPE_ENABLE */
  47:cy_ipc_config.c **** 
  48:cy_ipc_config.c **** /*******************************************************************************
  49:cy_ipc_config.c **** * Function Name: Cy_IPC_SystemSemaInit
  50:cy_ipc_config.c **** ****************************************************************************//**
  51:cy_ipc_config.c **** *
  52:cy_ipc_config.c **** * Initializes the system semaphores. The system semaphores are used by Flash.
  53:cy_ipc_config.c **** *
  54:cy_ipc_config.c **** * This function is called in the SystemInit() function. If the default startup
  55:cy_ipc_config.c **** * file is not used, or SystemInit() is not called in your project,
  56:cy_ipc_config.c **** * call the following three functions prior to executing any flash or EmEEPROM
  57:cy_ipc_config.c **** * write or erase operation:
  58:cy_ipc_config.c **** *  -# Cy_IPC_SystemSemaInit()
  59:cy_ipc_config.c **** *  -# Cy_IPC_SystemPipeInit()
  60:cy_ipc_config.c **** *  -# Cy_Flash_Init()
  61:cy_ipc_config.c **** *
  62:cy_ipc_config.c **** *******************************************************************************/
  63:cy_ipc_config.c **** void Cy_IPC_SystemSemaInit(void)
  64:cy_ipc_config.c **** {
  28              		.loc 1 64 0
  29              		.cfi_startproc
  30              		@ args = 0, pretend = 0, frame = 0
  31              		@ frame_needed = 1, uses_anonymous_args = 0
  32 0000 80B5     		push	{r7, lr}
  33              		.cfi_def_cfa_offset 8
  34              		.cfi_offset 7, -8
  35              		.cfi_offset 14, -4
  36 0002 00AF     		add	r7, sp, #0
  37              		.cfi_def_cfa_register 7
  65:cy_ipc_config.c **** /* Create array used for semaphores */
  66:cy_ipc_config.c **** #if ((CY_CPU_CORTEX_M0P) || !(__CM0P_PRESENT))
  67:cy_ipc_config.c ****     static uint32_t ipcSemaArray[CY_IPC_SEMA_COUNT / CY_IPC_SEMA_PER_WORD];
  68:cy_ipc_config.c ****     (void) Cy_IPC_Sema_Init(CY_IPC_CHAN_SEMA, CY_IPC_SEMA_COUNT, ipcSemaArray);
  38              		.loc 1 68 0
  39 0004 044B     		ldr	r3, .L2
  40 0006 1A00     		movs	r2, r3
  41 0008 8021     		movs	r1, #128
  42 000a 0420     		movs	r0, #4
  43 000c FFF7FEFF 		bl	Cy_IPC_Sema_Init
  69:cy_ipc_config.c **** #else
  70:cy_ipc_config.c ****     (void) Cy_IPC_Sema_Init(CY_IPC_CHAN_SEMA, 0ul, NULL);
  71:cy_ipc_config.c **** #endif
ARM GAS  C:\Users\salaz\AppData\Local\Temp\ccGG5CeF.s 			page 3


  72:cy_ipc_config.c **** }
  44              		.loc 1 72 0
  45 0010 C046     		nop
  46 0012 BD46     		mov	sp, r7
  47              		@ sp needed
  48 0014 80BD     		pop	{r7, pc}
  49              	.L3:
  50 0016 C046     		.align	2
  51              	.L2:
  52 0018 00000000 		.word	ipcSemaArray.9346
  53              		.cfi_endproc
  54              	.LFE57:
  55              		.size	Cy_IPC_SystemSemaInit, .-Cy_IPC_SystemSemaInit
  56              		.section	.text.Cy_IPC_SystemPipeInit,"ax",%progbits
  57              		.align	2
  58              		.global	Cy_IPC_SystemPipeInit
  59              		.code	16
  60              		.thumb_func
  61              		.type	Cy_IPC_SystemPipeInit, %function
  62              	Cy_IPC_SystemPipeInit:
  63              	.LFB58:
  73:cy_ipc_config.c **** 
  74:cy_ipc_config.c **** /*******************************************************************************
  75:cy_ipc_config.c **** * Function Name: Cy_IPC_SystemPipeInit
  76:cy_ipc_config.c **** ****************************************************************************//**
  77:cy_ipc_config.c **** *
  78:cy_ipc_config.c **** * Initializes the system pipes. The system pipes are used by BLE and Flash.
  79:cy_ipc_config.c **** * \note The function should be called on all CPUs.
  80:cy_ipc_config.c **** *
  81:cy_ipc_config.c **** * This function is called in the SystemInit() function. If the default startup
  82:cy_ipc_config.c **** * file is not used, or SystemInit() is not called in your project,
  83:cy_ipc_config.c **** * call the following three functions prior to executing any flash or EmEEPROM
  84:cy_ipc_config.c **** * write or erase operation:
  85:cy_ipc_config.c **** *  -# Cy_IPC_SystemSemaInit()
  86:cy_ipc_config.c **** *  -# Cy_IPC_SystemPipeInit()
  87:cy_ipc_config.c **** *  -# Cy_Flash_Init()
  88:cy_ipc_config.c **** *
  89:cy_ipc_config.c **** * Also this function is called to support BLE host/controller communication.
  90:cy_ipc_config.c **** *
  91:cy_ipc_config.c **** *******************************************************************************/
  92:cy_ipc_config.c **** void Cy_IPC_SystemPipeInit(void)
  93:cy_ipc_config.c **** {
  64              		.loc 1 93 0
  65              		.cfi_startproc
  66              		@ args = 0, pretend = 0, frame = 8
  67              		@ frame_needed = 1, uses_anonymous_args = 0
  68 0000 80B5     		push	{r7, lr}
  69              		.cfi_def_cfa_offset 8
  70              		.cfi_offset 7, -8
  71              		.cfi_offset 14, -4
  72 0002 82B0     		sub	sp, sp, #8
  73              		.cfi_def_cfa_offset 16
  74 0004 00AF     		add	r7, sp, #0
  75              		.cfi_def_cfa_register 7
  94:cy_ipc_config.c ****     /* Create an array of endpoint structures */
  95:cy_ipc_config.c ****     static cy_stc_ipc_pipe_ep_t cy_ipc_pipe_sysEpArray[CY_IPC_MAX_ENDPOINTS];
  96:cy_ipc_config.c **** 
ARM GAS  C:\Users\salaz\AppData\Local\Temp\ccGG5CeF.s 			page 4


  97:cy_ipc_config.c ****     Cy_IPC_Pipe_Config(cy_ipc_pipe_sysEpArray);
  76              		.loc 1 97 0
  77 0006 0A4B     		ldr	r3, .L5
  78 0008 1800     		movs	r0, r3
  79 000a FFF7FEFF 		bl	Cy_IPC_Pipe_Config
  98:cy_ipc_config.c **** 
  99:cy_ipc_config.c **** #if (CY_IPC_CYPIPE_ENABLE)
 100:cy_ipc_config.c ****     uint32_t intr;
 101:cy_ipc_config.c **** 
 102:cy_ipc_config.c ****     static cy_ipc_pipe_callback_ptr_t cy_ipc_pipe_sysCbArray[CY_IPC_CYPIPE_CLIENT_CNT];
 103:cy_ipc_config.c **** 
 104:cy_ipc_config.c ****     static const cy_stc_ipc_pipe_config_t systemPipeConfig = CY_CYPIPE_DEFAULT_CONFIG;
 105:cy_ipc_config.c **** 
 106:cy_ipc_config.c ****     intr = Cy_SysLib_EnterCriticalSection();
  80              		.loc 1 106 0
  81 000e FFF7FEFF 		bl	Cy_SysLib_EnterCriticalSection
  82 0012 0300     		movs	r3, r0
  83 0014 7B60     		str	r3, [r7, #4]
 107:cy_ipc_config.c **** 
 108:cy_ipc_config.c ****     Cy_IPC_Pipe_Init(&systemPipeConfig);
  84              		.loc 1 108 0
  85 0016 074B     		ldr	r3, .L5+4
  86 0018 1800     		movs	r0, r3
  87 001a FFF7FEFF 		bl	Cy_IPC_Pipe_Init
 109:cy_ipc_config.c **** 
 110:cy_ipc_config.c ****     Cy_SysLib_ExitCriticalSection(intr);
  88              		.loc 1 110 0
  89 001e 7B68     		ldr	r3, [r7, #4]
  90 0020 1800     		movs	r0, r3
  91 0022 FFF7FEFF 		bl	Cy_SysLib_ExitCriticalSection
 111:cy_ipc_config.c **** #endif /* CY_IPC_CYPIPE_ENABLE */
 112:cy_ipc_config.c **** }
  92              		.loc 1 112 0
  93 0026 C046     		nop
  94 0028 BD46     		mov	sp, r7
  95 002a 02B0     		add	sp, sp, #8
  96              		@ sp needed
  97 002c 80BD     		pop	{r7, pc}
  98              	.L6:
  99 002e C046     		.align	2
 100              	.L5:
 101 0030 10000000 		.word	cy_ipc_pipe_sysEpArray.9350
 102 0034 00000000 		.word	systemPipeConfig.9353
 103              		.cfi_endproc
 104              	.LFE58:
 105              		.size	Cy_IPC_SystemPipeInit, .-Cy_IPC_SystemPipeInit
 106              		.section	.text.Cy_IPC_SystemPipeIsr,"ax",%progbits
 107              		.align	2
 108              		.code	16
 109              		.thumb_func
 110              		.type	Cy_IPC_SystemPipeIsr, %function
 111              	Cy_IPC_SystemPipeIsr:
 112              	.LFB59:
 113:cy_ipc_config.c **** 
 114:cy_ipc_config.c **** #if (CY_IPC_CYPIPE_ENABLE)
 115:cy_ipc_config.c **** /*******************************************************************************
 116:cy_ipc_config.c **** * Function Name: Cy_IPC_SystemPipeIsr
ARM GAS  C:\Users\salaz\AppData\Local\Temp\ccGG5CeF.s 			page 5


 117:cy_ipc_config.c **** ****************************************************************************//**
 118:cy_ipc_config.c **** *
 119:cy_ipc_config.c **** * This is the interrupt service routine for the system pipe.
 120:cy_ipc_config.c **** *
 121:cy_ipc_config.c **** *******************************************************************************/
 122:cy_ipc_config.c **** static void Cy_IPC_SystemPipeIsr(void)
 123:cy_ipc_config.c **** {
 113              		.loc 1 123 0
 114              		.cfi_startproc
 115              		@ args = 0, pretend = 0, frame = 0
 116              		@ frame_needed = 1, uses_anonymous_args = 0
 117 0000 80B5     		push	{r7, lr}
 118              		.cfi_def_cfa_offset 8
 119              		.cfi_offset 7, -8
 120              		.cfi_offset 14, -4
 121 0002 00AF     		add	r7, sp, #0
 122              		.cfi_def_cfa_register 7
 124:cy_ipc_config.c ****     Cy_IPC_Pipe_ExecuteCallback(CY_IPC_EP_CYPIPE_ADDR);
 123              		.loc 1 124 0
 124 0004 0020     		movs	r0, #0
 125 0006 FFF7FEFF 		bl	Cy_IPC_Pipe_ExecuteCallback
 125:cy_ipc_config.c **** }
 126              		.loc 1 125 0
 127 000a C046     		nop
 128 000c BD46     		mov	sp, r7
 129              		@ sp needed
 130 000e 80BD     		pop	{r7, pc}
 131              		.cfi_endproc
 132              	.LFE59:
 133              		.size	Cy_IPC_SystemPipeIsr, .-Cy_IPC_SystemPipeIsr
 134              		.bss
 135              		.align	2
 136              	ipcSemaArray.9346:
 137 0000 00000000 		.space	16
 137      00000000 
 137      00000000 
 137      00000000 
 138              		.align	2
 139              	cy_ipc_pipe_sysEpArray.9350:
 140 0010 00000000 		.space	352
 140      00000000 
 140      00000000 
 140      00000000 
 140      00000000 
 141              		.section	.rodata
 142              		.align	2
 143              		.type	systemPipeConfig.9353, %object
 144              		.size	systemPipeConfig.9353, 52
 145              	systemPipeConfig.9353:
 146 0000 03000000 		.word	3
 147 0004 01000000 		.word	1
 148 0008 01000000 		.word	1
 149 000c 00000000 		.word	0
 150 0010 05036000 		.word	6292229
 151 0014 04000000 		.word	4
 152 0018 01000000 		.word	1
 153 001c 00000000 		.word	0
ARM GAS  C:\Users\salaz\AppData\Local\Temp\ccGG5CeF.s 			page 6


 154 0020 01000000 		.word	1
 155 0024 06046000 		.word	6292486
 156 0028 08000000 		.word	8
 157 002c 70010000 		.word	cy_ipc_pipe_sysCbArray.9352
 158 0030 00000000 		.word	Cy_IPC_SystemPipeIsr
 159              		.bss
 160              		.align	2
 161              	cy_ipc_pipe_sysCbArray.9352:
 162 0170 00000000 		.space	32
 162      00000000 
 162      00000000 
 162      00000000 
 162      00000000 
 163              		.text
 164              	.Letext0:
 165              		.file 2 "c:\\program files (x86)\\cypress\\psoc creator\\4.2\\psoc creator\\import\\gnu\\arm\\5.4.
 166              		.file 3 "c:\\program files (x86)\\cypress\\psoc creator\\4.2\\psoc creator\\import\\gnu\\arm\\5.4.
 167              		.file 4 "Generated_Source\\PSoC6\\pdl\\devices/psoc6/psoc63/include/cy8c6347bzi_bld53.h"
 168              		.file 5 "Generated_Source\\PSoC6\\pdl\\devices/psoc6/ip/cyip_ipc.h"
 169              		.file 6 "Generated_Source\\PSoC6\\pdl\\drivers/peripheral/syslib/cy_syslib.h"
 170              		.file 7 "Generated_Source\\PSoC6\\pdl\\drivers/peripheral/ipc/cy_ipc_pipe.h"
 171              		.section	.debug_info,"",%progbits
 172              	.Ldebug_info0:
 173 0000 E6040000 		.4byte	0x4e6
 174 0004 0400     		.2byte	0x4
 175 0006 00000000 		.4byte	.Ldebug_abbrev0
 176 000a 04       		.byte	0x4
 177 000b 01       		.uleb128 0x1
 178 000c 8B050000 		.4byte	.LASF103
 179 0010 0C       		.byte	0xc
 180 0011 EF030000 		.4byte	.LASF104
 181 0015 90010000 		.4byte	.LASF105
 182 0019 00000000 		.4byte	.Ldebug_ranges0+0
 183 001d 00000000 		.4byte	0
 184 0021 00000000 		.4byte	.Ldebug_line0
 185 0025 02       		.uleb128 0x2
 186 0026 01       		.byte	0x1
 187 0027 06       		.byte	0x6
 188 0028 39030000 		.4byte	.LASF0
 189 002c 02       		.uleb128 0x2
 190 002d 01       		.byte	0x1
 191 002e 08       		.byte	0x8
 192 002f F2020000 		.4byte	.LASF1
 193 0033 02       		.uleb128 0x2
 194 0034 02       		.byte	0x2
 195 0035 05       		.byte	0x5
 196 0036 73000000 		.4byte	.LASF2
 197 003a 02       		.uleb128 0x2
 198 003b 02       		.byte	0x2
 199 003c 07       		.byte	0x7
 200 003d AC040000 		.4byte	.LASF3
 201 0041 02       		.uleb128 0x2
 202 0042 04       		.byte	0x4
 203 0043 05       		.byte	0x5
 204 0044 24020000 		.4byte	.LASF4
 205 0048 03       		.uleb128 0x3
 206 0049 43050000 		.4byte	.LASF9
ARM GAS  C:\Users\salaz\AppData\Local\Temp\ccGG5CeF.s 			page 7


 207 004d 02       		.byte	0x2
 208 004e 41       		.byte	0x41
 209 004f 53000000 		.4byte	0x53
 210 0053 02       		.uleb128 0x2
 211 0054 04       		.byte	0x4
 212 0055 07       		.byte	0x7
 213 0056 DE040000 		.4byte	.LASF5
 214 005a 02       		.uleb128 0x2
 215 005b 08       		.byte	0x8
 216 005c 05       		.byte	0x5
 217 005d 0F020000 		.4byte	.LASF6
 218 0061 02       		.uleb128 0x2
 219 0062 08       		.byte	0x8
 220 0063 07       		.byte	0x7
 221 0064 4E030000 		.4byte	.LASF7
 222 0068 04       		.uleb128 0x4
 223 0069 04       		.byte	0x4
 224 006a 05       		.byte	0x5
 225 006b 696E7400 		.ascii	"int\000"
 226 006f 02       		.uleb128 0x2
 227 0070 04       		.byte	0x4
 228 0071 07       		.byte	0x7
 229 0072 61060000 		.4byte	.LASF8
 230 0076 03       		.uleb128 0x3
 231 0077 65030000 		.4byte	.LASF10
 232 007b 03       		.byte	0x3
 233 007c 30       		.byte	0x30
 234 007d 48000000 		.4byte	0x48
 235 0081 05       		.uleb128 0x5
 236 0082 02       		.byte	0x2
 237 0083 33000000 		.4byte	0x33
 238 0087 04       		.byte	0x4
 239 0088 24       		.byte	0x24
 240 0089 78010000 		.4byte	0x178
 241 008d 06       		.uleb128 0x6
 242 008e 2D020000 		.4byte	.LASF11
 243 0092 71       		.sleb128 -15
 244 0093 06       		.uleb128 0x6
 245 0094 4E050000 		.4byte	.LASF12
 246 0098 72       		.sleb128 -14
 247 0099 06       		.uleb128 0x6
 248 009a 9A030000 		.4byte	.LASF13
 249 009e 73       		.sleb128 -13
 250 009f 06       		.uleb128 0x6
 251 00a0 8E030000 		.4byte	.LASF14
 252 00a4 7B       		.sleb128 -5
 253 00a5 06       		.uleb128 0x6
 254 00a6 7D030000 		.4byte	.LASF15
 255 00aa 7E       		.sleb128 -2
 256 00ab 06       		.uleb128 0x6
 257 00ac 16000000 		.4byte	.LASF16
 258 00b0 7F       		.sleb128 -1
 259 00b1 07       		.uleb128 0x7
 260 00b2 2B030000 		.4byte	.LASF17
 261 00b6 00       		.byte	0
 262 00b7 07       		.uleb128 0x7
 263 00b8 36000000 		.4byte	.LASF18
ARM GAS  C:\Users\salaz\AppData\Local\Temp\ccGG5CeF.s 			page 8


 264 00bc 01       		.byte	0x1
 265 00bd 07       		.uleb128 0x7
 266 00be F8000000 		.4byte	.LASF19
 267 00c2 02       		.byte	0x2
 268 00c3 07       		.uleb128 0x7
 269 00c4 E1030000 		.4byte	.LASF20
 270 00c8 03       		.byte	0x3
 271 00c9 07       		.uleb128 0x7
 272 00ca 44000000 		.4byte	.LASF21
 273 00ce 04       		.byte	0x4
 274 00cf 07       		.uleb128 0x7
 275 00d0 DB000000 		.4byte	.LASF22
 276 00d4 05       		.byte	0x5
 277 00d5 07       		.uleb128 0x7
 278 00d6 CE030000 		.4byte	.LASF23
 279 00da 06       		.byte	0x6
 280 00db 07       		.uleb128 0x7
 281 00dc 6E050000 		.4byte	.LASF24
 282 00e0 07       		.byte	0x7
 283 00e1 07       		.uleb128 0x7
 284 00e2 C1000000 		.4byte	.LASF25
 285 00e6 08       		.byte	0x8
 286 00e7 07       		.uleb128 0x7
 287 00e8 B1030000 		.4byte	.LASF26
 288 00ec 09       		.byte	0x9
 289 00ed 07       		.uleb128 0x7
 290 00ee 32040000 		.4byte	.LASF27
 291 00f2 0A       		.byte	0xa
 292 00f3 07       		.uleb128 0x7
 293 00f4 21010000 		.4byte	.LASF28
 294 00f8 0B       		.byte	0xb
 295 00f9 07       		.uleb128 0x7
 296 00fa 6E030000 		.4byte	.LASF29
 297 00fe 0C       		.byte	0xc
 298 00ff 07       		.uleb128 0x7
 299 0100 FF030000 		.4byte	.LASF30
 300 0104 0D       		.byte	0xd
 301 0105 07       		.uleb128 0x7
 302 0106 E9000000 		.4byte	.LASF31
 303 010a 0E       		.byte	0xe
 304 010b 07       		.uleb128 0x7
 305 010c 9D040000 		.4byte	.LASF32
 306 0110 0F       		.byte	0xf
 307 0111 07       		.uleb128 0x7
 308 0112 A9000000 		.4byte	.LASF33
 309 0116 10       		.byte	0x10
 310 0117 07       		.uleb128 0x7
 311 0118 BE020000 		.4byte	.LASF34
 312 011c 11       		.byte	0x11
 313 011d 07       		.uleb128 0x7
 314 011e 00020000 		.4byte	.LASF35
 315 0122 12       		.byte	0x12
 316 0123 07       		.uleb128 0x7
 317 0124 BF030000 		.4byte	.LASF36
 318 0128 13       		.byte	0x13
 319 0129 07       		.uleb128 0x7
 320 012a 81010000 		.4byte	.LASF37
ARM GAS  C:\Users\salaz\AppData\Local\Temp\ccGG5CeF.s 			page 9


 321 012e 14       		.byte	0x14
 322 012f 07       		.uleb128 0x7
 323 0130 72040000 		.4byte	.LASF38
 324 0134 15       		.byte	0x15
 325 0135 07       		.uleb128 0x7
 326 0136 6E060000 		.4byte	.LASF39
 327 013a 16       		.byte	0x16
 328 013b 07       		.uleb128 0x7
 329 013c 60010000 		.4byte	.LASF40
 330 0140 17       		.byte	0x17
 331 0141 07       		.uleb128 0x7
 332 0142 4F040000 		.4byte	.LASF41
 333 0146 18       		.byte	0x18
 334 0147 07       		.uleb128 0x7
 335 0148 1D060000 		.4byte	.LASF42
 336 014c 19       		.byte	0x19
 337 014d 07       		.uleb128 0x7
 338 014e 3F010000 		.4byte	.LASF43
 339 0152 1A       		.byte	0x1a
 340 0153 07       		.uleb128 0x7
 341 0154 23040000 		.4byte	.LASF44
 342 0158 1B       		.byte	0x1b
 343 0159 07       		.uleb128 0x7
 344 015a 7C050000 		.4byte	.LASF45
 345 015e 1C       		.byte	0x1c
 346 015f 07       		.uleb128 0x7
 347 0160 5E040000 		.4byte	.LASF46
 348 0164 1D       		.byte	0x1d
 349 0165 07       		.uleb128 0x7
 350 0166 30010000 		.4byte	.LASF47
 351 016a 1E       		.byte	0x1e
 352 016b 07       		.uleb128 0x7
 353 016c F0040000 		.4byte	.LASF48
 354 0170 1F       		.byte	0x1f
 355 0171 07       		.uleb128 0x7
 356 0172 AD020000 		.4byte	.LASF49
 357 0176 F0       		.byte	0xf0
 358 0177 00       		.byte	0
 359 0178 03       		.uleb128 0x3
 360 0179 14030000 		.4byte	.LASF50
 361 017d 04       		.byte	0x4
 362 017e F4       		.byte	0xf4
 363 017f 81000000 		.4byte	0x81
 364 0183 02       		.uleb128 0x2
 365 0184 04       		.byte	0x4
 366 0185 07       		.byte	0x7
 367 0186 B8000000 		.4byte	.LASF51
 368 018a 08       		.uleb128 0x8
 369 018b 76000000 		.4byte	0x76
 370 018f 09       		.uleb128 0x9
 371 0190 8A010000 		.4byte	0x18a
 372 0194 0A       		.uleb128 0xa
 373 0195 8F010000 		.4byte	0x18f
 374 0199 A4010000 		.4byte	0x1a4
 375 019d 0B       		.uleb128 0xb
 376 019e 83010000 		.4byte	0x183
 377 01a2 02       		.byte	0x2
ARM GAS  C:\Users\salaz\AppData\Local\Temp\ccGG5CeF.s 			page 10


 378 01a3 00       		.byte	0
 379 01a4 0A       		.uleb128 0xa
 380 01a5 8F010000 		.4byte	0x18f
 381 01a9 B4010000 		.4byte	0x1b4
 382 01ad 0B       		.uleb128 0xb
 383 01ae 83010000 		.4byte	0x183
 384 01b2 03       		.byte	0x3
 385 01b3 00       		.byte	0
 386 01b4 0C       		.uleb128 0xc
 387 01b5 20       		.byte	0x20
 388 01b6 05       		.byte	0x5
 389 01b7 23       		.byte	0x23
 390 01b8 05020000 		.4byte	0x205
 391 01bc 0D       		.uleb128 0xd
 392 01bd 7D060000 		.4byte	.LASF52
 393 01c1 05       		.byte	0x5
 394 01c2 24       		.byte	0x24
 395 01c3 8F010000 		.4byte	0x18f
 396 01c7 00       		.byte	0
 397 01c8 0D       		.uleb128 0xd
 398 01c9 EA020000 		.4byte	.LASF53
 399 01cd 05       		.byte	0x5
 400 01ce 25       		.byte	0x25
 401 01cf 8A010000 		.4byte	0x18a
 402 01d3 04       		.byte	0x4
 403 01d4 0D       		.uleb128 0xd
 404 01d5 1D020000 		.4byte	.LASF54
 405 01d9 05       		.byte	0x5
 406 01da 26       		.byte	0x26
 407 01db 8A010000 		.4byte	0x18a
 408 01df 08       		.byte	0x8
 409 01e0 0D       		.uleb128 0xd
 410 01e1 CD020000 		.4byte	.LASF55
 411 01e5 05       		.byte	0x5
 412 01e6 27       		.byte	0x27
 413 01e7 8A010000 		.4byte	0x18a
 414 01eb 0C       		.byte	0xc
 415 01ec 0D       		.uleb128 0xd
 416 01ed 62050000 		.4byte	.LASF56
 417 01f1 05       		.byte	0x5
 418 01f2 28       		.byte	0x28
 419 01f3 8F010000 		.4byte	0x18f
 420 01f7 10       		.byte	0x10
 421 01f8 0D       		.uleb128 0xd
 422 01f9 4F060000 		.4byte	.LASF57
 423 01fd 05       		.byte	0x5
 424 01fe 29       		.byte	0x29
 425 01ff 0A020000 		.4byte	0x20a
 426 0203 14       		.byte	0x14
 427 0204 00       		.byte	0
 428 0205 08       		.uleb128 0x8
 429 0206 94010000 		.4byte	0x194
 430 020a 09       		.uleb128 0x9
 431 020b 05020000 		.4byte	0x205
 432 020f 03       		.uleb128 0x3
 433 0210 9D020000 		.4byte	.LASF58
 434 0214 05       		.byte	0x5
ARM GAS  C:\Users\salaz\AppData\Local\Temp\ccGG5CeF.s 			page 11


 435 0215 2A       		.byte	0x2a
 436 0216 B4010000 		.4byte	0x1b4
 437 021a 0C       		.uleb128 0xc
 438 021b 20       		.byte	0x20
 439 021c 05       		.byte	0x5
 440 021d 2F       		.byte	0x2f
 441 021e 5F020000 		.4byte	0x25f
 442 0222 0D       		.uleb128 0xd
 443 0223 6D040000 		.4byte	.LASF59
 444 0227 05       		.byte	0x5
 445 0228 30       		.byte	0x30
 446 0229 8A010000 		.4byte	0x18a
 447 022d 00       		.byte	0
 448 022e 0D       		.uleb128 0xd
 449 022f 45030000 		.4byte	.LASF60
 450 0233 05       		.byte	0x5
 451 0234 31       		.byte	0x31
 452 0235 8A010000 		.4byte	0x18a
 453 0239 04       		.byte	0x4
 454 023a 0D       		.uleb128 0xd
 455 023b D2010000 		.4byte	.LASF61
 456 023f 05       		.byte	0x5
 457 0240 32       		.byte	0x32
 458 0241 8A010000 		.4byte	0x18a
 459 0245 08       		.byte	0x8
 460 0246 0D       		.uleb128 0xd
 461 0247 D2020000 		.4byte	.LASF62
 462 024b 05       		.byte	0x5
 463 024c 33       		.byte	0x33
 464 024d 8F010000 		.4byte	0x18f
 465 0251 0C       		.byte	0xc
 466 0252 0D       		.uleb128 0xd
 467 0253 4F060000 		.4byte	.LASF57
 468 0257 05       		.byte	0x5
 469 0258 34       		.byte	0x34
 470 0259 64020000 		.4byte	0x264
 471 025d 10       		.byte	0x10
 472 025e 00       		.byte	0
 473 025f 08       		.uleb128 0x8
 474 0260 A4010000 		.4byte	0x1a4
 475 0264 09       		.uleb128 0x9
 476 0265 5F020000 		.4byte	0x25f
 477 0269 03       		.uleb128 0x3
 478 026a 50020000 		.4byte	.LASF63
 479 026e 05       		.byte	0x5
 480 026f 35       		.byte	0x35
 481 0270 1A020000 		.4byte	0x21a
 482 0274 0E       		.uleb128 0xe
 483 0275 BF040000 		.4byte	.LASF64
 484 0279 06       		.byte	0x6
 485 027a BC01     		.2byte	0x1bc
 486 027c 80020000 		.4byte	0x280
 487 0280 0F       		.uleb128 0xf
 488 0281 04       		.byte	0x4
 489 0282 86020000 		.4byte	0x286
 490 0286 10       		.uleb128 0x10
 491 0287 02       		.uleb128 0x2
ARM GAS  C:\Users\salaz\AppData\Local\Temp\ccGG5CeF.s 			page 12


 492 0288 01       		.byte	0x1
 493 0289 08       		.byte	0x8
 494 028a DC030000 		.4byte	.LASF65
 495 028e 02       		.uleb128 0x2
 496 028f 04       		.byte	0x4
 497 0290 04       		.byte	0x4
 498 0291 FA010000 		.4byte	.LASF66
 499 0295 02       		.uleb128 0x2
 500 0296 08       		.byte	0x8
 501 0297 04       		.byte	0x4
 502 0298 FF040000 		.4byte	.LASF67
 503 029c 02       		.uleb128 0x2
 504 029d 08       		.byte	0x8
 505 029e 04       		.byte	0x4
 506 029f DE020000 		.4byte	.LASF68
 507 02a3 03       		.uleb128 0x3
 508 02a4 06010000 		.4byte	.LASF69
 509 02a8 07       		.byte	0x7
 510 02a9 3E       		.byte	0x3e
 511 02aa AE020000 		.4byte	0x2ae
 512 02ae 0F       		.uleb128 0xf
 513 02af 04       		.byte	0x4
 514 02b0 B4020000 		.4byte	0x2b4
 515 02b4 11       		.uleb128 0x11
 516 02b5 BF020000 		.4byte	0x2bf
 517 02b9 12       		.uleb128 0x12
 518 02ba BF020000 		.4byte	0x2bf
 519 02be 00       		.byte	0
 520 02bf 0F       		.uleb128 0xf
 521 02c0 04       		.byte	0x4
 522 02c1 76000000 		.4byte	0x76
 523 02c5 03       		.uleb128 0x3
 524 02c6 DC010000 		.4byte	.LASF70
 525 02ca 07       		.byte	0x7
 526 02cb 41       		.byte	0x41
 527 02cc 80020000 		.4byte	0x280
 528 02d0 03       		.uleb128 0x3
 529 02d1 52000000 		.4byte	.LASF71
 530 02d5 07       		.byte	0x7
 531 02d6 44       		.byte	0x44
 532 02d7 DB020000 		.4byte	0x2db
 533 02db 0F       		.uleb128 0xf
 534 02dc 04       		.byte	0x4
 535 02dd A3020000 		.4byte	0x2a3
 536 02e1 0C       		.uleb128 0xc
 537 02e2 2C       		.byte	0x2c
 538 02e3 07       		.byte	0x7
 539 02e4 7E       		.byte	0x7e
 540 02e5 6E030000 		.4byte	0x36e
 541 02e9 0D       		.uleb128 0xd
 542 02ea A9030000 		.4byte	.LASF72
 543 02ee 07       		.byte	0x7
 544 02ef 80       		.byte	0x80
 545 02f0 76000000 		.4byte	0x76
 546 02f4 00       		.byte	0
 547 02f5 0D       		.uleb128 0xd
 548 02f6 3A050000 		.4byte	.LASF73
ARM GAS  C:\Users\salaz\AppData\Local\Temp\ccGG5CeF.s 			page 13


 549 02fa 07       		.byte	0x7
 550 02fb 81       		.byte	0x81
 551 02fc 76000000 		.4byte	0x76
 552 0300 04       		.byte	0x4
 553 0301 0D       		.uleb128 0xd
 554 0302 CF000000 		.4byte	.LASF74
 555 0306 07       		.byte	0x7
 556 0307 82       		.byte	0x82
 557 0308 76000000 		.4byte	0x76
 558 030c 08       		.byte	0x8
 559 030d 0D       		.uleb128 0xd
 560 030e 44020000 		.4byte	.LASF75
 561 0312 07       		.byte	0x7
 562 0313 83       		.byte	0x83
 563 0314 78010000 		.4byte	0x178
 564 0318 0C       		.byte	0xc
 565 0319 0D       		.uleb128 0xd
 566 031a 59010000 		.4byte	.LASF76
 567 031e 07       		.byte	0x7
 568 031f 85       		.byte	0x85
 569 0320 6E030000 		.4byte	0x36e
 570 0324 10       		.byte	0x10
 571 0325 0D       		.uleb128 0xd
 572 0326 4E010000 		.4byte	.LASF77
 573 032a 07       		.byte	0x7
 574 032b 86       		.byte	0x86
 575 032c 74030000 		.4byte	0x374
 576 0330 14       		.byte	0x14
 577 0331 0D       		.uleb128 0xd
 578 0332 35050000 		.4byte	.LASF78
 579 0336 07       		.byte	0x7
 580 0337 87       		.byte	0x87
 581 0338 76000000 		.4byte	0x76
 582 033c 18       		.byte	0x18
 583 033d 0D       		.uleb128 0xd
 584 033e 38020000 		.4byte	.LASF79
 585 0342 07       		.byte	0x7
 586 0343 88       		.byte	0x88
 587 0344 76000000 		.4byte	0x76
 588 0348 1C       		.byte	0x1c
 589 0349 0D       		.uleb128 0xd
 590 034a 41040000 		.4byte	.LASF80
 591 034e 07       		.byte	0x7
 592 034f 8A       		.byte	0x8a
 593 0350 D0020000 		.4byte	0x2d0
 594 0354 20       		.byte	0x20
 595 0355 0D       		.uleb128 0xd
 596 0356 7D000000 		.4byte	.LASF81
 597 035a 07       		.byte	0x7
 598 035b 8B       		.byte	0x8b
 599 035c C5020000 		.4byte	0x2c5
 600 0360 24       		.byte	0x24
 601 0361 0D       		.uleb128 0xd
 602 0362 06050000 		.4byte	.LASF82
 603 0366 07       		.byte	0x7
 604 0367 8C       		.byte	0x8c
 605 0368 C5020000 		.4byte	0x2c5
ARM GAS  C:\Users\salaz\AppData\Local\Temp\ccGG5CeF.s 			page 14


 606 036c 28       		.byte	0x28
 607 036d 00       		.byte	0
 608 036e 0F       		.uleb128 0xf
 609 036f 04       		.byte	0x4
 610 0370 0F020000 		.4byte	0x20f
 611 0374 0F       		.uleb128 0xf
 612 0375 04       		.byte	0x4
 613 0376 69020000 		.4byte	0x269
 614 037a 03       		.uleb128 0x3
 615 037b 2C060000 		.4byte	.LASF83
 616 037f 07       		.byte	0x7
 617 0380 8D       		.byte	0x8d
 618 0381 E1020000 		.4byte	0x2e1
 619 0385 0C       		.uleb128 0xc
 620 0386 14       		.byte	0x14
 621 0387 07       		.byte	0x7
 622 0388 90       		.byte	0x90
 623 0389 CA030000 		.4byte	0x3ca
 624 038d 0D       		.uleb128 0xd
 625 038e 6F010000 		.4byte	.LASF84
 626 0392 07       		.byte	0x7
 627 0393 92       		.byte	0x92
 628 0394 76000000 		.4byte	0x76
 629 0398 00       		.byte	0
 630 0399 0D       		.uleb128 0xd
 631 039a 00030000 		.4byte	.LASF85
 632 039e 07       		.byte	0x7
 633 039f 93       		.byte	0x93
 634 03a0 76000000 		.4byte	0x76
 635 03a4 04       		.byte	0x4
 636 03a5 0D       		.uleb128 0xd
 637 03a6 20050000 		.4byte	.LASF86
 638 03aa 07       		.byte	0x7
 639 03ab 94       		.byte	0x94
 640 03ac 76000000 		.4byte	0x76
 641 03b0 08       		.byte	0x8
 642 03b1 0D       		.uleb128 0xd
 643 03b2 65020000 		.4byte	.LASF87
 644 03b6 07       		.byte	0x7
 645 03b7 96       		.byte	0x96
 646 03b8 76000000 		.4byte	0x76
 647 03bc 0C       		.byte	0xc
 648 03bd 0D       		.uleb128 0xd
 649 03be 58060000 		.4byte	.LASF88
 650 03c2 07       		.byte	0x7
 651 03c3 97       		.byte	0x97
 652 03c4 76000000 		.4byte	0x76
 653 03c8 10       		.byte	0x10
 654 03c9 00       		.byte	0
 655 03ca 03       		.uleb128 0x3
 656 03cb 81040000 		.4byte	.LASF89
 657 03cf 07       		.byte	0x7
 658 03d0 99       		.byte	0x99
 659 03d1 85030000 		.4byte	0x385
 660 03d5 0C       		.uleb128 0xc
 661 03d6 34       		.byte	0x34
 662 03d7 07       		.byte	0x7
ARM GAS  C:\Users\salaz\AppData\Local\Temp\ccGG5CeF.s 			page 15


 663 03d8 9C       		.byte	0x9c
 664 03d9 1A040000 		.4byte	0x41a
 665 03dd 0D       		.uleb128 0xd
 666 03de 85060000 		.4byte	.LASF90
 667 03e2 07       		.byte	0x7
 668 03e3 9F       		.byte	0x9f
 669 03e4 CA030000 		.4byte	0x3ca
 670 03e8 00       		.byte	0
 671 03e9 0D       		.uleb128 0xd
 672 03ea 41060000 		.4byte	.LASF91
 673 03ee 07       		.byte	0x7
 674 03ef A2       		.byte	0xa2
 675 03f0 CA030000 		.4byte	0x3ca
 676 03f4 14       		.byte	0x14
 677 03f5 0D       		.uleb128 0xd
 678 03f6 0E040000 		.4byte	.LASF92
 679 03fa 07       		.byte	0x7
 680 03fb A5       		.byte	0xa5
 681 03fc 76000000 		.4byte	0x76
 682 0400 28       		.byte	0x28
 683 0401 0D       		.uleb128 0xd
 684 0402 A9060000 		.4byte	.LASF93
 685 0406 07       		.byte	0x7
 686 0407 A8       		.byte	0xa8
 687 0408 D0020000 		.4byte	0x2d0
 688 040c 2C       		.byte	0x2c
 689 040d 0D       		.uleb128 0xd
 690 040e 23000000 		.4byte	.LASF94
 691 0412 07       		.byte	0x7
 692 0413 AB       		.byte	0xab
 693 0414 74020000 		.4byte	0x274
 694 0418 30       		.byte	0x30
 695 0419 00       		.byte	0
 696 041a 03       		.uleb128 0x3
 697 041b 90000000 		.4byte	.LASF95
 698 041f 07       		.byte	0x7
 699 0420 AC       		.byte	0xac
 700 0421 D5030000 		.4byte	0x3d5
 701 0425 13       		.uleb128 0x13
 702 0426 93060000 		.4byte	.LASF96
 703 042a 01       		.byte	0x1
 704 042b 3F       		.byte	0x3f
 705 042c 00000000 		.4byte	.LFB57
 706 0430 1C000000 		.4byte	.LFE57-.LFB57
 707 0434 01       		.uleb128 0x1
 708 0435 9C       		.byte	0x9c
 709 0436 4C040000 		.4byte	0x44c
 710 043a 14       		.uleb128 0x14
 711 043b 1E030000 		.4byte	.LASF98
 712 043f 01       		.byte	0x1
 713 0440 43       		.byte	0x43
 714 0441 4C040000 		.4byte	0x44c
 715 0445 05       		.uleb128 0x5
 716 0446 03       		.byte	0x3
 717 0447 00000000 		.4byte	ipcSemaArray.9346
 718 044b 00       		.byte	0
 719 044c 0A       		.uleb128 0xa
ARM GAS  C:\Users\salaz\AppData\Local\Temp\ccGG5CeF.s 			page 16


 720 044d 76000000 		.4byte	0x76
 721 0451 5C040000 		.4byte	0x45c
 722 0455 0B       		.uleb128 0xb
 723 0456 83010000 		.4byte	0x183
 724 045a 03       		.byte	0x3
 725 045b 00       		.byte	0
 726 045c 13       		.uleb128 0x13
 727 045d 00000000 		.4byte	.LASF97
 728 0461 01       		.byte	0x1
 729 0462 5C       		.byte	0x5c
 730 0463 00000000 		.4byte	.LFB58
 731 0467 38000000 		.4byte	.LFE58-.LFB58
 732 046b 01       		.uleb128 0x1
 733 046c 9C       		.byte	0x9c
 734 046d B3040000 		.4byte	0x4b3
 735 0471 14       		.uleb128 0x14
 736 0472 6F020000 		.4byte	.LASF99
 737 0476 01       		.byte	0x1
 738 0477 5F       		.byte	0x5f
 739 0478 B3040000 		.4byte	0x4b3
 740 047c 05       		.uleb128 0x5
 741 047d 03       		.byte	0x3
 742 047e 10000000 		.4byte	cy_ipc_pipe_sysEpArray.9350
 743 0482 14       		.uleb128 0x14
 744 0483 89030000 		.4byte	.LASF100
 745 0487 01       		.byte	0x1
 746 0488 64       		.byte	0x64
 747 0489 76000000 		.4byte	0x76
 748 048d 02       		.uleb128 0x2
 749 048e 91       		.byte	0x91
 750 048f 74       		.sleb128 -12
 751 0490 14       		.uleb128 0x14
 752 0491 86020000 		.4byte	.LASF101
 753 0495 01       		.byte	0x1
 754 0496 66       		.byte	0x66
 755 0497 C3040000 		.4byte	0x4c3
 756 049b 05       		.uleb128 0x5
 757 049c 03       		.byte	0x3
 758 049d 70010000 		.4byte	cy_ipc_pipe_sysCbArray.9352
 759 04a1 14       		.uleb128 0x14
 760 04a2 CD040000 		.4byte	.LASF102
 761 04a6 01       		.byte	0x1
 762 04a7 68       		.byte	0x68
 763 04a8 D3040000 		.4byte	0x4d3
 764 04ac 05       		.uleb128 0x5
 765 04ad 03       		.byte	0x3
 766 04ae 00000000 		.4byte	systemPipeConfig.9353
 767 04b2 00       		.byte	0
 768 04b3 0A       		.uleb128 0xa
 769 04b4 7A030000 		.4byte	0x37a
 770 04b8 C3040000 		.4byte	0x4c3
 771 04bc 0B       		.uleb128 0xb
 772 04bd 83010000 		.4byte	0x183
 773 04c1 07       		.byte	0x7
 774 04c2 00       		.byte	0
 775 04c3 0A       		.uleb128 0xa
 776 04c4 A3020000 		.4byte	0x2a3
ARM GAS  C:\Users\salaz\AppData\Local\Temp\ccGG5CeF.s 			page 17


 777 04c8 D3040000 		.4byte	0x4d3
 778 04cc 0B       		.uleb128 0xb
 779 04cd 83010000 		.4byte	0x183
 780 04d1 07       		.byte	0x7
 781 04d2 00       		.byte	0
 782 04d3 09       		.uleb128 0x9
 783 04d4 1A040000 		.4byte	0x41a
 784 04d8 15       		.uleb128 0x15
 785 04d9 BD010000 		.4byte	.LASF106
 786 04dd 01       		.byte	0x1
 787 04de 7A       		.byte	0x7a
 788 04df 00000000 		.4byte	.LFB59
 789 04e3 10000000 		.4byte	.LFE59-.LFB59
 790 04e7 01       		.uleb128 0x1
 791 04e8 9C       		.byte	0x9c
 792 04e9 00       		.byte	0
 793              		.section	.debug_abbrev,"",%progbits
 794              	.Ldebug_abbrev0:
 795 0000 01       		.uleb128 0x1
 796 0001 11       		.uleb128 0x11
 797 0002 01       		.byte	0x1
 798 0003 25       		.uleb128 0x25
 799 0004 0E       		.uleb128 0xe
 800 0005 13       		.uleb128 0x13
 801 0006 0B       		.uleb128 0xb
 802 0007 03       		.uleb128 0x3
 803 0008 0E       		.uleb128 0xe
 804 0009 1B       		.uleb128 0x1b
 805 000a 0E       		.uleb128 0xe
 806 000b 55       		.uleb128 0x55
 807 000c 17       		.uleb128 0x17
 808 000d 11       		.uleb128 0x11
 809 000e 01       		.uleb128 0x1
 810 000f 10       		.uleb128 0x10
 811 0010 17       		.uleb128 0x17
 812 0011 00       		.byte	0
 813 0012 00       		.byte	0
 814 0013 02       		.uleb128 0x2
 815 0014 24       		.uleb128 0x24
 816 0015 00       		.byte	0
 817 0016 0B       		.uleb128 0xb
 818 0017 0B       		.uleb128 0xb
 819 0018 3E       		.uleb128 0x3e
 820 0019 0B       		.uleb128 0xb
 821 001a 03       		.uleb128 0x3
 822 001b 0E       		.uleb128 0xe
 823 001c 00       		.byte	0
 824 001d 00       		.byte	0
 825 001e 03       		.uleb128 0x3
 826 001f 16       		.uleb128 0x16
 827 0020 00       		.byte	0
 828 0021 03       		.uleb128 0x3
 829 0022 0E       		.uleb128 0xe
 830 0023 3A       		.uleb128 0x3a
 831 0024 0B       		.uleb128 0xb
 832 0025 3B       		.uleb128 0x3b
 833 0026 0B       		.uleb128 0xb
ARM GAS  C:\Users\salaz\AppData\Local\Temp\ccGG5CeF.s 			page 18


 834 0027 49       		.uleb128 0x49
 835 0028 13       		.uleb128 0x13
 836 0029 00       		.byte	0
 837 002a 00       		.byte	0
 838 002b 04       		.uleb128 0x4
 839 002c 24       		.uleb128 0x24
 840 002d 00       		.byte	0
 841 002e 0B       		.uleb128 0xb
 842 002f 0B       		.uleb128 0xb
 843 0030 3E       		.uleb128 0x3e
 844 0031 0B       		.uleb128 0xb
 845 0032 03       		.uleb128 0x3
 846 0033 08       		.uleb128 0x8
 847 0034 00       		.byte	0
 848 0035 00       		.byte	0
 849 0036 05       		.uleb128 0x5
 850 0037 04       		.uleb128 0x4
 851 0038 01       		.byte	0x1
 852 0039 0B       		.uleb128 0xb
 853 003a 0B       		.uleb128 0xb
 854 003b 49       		.uleb128 0x49
 855 003c 13       		.uleb128 0x13
 856 003d 3A       		.uleb128 0x3a
 857 003e 0B       		.uleb128 0xb
 858 003f 3B       		.uleb128 0x3b
 859 0040 0B       		.uleb128 0xb
 860 0041 01       		.uleb128 0x1
 861 0042 13       		.uleb128 0x13
 862 0043 00       		.byte	0
 863 0044 00       		.byte	0
 864 0045 06       		.uleb128 0x6
 865 0046 28       		.uleb128 0x28
 866 0047 00       		.byte	0
 867 0048 03       		.uleb128 0x3
 868 0049 0E       		.uleb128 0xe
 869 004a 1C       		.uleb128 0x1c
 870 004b 0D       		.uleb128 0xd
 871 004c 00       		.byte	0
 872 004d 00       		.byte	0
 873 004e 07       		.uleb128 0x7
 874 004f 28       		.uleb128 0x28
 875 0050 00       		.byte	0
 876 0051 03       		.uleb128 0x3
 877 0052 0E       		.uleb128 0xe
 878 0053 1C       		.uleb128 0x1c
 879 0054 0B       		.uleb128 0xb
 880 0055 00       		.byte	0
 881 0056 00       		.byte	0
 882 0057 08       		.uleb128 0x8
 883 0058 35       		.uleb128 0x35
 884 0059 00       		.byte	0
 885 005a 49       		.uleb128 0x49
 886 005b 13       		.uleb128 0x13
 887 005c 00       		.byte	0
 888 005d 00       		.byte	0
 889 005e 09       		.uleb128 0x9
 890 005f 26       		.uleb128 0x26
ARM GAS  C:\Users\salaz\AppData\Local\Temp\ccGG5CeF.s 			page 19


 891 0060 00       		.byte	0
 892 0061 49       		.uleb128 0x49
 893 0062 13       		.uleb128 0x13
 894 0063 00       		.byte	0
 895 0064 00       		.byte	0
 896 0065 0A       		.uleb128 0xa
 897 0066 01       		.uleb128 0x1
 898 0067 01       		.byte	0x1
 899 0068 49       		.uleb128 0x49
 900 0069 13       		.uleb128 0x13
 901 006a 01       		.uleb128 0x1
 902 006b 13       		.uleb128 0x13
 903 006c 00       		.byte	0
 904 006d 00       		.byte	0
 905 006e 0B       		.uleb128 0xb
 906 006f 21       		.uleb128 0x21
 907 0070 00       		.byte	0
 908 0071 49       		.uleb128 0x49
 909 0072 13       		.uleb128 0x13
 910 0073 2F       		.uleb128 0x2f
 911 0074 0B       		.uleb128 0xb
 912 0075 00       		.byte	0
 913 0076 00       		.byte	0
 914 0077 0C       		.uleb128 0xc
 915 0078 13       		.uleb128 0x13
 916 0079 01       		.byte	0x1
 917 007a 0B       		.uleb128 0xb
 918 007b 0B       		.uleb128 0xb
 919 007c 3A       		.uleb128 0x3a
 920 007d 0B       		.uleb128 0xb
 921 007e 3B       		.uleb128 0x3b
 922 007f 0B       		.uleb128 0xb
 923 0080 01       		.uleb128 0x1
 924 0081 13       		.uleb128 0x13
 925 0082 00       		.byte	0
 926 0083 00       		.byte	0
 927 0084 0D       		.uleb128 0xd
 928 0085 0D       		.uleb128 0xd
 929 0086 00       		.byte	0
 930 0087 03       		.uleb128 0x3
 931 0088 0E       		.uleb128 0xe
 932 0089 3A       		.uleb128 0x3a
 933 008a 0B       		.uleb128 0xb
 934 008b 3B       		.uleb128 0x3b
 935 008c 0B       		.uleb128 0xb
 936 008d 49       		.uleb128 0x49
 937 008e 13       		.uleb128 0x13
 938 008f 38       		.uleb128 0x38
 939 0090 0B       		.uleb128 0xb
 940 0091 00       		.byte	0
 941 0092 00       		.byte	0
 942 0093 0E       		.uleb128 0xe
 943 0094 16       		.uleb128 0x16
 944 0095 00       		.byte	0
 945 0096 03       		.uleb128 0x3
 946 0097 0E       		.uleb128 0xe
 947 0098 3A       		.uleb128 0x3a
ARM GAS  C:\Users\salaz\AppData\Local\Temp\ccGG5CeF.s 			page 20


 948 0099 0B       		.uleb128 0xb
 949 009a 3B       		.uleb128 0x3b
 950 009b 05       		.uleb128 0x5
 951 009c 49       		.uleb128 0x49
 952 009d 13       		.uleb128 0x13
 953 009e 00       		.byte	0
 954 009f 00       		.byte	0
 955 00a0 0F       		.uleb128 0xf
 956 00a1 0F       		.uleb128 0xf
 957 00a2 00       		.byte	0
 958 00a3 0B       		.uleb128 0xb
 959 00a4 0B       		.uleb128 0xb
 960 00a5 49       		.uleb128 0x49
 961 00a6 13       		.uleb128 0x13
 962 00a7 00       		.byte	0
 963 00a8 00       		.byte	0
 964 00a9 10       		.uleb128 0x10
 965 00aa 15       		.uleb128 0x15
 966 00ab 00       		.byte	0
 967 00ac 27       		.uleb128 0x27
 968 00ad 19       		.uleb128 0x19
 969 00ae 00       		.byte	0
 970 00af 00       		.byte	0
 971 00b0 11       		.uleb128 0x11
 972 00b1 15       		.uleb128 0x15
 973 00b2 01       		.byte	0x1
 974 00b3 27       		.uleb128 0x27
 975 00b4 19       		.uleb128 0x19
 976 00b5 01       		.uleb128 0x1
 977 00b6 13       		.uleb128 0x13
 978 00b7 00       		.byte	0
 979 00b8 00       		.byte	0
 980 00b9 12       		.uleb128 0x12
 981 00ba 05       		.uleb128 0x5
 982 00bb 00       		.byte	0
 983 00bc 49       		.uleb128 0x49
 984 00bd 13       		.uleb128 0x13
 985 00be 00       		.byte	0
 986 00bf 00       		.byte	0
 987 00c0 13       		.uleb128 0x13
 988 00c1 2E       		.uleb128 0x2e
 989 00c2 01       		.byte	0x1
 990 00c3 3F       		.uleb128 0x3f
 991 00c4 19       		.uleb128 0x19
 992 00c5 03       		.uleb128 0x3
 993 00c6 0E       		.uleb128 0xe
 994 00c7 3A       		.uleb128 0x3a
 995 00c8 0B       		.uleb128 0xb
 996 00c9 3B       		.uleb128 0x3b
 997 00ca 0B       		.uleb128 0xb
 998 00cb 27       		.uleb128 0x27
 999 00cc 19       		.uleb128 0x19
 1000 00cd 11       		.uleb128 0x11
 1001 00ce 01       		.uleb128 0x1
 1002 00cf 12       		.uleb128 0x12
 1003 00d0 06       		.uleb128 0x6
 1004 00d1 40       		.uleb128 0x40
ARM GAS  C:\Users\salaz\AppData\Local\Temp\ccGG5CeF.s 			page 21


 1005 00d2 18       		.uleb128 0x18
 1006 00d3 9642     		.uleb128 0x2116
 1007 00d5 19       		.uleb128 0x19
 1008 00d6 01       		.uleb128 0x1
 1009 00d7 13       		.uleb128 0x13
 1010 00d8 00       		.byte	0
 1011 00d9 00       		.byte	0
 1012 00da 14       		.uleb128 0x14
 1013 00db 34       		.uleb128 0x34
 1014 00dc 00       		.byte	0
 1015 00dd 03       		.uleb128 0x3
 1016 00de 0E       		.uleb128 0xe
 1017 00df 3A       		.uleb128 0x3a
 1018 00e0 0B       		.uleb128 0xb
 1019 00e1 3B       		.uleb128 0x3b
 1020 00e2 0B       		.uleb128 0xb
 1021 00e3 49       		.uleb128 0x49
 1022 00e4 13       		.uleb128 0x13
 1023 00e5 02       		.uleb128 0x2
 1024 00e6 18       		.uleb128 0x18
 1025 00e7 00       		.byte	0
 1026 00e8 00       		.byte	0
 1027 00e9 15       		.uleb128 0x15
 1028 00ea 2E       		.uleb128 0x2e
 1029 00eb 00       		.byte	0
 1030 00ec 03       		.uleb128 0x3
 1031 00ed 0E       		.uleb128 0xe
 1032 00ee 3A       		.uleb128 0x3a
 1033 00ef 0B       		.uleb128 0xb
 1034 00f0 3B       		.uleb128 0x3b
 1035 00f1 0B       		.uleb128 0xb
 1036 00f2 27       		.uleb128 0x27
 1037 00f3 19       		.uleb128 0x19
 1038 00f4 11       		.uleb128 0x11
 1039 00f5 01       		.uleb128 0x1
 1040 00f6 12       		.uleb128 0x12
 1041 00f7 06       		.uleb128 0x6
 1042 00f8 40       		.uleb128 0x40
 1043 00f9 18       		.uleb128 0x18
 1044 00fa 9642     		.uleb128 0x2116
 1045 00fc 19       		.uleb128 0x19
 1046 00fd 00       		.byte	0
 1047 00fe 00       		.byte	0
 1048 00ff 00       		.byte	0
 1049              		.section	.debug_aranges,"",%progbits
 1050 0000 2C000000 		.4byte	0x2c
 1051 0004 0200     		.2byte	0x2
 1052 0006 00000000 		.4byte	.Ldebug_info0
 1053 000a 04       		.byte	0x4
 1054 000b 00       		.byte	0
 1055 000c 0000     		.2byte	0
 1056 000e 0000     		.2byte	0
 1057 0010 00000000 		.4byte	.LFB57
 1058 0014 1C000000 		.4byte	.LFE57-.LFB57
 1059 0018 00000000 		.4byte	.LFB58
 1060 001c 38000000 		.4byte	.LFE58-.LFB58
 1061 0020 00000000 		.4byte	.LFB59
ARM GAS  C:\Users\salaz\AppData\Local\Temp\ccGG5CeF.s 			page 22


 1062 0024 10000000 		.4byte	.LFE59-.LFB59
 1063 0028 00000000 		.4byte	0
 1064 002c 00000000 		.4byte	0
 1065              		.section	.debug_ranges,"",%progbits
 1066              	.Ldebug_ranges0:
 1067 0000 00000000 		.4byte	.LFB57
 1068 0004 1C000000 		.4byte	.LFE57
 1069 0008 00000000 		.4byte	.LFB58
 1070 000c 38000000 		.4byte	.LFE58
 1071 0010 00000000 		.4byte	.LFB59
 1072 0014 10000000 		.4byte	.LFE59
 1073 0018 00000000 		.4byte	0
 1074 001c 00000000 		.4byte	0
 1075              		.section	.debug_line,"",%progbits
 1076              	.Ldebug_line0:
 1077 0000 73020000 		.section	.debug_str,"MS",%progbits,1
 1077      02003302 
 1077      00000201 
 1077      FB0E0D00 
 1077      01010101 
 1078              	.LASF97:
 1079 0000 43795F49 		.ascii	"Cy_IPC_SystemPipeInit\000"
 1079      50435F53 
 1079      79737465 
 1079      6D506970 
 1079      65496E69 
 1080              	.LASF16:
 1081 0016 53797354 		.ascii	"SysTick_IRQn\000"
 1081      69636B5F 
 1081      4952516E 
 1081      00
 1082              	.LASF94:
 1083 0023 75736572 		.ascii	"userPipeIsrHandler\000"
 1083      50697065 
 1083      49737248 
 1083      616E646C 
 1083      657200
 1084              	.LASF18:
 1085 0036 4E766963 		.ascii	"NvicMux1_IRQn\000"
 1085      4D757831 
 1085      5F495251 
 1085      6E00
 1086              	.LASF21:
 1087 0044 4E766963 		.ascii	"NvicMux4_IRQn\000"
 1087      4D757834 
 1087      5F495251 
 1087      6E00
 1088              	.LASF71:
 1089 0052 63795F69 		.ascii	"cy_ipc_pipe_callback_array_ptr_t\000"
 1089      70635F70 
 1089      6970655F 
 1089      63616C6C 
 1089      6261636B 
 1090              	.LASF2:
 1091 0073 73686F72 		.ascii	"short int\000"
 1091      7420696E 
 1091      7400
ARM GAS  C:\Users\salaz\AppData\Local\Temp\ccGG5CeF.s 			page 23


 1092              	.LASF81:
 1093 007d 72656C65 		.ascii	"releaseCallbackPtr\000"
 1093      61736543 
 1093      616C6C62 
 1093      61636B50 
 1093      747200
 1094              	.LASF95:
 1095 0090 63795F73 		.ascii	"cy_stc_ipc_pipe_config_t\000"
 1095      74635F69 
 1095      70635F70 
 1095      6970655F 
 1095      636F6E66 
 1096              	.LASF33:
 1097 00a9 4E766963 		.ascii	"NvicMux16_IRQn\000"
 1097      4D757831 
 1097      365F4952 
 1097      516E00
 1098              	.LASF51:
 1099 00b8 73697A65 		.ascii	"sizetype\000"
 1099      74797065 
 1099      00
 1100              	.LASF25:
 1101 00c1 4E766963 		.ascii	"NvicMux8_IRQn\000"
 1101      4D757838 
 1101      5F495251 
 1101      6E00
 1102              	.LASF74:
 1103 00cf 70697065 		.ascii	"pipeIntMask\000"
 1103      496E744D 
 1103      61736B00 
 1104              	.LASF22:
 1105 00db 4E766963 		.ascii	"NvicMux5_IRQn\000"
 1105      4D757835 
 1105      5F495251 
 1105      6E00
 1106              	.LASF31:
 1107 00e9 4E766963 		.ascii	"NvicMux14_IRQn\000"
 1107      4D757831 
 1107      345F4952 
 1107      516E00
 1108              	.LASF19:
 1109 00f8 4E766963 		.ascii	"NvicMux2_IRQn\000"
 1109      4D757832 
 1109      5F495251 
 1109      6E00
 1110              	.LASF69:
 1111 0106 63795F69 		.ascii	"cy_ipc_pipe_callback_ptr_t\000"
 1111      70635F70 
 1111      6970655F 
 1111      63616C6C 
 1111      6261636B 
 1112              	.LASF28:
 1113 0121 4E766963 		.ascii	"NvicMux11_IRQn\000"
 1113      4D757831 
 1113      315F4952 
 1113      516E00
 1114              	.LASF47:
ARM GAS  C:\Users\salaz\AppData\Local\Temp\ccGG5CeF.s 			page 24


 1115 0130 4E766963 		.ascii	"NvicMux30_IRQn\000"
 1115      4D757833 
 1115      305F4952 
 1115      516E00
 1116              	.LASF43:
 1117 013f 4E766963 		.ascii	"NvicMux26_IRQn\000"
 1117      4D757832 
 1117      365F4952 
 1117      516E00
 1118              	.LASF77:
 1119 014e 69706349 		.ascii	"ipcIntrPtr\000"
 1119      6E747250 
 1119      747200
 1120              	.LASF76:
 1121 0159 69706350 		.ascii	"ipcPtr\000"
 1121      747200
 1122              	.LASF40:
 1123 0160 4E766963 		.ascii	"NvicMux23_IRQn\000"
 1123      4D757832 
 1123      335F4952 
 1123      516E00
 1124              	.LASF84:
 1125 016f 6970634E 		.ascii	"ipcNotifierNumber\000"
 1125      6F746966 
 1125      6965724E 
 1125      756D6265 
 1125      7200
 1126              	.LASF37:
 1127 0181 4E766963 		.ascii	"NvicMux20_IRQn\000"
 1127      4D757832 
 1127      305F4952 
 1127      516E00
 1128              	.LASF105:
 1129 0190 433A5C55 		.ascii	"C:\\Users\\salaz\\Desktop\\UART\\UART_debug.cydsn\000"
 1129      73657273 
 1129      5C73616C 
 1129      617A5C44 
 1129      65736B74 
 1130              	.LASF106:
 1131 01bd 43795F49 		.ascii	"Cy_IPC_SystemPipeIsr\000"
 1131      50435F53 
 1131      79737465 
 1131      6D506970 
 1131      65497372 
 1132              	.LASF61:
 1133 01d2 494E5452 		.ascii	"INTR_MASK\000"
 1133      5F4D4153 
 1133      4B00
 1134              	.LASF70:
 1135 01dc 63795F69 		.ascii	"cy_ipc_pipe_relcallback_ptr_t\000"
 1135      70635F70 
 1135      6970655F 
 1135      72656C63 
 1135      616C6C62 
 1136              	.LASF66:
 1137 01fa 666C6F61 		.ascii	"float\000"
 1137      7400
ARM GAS  C:\Users\salaz\AppData\Local\Temp\ccGG5CeF.s 			page 25


 1138              	.LASF35:
 1139 0200 4E766963 		.ascii	"NvicMux18_IRQn\000"
 1139      4D757831 
 1139      385F4952 
 1139      516E00
 1140              	.LASF6:
 1141 020f 6C6F6E67 		.ascii	"long long int\000"
 1141      206C6F6E 
 1141      6720696E 
 1141      7400
 1142              	.LASF54:
 1143 021d 4E4F5449 		.ascii	"NOTIFY\000"
 1143      465900
 1144              	.LASF4:
 1145 0224 6C6F6E67 		.ascii	"long int\000"
 1145      20696E74 
 1145      00
 1146              	.LASF11:
 1147 022d 52657365 		.ascii	"Reset_IRQn\000"
 1147      745F4952 
 1147      516E00
 1148              	.LASF79:
 1149 0238 636C6965 		.ascii	"clientCount\000"
 1149      6E74436F 
 1149      756E7400 
 1150              	.LASF75:
 1151 0244 70697065 		.ascii	"pipeIntrSrc\000"
 1151      496E7472 
 1151      53726300 
 1152              	.LASF63:
 1153 0250 4950435F 		.ascii	"IPC_INTR_STRUCT_Type\000"
 1153      494E5452 
 1153      5F535452 
 1153      5543545F 
 1153      54797065 
 1154              	.LASF87:
 1155 0265 65704164 		.ascii	"epAddress\000"
 1155      64726573 
 1155      7300
 1156              	.LASF99:
 1157 026f 63795F69 		.ascii	"cy_ipc_pipe_sysEpArray\000"
 1157      70635F70 
 1157      6970655F 
 1157      73797345 
 1157      70417272 
 1158              	.LASF101:
 1159 0286 63795F69 		.ascii	"cy_ipc_pipe_sysCbArray\000"
 1159      70635F70 
 1159      6970655F 
 1159      73797343 
 1159      62417272 
 1160              	.LASF58:
 1161 029d 4950435F 		.ascii	"IPC_STRUCT_Type\000"
 1161      53545255 
 1161      43545F54 
 1161      79706500 
 1162              	.LASF49:
ARM GAS  C:\Users\salaz\AppData\Local\Temp\ccGG5CeF.s 			page 26


 1163 02ad 756E636F 		.ascii	"unconnected_IRQn\000"
 1163      6E6E6563 
 1163      7465645F 
 1163      4952516E 
 1163      00
 1164              	.LASF34:
 1165 02be 4E766963 		.ascii	"NvicMux17_IRQn\000"
 1165      4D757831 
 1165      375F4952 
 1165      516E00
 1166              	.LASF55:
 1167 02cd 44415441 		.ascii	"DATA\000"
 1167      00
 1168              	.LASF62:
 1169 02d2 494E5452 		.ascii	"INTR_MASKED\000"
 1169      5F4D4153 
 1169      4B454400 
 1170              	.LASF68:
 1171 02de 6C6F6E67 		.ascii	"long double\000"
 1171      20646F75 
 1171      626C6500 
 1172              	.LASF53:
 1173 02ea 52454C45 		.ascii	"RELEASE\000"
 1173      41534500 
 1174              	.LASF1:
 1175 02f2 756E7369 		.ascii	"unsigned char\000"
 1175      676E6564 
 1175      20636861 
 1175      7200
 1176              	.LASF85:
 1177 0300 6970634E 		.ascii	"ipcNotifierPriority\000"
 1177      6F746966 
 1177      69657250 
 1177      72696F72 
 1177      69747900 
 1178              	.LASF50:
 1179 0314 4952516E 		.ascii	"IRQn_Type\000"
 1179      5F547970 
 1179      6500
 1180              	.LASF98:
 1181 031e 69706353 		.ascii	"ipcSemaArray\000"
 1181      656D6141 
 1181      72726179 
 1181      00
 1182              	.LASF17:
 1183 032b 4E766963 		.ascii	"NvicMux0_IRQn\000"
 1183      4D757830 
 1183      5F495251 
 1183      6E00
 1184              	.LASF0:
 1185 0339 7369676E 		.ascii	"signed char\000"
 1185      65642063 
 1185      68617200 
 1186              	.LASF60:
 1187 0345 494E5452 		.ascii	"INTR_SET\000"
 1187      5F534554 
 1187      00
ARM GAS  C:\Users\salaz\AppData\Local\Temp\ccGG5CeF.s 			page 27


 1188              	.LASF7:
 1189 034e 6C6F6E67 		.ascii	"long long unsigned int\000"
 1189      206C6F6E 
 1189      6720756E 
 1189      7369676E 
 1189      65642069 
 1190              	.LASF10:
 1191 0365 75696E74 		.ascii	"uint32_t\000"
 1191      33325F74 
 1191      00
 1192              	.LASF29:
 1193 036e 4E766963 		.ascii	"NvicMux12_IRQn\000"
 1193      4D757831 
 1193      325F4952 
 1193      516E00
 1194              	.LASF15:
 1195 037d 50656E64 		.ascii	"PendSV_IRQn\000"
 1195      53565F49 
 1195      52516E00 
 1196              	.LASF100:
 1197 0389 696E7472 		.ascii	"intr\000"
 1197      00
 1198              	.LASF14:
 1199 038e 53564361 		.ascii	"SVCall_IRQn\000"
 1199      6C6C5F49 
 1199      52516E00 
 1200              	.LASF13:
 1201 039a 48617264 		.ascii	"HardFault_IRQn\000"
 1201      4661756C 
 1201      745F4952 
 1201      516E00
 1202              	.LASF72:
 1203 03a9 69706343 		.ascii	"ipcChan\000"
 1203      68616E00 
 1204              	.LASF26:
 1205 03b1 4E766963 		.ascii	"NvicMux9_IRQn\000"
 1205      4D757839 
 1205      5F495251 
 1205      6E00
 1206              	.LASF36:
 1207 03bf 4E766963 		.ascii	"NvicMux19_IRQn\000"
 1207      4D757831 
 1207      395F4952 
 1207      516E00
 1208              	.LASF23:
 1209 03ce 4E766963 		.ascii	"NvicMux6_IRQn\000"
 1209      4D757836 
 1209      5F495251 
 1209      6E00
 1210              	.LASF65:
 1211 03dc 63686172 		.ascii	"char\000"
 1211      00
 1212              	.LASF20:
 1213 03e1 4E766963 		.ascii	"NvicMux3_IRQn\000"
 1213      4D757833 
 1213      5F495251 
 1213      6E00
ARM GAS  C:\Users\salaz\AppData\Local\Temp\ccGG5CeF.s 			page 28


 1214              	.LASF104:
 1215 03ef 63795F69 		.ascii	"cy_ipc_config.c\000"
 1215      70635F63 
 1215      6F6E6669 
 1215      672E6300 
 1216              	.LASF30:
 1217 03ff 4E766963 		.ascii	"NvicMux13_IRQn\000"
 1217      4D757831 
 1217      335F4952 
 1217      516E00
 1218              	.LASF92:
 1219 040e 656E6470 		.ascii	"endpointClientsCount\000"
 1219      6F696E74 
 1219      436C6965 
 1219      6E747343 
 1219      6F756E74 
 1220              	.LASF44:
 1221 0423 4E766963 		.ascii	"NvicMux27_IRQn\000"
 1221      4D757832 
 1221      375F4952 
 1221      516E00
 1222              	.LASF27:
 1223 0432 4E766963 		.ascii	"NvicMux10_IRQn\000"
 1223      4D757831 
 1223      305F4952 
 1223      516E00
 1224              	.LASF80:
 1225 0441 63616C6C 		.ascii	"callbackArray\000"
 1225      6261636B 
 1225      41727261 
 1225      7900
 1226              	.LASF41:
 1227 044f 4E766963 		.ascii	"NvicMux24_IRQn\000"
 1227      4D757832 
 1227      345F4952 
 1227      516E00
 1228              	.LASF46:
 1229 045e 4E766963 		.ascii	"NvicMux29_IRQn\000"
 1229      4D757832 
 1229      395F4952 
 1229      516E00
 1230              	.LASF59:
 1231 046d 494E5452 		.ascii	"INTR\000"
 1231      00
 1232              	.LASF38:
 1233 0472 4E766963 		.ascii	"NvicMux21_IRQn\000"
 1233      4D757832 
 1233      315F4952 
 1233      516E00
 1234              	.LASF89:
 1235 0481 63795F73 		.ascii	"cy_stc_ipc_pipe_ep_config_t\000"
 1235      74635F69 
 1235      70635F70 
 1235      6970655F 
 1235      65705F63 
 1236              	.LASF32:
 1237 049d 4E766963 		.ascii	"NvicMux15_IRQn\000"
ARM GAS  C:\Users\salaz\AppData\Local\Temp\ccGG5CeF.s 			page 29


 1237      4D757831 
 1237      355F4952 
 1237      516E00
 1238              	.LASF3:
 1239 04ac 73686F72 		.ascii	"short unsigned int\000"
 1239      7420756E 
 1239      7369676E 
 1239      65642069 
 1239      6E7400
 1240              	.LASF64:
 1241 04bf 63795F69 		.ascii	"cy_israddress\000"
 1241      73726164 
 1241      64726573 
 1241      7300
 1242              	.LASF102:
 1243 04cd 73797374 		.ascii	"systemPipeConfig\000"
 1243      656D5069 
 1243      7065436F 
 1243      6E666967 
 1243      00
 1244              	.LASF5:
 1245 04de 6C6F6E67 		.ascii	"long unsigned int\000"
 1245      20756E73 
 1245      69676E65 
 1245      6420696E 
 1245      7400
 1246              	.LASF48:
 1247 04f0 4E766963 		.ascii	"NvicMux31_IRQn\000"
 1247      4D757833 
 1247      315F4952 
 1247      516E00
 1248              	.LASF67:
 1249 04ff 646F7562 		.ascii	"double\000"
 1249      6C6500
 1250              	.LASF82:
 1251 0506 64656661 		.ascii	"defaultReleaseCallbackPtr\000"
 1251      756C7452 
 1251      656C6561 
 1251      73654361 
 1251      6C6C6261 
 1252              	.LASF86:
 1253 0520 6970634E 		.ascii	"ipcNotifierMuxNumber\000"
 1253      6F746966 
 1253      6965724D 
 1253      75784E75 
 1253      6D626572 
 1254              	.LASF78:
 1255 0535 62757379 		.ascii	"busy\000"
 1255      00
 1256              	.LASF73:
 1257 053a 696E7472 		.ascii	"intrChan\000"
 1257      4368616E 
 1257      00
 1258              	.LASF9:
 1259 0543 5F5F7569 		.ascii	"__uint32_t\000"
 1259      6E743332 
 1259      5F7400
ARM GAS  C:\Users\salaz\AppData\Local\Temp\ccGG5CeF.s 			page 30


 1260              	.LASF12:
 1261 054e 4E6F6E4D 		.ascii	"NonMaskableInt_IRQn\000"
 1261      61736B61 
 1261      626C6549 
 1261      6E745F49 
 1261      52516E00 
 1262              	.LASF56:
 1263 0562 4C4F434B 		.ascii	"LOCK_STATUS\000"
 1263      5F535441 
 1263      54555300 
 1264              	.LASF24:
 1265 056e 4E766963 		.ascii	"NvicMux7_IRQn\000"
 1265      4D757837 
 1265      5F495251 
 1265      6E00
 1266              	.LASF45:
 1267 057c 4E766963 		.ascii	"NvicMux28_IRQn\000"
 1267      4D757832 
 1267      385F4952 
 1267      516E00
 1268              	.LASF103:
 1269 058b 474E5520 		.ascii	"GNU C11 5.4.1 20160609 (release) [ARM/embedded-5-br"
 1269      43313120 
 1269      352E342E 
 1269      31203230 
 1269      31363036 
 1270 05be 616E6368 		.ascii	"anch revision 237715] -mcpu=cortex-m0plus -mthumb -"
 1270      20726576 
 1270      6973696F 
 1270      6E203233 
 1270      37373135 
 1271 05f1 67202D4F 		.ascii	"g -O0 -ffunction-sections -ffat-lto-objects\000"
 1271      30202D66 
 1271      66756E63 
 1271      74696F6E 
 1271      2D736563 
 1272              	.LASF42:
 1273 061d 4E766963 		.ascii	"NvicMux25_IRQn\000"
 1273      4D757832 
 1273      355F4952 
 1273      516E00
 1274              	.LASF83:
 1275 062c 63795F73 		.ascii	"cy_stc_ipc_pipe_ep_t\000"
 1275      74635F69 
 1275      70635F70 
 1275      6970655F 
 1275      65705F74 
 1276              	.LASF91:
 1277 0641 65703143 		.ascii	"ep1ConfigData\000"
 1277      6F6E6669 
 1277      67446174 
 1277      6100
 1278              	.LASF57:
 1279 064f 52455345 		.ascii	"RESERVED\000"
 1279      52564544 
 1279      00
 1280              	.LASF88:
ARM GAS  C:\Users\salaz\AppData\Local\Temp\ccGG5CeF.s 			page 31


 1281 0658 6570436F 		.ascii	"epConfig\000"
 1281      6E666967 
 1281      00
 1282              	.LASF8:
 1283 0661 756E7369 		.ascii	"unsigned int\000"
 1283      676E6564 
 1283      20696E74 
 1283      00
 1284              	.LASF39:
 1285 066e 4E766963 		.ascii	"NvicMux22_IRQn\000"
 1285      4D757832 
 1285      325F4952 
 1285      516E00
 1286              	.LASF52:
 1287 067d 41435155 		.ascii	"ACQUIRE\000"
 1287      49524500 
 1288              	.LASF90:
 1289 0685 65703043 		.ascii	"ep0ConfigData\000"
 1289      6F6E6669 
 1289      67446174 
 1289      6100
 1290              	.LASF96:
 1291 0693 43795F49 		.ascii	"Cy_IPC_SystemSemaInit\000"
 1291      50435F53 
 1291      79737465 
 1291      6D53656D 
 1291      61496E69 
 1292              	.LASF93:
 1293 06a9 656E6470 		.ascii	"endpointsCallbacksArray\000"
 1293      6F696E74 
 1293      7343616C 
 1293      6C626163 
 1293      6B734172 
 1294              		.ident	"GCC: (GNU Tools for ARM Embedded Processors) 5.4.1 20160609 (release) [ARM/embedded-5-bran
