ARM GAS  C:\Users\salaz\AppData\Local\Temp\cc7sLikU.s 			page 1


   1              		.syntax unified
   2              		.cpu cortex-m4
   3              		.eabi_attribute 27, 1
   4              		.fpu fpv4-sp-d16
   5              		.eabi_attribute 20, 1
   6              		.eabi_attribute 21, 1
   7              		.eabi_attribute 23, 3
   8              		.eabi_attribute 24, 1
   9              		.eabi_attribute 25, 1
  10              		.eabi_attribute 26, 1
  11              		.eabi_attribute 30, 1
  12              		.eabi_attribute 34, 1
  13              		.eabi_attribute 18, 4
  14              		.thumb
  15              		.syntax unified
  16              		.file	"cy_ble_ias.c"
  17              		.text
  18              	.Ltext0:
  19              		.cfi_sections	.debug_frame
  20              	.Letext0:
  21              		.file 1 "c:\\program files (x86)\\cypress\\psoc creator\\4.2\\psoc creator\\import\\gnu\\arm\\5.4.
  22              		.file 2 "c:\\program files (x86)\\cypress\\psoc creator\\4.2\\psoc creator\\import\\gnu\\arm\\5.4.
  23              		.file 3 "Generated_Source\\PSoC6\\pdl\\cmsis/include/core_cm4.h"
  24              		.section	.debug_info,"",%progbits
  25              	.Ldebug_info0:
  26 0000 B1000000 		.4byte	0xb1
  27 0004 0400     		.2byte	0x4
  28 0006 00000000 		.4byte	.Ldebug_abbrev0
  29 000a 04       		.byte	0x4
  30 000b 01       		.uleb128 0x1
  31 000c 0E000000 		.4byte	.LASF17
  32 0010 0C       		.byte	0xc
  33 0011 CF000000 		.4byte	.LASF18
  34 0015 40010000 		.4byte	.LASF19
  35 0019 00000000 		.4byte	.Ldebug_line0
  36 001d 02       		.uleb128 0x2
  37 001e 04       		.byte	0x4
  38 001f 05       		.byte	0x5
  39 0020 696E7400 		.ascii	"int\000"
  40 0024 03       		.uleb128 0x3
  41 0025 04       		.byte	0x4
  42 0026 07       		.byte	0x7
  43 0027 B1010000 		.4byte	.LASF0
  44 002b 03       		.uleb128 0x3
  45 002c 08       		.byte	0x8
  46 002d 05       		.byte	0x5
  47 002e 00000000 		.4byte	.LASF1
  48 0032 03       		.uleb128 0x3
  49 0033 08       		.byte	0x8
  50 0034 04       		.byte	0x4
  51 0035 C8010000 		.4byte	.LASF2
  52 0039 03       		.uleb128 0x3
  53 003a 01       		.byte	0x1
  54 003b 06       		.byte	0x6
  55 003c A5010000 		.4byte	.LASF3
  56 0040 03       		.uleb128 0x3
  57 0041 01       		.byte	0x1
ARM GAS  C:\Users\salaz\AppData\Local\Temp\cc7sLikU.s 			page 2


  58 0042 08       		.byte	0x8
  59 0043 C1000000 		.4byte	.LASF4
  60 0047 03       		.uleb128 0x3
  61 0048 02       		.byte	0x2
  62 0049 05       		.byte	0x5
  63 004a D4010000 		.4byte	.LASF5
  64 004e 03       		.uleb128 0x3
  65 004f 02       		.byte	0x2
  66 0050 07       		.byte	0x7
  67 0051 92010000 		.4byte	.LASF6
  68 0055 04       		.uleb128 0x4
  69 0056 BE010000 		.4byte	.LASF12
  70 005a 01       		.byte	0x1
  71 005b 3F       		.byte	0x3f
  72 005c 60000000 		.4byte	0x60
  73 0060 03       		.uleb128 0x3
  74 0061 04       		.byte	0x4
  75 0062 05       		.byte	0x5
  76 0063 89010000 		.4byte	.LASF7
  77 0067 03       		.uleb128 0x3
  78 0068 04       		.byte	0x4
  79 0069 07       		.byte	0x7
  80 006a 06010000 		.4byte	.LASF8
  81 006e 03       		.uleb128 0x3
  82 006f 08       		.byte	0x8
  83 0070 07       		.byte	0x7
  84 0071 18010000 		.4byte	.LASF9
  85 0075 03       		.uleb128 0x3
  86 0076 04       		.byte	0x4
  87 0077 07       		.byte	0x7
  88 0078 E6010000 		.4byte	.LASF10
  89 007c 03       		.uleb128 0x3
  90 007d 01       		.byte	0x1
  91 007e 08       		.byte	0x8
  92 007f 3B010000 		.4byte	.LASF11
  93 0083 04       		.uleb128 0x4
  94 0084 DE010000 		.4byte	.LASF13
  95 0088 02       		.byte	0x2
  96 0089 2C       		.byte	0x2c
  97 008a 55000000 		.4byte	0x55
  98 008e 03       		.uleb128 0x3
  99 008f 04       		.byte	0x4
 100 0090 04       		.byte	0x4
 101 0091 2F010000 		.4byte	.LASF14
 102 0095 03       		.uleb128 0x3
 103 0096 08       		.byte	0x8
 104 0097 04       		.byte	0x4
 105 0098 82010000 		.4byte	.LASF15
 106 009c 03       		.uleb128 0x3
 107 009d 01       		.byte	0x1
 108 009e 02       		.byte	0x2
 109 009f 35010000 		.4byte	.LASF16
 110 00a3 05       		.uleb128 0x5
 111 00a4 75010000 		.4byte	.LASF20
 112 00a8 03       		.byte	0x3
 113 00a9 EA07     		.2byte	0x7ea
 114 00ab AF000000 		.4byte	0xaf
ARM GAS  C:\Users\salaz\AppData\Local\Temp\cc7sLikU.s 			page 3


 115 00af 06       		.uleb128 0x6
 116 00b0 83000000 		.4byte	0x83
 117 00b4 00       		.byte	0
 118              		.section	.debug_abbrev,"",%progbits
 119              	.Ldebug_abbrev0:
 120 0000 01       		.uleb128 0x1
 121 0001 11       		.uleb128 0x11
 122 0002 01       		.byte	0x1
 123 0003 25       		.uleb128 0x25
 124 0004 0E       		.uleb128 0xe
 125 0005 13       		.uleb128 0x13
 126 0006 0B       		.uleb128 0xb
 127 0007 03       		.uleb128 0x3
 128 0008 0E       		.uleb128 0xe
 129 0009 1B       		.uleb128 0x1b
 130 000a 0E       		.uleb128 0xe
 131 000b 10       		.uleb128 0x10
 132 000c 17       		.uleb128 0x17
 133 000d 00       		.byte	0
 134 000e 00       		.byte	0
 135 000f 02       		.uleb128 0x2
 136 0010 24       		.uleb128 0x24
 137 0011 00       		.byte	0
 138 0012 0B       		.uleb128 0xb
 139 0013 0B       		.uleb128 0xb
 140 0014 3E       		.uleb128 0x3e
 141 0015 0B       		.uleb128 0xb
 142 0016 03       		.uleb128 0x3
 143 0017 08       		.uleb128 0x8
 144 0018 00       		.byte	0
 145 0019 00       		.byte	0
 146 001a 03       		.uleb128 0x3
 147 001b 24       		.uleb128 0x24
 148 001c 00       		.byte	0
 149 001d 0B       		.uleb128 0xb
 150 001e 0B       		.uleb128 0xb
 151 001f 3E       		.uleb128 0x3e
 152 0020 0B       		.uleb128 0xb
 153 0021 03       		.uleb128 0x3
 154 0022 0E       		.uleb128 0xe
 155 0023 00       		.byte	0
 156 0024 00       		.byte	0
 157 0025 04       		.uleb128 0x4
 158 0026 16       		.uleb128 0x16
 159 0027 00       		.byte	0
 160 0028 03       		.uleb128 0x3
 161 0029 0E       		.uleb128 0xe
 162 002a 3A       		.uleb128 0x3a
 163 002b 0B       		.uleb128 0xb
 164 002c 3B       		.uleb128 0x3b
 165 002d 0B       		.uleb128 0xb
 166 002e 49       		.uleb128 0x49
 167 002f 13       		.uleb128 0x13
 168 0030 00       		.byte	0
 169 0031 00       		.byte	0
 170 0032 05       		.uleb128 0x5
 171 0033 34       		.uleb128 0x34
ARM GAS  C:\Users\salaz\AppData\Local\Temp\cc7sLikU.s 			page 4


 172 0034 00       		.byte	0
 173 0035 03       		.uleb128 0x3
 174 0036 0E       		.uleb128 0xe
 175 0037 3A       		.uleb128 0x3a
 176 0038 0B       		.uleb128 0xb
 177 0039 3B       		.uleb128 0x3b
 178 003a 05       		.uleb128 0x5
 179 003b 49       		.uleb128 0x49
 180 003c 13       		.uleb128 0x13
 181 003d 3F       		.uleb128 0x3f
 182 003e 19       		.uleb128 0x19
 183 003f 3C       		.uleb128 0x3c
 184 0040 19       		.uleb128 0x19
 185 0041 00       		.byte	0
 186 0042 00       		.byte	0
 187 0043 06       		.uleb128 0x6
 188 0044 35       		.uleb128 0x35
 189 0045 00       		.byte	0
 190 0046 49       		.uleb128 0x49
 191 0047 13       		.uleb128 0x13
 192 0048 00       		.byte	0
 193 0049 00       		.byte	0
 194 004a 00       		.byte	0
 195              		.section	.debug_aranges,"",%progbits
 196 0000 14000000 		.4byte	0x14
 197 0004 0200     		.2byte	0x2
 198 0006 00000000 		.4byte	.Ldebug_info0
 199 000a 04       		.byte	0x4
 200 000b 00       		.byte	0
 201 000c 0000     		.2byte	0
 202 000e 0000     		.2byte	0
 203 0010 00000000 		.4byte	0
 204 0014 00000000 		.4byte	0
 205              		.section	.debug_line,"",%progbits
 206              	.Ldebug_line0:
 207 0000 4D010000 		.section	.debug_str,"MS",%progbits,1
 207      02004701 
 207      00000201 
 207      FB0E0D00 
 207      01010101 
 208              	.LASF1:
 209 0000 6C6F6E67 		.ascii	"long long int\000"
 209      206C6F6E 
 209      6720696E 
 209      7400
 210              	.LASF17:
 211 000e 474E5520 		.ascii	"GNU C11 5.4.1 20160609 (release) [ARM/embedded-5-br"
 211      43313120 
 211      352E342E 
 211      31203230 
 211      31363036 
 212 0041 616E6368 		.ascii	"anch revision 237715] -mcpu=cortex-m4 -mfloat-abi=s"
 212      20726576 
 212      6973696F 
 212      6E203233 
 212      37373135 
 213 0074 6F667466 		.ascii	"oftfp -mfpu=fpv4-sp-d16 -mthumb -g -Og -ffunction-s"
ARM GAS  C:\Users\salaz\AppData\Local\Temp\cc7sLikU.s 			page 5


 213      70202D6D 
 213      6670753D 
 213      66707634 
 213      2D73702D 
 214 00a7 65637469 		.ascii	"ections -ffat-lto-objects\000"
 214      6F6E7320 
 214      2D666661 
 214      742D6C74 
 214      6F2D6F62 
 215              	.LASF4:
 216 00c1 756E7369 		.ascii	"unsigned char\000"
 216      676E6564 
 216      20636861 
 216      7200
 217              	.LASF18:
 218 00cf 47656E65 		.ascii	"Generated_Source\\PSoC6\\pdl\\middleware\\ble\\cy_b"
 218      72617465 
 218      645F536F 
 218      75726365 
 218      5C50536F 
 219 00fd 6C655F69 		.ascii	"le_ias.c\000"
 219      61732E63 
 219      00
 220              	.LASF8:
 221 0106 6C6F6E67 		.ascii	"long unsigned int\000"
 221      20756E73 
 221      69676E65 
 221      6420696E 
 221      7400
 222              	.LASF9:
 223 0118 6C6F6E67 		.ascii	"long long unsigned int\000"
 223      206C6F6E 
 223      6720756E 
 223      7369676E 
 223      65642069 
 224              	.LASF14:
 225 012f 666C6F61 		.ascii	"float\000"
 225      7400
 226              	.LASF16:
 227 0135 5F426F6F 		.ascii	"_Bool\000"
 227      6C00
 228              	.LASF11:
 229 013b 63686172 		.ascii	"char\000"
 229      00
 230              	.LASF19:
 231 0140 433A5C55 		.ascii	"C:\\Users\\salaz\\Desktop\\SmartHandle\\SmartHandle"
 231      73657273 
 231      5C73616C 
 231      617A5C44 
 231      65736B74 
 232 016e 2E637964 		.ascii	".cydsn\000"
 232      736E00
 233              	.LASF20:
 234 0175 49544D5F 		.ascii	"ITM_RxBuffer\000"
 234      52784275 
 234      66666572 
 234      00
ARM GAS  C:\Users\salaz\AppData\Local\Temp\cc7sLikU.s 			page 6


 235              	.LASF15:
 236 0182 646F7562 		.ascii	"double\000"
 236      6C6500
 237              	.LASF7:
 238 0189 6C6F6E67 		.ascii	"long int\000"
 238      20696E74 
 238      00
 239              	.LASF6:
 240 0192 73686F72 		.ascii	"short unsigned int\000"
 240      7420756E 
 240      7369676E 
 240      65642069 
 240      6E7400
 241              	.LASF3:
 242 01a5 7369676E 		.ascii	"signed char\000"
 242      65642063 
 242      68617200 
 243              	.LASF0:
 244 01b1 756E7369 		.ascii	"unsigned int\000"
 244      676E6564 
 244      20696E74 
 244      00
 245              	.LASF12:
 246 01be 5F5F696E 		.ascii	"__int32_t\000"
 246      7433325F 
 246      7400
 247              	.LASF2:
 248 01c8 6C6F6E67 		.ascii	"long double\000"
 248      20646F75 
 248      626C6500 
 249              	.LASF5:
 250 01d4 73686F72 		.ascii	"short int\000"
 250      7420696E 
 250      7400
 251              	.LASF13:
 252 01de 696E7433 		.ascii	"int32_t\000"
 252      325F7400 
 253              	.LASF10:
 254 01e6 73697A65 		.ascii	"sizetype\000"
 254      74797065 
 254      00
 255              		.ident	"GCC: (GNU Tools for ARM Embedded Processors) 5.4.1 20160609 (release) [ARM/embedded-5-bran
