ARM GAS  C:\Users\salaz\AppData\Local\Temp\ccOqa8Oq.s 			page 1


   1              		.syntax unified
   2              		.cpu cortex-m4
   3              		.eabi_attribute 27, 1
   4              		.fpu fpv4-sp-d16
   5              		.eabi_attribute 20, 1
   6              		.eabi_attribute 21, 1
   7              		.eabi_attribute 23, 3
   8              		.eabi_attribute 24, 1
   9              		.eabi_attribute 25, 1
  10              		.eabi_attribute 26, 1
  11              		.eabi_attribute 30, 1
  12              		.eabi_attribute 34, 1
  13              		.eabi_attribute 18, 4
  14              		.thumb
  15              		.syntax unified
  16              		.file	"main_cm4.c"
  17              		.text
  18              	.Ltext0:
  19              		.cfi_sections	.debug_frame
  20              		.section	.text.main,"ax",%progbits
  21              		.align	2
  22              		.global	main
  23              		.thumb
  24              		.thumb_func
  25              		.type	main, %function
  26              	main:
  27              	.LFB868:
  28              		.file 1 "main_cm4.c"
   1:main_cm4.c    **** /* ========================================
   2:main_cm4.c    ****  *
   3:main_cm4.c    ****  * Copyright YOUR COMPANY, THE YEAR
   4:main_cm4.c    ****  * All Rights Reserved
   5:main_cm4.c    ****  * UNPUBLISHED, LICENSED SOFTWARE.
   6:main_cm4.c    ****  *
   7:main_cm4.c    ****  * CONFIDENTIAL AND PROPRIETARY INFORMATION
   8:main_cm4.c    ****  * WHICH IS THE PROPERTY OF your company.
   9:main_cm4.c    ****  *
  10:main_cm4.c    ****  * ========================================
  11:main_cm4.c    **** */
  12:main_cm4.c    **** #include "project.h"
  13:main_cm4.c    **** 
  14:main_cm4.c    **** int main(void)
  15:main_cm4.c    **** {
  29              		.loc 1 15 0
  30              		.cfi_startproc
  31              		@ Volatile: function does not return.
  32              		@ args = 0, pretend = 0, frame = 0
  33              		@ frame_needed = 0, uses_anonymous_args = 0
  34              		@ link register save eliminated.
  35              	.LBB4:
  36              	.LBB5:
  37              		.file 2 "Generated_Source\\PSoC6\\pdl\\cmsis/include/cmsis_gcc.h"
   1:Generated_Source\PSoC6\pdl\cmsis/include/cmsis_gcc.h **** /**************************************************************************//**
   2:Generated_Source\PSoC6\pdl\cmsis/include/cmsis_gcc.h ****  * @file     cmsis_gcc.h
   3:Generated_Source\PSoC6\pdl\cmsis/include/cmsis_gcc.h ****  * @brief    CMSIS compiler GCC header file
   4:Generated_Source\PSoC6\pdl\cmsis/include/cmsis_gcc.h ****  * @version  V5.0.1
   5:Generated_Source\PSoC6\pdl\cmsis/include/cmsis_gcc.h ****  * @date     02. February 2017
ARM GAS  C:\Users\salaz\AppData\Local\Temp\ccOqa8Oq.s 			page 2


   6:Generated_Source\PSoC6\pdl\cmsis/include/cmsis_gcc.h ****  ******************************************************************************/
   7:Generated_Source\PSoC6\pdl\cmsis/include/cmsis_gcc.h **** /*
   8:Generated_Source\PSoC6\pdl\cmsis/include/cmsis_gcc.h ****  * Copyright (c) 2009-2017 ARM Limited. All rights reserved.
   9:Generated_Source\PSoC6\pdl\cmsis/include/cmsis_gcc.h ****  *
  10:Generated_Source\PSoC6\pdl\cmsis/include/cmsis_gcc.h ****  * SPDX-License-Identifier: Apache-2.0
  11:Generated_Source\PSoC6\pdl\cmsis/include/cmsis_gcc.h ****  *
  12:Generated_Source\PSoC6\pdl\cmsis/include/cmsis_gcc.h ****  * Licensed under the Apache License, Version 2.0 (the License); you may
  13:Generated_Source\PSoC6\pdl\cmsis/include/cmsis_gcc.h ****  * not use this file except in compliance with the License.
  14:Generated_Source\PSoC6\pdl\cmsis/include/cmsis_gcc.h ****  * You may obtain a copy of the License at
  15:Generated_Source\PSoC6\pdl\cmsis/include/cmsis_gcc.h ****  *
  16:Generated_Source\PSoC6\pdl\cmsis/include/cmsis_gcc.h ****  * www.apache.org/licenses/LICENSE-2.0
  17:Generated_Source\PSoC6\pdl\cmsis/include/cmsis_gcc.h ****  *
  18:Generated_Source\PSoC6\pdl\cmsis/include/cmsis_gcc.h ****  * Unless required by applicable law or agreed to in writing, software
  19:Generated_Source\PSoC6\pdl\cmsis/include/cmsis_gcc.h ****  * distributed under the License is distributed on an AS IS BASIS, WITHOUT
  20:Generated_Source\PSoC6\pdl\cmsis/include/cmsis_gcc.h ****  * WARRANTIES OR CONDITIONS OF ANY KIND, either express or implied.
  21:Generated_Source\PSoC6\pdl\cmsis/include/cmsis_gcc.h ****  * See the License for the specific language governing permissions and
  22:Generated_Source\PSoC6\pdl\cmsis/include/cmsis_gcc.h ****  * limitations under the License.
  23:Generated_Source\PSoC6\pdl\cmsis/include/cmsis_gcc.h ****  */
  24:Generated_Source\PSoC6\pdl\cmsis/include/cmsis_gcc.h **** 
  25:Generated_Source\PSoC6\pdl\cmsis/include/cmsis_gcc.h **** #ifndef __CMSIS_GCC_H
  26:Generated_Source\PSoC6\pdl\cmsis/include/cmsis_gcc.h **** #define __CMSIS_GCC_H
  27:Generated_Source\PSoC6\pdl\cmsis/include/cmsis_gcc.h **** 
  28:Generated_Source\PSoC6\pdl\cmsis/include/cmsis_gcc.h **** /* ignore some GCC warnings */
  29:Generated_Source\PSoC6\pdl\cmsis/include/cmsis_gcc.h **** #pragma GCC diagnostic push
  30:Generated_Source\PSoC6\pdl\cmsis/include/cmsis_gcc.h **** #pragma GCC diagnostic ignored "-Wsign-conversion"
  31:Generated_Source\PSoC6\pdl\cmsis/include/cmsis_gcc.h **** #pragma GCC diagnostic ignored "-Wconversion"
  32:Generated_Source\PSoC6\pdl\cmsis/include/cmsis_gcc.h **** #pragma GCC diagnostic ignored "-Wunused-parameter"
  33:Generated_Source\PSoC6\pdl\cmsis/include/cmsis_gcc.h **** 
  34:Generated_Source\PSoC6\pdl\cmsis/include/cmsis_gcc.h **** /* CMSIS compiler specific defines */
  35:Generated_Source\PSoC6\pdl\cmsis/include/cmsis_gcc.h **** #ifndef   __ASM
  36:Generated_Source\PSoC6\pdl\cmsis/include/cmsis_gcc.h ****   #define __ASM                     __asm
  37:Generated_Source\PSoC6\pdl\cmsis/include/cmsis_gcc.h **** #endif
  38:Generated_Source\PSoC6\pdl\cmsis/include/cmsis_gcc.h **** #ifndef   __INLINE
  39:Generated_Source\PSoC6\pdl\cmsis/include/cmsis_gcc.h ****   #define __INLINE                  inline
  40:Generated_Source\PSoC6\pdl\cmsis/include/cmsis_gcc.h **** #endif
  41:Generated_Source\PSoC6\pdl\cmsis/include/cmsis_gcc.h **** #ifndef   __STATIC_INLINE
  42:Generated_Source\PSoC6\pdl\cmsis/include/cmsis_gcc.h ****   #define __STATIC_INLINE           static inline
  43:Generated_Source\PSoC6\pdl\cmsis/include/cmsis_gcc.h **** #endif
  44:Generated_Source\PSoC6\pdl\cmsis/include/cmsis_gcc.h **** #ifndef   __NO_RETURN
  45:Generated_Source\PSoC6\pdl\cmsis/include/cmsis_gcc.h ****   #define __NO_RETURN               __attribute__((noreturn))
  46:Generated_Source\PSoC6\pdl\cmsis/include/cmsis_gcc.h **** #endif
  47:Generated_Source\PSoC6\pdl\cmsis/include/cmsis_gcc.h **** #ifndef   __USED
  48:Generated_Source\PSoC6\pdl\cmsis/include/cmsis_gcc.h ****   #define __USED                    __attribute__((used))
  49:Generated_Source\PSoC6\pdl\cmsis/include/cmsis_gcc.h **** #endif
  50:Generated_Source\PSoC6\pdl\cmsis/include/cmsis_gcc.h **** #ifndef   __WEAK
  51:Generated_Source\PSoC6\pdl\cmsis/include/cmsis_gcc.h ****   #define __WEAK                    __attribute__((weak))
  52:Generated_Source\PSoC6\pdl\cmsis/include/cmsis_gcc.h **** #endif
  53:Generated_Source\PSoC6\pdl\cmsis/include/cmsis_gcc.h **** #ifndef   __UNALIGNED_UINT32
  54:Generated_Source\PSoC6\pdl\cmsis/include/cmsis_gcc.h **** #pragma GCC diagnostic push
  55:Generated_Source\PSoC6\pdl\cmsis/include/cmsis_gcc.h **** #pragma GCC diagnostic ignored "-Wpacked"
  56:Generated_Source\PSoC6\pdl\cmsis/include/cmsis_gcc.h **** #pragma GCC diagnostic ignored "-Wattributes"
  57:Generated_Source\PSoC6\pdl\cmsis/include/cmsis_gcc.h ****   struct __attribute__((packed)) T_UINT32 { uint32_t v; };
  58:Generated_Source\PSoC6\pdl\cmsis/include/cmsis_gcc.h **** #pragma GCC diagnostic pop
  59:Generated_Source\PSoC6\pdl\cmsis/include/cmsis_gcc.h ****   #define __UNALIGNED_UINT32(x)     (((struct T_UINT32 *)(x))->v)
  60:Generated_Source\PSoC6\pdl\cmsis/include/cmsis_gcc.h **** #endif
  61:Generated_Source\PSoC6\pdl\cmsis/include/cmsis_gcc.h **** #ifndef   __ALIGNED
  62:Generated_Source\PSoC6\pdl\cmsis/include/cmsis_gcc.h ****   #define __ALIGNED(x)              __attribute__((aligned(x)))
ARM GAS  C:\Users\salaz\AppData\Local\Temp\ccOqa8Oq.s 			page 3


  63:Generated_Source\PSoC6\pdl\cmsis/include/cmsis_gcc.h **** #endif
  64:Generated_Source\PSoC6\pdl\cmsis/include/cmsis_gcc.h **** #ifndef   __PACKED
  65:Generated_Source\PSoC6\pdl\cmsis/include/cmsis_gcc.h ****   #define __PACKED                  __attribute__((packed, aligned(1)))
  66:Generated_Source\PSoC6\pdl\cmsis/include/cmsis_gcc.h **** #endif
  67:Generated_Source\PSoC6\pdl\cmsis/include/cmsis_gcc.h **** #ifndef   __PACKED_STRUCT
  68:Generated_Source\PSoC6\pdl\cmsis/include/cmsis_gcc.h ****   #define __PACKED_STRUCT           struct __attribute__((packed, aligned(1)))
  69:Generated_Source\PSoC6\pdl\cmsis/include/cmsis_gcc.h **** #endif
  70:Generated_Source\PSoC6\pdl\cmsis/include/cmsis_gcc.h **** 
  71:Generated_Source\PSoC6\pdl\cmsis/include/cmsis_gcc.h **** 
  72:Generated_Source\PSoC6\pdl\cmsis/include/cmsis_gcc.h **** /* ###########################  Core Function Access  ########################### */
  73:Generated_Source\PSoC6\pdl\cmsis/include/cmsis_gcc.h **** /** \ingroup  CMSIS_Core_FunctionInterface
  74:Generated_Source\PSoC6\pdl\cmsis/include/cmsis_gcc.h ****     \defgroup CMSIS_Core_RegAccFunctions CMSIS Core Register Access Functions
  75:Generated_Source\PSoC6\pdl\cmsis/include/cmsis_gcc.h ****   @{
  76:Generated_Source\PSoC6\pdl\cmsis/include/cmsis_gcc.h ****  */
  77:Generated_Source\PSoC6\pdl\cmsis/include/cmsis_gcc.h **** 
  78:Generated_Source\PSoC6\pdl\cmsis/include/cmsis_gcc.h **** /**
  79:Generated_Source\PSoC6\pdl\cmsis/include/cmsis_gcc.h ****   \brief   Enable IRQ Interrupts
  80:Generated_Source\PSoC6\pdl\cmsis/include/cmsis_gcc.h ****   \details Enables IRQ interrupts by clearing the I-bit in the CPSR.
  81:Generated_Source\PSoC6\pdl\cmsis/include/cmsis_gcc.h ****            Can only be executed in Privileged modes.
  82:Generated_Source\PSoC6\pdl\cmsis/include/cmsis_gcc.h ****  */
  83:Generated_Source\PSoC6\pdl\cmsis/include/cmsis_gcc.h **** __attribute__((always_inline)) __STATIC_INLINE void __enable_irq(void)
  84:Generated_Source\PSoC6\pdl\cmsis/include/cmsis_gcc.h **** {
  85:Generated_Source\PSoC6\pdl\cmsis/include/cmsis_gcc.h ****   __ASM volatile ("cpsie i" : : : "memory");
  38              		.loc 2 85 0
  39              		.syntax unified
  40              	@ 85 "Generated_Source\PSoC6\pdl\cmsis/include/cmsis_gcc.h" 1
  41 0000 62B6     		cpsie i
  42              	@ 0 "" 2
  43              		.thumb
  44              		.syntax unified
  45              	.L2:
  46 0002 FEE7     		b	.L2
  47              	.LBE5:
  48              	.LBE4:
  49              		.cfi_endproc
  50              	.LFE868:
  51              		.size	main, .-main
  52              		.text
  53              	.Letext0:
  54              		.file 3 "c:\\program files (x86)\\cypress\\psoc creator\\4.2\\psoc creator\\import\\gnu\\arm\\5.4.
  55              		.file 4 "c:\\program files (x86)\\cypress\\psoc creator\\4.2\\psoc creator\\import\\gnu\\arm\\5.4.
  56              		.file 5 "Generated_Source\\PSoC6\\pdl\\drivers/peripheral/tcpwm/cy_tcpwm_counter.h"
  57              		.file 6 "Generated_Source\\PSoC6\\pdl\\drivers/peripheral/tcpwm/cy_tcpwm_pwm.h"
  58              		.file 7 "Generated_Source\\PSoC6\\pdl\\drivers/peripheral/scb/cy_scb_i2c.h"
  59              		.file 8 "Generated_Source\\PSoC6\\pdl\\drivers/peripheral/scb/cy_scb_uart.h"
  60              		.file 9 "Generated_Source\\PSoC6\\pdl\\cmsis/include/core_cm4.h"
  61              		.file 10 "Generated_Source\\PSoC6\\pdl\\drivers/peripheral/rtc/cy_rtc.h"
  62              		.file 11 "Generated_Source\\PSoC6/UART_DEBUG.h"
  63              		.file 12 "Generated_Source\\PSoC6/SensorBus.h"
  64              		.file 13 "Generated_Source\\PSoC6/LightOutputC.h"
  65              		.file 14 "Generated_Source\\PSoC6/LightOutputA.h"
  66              		.file 15 "Generated_Source\\PSoC6/LightTimer.h"
  67              		.file 16 "Generated_Source\\PSoC6/LightOutputB.h"
  68              		.file 17 "Generated_Source\\PSoC6/MotorOutput.h"
  69              		.file 18 "Generated_Source\\PSoC6/MotorTimer.h"
  70              		.file 19 "Generated_Source\\PSoC6/ChimeOutput.h"
  71              		.file 20 "Generated_Source\\PSoC6/ChimeTimer.h"
ARM GAS  C:\Users\salaz\AppData\Local\Temp\ccOqa8Oq.s 			page 4


  72              		.section	.debug_info,"",%progbits
  73              	.Ldebug_info0:
  74 0000 71060000 		.4byte	0x671
  75 0004 0400     		.2byte	0x4
  76 0006 00000000 		.4byte	.Ldebug_abbrev0
  77 000a 04       		.byte	0x4
  78 000b 01       		.uleb128 0x1
  79 000c 40010000 		.4byte	.LASF113
  80 0010 0C       		.byte	0xc
  81 0011 8C020000 		.4byte	.LASF114
  82 0015 82050000 		.4byte	.LASF115
  83 0019 00000000 		.4byte	.Ldebug_ranges0+0
  84 001d 00000000 		.4byte	0
  85 0021 00000000 		.4byte	.Ldebug_line0
  86 0025 02       		.uleb128 0x2
  87 0026 02       		.byte	0x2
  88 0027 05       		.byte	0x5
  89 0028 C3000000 		.4byte	.LASF0
  90 002c 02       		.uleb128 0x2
  91 002d 01       		.byte	0x1
  92 002e 06       		.byte	0x6
  93 002f 25040000 		.4byte	.LASF1
  94 0033 03       		.uleb128 0x3
  95 0034 58030000 		.4byte	.LASF4
  96 0038 03       		.byte	0x3
  97 0039 1D       		.byte	0x1d
  98 003a 3E000000 		.4byte	0x3e
  99 003e 02       		.uleb128 0x2
 100 003f 01       		.byte	0x1
 101 0040 08       		.byte	0x8
 102 0041 EB030000 		.4byte	.LASF2
 103 0045 02       		.uleb128 0x2
 104 0046 02       		.byte	0x2
 105 0047 07       		.byte	0x7
 106 0048 03050000 		.4byte	.LASF3
 107 004c 03       		.uleb128 0x3
 108 004d 58050000 		.4byte	.LASF5
 109 0051 03       		.byte	0x3
 110 0052 3F       		.byte	0x3f
 111 0053 57000000 		.4byte	0x57
 112 0057 02       		.uleb128 0x2
 113 0058 04       		.byte	0x4
 114 0059 05       		.byte	0x5
 115 005a 64020000 		.4byte	.LASF6
 116 005e 03       		.uleb128 0x3
 117 005f 10020000 		.4byte	.LASF7
 118 0063 03       		.byte	0x3
 119 0064 41       		.byte	0x41
 120 0065 69000000 		.4byte	0x69
 121 0069 02       		.uleb128 0x2
 122 006a 04       		.byte	0x4
 123 006b 07       		.byte	0x7
 124 006c BB040000 		.4byte	.LASF8
 125 0070 02       		.uleb128 0x2
 126 0071 08       		.byte	0x8
 127 0072 05       		.byte	0x5
 128 0073 03030000 		.4byte	.LASF9
ARM GAS  C:\Users\salaz\AppData\Local\Temp\ccOqa8Oq.s 			page 5


 129 0077 02       		.uleb128 0x2
 130 0078 08       		.byte	0x8
 131 0079 07       		.byte	0x7
 132 007a 42040000 		.4byte	.LASF10
 133 007e 04       		.uleb128 0x4
 134 007f 04       		.byte	0x4
 135 0080 05       		.byte	0x5
 136 0081 696E7400 		.ascii	"int\000"
 137 0085 02       		.uleb128 0x2
 138 0086 04       		.byte	0x4
 139 0087 07       		.byte	0x7
 140 0088 75050000 		.4byte	.LASF11
 141 008c 03       		.uleb128 0x3
 142 008d 97020000 		.4byte	.LASF12
 143 0091 04       		.byte	0x4
 144 0092 18       		.byte	0x18
 145 0093 33000000 		.4byte	0x33
 146 0097 03       		.uleb128 0x3
 147 0098 50050000 		.4byte	.LASF13
 148 009c 04       		.byte	0x4
 149 009d 2C       		.byte	0x2c
 150 009e 4C000000 		.4byte	0x4c
 151 00a2 03       		.uleb128 0x3
 152 00a3 59040000 		.4byte	.LASF14
 153 00a7 04       		.byte	0x4
 154 00a8 30       		.byte	0x30
 155 00a9 5E000000 		.4byte	0x5e
 156 00ad 02       		.uleb128 0x2
 157 00ae 04       		.byte	0x4
 158 00af 07       		.byte	0x7
 159 00b0 DF000000 		.4byte	.LASF15
 160 00b4 05       		.uleb128 0x5
 161 00b5 A2000000 		.4byte	0xa2
 162 00b9 02       		.uleb128 0x2
 163 00ba 08       		.byte	0x8
 164 00bb 04       		.byte	0x4
 165 00bc B5030000 		.4byte	.LASF16
 166 00c0 02       		.uleb128 0x2
 167 00c1 01       		.byte	0x1
 168 00c2 08       		.byte	0x8
 169 00c3 20030000 		.4byte	.LASF17
 170 00c7 02       		.uleb128 0x2
 171 00c8 04       		.byte	0x4
 172 00c9 04       		.byte	0x4
 173 00ca D3020000 		.4byte	.LASF18
 174 00ce 02       		.uleb128 0x2
 175 00cf 08       		.byte	0x8
 176 00d0 04       		.byte	0x4
 177 00d1 FA050000 		.4byte	.LASF19
 178 00d5 06       		.uleb128 0x6
 179 00d6 04       		.byte	0x4
 180 00d7 02       		.uleb128 0x2
 181 00d8 01       		.byte	0x1
 182 00d9 02       		.byte	0x2
 183 00da 6F050000 		.4byte	.LASF20
 184 00de 07       		.uleb128 0x7
 185 00df 2A060000 		.4byte	.LASF41
ARM GAS  C:\Users\salaz\AppData\Local\Temp\ccOqa8Oq.s 			page 6


 186 00e3 4C       		.byte	0x4c
 187 00e4 05       		.byte	0x5
 188 00e5 2B       		.byte	0x2b
 189 00e6 CF010000 		.4byte	0x1cf
 190 00ea 08       		.uleb128 0x8
 191 00eb 51030000 		.4byte	.LASF21
 192 00ef 05       		.byte	0x5
 193 00f0 2D       		.byte	0x2d
 194 00f1 A2000000 		.4byte	0xa2
 195 00f5 00       		.byte	0
 196 00f6 08       		.uleb128 0x8
 197 00f7 3C000000 		.4byte	.LASF22
 198 00fb 05       		.byte	0x5
 199 00fc 2F       		.byte	0x2f
 200 00fd A2000000 		.4byte	0xa2
 201 0101 04       		.byte	0x4
 202 0102 08       		.uleb128 0x8
 203 0103 18030000 		.4byte	.LASF23
 204 0107 05       		.byte	0x5
 205 0108 30       		.byte	0x30
 206 0109 A2000000 		.4byte	0xa2
 207 010d 08       		.byte	0x8
 208 010e 08       		.uleb128 0x8
 209 010f 20010000 		.4byte	.LASF24
 210 0113 05       		.byte	0x5
 211 0114 31       		.byte	0x31
 212 0115 A2000000 		.4byte	0xa2
 213 0119 0C       		.byte	0xc
 214 011a 08       		.uleb128 0x8
 215 011b 80040000 		.4byte	.LASF25
 216 011f 05       		.byte	0x5
 217 0120 33       		.byte	0x33
 218 0121 A2000000 		.4byte	0xa2
 219 0125 10       		.byte	0x10
 220 0126 08       		.uleb128 0x8
 221 0127 5A000000 		.4byte	.LASF26
 222 012b 05       		.byte	0x5
 223 012c 34       		.byte	0x34
 224 012d A2000000 		.4byte	0xa2
 225 0131 14       		.byte	0x14
 226 0132 08       		.uleb128 0x8
 227 0133 63000000 		.4byte	.LASF27
 228 0137 05       		.byte	0x5
 229 0138 35       		.byte	0x35
 230 0139 A2000000 		.4byte	0xa2
 231 013d 18       		.byte	0x18
 232 013e 08       		.uleb128 0x8
 233 013f 7A020000 		.4byte	.LASF28
 234 0143 05       		.byte	0x5
 235 0144 36       		.byte	0x36
 236 0145 D7000000 		.4byte	0xd7
 237 0149 1C       		.byte	0x1c
 238 014a 08       		.uleb128 0x8
 239 014b C8050000 		.4byte	.LASF29
 240 014f 05       		.byte	0x5
 241 0150 38       		.byte	0x38
 242 0151 A2000000 		.4byte	0xa2
ARM GAS  C:\Users\salaz\AppData\Local\Temp\ccOqa8Oq.s 			page 7


 243 0155 20       		.byte	0x20
 244 0156 08       		.uleb128 0x8
 245 0157 B7050000 		.4byte	.LASF30
 246 015b 05       		.byte	0x5
 247 015c 39       		.byte	0x39
 248 015d A2000000 		.4byte	0xa2
 249 0161 24       		.byte	0x24
 250 0162 08       		.uleb128 0x8
 251 0163 1B020000 		.4byte	.LASF31
 252 0167 05       		.byte	0x5
 253 0168 3B       		.byte	0x3b
 254 0169 A2000000 		.4byte	0xa2
 255 016d 28       		.byte	0x28
 256 016e 08       		.uleb128 0x8
 257 016f F3020000 		.4byte	.LASF32
 258 0173 05       		.byte	0x5
 259 0174 3C       		.byte	0x3c
 260 0175 A2000000 		.4byte	0xa2
 261 0179 2C       		.byte	0x2c
 262 017a 08       		.uleb128 0x8
 263 017b 00000000 		.4byte	.LASF33
 264 017f 05       		.byte	0x5
 265 0180 3E       		.byte	0x3e
 266 0181 A2000000 		.4byte	0xa2
 267 0185 30       		.byte	0x30
 268 0186 08       		.uleb128 0x8
 269 0187 D3030000 		.4byte	.LASF34
 270 018b 05       		.byte	0x5
 271 018c 3F       		.byte	0x3f
 272 018d A2000000 		.4byte	0xa2
 273 0191 34       		.byte	0x34
 274 0192 08       		.uleb128 0x8
 275 0193 4C060000 		.4byte	.LASF35
 276 0197 05       		.byte	0x5
 277 0198 41       		.byte	0x41
 278 0199 A2000000 		.4byte	0xa2
 279 019d 38       		.byte	0x38
 280 019e 08       		.uleb128 0x8
 281 019f 61060000 		.4byte	.LASF36
 282 01a3 05       		.byte	0x5
 283 01a4 42       		.byte	0x42
 284 01a5 A2000000 		.4byte	0xa2
 285 01a9 3C       		.byte	0x3c
 286 01aa 08       		.uleb128 0x8
 287 01ab 62030000 		.4byte	.LASF37
 288 01af 05       		.byte	0x5
 289 01b0 44       		.byte	0x44
 290 01b1 A2000000 		.4byte	0xa2
 291 01b5 40       		.byte	0x40
 292 01b6 08       		.uleb128 0x8
 293 01b7 4B000000 		.4byte	.LASF38
 294 01bb 05       		.byte	0x5
 295 01bc 45       		.byte	0x45
 296 01bd A2000000 		.4byte	0xa2
 297 01c1 44       		.byte	0x44
 298 01c2 08       		.uleb128 0x8
 299 01c3 DE060000 		.4byte	.LASF39
ARM GAS  C:\Users\salaz\AppData\Local\Temp\ccOqa8Oq.s 			page 8


 300 01c7 05       		.byte	0x5
 301 01c8 47       		.byte	0x47
 302 01c9 A2000000 		.4byte	0xa2
 303 01cd 48       		.byte	0x48
 304 01ce 00       		.byte	0
 305 01cf 03       		.uleb128 0x3
 306 01d0 DB040000 		.4byte	.LASF40
 307 01d4 05       		.byte	0x5
 308 01d5 48       		.byte	0x48
 309 01d6 DE000000 		.4byte	0xde
 310 01da 07       		.uleb128 0x7
 311 01db F3010000 		.4byte	.LASF42
 312 01df 64       		.byte	0x64
 313 01e0 06       		.byte	0x6
 314 01e1 2B       		.byte	0x2b
 315 01e2 13030000 		.4byte	0x313
 316 01e6 08       		.uleb128 0x8
 317 01e7 C9060000 		.4byte	.LASF43
 318 01eb 06       		.byte	0x6
 319 01ec 2D       		.byte	0x2d
 320 01ed A2000000 		.4byte	0xa2
 321 01f1 00       		.byte	0
 322 01f2 08       		.uleb128 0x8
 323 01f3 3C000000 		.4byte	.LASF22
 324 01f7 06       		.byte	0x6
 325 01f8 2F       		.byte	0x2f
 326 01f9 A2000000 		.4byte	0xa2
 327 01fd 04       		.byte	0x4
 328 01fe 08       		.uleb128 0x8
 329 01ff 6D020000 		.4byte	.LASF44
 330 0203 06       		.byte	0x6
 331 0204 30       		.byte	0x30
 332 0205 A2000000 		.4byte	0xa2
 333 0209 08       		.byte	0x8
 334 020a 08       		.uleb128 0x8
 335 020b 41050000 		.4byte	.LASF45
 336 020f 06       		.byte	0x6
 337 0210 31       		.byte	0x31
 338 0211 A2000000 		.4byte	0xa2
 339 0215 0C       		.byte	0xc
 340 0216 08       		.uleb128 0x8
 341 0217 18030000 		.4byte	.LASF23
 342 021b 06       		.byte	0x6
 343 021c 32       		.byte	0x32
 344 021d A2000000 		.4byte	0xa2
 345 0221 10       		.byte	0x10
 346 0222 08       		.uleb128 0x8
 347 0223 E3020000 		.4byte	.LASF46
 348 0227 06       		.byte	0x6
 349 0228 33       		.byte	0x33
 350 0229 A2000000 		.4byte	0xa2
 351 022d 14       		.byte	0x14
 352 022e 08       		.uleb128 0x8
 353 022f EB020000 		.4byte	.LASF47
 354 0233 06       		.byte	0x6
 355 0234 34       		.byte	0x34
 356 0235 A2000000 		.4byte	0xa2
ARM GAS  C:\Users\salaz\AppData\Local\Temp\ccOqa8Oq.s 			page 9


 357 0239 18       		.byte	0x18
 358 023a 08       		.uleb128 0x8
 359 023b 14040000 		.4byte	.LASF48
 360 023f 06       		.byte	0x6
 361 0240 35       		.byte	0x35
 362 0241 D7000000 		.4byte	0xd7
 363 0245 1C       		.byte	0x1c
 364 0246 08       		.uleb128 0x8
 365 0247 5A000000 		.4byte	.LASF26
 366 024b 06       		.byte	0x6
 367 024c 36       		.byte	0x36
 368 024d A2000000 		.4byte	0xa2
 369 0251 20       		.byte	0x20
 370 0252 08       		.uleb128 0x8
 371 0253 63000000 		.4byte	.LASF27
 372 0257 06       		.byte	0x6
 373 0258 37       		.byte	0x37
 374 0259 A2000000 		.4byte	0xa2
 375 025d 24       		.byte	0x24
 376 025e 08       		.uleb128 0x8
 377 025f 7A020000 		.4byte	.LASF28
 378 0263 06       		.byte	0x6
 379 0264 38       		.byte	0x38
 380 0265 D7000000 		.4byte	0xd7
 381 0269 28       		.byte	0x28
 382 026a 08       		.uleb128 0x8
 383 026b C8050000 		.4byte	.LASF29
 384 026f 06       		.byte	0x6
 385 0270 3A       		.byte	0x3a
 386 0271 A2000000 		.4byte	0xa2
 387 0275 2C       		.byte	0x2c
 388 0276 08       		.uleb128 0x8
 389 0277 D1060000 		.4byte	.LASF49
 390 027b 06       		.byte	0x6
 391 027c 3B       		.byte	0x3b
 392 027d A2000000 		.4byte	0xa2
 393 0281 30       		.byte	0x30
 394 0282 08       		.uleb128 0x8
 395 0283 CD040000 		.4byte	.LASF50
 396 0287 06       		.byte	0x6
 397 0288 3C       		.byte	0x3c
 398 0289 A2000000 		.4byte	0xa2
 399 028d 34       		.byte	0x34
 400 028e 08       		.uleb128 0x8
 401 028f A9020000 		.4byte	.LASF51
 402 0293 06       		.byte	0x6
 403 0294 3D       		.byte	0x3d
 404 0295 A2000000 		.4byte	0xa2
 405 0299 38       		.byte	0x38
 406 029a 08       		.uleb128 0x8
 407 029b 0D060000 		.4byte	.LASF52
 408 029f 06       		.byte	0x6
 409 02a0 3E       		.byte	0x3e
 410 02a1 A2000000 		.4byte	0xa2
 411 02a5 3C       		.byte	0x3c
 412 02a6 08       		.uleb128 0x8
 413 02a7 83060000 		.4byte	.LASF53
ARM GAS  C:\Users\salaz\AppData\Local\Temp\ccOqa8Oq.s 			page 10


 414 02ab 06       		.byte	0x6
 415 02ac 40       		.byte	0x40
 416 02ad A2000000 		.4byte	0xa2
 417 02b1 40       		.byte	0x40
 418 02b2 08       		.uleb128 0x8
 419 02b3 F3020000 		.4byte	.LASF32
 420 02b7 06       		.byte	0x6
 421 02b8 41       		.byte	0x41
 422 02b9 A2000000 		.4byte	0xa2
 423 02bd 44       		.byte	0x44
 424 02be 08       		.uleb128 0x8
 425 02bf 00000000 		.4byte	.LASF33
 426 02c3 06       		.byte	0x6
 427 02c4 43       		.byte	0x43
 428 02c5 A2000000 		.4byte	0xa2
 429 02c9 48       		.byte	0x48
 430 02ca 08       		.uleb128 0x8
 431 02cb D3030000 		.4byte	.LASF34
 432 02cf 06       		.byte	0x6
 433 02d0 44       		.byte	0x44
 434 02d1 A2000000 		.4byte	0xa2
 435 02d5 4C       		.byte	0x4c
 436 02d6 08       		.uleb128 0x8
 437 02d7 4C060000 		.4byte	.LASF35
 438 02db 06       		.byte	0x6
 439 02dc 46       		.byte	0x46
 440 02dd A2000000 		.4byte	0xa2
 441 02e1 50       		.byte	0x50
 442 02e2 08       		.uleb128 0x8
 443 02e3 2D070000 		.4byte	.LASF54
 444 02e7 06       		.byte	0x6
 445 02e8 47       		.byte	0x47
 446 02e9 A2000000 		.4byte	0xa2
 447 02ed 54       		.byte	0x54
 448 02ee 08       		.uleb128 0x8
 449 02ef 9F020000 		.4byte	.LASF55
 450 02f3 06       		.byte	0x6
 451 02f4 49       		.byte	0x49
 452 02f5 A2000000 		.4byte	0xa2
 453 02f9 58       		.byte	0x58
 454 02fa 08       		.uleb128 0x8
 455 02fb 4B000000 		.4byte	.LASF38
 456 02ff 06       		.byte	0x6
 457 0300 4A       		.byte	0x4a
 458 0301 A2000000 		.4byte	0xa2
 459 0305 5C       		.byte	0x5c
 460 0306 08       		.uleb128 0x8
 461 0307 DE060000 		.4byte	.LASF39
 462 030b 06       		.byte	0x6
 463 030c 4C       		.byte	0x4c
 464 030d A2000000 		.4byte	0xa2
 465 0311 60       		.byte	0x60
 466 0312 00       		.byte	0
 467 0313 03       		.uleb128 0x3
 468 0314 6C000000 		.4byte	.LASF56
 469 0318 06       		.byte	0x6
 470 0319 4D       		.byte	0x4d
ARM GAS  C:\Users\salaz\AppData\Local\Temp\ccOqa8Oq.s 			page 11


 471 031a DA010000 		.4byte	0x1da
 472 031e 09       		.uleb128 0x9
 473 031f 01       		.byte	0x1
 474 0320 3E000000 		.4byte	0x3e
 475 0324 07       		.byte	0x7
 476 0325 DE01     		.2byte	0x1de
 477 0327 38030000 		.4byte	0x338
 478 032b 0A       		.uleb128 0xa
 479 032c 1B060000 		.4byte	.LASF57
 480 0330 00       		.byte	0
 481 0331 0A       		.uleb128 0xa
 482 0332 EB050000 		.4byte	.LASF58
 483 0336 01       		.byte	0x1
 484 0337 00       		.byte	0
 485 0338 0B       		.uleb128 0xb
 486 0339 A3040000 		.4byte	.LASF59
 487 033d 07       		.byte	0x7
 488 033e E101     		.2byte	0x1e1
 489 0340 1E030000 		.4byte	0x31e
 490 0344 0B       		.uleb128 0xb
 491 0345 62040000 		.4byte	.LASF60
 492 0349 07       		.byte	0x7
 493 034a F301     		.2byte	0x1f3
 494 034c 50030000 		.4byte	0x350
 495 0350 0C       		.uleb128 0xc
 496 0351 04       		.byte	0x4
 497 0352 56030000 		.4byte	0x356
 498 0356 0D       		.uleb128 0xd
 499 0357 61030000 		.4byte	0x361
 500 035b 0E       		.uleb128 0xe
 501 035c A2000000 		.4byte	0xa2
 502 0360 00       		.byte	0
 503 0361 0B       		.uleb128 0xb
 504 0362 1C050000 		.4byte	.LASF61
 505 0366 07       		.byte	0x7
 506 0367 FE01     		.2byte	0x1fe
 507 0369 6D030000 		.4byte	0x36d
 508 036d 0C       		.uleb128 0xc
 509 036e 04       		.byte	0x4
 510 036f 73030000 		.4byte	0x373
 511 0373 0F       		.uleb128 0xf
 512 0374 38030000 		.4byte	0x338
 513 0378 82030000 		.4byte	0x382
 514 037c 0E       		.uleb128 0xe
 515 037d A2000000 		.4byte	0xa2
 516 0381 00       		.byte	0
 517 0382 10       		.uleb128 0x10
 518 0383 3B070000 		.4byte	.LASF62
 519 0387 4C       		.byte	0x4c
 520 0388 07       		.byte	0x7
 521 0389 6502     		.2byte	0x265
 522 038b A1040000 		.4byte	0x4a1
 523 038f 11       		.uleb128 0x11
 524 0390 57060000 		.4byte	.LASF63
 525 0394 07       		.byte	0x7
 526 0395 6802     		.2byte	0x268
 527 0397 D7000000 		.4byte	0xd7
ARM GAS  C:\Users\salaz\AppData\Local\Temp\ccOqa8Oq.s 			page 12


 528 039b 00       		.byte	0
 529 039c 11       		.uleb128 0x11
 530 039d D9020000 		.4byte	.LASF64
 531 03a1 07       		.byte	0x7
 532 03a2 6902     		.2byte	0x269
 533 03a4 D7000000 		.4byte	0xd7
 534 03a8 01       		.byte	0x1
 535 03a9 11       		.uleb128 0x11
 536 03aa 9E000000 		.4byte	.LASF65
 537 03ae 07       		.byte	0x7
 538 03af 6B02     		.2byte	0x26b
 539 03b1 B4000000 		.4byte	0xb4
 540 03b5 04       		.byte	0x4
 541 03b6 11       		.uleb128 0x11
 542 03b7 E8000000 		.4byte	.LASF66
 543 03bb 07       		.byte	0x7
 544 03bc 6D02     		.2byte	0x26d
 545 03be B4000000 		.4byte	0xb4
 546 03c2 08       		.byte	0x8
 547 03c3 11       		.uleb128 0x11
 548 03c4 77060000 		.4byte	.LASF67
 549 03c8 07       		.byte	0x7
 550 03c9 6E02     		.2byte	0x26e
 551 03cb D7000000 		.4byte	0xd7
 552 03cf 0C       		.byte	0xc
 553 03d0 11       		.uleb128 0x11
 554 03d1 45030000 		.4byte	.LASF68
 555 03d5 07       		.byte	0x7
 556 03d6 6F02     		.2byte	0x26f
 557 03d8 D7000000 		.4byte	0xd7
 558 03dc 0D       		.byte	0xd
 559 03dd 11       		.uleb128 0x11
 560 03de 62050000 		.4byte	.LASF69
 561 03e2 07       		.byte	0x7
 562 03e3 7102     		.2byte	0x271
 563 03e5 A1040000 		.4byte	0x4a1
 564 03e9 10       		.byte	0x10
 565 03ea 11       		.uleb128 0x11
 566 03eb 31040000 		.4byte	.LASF70
 567 03ef 07       		.byte	0x7
 568 03f0 7202     		.2byte	0x272
 569 03f2 A2000000 		.4byte	0xa2
 570 03f6 14       		.byte	0x14
 571 03f7 11       		.uleb128 0x11
 572 03f8 2C000000 		.4byte	.LASF71
 573 03fc 07       		.byte	0x7
 574 03fd 7302     		.2byte	0x273
 575 03ff B4000000 		.4byte	0xb4
 576 0403 18       		.byte	0x18
 577 0404 11       		.uleb128 0x11
 578 0405 1D000000 		.4byte	.LASF72
 579 0409 07       		.byte	0x7
 580 040a 7402     		.2byte	0x274
 581 040c B4000000 		.4byte	0xb4
 582 0410 1C       		.byte	0x1c
 583 0411 11       		.uleb128 0x11
 584 0412 01060000 		.4byte	.LASF73
ARM GAS  C:\Users\salaz\AppData\Local\Temp\ccOqa8Oq.s 			page 13


 585 0416 07       		.byte	0x7
 586 0417 7602     		.2byte	0x276
 587 0419 B4000000 		.4byte	0xb4
 588 041d 20       		.byte	0x20
 589 041e 11       		.uleb128 0x11
 590 041f 1D070000 		.4byte	.LASF74
 591 0423 07       		.byte	0x7
 592 0424 7702     		.2byte	0x277
 593 0426 A7040000 		.4byte	0x4a7
 594 042a 24       		.byte	0x24
 595 042b 11       		.uleb128 0x11
 596 042c 52070000 		.4byte	.LASF75
 597 0430 07       		.byte	0x7
 598 0431 7902     		.2byte	0x279
 599 0433 A1040000 		.4byte	0x4a1
 600 0437 28       		.byte	0x28
 601 0438 11       		.uleb128 0x11
 602 0439 8A030000 		.4byte	.LASF76
 603 043d 07       		.byte	0x7
 604 043e 7A02     		.2byte	0x27a
 605 0440 A2000000 		.4byte	0xa2
 606 0444 2C       		.byte	0x2c
 607 0445 11       		.uleb128 0x11
 608 0446 03040000 		.4byte	.LASF77
 609 044a 07       		.byte	0x7
 610 044b 7B02     		.2byte	0x27b
 611 044d B4000000 		.4byte	0xb4
 612 0451 30       		.byte	0x30
 613 0452 11       		.uleb128 0x11
 614 0453 2F010000 		.4byte	.LASF78
 615 0457 07       		.byte	0x7
 616 0458 7C02     		.2byte	0x27c
 617 045a B4000000 		.4byte	0xb4
 618 045e 34       		.byte	0x34
 619 045f 11       		.uleb128 0x11
 620 0460 86000000 		.4byte	.LASF79
 621 0464 07       		.byte	0x7
 622 0465 7E02     		.2byte	0x27e
 623 0467 A1040000 		.4byte	0x4a1
 624 046b 38       		.byte	0x38
 625 046c 11       		.uleb128 0x11
 626 046d 25030000 		.4byte	.LASF80
 627 0471 07       		.byte	0x7
 628 0472 7F02     		.2byte	0x27f
 629 0474 A2000000 		.4byte	0xa2
 630 0478 3C       		.byte	0x3c
 631 0479 11       		.uleb128 0x11
 632 047a 79030000 		.4byte	.LASF81
 633 047e 07       		.byte	0x7
 634 047f 8002     		.2byte	0x280
 635 0481 B4000000 		.4byte	0xb4
 636 0485 40       		.byte	0x40
 637 0486 11       		.uleb128 0x11
 638 0487 38050000 		.4byte	.LASF82
 639 048b 07       		.byte	0x7
 640 048c 8602     		.2byte	0x286
 641 048e 44030000 		.4byte	0x344
ARM GAS  C:\Users\salaz\AppData\Local\Temp\ccOqa8Oq.s 			page 14


 642 0492 44       		.byte	0x44
 643 0493 11       		.uleb128 0x11
 644 0494 11030000 		.4byte	.LASF83
 645 0498 07       		.byte	0x7
 646 0499 8D02     		.2byte	0x28d
 647 049b 61030000 		.4byte	0x361
 648 049f 48       		.byte	0x48
 649 04a0 00       		.byte	0
 650 04a1 0C       		.uleb128 0xc
 651 04a2 04       		.byte	0x4
 652 04a3 8C000000 		.4byte	0x8c
 653 04a7 05       		.uleb128 0x5
 654 04a8 D7000000 		.4byte	0xd7
 655 04ac 0B       		.uleb128 0xb
 656 04ad 9C030000 		.4byte	.LASF84
 657 04b1 07       		.byte	0x7
 658 04b2 9002     		.2byte	0x290
 659 04b4 82030000 		.4byte	0x382
 660 04b8 0B       		.uleb128 0xb
 661 04b9 A4000000 		.4byte	.LASF85
 662 04bd 08       		.byte	0x8
 663 04be AB01     		.2byte	0x1ab
 664 04c0 50030000 		.4byte	0x350
 665 04c4 10       		.uleb128 0x10
 666 04c5 F5000000 		.4byte	.LASF86
 667 04c9 38       		.byte	0x38
 668 04ca 08       		.byte	0x8
 669 04cb 4702     		.2byte	0x247
 670 04cd 88050000 		.4byte	0x588
 671 04d1 11       		.uleb128 0x11
 672 04d2 28020000 		.4byte	.LASF87
 673 04d6 08       		.byte	0x8
 674 04d7 4A02     		.2byte	0x24a
 675 04d9 B4000000 		.4byte	0xb4
 676 04dd 00       		.byte	0
 677 04de 11       		.uleb128 0x11
 678 04df E2030000 		.4byte	.LASF88
 679 04e3 08       		.byte	0x8
 680 04e4 4B02     		.2byte	0x24b
 681 04e6 B4000000 		.4byte	0xb4
 682 04ea 04       		.byte	0x4
 683 04eb 11       		.uleb128 0x11
 684 04ec F9030000 		.4byte	.LASF89
 685 04f0 08       		.byte	0x8
 686 04f1 4D02     		.2byte	0x24d
 687 04f3 D5000000 		.4byte	0xd5
 688 04f7 08       		.byte	0x8
 689 04f8 11       		.uleb128 0x11
 690 04f9 37030000 		.4byte	.LASF90
 691 04fd 08       		.byte	0x8
 692 04fe 4E02     		.2byte	0x24e
 693 0500 A2000000 		.4byte	0xa2
 694 0504 0C       		.byte	0xc
 695 0505 11       		.uleb128 0x11
 696 0506 C5020000 		.4byte	.LASF91
 697 050a 08       		.byte	0x8
 698 050b 4F02     		.2byte	0x24f
ARM GAS  C:\Users\salaz\AppData\Local\Temp\ccOqa8Oq.s 			page 15


 699 050d B4000000 		.4byte	0xb4
 700 0511 10       		.byte	0x10
 701 0512 11       		.uleb128 0x11
 702 0513 BB060000 		.4byte	.LASF92
 703 0517 08       		.byte	0x8
 704 0518 5002     		.2byte	0x250
 705 051a B4000000 		.4byte	0xb4
 706 051e 14       		.byte	0x14
 707 051f 11       		.uleb128 0x11
 708 0520 16050000 		.4byte	.LASF93
 709 0524 08       		.byte	0x8
 710 0525 5202     		.2byte	0x252
 711 0527 D5000000 		.4byte	0xd5
 712 052b 18       		.byte	0x18
 713 052c 11       		.uleb128 0x11
 714 052d 94000000 		.4byte	.LASF94
 715 0531 08       		.byte	0x8
 716 0532 5302     		.2byte	0x253
 717 0534 A2000000 		.4byte	0xa2
 718 0538 1C       		.byte	0x1c
 719 0539 11       		.uleb128 0x11
 720 053a 45020000 		.4byte	.LASF95
 721 053e 08       		.byte	0x8
 722 053f 5402     		.2byte	0x254
 723 0541 B4000000 		.4byte	0xb4
 724 0545 20       		.byte	0x20
 725 0546 11       		.uleb128 0x11
 726 0547 46060000 		.4byte	.LASF96
 727 054b 08       		.byte	0x8
 728 054c 5602     		.2byte	0x256
 729 054e D5000000 		.4byte	0xd5
 730 0552 24       		.byte	0x24
 731 0553 11       		.uleb128 0x11
 732 0554 F9040000 		.4byte	.LASF97
 733 0558 08       		.byte	0x8
 734 0559 5702     		.2byte	0x257
 735 055b A2000000 		.4byte	0xa2
 736 055f 28       		.byte	0x28
 737 0560 11       		.uleb128 0x11
 738 0561 0C000000 		.4byte	.LASF98
 739 0565 08       		.byte	0x8
 740 0566 5802     		.2byte	0x258
 741 0568 B4000000 		.4byte	0xb4
 742 056c 2C       		.byte	0x2c
 743 056d 11       		.uleb128 0x11
 744 056e 38050000 		.4byte	.LASF82
 745 0572 08       		.byte	0x8
 746 0573 5D02     		.2byte	0x25d
 747 0575 B8040000 		.4byte	0x4b8
 748 0579 30       		.byte	0x30
 749 057a 11       		.uleb128 0x11
 750 057b 6F060000 		.4byte	.LASF99
 751 057f 08       		.byte	0x8
 752 0580 6002     		.2byte	0x260
 753 0582 A2000000 		.4byte	0xa2
 754 0586 34       		.byte	0x34
 755 0587 00       		.byte	0
ARM GAS  C:\Users\salaz\AppData\Local\Temp\ccOqa8Oq.s 			page 16


 756 0588 0B       		.uleb128 0xb
 757 0589 8D060000 		.4byte	.LASF100
 758 058d 08       		.byte	0x8
 759 058e 6302     		.2byte	0x263
 760 0590 C4040000 		.4byte	0x4c4
 761 0594 12       		.uleb128 0x12
 762 0595 8C000000 		.4byte	0x8c
 763 0599 13       		.uleb128 0x13
 764 059a 6C030000 		.4byte	.LASF116
 765 059e 02       		.byte	0x2
 766 059f 53       		.byte	0x53
 767 05a0 03       		.byte	0x3
 768 05a1 14       		.uleb128 0x14
 769 05a2 0B020000 		.4byte	.LASF117
 770 05a6 01       		.byte	0x1
 771 05a7 0E       		.byte	0xe
 772 05a8 7E000000 		.4byte	0x7e
 773 05ac 00000000 		.4byte	.LFB868
 774 05b0 04000000 		.4byte	.LFE868-.LFB868
 775 05b4 01       		.uleb128 0x1
 776 05b5 9C       		.byte	0x9c
 777 05b6 CA050000 		.4byte	0x5ca
 778 05ba 15       		.uleb128 0x15
 779 05bb 99050000 		.4byte	0x599
 780 05bf 00000000 		.4byte	.LBB4
 781 05c3 04000000 		.4byte	.LBE4-.LBB4
 782 05c7 01       		.byte	0x1
 783 05c8 10       		.byte	0x10
 784 05c9 00       		.byte	0
 785 05ca 16       		.uleb128 0x16
 786 05cb E9060000 		.4byte	.LASF101
 787 05cf 09       		.byte	0x9
 788 05d0 EA07     		.2byte	0x7ea
 789 05d2 D6050000 		.4byte	0x5d6
 790 05d6 05       		.uleb128 0x5
 791 05d7 97000000 		.4byte	0x97
 792 05db 17       		.uleb128 0x17
 793 05dc 94050000 		.4byte	0x594
 794 05e0 EB050000 		.4byte	0x5eb
 795 05e4 18       		.uleb128 0x18
 796 05e5 AD000000 		.4byte	0xad
 797 05e9 0B       		.byte	0xb
 798 05ea 00       		.byte	0
 799 05eb 16       		.uleb128 0x16
 800 05ec 4E020000 		.4byte	.LASF102
 801 05f0 0A       		.byte	0xa
 802 05f1 FC02     		.2byte	0x2fc
 803 05f3 F7050000 		.4byte	0x5f7
 804 05f7 12       		.uleb128 0x12
 805 05f8 DB050000 		.4byte	0x5db
 806 05fc 19       		.uleb128 0x19
 807 05fd B2020000 		.4byte	.LASF103
 808 0601 0B       		.byte	0xb
 809 0602 87       		.byte	0x87
 810 0603 88050000 		.4byte	0x588
 811 0607 19       		.uleb128 0x19
 812 0608 C1030000 		.4byte	.LASF104
ARM GAS  C:\Users\salaz\AppData\Local\Temp\ccOqa8Oq.s 			page 17


 813 060c 0C       		.byte	0xc
 814 060d 7F       		.byte	0x7f
 815 060e AC040000 		.4byte	0x4ac
 816 0612 19       		.uleb128 0x19
 817 0613 A7060000 		.4byte	.LASF105
 818 0617 0D       		.byte	0xd
 819 0618 1F       		.byte	0x1f
 820 0619 1D060000 		.4byte	0x61d
 821 061d 12       		.uleb128 0x12
 822 061e 13030000 		.4byte	0x313
 823 0622 19       		.uleb128 0x19
 824 0623 31020000 		.4byte	.LASF106
 825 0627 0E       		.byte	0xe
 826 0628 1F       		.byte	0x1f
 827 0629 1D060000 		.4byte	0x61d
 828 062d 19       		.uleb128 0x19
 829 062e D9050000 		.4byte	.LASF107
 830 0632 0F       		.byte	0xf
 831 0633 1F       		.byte	0x1f
 832 0634 38060000 		.4byte	0x638
 833 0638 12       		.uleb128 0x12
 834 0639 CF010000 		.4byte	0x1cf
 835 063d 19       		.uleb128 0x19
 836 063e 09070000 		.4byte	.LASF108
 837 0642 10       		.byte	0x10
 838 0643 1F       		.byte	0x1f
 839 0644 1D060000 		.4byte	0x61d
 840 0648 19       		.uleb128 0x19
 841 0649 0D010000 		.4byte	.LASF109
 842 064d 11       		.byte	0x11
 843 064e 1F       		.byte	0x1f
 844 064f 1D060000 		.4byte	0x61d
 845 0653 19       		.uleb128 0x19
 846 0654 CD000000 		.4byte	.LASF110
 847 0658 12       		.byte	0x12
 848 0659 1F       		.byte	0x1f
 849 065a 38060000 		.4byte	0x638
 850 065e 19       		.uleb128 0x19
 851 065f F6060000 		.4byte	.LASF111
 852 0663 13       		.byte	0x13
 853 0664 1F       		.byte	0x1f
 854 0665 1D060000 		.4byte	0x61d
 855 0669 19       		.uleb128 0x19
 856 066a 91040000 		.4byte	.LASF112
 857 066e 14       		.byte	0x14
 858 066f 1F       		.byte	0x1f
 859 0670 38060000 		.4byte	0x638
 860 0674 00       		.byte	0
 861              		.section	.debug_abbrev,"",%progbits
 862              	.Ldebug_abbrev0:
 863 0000 01       		.uleb128 0x1
 864 0001 11       		.uleb128 0x11
 865 0002 01       		.byte	0x1
 866 0003 25       		.uleb128 0x25
 867 0004 0E       		.uleb128 0xe
 868 0005 13       		.uleb128 0x13
 869 0006 0B       		.uleb128 0xb
ARM GAS  C:\Users\salaz\AppData\Local\Temp\ccOqa8Oq.s 			page 18


 870 0007 03       		.uleb128 0x3
 871 0008 0E       		.uleb128 0xe
 872 0009 1B       		.uleb128 0x1b
 873 000a 0E       		.uleb128 0xe
 874 000b 55       		.uleb128 0x55
 875 000c 17       		.uleb128 0x17
 876 000d 11       		.uleb128 0x11
 877 000e 01       		.uleb128 0x1
 878 000f 10       		.uleb128 0x10
 879 0010 17       		.uleb128 0x17
 880 0011 00       		.byte	0
 881 0012 00       		.byte	0
 882 0013 02       		.uleb128 0x2
 883 0014 24       		.uleb128 0x24
 884 0015 00       		.byte	0
 885 0016 0B       		.uleb128 0xb
 886 0017 0B       		.uleb128 0xb
 887 0018 3E       		.uleb128 0x3e
 888 0019 0B       		.uleb128 0xb
 889 001a 03       		.uleb128 0x3
 890 001b 0E       		.uleb128 0xe
 891 001c 00       		.byte	0
 892 001d 00       		.byte	0
 893 001e 03       		.uleb128 0x3
 894 001f 16       		.uleb128 0x16
 895 0020 00       		.byte	0
 896 0021 03       		.uleb128 0x3
 897 0022 0E       		.uleb128 0xe
 898 0023 3A       		.uleb128 0x3a
 899 0024 0B       		.uleb128 0xb
 900 0025 3B       		.uleb128 0x3b
 901 0026 0B       		.uleb128 0xb
 902 0027 49       		.uleb128 0x49
 903 0028 13       		.uleb128 0x13
 904 0029 00       		.byte	0
 905 002a 00       		.byte	0
 906 002b 04       		.uleb128 0x4
 907 002c 24       		.uleb128 0x24
 908 002d 00       		.byte	0
 909 002e 0B       		.uleb128 0xb
 910 002f 0B       		.uleb128 0xb
 911 0030 3E       		.uleb128 0x3e
 912 0031 0B       		.uleb128 0xb
 913 0032 03       		.uleb128 0x3
 914 0033 08       		.uleb128 0x8
 915 0034 00       		.byte	0
 916 0035 00       		.byte	0
 917 0036 05       		.uleb128 0x5
 918 0037 35       		.uleb128 0x35
 919 0038 00       		.byte	0
 920 0039 49       		.uleb128 0x49
 921 003a 13       		.uleb128 0x13
 922 003b 00       		.byte	0
 923 003c 00       		.byte	0
 924 003d 06       		.uleb128 0x6
 925 003e 0F       		.uleb128 0xf
 926 003f 00       		.byte	0
ARM GAS  C:\Users\salaz\AppData\Local\Temp\ccOqa8Oq.s 			page 19


 927 0040 0B       		.uleb128 0xb
 928 0041 0B       		.uleb128 0xb
 929 0042 00       		.byte	0
 930 0043 00       		.byte	0
 931 0044 07       		.uleb128 0x7
 932 0045 13       		.uleb128 0x13
 933 0046 01       		.byte	0x1
 934 0047 03       		.uleb128 0x3
 935 0048 0E       		.uleb128 0xe
 936 0049 0B       		.uleb128 0xb
 937 004a 0B       		.uleb128 0xb
 938 004b 3A       		.uleb128 0x3a
 939 004c 0B       		.uleb128 0xb
 940 004d 3B       		.uleb128 0x3b
 941 004e 0B       		.uleb128 0xb
 942 004f 01       		.uleb128 0x1
 943 0050 13       		.uleb128 0x13
 944 0051 00       		.byte	0
 945 0052 00       		.byte	0
 946 0053 08       		.uleb128 0x8
 947 0054 0D       		.uleb128 0xd
 948 0055 00       		.byte	0
 949 0056 03       		.uleb128 0x3
 950 0057 0E       		.uleb128 0xe
 951 0058 3A       		.uleb128 0x3a
 952 0059 0B       		.uleb128 0xb
 953 005a 3B       		.uleb128 0x3b
 954 005b 0B       		.uleb128 0xb
 955 005c 49       		.uleb128 0x49
 956 005d 13       		.uleb128 0x13
 957 005e 38       		.uleb128 0x38
 958 005f 0B       		.uleb128 0xb
 959 0060 00       		.byte	0
 960 0061 00       		.byte	0
 961 0062 09       		.uleb128 0x9
 962 0063 04       		.uleb128 0x4
 963 0064 01       		.byte	0x1
 964 0065 0B       		.uleb128 0xb
 965 0066 0B       		.uleb128 0xb
 966 0067 49       		.uleb128 0x49
 967 0068 13       		.uleb128 0x13
 968 0069 3A       		.uleb128 0x3a
 969 006a 0B       		.uleb128 0xb
 970 006b 3B       		.uleb128 0x3b
 971 006c 05       		.uleb128 0x5
 972 006d 01       		.uleb128 0x1
 973 006e 13       		.uleb128 0x13
 974 006f 00       		.byte	0
 975 0070 00       		.byte	0
 976 0071 0A       		.uleb128 0xa
 977 0072 28       		.uleb128 0x28
 978 0073 00       		.byte	0
 979 0074 03       		.uleb128 0x3
 980 0075 0E       		.uleb128 0xe
 981 0076 1C       		.uleb128 0x1c
 982 0077 0B       		.uleb128 0xb
 983 0078 00       		.byte	0
ARM GAS  C:\Users\salaz\AppData\Local\Temp\ccOqa8Oq.s 			page 20


 984 0079 00       		.byte	0
 985 007a 0B       		.uleb128 0xb
 986 007b 16       		.uleb128 0x16
 987 007c 00       		.byte	0
 988 007d 03       		.uleb128 0x3
 989 007e 0E       		.uleb128 0xe
 990 007f 3A       		.uleb128 0x3a
 991 0080 0B       		.uleb128 0xb
 992 0081 3B       		.uleb128 0x3b
 993 0082 05       		.uleb128 0x5
 994 0083 49       		.uleb128 0x49
 995 0084 13       		.uleb128 0x13
 996 0085 00       		.byte	0
 997 0086 00       		.byte	0
 998 0087 0C       		.uleb128 0xc
 999 0088 0F       		.uleb128 0xf
 1000 0089 00       		.byte	0
 1001 008a 0B       		.uleb128 0xb
 1002 008b 0B       		.uleb128 0xb
 1003 008c 49       		.uleb128 0x49
 1004 008d 13       		.uleb128 0x13
 1005 008e 00       		.byte	0
 1006 008f 00       		.byte	0
 1007 0090 0D       		.uleb128 0xd
 1008 0091 15       		.uleb128 0x15
 1009 0092 01       		.byte	0x1
 1010 0093 27       		.uleb128 0x27
 1011 0094 19       		.uleb128 0x19
 1012 0095 01       		.uleb128 0x1
 1013 0096 13       		.uleb128 0x13
 1014 0097 00       		.byte	0
 1015 0098 00       		.byte	0
 1016 0099 0E       		.uleb128 0xe
 1017 009a 05       		.uleb128 0x5
 1018 009b 00       		.byte	0
 1019 009c 49       		.uleb128 0x49
 1020 009d 13       		.uleb128 0x13
 1021 009e 00       		.byte	0
 1022 009f 00       		.byte	0
 1023 00a0 0F       		.uleb128 0xf
 1024 00a1 15       		.uleb128 0x15
 1025 00a2 01       		.byte	0x1
 1026 00a3 27       		.uleb128 0x27
 1027 00a4 19       		.uleb128 0x19
 1028 00a5 49       		.uleb128 0x49
 1029 00a6 13       		.uleb128 0x13
 1030 00a7 01       		.uleb128 0x1
 1031 00a8 13       		.uleb128 0x13
 1032 00a9 00       		.byte	0
 1033 00aa 00       		.byte	0
 1034 00ab 10       		.uleb128 0x10
 1035 00ac 13       		.uleb128 0x13
 1036 00ad 01       		.byte	0x1
 1037 00ae 03       		.uleb128 0x3
 1038 00af 0E       		.uleb128 0xe
 1039 00b0 0B       		.uleb128 0xb
 1040 00b1 0B       		.uleb128 0xb
ARM GAS  C:\Users\salaz\AppData\Local\Temp\ccOqa8Oq.s 			page 21


 1041 00b2 3A       		.uleb128 0x3a
 1042 00b3 0B       		.uleb128 0xb
 1043 00b4 3B       		.uleb128 0x3b
 1044 00b5 05       		.uleb128 0x5
 1045 00b6 01       		.uleb128 0x1
 1046 00b7 13       		.uleb128 0x13
 1047 00b8 00       		.byte	0
 1048 00b9 00       		.byte	0
 1049 00ba 11       		.uleb128 0x11
 1050 00bb 0D       		.uleb128 0xd
 1051 00bc 00       		.byte	0
 1052 00bd 03       		.uleb128 0x3
 1053 00be 0E       		.uleb128 0xe
 1054 00bf 3A       		.uleb128 0x3a
 1055 00c0 0B       		.uleb128 0xb
 1056 00c1 3B       		.uleb128 0x3b
 1057 00c2 05       		.uleb128 0x5
 1058 00c3 49       		.uleb128 0x49
 1059 00c4 13       		.uleb128 0x13
 1060 00c5 38       		.uleb128 0x38
 1061 00c6 0B       		.uleb128 0xb
 1062 00c7 00       		.byte	0
 1063 00c8 00       		.byte	0
 1064 00c9 12       		.uleb128 0x12
 1065 00ca 26       		.uleb128 0x26
 1066 00cb 00       		.byte	0
 1067 00cc 49       		.uleb128 0x49
 1068 00cd 13       		.uleb128 0x13
 1069 00ce 00       		.byte	0
 1070 00cf 00       		.byte	0
 1071 00d0 13       		.uleb128 0x13
 1072 00d1 2E       		.uleb128 0x2e
 1073 00d2 00       		.byte	0
 1074 00d3 03       		.uleb128 0x3
 1075 00d4 0E       		.uleb128 0xe
 1076 00d5 3A       		.uleb128 0x3a
 1077 00d6 0B       		.uleb128 0xb
 1078 00d7 3B       		.uleb128 0x3b
 1079 00d8 0B       		.uleb128 0xb
 1080 00d9 27       		.uleb128 0x27
 1081 00da 19       		.uleb128 0x19
 1082 00db 20       		.uleb128 0x20
 1083 00dc 0B       		.uleb128 0xb
 1084 00dd 00       		.byte	0
 1085 00de 00       		.byte	0
 1086 00df 14       		.uleb128 0x14
 1087 00e0 2E       		.uleb128 0x2e
 1088 00e1 01       		.byte	0x1
 1089 00e2 3F       		.uleb128 0x3f
 1090 00e3 19       		.uleb128 0x19
 1091 00e4 03       		.uleb128 0x3
 1092 00e5 0E       		.uleb128 0xe
 1093 00e6 3A       		.uleb128 0x3a
 1094 00e7 0B       		.uleb128 0xb
 1095 00e8 3B       		.uleb128 0x3b
 1096 00e9 0B       		.uleb128 0xb
 1097 00ea 27       		.uleb128 0x27
ARM GAS  C:\Users\salaz\AppData\Local\Temp\ccOqa8Oq.s 			page 22


 1098 00eb 19       		.uleb128 0x19
 1099 00ec 49       		.uleb128 0x49
 1100 00ed 13       		.uleb128 0x13
 1101 00ee 8701     		.uleb128 0x87
 1102 00f0 19       		.uleb128 0x19
 1103 00f1 11       		.uleb128 0x11
 1104 00f2 01       		.uleb128 0x1
 1105 00f3 12       		.uleb128 0x12
 1106 00f4 06       		.uleb128 0x6
 1107 00f5 40       		.uleb128 0x40
 1108 00f6 18       		.uleb128 0x18
 1109 00f7 9742     		.uleb128 0x2117
 1110 00f9 19       		.uleb128 0x19
 1111 00fa 01       		.uleb128 0x1
 1112 00fb 13       		.uleb128 0x13
 1113 00fc 00       		.byte	0
 1114 00fd 00       		.byte	0
 1115 00fe 15       		.uleb128 0x15
 1116 00ff 1D       		.uleb128 0x1d
 1117 0100 00       		.byte	0
 1118 0101 31       		.uleb128 0x31
 1119 0102 13       		.uleb128 0x13
 1120 0103 11       		.uleb128 0x11
 1121 0104 01       		.uleb128 0x1
 1122 0105 12       		.uleb128 0x12
 1123 0106 06       		.uleb128 0x6
 1124 0107 58       		.uleb128 0x58
 1125 0108 0B       		.uleb128 0xb
 1126 0109 59       		.uleb128 0x59
 1127 010a 0B       		.uleb128 0xb
 1128 010b 00       		.byte	0
 1129 010c 00       		.byte	0
 1130 010d 16       		.uleb128 0x16
 1131 010e 34       		.uleb128 0x34
 1132 010f 00       		.byte	0
 1133 0110 03       		.uleb128 0x3
 1134 0111 0E       		.uleb128 0xe
 1135 0112 3A       		.uleb128 0x3a
 1136 0113 0B       		.uleb128 0xb
 1137 0114 3B       		.uleb128 0x3b
 1138 0115 05       		.uleb128 0x5
 1139 0116 49       		.uleb128 0x49
 1140 0117 13       		.uleb128 0x13
 1141 0118 3F       		.uleb128 0x3f
 1142 0119 19       		.uleb128 0x19
 1143 011a 3C       		.uleb128 0x3c
 1144 011b 19       		.uleb128 0x19
 1145 011c 00       		.byte	0
 1146 011d 00       		.byte	0
 1147 011e 17       		.uleb128 0x17
 1148 011f 01       		.uleb128 0x1
 1149 0120 01       		.byte	0x1
 1150 0121 49       		.uleb128 0x49
 1151 0122 13       		.uleb128 0x13
 1152 0123 01       		.uleb128 0x1
 1153 0124 13       		.uleb128 0x13
 1154 0125 00       		.byte	0
ARM GAS  C:\Users\salaz\AppData\Local\Temp\ccOqa8Oq.s 			page 23


 1155 0126 00       		.byte	0
 1156 0127 18       		.uleb128 0x18
 1157 0128 21       		.uleb128 0x21
 1158 0129 00       		.byte	0
 1159 012a 49       		.uleb128 0x49
 1160 012b 13       		.uleb128 0x13
 1161 012c 2F       		.uleb128 0x2f
 1162 012d 0B       		.uleb128 0xb
 1163 012e 00       		.byte	0
 1164 012f 00       		.byte	0
 1165 0130 19       		.uleb128 0x19
 1166 0131 34       		.uleb128 0x34
 1167 0132 00       		.byte	0
 1168 0133 03       		.uleb128 0x3
 1169 0134 0E       		.uleb128 0xe
 1170 0135 3A       		.uleb128 0x3a
 1171 0136 0B       		.uleb128 0xb
 1172 0137 3B       		.uleb128 0x3b
 1173 0138 0B       		.uleb128 0xb
 1174 0139 49       		.uleb128 0x49
 1175 013a 13       		.uleb128 0x13
 1176 013b 3F       		.uleb128 0x3f
 1177 013c 19       		.uleb128 0x19
 1178 013d 3C       		.uleb128 0x3c
 1179 013e 19       		.uleb128 0x19
 1180 013f 00       		.byte	0
 1181 0140 00       		.byte	0
 1182 0141 00       		.byte	0
 1183              		.section	.debug_aranges,"",%progbits
 1184 0000 1C000000 		.4byte	0x1c
 1185 0004 0200     		.2byte	0x2
 1186 0006 00000000 		.4byte	.Ldebug_info0
 1187 000a 04       		.byte	0x4
 1188 000b 00       		.byte	0
 1189 000c 0000     		.2byte	0
 1190 000e 0000     		.2byte	0
 1191 0010 00000000 		.4byte	.LFB868
 1192 0014 04000000 		.4byte	.LFE868-.LFB868
 1193 0018 00000000 		.4byte	0
 1194 001c 00000000 		.4byte	0
 1195              		.section	.debug_ranges,"",%progbits
 1196              	.Ldebug_ranges0:
 1197 0000 00000000 		.4byte	.LFB868
 1198 0004 04000000 		.4byte	.LFE868
 1199 0008 00000000 		.4byte	0
 1200 000c 00000000 		.4byte	0
 1201              		.section	.debug_line,"",%progbits
 1202              	.Ldebug_line0:
 1203 0000 2A030000 		.section	.debug_str,"MS",%progbits,1
 1203      02000F03 
 1203      00000201 
 1203      FB0E0D00 
 1203      01010101 
 1204              	.LASF33:
 1205 0000 72656C6F 		.ascii	"reloadInput\000"
 1205      6164496E 
 1205      70757400 
ARM GAS  C:\Users\salaz\AppData\Local\Temp\ccOqa8Oq.s 			page 24


 1206              	.LASF98:
 1207 000c 74784C65 		.ascii	"txLeftToTransmit\000"
 1207      6674546F 
 1207      5472616E 
 1207      736D6974 
 1207      00
 1208              	.LASF72:
 1209 001d 6D617374 		.ascii	"masterNumBytes\000"
 1209      65724E75 
 1209      6D427974 
 1209      657300
 1210              	.LASF71:
 1211 002c 6D617374 		.ascii	"masterBufferIdx\000"
 1211      65724275 
 1211      66666572 
 1211      49647800 
 1212              	.LASF22:
 1213 003c 636C6F63 		.ascii	"clockPrescaler\000"
 1213      6B507265 
 1213      7363616C 
 1213      657200
 1214              	.LASF38:
 1215 004b 636F756E 		.ascii	"countInputMode\000"
 1215      74496E70 
 1215      75744D6F 
 1215      646500
 1216              	.LASF26:
 1217 005a 636F6D70 		.ascii	"compare0\000"
 1217      61726530 
 1217      00
 1218              	.LASF27:
 1219 0063 636F6D70 		.ascii	"compare1\000"
 1219      61726531 
 1219      00
 1220              	.LASF56:
 1221 006c 63795F73 		.ascii	"cy_stc_tcpwm_pwm_config_t\000"
 1221      74635F74 
 1221      6370776D 
 1221      5F70776D 
 1221      5F636F6E 
 1222              	.LASF79:
 1223 0086 736C6176 		.ascii	"slaveRxBuffer\000"
 1223      65527842 
 1223      75666665 
 1223      7200
 1224              	.LASF94:
 1225 0094 72784275 		.ascii	"rxBufSize\000"
 1225      6653697A 
 1225      6500
 1226              	.LASF65:
 1227 009e 73746174 		.ascii	"state\000"
 1227      6500
 1228              	.LASF85:
 1229 00a4 63795F63 		.ascii	"cy_cb_scb_uart_handle_events_t\000"
 1229      625F7363 
 1229      625F7561 
 1229      72745F68 
ARM GAS  C:\Users\salaz\AppData\Local\Temp\ccOqa8Oq.s 			page 25


 1229      616E646C 
 1230              	.LASF0:
 1231 00c3 73686F72 		.ascii	"short int\000"
 1231      7420696E 
 1231      7400
 1232              	.LASF110:
 1233 00cd 4D6F746F 		.ascii	"MotorTimer_config\000"
 1233      7254696D 
 1233      65725F63 
 1233      6F6E6669 
 1233      6700
 1234              	.LASF15:
 1235 00df 73697A65 		.ascii	"sizetype\000"
 1235      74797065 
 1235      00
 1236              	.LASF66:
 1237 00e8 6D617374 		.ascii	"masterStatus\000"
 1237      65725374 
 1237      61747573 
 1237      00
 1238              	.LASF86:
 1239 00f5 63795F73 		.ascii	"cy_stc_scb_uart_context\000"
 1239      74635F73 
 1239      63625F75 
 1239      6172745F 
 1239      636F6E74 
 1240              	.LASF109:
 1241 010d 4D6F746F 		.ascii	"MotorOutput_config\000"
 1241      724F7574 
 1241      7075745F 
 1241      636F6E66 
 1241      696700
 1242              	.LASF24:
 1243 0120 636F756E 		.ascii	"countDirection\000"
 1243      74446972 
 1243      65637469 
 1243      6F6E00
 1244              	.LASF78:
 1245 012f 736C6176 		.ascii	"slaveTxBufferCnt\000"
 1245      65547842 
 1245      75666665 
 1245      72436E74 
 1245      00
 1246              	.LASF113:
 1247 0140 474E5520 		.ascii	"GNU C11 5.4.1 20160609 (release) [ARM/embedded-5-br"
 1247      43313120 
 1247      352E342E 
 1247      31203230 
 1247      31363036 
 1248 0173 616E6368 		.ascii	"anch revision 237715] -mcpu=cortex-m4 -mfloat-abi=s"
 1248      20726576 
 1248      6973696F 
 1248      6E203233 
 1248      37373135 
 1249 01a6 6F667466 		.ascii	"oftfp -mfpu=fpv4-sp-d16 -mthumb -g -Og -ffunction-s"
 1249      70202D6D 
 1249      6670753D 
ARM GAS  C:\Users\salaz\AppData\Local\Temp\ccOqa8Oq.s 			page 26


 1249      66707634 
 1249      2D73702D 
 1250 01d9 65637469 		.ascii	"ections -ffat-lto-objects\000"
 1250      6F6E7320 
 1250      2D666661 
 1250      742D6C74 
 1250      6F2D6F62 
 1251              	.LASF42:
 1252 01f3 63795F73 		.ascii	"cy_stc_tcpwm_pwm_config\000"
 1252      74635F74 
 1252      6370776D 
 1252      5F70776D 
 1252      5F636F6E 
 1253              	.LASF117:
 1254 020b 6D61696E 		.ascii	"main\000"
 1254      00
 1255              	.LASF7:
 1256 0210 5F5F7569 		.ascii	"__uint32_t\000"
 1256      6E743332 
 1256      5F7400
 1257              	.LASF31:
 1258 021b 63617074 		.ascii	"captureInput\000"
 1258      75726549 
 1258      6E707574 
 1258      00
 1259              	.LASF87:
 1260 0228 74785374 		.ascii	"txStatus\000"
 1260      61747573 
 1260      00
 1261              	.LASF106:
 1262 0231 4C696768 		.ascii	"LightOutputA_config\000"
 1262      744F7574 
 1262      70757441 
 1262      5F636F6E 
 1262      66696700 
 1263              	.LASF95:
 1264 0245 72784275 		.ascii	"rxBufIdx\000"
 1264      66496478 
 1264      00
 1265              	.LASF102:
 1266 024e 63795F52 		.ascii	"cy_RTC_daysInMonthTbl\000"
 1266      54435F64 
 1266      61797349 
 1266      6E4D6F6E 
 1266      74685462 
 1267              	.LASF6:
 1268 0264 6C6F6E67 		.ascii	"long int\000"
 1268      20696E74 
 1268      00
 1269              	.LASF44:
 1270 026d 70776D41 		.ascii	"pwmAlignment\000"
 1270      6C69676E 
 1270      6D656E74 
 1270      00
 1271              	.LASF28:
 1272 027a 656E6162 		.ascii	"enableCompareSwap\000"
 1272      6C65436F 
ARM GAS  C:\Users\salaz\AppData\Local\Temp\ccOqa8Oq.s 			page 27


 1272      6D706172 
 1272      65537761 
 1272      7000
 1273              	.LASF114:
 1274 028c 6D61696E 		.ascii	"main_cm4.c\000"
 1274      5F636D34 
 1274      2E6300
 1275              	.LASF12:
 1276 0297 75696E74 		.ascii	"uint8_t\000"
 1276      385F7400 
 1277              	.LASF55:
 1278 029f 6B696C6C 		.ascii	"killInput\000"
 1278      496E7075 
 1278      7400
 1279              	.LASF51:
 1280 02a9 6B696C6C 		.ascii	"killMode\000"
 1280      4D6F6465 
 1280      00
 1281              	.LASF103:
 1282 02b2 55415254 		.ascii	"UART_DEBUG_context\000"
 1282      5F444542 
 1282      55475F63 
 1282      6F6E7465 
 1282      787400
 1283              	.LASF91:
 1284 02c5 72785269 		.ascii	"rxRingBufHead\000"
 1284      6E674275 
 1284      66486561 
 1284      6400
 1285              	.LASF18:
 1286 02d3 666C6F61 		.ascii	"float\000"
 1286      7400
 1287              	.LASF64:
 1288 02d9 75736554 		.ascii	"useTxFifo\000"
 1288      78466966 
 1288      6F00
 1289              	.LASF46:
 1290 02e3 70657269 		.ascii	"period0\000"
 1290      6F643000 
 1291              	.LASF47:
 1292 02eb 70657269 		.ascii	"period1\000"
 1292      6F643100 
 1293              	.LASF32:
 1294 02f3 72656C6F 		.ascii	"reloadInputMode\000"
 1294      6164496E 
 1294      7075744D 
 1294      6F646500 
 1295              	.LASF9:
 1296 0303 6C6F6E67 		.ascii	"long long int\000"
 1296      206C6F6E 
 1296      6720696E 
 1296      7400
 1297              	.LASF83:
 1298 0311 63624164 		.ascii	"cbAddr\000"
 1298      647200
 1299              	.LASF23:
 1300 0318 72756E4D 		.ascii	"runMode\000"
ARM GAS  C:\Users\salaz\AppData\Local\Temp\ccOqa8Oq.s 			page 28


 1300      6F646500 
 1301              	.LASF17:
 1302 0320 63686172 		.ascii	"char\000"
 1302      00
 1303              	.LASF80:
 1304 0325 736C6176 		.ascii	"slaveRxBufferSize\000"
 1304      65527842 
 1304      75666665 
 1304      7253697A 
 1304      6500
 1305              	.LASF90:
 1306 0337 72785269 		.ascii	"rxRingBufSize\000"
 1306      6E674275 
 1306      6653697A 
 1306      6500
 1307              	.LASF68:
 1308 0345 6D617374 		.ascii	"masterRdDir\000"
 1308      65725264 
 1308      44697200 
 1309              	.LASF21:
 1310 0351 70657269 		.ascii	"period\000"
 1310      6F6400
 1311              	.LASF4:
 1312 0358 5F5F7569 		.ascii	"__uint8_t\000"
 1312      6E74385F 
 1312      7400
 1313              	.LASF37:
 1314 0362 73746F70 		.ascii	"stopInput\000"
 1314      496E7075 
 1314      7400
 1315              	.LASF116:
 1316 036c 5F5F656E 		.ascii	"__enable_irq\000"
 1316      61626C65 
 1316      5F697271 
 1316      00
 1317              	.LASF81:
 1318 0379 736C6176 		.ascii	"slaveRxBufferIdx\000"
 1318      65527842 
 1318      75666665 
 1318      72496478 
 1318      00
 1319              	.LASF76:
 1320 038a 736C6176 		.ascii	"slaveTxBufferSize\000"
 1320      65547842 
 1320      75666665 
 1320      7253697A 
 1320      6500
 1321              	.LASF84:
 1322 039c 63795F73 		.ascii	"cy_stc_scb_i2c_context_t\000"
 1322      74635F73 
 1322      63625F69 
 1322      32635F63 
 1322      6F6E7465 
 1323              	.LASF16:
 1324 03b5 6C6F6E67 		.ascii	"long double\000"
 1324      20646F75 
 1324      626C6500 
ARM GAS  C:\Users\salaz\AppData\Local\Temp\ccOqa8Oq.s 			page 29


 1325              	.LASF104:
 1326 03c1 53656E73 		.ascii	"SensorBus_context\000"
 1326      6F724275 
 1326      735F636F 
 1326      6E746578 
 1326      7400
 1327              	.LASF34:
 1328 03d3 73746172 		.ascii	"startInputMode\000"
 1328      74496E70 
 1328      75744D6F 
 1328      646500
 1329              	.LASF88:
 1330 03e2 72785374 		.ascii	"rxStatus\000"
 1330      61747573 
 1330      00
 1331              	.LASF2:
 1332 03eb 756E7369 		.ascii	"unsigned char\000"
 1332      676E6564 
 1332      20636861 
 1332      7200
 1333              	.LASF89:
 1334 03f9 72785269 		.ascii	"rxRingBuf\000"
 1334      6E674275 
 1334      6600
 1335              	.LASF77:
 1336 0403 736C6176 		.ascii	"slaveTxBufferIdx\000"
 1336      65547842 
 1336      75666665 
 1336      72496478 
 1336      00
 1337              	.LASF48:
 1338 0414 656E6162 		.ascii	"enablePeriodSwap\000"
 1338      6C655065 
 1338      72696F64 
 1338      53776170 
 1338      00
 1339              	.LASF1:
 1340 0425 7369676E 		.ascii	"signed char\000"
 1340      65642063 
 1340      68617200 
 1341              	.LASF70:
 1342 0431 6D617374 		.ascii	"masterBufferSize\000"
 1342      65724275 
 1342      66666572 
 1342      53697A65 
 1342      00
 1343              	.LASF10:
 1344 0442 6C6F6E67 		.ascii	"long long unsigned int\000"
 1344      206C6F6E 
 1344      6720756E 
 1344      7369676E 
 1344      65642069 
 1345              	.LASF14:
 1346 0459 75696E74 		.ascii	"uint32_t\000"
 1346      33325F74 
 1346      00
 1347              	.LASF60:
ARM GAS  C:\Users\salaz\AppData\Local\Temp\ccOqa8Oq.s 			page 30


 1348 0462 63795F63 		.ascii	"cy_cb_scb_i2c_handle_events_t\000"
 1348      625F7363 
 1348      625F6932 
 1348      635F6861 
 1348      6E646C65 
 1349              	.LASF25:
 1350 0480 636F6D70 		.ascii	"compareOrCapture\000"
 1350      6172654F 
 1350      72436170 
 1350      74757265 
 1350      00
 1351              	.LASF112:
 1352 0491 4368696D 		.ascii	"ChimeTimer_config\000"
 1352      6554696D 
 1352      65725F63 
 1352      6F6E6669 
 1352      6700
 1353              	.LASF59:
 1354 04a3 63795F65 		.ascii	"cy_en_scb_i2c_command_t\000"
 1354      6E5F7363 
 1354      625F6932 
 1354      635F636F 
 1354      6D6D616E 
 1355              	.LASF8:
 1356 04bb 6C6F6E67 		.ascii	"long unsigned int\000"
 1356      20756E73 
 1356      69676E65 
 1356      6420696E 
 1356      7400
 1357              	.LASF50:
 1358 04cd 696E7665 		.ascii	"invertPWMOutN\000"
 1358      72745057 
 1358      4D4F7574 
 1358      4E00
 1359              	.LASF40:
 1360 04db 63795F73 		.ascii	"cy_stc_tcpwm_counter_config_t\000"
 1360      74635F74 
 1360      6370776D 
 1360      5F636F75 
 1360      6E746572 
 1361              	.LASF97:
 1362 04f9 74784275 		.ascii	"txBufSize\000"
 1362      6653697A 
 1362      6500
 1363              	.LASF3:
 1364 0503 73686F72 		.ascii	"short unsigned int\000"
 1364      7420756E 
 1364      7369676E 
 1364      65642069 
 1364      6E7400
 1365              	.LASF93:
 1366 0516 72784275 		.ascii	"rxBuf\000"
 1366      6600
 1367              	.LASF61:
 1368 051c 63795F63 		.ascii	"cy_cb_scb_i2c_handle_addr_t\000"
 1368      625F7363 
 1368      625F6932 
ARM GAS  C:\Users\salaz\AppData\Local\Temp\ccOqa8Oq.s 			page 31


 1368      635F6861 
 1368      6E646C65 
 1369              	.LASF82:
 1370 0538 63624576 		.ascii	"cbEvents\000"
 1370      656E7473 
 1370      00
 1371              	.LASF45:
 1372 0541 64656164 		.ascii	"deadTimeClocks\000"
 1372      54696D65 
 1372      436C6F63 
 1372      6B7300
 1373              	.LASF13:
 1374 0550 696E7433 		.ascii	"int32_t\000"
 1374      325F7400 
 1375              	.LASF5:
 1376 0558 5F5F696E 		.ascii	"__int32_t\000"
 1376      7433325F 
 1376      7400
 1377              	.LASF69:
 1378 0562 6D617374 		.ascii	"masterBuffer\000"
 1378      65724275 
 1378      66666572 
 1378      00
 1379              	.LASF20:
 1380 056f 5F426F6F 		.ascii	"_Bool\000"
 1380      6C00
 1381              	.LASF11:
 1382 0575 756E7369 		.ascii	"unsigned int\000"
 1382      676E6564 
 1382      20696E74 
 1382      00
 1383              	.LASF115:
 1384 0582 433A5C55 		.ascii	"C:\\Users\\salaz\\Desktop\\SmartHandle\\SmartHandle"
 1384      73657273 
 1384      5C73616C 
 1384      617A5C44 
 1384      65736B74 
 1385 05b0 2E637964 		.ascii	".cydsn\000"
 1385      736E00
 1386              	.LASF30:
 1387 05b7 63617074 		.ascii	"captureInputMode\000"
 1387      75726549 
 1387      6E707574 
 1387      4D6F6465 
 1387      00
 1388              	.LASF29:
 1389 05c8 696E7465 		.ascii	"interruptSources\000"
 1389      72727570 
 1389      74536F75 
 1389      72636573 
 1389      00
 1390              	.LASF107:
 1391 05d9 4C696768 		.ascii	"LightTimer_config\000"
 1391      7454696D 
 1391      65725F63 
 1391      6F6E6669 
 1391      6700
ARM GAS  C:\Users\salaz\AppData\Local\Temp\ccOqa8Oq.s 			page 32


 1392              	.LASF58:
 1393 05eb 43595F53 		.ascii	"CY_SCB_I2C_NAK\000"
 1393      43425F49 
 1393      32435F4E 
 1393      414B00
 1394              	.LASF19:
 1395 05fa 646F7562 		.ascii	"double\000"
 1395      6C6500
 1396              	.LASF73:
 1397 0601 736C6176 		.ascii	"slaveStatus\000"
 1397      65537461 
 1397      74757300 
 1398              	.LASF52:
 1399 060d 73776170 		.ascii	"swapInputMode\000"
 1399      496E7075 
 1399      744D6F64 
 1399      6500
 1400              	.LASF57:
 1401 061b 43595F53 		.ascii	"CY_SCB_I2C_ACK\000"
 1401      43425F49 
 1401      32435F41 
 1401      434B00
 1402              	.LASF41:
 1403 062a 63795F73 		.ascii	"cy_stc_tcpwm_counter_config\000"
 1403      74635F74 
 1403      6370776D 
 1403      5F636F75 
 1403      6E746572 
 1404              	.LASF96:
 1405 0646 74784275 		.ascii	"txBuf\000"
 1405      6600
 1406              	.LASF35:
 1407 064c 73746172 		.ascii	"startInput\000"
 1407      74496E70 
 1407      757400
 1408              	.LASF63:
 1409 0657 75736552 		.ascii	"useRxFifo\000"
 1409      78466966 
 1409      6F00
 1410              	.LASF36:
 1411 0661 73746F70 		.ascii	"stopInputMode\000"
 1411      496E7075 
 1411      744D6F64 
 1411      6500
 1412              	.LASF99:
 1413 066f 696E6974 		.ascii	"initKey\000"
 1413      4B657900 
 1414              	.LASF67:
 1415 0677 6D617374 		.ascii	"masterPause\000"
 1415      65725061 
 1415      75736500 
 1416              	.LASF53:
 1417 0683 73776170 		.ascii	"swapInput\000"
 1417      496E7075 
 1417      7400
 1418              	.LASF100:
 1419 068d 63795F73 		.ascii	"cy_stc_scb_uart_context_t\000"
ARM GAS  C:\Users\salaz\AppData\Local\Temp\ccOqa8Oq.s 			page 33


 1419      74635F73 
 1419      63625F75 
 1419      6172745F 
 1419      636F6E74 
 1420              	.LASF105:
 1421 06a7 4C696768 		.ascii	"LightOutputC_config\000"
 1421      744F7574 
 1421      70757443 
 1421      5F636F6E 
 1421      66696700 
 1422              	.LASF92:
 1423 06bb 72785269 		.ascii	"rxRingBufTail\000"
 1423      6E674275 
 1423      66546169 
 1423      6C00
 1424              	.LASF43:
 1425 06c9 70776D4D 		.ascii	"pwmMode\000"
 1425      6F646500 
 1426              	.LASF49:
 1427 06d1 696E7665 		.ascii	"invertPWMOut\000"
 1427      72745057 
 1427      4D4F7574 
 1427      00
 1428              	.LASF39:
 1429 06de 636F756E 		.ascii	"countInput\000"
 1429      74496E70 
 1429      757400
 1430              	.LASF101:
 1431 06e9 49544D5F 		.ascii	"ITM_RxBuffer\000"
 1431      52784275 
 1431      66666572 
 1431      00
 1432              	.LASF111:
 1433 06f6 4368696D 		.ascii	"ChimeOutput_config\000"
 1433      654F7574 
 1433      7075745F 
 1433      636F6E66 
 1433      696700
 1434              	.LASF108:
 1435 0709 4C696768 		.ascii	"LightOutputB_config\000"
 1435      744F7574 
 1435      70757442 
 1435      5F636F6E 
 1435      66696700 
 1436              	.LASF74:
 1437 071d 736C6176 		.ascii	"slaveRdBufEmpty\000"
 1437      65526442 
 1437      7566456D 
 1437      70747900 
 1438              	.LASF54:
 1439 072d 6B696C6C 		.ascii	"killInputMode\000"
 1439      496E7075 
 1439      744D6F64 
 1439      6500
 1440              	.LASF62:
 1441 073b 63795F73 		.ascii	"cy_stc_scb_i2c_context\000"
 1441      74635F73 
ARM GAS  C:\Users\salaz\AppData\Local\Temp\ccOqa8Oq.s 			page 34


 1441      63625F69 
 1441      32635F63 
 1441      6F6E7465 
 1442              	.LASF75:
 1443 0752 736C6176 		.ascii	"slaveTxBuffer\000"
 1443      65547842 
 1443      75666665 
 1443      7200
 1444              		.ident	"GCC: (GNU Tools for ARM Embedded Processors) 5.4.1 20160609 (release) [ARM/embedded-5-bran
