ARM GAS  C:\Users\salaz\AppData\Local\Temp\ccByuWMf.s 			page 1


   1              		.syntax unified
   2              		.cpu cortex-m4
   3              		.eabi_attribute 27, 1
   4              		.fpu fpv4-sp-d16
   5              		.eabi_attribute 20, 1
   6              		.eabi_attribute 21, 1
   7              		.eabi_attribute 23, 3
   8              		.eabi_attribute 24, 1
   9              		.eabi_attribute 25, 1
  10              		.eabi_attribute 26, 1
  11              		.eabi_attribute 30, 1
  12              		.eabi_attribute 34, 1
  13              		.eabi_attribute 18, 4
  14              		.thumb
  15              		.syntax unified
  16              		.file	"cy_ble_ancs.c"
  17              		.text
  18              	.Ltext0:
  19              		.cfi_sections	.debug_frame
  20              	.Letext0:
  21              		.file 1 "c:\\program files (x86)\\cypress\\psoc creator\\4.2\\psoc creator\\import\\gnu\\arm\\5.4.
  22              		.file 2 "c:\\program files (x86)\\cypress\\psoc creator\\4.2\\psoc creator\\import\\gnu\\arm\\5.4.
  23              		.file 3 "Generated_Source\\PSoC6\\pdl\\cmsis/include/core_cm4.h"
  24              		.section	.debug_info,"",%progbits
  25              	.Ldebug_info0:
  26 0000 B1000000 		.4byte	0xb1
  27 0004 0400     		.2byte	0x4
  28 0006 00000000 		.4byte	.Ldebug_abbrev0
  29 000a 04       		.byte	0x4
  30 000b 01       		.uleb128 0x1
  31 000c 0E000000 		.4byte	.LASF17
  32 0010 0C       		.byte	0xc
  33 0011 7B010000 		.4byte	.LASF18
  34 0015 BB010000 		.4byte	.LASF19
  35 0019 00000000 		.4byte	.Ldebug_line0
  36 001d 02       		.uleb128 0x2
  37 001e 04       		.byte	0x4
  38 001f 05       		.byte	0x5
  39 0020 696E7400 		.ascii	"int\000"
  40 0024 03       		.uleb128 0x3
  41 0025 04       		.byte	0x4
  42 0026 07       		.byte	0x7
  43 0027 4E010000 		.4byte	.LASF0
  44 002b 03       		.uleb128 0x3
  45 002c 08       		.byte	0x8
  46 002d 05       		.byte	0x5
  47 002e 00000000 		.4byte	.LASF1
  48 0032 03       		.uleb128 0x3
  49 0033 08       		.byte	0x8
  50 0034 04       		.byte	0x4
  51 0035 65010000 		.4byte	.LASF2
  52 0039 03       		.uleb128 0x3
  53 003a 01       		.byte	0x1
  54 003b 06       		.byte	0x6
  55 003c 42010000 		.4byte	.LASF3
  56 0040 03       		.uleb128 0x3
  57 0041 01       		.byte	0x1
ARM GAS  C:\Users\salaz\AppData\Local\Temp\ccByuWMf.s 			page 2


  58 0042 08       		.byte	0x8
  59 0043 C1000000 		.4byte	.LASF4
  60 0047 03       		.uleb128 0x3
  61 0048 02       		.byte	0x2
  62 0049 05       		.byte	0x5
  63 004a 71010000 		.4byte	.LASF5
  64 004e 03       		.uleb128 0x3
  65 004f 02       		.byte	0x2
  66 0050 07       		.byte	0x7
  67 0051 2F010000 		.4byte	.LASF6
  68 0055 04       		.uleb128 0x4
  69 0056 5B010000 		.4byte	.LASF12
  70 005a 01       		.byte	0x1
  71 005b 3F       		.byte	0x3f
  72 005c 60000000 		.4byte	0x60
  73 0060 03       		.uleb128 0x3
  74 0061 04       		.byte	0x4
  75 0062 05       		.byte	0x5
  76 0063 1D010000 		.4byte	.LASF7
  77 0067 03       		.uleb128 0x3
  78 0068 04       		.byte	0x4
  79 0069 07       		.byte	0x7
  80 006a CF000000 		.4byte	.LASF8
  81 006e 03       		.uleb128 0x3
  82 006f 08       		.byte	0x8
  83 0070 07       		.byte	0x7
  84 0071 E1000000 		.4byte	.LASF9
  85 0075 03       		.uleb128 0x3
  86 0076 04       		.byte	0x4
  87 0077 07       		.byte	0x7
  88 0078 26010000 		.4byte	.LASF10
  89 007c 03       		.uleb128 0x3
  90 007d 01       		.byte	0x1
  91 007e 08       		.byte	0x8
  92 007f 04010000 		.4byte	.LASF11
  93 0083 04       		.uleb128 0x4
  94 0084 B3010000 		.4byte	.LASF13
  95 0088 02       		.byte	0x2
  96 0089 2C       		.byte	0x2c
  97 008a 55000000 		.4byte	0x55
  98 008e 03       		.uleb128 0x3
  99 008f 04       		.byte	0x4
 100 0090 04       		.byte	0x4
 101 0091 F8000000 		.4byte	.LASF14
 102 0095 03       		.uleb128 0x3
 103 0096 08       		.byte	0x8
 104 0097 04       		.byte	0x4
 105 0098 16010000 		.4byte	.LASF15
 106 009c 03       		.uleb128 0x3
 107 009d 01       		.byte	0x1
 108 009e 02       		.byte	0x2
 109 009f FE000000 		.4byte	.LASF16
 110 00a3 05       		.uleb128 0x5
 111 00a4 09010000 		.4byte	.LASF20
 112 00a8 03       		.byte	0x3
 113 00a9 EA07     		.2byte	0x7ea
 114 00ab AF000000 		.4byte	0xaf
ARM GAS  C:\Users\salaz\AppData\Local\Temp\ccByuWMf.s 			page 3


 115 00af 06       		.uleb128 0x6
 116 00b0 83000000 		.4byte	0x83
 117 00b4 00       		.byte	0
 118              		.section	.debug_abbrev,"",%progbits
 119              	.Ldebug_abbrev0:
 120 0000 01       		.uleb128 0x1
 121 0001 11       		.uleb128 0x11
 122 0002 01       		.byte	0x1
 123 0003 25       		.uleb128 0x25
 124 0004 0E       		.uleb128 0xe
 125 0005 13       		.uleb128 0x13
 126 0006 0B       		.uleb128 0xb
 127 0007 03       		.uleb128 0x3
 128 0008 0E       		.uleb128 0xe
 129 0009 1B       		.uleb128 0x1b
 130 000a 0E       		.uleb128 0xe
 131 000b 10       		.uleb128 0x10
 132 000c 17       		.uleb128 0x17
 133 000d 00       		.byte	0
 134 000e 00       		.byte	0
 135 000f 02       		.uleb128 0x2
 136 0010 24       		.uleb128 0x24
 137 0011 00       		.byte	0
 138 0012 0B       		.uleb128 0xb
 139 0013 0B       		.uleb128 0xb
 140 0014 3E       		.uleb128 0x3e
 141 0015 0B       		.uleb128 0xb
 142 0016 03       		.uleb128 0x3
 143 0017 08       		.uleb128 0x8
 144 0018 00       		.byte	0
 145 0019 00       		.byte	0
 146 001a 03       		.uleb128 0x3
 147 001b 24       		.uleb128 0x24
 148 001c 00       		.byte	0
 149 001d 0B       		.uleb128 0xb
 150 001e 0B       		.uleb128 0xb
 151 001f 3E       		.uleb128 0x3e
 152 0020 0B       		.uleb128 0xb
 153 0021 03       		.uleb128 0x3
 154 0022 0E       		.uleb128 0xe
 155 0023 00       		.byte	0
 156 0024 00       		.byte	0
 157 0025 04       		.uleb128 0x4
 158 0026 16       		.uleb128 0x16
 159 0027 00       		.byte	0
 160 0028 03       		.uleb128 0x3
 161 0029 0E       		.uleb128 0xe
 162 002a 3A       		.uleb128 0x3a
 163 002b 0B       		.uleb128 0xb
 164 002c 3B       		.uleb128 0x3b
 165 002d 0B       		.uleb128 0xb
 166 002e 49       		.uleb128 0x49
 167 002f 13       		.uleb128 0x13
 168 0030 00       		.byte	0
 169 0031 00       		.byte	0
 170 0032 05       		.uleb128 0x5
 171 0033 34       		.uleb128 0x34
ARM GAS  C:\Users\salaz\AppData\Local\Temp\ccByuWMf.s 			page 4


 172 0034 00       		.byte	0
 173 0035 03       		.uleb128 0x3
 174 0036 0E       		.uleb128 0xe
 175 0037 3A       		.uleb128 0x3a
 176 0038 0B       		.uleb128 0xb
 177 0039 3B       		.uleb128 0x3b
 178 003a 05       		.uleb128 0x5
 179 003b 49       		.uleb128 0x49
 180 003c 13       		.uleb128 0x13
 181 003d 3F       		.uleb128 0x3f
 182 003e 19       		.uleb128 0x19
 183 003f 3C       		.uleb128 0x3c
 184 0040 19       		.uleb128 0x19
 185 0041 00       		.byte	0
 186 0042 00       		.byte	0
 187 0043 06       		.uleb128 0x6
 188 0044 35       		.uleb128 0x35
 189 0045 00       		.byte	0
 190 0046 49       		.uleb128 0x49
 191 0047 13       		.uleb128 0x13
 192 0048 00       		.byte	0
 193 0049 00       		.byte	0
 194 004a 00       		.byte	0
 195              		.section	.debug_aranges,"",%progbits
 196 0000 14000000 		.4byte	0x14
 197 0004 0200     		.2byte	0x2
 198 0006 00000000 		.4byte	.Ldebug_info0
 199 000a 04       		.byte	0x4
 200 000b 00       		.byte	0
 201 000c 0000     		.2byte	0
 202 000e 0000     		.2byte	0
 203 0010 00000000 		.4byte	0
 204 0014 00000000 		.4byte	0
 205              		.section	.debug_line,"",%progbits
 206              	.Ldebug_line0:
 207 0000 4D010000 		.section	.debug_str,"MS",%progbits,1
 207      02004701 
 207      00000201 
 207      FB0E0D00 
 207      01010101 
 208              	.LASF1:
 209 0000 6C6F6E67 		.ascii	"long long int\000"
 209      206C6F6E 
 209      6720696E 
 209      7400
 210              	.LASF17:
 211 000e 474E5520 		.ascii	"GNU C11 5.4.1 20160609 (release) [ARM/embedded-5-br"
 211      43313120 
 211      352E342E 
 211      31203230 
 211      31363036 
 212 0041 616E6368 		.ascii	"anch revision 237715] -mcpu=cortex-m4 -mfloat-abi=s"
 212      20726576 
 212      6973696F 
 212      6E203233 
 212      37373135 
 213 0074 6F667466 		.ascii	"oftfp -mfpu=fpv4-sp-d16 -mthumb -g -Og -ffunction-s"
ARM GAS  C:\Users\salaz\AppData\Local\Temp\ccByuWMf.s 			page 5


 213      70202D6D 
 213      6670753D 
 213      66707634 
 213      2D73702D 
 214 00a7 65637469 		.ascii	"ections -ffat-lto-objects\000"
 214      6F6E7320 
 214      2D666661 
 214      742D6C74 
 214      6F2D6F62 
 215              	.LASF4:
 216 00c1 756E7369 		.ascii	"unsigned char\000"
 216      676E6564 
 216      20636861 
 216      7200
 217              	.LASF8:
 218 00cf 6C6F6E67 		.ascii	"long unsigned int\000"
 218      20756E73 
 218      69676E65 
 218      6420696E 
 218      7400
 219              	.LASF9:
 220 00e1 6C6F6E67 		.ascii	"long long unsigned int\000"
 220      206C6F6E 
 220      6720756E 
 220      7369676E 
 220      65642069 
 221              	.LASF14:
 222 00f8 666C6F61 		.ascii	"float\000"
 222      7400
 223              	.LASF16:
 224 00fe 5F426F6F 		.ascii	"_Bool\000"
 224      6C00
 225              	.LASF11:
 226 0104 63686172 		.ascii	"char\000"
 226      00
 227              	.LASF20:
 228 0109 49544D5F 		.ascii	"ITM_RxBuffer\000"
 228      52784275 
 228      66666572 
 228      00
 229              	.LASF15:
 230 0116 646F7562 		.ascii	"double\000"
 230      6C6500
 231              	.LASF7:
 232 011d 6C6F6E67 		.ascii	"long int\000"
 232      20696E74 
 232      00
 233              	.LASF10:
 234 0126 73697A65 		.ascii	"sizetype\000"
 234      74797065 
 234      00
 235              	.LASF6:
 236 012f 73686F72 		.ascii	"short unsigned int\000"
 236      7420756E 
 236      7369676E 
 236      65642069 
 236      6E7400
ARM GAS  C:\Users\salaz\AppData\Local\Temp\ccByuWMf.s 			page 6


 237              	.LASF3:
 238 0142 7369676E 		.ascii	"signed char\000"
 238      65642063 
 238      68617200 
 239              	.LASF0:
 240 014e 756E7369 		.ascii	"unsigned int\000"
 240      676E6564 
 240      20696E74 
 240      00
 241              	.LASF12:
 242 015b 5F5F696E 		.ascii	"__int32_t\000"
 242      7433325F 
 242      7400
 243              	.LASF2:
 244 0165 6C6F6E67 		.ascii	"long double\000"
 244      20646F75 
 244      626C6500 
 245              	.LASF5:
 246 0171 73686F72 		.ascii	"short int\000"
 246      7420696E 
 246      7400
 247              	.LASF18:
 248 017b 47656E65 		.ascii	"Generated_Source\\PSoC6\\pdl\\middleware\\ble\\cy_b"
 248      72617465 
 248      645F536F 
 248      75726365 
 248      5C50536F 
 249 01a9 6C655F61 		.ascii	"le_ancs.c\000"
 249      6E63732E 
 249      6300
 250              	.LASF13:
 251 01b3 696E7433 		.ascii	"int32_t\000"
 251      325F7400 
 252              	.LASF19:
 253 01bb 433A5C55 		.ascii	"C:\\Users\\salaz\\Desktop\\Handle\\Bike FSM_prox.cy"
 253      73657273 
 253      5C73616C 
 253      617A5C44 
 253      65736B74 
 254 01e9 64736E00 		.ascii	"dsn\000"
 255              		.ident	"GCC: (GNU Tools for ARM Embedded Processors) 5.4.1 20160609 (release) [ARM/embedded-5-bran
