ARM GAS  C:\Users\salaz\AppData\Local\Temp\ccQjYrAL.s 			page 1


   1              		.syntax unified
   2              		.cpu cortex-m4
   3              		.eabi_attribute 27, 1
   4              		.fpu fpv4-sp-d16
   5              		.eabi_attribute 20, 1
   6              		.eabi_attribute 21, 1
   7              		.eabi_attribute 23, 3
   8              		.eabi_attribute 24, 1
   9              		.eabi_attribute 25, 1
  10              		.eabi_attribute 26, 1
  11              		.eabi_attribute 30, 1
  12              		.eabi_attribute 34, 1
  13              		.eabi_attribute 18, 4
  14              		.thumb
  15              		.syntax unified
  16              		.file	"cyfitter_sysint_cfg.c"
  17              		.text
  18              	.Ltext0:
  19              		.cfi_sections	.debug_frame
  20              		.global	Shake_IRQ_cfg
  21              		.global	AppControl_IRQ_cfg
  22              		.global	MotorTimer_IRQ_cfg
  23              		.global	ChimeTimer_IRQ_cfg
  24              		.global	LightTimer_IRQ_cfg
  25              		.global	CapSense_ISR_cfg
  26              		.global	UART_DEBUG_SCB_IRQ_cfg
  27              		.global	SensorBus_SCB_IRQ_cfg
  28              		.global	Bluetooth_bless_isr_cfg
  29              		.global	WatchDog_IRQ_cfg
  30              		.global	Press1_IRQ_cfg
  31              		.section	.rodata
  32              		.align	2
  33              		.type	Shake_IRQ_cfg, %object
  34              		.size	Shake_IRQ_cfg, 8
  35              	Shake_IRQ_cfg:
  36 0000 7B00     		.short	123
  37 0002 0000     		.space	2
  38 0004 07000000 		.word	7
  39              		.type	AppControl_IRQ_cfg, %object
  40              		.size	AppControl_IRQ_cfg, 8
  41              	AppControl_IRQ_cfg:
  42 0008 7A00     		.short	122
  43 000a 0000     		.space	2
  44 000c 07000000 		.word	7
  45              		.type	MotorTimer_IRQ_cfg, %object
  46              		.size	MotorTimer_IRQ_cfg, 8
  47              	MotorTimer_IRQ_cfg:
  48 0010 6000     		.short	96
  49 0012 0000     		.space	2
  50 0014 07000000 		.word	7
  51              		.type	ChimeTimer_IRQ_cfg, %object
  52              		.size	ChimeTimer_IRQ_cfg, 8
  53              	ChimeTimer_IRQ_cfg:
  54 0018 5F00     		.short	95
  55 001a 0000     		.space	2
  56 001c 07000000 		.word	7
  57              		.type	LightTimer_IRQ_cfg, %object
ARM GAS  C:\Users\salaz\AppData\Local\Temp\ccQjYrAL.s 			page 2


  58              		.size	LightTimer_IRQ_cfg, 8
  59              	LightTimer_IRQ_cfg:
  60 0020 5D00     		.short	93
  61 0022 0000     		.space	2
  62 0024 07000000 		.word	7
  63              		.type	CapSense_ISR_cfg, %object
  64              		.size	CapSense_ISR_cfg, 8
  65              	CapSense_ISR_cfg:
  66 0028 3100     		.short	49
  67 002a 0000     		.space	2
  68 002c 07000000 		.word	7
  69              		.type	UART_DEBUG_SCB_IRQ_cfg, %object
  70              		.size	UART_DEBUG_SCB_IRQ_cfg, 8
  71              	UART_DEBUG_SCB_IRQ_cfg:
  72 0030 2E00     		.short	46
  73 0032 0000     		.space	2
  74 0034 07000000 		.word	7
  75              		.type	SensorBus_SCB_IRQ_cfg, %object
  76              		.size	SensorBus_SCB_IRQ_cfg, 8
  77              	SensorBus_SCB_IRQ_cfg:
  78 0038 2C00     		.short	44
  79 003a 0000     		.space	2
  80 003c 07000000 		.word	7
  81              		.type	Bluetooth_bless_isr_cfg, %object
  82              		.size	Bluetooth_bless_isr_cfg, 8
  83              	Bluetooth_bless_isr_cfg:
  84 0040 1800     		.short	24
  85 0042 0000     		.space	2
  86 0044 07000000 		.word	7
  87              		.type	WatchDog_IRQ_cfg, %object
  88              		.size	WatchDog_IRQ_cfg, 8
  89              	WatchDog_IRQ_cfg:
  90 0048 1300     		.short	19
  91 004a 0000     		.space	2
  92 004c 07000000 		.word	7
  93              		.type	Press1_IRQ_cfg, %object
  94              		.size	Press1_IRQ_cfg, 8
  95              	Press1_IRQ_cfg:
  96 0050 0000     		.short	0
  97 0052 0000     		.space	2
  98 0054 07000000 		.word	7
  99              		.text
 100              	.Letext0:
 101              		.file 1 "Generated_Source\\PSoC6\\pdl\\devices/psoc6/psoc63/include/cy8c6347bzi_bld53.h"
 102              		.file 2 "c:\\program files (x86)\\cypress\\psoc creator\\4.2\\psoc creator\\import\\gnu\\arm\\5.4.
 103              		.file 3 "c:\\program files (x86)\\cypress\\psoc creator\\4.2\\psoc creator\\import\\gnu\\arm\\5.4.
 104              		.file 4 "Generated_Source\\PSoC6\\pdl\\drivers/peripheral/sysint/cy_sysint.h"
 105              		.file 5 "Generated_Source\\PSoC6\\pdl\\cmsis/include/core_cm4.h"
 106              		.file 6 "Generated_Source\\PSoC6\\cyfitter_sysint_cfg.c"
 107              		.section	.debug_info,"",%progbits
 108              	.Ldebug_info0:
 109 0000 78050000 		.4byte	0x578
 110 0004 0400     		.2byte	0x4
 111 0006 00000000 		.4byte	.Ldebug_abbrev0
 112 000a 04       		.byte	0x4
 113 000b 01       		.uleb128 0x1
 114 000c DC090000 		.4byte	.LASF192
ARM GAS  C:\Users\salaz\AppData\Local\Temp\ccQjYrAL.s 			page 3


 115 0010 0C       		.byte	0xc
 116 0011 2B0E0000 		.4byte	.LASF193
 117 0015 DD060000 		.4byte	.LASF194
 118 0019 00000000 		.4byte	.Ldebug_line0
 119 001d 02       		.uleb128 0x2
 120 001e 02       		.byte	0x2
 121 001f DE030000 		.4byte	0x3de
 122 0023 01       		.byte	0x1
 123 0024 24       		.byte	0x24
 124 0025 DE030000 		.4byte	0x3de
 125 0029 03       		.uleb128 0x3
 126 002a 73020000 		.4byte	.LASF0
 127 002e 71       		.sleb128 -15
 128 002f 03       		.uleb128 0x3
 129 0030 E00E0000 		.4byte	.LASF1
 130 0034 72       		.sleb128 -14
 131 0035 03       		.uleb128 0x3
 132 0036 600F0000 		.4byte	.LASF2
 133 003a 73       		.sleb128 -13
 134 003b 03       		.uleb128 0x3
 135 003c 010B0000 		.4byte	.LASF3
 136 0040 74       		.sleb128 -12
 137 0041 03       		.uleb128 0x3
 138 0042 1B050000 		.4byte	.LASF4
 139 0046 75       		.sleb128 -11
 140 0047 03       		.uleb128 0x3
 141 0048 8B0D0000 		.4byte	.LASF5
 142 004c 76       		.sleb128 -10
 143 004d 03       		.uleb128 0x3
 144 004e BE060000 		.4byte	.LASF6
 145 0052 7B       		.sleb128 -5
 146 0053 03       		.uleb128 0x3
 147 0054 990F0000 		.4byte	.LASF7
 148 0058 7C       		.sleb128 -4
 149 0059 03       		.uleb128 0x3
 150 005a A90E0000 		.4byte	.LASF8
 151 005e 7E       		.sleb128 -2
 152 005f 03       		.uleb128 0x3
 153 0060 F9070000 		.4byte	.LASF9
 154 0064 7F       		.sleb128 -1
 155 0065 04       		.uleb128 0x4
 156 0066 00000000 		.4byte	.LASF10
 157 006a 00       		.byte	0
 158 006b 04       		.uleb128 0x4
 159 006c 440F0000 		.4byte	.LASF11
 160 0070 01       		.byte	0x1
 161 0071 04       		.uleb128 0x4
 162 0072 4A000000 		.4byte	.LASF12
 163 0076 02       		.byte	0x2
 164 0077 04       		.uleb128 0x4
 165 0078 750E0000 		.4byte	.LASF13
 166 007c 03       		.byte	0x3
 167 007d 04       		.uleb128 0x4
 168 007e 95100000 		.4byte	.LASF14
 169 0082 04       		.byte	0x4
 170 0083 04       		.uleb128 0x4
 171 0084 9E050000 		.4byte	.LASF15
ARM GAS  C:\Users\salaz\AppData\Local\Temp\ccQjYrAL.s 			page 4


 172 0088 05       		.byte	0x5
 173 0089 04       		.uleb128 0x4
 174 008a 96070000 		.4byte	.LASF16
 175 008e 06       		.byte	0x6
 176 008f 04       		.uleb128 0x4
 177 0090 A3090000 		.4byte	.LASF17
 178 0094 07       		.byte	0x7
 179 0095 04       		.uleb128 0x4
 180 0096 4E120000 		.4byte	.LASF18
 181 009a 08       		.byte	0x8
 182 009b 04       		.uleb128 0x4
 183 009c 28020000 		.4byte	.LASF19
 184 00a0 09       		.byte	0x9
 185 00a1 04       		.uleb128 0x4
 186 00a2 380C0000 		.4byte	.LASF20
 187 00a6 0A       		.byte	0xa
 188 00a7 04       		.uleb128 0x4
 189 00a8 E40A0000 		.4byte	.LASF21
 190 00ac 0B       		.byte	0xb
 191 00ad 04       		.uleb128 0x4
 192 00ae C2100000 		.4byte	.LASF22
 193 00b2 0C       		.byte	0xc
 194 00b3 04       		.uleb128 0x4
 195 00b4 EC050000 		.4byte	.LASF23
 196 00b8 0D       		.byte	0xd
 197 00b9 04       		.uleb128 0x4
 198 00ba DC070000 		.4byte	.LASF24
 199 00be 0E       		.byte	0xe
 200 00bf 04       		.uleb128 0x4
 201 00c0 3B040000 		.4byte	.LASF25
 202 00c4 0F       		.byte	0xf
 203 00c5 04       		.uleb128 0x4
 204 00c6 2F110000 		.4byte	.LASF26
 205 00ca 10       		.byte	0x10
 206 00cb 04       		.uleb128 0x4
 207 00cc 38030000 		.4byte	.LASF27
 208 00d0 11       		.byte	0x11
 209 00d1 04       		.uleb128 0x4
 210 00d2 A9000000 		.4byte	.LASF28
 211 00d6 12       		.byte	0x12
 212 00d7 04       		.uleb128 0x4
 213 00d8 54040000 		.4byte	.LASF29
 214 00dc 13       		.byte	0x13
 215 00dd 04       		.uleb128 0x4
 216 00de 53060000 		.4byte	.LASF30
 217 00e2 14       		.byte	0x14
 218 00e3 04       		.uleb128 0x4
 219 00e4 97110000 		.4byte	.LASF31
 220 00e8 15       		.byte	0x15
 221 00e9 04       		.uleb128 0x4
 222 00ea 95000000 		.4byte	.LASF32
 223 00ee 16       		.byte	0x16
 224 00ef 04       		.uleb128 0x4
 225 00f0 61110000 		.4byte	.LASF33
 226 00f4 17       		.byte	0x17
 227 00f5 04       		.uleb128 0x4
 228 00f6 F1000000 		.4byte	.LASF34
ARM GAS  C:\Users\salaz\AppData\Local\Temp\ccQjYrAL.s 			page 5


 229 00fa 18       		.byte	0x18
 230 00fb 04       		.uleb128 0x4
 231 00fc BE0F0000 		.4byte	.LASF35
 232 0100 19       		.byte	0x19
 233 0101 04       		.uleb128 0x4
 234 0102 29070000 		.4byte	.LASF36
 235 0106 1A       		.byte	0x1a
 236 0107 04       		.uleb128 0x4
 237 0108 25090000 		.4byte	.LASF37
 238 010c 1B       		.byte	0x1b
 239 010d 04       		.uleb128 0x4
 240 010e 020C0000 		.4byte	.LASF38
 241 0112 1C       		.byte	0x1c
 242 0113 04       		.uleb128 0x4
 243 0114 4B010000 		.4byte	.LASF39
 244 0118 1D       		.byte	0x1d
 245 0119 04       		.uleb128 0x4
 246 011a 8B030000 		.4byte	.LASF40
 247 011e 1E       		.byte	0x1e
 248 011f 04       		.uleb128 0x4
 249 0120 BA050000 		.4byte	.LASF41
 250 0124 1F       		.byte	0x1f
 251 0125 04       		.uleb128 0x4
 252 0126 9B0D0000 		.4byte	.LASF42
 253 012a 20       		.byte	0x20
 254 012b 04       		.uleb128 0x4
 255 012c 0F100000 		.4byte	.LASF43
 256 0130 21       		.byte	0x21
 257 0131 04       		.uleb128 0x4
 258 0132 6A120000 		.4byte	.LASF44
 259 0136 22       		.byte	0x22
 260 0137 04       		.uleb128 0x4
 261 0138 B2110000 		.4byte	.LASF45
 262 013c 23       		.byte	0x23
 263 013d 04       		.uleb128 0x4
 264 013e 67010000 		.4byte	.LASF46
 265 0142 24       		.byte	0x24
 266 0143 04       		.uleb128 0x4
 267 0144 C3030000 		.4byte	.LASF47
 268 0148 25       		.byte	0x25
 269 0149 04       		.uleb128 0x4
 270 014a 9C120000 		.4byte	.LASF48
 271 014e 26       		.byte	0x26
 272 014f 04       		.uleb128 0x4
 273 0150 D30D0000 		.4byte	.LASF49
 274 0154 27       		.byte	0x27
 275 0155 04       		.uleb128 0x4
 276 0156 47100000 		.4byte	.LASF50
 277 015a 28       		.byte	0x28
 278 015b 04       		.uleb128 0x4
 279 015c 1C010000 		.4byte	.LASF51
 280 0160 29       		.byte	0x29
 281 0161 04       		.uleb128 0x4
 282 0162 29050000 		.4byte	.LASF52
 283 0166 2A       		.byte	0x2a
 284 0167 04       		.uleb128 0x4
 285 0168 6C050000 		.4byte	.LASF53
ARM GAS  C:\Users\salaz\AppData\Local\Temp\ccQjYrAL.s 			page 6


 286 016c 2B       		.byte	0x2b
 287 016d 04       		.uleb128 0x4
 288 016e B50E0000 		.4byte	.LASF54
 289 0172 2C       		.byte	0x2c
 290 0173 04       		.uleb128 0x4
 291 0174 8E090000 		.4byte	.LASF55
 292 0178 2D       		.byte	0x2d
 293 0179 04       		.uleb128 0x4
 294 017a 66000000 		.4byte	.LASF56
 295 017e 2E       		.byte	0x2e
 296 017f 04       		.uleb128 0x4
 297 0180 190F0000 		.4byte	.LASF57
 298 0184 2F       		.byte	0x2f
 299 0185 04       		.uleb128 0x4
 300 0186 E1040000 		.4byte	.LASF58
 301 018a 30       		.byte	0x30
 302 018b 04       		.uleb128 0x4
 303 018c AB0F0000 		.4byte	.LASF59
 304 0190 31       		.byte	0x31
 305 0191 04       		.uleb128 0x4
 306 0192 13110000 		.4byte	.LASF60
 307 0196 32       		.byte	0x32
 308 0197 04       		.uleb128 0x4
 309 0198 BE000000 		.4byte	.LASF61
 310 019c 33       		.byte	0x33
 311 019d 04       		.uleb128 0x4
 312 019e 05030000 		.4byte	.LASF62
 313 01a2 34       		.byte	0x34
 314 01a3 04       		.uleb128 0x4
 315 01a4 C80A0000 		.4byte	.LASF63
 316 01a8 35       		.byte	0x35
 317 01a9 04       		.uleb128 0x4
 318 01aa 1F040000 		.4byte	.LASF64
 319 01ae 36       		.byte	0x36
 320 01af 04       		.uleb128 0x4
 321 01b0 7D0F0000 		.4byte	.LASF65
 322 01b4 37       		.byte	0x37
 323 01b5 04       		.uleb128 0x4
 324 01b6 A5040000 		.4byte	.LASF66
 325 01ba 38       		.byte	0x38
 326 01bb 04       		.uleb128 0x4
 327 01bc EB110000 		.4byte	.LASF67
 328 01c0 39       		.byte	0x39
 329 01c1 04       		.uleb128 0x4
 330 01c2 C2080000 		.4byte	.LASF68
 331 01c6 3A       		.byte	0x3a
 332 01c7 04       		.uleb128 0x4
 333 01c8 990B0000 		.4byte	.LASF69
 334 01cc 3B       		.byte	0x3b
 335 01cd 04       		.uleb128 0x4
 336 01ce EE080000 		.4byte	.LASF70
 337 01d2 3C       		.byte	0x3c
 338 01d3 04       		.uleb128 0x4
 339 01d4 CB0B0000 		.4byte	.LASF71
 340 01d8 3D       		.byte	0x3d
 341 01d9 04       		.uleb128 0x4
 342 01da 580E0000 		.4byte	.LASF72
ARM GAS  C:\Users\salaz\AppData\Local\Temp\ccQjYrAL.s 			page 7


 343 01de 3E       		.byte	0x3e
 344 01df 04       		.uleb128 0x4
 345 01e0 BF090000 		.4byte	.LASF73
 346 01e4 3F       		.byte	0x3f
 347 01e5 04       		.uleb128 0x4
 348 01e6 81050000 		.4byte	.LASF74
 349 01ea 40       		.byte	0x40
 350 01eb 04       		.uleb128 0x4
 351 01ec 79070000 		.4byte	.LASF75
 352 01f0 41       		.byte	0x41
 353 01f1 04       		.uleb128 0x4
 354 01f2 660B0000 		.4byte	.LASF76
 355 01f6 42       		.byte	0x42
 356 01f7 04       		.uleb128 0x4
 357 01f8 B70D0000 		.4byte	.LASF77
 358 01fc 43       		.byte	0x43
 359 01fd 04       		.uleb128 0x4
 360 01fe 2B100000 		.4byte	.LASF78
 361 0202 44       		.byte	0x44
 362 0203 04       		.uleb128 0x4
 363 0204 D90C0000 		.4byte	.LASF79
 364 0208 45       		.byte	0x45
 365 0209 04       		.uleb128 0x4
 366 020a 45070000 		.4byte	.LASF80
 367 020e 46       		.byte	0x46
 368 020f 04       		.uleb128 0x4
 369 0210 41090000 		.4byte	.LASF81
 370 0214 47       		.byte	0x47
 371 0215 04       		.uleb128 0x4
 372 0216 CF110000 		.4byte	.LASF82
 373 021a 48       		.byte	0x48
 374 021b 04       		.uleb128 0x4
 375 021c A7030000 		.4byte	.LASF83
 376 0220 49       		.byte	0x49
 377 0221 04       		.uleb128 0x4
 378 0222 E0030000 		.4byte	.LASF84
 379 0226 4A       		.byte	0x4a
 380 0227 04       		.uleb128 0x4
 381 0228 E9020000 		.4byte	.LASF85
 382 022c 4B       		.byte	0x4b
 383 022d 04       		.uleb128 0x4
 384 022e 7A110000 		.4byte	.LASF86
 385 0232 4C       		.byte	0x4c
 386 0233 04       		.uleb128 0x4
 387 0234 0F0D0000 		.4byte	.LASF87
 388 0238 4D       		.byte	0x4d
 389 0239 04       		.uleb128 0x4
 390 023a F6100000 		.4byte	.LASF88
 391 023e 4E       		.byte	0x4e
 392 023f 04       		.uleb128 0x4
 393 0240 24060000 		.4byte	.LASF89
 394 0244 4F       		.byte	0x4f
 395 0245 04       		.uleb128 0x4
 396 0246 06080000 		.4byte	.LASF90
 397 024a 50       		.byte	0x50
 398 024b 04       		.uleb128 0x4
 399 024c 8F0A0000 		.4byte	.LASF91
ARM GAS  C:\Users\salaz\AppData\Local\Temp\ccQjYrAL.s 			page 8


 400 0250 51       		.byte	0x51
 401 0251 04       		.uleb128 0x4
 402 0252 A0060000 		.4byte	.LASF92
 403 0256 52       		.byte	0x52
 404 0257 04       		.uleb128 0x4
 405 0258 84080000 		.4byte	.LASF93
 406 025c 53       		.byte	0x53
 407 025d 04       		.uleb128 0x4
 408 025e 99020000 		.4byte	.LASF94
 409 0262 54       		.byte	0x54
 410 0263 04       		.uleb128 0x4
 411 0264 61070000 		.4byte	.LASF95
 412 0268 55       		.byte	0x55
 413 0269 04       		.uleb128 0x4
 414 026a 2E120000 		.4byte	.LASF96
 415 026e 56       		.byte	0x56
 416 026f 04       		.uleb128 0x4
 417 0270 08020000 		.4byte	.LASF97
 418 0274 57       		.byte	0x57
 419 0275 04       		.uleb128 0x4
 420 0276 860C0000 		.4byte	.LASF98
 421 027a 58       		.byte	0x58
 422 027b 04       		.uleb128 0x4
 423 027c C1040000 		.4byte	.LASF99
 424 0280 59       		.byte	0x59
 425 0281 04       		.uleb128 0x4
 426 0282 47110000 		.4byte	.LASF100
 427 0286 5A       		.byte	0x5a
 428 0287 04       		.uleb128 0x4
 429 0288 6F060000 		.4byte	.LASF101
 430 028c 5B       		.byte	0x5b
 431 028d 04       		.uleb128 0x4
 432 028e 3E080000 		.4byte	.LASF102
 433 0292 5C       		.byte	0x5c
 434 0293 04       		.uleb128 0x4
 435 0294 170B0000 		.4byte	.LASF103
 436 0298 5D       		.byte	0x5d
 437 0299 04       		.uleb128 0x4
 438 029a 7B000000 		.4byte	.LASF104
 439 029e 5E       		.byte	0x5e
 440 029f 04       		.uleb128 0x4
 441 02a0 CF020000 		.4byte	.LASF105
 442 02a4 5F       		.byte	0x5f
 443 02a5 04       		.uleb128 0x4
 444 02a6 F6040000 		.4byte	.LASF106
 445 02aa 60       		.byte	0x60
 446 02ab 04       		.uleb128 0x4
 447 02ac F50C0000 		.4byte	.LASF107
 448 02b0 61       		.byte	0x61
 449 02b1 04       		.uleb128 0x4
 450 02b2 4E030000 		.4byte	.LASF108
 451 02b6 62       		.byte	0x62
 452 02b7 04       		.uleb128 0x4
 453 02b8 4C0B0000 		.4byte	.LASF109
 454 02bc 63       		.byte	0x63
 455 02bd 04       		.uleb128 0x4
 456 02be 710D0000 		.4byte	.LASF110
ARM GAS  C:\Users\salaz\AppData\Local\Temp\ccQjYrAL.s 			page 9


 457 02c2 64       		.byte	0x64
 458 02c3 04       		.uleb128 0x4
 459 02c4 F50F0000 		.4byte	.LASF111
 460 02c8 65       		.byte	0x65
 461 02c9 04       		.uleb128 0x4
 462 02ca 14120000 		.4byte	.LASF112
 463 02ce 66       		.byte	0x66
 464 02cf 04       		.uleb128 0x4
 465 02d0 0F070000 		.4byte	.LASF113
 466 02d4 67       		.byte	0x67
 467 02d5 04       		.uleb128 0x4
 468 02d6 0B090000 		.4byte	.LASF114
 469 02da 68       		.byte	0x68
 470 02db 04       		.uleb128 0x4
 471 02dc E80B0000 		.4byte	.LASF115
 472 02e0 69       		.byte	0x69
 473 02e1 04       		.uleb128 0x4
 474 02e2 31010000 		.4byte	.LASF116
 475 02e6 6A       		.byte	0x6a
 476 02e7 04       		.uleb128 0x4
 477 02e8 71030000 		.4byte	.LASF117
 478 02ec 6B       		.byte	0x6b
 479 02ed 04       		.uleb128 0x4
 480 02ee DA010000 		.4byte	.LASF118
 481 02f2 6C       		.byte	0x6c
 482 02f3 04       		.uleb128 0x4
 483 02f4 04040000 		.4byte	.LASF119
 484 02f8 6D       		.byte	0x6d
 485 02f9 04       		.uleb128 0x4
 486 02fa 09060000 		.4byte	.LASF120
 487 02fe 6E       		.byte	0x6e
 488 02ff 04       		.uleb128 0x4
 489 0300 69080000 		.4byte	.LASF121
 490 0304 6F       		.byte	0x6f
 491 0305 04       		.uleb128 0x4
 492 0306 7A100000 		.4byte	.LASF122
 493 030a 70       		.byte	0x70
 494 030b 04       		.uleb128 0x4
 495 030c 1C000000 		.4byte	.LASF123
 496 0310 71       		.byte	0x71
 497 0311 04       		.uleb128 0x4
 498 0312 7E020000 		.4byte	.LASF124
 499 0316 72       		.byte	0x72
 500 0317 04       		.uleb128 0x4
 501 0318 73090000 		.4byte	.LASF125
 502 031c 73       		.byte	0x73
 503 031d 04       		.uleb128 0x4
 504 031e BE0C0000 		.4byte	.LASF126
 505 0322 74       		.byte	0x74
 506 0323 04       		.uleb128 0x4
 507 0324 FE0E0000 		.4byte	.LASF127
 508 0328 75       		.byte	0x75
 509 0329 04       		.uleb128 0x4
 510 032a 310B0000 		.4byte	.LASF128
 511 032e 76       		.byte	0x76
 512 032f 04       		.uleb128 0x4
 513 0330 4D0D0000 		.4byte	.LASF129
ARM GAS  C:\Users\salaz\AppData\Local\Temp\ccQjYrAL.s 			page 10


 514 0334 77       		.byte	0x77
 515 0335 04       		.uleb128 0x4
 516 0336 DA0F0000 		.4byte	.LASF130
 517 033a 78       		.byte	0x78
 518 033b 04       		.uleb128 0x4
 519 033c 23080000 		.4byte	.LASF131
 520 0340 79       		.byte	0x79
 521 0341 04       		.uleb128 0x4
 522 0342 84010000 		.4byte	.LASF132
 523 0346 7A       		.byte	0x7a
 524 0347 04       		.uleb128 0x4
 525 0348 06010000 		.4byte	.LASF133
 526 034c 7B       		.byte	0x7b
 527 034d 04       		.uleb128 0x4
 528 034e D6050000 		.4byte	.LASF134
 529 0352 7C       		.byte	0x7c
 530 0353 04       		.uleb128 0x4
 531 0354 C6070000 		.4byte	.LASF135
 532 0358 7D       		.byte	0x7d
 533 0359 04       		.uleb128 0x4
 534 035a 64100000 		.4byte	.LASF136
 535 035e 7E       		.byte	0x7e
 536 035f 04       		.uleb128 0x4
 537 0360 86120000 		.4byte	.LASF137
 538 0364 7F       		.byte	0x7f
 539 0365 04       		.uleb128 0x4
 540 0366 5D020000 		.4byte	.LASF138
 541 036a 80       		.byte	0x80
 542 036b 04       		.uleb128 0x4
 543 036c 5D090000 		.4byte	.LASF139
 544 0370 81       		.byte	0x81
 545 0371 04       		.uleb128 0x4
 546 0372 550C0000 		.4byte	.LASF140
 547 0376 82       		.byte	0x82
 548 0377 04       		.uleb128 0x4
 549 0378 CA0E0000 		.4byte	.LASF141
 550 037c 83       		.byte	0x83
 551 037d 04       		.uleb128 0x4
 552 037e AB080000 		.4byte	.LASF142
 553 0382 84       		.byte	0x84
 554 0383 04       		.uleb128 0x4
 555 0384 820B0000 		.4byte	.LASF143
 556 0388 85       		.byte	0x85
 557 0389 04       		.uleb128 0x4
 558 038a DA000000 		.4byte	.LASF144
 559 038e 86       		.byte	0x86
 560 038f 04       		.uleb128 0x4
 561 0390 21030000 		.4byte	.LASF145
 562 0394 87       		.byte	0x87
 563 0395 04       		.uleb128 0x4
 564 0396 3E050000 		.4byte	.LASF146
 565 039a 88       		.byte	0x88
 566 039b 04       		.uleb128 0x4
 567 039c 2C0D0000 		.4byte	.LASF147
 568 03a0 89       		.byte	0x89
 569 03a1 04       		.uleb128 0x4
 570 03a2 910E0000 		.4byte	.LASF148
ARM GAS  C:\Users\salaz\AppData\Local\Temp\ccQjYrAL.s 			page 11


 571 03a6 8A       		.byte	0x8a
 572 03a7 04       		.uleb128 0x4
 573 03a8 77040000 		.4byte	.LASF149
 574 03ac 8B       		.byte	0x8b
 575 03ad 04       		.uleb128 0x4
 576 03ae F00D0000 		.4byte	.LASF150
 577 03b2 8C       		.byte	0x8c
 578 03b3 04       		.uleb128 0x4
 579 03b4 DF100000 		.4byte	.LASF151
 580 03b8 8D       		.byte	0x8d
 581 03b9 04       		.uleb128 0x4
 582 03ba B2070000 		.4byte	.LASF152
 583 03be 8E       		.byte	0x8e
 584 03bf 04       		.uleb128 0x4
 585 03c0 AC0A0000 		.4byte	.LASF153
 586 03c4 8F       		.byte	0x8f
 587 03c5 04       		.uleb128 0x4
 588 03c6 89060000 		.4byte	.LASF154
 589 03ca 90       		.byte	0x90
 590 03cb 04       		.uleb128 0x4
 591 03cc C4010000 		.4byte	.LASF155
 592 03d0 91       		.byte	0x91
 593 03d1 04       		.uleb128 0x4
 594 03d2 44020000 		.4byte	.LASF156
 595 03d6 92       		.byte	0x92
 596 03d7 04       		.uleb128 0x4
 597 03d8 6B0C0000 		.4byte	.LASF157
 598 03dc F0       		.byte	0xf0
 599 03dd 00       		.byte	0
 600 03de 05       		.uleb128 0x5
 601 03df 02       		.byte	0x2
 602 03e0 05       		.byte	0x5
 603 03e1 7C0C0000 		.4byte	.LASF158
 604 03e5 06       		.uleb128 0x6
 605 03e6 430D0000 		.4byte	.LASF162
 606 03ea 01       		.byte	0x1
 607 03eb F4       		.byte	0xf4
 608 03ec 1D000000 		.4byte	0x1d
 609 03f0 05       		.uleb128 0x5
 610 03f1 01       		.byte	0x1
 611 03f2 06       		.byte	0x6
 612 03f3 C3020000 		.4byte	.LASF159
 613 03f7 05       		.uleb128 0x5
 614 03f8 01       		.byte	0x1
 615 03f9 08       		.byte	0x8
 616 03fa BD0B0000 		.4byte	.LASF160
 617 03fe 05       		.uleb128 0x5
 618 03ff 02       		.byte	0x2
 619 0400 07       		.byte	0x7
 620 0401 CA060000 		.4byte	.LASF161
 621 0405 06       		.uleb128 0x6
 622 0406 F40E0000 		.4byte	.LASF163
 623 040a 02       		.byte	0x2
 624 040b 3F       		.byte	0x3f
 625 040c 10040000 		.4byte	0x410
 626 0410 05       		.uleb128 0x5
 627 0411 04       		.byte	0x4
ARM GAS  C:\Users\salaz\AppData\Local\Temp\ccQjYrAL.s 			page 12


 628 0412 05       		.byte	0x5
 629 0413 68030000 		.4byte	.LASF164
 630 0417 06       		.uleb128 0x6
 631 0418 10050000 		.4byte	.LASF165
 632 041c 02       		.byte	0x2
 633 041d 41       		.byte	0x41
 634 041e 22040000 		.4byte	0x422
 635 0422 05       		.uleb128 0x5
 636 0423 04       		.byte	0x4
 637 0424 07       		.byte	0x7
 638 0425 41060000 		.4byte	.LASF166
 639 0429 05       		.uleb128 0x5
 640 042a 08       		.byte	0x8
 641 042b 05       		.byte	0x5
 642 042c B5020000 		.4byte	.LASF167
 643 0430 05       		.uleb128 0x5
 644 0431 08       		.byte	0x8
 645 0432 07       		.byte	0x7
 646 0433 AD010000 		.4byte	.LASF168
 647 0437 07       		.uleb128 0x7
 648 0438 04       		.byte	0x4
 649 0439 05       		.byte	0x5
 650 043a 696E7400 		.ascii	"int\000"
 651 043e 05       		.uleb128 0x5
 652 043f 04       		.byte	0x4
 653 0440 07       		.byte	0x7
 654 0441 2B0C0000 		.4byte	.LASF169
 655 0445 06       		.uleb128 0x6
 656 0446 B50B0000 		.4byte	.LASF170
 657 044a 03       		.byte	0x3
 658 044b 2C       		.byte	0x2c
 659 044c 05040000 		.4byte	0x405
 660 0450 06       		.uleb128 0x6
 661 0451 680D0000 		.4byte	.LASF171
 662 0455 03       		.byte	0x3
 663 0456 30       		.byte	0x30
 664 0457 17040000 		.4byte	0x417
 665 045b 05       		.uleb128 0x5
 666 045c 04       		.byte	0x4
 667 045d 07       		.byte	0x7
 668 045e A2080000 		.4byte	.LASF172
 669 0462 05       		.uleb128 0x5
 670 0463 08       		.byte	0x8
 671 0464 04       		.byte	0x4
 672 0465 0B0E0000 		.4byte	.LASF173
 673 0469 05       		.uleb128 0x5
 674 046a 01       		.byte	0x1
 675 046b 08       		.byte	0x8
 676 046c 170E0000 		.4byte	.LASF174
 677 0470 05       		.uleb128 0x5
 678 0471 04       		.byte	0x4
 679 0472 04       		.byte	0x4
 680 0473 C20A0000 		.4byte	.LASF175
 681 0477 05       		.uleb128 0x5
 682 0478 08       		.byte	0x8
 683 0479 04       		.byte	0x4
 684 047a 70040000 		.4byte	.LASF176
ARM GAS  C:\Users\salaz\AppData\Local\Temp\ccQjYrAL.s 			page 13


 685 047e 08       		.uleb128 0x8
 686 047f 08       		.byte	0x8
 687 0480 04       		.byte	0x4
 688 0481 EB       		.byte	0xeb
 689 0482 9F040000 		.4byte	0x49f
 690 0486 09       		.uleb128 0x9
 691 0487 FC030000 		.4byte	.LASF177
 692 048b 04       		.byte	0x4
 693 048c EC       		.byte	0xec
 694 048d E5030000 		.4byte	0x3e5
 695 0491 00       		.byte	0
 696 0492 09       		.uleb128 0x9
 697 0493 07120000 		.4byte	.LASF178
 698 0497 04       		.byte	0x4
 699 0498 F0       		.byte	0xf0
 700 0499 50040000 		.4byte	0x450
 701 049d 04       		.byte	0x4
 702 049e 00       		.byte	0
 703 049f 06       		.uleb128 0x6
 704 04a0 DE080000 		.4byte	.LASF179
 705 04a4 04       		.byte	0x4
 706 04a5 F1       		.byte	0xf1
 707 04a6 7E040000 		.4byte	0x47e
 708 04aa 0A       		.uleb128 0xa
 709 04ab 1E0C0000 		.4byte	.LASF180
 710 04af 05       		.byte	0x5
 711 04b0 EA07     		.2byte	0x7ea
 712 04b2 B6040000 		.4byte	0x4b6
 713 04b6 0B       		.uleb128 0xb
 714 04b7 45040000 		.4byte	0x445
 715 04bb 0C       		.uleb128 0xc
 716 04bc 1C0E0000 		.4byte	.LASF181
 717 04c0 06       		.byte	0x6
 718 04c1 6A       		.byte	0x6a
 719 04c2 CC040000 		.4byte	0x4cc
 720 04c6 05       		.uleb128 0x5
 721 04c7 03       		.byte	0x3
 722 04c8 00000000 		.4byte	Press1_IRQ_cfg
 723 04cc 0D       		.uleb128 0xd
 724 04cd 9F040000 		.4byte	0x49f
 725 04d1 0C       		.uleb128 0xc
 726 04d2 58080000 		.4byte	.LASF182
 727 04d6 06       		.byte	0x6
 728 04d7 70       		.byte	0x70
 729 04d8 CC040000 		.4byte	0x4cc
 730 04dc 05       		.uleb128 0x5
 731 04dd 03       		.byte	0x3
 732 04de 00000000 		.4byte	WatchDog_IRQ_cfg
 733 04e2 0C       		.uleb128 0xc
 734 04e3 A60C0000 		.4byte	.LASF183
 735 04e7 06       		.byte	0x6
 736 04e8 76       		.byte	0x76
 737 04e9 CC040000 		.4byte	0x4cc
 738 04ed 05       		.uleb128 0x5
 739 04ee 03       		.byte	0x3
 740 04ef 00000000 		.4byte	Bluetooth_bless_isr_cfg
 741 04f3 0C       		.uleb128 0xc
ARM GAS  C:\Users\salaz\AppData\Local\Temp\ccQjYrAL.s 			page 14


 742 04f4 2E0F0000 		.4byte	.LASF184
 743 04f8 06       		.byte	0x6
 744 04f9 7C       		.byte	0x7c
 745 04fa CC040000 		.4byte	0x4cc
 746 04fe 05       		.uleb128 0x5
 747 04ff 03       		.byte	0x3
 748 0500 00000000 		.4byte	SensorBus_SCB_IRQ_cfg
 749 0504 0C       		.uleb128 0xc
 750 0505 55050000 		.4byte	.LASF185
 751 0509 06       		.byte	0x6
 752 050a 82       		.byte	0x82
 753 050b CC040000 		.4byte	0x4cc
 754 050f 05       		.uleb128 0x5
 755 0510 03       		.byte	0x3
 756 0511 00000000 		.4byte	UART_DEBUG_SCB_IRQ_cfg
 757 0515 0C       		.uleb128 0xc
 758 0516 B1100000 		.4byte	.LASF186
 759 051a 06       		.byte	0x6
 760 051b 88       		.byte	0x88
 761 051c CC040000 		.4byte	0x4cc
 762 0520 05       		.uleb128 0x5
 763 0521 03       		.byte	0x3
 764 0522 00000000 		.4byte	CapSense_ISR_cfg
 765 0526 0C       		.uleb128 0xc
 766 0527 9A010000 		.4byte	.LASF187
 767 052b 06       		.byte	0x6
 768 052c 8E       		.byte	0x8e
 769 052d CC040000 		.4byte	0x4cc
 770 0531 05       		.uleb128 0x5
 771 0532 03       		.byte	0x3
 772 0533 00000000 		.4byte	LightTimer_IRQ_cfg
 773 0537 0C       		.uleb128 0xc
 774 0538 37000000 		.4byte	.LASF188
 775 053c 06       		.byte	0x6
 776 053d 94       		.byte	0x94
 777 053e CC040000 		.4byte	0x4cc
 778 0542 05       		.uleb128 0x5
 779 0543 03       		.byte	0x3
 780 0544 00000000 		.4byte	ChimeTimer_IRQ_cfg
 781 0548 0C       		.uleb128 0xc
 782 0549 F5010000 		.4byte	.LASF189
 783 054d 06       		.byte	0x6
 784 054e 9A       		.byte	0x9a
 785 054f CC040000 		.4byte	0x4cc
 786 0553 05       		.uleb128 0x5
 787 0554 03       		.byte	0x3
 788 0555 00000000 		.4byte	MotorTimer_IRQ_cfg
 789 0559 0C       		.uleb128 0xc
 790 055a 92040000 		.4byte	.LASF190
 791 055e 06       		.byte	0x6
 792 055f A0       		.byte	0xa0
 793 0560 CC040000 		.4byte	0x4cc
 794 0564 05       		.uleb128 0x5
 795 0565 03       		.byte	0x3
 796 0566 00000000 		.4byte	AppControl_IRQ_cfg
 797 056a 0C       		.uleb128 0xc
 798 056b 6F0F0000 		.4byte	.LASF191
ARM GAS  C:\Users\salaz\AppData\Local\Temp\ccQjYrAL.s 			page 15


 799 056f 06       		.byte	0x6
 800 0570 A6       		.byte	0xa6
 801 0571 CC040000 		.4byte	0x4cc
 802 0575 05       		.uleb128 0x5
 803 0576 03       		.byte	0x3
 804 0577 00000000 		.4byte	Shake_IRQ_cfg
 805 057b 00       		.byte	0
 806              		.section	.debug_abbrev,"",%progbits
 807              	.Ldebug_abbrev0:
 808 0000 01       		.uleb128 0x1
 809 0001 11       		.uleb128 0x11
 810 0002 01       		.byte	0x1
 811 0003 25       		.uleb128 0x25
 812 0004 0E       		.uleb128 0xe
 813 0005 13       		.uleb128 0x13
 814 0006 0B       		.uleb128 0xb
 815 0007 03       		.uleb128 0x3
 816 0008 0E       		.uleb128 0xe
 817 0009 1B       		.uleb128 0x1b
 818 000a 0E       		.uleb128 0xe
 819 000b 10       		.uleb128 0x10
 820 000c 17       		.uleb128 0x17
 821 000d 00       		.byte	0
 822 000e 00       		.byte	0
 823 000f 02       		.uleb128 0x2
 824 0010 04       		.uleb128 0x4
 825 0011 01       		.byte	0x1
 826 0012 0B       		.uleb128 0xb
 827 0013 0B       		.uleb128 0xb
 828 0014 49       		.uleb128 0x49
 829 0015 13       		.uleb128 0x13
 830 0016 3A       		.uleb128 0x3a
 831 0017 0B       		.uleb128 0xb
 832 0018 3B       		.uleb128 0x3b
 833 0019 0B       		.uleb128 0xb
 834 001a 01       		.uleb128 0x1
 835 001b 13       		.uleb128 0x13
 836 001c 00       		.byte	0
 837 001d 00       		.byte	0
 838 001e 03       		.uleb128 0x3
 839 001f 28       		.uleb128 0x28
 840 0020 00       		.byte	0
 841 0021 03       		.uleb128 0x3
 842 0022 0E       		.uleb128 0xe
 843 0023 1C       		.uleb128 0x1c
 844 0024 0D       		.uleb128 0xd
 845 0025 00       		.byte	0
 846 0026 00       		.byte	0
 847 0027 04       		.uleb128 0x4
 848 0028 28       		.uleb128 0x28
 849 0029 00       		.byte	0
 850 002a 03       		.uleb128 0x3
 851 002b 0E       		.uleb128 0xe
 852 002c 1C       		.uleb128 0x1c
 853 002d 0B       		.uleb128 0xb
 854 002e 00       		.byte	0
 855 002f 00       		.byte	0
ARM GAS  C:\Users\salaz\AppData\Local\Temp\ccQjYrAL.s 			page 16


 856 0030 05       		.uleb128 0x5
 857 0031 24       		.uleb128 0x24
 858 0032 00       		.byte	0
 859 0033 0B       		.uleb128 0xb
 860 0034 0B       		.uleb128 0xb
 861 0035 3E       		.uleb128 0x3e
 862 0036 0B       		.uleb128 0xb
 863 0037 03       		.uleb128 0x3
 864 0038 0E       		.uleb128 0xe
 865 0039 00       		.byte	0
 866 003a 00       		.byte	0
 867 003b 06       		.uleb128 0x6
 868 003c 16       		.uleb128 0x16
 869 003d 00       		.byte	0
 870 003e 03       		.uleb128 0x3
 871 003f 0E       		.uleb128 0xe
 872 0040 3A       		.uleb128 0x3a
 873 0041 0B       		.uleb128 0xb
 874 0042 3B       		.uleb128 0x3b
 875 0043 0B       		.uleb128 0xb
 876 0044 49       		.uleb128 0x49
 877 0045 13       		.uleb128 0x13
 878 0046 00       		.byte	0
 879 0047 00       		.byte	0
 880 0048 07       		.uleb128 0x7
 881 0049 24       		.uleb128 0x24
 882 004a 00       		.byte	0
 883 004b 0B       		.uleb128 0xb
 884 004c 0B       		.uleb128 0xb
 885 004d 3E       		.uleb128 0x3e
 886 004e 0B       		.uleb128 0xb
 887 004f 03       		.uleb128 0x3
 888 0050 08       		.uleb128 0x8
 889 0051 00       		.byte	0
 890 0052 00       		.byte	0
 891 0053 08       		.uleb128 0x8
 892 0054 13       		.uleb128 0x13
 893 0055 01       		.byte	0x1
 894 0056 0B       		.uleb128 0xb
 895 0057 0B       		.uleb128 0xb
 896 0058 3A       		.uleb128 0x3a
 897 0059 0B       		.uleb128 0xb
 898 005a 3B       		.uleb128 0x3b
 899 005b 0B       		.uleb128 0xb
 900 005c 01       		.uleb128 0x1
 901 005d 13       		.uleb128 0x13
 902 005e 00       		.byte	0
 903 005f 00       		.byte	0
 904 0060 09       		.uleb128 0x9
 905 0061 0D       		.uleb128 0xd
 906 0062 00       		.byte	0
 907 0063 03       		.uleb128 0x3
 908 0064 0E       		.uleb128 0xe
 909 0065 3A       		.uleb128 0x3a
 910 0066 0B       		.uleb128 0xb
 911 0067 3B       		.uleb128 0x3b
 912 0068 0B       		.uleb128 0xb
ARM GAS  C:\Users\salaz\AppData\Local\Temp\ccQjYrAL.s 			page 17


 913 0069 49       		.uleb128 0x49
 914 006a 13       		.uleb128 0x13
 915 006b 38       		.uleb128 0x38
 916 006c 0B       		.uleb128 0xb
 917 006d 00       		.byte	0
 918 006e 00       		.byte	0
 919 006f 0A       		.uleb128 0xa
 920 0070 34       		.uleb128 0x34
 921 0071 00       		.byte	0
 922 0072 03       		.uleb128 0x3
 923 0073 0E       		.uleb128 0xe
 924 0074 3A       		.uleb128 0x3a
 925 0075 0B       		.uleb128 0xb
 926 0076 3B       		.uleb128 0x3b
 927 0077 05       		.uleb128 0x5
 928 0078 49       		.uleb128 0x49
 929 0079 13       		.uleb128 0x13
 930 007a 3F       		.uleb128 0x3f
 931 007b 19       		.uleb128 0x19
 932 007c 3C       		.uleb128 0x3c
 933 007d 19       		.uleb128 0x19
 934 007e 00       		.byte	0
 935 007f 00       		.byte	0
 936 0080 0B       		.uleb128 0xb
 937 0081 35       		.uleb128 0x35
 938 0082 00       		.byte	0
 939 0083 49       		.uleb128 0x49
 940 0084 13       		.uleb128 0x13
 941 0085 00       		.byte	0
 942 0086 00       		.byte	0
 943 0087 0C       		.uleb128 0xc
 944 0088 34       		.uleb128 0x34
 945 0089 00       		.byte	0
 946 008a 03       		.uleb128 0x3
 947 008b 0E       		.uleb128 0xe
 948 008c 3A       		.uleb128 0x3a
 949 008d 0B       		.uleb128 0xb
 950 008e 3B       		.uleb128 0x3b
 951 008f 0B       		.uleb128 0xb
 952 0090 49       		.uleb128 0x49
 953 0091 13       		.uleb128 0x13
 954 0092 3F       		.uleb128 0x3f
 955 0093 19       		.uleb128 0x19
 956 0094 02       		.uleb128 0x2
 957 0095 18       		.uleb128 0x18
 958 0096 00       		.byte	0
 959 0097 00       		.byte	0
 960 0098 0D       		.uleb128 0xd
 961 0099 26       		.uleb128 0x26
 962 009a 00       		.byte	0
 963 009b 49       		.uleb128 0x49
 964 009c 13       		.uleb128 0x13
 965 009d 00       		.byte	0
 966 009e 00       		.byte	0
 967 009f 00       		.byte	0
 968              		.section	.debug_aranges,"",%progbits
 969 0000 14000000 		.4byte	0x14
ARM GAS  C:\Users\salaz\AppData\Local\Temp\ccQjYrAL.s 			page 18


 970 0004 0200     		.2byte	0x2
 971 0006 00000000 		.4byte	.Ldebug_info0
 972 000a 04       		.byte	0x4
 973 000b 00       		.byte	0
 974 000c 0000     		.2byte	0
 975 000e 0000     		.2byte	0
 976 0010 00000000 		.4byte	0
 977 0014 00000000 		.4byte	0
 978              		.section	.debug_line,"",%progbits
 979              	.Ldebug_line0:
 980 0000 10020000 		.section	.debug_str,"MS",%progbits,1
 980      02000A02 
 980      00000201 
 980      FB0E0D00 
 980      01010101 
 981              	.LASF10:
 982 0000 696F7373 		.ascii	"ioss_interrupts_gpio_0_IRQn\000"
 982      5F696E74 
 982      65727275 
 982      7074735F 
 982      6770696F 
 983              	.LASF123:
 984 001c 74637077 		.ascii	"tcpwm_1_interrupts_15_IRQn\000"
 984      6D5F315F 
 984      696E7465 
 984      72727570 
 984      74735F31 
 985              	.LASF188:
 986 0037 4368696D 		.ascii	"ChimeTimer_IRQ_cfg\000"
 986      6554696D 
 986      65725F49 
 986      52515F63 
 986      666700
 987              	.LASF12:
 988 004a 696F7373 		.ascii	"ioss_interrupts_gpio_2_IRQn\000"
 988      5F696E74 
 988      65727275 
 988      7074735F 
 988      6770696F 
 989              	.LASF56:
 990 0066 7363625F 		.ascii	"scb_5_interrupt_IRQn\000"
 990      355F696E 
 990      74657272 
 990      7570745F 
 990      4952516E 
 991              	.LASF104:
 992 007b 74637077 		.ascii	"tcpwm_0_interrupts_4_IRQn\000"
 992      6D5F305F 
 992      696E7465 
 992      72727570 
 992      74735F34 
 993              	.LASF32:
 994 0095 73727373 		.ascii	"srss_interrupt_IRQn\000"
 994      5F696E74 
 994      65727275 
 994      70745F49 
 994      52516E00 
ARM GAS  C:\Users\salaz\AppData\Local\Temp\ccQjYrAL.s 			page 19


 995              	.LASF28:
 996 00a9 7363625F 		.ascii	"scb_8_interrupt_IRQn\000"
 996      385F696E 
 996      74657272 
 996      7570745F 
 996      4952516E 
 997              	.LASF61:
 998 00be 63707573 		.ascii	"cpuss_interrupts_dw0_1_IRQn\000"
 998      735F696E 
 998      74657272 
 998      75707473 
 998      5F647730 
 999              	.LASF144:
 1000 00da 7564625F 		.ascii	"udb_interrupts_12_IRQn\000"
 1000      696E7465 
 1000      72727570 
 1000      74735F31 
 1000      325F4952 
 1001              	.LASF34:
 1002 00f1 626C6573 		.ascii	"bless_interrupt_IRQn\000"
 1002      735F696E 
 1002      74657272 
 1002      7570745F 
 1002      4952516E 
 1003              	.LASF133:
 1004 0106 7564625F 		.ascii	"udb_interrupts_1_IRQn\000"
 1004      696E7465 
 1004      72727570 
 1004      74735F31 
 1004      5F495251 
 1005              	.LASF51:
 1006 011c 7363625F 		.ascii	"scb_0_interrupt_IRQn\000"
 1006      305F696E 
 1006      74657272 
 1006      7570745F 
 1006      4952516E 
 1007              	.LASF116:
 1008 0131 74637077 		.ascii	"tcpwm_1_interrupts_8_IRQn\000"
 1008      6D5F315F 
 1008      696E7465 
 1008      72727570 
 1008      74735F38 
 1009              	.LASF39:
 1010 014b 63707573 		.ascii	"cpuss_interrupts_ipc_4_IRQn\000"
 1010      735F696E 
 1010      74657272 
 1010      75707473 
 1010      5F697063 
 1011              	.LASF46:
 1012 0167 63707573 		.ascii	"cpuss_interrupts_ipc_11_IRQn\000"
 1012      735F696E 
 1012      74657272 
 1012      75707473 
 1012      5F697063 
 1013              	.LASF132:
 1014 0184 7564625F 		.ascii	"udb_interrupts_0_IRQn\000"
 1014      696E7465 
ARM GAS  C:\Users\salaz\AppData\Local\Temp\ccQjYrAL.s 			page 20


 1014      72727570 
 1014      74735F30 
 1014      5F495251 
 1015              	.LASF187:
 1016 019a 4C696768 		.ascii	"LightTimer_IRQ_cfg\000"
 1016      7454696D 
 1016      65725F49 
 1016      52515F63 
 1016      666700
 1017              	.LASF168:
 1018 01ad 6C6F6E67 		.ascii	"long long unsigned int\000"
 1018      206C6F6E 
 1018      6720756E 
 1018      7369676E 
 1018      65642069 
 1019              	.LASF155:
 1020 01c4 7573625F 		.ascii	"usb_interrupt_lo_IRQn\000"
 1020      696E7465 
 1020      72727570 
 1020      745F6C6F 
 1020      5F495251 
 1021              	.LASF118:
 1022 01da 74637077 		.ascii	"tcpwm_1_interrupts_10_IRQn\000"
 1022      6D5F315F 
 1022      696E7465 
 1022      72727570 
 1022      74735F31 
 1023              	.LASF189:
 1024 01f5 4D6F746F 		.ascii	"MotorTimer_IRQ_cfg\000"
 1024      7254696D 
 1024      65725F49 
 1024      52515F63 
 1024      666700
 1025              	.LASF97:
 1026 0208 63707573 		.ascii	"cpuss_interrupts_cm0_cti_1_IRQn\000"
 1026      735F696E 
 1026      74657272 
 1026      75707473 
 1026      5F636D30 
 1027              	.LASF19:
 1028 0228 696F7373 		.ascii	"ioss_interrupts_gpio_9_IRQn\000"
 1028      5F696E74 
 1028      65727275 
 1028      7074735F 
 1028      6770696F 
 1029              	.LASF156:
 1030 0244 70617373 		.ascii	"pass_interrupt_dacs_IRQn\000"
 1030      5F696E74 
 1030      65727275 
 1030      70745F64 
 1030      6163735F 
 1031              	.LASF138:
 1032 025d 7564625F 		.ascii	"udb_interrupts_6_IRQn\000"
 1032      696E7465 
 1032      72727570 
 1032      74735F36 
 1032      5F495251 
ARM GAS  C:\Users\salaz\AppData\Local\Temp\ccQjYrAL.s 			page 21


 1033              	.LASF0:
 1034 0273 52657365 		.ascii	"Reset_IRQn\000"
 1034      745F4952 
 1034      516E00
 1035              	.LASF124:
 1036 027e 74637077 		.ascii	"tcpwm_1_interrupts_16_IRQn\000"
 1036      6D5F315F 
 1036      696E7465 
 1036      72727570 
 1036      74735F31 
 1037              	.LASF94:
 1038 0299 63707573 		.ascii	"cpuss_interrupt_crypto_IRQn\000"
 1038      735F696E 
 1038      74657272 
 1038      7570745F 
 1038      63727970 
 1039              	.LASF167:
 1040 02b5 6C6F6E67 		.ascii	"long long int\000"
 1040      206C6F6E 
 1040      6720696E 
 1040      7400
 1041              	.LASF159:
 1042 02c3 7369676E 		.ascii	"signed char\000"
 1042      65642063 
 1042      68617200 
 1043              	.LASF105:
 1044 02cf 74637077 		.ascii	"tcpwm_0_interrupts_5_IRQn\000"
 1044      6D5F305F 
 1044      696E7465 
 1044      72727570 
 1044      74735F35 
 1045              	.LASF85:
 1046 02e9 63707573 		.ascii	"cpuss_interrupts_dw1_9_IRQn\000"
 1046      735F696E 
 1046      74657272 
 1046      75707473 
 1046      5F647731 
 1047              	.LASF62:
 1048 0305 63707573 		.ascii	"cpuss_interrupts_dw0_2_IRQn\000"
 1048      735F696E 
 1048      74657272 
 1048      75707473 
 1048      5F647730 
 1049              	.LASF145:
 1050 0321 7564625F 		.ascii	"udb_interrupts_13_IRQn\000"
 1050      696E7465 
 1050      72727570 
 1050      74735F31 
 1050      335F4952 
 1051              	.LASF27:
 1052 0338 6C70636F 		.ascii	"lpcomp_interrupt_IRQn\000"
 1052      6D705F69 
 1052      6E746572 
 1052      72757074 
 1052      5F495251 
 1053              	.LASF108:
 1054 034e 74637077 		.ascii	"tcpwm_1_interrupts_0_IRQn\000"
ARM GAS  C:\Users\salaz\AppData\Local\Temp\ccQjYrAL.s 			page 22


 1054      6D5F315F 
 1054      696E7465 
 1054      72727570 
 1054      74735F30 
 1055              	.LASF164:
 1056 0368 6C6F6E67 		.ascii	"long int\000"
 1056      20696E74 
 1056      00
 1057              	.LASF117:
 1058 0371 74637077 		.ascii	"tcpwm_1_interrupts_9_IRQn\000"
 1058      6D5F315F 
 1058      696E7465 
 1058      72727570 
 1058      74735F39 
 1059              	.LASF40:
 1060 038b 63707573 		.ascii	"cpuss_interrupts_ipc_5_IRQn\000"
 1060      735F696E 
 1060      74657272 
 1060      75707473 
 1060      5F697063 
 1061              	.LASF83:
 1062 03a7 63707573 		.ascii	"cpuss_interrupts_dw1_7_IRQn\000"
 1062      735F696E 
 1062      74657272 
 1062      75707473 
 1062      5F647731 
 1063              	.LASF47:
 1064 03c3 63707573 		.ascii	"cpuss_interrupts_ipc_12_IRQn\000"
 1064      735F696E 
 1064      74657272 
 1064      75707473 
 1064      5F697063 
 1065              	.LASF84:
 1066 03e0 63707573 		.ascii	"cpuss_interrupts_dw1_8_IRQn\000"
 1066      735F696E 
 1066      74657272 
 1066      75707473 
 1066      5F647731 
 1067              	.LASF177:
 1068 03fc 696E7472 		.ascii	"intrSrc\000"
 1068      53726300 
 1069              	.LASF119:
 1070 0404 74637077 		.ascii	"tcpwm_1_interrupts_11_IRQn\000"
 1070      6D5F315F 
 1070      696E7465 
 1070      72727570 
 1070      74735F31 
 1071              	.LASF64:
 1072 041f 63707573 		.ascii	"cpuss_interrupts_dw0_4_IRQn\000"
 1072      735F696E 
 1072      74657272 
 1072      75707473 
 1072      5F647730 
 1073              	.LASF25:
 1074 043b 696F7373 		.ascii	"ioss_interrupt_gpio_IRQn\000"
 1074      5F696E74 
 1074      65727275 
ARM GAS  C:\Users\salaz\AppData\Local\Temp\ccQjYrAL.s 			page 23


 1074      70745F67 
 1074      70696F5F 
 1075              	.LASF29:
 1076 0454 73727373 		.ascii	"srss_interrupt_mcwdt_0_IRQn\000"
 1076      5F696E74 
 1076      65727275 
 1076      70745F6D 
 1076      63776474 
 1077              	.LASF176:
 1078 0470 646F7562 		.ascii	"double\000"
 1078      6C6500
 1079              	.LASF149:
 1080 0477 61756469 		.ascii	"audioss_interrupt_i2s_IRQn\000"
 1080      6F73735F 
 1080      696E7465 
 1080      72727570 
 1080      745F6932 
 1081              	.LASF190:
 1082 0492 41707043 		.ascii	"AppControl_IRQ_cfg\000"
 1082      6F6E7472 
 1082      6F6C5F49 
 1082      52515F63 
 1082      666700
 1083              	.LASF66:
 1084 04a5 63707573 		.ascii	"cpuss_interrupts_dw0_6_IRQn\000"
 1084      735F696E 
 1084      74657272 
 1084      75707473 
 1084      5F647730 
 1085              	.LASF99:
 1086 04c1 63707573 		.ascii	"cpuss_interrupts_cm4_cti_1_IRQn\000"
 1086      735F696E 
 1086      74657272 
 1086      75707473 
 1086      5F636D34 
 1087              	.LASF58:
 1088 04e1 7363625F 		.ascii	"scb_7_interrupt_IRQn\000"
 1088      375F696E 
 1088      74657272 
 1088      7570745F 
 1088      4952516E 
 1089              	.LASF106:
 1090 04f6 74637077 		.ascii	"tcpwm_0_interrupts_6_IRQn\000"
 1090      6D5F305F 
 1090      696E7465 
 1090      72727570 
 1090      74735F36 
 1091              	.LASF165:
 1092 0510 5F5F7569 		.ascii	"__uint32_t\000"
 1092      6E743332 
 1092      5F7400
 1093              	.LASF4:
 1094 051b 42757346 		.ascii	"BusFault_IRQn\000"
 1094      61756C74 
 1094      5F495251 
 1094      6E00
 1095              	.LASF52:
ARM GAS  C:\Users\salaz\AppData\Local\Temp\ccQjYrAL.s 			page 24


 1096 0529 7363625F 		.ascii	"scb_1_interrupt_IRQn\000"
 1096      315F696E 
 1096      74657272 
 1096      7570745F 
 1096      4952516E 
 1097              	.LASF146:
 1098 053e 7564625F 		.ascii	"udb_interrupts_14_IRQn\000"
 1098      696E7465 
 1098      72727570 
 1098      74735F31 
 1098      345F4952 
 1099              	.LASF185:
 1100 0555 55415254 		.ascii	"UART_DEBUG_SCB_IRQ_cfg\000"
 1100      5F444542 
 1100      55475F53 
 1100      43425F49 
 1100      52515F63 
 1101              	.LASF53:
 1102 056c 7363625F 		.ascii	"scb_2_interrupt_IRQn\000"
 1102      325F696E 
 1102      74657272 
 1102      7570745F 
 1102      4952516E 
 1103              	.LASF74:
 1104 0581 63707573 		.ascii	"cpuss_interrupts_dw0_14_IRQn\000"
 1104      735F696E 
 1104      74657272 
 1104      75707473 
 1104      5F647730 
 1105              	.LASF15:
 1106 059e 696F7373 		.ascii	"ioss_interrupts_gpio_5_IRQn\000"
 1106      5F696E74 
 1106      65727275 
 1106      7074735F 
 1106      6770696F 
 1107              	.LASF41:
 1108 05ba 63707573 		.ascii	"cpuss_interrupts_ipc_6_IRQn\000"
 1108      735F696E 
 1108      74657272 
 1108      75707473 
 1108      5F697063 
 1109              	.LASF134:
 1110 05d6 7564625F 		.ascii	"udb_interrupts_2_IRQn\000"
 1110      696E7465 
 1110      72727570 
 1110      74735F32 
 1110      5F495251 
 1111              	.LASF23:
 1112 05ec 696F7373 		.ascii	"ioss_interrupts_gpio_13_IRQn\000"
 1112      5F696E74 
 1112      65727275 
 1112      7074735F 
 1112      6770696F 
 1113              	.LASF120:
 1114 0609 74637077 		.ascii	"tcpwm_1_interrupts_12_IRQn\000"
 1114      6D5F315F 
 1114      696E7465 
ARM GAS  C:\Users\salaz\AppData\Local\Temp\ccQjYrAL.s 			page 25


 1114      72727570 
 1114      74735F31 
 1115              	.LASF89:
 1116 0624 63707573 		.ascii	"cpuss_interrupts_dw1_13_IRQn\000"
 1116      735F696E 
 1116      74657272 
 1116      75707473 
 1116      5F647731 
 1117              	.LASF166:
 1118 0641 6C6F6E67 		.ascii	"long unsigned int\000"
 1118      20756E73 
 1118      69676E65 
 1118      6420696E 
 1118      7400
 1119              	.LASF30:
 1120 0653 73727373 		.ascii	"srss_interrupt_mcwdt_1_IRQn\000"
 1120      5F696E74 
 1120      65727275 
 1120      70745F6D 
 1120      63776474 
 1121              	.LASF101:
 1122 066f 74637077 		.ascii	"tcpwm_0_interrupts_1_IRQn\000"
 1122      6D5F305F 
 1122      696E7465 
 1122      72727570 
 1122      74735F31 
 1123              	.LASF154:
 1124 0689 7573625F 		.ascii	"usb_interrupt_med_IRQn\000"
 1124      696E7465 
 1124      72727570 
 1124      745F6D65 
 1124      645F4952 
 1125              	.LASF92:
 1126 06a0 63707573 		.ascii	"cpuss_interrupts_fault_0_IRQn\000"
 1126      735F696E 
 1126      74657272 
 1126      75707473 
 1126      5F666175 
 1127              	.LASF6:
 1128 06be 53564361 		.ascii	"SVCall_IRQn\000"
 1128      6C6C5F49 
 1128      52516E00 
 1129              	.LASF161:
 1130 06ca 73686F72 		.ascii	"short unsigned int\000"
 1130      7420756E 
 1130      7369676E 
 1130      65642069 
 1130      6E7400
 1131              	.LASF194:
 1132 06dd 433A5C55 		.ascii	"C:\\Users\\salaz\\Desktop\\Handle\\Bike FSM_prox.cy"
 1132      73657273 
 1132      5C73616C 
 1132      617A5C44 
 1132      65736B74 
 1133 070b 64736E00 		.ascii	"dsn\000"
 1134              	.LASF113:
 1135 070f 74637077 		.ascii	"tcpwm_1_interrupts_5_IRQn\000"
ARM GAS  C:\Users\salaz\AppData\Local\Temp\ccQjYrAL.s 			page 26


 1135      6D5F315F 
 1135      696E7465 
 1135      72727570 
 1135      74735F35 
 1136              	.LASF36:
 1137 0729 63707573 		.ascii	"cpuss_interrupts_ipc_1_IRQn\000"
 1137      735F696E 
 1137      74657272 
 1137      75707473 
 1137      5F697063 
 1138              	.LASF80:
 1139 0745 63707573 		.ascii	"cpuss_interrupts_dw1_4_IRQn\000"
 1139      735F696E 
 1139      74657272 
 1139      75707473 
 1139      5F647731 
 1140              	.LASF95:
 1141 0761 63707573 		.ascii	"cpuss_interrupt_fm_IRQn\000"
 1141      735F696E 
 1141      74657272 
 1141      7570745F 
 1141      666D5F49 
 1142              	.LASF75:
 1143 0779 63707573 		.ascii	"cpuss_interrupts_dw0_15_IRQn\000"
 1143      735F696E 
 1143      74657272 
 1143      75707473 
 1143      5F647730 
 1144              	.LASF16:
 1145 0796 696F7373 		.ascii	"ioss_interrupts_gpio_6_IRQn\000"
 1145      5F696E74 
 1145      65727275 
 1145      7074735F 
 1145      6770696F 
 1146              	.LASF152:
 1147 07b2 736D6966 		.ascii	"smif_interrupt_IRQn\000"
 1147      5F696E74 
 1147      65727275 
 1147      70745F49 
 1147      52516E00 
 1148              	.LASF135:
 1149 07c6 7564625F 		.ascii	"udb_interrupts_3_IRQn\000"
 1149      696E7465 
 1149      72727570 
 1149      74735F33 
 1149      5F495251 
 1150              	.LASF24:
 1151 07dc 696F7373 		.ascii	"ioss_interrupts_gpio_14_IRQn\000"
 1151      5F696E74 
 1151      65727275 
 1151      7074735F 
 1151      6770696F 
 1152              	.LASF9:
 1153 07f9 53797354 		.ascii	"SysTick_IRQn\000"
 1153      69636B5F 
 1153      4952516E 
 1153      00
ARM GAS  C:\Users\salaz\AppData\Local\Temp\ccQjYrAL.s 			page 27


 1154              	.LASF90:
 1155 0806 63707573 		.ascii	"cpuss_interrupts_dw1_14_IRQn\000"
 1155      735F696E 
 1155      74657272 
 1155      75707473 
 1155      5F647731 
 1156              	.LASF131:
 1157 0823 74637077 		.ascii	"tcpwm_1_interrupts_23_IRQn\000"
 1157      6D5F315F 
 1157      696E7465 
 1157      72727570 
 1157      74735F32 
 1158              	.LASF102:
 1159 083e 74637077 		.ascii	"tcpwm_0_interrupts_2_IRQn\000"
 1159      6D5F305F 
 1159      696E7465 
 1159      72727570 
 1159      74735F32 
 1160              	.LASF182:
 1161 0858 57617463 		.ascii	"WatchDog_IRQ_cfg\000"
 1161      68446F67 
 1161      5F495251 
 1161      5F636667 
 1161      00
 1162              	.LASF121:
 1163 0869 74637077 		.ascii	"tcpwm_1_interrupts_13_IRQn\000"
 1163      6D5F315F 
 1163      696E7465 
 1163      72727570 
 1163      74735F31 
 1164              	.LASF93:
 1165 0884 63707573 		.ascii	"cpuss_interrupts_fault_1_IRQn\000"
 1165      735F696E 
 1165      74657272 
 1165      75707473 
 1165      5F666175 
 1166              	.LASF172:
 1167 08a2 73697A65 		.ascii	"sizetype\000"
 1167      74797065 
 1167      00
 1168              	.LASF142:
 1169 08ab 7564625F 		.ascii	"udb_interrupts_10_IRQn\000"
 1169      696E7465 
 1169      72727570 
 1169      74735F31 
 1169      305F4952 
 1170              	.LASF68:
 1171 08c2 63707573 		.ascii	"cpuss_interrupts_dw0_8_IRQn\000"
 1171      735F696E 
 1171      74657272 
 1171      75707473 
 1171      5F647730 
 1172              	.LASF179:
 1173 08de 63795F73 		.ascii	"cy_stc_sysint_t\000"
 1173      74635F73 
 1173      7973696E 
 1173      745F7400 
ARM GAS  C:\Users\salaz\AppData\Local\Temp\ccQjYrAL.s 			page 28


 1174              	.LASF70:
 1175 08ee 63707573 		.ascii	"cpuss_interrupts_dw0_10_IRQn\000"
 1175      735F696E 
 1175      74657272 
 1175      75707473 
 1175      5F647730 
 1176              	.LASF114:
 1177 090b 74637077 		.ascii	"tcpwm_1_interrupts_6_IRQn\000"
 1177      6D5F315F 
 1177      696E7465 
 1177      72727570 
 1177      74735F36 
 1178              	.LASF37:
 1179 0925 63707573 		.ascii	"cpuss_interrupts_ipc_2_IRQn\000"
 1179      735F696E 
 1179      74657272 
 1179      75707473 
 1179      5F697063 
 1180              	.LASF81:
 1181 0941 63707573 		.ascii	"cpuss_interrupts_dw1_5_IRQn\000"
 1181      735F696E 
 1181      74657272 
 1181      75707473 
 1181      5F647731 
 1182              	.LASF139:
 1183 095d 7564625F 		.ascii	"udb_interrupts_7_IRQn\000"
 1183      696E7465 
 1183      72727570 
 1183      74735F37 
 1183      5F495251 
 1184              	.LASF125:
 1185 0973 74637077 		.ascii	"tcpwm_1_interrupts_17_IRQn\000"
 1185      6D5F315F 
 1185      696E7465 
 1185      72727570 
 1185      74735F31 
 1186              	.LASF55:
 1187 098e 7363625F 		.ascii	"scb_4_interrupt_IRQn\000"
 1187      345F696E 
 1187      74657272 
 1187      7570745F 
 1187      4952516E 
 1188              	.LASF17:
 1189 09a3 696F7373 		.ascii	"ioss_interrupts_gpio_7_IRQn\000"
 1189      5F696E74 
 1189      65727275 
 1189      7074735F 
 1189      6770696F 
 1190              	.LASF73:
 1191 09bf 63707573 		.ascii	"cpuss_interrupts_dw0_13_IRQn\000"
 1191      735F696E 
 1191      74657272 
 1191      75707473 
 1191      5F647730 
 1192              	.LASF192:
 1193 09dc 474E5520 		.ascii	"GNU C11 5.4.1 20160609 (release) [ARM/embedded-5-br"
 1193      43313120 
ARM GAS  C:\Users\salaz\AppData\Local\Temp\ccQjYrAL.s 			page 29


 1193      352E342E 
 1193      31203230 
 1193      31363036 
 1194 0a0f 616E6368 		.ascii	"anch revision 237715] -mcpu=cortex-m4 -mfloat-abi=s"
 1194      20726576 
 1194      6973696F 
 1194      6E203233 
 1194      37373135 
 1195 0a42 6F667466 		.ascii	"oftfp -mfpu=fpv4-sp-d16 -mthumb -g -Og -ffunction-s"
 1195      70202D6D 
 1195      6670753D 
 1195      66707634 
 1195      2D73702D 
 1196 0a75 65637469 		.ascii	"ections -ffat-lto-objects\000"
 1196      6F6E7320 
 1196      2D666661 
 1196      742D6C74 
 1196      6F2D6F62 
 1197              	.LASF91:
 1198 0a8f 63707573 		.ascii	"cpuss_interrupts_dw1_15_IRQn\000"
 1198      735F696E 
 1198      74657272 
 1198      75707473 
 1198      5F647731 
 1199              	.LASF153:
 1200 0aac 7573625F 		.ascii	"usb_interrupt_hi_IRQn\000"
 1200      696E7465 
 1200      72727570 
 1200      745F6869 
 1200      5F495251 
 1201              	.LASF175:
 1202 0ac2 666C6F61 		.ascii	"float\000"
 1202      7400
 1203              	.LASF63:
 1204 0ac8 63707573 		.ascii	"cpuss_interrupts_dw0_3_IRQn\000"
 1204      735F696E 
 1204      74657272 
 1204      75707473 
 1204      5F647730 
 1205              	.LASF21:
 1206 0ae4 696F7373 		.ascii	"ioss_interrupts_gpio_11_IRQn\000"
 1206      5F696E74 
 1206      65727275 
 1206      7074735F 
 1206      6770696F 
 1207              	.LASF3:
 1208 0b01 4D656D6F 		.ascii	"MemoryManagement_IRQn\000"
 1208      72794D61 
 1208      6E616765 
 1208      6D656E74 
 1208      5F495251 
 1209              	.LASF103:
 1210 0b17 74637077 		.ascii	"tcpwm_0_interrupts_3_IRQn\000"
 1210      6D5F305F 
 1210      696E7465 
 1210      72727570 
 1210      74735F33 
ARM GAS  C:\Users\salaz\AppData\Local\Temp\ccQjYrAL.s 			page 30


 1211              	.LASF128:
 1212 0b31 74637077 		.ascii	"tcpwm_1_interrupts_20_IRQn\000"
 1212      6D5F315F 
 1212      696E7465 
 1212      72727570 
 1212      74735F32 
 1213              	.LASF109:
 1214 0b4c 74637077 		.ascii	"tcpwm_1_interrupts_1_IRQn\000"
 1214      6D5F315F 
 1214      696E7465 
 1214      72727570 
 1214      74735F31 
 1215              	.LASF76:
 1216 0b66 63707573 		.ascii	"cpuss_interrupts_dw1_0_IRQn\000"
 1216      735F696E 
 1216      74657272 
 1216      75707473 
 1216      5F647731 
 1217              	.LASF143:
 1218 0b82 7564625F 		.ascii	"udb_interrupts_11_IRQn\000"
 1218      696E7465 
 1218      72727570 
 1218      74735F31 
 1218      315F4952 
 1219              	.LASF69:
 1220 0b99 63707573 		.ascii	"cpuss_interrupts_dw0_9_IRQn\000"
 1220      735F696E 
 1220      74657272 
 1220      75707473 
 1220      5F647730 
 1221              	.LASF170:
 1222 0bb5 696E7433 		.ascii	"int32_t\000"
 1222      325F7400 
 1223              	.LASF160:
 1224 0bbd 756E7369 		.ascii	"unsigned char\000"
 1224      676E6564 
 1224      20636861 
 1224      7200
 1225              	.LASF71:
 1226 0bcb 63707573 		.ascii	"cpuss_interrupts_dw0_11_IRQn\000"
 1226      735F696E 
 1226      74657272 
 1226      75707473 
 1226      5F647730 
 1227              	.LASF115:
 1228 0be8 74637077 		.ascii	"tcpwm_1_interrupts_7_IRQn\000"
 1228      6D5F315F 
 1228      696E7465 
 1228      72727570 
 1228      74735F37 
 1229              	.LASF38:
 1230 0c02 63707573 		.ascii	"cpuss_interrupts_ipc_3_IRQn\000"
 1230      735F696E 
 1230      74657272 
 1230      75707473 
 1230      5F697063 
 1231              	.LASF180:
ARM GAS  C:\Users\salaz\AppData\Local\Temp\ccQjYrAL.s 			page 31


 1232 0c1e 49544D5F 		.ascii	"ITM_RxBuffer\000"
 1232      52784275 
 1232      66666572 
 1232      00
 1233              	.LASF169:
 1234 0c2b 756E7369 		.ascii	"unsigned int\000"
 1234      676E6564 
 1234      20696E74 
 1234      00
 1235              	.LASF20:
 1236 0c38 696F7373 		.ascii	"ioss_interrupts_gpio_10_IRQn\000"
 1236      5F696E74 
 1236      65727275 
 1236      7074735F 
 1236      6770696F 
 1237              	.LASF140:
 1238 0c55 7564625F 		.ascii	"udb_interrupts_8_IRQn\000"
 1238      696E7465 
 1238      72727570 
 1238      74735F38 
 1238      5F495251 
 1239              	.LASF157:
 1240 0c6b 756E636F 		.ascii	"unconnected_IRQn\000"
 1240      6E6E6563 
 1240      7465645F 
 1240      4952516E 
 1240      00
 1241              	.LASF158:
 1242 0c7c 73686F72 		.ascii	"short int\000"
 1242      7420696E 
 1242      7400
 1243              	.LASF98:
 1244 0c86 63707573 		.ascii	"cpuss_interrupts_cm4_cti_0_IRQn\000"
 1244      735F696E 
 1244      74657272 
 1244      75707473 
 1244      5F636D34 
 1245              	.LASF183:
 1246 0ca6 426C7565 		.ascii	"Bluetooth_bless_isr_cfg\000"
 1246      746F6F74 
 1246      685F626C 
 1246      6573735F 
 1246      6973725F 
 1247              	.LASF126:
 1248 0cbe 74637077 		.ascii	"tcpwm_1_interrupts_18_IRQn\000"
 1248      6D5F315F 
 1248      696E7465 
 1248      72727570 
 1248      74735F31 
 1249              	.LASF79:
 1250 0cd9 63707573 		.ascii	"cpuss_interrupts_dw1_3_IRQn\000"
 1250      735F696E 
 1250      74657272 
 1250      75707473 
 1250      5F647731 
 1251              	.LASF107:
 1252 0cf5 74637077 		.ascii	"tcpwm_0_interrupts_7_IRQn\000"
ARM GAS  C:\Users\salaz\AppData\Local\Temp\ccQjYrAL.s 			page 32


 1252      6D5F305F 
 1252      696E7465 
 1252      72727570 
 1252      74735F37 
 1253              	.LASF87:
 1254 0d0f 63707573 		.ascii	"cpuss_interrupts_dw1_11_IRQn\000"
 1254      735F696E 
 1254      74657272 
 1254      75707473 
 1254      5F647731 
 1255              	.LASF147:
 1256 0d2c 7564625F 		.ascii	"udb_interrupts_15_IRQn\000"
 1256      696E7465 
 1256      72727570 
 1256      74735F31 
 1256      355F4952 
 1257              	.LASF162:
 1258 0d43 4952516E 		.ascii	"IRQn_Type\000"
 1258      5F547970 
 1258      6500
 1259              	.LASF129:
 1260 0d4d 74637077 		.ascii	"tcpwm_1_interrupts_21_IRQn\000"
 1260      6D5F315F 
 1260      696E7465 
 1260      72727570 
 1260      74735F32 
 1261              	.LASF171:
 1262 0d68 75696E74 		.ascii	"uint32_t\000"
 1262      33325F74 
 1262      00
 1263              	.LASF110:
 1264 0d71 74637077 		.ascii	"tcpwm_1_interrupts_2_IRQn\000"
 1264      6D5F315F 
 1264      696E7465 
 1264      72727570 
 1264      74735F32 
 1265              	.LASF5:
 1266 0d8b 55736167 		.ascii	"UsageFault_IRQn\000"
 1266      65466175 
 1266      6C745F49 
 1266      52516E00 
 1267              	.LASF42:
 1268 0d9b 63707573 		.ascii	"cpuss_interrupts_ipc_7_IRQn\000"
 1268      735F696E 
 1268      74657272 
 1268      75707473 
 1268      5F697063 
 1269              	.LASF77:
 1270 0db7 63707573 		.ascii	"cpuss_interrupts_dw1_1_IRQn\000"
 1270      735F696E 
 1270      74657272 
 1270      75707473 
 1270      5F647731 
 1271              	.LASF49:
 1272 0dd3 63707573 		.ascii	"cpuss_interrupts_ipc_14_IRQn\000"
 1272      735F696E 
 1272      74657272 
ARM GAS  C:\Users\salaz\AppData\Local\Temp\ccQjYrAL.s 			page 33


 1272      75707473 
 1272      5F697063 
 1273              	.LASF150:
 1274 0df0 61756469 		.ascii	"audioss_interrupt_pdm_IRQn\000"
 1274      6F73735F 
 1274      696E7465 
 1274      72727570 
 1274      745F7064 
 1275              	.LASF173:
 1276 0e0b 6C6F6E67 		.ascii	"long double\000"
 1276      20646F75 
 1276      626C6500 
 1277              	.LASF174:
 1278 0e17 63686172 		.ascii	"char\000"
 1278      00
 1279              	.LASF181:
 1280 0e1c 50726573 		.ascii	"Press1_IRQ_cfg\000"
 1280      73315F49 
 1280      52515F63 
 1280      666700
 1281              	.LASF193:
 1282 0e2b 47656E65 		.ascii	"Generated_Source\\PSoC6\\cyfitter_sysint_cfg.c\000"
 1282      72617465 
 1282      645F536F 
 1282      75726365 
 1282      5C50536F 
 1283              	.LASF72:
 1284 0e58 63707573 		.ascii	"cpuss_interrupts_dw0_12_IRQn\000"
 1284      735F696E 
 1284      74657272 
 1284      75707473 
 1284      5F647730 
 1285              	.LASF13:
 1286 0e75 696F7373 		.ascii	"ioss_interrupts_gpio_3_IRQn\000"
 1286      5F696E74 
 1286      65727275 
 1286      7074735F 
 1286      6770696F 
 1287              	.LASF148:
 1288 0e91 70617373 		.ascii	"pass_interrupt_sar_IRQn\000"
 1288      5F696E74 
 1288      65727275 
 1288      70745F73 
 1288      61725F49 
 1289              	.LASF8:
 1290 0ea9 50656E64 		.ascii	"PendSV_IRQn\000"
 1290      53565F49 
 1290      52516E00 
 1291              	.LASF54:
 1292 0eb5 7363625F 		.ascii	"scb_3_interrupt_IRQn\000"
 1292      335F696E 
 1292      74657272 
 1292      7570745F 
 1292      4952516E 
 1293              	.LASF141:
 1294 0eca 7564625F 		.ascii	"udb_interrupts_9_IRQn\000"
 1294      696E7465 
ARM GAS  C:\Users\salaz\AppData\Local\Temp\ccQjYrAL.s 			page 34


 1294      72727570 
 1294      74735F39 
 1294      5F495251 
 1295              	.LASF1:
 1296 0ee0 4E6F6E4D 		.ascii	"NonMaskableInt_IRQn\000"
 1296      61736B61 
 1296      626C6549 
 1296      6E745F49 
 1296      52516E00 
 1297              	.LASF163:
 1298 0ef4 5F5F696E 		.ascii	"__int32_t\000"
 1298      7433325F 
 1298      7400
 1299              	.LASF127:
 1300 0efe 74637077 		.ascii	"tcpwm_1_interrupts_19_IRQn\000"
 1300      6D5F315F 
 1300      696E7465 
 1300      72727570 
 1300      74735F31 
 1301              	.LASF57:
 1302 0f19 7363625F 		.ascii	"scb_6_interrupt_IRQn\000"
 1302      365F696E 
 1302      74657272 
 1302      7570745F 
 1302      4952516E 
 1303              	.LASF184:
 1304 0f2e 53656E73 		.ascii	"SensorBus_SCB_IRQ_cfg\000"
 1304      6F724275 
 1304      735F5343 
 1304      425F4952 
 1304      515F6366 
 1305              	.LASF11:
 1306 0f44 696F7373 		.ascii	"ioss_interrupts_gpio_1_IRQn\000"
 1306      5F696E74 
 1306      65727275 
 1306      7074735F 
 1306      6770696F 
 1307              	.LASF2:
 1308 0f60 48617264 		.ascii	"HardFault_IRQn\000"
 1308      4661756C 
 1308      745F4952 
 1308      516E00
 1309              	.LASF191:
 1310 0f6f 5368616B 		.ascii	"Shake_IRQ_cfg\000"
 1310      655F4952 
 1310      515F6366 
 1310      6700
 1311              	.LASF65:
 1312 0f7d 63707573 		.ascii	"cpuss_interrupts_dw0_5_IRQn\000"
 1312      735F696E 
 1312      74657272 
 1312      75707473 
 1312      5F647730 
 1313              	.LASF7:
 1314 0f99 44656275 		.ascii	"DebugMonitor_IRQn\000"
 1314      674D6F6E 
 1314      69746F72 
ARM GAS  C:\Users\salaz\AppData\Local\Temp\ccQjYrAL.s 			page 35


 1314      5F495251 
 1314      6E00
 1315              	.LASF59:
 1316 0fab 6373645F 		.ascii	"csd_interrupt_IRQn\000"
 1316      696E7465 
 1316      72727570 
 1316      745F4952 
 1316      516E00
 1317              	.LASF35:
 1318 0fbe 63707573 		.ascii	"cpuss_interrupts_ipc_0_IRQn\000"
 1318      735F696E 
 1318      74657272 
 1318      75707473 
 1318      5F697063 
 1319              	.LASF130:
 1320 0fda 74637077 		.ascii	"tcpwm_1_interrupts_22_IRQn\000"
 1320      6D5F315F 
 1320      696E7465 
 1320      72727570 
 1320      74735F32 
 1321              	.LASF111:
 1322 0ff5 74637077 		.ascii	"tcpwm_1_interrupts_3_IRQn\000"
 1322      6D5F315F 
 1322      696E7465 
 1322      72727570 
 1322      74735F33 
 1323              	.LASF43:
 1324 100f 63707573 		.ascii	"cpuss_interrupts_ipc_8_IRQn\000"
 1324      735F696E 
 1324      74657272 
 1324      75707473 
 1324      5F697063 
 1325              	.LASF78:
 1326 102b 63707573 		.ascii	"cpuss_interrupts_dw1_2_IRQn\000"
 1326      735F696E 
 1326      74657272 
 1326      75707473 
 1326      5F647731 
 1327              	.LASF50:
 1328 1047 63707573 		.ascii	"cpuss_interrupts_ipc_15_IRQn\000"
 1328      735F696E 
 1328      74657272 
 1328      75707473 
 1328      5F697063 
 1329              	.LASF136:
 1330 1064 7564625F 		.ascii	"udb_interrupts_4_IRQn\000"
 1330      696E7465 
 1330      72727570 
 1330      74735F34 
 1330      5F495251 
 1331              	.LASF122:
 1332 107a 74637077 		.ascii	"tcpwm_1_interrupts_14_IRQn\000"
 1332      6D5F315F 
 1332      696E7465 
 1332      72727570 
 1332      74735F31 
 1333              	.LASF14:
ARM GAS  C:\Users\salaz\AppData\Local\Temp\ccQjYrAL.s 			page 36


 1334 1095 696F7373 		.ascii	"ioss_interrupts_gpio_4_IRQn\000"
 1334      5F696E74 
 1334      65727275 
 1334      7074735F 
 1334      6770696F 
 1335              	.LASF186:
 1336 10b1 43617053 		.ascii	"CapSense_ISR_cfg\000"
 1336      656E7365 
 1336      5F495352 
 1336      5F636667 
 1336      00
 1337              	.LASF22:
 1338 10c2 696F7373 		.ascii	"ioss_interrupts_gpio_12_IRQn\000"
 1338      5F696E74 
 1338      65727275 
 1338      7074735F 
 1338      6770696F 
 1339              	.LASF151:
 1340 10df 70726F66 		.ascii	"profile_interrupt_IRQn\000"
 1340      696C655F 
 1340      696E7465 
 1340      72727570 
 1340      745F4952 
 1341              	.LASF88:
 1342 10f6 63707573 		.ascii	"cpuss_interrupts_dw1_12_IRQn\000"
 1342      735F696E 
 1342      74657272 
 1342      75707473 
 1342      5F647731 
 1343              	.LASF60:
 1344 1113 63707573 		.ascii	"cpuss_interrupts_dw0_0_IRQn\000"
 1344      735F696E 
 1344      74657272 
 1344      75707473 
 1344      5F647730 
 1345              	.LASF26:
 1346 112f 696F7373 		.ascii	"ioss_interrupt_vdd_IRQn\000"
 1346      5F696E74 
 1346      65727275 
 1346      70745F76 
 1346      64645F49 
 1347              	.LASF100:
 1348 1147 74637077 		.ascii	"tcpwm_0_interrupts_0_IRQn\000"
 1348      6D5F305F 
 1348      696E7465 
 1348      72727570 
 1348      74735F30 
 1349              	.LASF33:
 1350 1161 70617373 		.ascii	"pass_interrupt_ctbs_IRQn\000"
 1350      5F696E74 
 1350      65727275 
 1350      70745F63 
 1350      7462735F 
 1351              	.LASF86:
 1352 117a 63707573 		.ascii	"cpuss_interrupts_dw1_10_IRQn\000"
 1352      735F696E 
 1352      74657272 
ARM GAS  C:\Users\salaz\AppData\Local\Temp\ccQjYrAL.s 			page 37


 1352      75707473 
 1352      5F647731 
 1353              	.LASF31:
 1354 1197 73727373 		.ascii	"srss_interrupt_backup_IRQn\000"
 1354      5F696E74 
 1354      65727275 
 1354      70745F62 
 1354      61636B75 
 1355              	.LASF45:
 1356 11b2 63707573 		.ascii	"cpuss_interrupts_ipc_10_IRQn\000"
 1356      735F696E 
 1356      74657272 
 1356      75707473 
 1356      5F697063 
 1357              	.LASF82:
 1358 11cf 63707573 		.ascii	"cpuss_interrupts_dw1_6_IRQn\000"
 1358      735F696E 
 1358      74657272 
 1358      75707473 
 1358      5F647731 
 1359              	.LASF67:
 1360 11eb 63707573 		.ascii	"cpuss_interrupts_dw0_7_IRQn\000"
 1360      735F696E 
 1360      74657272 
 1360      75707473 
 1360      5F647730 
 1361              	.LASF178:
 1362 1207 696E7472 		.ascii	"intrPriority\000"
 1362      5072696F 
 1362      72697479 
 1362      00
 1363              	.LASF112:
 1364 1214 74637077 		.ascii	"tcpwm_1_interrupts_4_IRQn\000"
 1364      6D5F315F 
 1364      696E7465 
 1364      72727570 
 1364      74735F34 
 1365              	.LASF96:
 1366 122e 63707573 		.ascii	"cpuss_interrupts_cm0_cti_0_IRQn\000"
 1366      735F696E 
 1366      74657272 
 1366      75707473 
 1366      5F636D30 
 1367              	.LASF18:
 1368 124e 696F7373 		.ascii	"ioss_interrupts_gpio_8_IRQn\000"
 1368      5F696E74 
 1368      65727275 
 1368      7074735F 
 1368      6770696F 
 1369              	.LASF44:
 1370 126a 63707573 		.ascii	"cpuss_interrupts_ipc_9_IRQn\000"
 1370      735F696E 
 1370      74657272 
 1370      75707473 
 1370      5F697063 
 1371              	.LASF137:
 1372 1286 7564625F 		.ascii	"udb_interrupts_5_IRQn\000"
ARM GAS  C:\Users\salaz\AppData\Local\Temp\ccQjYrAL.s 			page 38


 1372      696E7465 
 1372      72727570 
 1372      74735F35 
 1372      5F495251 
 1373              	.LASF48:
 1374 129c 63707573 		.ascii	"cpuss_interrupts_ipc_13_IRQn\000"
 1374      735F696E 
 1374      74657272 
 1374      75707473 
 1374      5F697063 
 1375              		.ident	"GCC: (GNU Tools for ARM Embedded Processors) 5.4.1 20160609 (release) [ARM/embedded-5-bran
