ARM GAS  C:\Users\salaz\AppData\Local\Temp\ccFNPKom.s 			page 1


   1              		.syntax unified
   2              		.cpu cortex-m0plus
   3              		.fpu softvfp
   4              		.eabi_attribute 20, 1
   5              		.eabi_attribute 21, 1
   6              		.eabi_attribute 23, 3
   7              		.eabi_attribute 24, 1
   8              		.eabi_attribute 25, 1
   9              		.eabi_attribute 26, 1
  10              		.eabi_attribute 30, 1
  11              		.eabi_attribute 34, 0
  12              		.eabi_attribute 18, 4
  13              		.thumb
  14              		.syntax unified
  15              		.file	"cy_ble_pass.c"
  16              		.text
  17              	.Ltext0:
  18              		.cfi_sections	.debug_frame
  19              	.Letext0:
  20              		.file 1 "c:\\program files (x86)\\cypress\\psoc creator\\4.2\\psoc creator\\import\\gnu\\arm\\5.4.
  21              		.file 2 "c:\\program files (x86)\\cypress\\psoc creator\\4.2\\psoc creator\\import\\gnu\\arm\\5.4.
  22              		.file 3 "Generated_Source\\PSoC6\\pdl\\middleware\\ble\\cy_ble_stack_host_main.h"
  23              		.file 4 "Generated_Source\\PSoC6\\pdl\\middleware\\ble\\cy_ble_gap.h"
  24              		.section	.debug_info,"",%progbits
  25              	.Ldebug_info0:
  26 0000 98010000 		.4byte	0x198
  27 0004 0400     		.2byte	0x4
  28 0006 00000000 		.4byte	.Ldebug_abbrev0
  29 000a 04       		.byte	0x4
  30 000b 01       		.uleb128 0x1
  31 000c 26030000 		.4byte	.LASF38
  32 0010 0C       		.byte	0xc
  33 0011 70000000 		.4byte	.LASF39
  34 0015 49020000 		.4byte	.LASF40
  35 0019 00000000 		.4byte	.Ldebug_line0
  36 001d 02       		.uleb128 0x2
  37 001e 04       		.byte	0x4
  38 001f 05       		.byte	0x5
  39 0020 696E7400 		.ascii	"int\000"
  40 0024 03       		.uleb128 0x3
  41 0025 04       		.byte	0x4
  42 0026 07       		.byte	0x7
  43 0027 B8010000 		.4byte	.LASF0
  44 002b 03       		.uleb128 0x3
  45 002c 08       		.byte	0x8
  46 002d 05       		.byte	0x5
  47 002e 87020000 		.4byte	.LASF1
  48 0032 03       		.uleb128 0x3
  49 0033 08       		.byte	0x8
  50 0034 04       		.byte	0x4
  51 0035 1A030000 		.4byte	.LASF2
  52 0039 03       		.uleb128 0x3
  53 003a 01       		.byte	0x1
  54 003b 06       		.byte	0x6
  55 003c B8030000 		.4byte	.LASF3
  56 0040 04       		.uleb128 0x4
  57 0041 00000000 		.4byte	.LASF12
ARM GAS  C:\Users\salaz\AppData\Local\Temp\ccFNPKom.s 			page 2


  58 0045 01       		.byte	0x1
  59 0046 1D       		.byte	0x1d
  60 0047 4B000000 		.4byte	0x4b
  61 004b 03       		.uleb128 0x3
  62 004c 01       		.byte	0x1
  63 004d 08       		.byte	0x8
  64 004e 28010000 		.4byte	.LASF4
  65 0052 03       		.uleb128 0x3
  66 0053 02       		.byte	0x2
  67 0054 05       		.byte	0x5
  68 0055 B9020000 		.4byte	.LASF5
  69 0059 03       		.uleb128 0x3
  70 005a 02       		.byte	0x2
  71 005b 07       		.byte	0x7
  72 005c 48010000 		.4byte	.LASF6
  73 0060 03       		.uleb128 0x3
  74 0061 04       		.byte	0x4
  75 0062 05       		.byte	0x5
  76 0063 11030000 		.4byte	.LASF7
  77 0067 03       		.uleb128 0x3
  78 0068 04       		.byte	0x4
  79 0069 07       		.byte	0x7
  80 006a 36010000 		.4byte	.LASF8
  81 006e 03       		.uleb128 0x3
  82 006f 08       		.byte	0x8
  83 0070 07       		.byte	0x7
  84 0071 E9010000 		.4byte	.LASF9
  85 0075 03       		.uleb128 0x3
  86 0076 04       		.byte	0x4
  87 0077 07       		.byte	0x7
  88 0078 7E020000 		.4byte	.LASF10
  89 007c 03       		.uleb128 0x3
  90 007d 01       		.byte	0x1
  91 007e 08       		.byte	0x8
  92 007f 95020000 		.4byte	.LASF11
  93 0083 04       		.uleb128 0x4
  94 0084 BA000000 		.4byte	.LASF13
  95 0088 02       		.byte	0x2
  96 0089 18       		.byte	0x18
  97 008a 40000000 		.4byte	0x40
  98 008e 03       		.uleb128 0x3
  99 008f 04       		.byte	0x4
 100 0090 04       		.byte	0x4
 101 0091 02010000 		.4byte	.LASF14
 102 0095 03       		.uleb128 0x3
 103 0096 08       		.byte	0x8
 104 0097 04       		.byte	0x4
 105 0098 B1010000 		.4byte	.LASF15
 106 009c 05       		.uleb128 0x5
 107 009d 02       		.byte	0x2
 108 009e 03       		.byte	0x3
 109 009f 5B01     		.2byte	0x15b
 110 00a1 C0000000 		.4byte	0xc0
 111 00a5 06       		.uleb128 0x6
 112 00a6 23000000 		.4byte	.LASF16
 113 00aa 03       		.byte	0x3
 114 00ab 6501     		.2byte	0x165
ARM GAS  C:\Users\salaz\AppData\Local\Temp\ccFNPKom.s 			page 3


 115 00ad 83000000 		.4byte	0x83
 116 00b1 00       		.byte	0
 117 00b2 06       		.uleb128 0x6
 118 00b3 78020000 		.4byte	.LASF17
 119 00b7 03       		.byte	0x3
 120 00b8 6901     		.2byte	0x169
 121 00ba 83000000 		.4byte	0x83
 122 00be 01       		.byte	0x1
 123 00bf 00       		.byte	0
 124 00c0 07       		.uleb128 0x7
 125 00c1 57000000 		.4byte	.LASF18
 126 00c5 03       		.byte	0x3
 127 00c6 6B01     		.2byte	0x16b
 128 00c8 9C000000 		.4byte	0x9c
 129 00cc 08       		.uleb128 0x8
 130 00cd 01       		.byte	0x1
 131 00ce 4B000000 		.4byte	0x4b
 132 00d2 04       		.byte	0x4
 133 00d3 7E       		.byte	0x7e
 134 00d4 F1000000 		.4byte	0xf1
 135 00d8 09       		.uleb128 0x9
 136 00d9 0A000000 		.4byte	.LASF19
 137 00dd 00       		.byte	0
 138 00de 09       		.uleb128 0x9
 139 00df 2A020000 		.4byte	.LASF20
 140 00e3 01       		.byte	0x1
 141 00e4 09       		.uleb128 0x9
 142 00e5 C3020000 		.4byte	.LASF21
 143 00e9 02       		.byte	0x2
 144 00ea 09       		.uleb128 0x9
 145 00eb 08010000 		.4byte	.LASF22
 146 00ef 03       		.byte	0x3
 147 00f0 00       		.byte	0
 148 00f1 04       		.uleb128 0x4
 149 00f2 EC000000 		.4byte	.LASF23
 150 00f6 04       		.byte	0x4
 151 00f7 83       		.byte	0x83
 152 00f8 CC000000 		.4byte	0xcc
 153 00fc 08       		.uleb128 0x8
 154 00fd 01       		.byte	0x1
 155 00fe 4B000000 		.4byte	0x4b
 156 0102 04       		.byte	0x4
 157 0103 87       		.byte	0x87
 158 0104 39010000 		.4byte	0x139
 159 0108 09       		.uleb128 0x9
 160 0109 9A020000 		.4byte	.LASF24
 161 010d 00       		.byte	0
 162 010e 09       		.uleb128 0x9
 163 010f E0020000 		.4byte	.LASF25
 164 0113 01       		.byte	0x1
 165 0114 09       		.uleb128 0x9
 166 0115 95010000 		.4byte	.LASF26
 167 0119 02       		.byte	0x2
 168 011a 09       		.uleb128 0x9
 169 011b C2000000 		.4byte	.LASF27
 170 011f 03       		.byte	0x3
 171 0120 09       		.uleb128 0x9
ARM GAS  C:\Users\salaz\AppData\Local\Temp\ccFNPKom.s 			page 4


 172 0121 00020000 		.4byte	.LASF28
 173 0125 04       		.byte	0x4
 174 0126 09       		.uleb128 0x9
 175 0127 5B010000 		.4byte	.LASF29
 176 012b 05       		.byte	0x5
 177 012c 09       		.uleb128 0x9
 178 012d 2C000000 		.4byte	.LASF30
 179 0131 06       		.byte	0x6
 180 0132 09       		.uleb128 0x9
 181 0133 C5010000 		.4byte	.LASF31
 182 0137 07       		.byte	0x7
 183 0138 00       		.byte	0
 184 0139 04       		.uleb128 0x4
 185 013a F4030000 		.4byte	.LASF32
 186 013e 04       		.byte	0x4
 187 013f 90       		.byte	0x90
 188 0140 FC000000 		.4byte	0xfc
 189 0144 03       		.uleb128 0x3
 190 0145 01       		.byte	0x1
 191 0146 02       		.byte	0x2
 192 0147 C4030000 		.4byte	.LASF33
 193 014b 0A       		.uleb128 0xa
 194 014c 85010000 		.4byte	.LASF34
 195 0150 04       		.byte	0x4
 196 0151 2202     		.2byte	0x222
 197 0153 F1000000 		.4byte	0xf1
 198 0157 0B       		.uleb128 0xb
 199 0158 C0000000 		.4byte	0xc0
 200 015c 67010000 		.4byte	0x167
 201 0160 0C       		.uleb128 0xc
 202 0161 75000000 		.4byte	0x75
 203 0165 00       		.byte	0
 204 0166 00       		.byte	0
 205 0167 0A       		.uleb128 0xa
 206 0168 A8000000 		.4byte	.LASF35
 207 016c 04       		.byte	0x4
 208 016d 2C02     		.2byte	0x22c
 209 016f 57010000 		.4byte	0x157
 210 0173 0B       		.uleb128 0xb
 211 0174 39010000 		.4byte	0x139
 212 0178 83010000 		.4byte	0x183
 213 017c 0C       		.uleb128 0xc
 214 017d 75000000 		.4byte	0x75
 215 0181 00       		.byte	0
 216 0182 00       		.byte	0
 217 0183 0A       		.uleb128 0xa
 218 0184 CA030000 		.4byte	.LASF36
 219 0188 04       		.byte	0x4
 220 0189 2D02     		.2byte	0x22d
 221 018b 73010000 		.4byte	0x173
 222 018f 0A       		.uleb128 0xa
 223 0190 DB030000 		.4byte	.LASF37
 224 0194 04       		.byte	0x4
 225 0195 5202     		.2byte	0x252
 226 0197 83000000 		.4byte	0x83
 227 019b 00       		.byte	0
 228              		.section	.debug_abbrev,"",%progbits
ARM GAS  C:\Users\salaz\AppData\Local\Temp\ccFNPKom.s 			page 5


 229              	.Ldebug_abbrev0:
 230 0000 01       		.uleb128 0x1
 231 0001 11       		.uleb128 0x11
 232 0002 01       		.byte	0x1
 233 0003 25       		.uleb128 0x25
 234 0004 0E       		.uleb128 0xe
 235 0005 13       		.uleb128 0x13
 236 0006 0B       		.uleb128 0xb
 237 0007 03       		.uleb128 0x3
 238 0008 0E       		.uleb128 0xe
 239 0009 1B       		.uleb128 0x1b
 240 000a 0E       		.uleb128 0xe
 241 000b 10       		.uleb128 0x10
 242 000c 17       		.uleb128 0x17
 243 000d 00       		.byte	0
 244 000e 00       		.byte	0
 245 000f 02       		.uleb128 0x2
 246 0010 24       		.uleb128 0x24
 247 0011 00       		.byte	0
 248 0012 0B       		.uleb128 0xb
 249 0013 0B       		.uleb128 0xb
 250 0014 3E       		.uleb128 0x3e
 251 0015 0B       		.uleb128 0xb
 252 0016 03       		.uleb128 0x3
 253 0017 08       		.uleb128 0x8
 254 0018 00       		.byte	0
 255 0019 00       		.byte	0
 256 001a 03       		.uleb128 0x3
 257 001b 24       		.uleb128 0x24
 258 001c 00       		.byte	0
 259 001d 0B       		.uleb128 0xb
 260 001e 0B       		.uleb128 0xb
 261 001f 3E       		.uleb128 0x3e
 262 0020 0B       		.uleb128 0xb
 263 0021 03       		.uleb128 0x3
 264 0022 0E       		.uleb128 0xe
 265 0023 00       		.byte	0
 266 0024 00       		.byte	0
 267 0025 04       		.uleb128 0x4
 268 0026 16       		.uleb128 0x16
 269 0027 00       		.byte	0
 270 0028 03       		.uleb128 0x3
 271 0029 0E       		.uleb128 0xe
 272 002a 3A       		.uleb128 0x3a
 273 002b 0B       		.uleb128 0xb
 274 002c 3B       		.uleb128 0x3b
 275 002d 0B       		.uleb128 0xb
 276 002e 49       		.uleb128 0x49
 277 002f 13       		.uleb128 0x13
 278 0030 00       		.byte	0
 279 0031 00       		.byte	0
 280 0032 05       		.uleb128 0x5
 281 0033 13       		.uleb128 0x13
 282 0034 01       		.byte	0x1
 283 0035 0B       		.uleb128 0xb
 284 0036 0B       		.uleb128 0xb
 285 0037 3A       		.uleb128 0x3a
ARM GAS  C:\Users\salaz\AppData\Local\Temp\ccFNPKom.s 			page 6


 286 0038 0B       		.uleb128 0xb
 287 0039 3B       		.uleb128 0x3b
 288 003a 05       		.uleb128 0x5
 289 003b 01       		.uleb128 0x1
 290 003c 13       		.uleb128 0x13
 291 003d 00       		.byte	0
 292 003e 00       		.byte	0
 293 003f 06       		.uleb128 0x6
 294 0040 0D       		.uleb128 0xd
 295 0041 00       		.byte	0
 296 0042 03       		.uleb128 0x3
 297 0043 0E       		.uleb128 0xe
 298 0044 3A       		.uleb128 0x3a
 299 0045 0B       		.uleb128 0xb
 300 0046 3B       		.uleb128 0x3b
 301 0047 05       		.uleb128 0x5
 302 0048 49       		.uleb128 0x49
 303 0049 13       		.uleb128 0x13
 304 004a 38       		.uleb128 0x38
 305 004b 0B       		.uleb128 0xb
 306 004c 00       		.byte	0
 307 004d 00       		.byte	0
 308 004e 07       		.uleb128 0x7
 309 004f 16       		.uleb128 0x16
 310 0050 00       		.byte	0
 311 0051 03       		.uleb128 0x3
 312 0052 0E       		.uleb128 0xe
 313 0053 3A       		.uleb128 0x3a
 314 0054 0B       		.uleb128 0xb
 315 0055 3B       		.uleb128 0x3b
 316 0056 05       		.uleb128 0x5
 317 0057 49       		.uleb128 0x49
 318 0058 13       		.uleb128 0x13
 319 0059 00       		.byte	0
 320 005a 00       		.byte	0
 321 005b 08       		.uleb128 0x8
 322 005c 04       		.uleb128 0x4
 323 005d 01       		.byte	0x1
 324 005e 0B       		.uleb128 0xb
 325 005f 0B       		.uleb128 0xb
 326 0060 49       		.uleb128 0x49
 327 0061 13       		.uleb128 0x13
 328 0062 3A       		.uleb128 0x3a
 329 0063 0B       		.uleb128 0xb
 330 0064 3B       		.uleb128 0x3b
 331 0065 0B       		.uleb128 0xb
 332 0066 01       		.uleb128 0x1
 333 0067 13       		.uleb128 0x13
 334 0068 00       		.byte	0
 335 0069 00       		.byte	0
 336 006a 09       		.uleb128 0x9
 337 006b 28       		.uleb128 0x28
 338 006c 00       		.byte	0
 339 006d 03       		.uleb128 0x3
 340 006e 0E       		.uleb128 0xe
 341 006f 1C       		.uleb128 0x1c
 342 0070 0B       		.uleb128 0xb
ARM GAS  C:\Users\salaz\AppData\Local\Temp\ccFNPKom.s 			page 7


 343 0071 00       		.byte	0
 344 0072 00       		.byte	0
 345 0073 0A       		.uleb128 0xa
 346 0074 34       		.uleb128 0x34
 347 0075 00       		.byte	0
 348 0076 03       		.uleb128 0x3
 349 0077 0E       		.uleb128 0xe
 350 0078 3A       		.uleb128 0x3a
 351 0079 0B       		.uleb128 0xb
 352 007a 3B       		.uleb128 0x3b
 353 007b 05       		.uleb128 0x5
 354 007c 49       		.uleb128 0x49
 355 007d 13       		.uleb128 0x13
 356 007e 3F       		.uleb128 0x3f
 357 007f 19       		.uleb128 0x19
 358 0080 3C       		.uleb128 0x3c
 359 0081 19       		.uleb128 0x19
 360 0082 00       		.byte	0
 361 0083 00       		.byte	0
 362 0084 0B       		.uleb128 0xb
 363 0085 01       		.uleb128 0x1
 364 0086 01       		.byte	0x1
 365 0087 49       		.uleb128 0x49
 366 0088 13       		.uleb128 0x13
 367 0089 01       		.uleb128 0x1
 368 008a 13       		.uleb128 0x13
 369 008b 00       		.byte	0
 370 008c 00       		.byte	0
 371 008d 0C       		.uleb128 0xc
 372 008e 21       		.uleb128 0x21
 373 008f 00       		.byte	0
 374 0090 49       		.uleb128 0x49
 375 0091 13       		.uleb128 0x13
 376 0092 2F       		.uleb128 0x2f
 377 0093 0B       		.uleb128 0xb
 378 0094 00       		.byte	0
 379 0095 00       		.byte	0
 380 0096 00       		.byte	0
 381              		.section	.debug_aranges,"",%progbits
 382 0000 14000000 		.4byte	0x14
 383 0004 0200     		.2byte	0x2
 384 0006 00000000 		.4byte	.Ldebug_info0
 385 000a 04       		.byte	0x4
 386 000b 00       		.byte	0
 387 000c 0000     		.2byte	0
 388 000e 0000     		.2byte	0
 389 0010 00000000 		.4byte	0
 390 0014 00000000 		.4byte	0
 391              		.section	.debug_line,"",%progbits
 392              	.Ldebug_line0:
 393 0000 6C010000 		.section	.debug_str,"MS",%progbits,1
 393      02006601 
 393      00000201 
 393      FB0E0D00 
 393      01010101 
 394              	.LASF12:
 395 0000 5F5F7569 		.ascii	"__uint8_t\000"
ARM GAS  C:\Users\salaz\AppData\Local\Temp\ccFNPKom.s 			page 8


 395      6E74385F 
 395      7400
 396              	.LASF19:
 397 000a 43595F42 		.ascii	"CY_BLE_ADV_STATE_STOPPED\000"
 397      4C455F41 
 397      44565F53 
 397      54415445 
 397      5F53544F 
 398              	.LASF16:
 399 0023 62644861 		.ascii	"bdHandle\000"
 399      6E646C65 
 399      00
 400              	.LASF30:
 401 002c 43595F42 		.ascii	"CY_BLE_CONN_STATE_CLIENT_DESCR_DISCOVERING\000"
 401      4C455F43 
 401      4F4E4E5F 
 401      53544154 
 401      455F434C 
 402              	.LASF18:
 403 0057 63795F73 		.ascii	"cy_stc_ble_conn_handle_t\000"
 403      74635F62 
 403      6C655F63 
 403      6F6E6E5F 
 403      68616E64 
 404              	.LASF39:
 405 0070 47656E65 		.ascii	"Generated_Source\\PSoC6\\pdl\\middleware\\ble\\cy_b"
 405      72617465 
 405      645F536F 
 405      75726365 
 405      5C50536F 
 406 009e 6C655F70 		.ascii	"le_pass.c\000"
 406      6173732E 
 406      6300
 407              	.LASF35:
 408 00a8 63795F62 		.ascii	"cy_ble_connHandle\000"
 408      6C655F63 
 408      6F6E6E48 
 408      616E646C 
 408      6500
 409              	.LASF13:
 410 00ba 75696E74 		.ascii	"uint8_t\000"
 410      385F7400 
 411              	.LASF27:
 412 00c2 43595F42 		.ascii	"CY_BLE_CONN_STATE_CLIENT_SRVC_DISCOVERING\000"
 412      4C455F43 
 412      4F4E4E5F 
 412      53544154 
 412      455F434C 
 413              	.LASF23:
 414 00ec 63795F65 		.ascii	"cy_en_ble_adv_state_t\000"
 414      6E5F626C 
 414      655F6164 
 414      765F7374 
 414      6174655F 
 415              	.LASF14:
 416 0102 666C6F61 		.ascii	"float\000"
 416      7400
ARM GAS  C:\Users\salaz\AppData\Local\Temp\ccFNPKom.s 			page 9


 417              	.LASF22:
 418 0108 43595F42 		.ascii	"CY_BLE_ADV_STATE_STOP_INITIATED\000"
 418      4C455F41 
 418      44565F53 
 418      54415445 
 418      5F53544F 
 419              	.LASF4:
 420 0128 756E7369 		.ascii	"unsigned char\000"
 420      676E6564 
 420      20636861 
 420      7200
 421              	.LASF8:
 422 0136 6C6F6E67 		.ascii	"long unsigned int\000"
 422      20756E73 
 422      69676E65 
 422      6420696E 
 422      7400
 423              	.LASF6:
 424 0148 73686F72 		.ascii	"short unsigned int\000"
 424      7420756E 
 424      7369676E 
 424      65642069 
 424      6E7400
 425              	.LASF29:
 426 015b 43595F42 		.ascii	"CY_BLE_CONN_STATE_CLIENT_CHAR_DISCOVERING\000"
 426      4C455F43 
 426      4F4E4E5F 
 426      53544154 
 426      455F434C 
 427              	.LASF34:
 428 0185 63795F62 		.ascii	"cy_ble_advState\000"
 428      6C655F61 
 428      64765374 
 428      61746500 
 429              	.LASF26:
 430 0195 43595F42 		.ascii	"CY_BLE_CONN_STATE_CONNECTED\000"
 430      4C455F43 
 430      4F4E4E5F 
 430      53544154 
 430      455F434F 
 431              	.LASF15:
 432 01b1 646F7562 		.ascii	"double\000"
 432      6C6500
 433              	.LASF0:
 434 01b8 756E7369 		.ascii	"unsigned int\000"
 434      676E6564 
 434      20696E74 
 434      00
 435              	.LASF31:
 436 01c5 43595F42 		.ascii	"CY_BLE_CONN_STATE_CLIENT_DISCOVERED\000"
 436      4C455F43 
 436      4F4E4E5F 
 436      53544154 
 436      455F434C 
 437              	.LASF9:
 438 01e9 6C6F6E67 		.ascii	"long long unsigned int\000"
 438      206C6F6E 
ARM GAS  C:\Users\salaz\AppData\Local\Temp\ccFNPKom.s 			page 10


 438      6720756E 
 438      7369676E 
 438      65642069 
 439              	.LASF28:
 440 0200 43595F42 		.ascii	"CY_BLE_CONN_STATE_CLIENT_INCL_DISCOVERING\000"
 440      4C455F43 
 440      4F4E4E5F 
 440      53544154 
 440      455F434C 
 441              	.LASF20:
 442 022a 43595F42 		.ascii	"CY_BLE_ADV_STATE_ADV_INITIATED\000"
 442      4C455F41 
 442      44565F53 
 442      54415445 
 442      5F414456 
 443              	.LASF40:
 444 0249 433A5C55 		.ascii	"C:\\Users\\salaz\\Desktop\\SmartHandle\\James.cydsn"
 444      73657273 
 444      5C73616C 
 444      617A5C44 
 444      65736B74 
 445 0277 00       		.ascii	"\000"
 446              	.LASF17:
 447 0278 61747449 		.ascii	"attId\000"
 447      6400
 448              	.LASF10:
 449 027e 73697A65 		.ascii	"sizetype\000"
 449      74797065 
 449      00
 450              	.LASF1:
 451 0287 6C6F6E67 		.ascii	"long long int\000"
 451      206C6F6E 
 451      6720696E 
 451      7400
 452              	.LASF11:
 453 0295 63686172 		.ascii	"char\000"
 453      00
 454              	.LASF24:
 455 029a 43595F42 		.ascii	"CY_BLE_CONN_STATE_DISCONNECTED\000"
 455      4C455F43 
 455      4F4E4E5F 
 455      53544154 
 455      455F4449 
 456              	.LASF5:
 457 02b9 73686F72 		.ascii	"short int\000"
 457      7420696E 
 457      7400
 458              	.LASF21:
 459 02c3 43595F42 		.ascii	"CY_BLE_ADV_STATE_ADVERTISING\000"
 459      4C455F41 
 459      44565F53 
 459      54415445 
 459      5F414456 
 460              	.LASF25:
 461 02e0 43595F42 		.ascii	"CY_BLE_CONN_STATE_CLIENT_DISCONNECTED_DISCOVERED\000"
 461      4C455F43 
 461      4F4E4E5F 
ARM GAS  C:\Users\salaz\AppData\Local\Temp\ccFNPKom.s 			page 11


 461      53544154 
 461      455F434C 
 462              	.LASF7:
 463 0311 6C6F6E67 		.ascii	"long int\000"
 463      20696E74 
 463      00
 464              	.LASF2:
 465 031a 6C6F6E67 		.ascii	"long double\000"
 465      20646F75 
 465      626C6500 
 466              	.LASF38:
 467 0326 474E5520 		.ascii	"GNU C11 5.4.1 20160609 (release) [ARM/embedded-5-br"
 467      43313120 
 467      352E342E 
 467      31203230 
 467      31363036 
 468 0359 616E6368 		.ascii	"anch revision 237715] -mcpu=cortex-m0plus -mthumb -"
 468      20726576 
 468      6973696F 
 468      6E203233 
 468      37373135 
 469 038c 67202D4F 		.ascii	"g -Og -ffunction-sections -ffat-lto-objects\000"
 469      67202D66 
 469      66756E63 
 469      74696F6E 
 469      2D736563 
 470              	.LASF3:
 471 03b8 7369676E 		.ascii	"signed char\000"
 471      65642063 
 471      68617200 
 472              	.LASF33:
 473 03c4 5F426F6F 		.ascii	"_Bool\000"
 473      6C00
 474              	.LASF36:
 475 03ca 63795F62 		.ascii	"cy_ble_connState\000"
 475      6C655F63 
 475      6F6E6E53 
 475      74617465 
 475      00
 476              	.LASF37:
 477 03db 63795F62 		.ascii	"cy_ble_pendingFlashWrite\000"
 477      6C655F70 
 477      656E6469 
 477      6E67466C 
 477      61736857 
 478              	.LASF32:
 479 03f4 63795F65 		.ascii	"cy_en_ble_conn_state_t\000"
 479      6E5F626C 
 479      655F636F 
 479      6E6E5F73 
 479      74617465 
 480              		.ident	"GCC: (GNU Tools for ARM Embedded Processors) 5.4.1 20160609 (release) [ARM/embedded-5-bran
