ARM GAS  C:\Users\fiona\AppData\Local\Temp\ccanFeaO.s 			page 1


   1              		.syntax unified
   2              		.cpu cortex-m0plus
   3              		.fpu softvfp
   4              		.eabi_attribute 20, 1
   5              		.eabi_attribute 21, 1
   6              		.eabi_attribute 23, 3
   7              		.eabi_attribute 24, 1
   8              		.eabi_attribute 25, 1
   9              		.eabi_attribute 26, 1
  10              		.eabi_attribute 30, 1
  11              		.eabi_attribute 34, 0
  12              		.eabi_attribute 18, 4
  13              		.thumb
  14              		.syntax unified
  15              		.file	"cyfitter_sysint_cfg.c"
  16              		.text
  17              	.Ltext0:
  18              		.cfi_sections	.debug_frame
  19              		.global	Shake_IRQ_cfg
  20              		.global	AppControl_IRQ_cfg
  21              		.global	MotorTimer_IRQ_cfg
  22              		.global	ChimeTimer_IRQ_cfg
  23              		.global	LightTimer_IRQ_cfg
  24              		.global	UART_DEBUG_SCB_IRQ_cfg
  25              		.global	SensorBus_SCB_IRQ_cfg
  26              		.global	Bluetooth_bless_isr_cfg
  27              		.global	WatchDog_IRQ_cfg
  28              		.global	Press1_IRQ_cfg
  29              		.section	.rodata
  30              		.align	2
  31              		.type	Shake_IRQ_cfg, %object
  32              		.size	Shake_IRQ_cfg, 8
  33              	Shake_IRQ_cfg:
  34 0000 0E00     		.short	14
  35 0002 7B       		.byte	123
  36 0003 00       		.space	1
  37 0004 03000000 		.word	3
  38              		.type	AppControl_IRQ_cfg, %object
  39              		.size	AppControl_IRQ_cfg, 8
  40              	AppControl_IRQ_cfg:
  41 0008 0900     		.short	9
  42 000a 7A       		.byte	122
  43 000b 00       		.space	1
  44 000c 03000000 		.word	3
  45              		.type	MotorTimer_IRQ_cfg, %object
  46              		.size	MotorTimer_IRQ_cfg, 8
  47              	MotorTimer_IRQ_cfg:
  48 0010 0C00     		.short	12
  49 0012 60       		.byte	96
  50 0013 00       		.space	1
  51 0014 03000000 		.word	3
  52              		.type	ChimeTimer_IRQ_cfg, %object
  53              		.size	ChimeTimer_IRQ_cfg, 8
  54              	ChimeTimer_IRQ_cfg:
  55 0018 0A00     		.short	10
  56 001a 5D       		.byte	93
  57 001b 00       		.space	1
ARM GAS  C:\Users\fiona\AppData\Local\Temp\ccanFeaO.s 			page 2


  58 001c 03000000 		.word	3
  59              		.type	LightTimer_IRQ_cfg, %object
  60              		.size	LightTimer_IRQ_cfg, 8
  61              	LightTimer_IRQ_cfg:
  62 0020 0B00     		.short	11
  63 0022 5C       		.byte	92
  64 0023 00       		.space	1
  65 0024 03000000 		.word	3
  66              		.type	UART_DEBUG_SCB_IRQ_cfg, %object
  67              		.size	UART_DEBUG_SCB_IRQ_cfg, 8
  68              	UART_DEBUG_SCB_IRQ_cfg:
  69 0028 0800     		.short	8
  70 002a 2B       		.byte	43
  71 002b 00       		.space	1
  72 002c 03000000 		.word	3
  73              		.type	SensorBus_SCB_IRQ_cfg, %object
  74              		.size	SensorBus_SCB_IRQ_cfg, 8
  75              	SensorBus_SCB_IRQ_cfg:
  76 0030 0D00     		.short	13
  77 0032 2A       		.byte	42
  78 0033 00       		.space	1
  79 0034 01000000 		.word	1
  80              		.type	Bluetooth_bless_isr_cfg, %object
  81              		.size	Bluetooth_bless_isr_cfg, 8
  82              	Bluetooth_bless_isr_cfg:
  83 0038 0400     		.short	4
  84 003a 18       		.byte	24
  85 003b 00       		.space	1
  86 003c 01000000 		.word	1
  87              		.type	WatchDog_IRQ_cfg, %object
  88              		.size	WatchDog_IRQ_cfg, 8
  89              	WatchDog_IRQ_cfg:
  90 0040 0500     		.short	5
  91 0042 13       		.byte	19
  92 0043 00       		.space	1
  93 0044 03000000 		.word	3
  94              		.type	Press1_IRQ_cfg, %object
  95              		.size	Press1_IRQ_cfg, 8
  96              	Press1_IRQ_cfg:
  97 0048 0300     		.short	3
  98 004a 07       		.byte	7
  99 004b 00       		.space	1
 100 004c 03000000 		.word	3
 101              		.text
 102              	.Letext0:
 103              		.file 1 "Generated_Source\\PSoC6\\pdl\\devices/psoc6/psoc63/include/cyble_416045_02.h"
 104              		.file 2 "c:\\program files (x86)\\cypress\\psoc creator\\4.2\\psoc creator\\import\\gnu\\arm\\5.4.
 105              		.file 3 "c:\\program files (x86)\\cypress\\psoc creator\\4.2\\psoc creator\\import\\gnu\\arm\\5.4.
 106              		.file 4 "Generated_Source\\PSoC6\\pdl\\drivers/peripheral/sysint/cy_sysint.h"
 107              		.file 5 "Generated_Source\\PSoC6\\cyfitter_sysint_cfg.c"
 108              		.section	.debug_info,"",%progbits
 109              	.Ldebug_info0:
 110 0000 13060000 		.4byte	0x613
 111 0004 0400     		.2byte	0x4
 112 0006 00000000 		.4byte	.Ldebug_abbrev0
 113 000a 04       		.byte	0x4
 114 000b 01       		.uleb128 0x1
ARM GAS  C:\Users\fiona\AppData\Local\Temp\ccanFeaO.s 			page 3


 115 000c 380E0000 		.4byte	.LASF219
 116 0010 0C       		.byte	0xc
 117 0011 050F0000 		.4byte	.LASF220
 118 0015 A0010000 		.4byte	.LASF221
 119 0019 00000000 		.4byte	.Ldebug_line0
 120 001d 02       		.uleb128 0x2
 121 001e 02       		.byte	0x2
 122 001f 14010000 		.4byte	0x114
 123 0023 01       		.byte	0x1
 124 0024 24       		.byte	0x24
 125 0025 14010000 		.4byte	0x114
 126 0029 03       		.uleb128 0x3
 127 002a B7020000 		.4byte	.LASF0
 128 002e 71       		.sleb128 -15
 129 002f 03       		.uleb128 0x3
 130 0030 C90F0000 		.4byte	.LASF1
 131 0034 72       		.sleb128 -14
 132 0035 03       		.uleb128 0x3
 133 0036 74100000 		.4byte	.LASF2
 134 003a 73       		.sleb128 -13
 135 003b 03       		.uleb128 0x3
 136 003c 8C090000 		.4byte	.LASF3
 137 0040 7B       		.sleb128 -5
 138 0041 03       		.uleb128 0x3
 139 0042 830F0000 		.4byte	.LASF4
 140 0046 7E       		.sleb128 -2
 141 0047 03       		.uleb128 0x3
 142 0048 81080000 		.4byte	.LASF5
 143 004c 7F       		.sleb128 -1
 144 004d 04       		.uleb128 0x4
 145 004e 54090000 		.4byte	.LASF6
 146 0052 00       		.byte	0
 147 0053 04       		.uleb128 0x4
 148 0054 59120000 		.4byte	.LASF7
 149 0058 01       		.byte	0x1
 150 0059 04       		.uleb128 0x4
 151 005a E9000000 		.4byte	.LASF8
 152 005e 02       		.byte	0x2
 153 005f 04       		.uleb128 0x4
 154 0060 60030000 		.4byte	.LASF9
 155 0064 03       		.byte	0x3
 156 0065 04       		.uleb128 0x4
 157 0066 7E050000 		.4byte	.LASF10
 158 006a 04       		.byte	0x4
 159 006b 04       		.uleb128 0x4
 160 006c 8D0D0000 		.4byte	.LASF11
 161 0070 05       		.byte	0x5
 162 0071 04       		.uleb128 0x4
 163 0072 AD100000 		.4byte	.LASF12
 164 0076 06       		.byte	0x6
 165 0077 04       		.uleb128 0x4
 166 0078 1D0D0000 		.4byte	.LASF13
 167 007c 07       		.byte	0x7
 168 007d 04       		.uleb128 0x4
 169 007e 4D070000 		.4byte	.LASF14
 170 0082 08       		.byte	0x8
 171 0083 04       		.uleb128 0x4
ARM GAS  C:\Users\fiona\AppData\Local\Temp\ccanFeaO.s 			page 4


 172 0084 7E090000 		.4byte	.LASF15
 173 0088 09       		.byte	0x9
 174 0089 04       		.uleb128 0x4
 175 008a 23100000 		.4byte	.LASF16
 176 008e 0A       		.byte	0xa
 177 008f 04       		.uleb128 0x4
 178 0090 7F120000 		.4byte	.LASF17
 179 0094 0B       		.byte	0xb
 180 0095 04       		.uleb128 0x4
 181 0096 E0060000 		.4byte	.LASF18
 182 009a 0C       		.byte	0xc
 183 009b 04       		.uleb128 0x4
 184 009c D8080000 		.4byte	.LASF19
 185 00a0 0D       		.byte	0xd
 186 00a1 04       		.uleb128 0x4
 187 00a2 170B0000 		.4byte	.LASF20
 188 00a6 0E       		.byte	0xe
 189 00a7 04       		.uleb128 0x4
 190 00a8 7B000000 		.4byte	.LASF21
 191 00ac 0F       		.byte	0xf
 192 00ad 04       		.uleb128 0x4
 193 00ae 13030000 		.4byte	.LASF22
 194 00b2 10       		.byte	0x10
 195 00b3 04       		.uleb128 0x4
 196 00b4 35050000 		.4byte	.LASF23
 197 00b8 11       		.byte	0x11
 198 00b9 04       		.uleb128 0x4
 199 00ba 2B0D0000 		.4byte	.LASF24
 200 00be 12       		.byte	0x12
 201 00bf 04       		.uleb128 0x4
 202 00c0 32100000 		.4byte	.LASF25
 203 00c4 13       		.byte	0x13
 204 00c5 04       		.uleb128 0x4
 205 00c6 40060000 		.4byte	.LASF26
 206 00ca 14       		.byte	0x14
 207 00cb 04       		.uleb128 0x4
 208 00cc 5B080000 		.4byte	.LASF27
 209 00d0 15       		.byte	0x15
 210 00d1 04       		.uleb128 0x4
 211 00d2 7D110000 		.4byte	.LASF28
 212 00d6 16       		.byte	0x16
 213 00d7 04       		.uleb128 0x4
 214 00d8 00140000 		.4byte	.LASF29
 215 00dc 17       		.byte	0x17
 216 00dd 04       		.uleb128 0x4
 217 00de A8020000 		.4byte	.LASF30
 218 00e2 18       		.byte	0x18
 219 00e3 04       		.uleb128 0x4
 220 00e4 2D0A0000 		.4byte	.LASF31
 221 00e8 19       		.byte	0x19
 222 00e9 04       		.uleb128 0x4
 223 00ea 09070000 		.4byte	.LASF32
 224 00ee 1A       		.byte	0x1a
 225 00ef 04       		.uleb128 0x4
 226 00f0 BA0F0000 		.4byte	.LASF33
 227 00f4 1B       		.byte	0x1b
 228 00f5 04       		.uleb128 0x4
ARM GAS  C:\Users\fiona\AppData\Local\Temp\ccanFeaO.s 			page 5


 229 00f6 32040000 		.4byte	.LASF34
 230 00fa 1C       		.byte	0x1c
 231 00fb 04       		.uleb128 0x4
 232 00fc 4F060000 		.4byte	.LASF35
 233 0100 1D       		.byte	0x1d
 234 0101 04       		.uleb128 0x4
 235 0102 CE100000 		.4byte	.LASF36
 236 0106 1E       		.byte	0x1e
 237 0107 04       		.uleb128 0x4
 238 0108 26050000 		.4byte	.LASF37
 239 010c 1F       		.byte	0x1f
 240 010d 04       		.uleb128 0x4
 241 010e 7C0C0000 		.4byte	.LASF38
 242 0112 F0       		.byte	0xf0
 243 0113 00       		.byte	0
 244 0114 05       		.uleb128 0x5
 245 0115 02       		.byte	0x2
 246 0116 05       		.byte	0x5
 247 0117 8D0C0000 		.4byte	.LASF187
 248 011b 06       		.uleb128 0x6
 249 011c 9B0D0000 		.4byte	.LASF189
 250 0120 01       		.byte	0x1
 251 0121 F4       		.byte	0xf4
 252 0122 1D000000 		.4byte	0x1d
 253 0126 02       		.uleb128 0x2
 254 0127 01       		.byte	0x1
 255 0128 AB040000 		.4byte	0x4ab
 256 012c 01       		.byte	0x1
 257 012d FD       		.byte	0xfd
 258 012e AB040000 		.4byte	0x4ab
 259 0132 04       		.uleb128 0x4
 260 0133 00000000 		.4byte	.LASF39
 261 0137 00       		.byte	0
 262 0138 04       		.uleb128 0x4
 263 0139 58100000 		.4byte	.LASF40
 264 013d 01       		.byte	0x1
 265 013e 04       		.uleb128 0x4
 266 013f 4A000000 		.4byte	.LASF41
 267 0143 02       		.byte	0x2
 268 0144 04       		.uleb128 0x4
 269 0145 4F0F0000 		.4byte	.LASF42
 270 0149 03       		.byte	0x3
 271 014a 04       		.uleb128 0x4
 272 014b BC110000 		.4byte	.LASF43
 273 014f 04       		.byte	0x4
 274 0150 04       		.uleb128 0x4
 275 0151 D5050000 		.4byte	.LASF44
 276 0155 05       		.byte	0x5
 277 0156 04       		.uleb128 0x4
 278 0157 0C080000 		.4byte	.LASF45
 279 015b 06       		.byte	0x6
 280 015c 04       		.uleb128 0x4
 281 015d 6C0A0000 		.4byte	.LASF46
 282 0161 07       		.byte	0x7
 283 0162 04       		.uleb128 0x4
 284 0163 95130000 		.4byte	.LASF47
 285 0167 08       		.byte	0x8
ARM GAS  C:\Users\fiona\AppData\Local\Temp\ccanFeaO.s 			page 6


 286 0168 04       		.uleb128 0x4
 287 0169 50020000 		.4byte	.LASF48
 288 016d 09       		.byte	0x9
 289 016e 04       		.uleb128 0x4
 290 016f 490C0000 		.4byte	.LASF49
 291 0173 0A       		.byte	0xa
 292 0174 04       		.uleb128 0x4
 293 0175 FA0A0000 		.4byte	.LASF50
 294 0179 0B       		.byte	0xb
 295 017a 04       		.uleb128 0x4
 296 017b EC110000 		.4byte	.LASF51
 297 017f 0C       		.byte	0xc
 298 0180 04       		.uleb128 0x4
 299 0181 23060000 		.4byte	.LASF52
 300 0185 0D       		.byte	0xd
 301 0186 04       		.uleb128 0x4
 302 0187 3E080000 		.4byte	.LASF53
 303 018b 0E       		.byte	0xe
 304 018c 04       		.uleb128 0x4
 305 018d 80040000 		.4byte	.LASF54
 306 0191 0F       		.byte	0xf
 307 0192 04       		.uleb128 0x4
 308 0193 67120000 		.4byte	.LASF55
 309 0197 10       		.byte	0x10
 310 0198 04       		.uleb128 0x4
 311 0199 6E030000 		.4byte	.LASF56
 312 019d 11       		.byte	0x11
 313 019e 04       		.uleb128 0x4
 314 019f B8000000 		.4byte	.LASF57
 315 01a3 12       		.byte	0x12
 316 01a4 04       		.uleb128 0x4
 317 01a5 99040000 		.4byte	.LASF58
 318 01a9 13       		.byte	0x13
 319 01aa 04       		.uleb128 0x4
 320 01ab A8060000 		.4byte	.LASF59
 321 01af 14       		.byte	0x14
 322 01b0 04       		.uleb128 0x4
 323 01b1 DE120000 		.4byte	.LASF60
 324 01b5 15       		.byte	0x15
 325 01b6 04       		.uleb128 0x4
 326 01b7 A4000000 		.4byte	.LASF61
 327 01bb 16       		.byte	0x16
 328 01bc 04       		.uleb128 0x4
 329 01bd A8120000 		.4byte	.LASF62
 330 01c1 17       		.byte	0x17
 331 01c2 04       		.uleb128 0x4
 332 01c3 F7000000 		.4byte	.LASF63
 333 01c7 18       		.byte	0x18
 334 01c8 04       		.uleb128 0x4
 335 01c9 540D0000 		.4byte	.LASF64
 336 01cd 19       		.byte	0x19
 337 01ce 04       		.uleb128 0x4
 338 01cf 88070000 		.4byte	.LASF65
 339 01d3 1A       		.byte	0x1a
 340 01d4 04       		.uleb128 0x4
 341 01d5 DF090000 		.4byte	.LASF66
 342 01d9 1B       		.byte	0x1b
ARM GAS  C:\Users\fiona\AppData\Local\Temp\ccanFeaO.s 			page 7


 343 01da 04       		.uleb128 0x4
 344 01db 200C0000 		.4byte	.LASF67
 345 01df 1C       		.byte	0x1c
 346 01e0 04       		.uleb128 0x4
 347 01e1 51010000 		.4byte	.LASF68
 348 01e5 1D       		.byte	0x1d
 349 01e6 04       		.uleb128 0x4
 350 01e7 C1030000 		.4byte	.LASF69
 351 01eb 1E       		.byte	0x1e
 352 01ec 04       		.uleb128 0x4
 353 01ed F1050000 		.4byte	.LASF70
 354 01f1 1F       		.byte	0x1f
 355 01f2 04       		.uleb128 0x4
 356 01f3 E30D0000 		.4byte	.LASF71
 357 01f7 20       		.byte	0x20
 358 01f8 04       		.uleb128 0x4
 359 01f9 12110000 		.4byte	.LASF72
 360 01fd 21       		.byte	0x21
 361 01fe 04       		.uleb128 0x4
 362 01ff B1130000 		.4byte	.LASF73
 363 0203 22       		.byte	0x22
 364 0204 04       		.uleb128 0x4
 365 0205 F9120000 		.4byte	.LASF74
 366 0209 23       		.byte	0x23
 367 020a 04       		.uleb128 0x4
 368 020b 6D010000 		.4byte	.LASF75
 369 020f 24       		.byte	0x24
 370 0210 04       		.uleb128 0x4
 371 0211 F9030000 		.4byte	.LASF76
 372 0215 25       		.byte	0x25
 373 0216 04       		.uleb128 0x4
 374 0217 E3130000 		.4byte	.LASF77
 375 021b 26       		.byte	0x26
 376 021c 04       		.uleb128 0x4
 377 021d 1B0E0000 		.4byte	.LASF78
 378 0221 27       		.byte	0x27
 379 0222 04       		.uleb128 0x4
 380 0223 4A110000 		.4byte	.LASF79
 381 0227 28       		.byte	0x28
 382 0228 04       		.uleb128 0x4
 383 0229 22010000 		.4byte	.LASF80
 384 022d 29       		.byte	0x29
 385 022e 04       		.uleb128 0x4
 386 022f 69050000 		.4byte	.LASF81
 387 0233 2A       		.byte	0x2a
 388 0234 04       		.uleb128 0x4
 389 0235 A3050000 		.4byte	.LASF82
 390 0239 2B       		.byte	0x2b
 391 023a 04       		.uleb128 0x4
 392 023b 8F0F0000 		.4byte	.LASF83
 393 023f 2C       		.byte	0x2c
 394 0240 04       		.uleb128 0x4
 395 0241 570A0000 		.4byte	.LASF84
 396 0245 2D       		.byte	0x2d
 397 0246 04       		.uleb128 0x4
 398 0247 66000000 		.4byte	.LASF85
 399 024b 2E       		.byte	0x2e
ARM GAS  C:\Users\fiona\AppData\Local\Temp\ccanFeaO.s 			page 8


 400 024c 04       		.uleb128 0x4
 401 024d F80F0000 		.4byte	.LASF86
 402 0251 2F       		.byte	0x2f
 403 0252 04       		.uleb128 0x4
 404 0253 8C110000 		.4byte	.LASF87
 405 0257 30       		.byte	0x30
 406 0258 04       		.uleb128 0x4
 407 0259 BB100000 		.4byte	.LASF88
 408 025d 31       		.byte	0x31
 409 025e 04       		.uleb128 0x4
 410 025f 3D120000 		.4byte	.LASF89
 411 0263 32       		.byte	0x32
 412 0264 04       		.uleb128 0x4
 413 0265 CD000000 		.4byte	.LASF90
 414 0269 33       		.byte	0x33
 415 026a 04       		.uleb128 0x4
 416 026b C4060000 		.4byte	.LASF91
 417 026f 34       		.byte	0x34
 418 0270 04       		.uleb128 0x4
 419 0271 DE0A0000 		.4byte	.LASF92
 420 0275 35       		.byte	0x35
 421 0276 04       		.uleb128 0x4
 422 0277 64040000 		.4byte	.LASF93
 423 027b 36       		.byte	0x36
 424 027c 04       		.uleb128 0x4
 425 027d 91100000 		.4byte	.LASF94
 426 0281 37       		.byte	0x37
 427 0282 04       		.uleb128 0x4
 428 0283 EA040000 		.4byte	.LASF95
 429 0287 38       		.byte	0x38
 430 0288 04       		.uleb128 0x4
 431 0289 32130000 		.4byte	.LASF96
 432 028d 39       		.byte	0x39
 433 028e 04       		.uleb128 0x4
 434 028f 62090000 		.4byte	.LASF97
 435 0293 3A       		.byte	0x3a
 436 0294 04       		.uleb128 0x4
 437 0295 A80B0000 		.4byte	.LASF98
 438 0299 3B       		.byte	0x3b
 439 029a 04       		.uleb128 0x4
 440 029b A8090000 		.4byte	.LASF99
 441 029f 3C       		.byte	0x3c
 442 02a0 04       		.uleb128 0x4
 443 02a1 E90B0000 		.4byte	.LASF100
 444 02a5 3D       		.byte	0x3d
 445 02a6 04       		.uleb128 0x4
 446 02a7 320F0000 		.4byte	.LASF101
 447 02ab 3E       		.byte	0x3e
 448 02ac 04       		.uleb128 0x4
 449 02ad 880A0000 		.4byte	.LASF102
 450 02b1 3F       		.byte	0x3f
 451 02b2 04       		.uleb128 0x4
 452 02b3 B8050000 		.4byte	.LASF103
 453 02b7 40       		.byte	0x40
 454 02b8 04       		.uleb128 0x4
 455 02b9 EF070000 		.4byte	.LASF104
 456 02bd 41       		.byte	0x41
ARM GAS  C:\Users\fiona\AppData\Local\Temp\ccanFeaO.s 			page 9


 457 02be 04       		.uleb128 0x4
 458 02bf 750B0000 		.4byte	.LASF105
 459 02c3 42       		.byte	0x42
 460 02c4 04       		.uleb128 0x4
 461 02c5 FF0D0000 		.4byte	.LASF106
 462 02c9 43       		.byte	0x43
 463 02ca 04       		.uleb128 0x4
 464 02cb 2E110000 		.4byte	.LASF107
 465 02cf 44       		.byte	0x44
 466 02d0 04       		.uleb128 0x4
 467 02d1 010D0000 		.4byte	.LASF108
 468 02d5 45       		.byte	0x45
 469 02d6 04       		.uleb128 0x4
 470 02d7 A4070000 		.4byte	.LASF109
 471 02db 46       		.byte	0x46
 472 02dc 04       		.uleb128 0x4
 473 02dd FB090000 		.4byte	.LASF110
 474 02e1 47       		.byte	0x47
 475 02e2 04       		.uleb128 0x4
 476 02e3 16130000 		.4byte	.LASF111
 477 02e7 48       		.byte	0x48
 478 02e8 04       		.uleb128 0x4
 479 02e9 DD030000 		.4byte	.LASF112
 480 02ed 49       		.byte	0x49
 481 02ee 04       		.uleb128 0x4
 482 02ef 16040000 		.4byte	.LASF113
 483 02f3 4A       		.byte	0x4a
 484 02f4 04       		.uleb128 0x4
 485 02f5 3C030000 		.4byte	.LASF114
 486 02f9 4B       		.byte	0x4b
 487 02fa 04       		.uleb128 0x4
 488 02fb C1120000 		.4byte	.LASF115
 489 02ff 4C       		.byte	0x4c
 490 0300 04       		.uleb128 0x4
 491 0301 700D0000 		.4byte	.LASF116
 492 0305 4D       		.byte	0x4d
 493 0306 04       		.uleb128 0x4
 494 0307 20120000 		.4byte	.LASF117
 495 030b 4E       		.byte	0x4e
 496 030c 04       		.uleb128 0x4
 497 030d 79060000 		.4byte	.LASF118
 498 0311 4F       		.byte	0x4f
 499 0312 04       		.uleb128 0x4
 500 0313 8E080000 		.4byte	.LASF119
 501 0317 50       		.byte	0x50
 502 0318 04       		.uleb128 0x4
 503 0319 A50A0000 		.4byte	.LASF120
 504 031d 51       		.byte	0x51
 505 031e 04       		.uleb128 0x4
 506 031f 2F070000 		.4byte	.LASF121
 507 0323 52       		.byte	0x52
 508 0324 04       		.uleb128 0x4
 509 0325 2D090000 		.4byte	.LASF122
 510 0329 53       		.byte	0x53
 511 032a 04       		.uleb128 0x4
 512 032b DD020000 		.4byte	.LASF123
 513 032f 54       		.byte	0x54
ARM GAS  C:\Users\fiona\AppData\Local\Temp\ccanFeaO.s 			page 10


 514 0330 04       		.uleb128 0x4
 515 0331 C0070000 		.4byte	.LASF124
 516 0335 55       		.byte	0x55
 517 0336 04       		.uleb128 0x4
 518 0337 75130000 		.4byte	.LASF125
 519 033b 56       		.byte	0x56
 520 033c 04       		.uleb128 0x4
 521 033d 30020000 		.4byte	.LASF126
 522 0341 57       		.byte	0x57
 523 0342 04       		.uleb128 0x4
 524 0343 970C0000 		.4byte	.LASF127
 525 0347 58       		.byte	0x58
 526 0348 04       		.uleb128 0x4
 527 0349 06050000 		.4byte	.LASF128
 528 034d 59       		.byte	0x59
 529 034e 04       		.uleb128 0x4
 530 034f 8E120000 		.4byte	.LASF129
 531 0353 5A       		.byte	0x5a
 532 0354 04       		.uleb128 0x4
 533 0355 EF060000 		.4byte	.LASF130
 534 0359 5B       		.byte	0x5b
 535 035a 04       		.uleb128 0x4
 536 035b E7080000 		.4byte	.LASF131
 537 035f 5C       		.byte	0x5c
 538 0360 04       		.uleb128 0x4
 539 0361 260B0000 		.4byte	.LASF132
 540 0365 5D       		.byte	0x5d
 541 0366 04       		.uleb128 0x4
 542 0367 8A000000 		.4byte	.LASF133
 543 036b 5E       		.byte	0x5e
 544 036c 04       		.uleb128 0x4
 545 036d 22030000 		.4byte	.LASF134
 546 0371 5F       		.byte	0x5f
 547 0372 04       		.uleb128 0x4
 548 0373 44050000 		.4byte	.LASF135
 549 0377 60       		.byte	0x60
 550 0378 04       		.uleb128 0x4
 551 0379 3A0D0000 		.4byte	.LASF136
 552 037d 61       		.byte	0x61
 553 037e 04       		.uleb128 0x4
 554 037f 84030000 		.4byte	.LASF137
 555 0383 62       		.byte	0x62
 556 0384 04       		.uleb128 0x4
 557 0385 5B0B0000 		.4byte	.LASF138
 558 0389 63       		.byte	0x63
 559 038a 04       		.uleb128 0x4
 560 038b C90D0000 		.4byte	.LASF139
 561 038f 64       		.byte	0x64
 562 0390 04       		.uleb128 0x4
 563 0391 F8100000 		.4byte	.LASF140
 564 0395 65       		.byte	0x65
 565 0396 04       		.uleb128 0x4
 566 0397 5B130000 		.4byte	.LASF141
 567 039b 66       		.byte	0x66
 568 039c 04       		.uleb128 0x4
 569 039d 6E070000 		.4byte	.LASF142
 570 03a1 67       		.byte	0x67
ARM GAS  C:\Users\fiona\AppData\Local\Temp\ccanFeaO.s 			page 11


 571 03a2 04       		.uleb128 0x4
 572 03a3 C5090000 		.4byte	.LASF143
 573 03a7 68       		.byte	0x68
 574 03a8 04       		.uleb128 0x4
 575 03a9 060C0000 		.4byte	.LASF144
 576 03ad 69       		.byte	0x69
 577 03ae 04       		.uleb128 0x4
 578 03af 37010000 		.4byte	.LASF145
 579 03b3 6A       		.byte	0x6a
 580 03b4 04       		.uleb128 0x4
 581 03b5 A7030000 		.4byte	.LASF146
 582 03b9 6B       		.byte	0x6b
 583 03ba 04       		.uleb128 0x4
 584 03bb 02020000 		.4byte	.LASF147
 585 03bf 6C       		.byte	0x6c
 586 03c0 04       		.uleb128 0x4
 587 03c1 49040000 		.4byte	.LASF148
 588 03c5 6D       		.byte	0x6d
 589 03c6 04       		.uleb128 0x4
 590 03c7 5E060000 		.4byte	.LASF149
 591 03cb 6E       		.byte	0x6e
 592 03cc 04       		.uleb128 0x4
 593 03cd 12090000 		.4byte	.LASF150
 594 03d1 6F       		.byte	0x6f
 595 03d2 04       		.uleb128 0x4
 596 03d3 A1110000 		.4byte	.LASF151
 597 03d7 70       		.byte	0x70
 598 03d8 04       		.uleb128 0x4
 599 03d9 1C000000 		.4byte	.LASF152
 600 03dd 71       		.byte	0x71
 601 03de 04       		.uleb128 0x4
 602 03df C2020000 		.4byte	.LASF153
 603 03e3 72       		.byte	0x72
 604 03e4 04       		.uleb128 0x4
 605 03e5 3C0A0000 		.4byte	.LASF154
 606 03e9 73       		.byte	0x73
 607 03ea 04       		.uleb128 0x4
 608 03eb CF0C0000 		.4byte	.LASF155
 609 03ef 74       		.byte	0x74
 610 03f0 04       		.uleb128 0x4
 611 03f1 DD0F0000 		.4byte	.LASF156
 612 03f5 75       		.byte	0x75
 613 03f6 04       		.uleb128 0x4
 614 03f7 400B0000 		.4byte	.LASF157
 615 03fb 76       		.byte	0x76
 616 03fc 04       		.uleb128 0x4
 617 03fd A50D0000 		.4byte	.LASF158
 618 0401 77       		.byte	0x77
 619 0402 04       		.uleb128 0x4
 620 0403 DD100000 		.4byte	.LASF159
 621 0407 78       		.byte	0x78
 622 0408 04       		.uleb128 0x4
 623 0409 BD080000 		.4byte	.LASF160
 624 040d 79       		.byte	0x79
 625 040e 04       		.uleb128 0x4
 626 040f 8A010000 		.4byte	.LASF161
 627 0413 7A       		.byte	0x7a
ARM GAS  C:\Users\fiona\AppData\Local\Temp\ccanFeaO.s 			page 12


 628 0414 04       		.uleb128 0x4
 629 0415 0C010000 		.4byte	.LASF162
 630 0419 7B       		.byte	0x7b
 631 041a 04       		.uleb128 0x4
 632 041b 0D060000 		.4byte	.LASF163
 633 041f 7C       		.byte	0x7c
 634 0420 04       		.uleb128 0x4
 635 0421 28080000 		.4byte	.LASF164
 636 0425 7D       		.byte	0x7d
 637 0426 04       		.uleb128 0x4
 638 0427 67110000 		.4byte	.LASF165
 639 042b 7E       		.byte	0x7e
 640 042c 04       		.uleb128 0x4
 641 042d CD130000 		.4byte	.LASF166
 642 0431 7F       		.byte	0x7f
 643 0432 04       		.uleb128 0x4
 644 0433 85020000 		.4byte	.LASF167
 645 0437 80       		.byte	0x80
 646 0438 04       		.uleb128 0x4
 647 0439 170A0000 		.4byte	.LASF168
 648 043d 81       		.byte	0x81
 649 043e 04       		.uleb128 0x4
 650 043f 660C0000 		.4byte	.LASF169
 651 0443 82       		.byte	0x82
 652 0444 04       		.uleb128 0x4
 653 0445 A40F0000 		.4byte	.LASF170
 654 0449 83       		.byte	0x83
 655 044a 04       		.uleb128 0x4
 656 044b 41100000 		.4byte	.LASF171
 657 044f 84       		.byte	0x84
 658 0450 04       		.uleb128 0x4
 659 0451 910B0000 		.4byte	.LASF172
 660 0455 85       		.byte	0x85
 661 0456 04       		.uleb128 0x4
 662 0457 09120000 		.4byte	.LASF173
 663 045b 86       		.byte	0x86
 664 045c 04       		.uleb128 0x4
 665 045d EA0C0000 		.4byte	.LASF174
 666 0461 87       		.byte	0x87
 667 0462 04       		.uleb128 0x4
 668 0463 6A080000 		.4byte	.LASF175
 669 0467 88       		.byte	0x88
 670 0468 04       		.uleb128 0x4
 671 0469 C40B0000 		.4byte	.LASF176
 672 046d 89       		.byte	0x89
 673 046e 04       		.uleb128 0x4
 674 046f 6B0F0000 		.4byte	.LASF177
 675 0473 8A       		.byte	0x8a
 676 0474 04       		.uleb128 0x4
 677 0475 BC040000 		.4byte	.LASF178
 678 0479 8B       		.byte	0x8b
 679 047a 04       		.uleb128 0x4
 680 047b CA0E0000 		.4byte	.LASF179
 681 047f 8C       		.byte	0x8c
 682 0480 04       		.uleb128 0x4
 683 0481 D8070000 		.4byte	.LASF180
 684 0485 8D       		.byte	0x8d
ARM GAS  C:\Users\fiona\AppData\Local\Temp\ccanFeaO.s 			page 13


 685 0486 04       		.uleb128 0x4
 686 0487 D8110000 		.4byte	.LASF181
 687 048b 8E       		.byte	0x8e
 688 048c 04       		.uleb128 0x4
 689 048d C20A0000 		.4byte	.LASF182
 690 0491 8F       		.byte	0x8f
 691 0492 04       		.uleb128 0x4
 692 0493 18070000 		.4byte	.LASF183
 693 0497 90       		.byte	0x90
 694 0498 04       		.uleb128 0x4
 695 0499 EC010000 		.4byte	.LASF184
 696 049d 91       		.byte	0x91
 697 049e 04       		.uleb128 0x4
 698 049f 6C020000 		.4byte	.LASF185
 699 04a3 92       		.byte	0x92
 700 04a4 04       		.uleb128 0x4
 701 04a5 AB080000 		.4byte	.LASF186
 702 04a9 F0       		.byte	0xf0
 703 04aa 00       		.byte	0
 704 04ab 05       		.uleb128 0x5
 705 04ac 01       		.byte	0x1
 706 04ad 08       		.byte	0x8
 707 04ae DB0B0000 		.4byte	.LASF188
 708 04b2 07       		.uleb128 0x7
 709 04b3 9B020000 		.4byte	.LASF190
 710 04b7 01       		.byte	0x1
 711 04b8 9201     		.2byte	0x192
 712 04ba 26010000 		.4byte	0x126
 713 04be 05       		.uleb128 0x5
 714 04bf 01       		.byte	0x1
 715 04c0 06       		.byte	0x6
 716 04c1 07030000 		.4byte	.LASF191
 717 04c5 05       		.uleb128 0x5
 718 04c6 02       		.byte	0x2
 719 04c7 07       		.byte	0x7
 720 04c8 5B070000 		.4byte	.LASF192
 721 04cc 05       		.uleb128 0x5
 722 04cd 04       		.byte	0x4
 723 04ce 05       		.byte	0x5
 724 04cf 9E030000 		.4byte	.LASF193
 725 04d3 06       		.uleb128 0x6
 726 04d4 5E050000 		.4byte	.LASF194
 727 04d8 02       		.byte	0x2
 728 04d9 41       		.byte	0x41
 729 04da DE040000 		.4byte	0x4de
 730 04de 05       		.uleb128 0x5
 731 04df 04       		.byte	0x4
 732 04e0 07       		.byte	0x7
 733 04e1 96060000 		.4byte	.LASF195
 734 04e5 05       		.uleb128 0x5
 735 04e6 08       		.byte	0x8
 736 04e7 05       		.byte	0x5
 737 04e8 F9020000 		.4byte	.LASF196
 738 04ec 05       		.uleb128 0x5
 739 04ed 08       		.byte	0x8
 740 04ee 07       		.byte	0x7
 741 04ef D5010000 		.4byte	.LASF197
ARM GAS  C:\Users\fiona\AppData\Local\Temp\ccanFeaO.s 			page 14


 742 04f3 08       		.uleb128 0x8
 743 04f4 04       		.byte	0x4
 744 04f5 05       		.byte	0x5
 745 04f6 696E7400 		.ascii	"int\000"
 746 04fa 05       		.uleb128 0x5
 747 04fb 04       		.byte	0x4
 748 04fc 07       		.byte	0x7
 749 04fd 3C0C0000 		.4byte	.LASF198
 750 0501 06       		.uleb128 0x6
 751 0502 C00D0000 		.4byte	.LASF199
 752 0506 03       		.byte	0x3
 753 0507 30       		.byte	0x30
 754 0508 D3040000 		.4byte	0x4d3
 755 050c 05       		.uleb128 0x5
 756 050d 04       		.byte	0x4
 757 050e 07       		.byte	0x7
 758 050f 4B090000 		.4byte	.LASF200
 759 0513 05       		.uleb128 0x5
 760 0514 08       		.byte	0x8
 761 0515 04       		.byte	0x4
 762 0516 E50E0000 		.4byte	.LASF201
 763 051a 05       		.uleb128 0x5
 764 051b 01       		.byte	0x1
 765 051c 08       		.byte	0x8
 766 051d F10E0000 		.4byte	.LASF202
 767 0521 05       		.uleb128 0x5
 768 0522 04       		.byte	0x4
 769 0523 04       		.byte	0x4
 770 0524 D80A0000 		.4byte	.LASF203
 771 0528 05       		.uleb128 0x5
 772 0529 08       		.byte	0x8
 773 052a 04       		.byte	0x4
 774 052b B5040000 		.4byte	.LASF204
 775 052f 09       		.uleb128 0x9
 776 0530 08       		.byte	0x8
 777 0531 04       		.byte	0x4
 778 0532 EB       		.byte	0xeb
 779 0533 5C050000 		.4byte	0x55c
 780 0537 0A       		.uleb128 0xa
 781 0538 41040000 		.4byte	.LASF205
 782 053c 04       		.byte	0x4
 783 053d EC       		.byte	0xec
 784 053e 1B010000 		.4byte	0x11b
 785 0542 00       		.byte	0
 786 0543 0A       		.uleb128 0xa
 787 0544 58030000 		.4byte	.LASF206
 788 0548 04       		.byte	0x4
 789 0549 EE       		.byte	0xee
 790 054a B2040000 		.4byte	0x4b2
 791 054e 02       		.byte	0x2
 792 054f 0A       		.uleb128 0xa
 793 0550 4E130000 		.4byte	.LASF207
 794 0554 04       		.byte	0x4
 795 0555 F0       		.byte	0xf0
 796 0556 01050000 		.4byte	0x501
 797 055a 04       		.byte	0x4
 798 055b 00       		.byte	0
ARM GAS  C:\Users\fiona\AppData\Local\Temp\ccanFeaO.s 			page 15


 799 055c 06       		.uleb128 0x6
 800 055d 98090000 		.4byte	.LASF208
 801 0561 04       		.byte	0x4
 802 0562 F1       		.byte	0xf1
 803 0563 2F050000 		.4byte	0x52f
 804 0567 0B       		.uleb128 0xb
 805 0568 F60E0000 		.4byte	.LASF209
 806 056c 05       		.byte	0x5
 807 056d 18       		.byte	0x18
 808 056e 78050000 		.4byte	0x578
 809 0572 05       		.uleb128 0x5
 810 0573 03       		.byte	0x3
 811 0574 00000000 		.4byte	Press1_IRQ_cfg
 812 0578 0C       		.uleb128 0xc
 813 0579 5C050000 		.4byte	0x55c
 814 057d 0B       		.uleb128 0xb
 815 057e 01090000 		.4byte	.LASF210
 816 0582 05       		.byte	0x5
 817 0583 1F       		.byte	0x1f
 818 0584 78050000 		.4byte	0x578
 819 0588 05       		.uleb128 0x5
 820 0589 03       		.byte	0x3
 821 058a 00000000 		.4byte	WatchDog_IRQ_cfg
 822 058e 0B       		.uleb128 0xb
 823 058f B70C0000 		.4byte	.LASF211
 824 0593 05       		.byte	0x5
 825 0594 26       		.byte	0x26
 826 0595 78050000 		.4byte	0x578
 827 0599 05       		.uleb128 0x5
 828 059a 03       		.byte	0x3
 829 059b 00000000 		.4byte	Bluetooth_bless_isr_cfg
 830 059f 0B       		.uleb128 0xb
 831 05a0 0D100000 		.4byte	.LASF212
 832 05a4 05       		.byte	0x5
 833 05a5 2D       		.byte	0x2d
 834 05a6 78050000 		.4byte	0x578
 835 05aa 05       		.uleb128 0x5
 836 05ab 03       		.byte	0x3
 837 05ac 00000000 		.4byte	SensorBus_SCB_IRQ_cfg
 838 05b0 0B       		.uleb128 0xb
 839 05b1 8C050000 		.4byte	.LASF213
 840 05b5 05       		.byte	0x5
 841 05b6 34       		.byte	0x34
 842 05b7 78050000 		.4byte	0x578
 843 05bb 05       		.uleb128 0x5
 844 05bc 03       		.byte	0x3
 845 05bd 00000000 		.4byte	UART_DEBUG_SCB_IRQ_cfg
 846 05c1 0B       		.uleb128 0xb
 847 05c2 C2010000 		.4byte	.LASF214
 848 05c6 05       		.byte	0x5
 849 05c7 3B       		.byte	0x3b
 850 05c8 78050000 		.4byte	0x578
 851 05cc 05       		.uleb128 0x5
 852 05cd 03       		.byte	0x3
 853 05ce 00000000 		.4byte	LightTimer_IRQ_cfg
 854 05d2 0B       		.uleb128 0xb
 855 05d3 37000000 		.4byte	.LASF215
ARM GAS  C:\Users\fiona\AppData\Local\Temp\ccanFeaO.s 			page 16


 856 05d7 05       		.byte	0x5
 857 05d8 42       		.byte	0x42
 858 05d9 78050000 		.4byte	0x578
 859 05dd 05       		.uleb128 0x5
 860 05de 03       		.byte	0x3
 861 05df 00000000 		.4byte	ChimeTimer_IRQ_cfg
 862 05e3 0B       		.uleb128 0xb
 863 05e4 1D020000 		.4byte	.LASF216
 864 05e8 05       		.byte	0x5
 865 05e9 49       		.byte	0x49
 866 05ea 78050000 		.4byte	0x578
 867 05ee 05       		.uleb128 0x5
 868 05ef 03       		.byte	0x3
 869 05f0 00000000 		.4byte	MotorTimer_IRQ_cfg
 870 05f4 0B       		.uleb128 0xb
 871 05f5 D7040000 		.4byte	.LASF217
 872 05f9 05       		.byte	0x5
 873 05fa 50       		.byte	0x50
 874 05fb 78050000 		.4byte	0x578
 875 05ff 05       		.uleb128 0x5
 876 0600 03       		.byte	0x3
 877 0601 00000000 		.4byte	AppControl_IRQ_cfg
 878 0605 0B       		.uleb128 0xb
 879 0606 83100000 		.4byte	.LASF218
 880 060a 05       		.byte	0x5
 881 060b 57       		.byte	0x57
 882 060c 78050000 		.4byte	0x578
 883 0610 05       		.uleb128 0x5
 884 0611 03       		.byte	0x3
 885 0612 00000000 		.4byte	Shake_IRQ_cfg
 886 0616 00       		.byte	0
 887              		.section	.debug_abbrev,"",%progbits
 888              	.Ldebug_abbrev0:
 889 0000 01       		.uleb128 0x1
 890 0001 11       		.uleb128 0x11
 891 0002 01       		.byte	0x1
 892 0003 25       		.uleb128 0x25
 893 0004 0E       		.uleb128 0xe
 894 0005 13       		.uleb128 0x13
 895 0006 0B       		.uleb128 0xb
 896 0007 03       		.uleb128 0x3
 897 0008 0E       		.uleb128 0xe
 898 0009 1B       		.uleb128 0x1b
 899 000a 0E       		.uleb128 0xe
 900 000b 10       		.uleb128 0x10
 901 000c 17       		.uleb128 0x17
 902 000d 00       		.byte	0
 903 000e 00       		.byte	0
 904 000f 02       		.uleb128 0x2
 905 0010 04       		.uleb128 0x4
 906 0011 01       		.byte	0x1
 907 0012 0B       		.uleb128 0xb
 908 0013 0B       		.uleb128 0xb
 909 0014 49       		.uleb128 0x49
 910 0015 13       		.uleb128 0x13
 911 0016 3A       		.uleb128 0x3a
 912 0017 0B       		.uleb128 0xb
ARM GAS  C:\Users\fiona\AppData\Local\Temp\ccanFeaO.s 			page 17


 913 0018 3B       		.uleb128 0x3b
 914 0019 0B       		.uleb128 0xb
 915 001a 01       		.uleb128 0x1
 916 001b 13       		.uleb128 0x13
 917 001c 00       		.byte	0
 918 001d 00       		.byte	0
 919 001e 03       		.uleb128 0x3
 920 001f 28       		.uleb128 0x28
 921 0020 00       		.byte	0
 922 0021 03       		.uleb128 0x3
 923 0022 0E       		.uleb128 0xe
 924 0023 1C       		.uleb128 0x1c
 925 0024 0D       		.uleb128 0xd
 926 0025 00       		.byte	0
 927 0026 00       		.byte	0
 928 0027 04       		.uleb128 0x4
 929 0028 28       		.uleb128 0x28
 930 0029 00       		.byte	0
 931 002a 03       		.uleb128 0x3
 932 002b 0E       		.uleb128 0xe
 933 002c 1C       		.uleb128 0x1c
 934 002d 0B       		.uleb128 0xb
 935 002e 00       		.byte	0
 936 002f 00       		.byte	0
 937 0030 05       		.uleb128 0x5
 938 0031 24       		.uleb128 0x24
 939 0032 00       		.byte	0
 940 0033 0B       		.uleb128 0xb
 941 0034 0B       		.uleb128 0xb
 942 0035 3E       		.uleb128 0x3e
 943 0036 0B       		.uleb128 0xb
 944 0037 03       		.uleb128 0x3
 945 0038 0E       		.uleb128 0xe
 946 0039 00       		.byte	0
 947 003a 00       		.byte	0
 948 003b 06       		.uleb128 0x6
 949 003c 16       		.uleb128 0x16
 950 003d 00       		.byte	0
 951 003e 03       		.uleb128 0x3
 952 003f 0E       		.uleb128 0xe
 953 0040 3A       		.uleb128 0x3a
 954 0041 0B       		.uleb128 0xb
 955 0042 3B       		.uleb128 0x3b
 956 0043 0B       		.uleb128 0xb
 957 0044 49       		.uleb128 0x49
 958 0045 13       		.uleb128 0x13
 959 0046 00       		.byte	0
 960 0047 00       		.byte	0
 961 0048 07       		.uleb128 0x7
 962 0049 16       		.uleb128 0x16
 963 004a 00       		.byte	0
 964 004b 03       		.uleb128 0x3
 965 004c 0E       		.uleb128 0xe
 966 004d 3A       		.uleb128 0x3a
 967 004e 0B       		.uleb128 0xb
 968 004f 3B       		.uleb128 0x3b
 969 0050 05       		.uleb128 0x5
ARM GAS  C:\Users\fiona\AppData\Local\Temp\ccanFeaO.s 			page 18


 970 0051 49       		.uleb128 0x49
 971 0052 13       		.uleb128 0x13
 972 0053 00       		.byte	0
 973 0054 00       		.byte	0
 974 0055 08       		.uleb128 0x8
 975 0056 24       		.uleb128 0x24
 976 0057 00       		.byte	0
 977 0058 0B       		.uleb128 0xb
 978 0059 0B       		.uleb128 0xb
 979 005a 3E       		.uleb128 0x3e
 980 005b 0B       		.uleb128 0xb
 981 005c 03       		.uleb128 0x3
 982 005d 08       		.uleb128 0x8
 983 005e 00       		.byte	0
 984 005f 00       		.byte	0
 985 0060 09       		.uleb128 0x9
 986 0061 13       		.uleb128 0x13
 987 0062 01       		.byte	0x1
 988 0063 0B       		.uleb128 0xb
 989 0064 0B       		.uleb128 0xb
 990 0065 3A       		.uleb128 0x3a
 991 0066 0B       		.uleb128 0xb
 992 0067 3B       		.uleb128 0x3b
 993 0068 0B       		.uleb128 0xb
 994 0069 01       		.uleb128 0x1
 995 006a 13       		.uleb128 0x13
 996 006b 00       		.byte	0
 997 006c 00       		.byte	0
 998 006d 0A       		.uleb128 0xa
 999 006e 0D       		.uleb128 0xd
 1000 006f 00       		.byte	0
 1001 0070 03       		.uleb128 0x3
 1002 0071 0E       		.uleb128 0xe
 1003 0072 3A       		.uleb128 0x3a
 1004 0073 0B       		.uleb128 0xb
 1005 0074 3B       		.uleb128 0x3b
 1006 0075 0B       		.uleb128 0xb
 1007 0076 49       		.uleb128 0x49
 1008 0077 13       		.uleb128 0x13
 1009 0078 38       		.uleb128 0x38
 1010 0079 0B       		.uleb128 0xb
 1011 007a 00       		.byte	0
 1012 007b 00       		.byte	0
 1013 007c 0B       		.uleb128 0xb
 1014 007d 34       		.uleb128 0x34
 1015 007e 00       		.byte	0
 1016 007f 03       		.uleb128 0x3
 1017 0080 0E       		.uleb128 0xe
 1018 0081 3A       		.uleb128 0x3a
 1019 0082 0B       		.uleb128 0xb
 1020 0083 3B       		.uleb128 0x3b
 1021 0084 0B       		.uleb128 0xb
 1022 0085 49       		.uleb128 0x49
 1023 0086 13       		.uleb128 0x13
 1024 0087 3F       		.uleb128 0x3f
 1025 0088 19       		.uleb128 0x19
 1026 0089 02       		.uleb128 0x2
ARM GAS  C:\Users\fiona\AppData\Local\Temp\ccanFeaO.s 			page 19


 1027 008a 18       		.uleb128 0x18
 1028 008b 00       		.byte	0
 1029 008c 00       		.byte	0
 1030 008d 0C       		.uleb128 0xc
 1031 008e 26       		.uleb128 0x26
 1032 008f 00       		.byte	0
 1033 0090 49       		.uleb128 0x49
 1034 0091 13       		.uleb128 0x13
 1035 0092 00       		.byte	0
 1036 0093 00       		.byte	0
 1037 0094 00       		.byte	0
 1038              		.section	.debug_aranges,"",%progbits
 1039 0000 14000000 		.4byte	0x14
 1040 0004 0200     		.2byte	0x2
 1041 0006 00000000 		.4byte	.Ldebug_info0
 1042 000a 04       		.byte	0x4
 1043 000b 00       		.byte	0
 1044 000c 0000     		.2byte	0
 1045 000e 0000     		.2byte	0
 1046 0010 00000000 		.4byte	0
 1047 0014 00000000 		.4byte	0
 1048              		.section	.debug_line,"",%progbits
 1049              	.Ldebug_line0:
 1050 0000 D7010000 		.section	.debug_str,"MS",%progbits,1
 1050      0200D101 
 1050      00000201 
 1050      FB0E0D00 
 1050      01010101 
 1051              	.LASF39:
 1052 0000 696F7373 		.ascii	"ioss_interrupts_gpio_0_IRQn\000"
 1052      5F696E74 
 1052      65727275 
 1052      7074735F 
 1052      6770696F 
 1053              	.LASF152:
 1054 001c 74637077 		.ascii	"tcpwm_1_interrupts_15_IRQn\000"
 1054      6D5F315F 
 1054      696E7465 
 1054      72727570 
 1054      74735F31 
 1055              	.LASF215:
 1056 0037 4368696D 		.ascii	"ChimeTimer_IRQ_cfg\000"
 1056      6554696D 
 1056      65725F49 
 1056      52515F63 
 1056      666700
 1057              	.LASF41:
 1058 004a 696F7373 		.ascii	"ioss_interrupts_gpio_2_IRQn\000"
 1058      5F696E74 
 1058      65727275 
 1058      7074735F 
 1058      6770696F 
 1059              	.LASF85:
 1060 0066 7363625F 		.ascii	"scb_5_interrupt_IRQn\000"
 1060      355F696E 
 1060      74657272 
 1060      7570745F 
ARM GAS  C:\Users\fiona\AppData\Local\Temp\ccanFeaO.s 			page 20


 1060      4952516E 
 1061              	.LASF21:
 1062 007b 4E766963 		.ascii	"NvicMux15_IRQn\000"
 1062      4D757831 
 1062      355F4952 
 1062      516E00
 1063              	.LASF133:
 1064 008a 74637077 		.ascii	"tcpwm_0_interrupts_4_IRQn\000"
 1064      6D5F305F 
 1064      696E7465 
 1064      72727570 
 1064      74735F34 
 1065              	.LASF61:
 1066 00a4 73727373 		.ascii	"srss_interrupt_IRQn\000"
 1066      5F696E74 
 1066      65727275 
 1066      70745F49 
 1066      52516E00 
 1067              	.LASF57:
 1068 00b8 7363625F 		.ascii	"scb_8_interrupt_IRQn\000"
 1068      385F696E 
 1068      74657272 
 1068      7570745F 
 1068      4952516E 
 1069              	.LASF90:
 1070 00cd 63707573 		.ascii	"cpuss_interrupts_dw0_1_IRQn\000"
 1070      735F696E 
 1070      74657272 
 1070      75707473 
 1070      5F647730 
 1071              	.LASF8:
 1072 00e9 4E766963 		.ascii	"NvicMux2_IRQn\000"
 1072      4D757832 
 1072      5F495251 
 1072      6E00
 1073              	.LASF63:
 1074 00f7 626C6573 		.ascii	"bless_interrupt_IRQn\000"
 1074      735F696E 
 1074      74657272 
 1074      7570745F 
 1074      4952516E 
 1075              	.LASF162:
 1076 010c 7564625F 		.ascii	"udb_interrupts_1_IRQn\000"
 1076      696E7465 
 1076      72727570 
 1076      74735F31 
 1076      5F495251 
 1077              	.LASF80:
 1078 0122 7363625F 		.ascii	"scb_0_interrupt_IRQn\000"
 1078      305F696E 
 1078      74657272 
 1078      7570745F 
 1078      4952516E 
 1079              	.LASF145:
 1080 0137 74637077 		.ascii	"tcpwm_1_interrupts_8_IRQn\000"
 1080      6D5F315F 
 1080      696E7465 
ARM GAS  C:\Users\fiona\AppData\Local\Temp\ccanFeaO.s 			page 21


 1080      72727570 
 1080      74735F38 
 1081              	.LASF68:
 1082 0151 63707573 		.ascii	"cpuss_interrupts_ipc_4_IRQn\000"
 1082      735F696E 
 1082      74657272 
 1082      75707473 
 1082      5F697063 
 1083              	.LASF75:
 1084 016d 63707573 		.ascii	"cpuss_interrupts_ipc_11_IRQn\000"
 1084      735F696E 
 1084      74657272 
 1084      75707473 
 1084      5F697063 
 1085              	.LASF161:
 1086 018a 7564625F 		.ascii	"udb_interrupts_0_IRQn\000"
 1086      696E7465 
 1086      72727570 
 1086      74735F30 
 1086      5F495251 
 1087              	.LASF221:
 1088 01a0 433A5C45 		.ascii	"C:\\ECS193\\SmartHandle\\James.cydsn\000"
 1088      43533139 
 1088      335C536D 
 1088      61727448 
 1088      616E646C 
 1089              	.LASF214:
 1090 01c2 4C696768 		.ascii	"LightTimer_IRQ_cfg\000"
 1090      7454696D 
 1090      65725F49 
 1090      52515F63 
 1090      666700
 1091              	.LASF197:
 1092 01d5 6C6F6E67 		.ascii	"long long unsigned int\000"
 1092      206C6F6E 
 1092      6720756E 
 1092      7369676E 
 1092      65642069 
 1093              	.LASF184:
 1094 01ec 7573625F 		.ascii	"usb_interrupt_lo_IRQn\000"
 1094      696E7465 
 1094      72727570 
 1094      745F6C6F 
 1094      5F495251 
 1095              	.LASF147:
 1096 0202 74637077 		.ascii	"tcpwm_1_interrupts_10_IRQn\000"
 1096      6D5F315F 
 1096      696E7465 
 1096      72727570 
 1096      74735F31 
 1097              	.LASF216:
 1098 021d 4D6F746F 		.ascii	"MotorTimer_IRQ_cfg\000"
 1098      7254696D 
 1098      65725F49 
 1098      52515F63 
 1098      666700
 1099              	.LASF126:
ARM GAS  C:\Users\fiona\AppData\Local\Temp\ccanFeaO.s 			page 22


 1100 0230 63707573 		.ascii	"cpuss_interrupts_cm0_cti_1_IRQn\000"
 1100      735F696E 
 1100      74657272 
 1100      75707473 
 1100      5F636D30 
 1101              	.LASF48:
 1102 0250 696F7373 		.ascii	"ioss_interrupts_gpio_9_IRQn\000"
 1102      5F696E74 
 1102      65727275 
 1102      7074735F 
 1102      6770696F 
 1103              	.LASF185:
 1104 026c 70617373 		.ascii	"pass_interrupt_dacs_IRQn\000"
 1104      5F696E74 
 1104      65727275 
 1104      70745F64 
 1104      6163735F 
 1105              	.LASF167:
 1106 0285 7564625F 		.ascii	"udb_interrupts_6_IRQn\000"
 1106      696E7465 
 1106      72727570 
 1106      74735F36 
 1106      5F495251 
 1107              	.LASF190:
 1108 029b 63795F65 		.ascii	"cy_en_intr_t\000"
 1108      6E5F696E 
 1108      74725F74 
 1108      00
 1109              	.LASF30:
 1110 02a8 4E766963 		.ascii	"NvicMux24_IRQn\000"
 1110      4D757832 
 1110      345F4952 
 1110      516E00
 1111              	.LASF0:
 1112 02b7 52657365 		.ascii	"Reset_IRQn\000"
 1112      745F4952 
 1112      516E00
 1113              	.LASF153:
 1114 02c2 74637077 		.ascii	"tcpwm_1_interrupts_16_IRQn\000"
 1114      6D5F315F 
 1114      696E7465 
 1114      72727570 
 1114      74735F31 
 1115              	.LASF123:
 1116 02dd 63707573 		.ascii	"cpuss_interrupt_crypto_IRQn\000"
 1116      735F696E 
 1116      74657272 
 1116      7570745F 
 1116      63727970 
 1117              	.LASF196:
 1118 02f9 6C6F6E67 		.ascii	"long long int\000"
 1118      206C6F6E 
 1118      6720696E 
 1118      7400
 1119              	.LASF191:
 1120 0307 7369676E 		.ascii	"signed char\000"
 1120      65642063 
ARM GAS  C:\Users\fiona\AppData\Local\Temp\ccanFeaO.s 			page 23


 1120      68617200 
 1121              	.LASF22:
 1122 0313 4E766963 		.ascii	"NvicMux16_IRQn\000"
 1122      4D757831 
 1122      365F4952 
 1122      516E00
 1123              	.LASF134:
 1124 0322 74637077 		.ascii	"tcpwm_0_interrupts_5_IRQn\000"
 1124      6D5F305F 
 1124      696E7465 
 1124      72727570 
 1124      74735F35 
 1125              	.LASF114:
 1126 033c 63707573 		.ascii	"cpuss_interrupts_dw1_9_IRQn\000"
 1126      735F696E 
 1126      74657272 
 1126      75707473 
 1126      5F647731 
 1127              	.LASF206:
 1128 0358 636D3070 		.ascii	"cm0pSrc\000"
 1128      53726300 
 1129              	.LASF9:
 1130 0360 4E766963 		.ascii	"NvicMux3_IRQn\000"
 1130      4D757833 
 1130      5F495251 
 1130      6E00
 1131              	.LASF56:
 1132 036e 6C70636F 		.ascii	"lpcomp_interrupt_IRQn\000"
 1132      6D705F69 
 1132      6E746572 
 1132      72757074 
 1132      5F495251 
 1133              	.LASF137:
 1134 0384 74637077 		.ascii	"tcpwm_1_interrupts_0_IRQn\000"
 1134      6D5F315F 
 1134      696E7465 
 1134      72727570 
 1134      74735F30 
 1135              	.LASF193:
 1136 039e 6C6F6E67 		.ascii	"long int\000"
 1136      20696E74 
 1136      00
 1137              	.LASF146:
 1138 03a7 74637077 		.ascii	"tcpwm_1_interrupts_9_IRQn\000"
 1138      6D5F315F 
 1138      696E7465 
 1138      72727570 
 1138      74735F39 
 1139              	.LASF69:
 1140 03c1 63707573 		.ascii	"cpuss_interrupts_ipc_5_IRQn\000"
 1140      735F696E 
 1140      74657272 
 1140      75707473 
 1140      5F697063 
 1141              	.LASF112:
 1142 03dd 63707573 		.ascii	"cpuss_interrupts_dw1_7_IRQn\000"
 1142      735F696E 
ARM GAS  C:\Users\fiona\AppData\Local\Temp\ccanFeaO.s 			page 24


 1142      74657272 
 1142      75707473 
 1142      5F647731 
 1143              	.LASF76:
 1144 03f9 63707573 		.ascii	"cpuss_interrupts_ipc_12_IRQn\000"
 1144      735F696E 
 1144      74657272 
 1144      75707473 
 1144      5F697063 
 1145              	.LASF113:
 1146 0416 63707573 		.ascii	"cpuss_interrupts_dw1_8_IRQn\000"
 1146      735F696E 
 1146      74657272 
 1146      75707473 
 1146      5F647731 
 1147              	.LASF34:
 1148 0432 4E766963 		.ascii	"NvicMux28_IRQn\000"
 1148      4D757832 
 1148      385F4952 
 1148      516E00
 1149              	.LASF205:
 1150 0441 696E7472 		.ascii	"intrSrc\000"
 1150      53726300 
 1151              	.LASF148:
 1152 0449 74637077 		.ascii	"tcpwm_1_interrupts_11_IRQn\000"
 1152      6D5F315F 
 1152      696E7465 
 1152      72727570 
 1152      74735F31 
 1153              	.LASF93:
 1154 0464 63707573 		.ascii	"cpuss_interrupts_dw0_4_IRQn\000"
 1154      735F696E 
 1154      74657272 
 1154      75707473 
 1154      5F647730 
 1155              	.LASF54:
 1156 0480 696F7373 		.ascii	"ioss_interrupt_gpio_IRQn\000"
 1156      5F696E74 
 1156      65727275 
 1156      70745F67 
 1156      70696F5F 
 1157              	.LASF58:
 1158 0499 73727373 		.ascii	"srss_interrupt_mcwdt_0_IRQn\000"
 1158      5F696E74 
 1158      65727275 
 1158      70745F6D 
 1158      63776474 
 1159              	.LASF204:
 1160 04b5 646F7562 		.ascii	"double\000"
 1160      6C6500
 1161              	.LASF178:
 1162 04bc 61756469 		.ascii	"audioss_interrupt_i2s_IRQn\000"
 1162      6F73735F 
 1162      696E7465 
 1162      72727570 
 1162      745F6932 
 1163              	.LASF217:
ARM GAS  C:\Users\fiona\AppData\Local\Temp\ccanFeaO.s 			page 25


 1164 04d7 41707043 		.ascii	"AppControl_IRQ_cfg\000"
 1164      6F6E7472 
 1164      6F6C5F49 
 1164      52515F63 
 1164      666700
 1165              	.LASF95:
 1166 04ea 63707573 		.ascii	"cpuss_interrupts_dw0_6_IRQn\000"
 1166      735F696E 
 1166      74657272 
 1166      75707473 
 1166      5F647730 
 1167              	.LASF128:
 1168 0506 63707573 		.ascii	"cpuss_interrupts_cm4_cti_1_IRQn\000"
 1168      735F696E 
 1168      74657272 
 1168      75707473 
 1168      5F636D34 
 1169              	.LASF37:
 1170 0526 4E766963 		.ascii	"NvicMux31_IRQn\000"
 1170      4D757833 
 1170      315F4952 
 1170      516E00
 1171              	.LASF23:
 1172 0535 4E766963 		.ascii	"NvicMux17_IRQn\000"
 1172      4D757831 
 1172      375F4952 
 1172      516E00
 1173              	.LASF135:
 1174 0544 74637077 		.ascii	"tcpwm_0_interrupts_6_IRQn\000"
 1174      6D5F305F 
 1174      696E7465 
 1174      72727570 
 1174      74735F36 
 1175              	.LASF194:
 1176 055e 5F5F7569 		.ascii	"__uint32_t\000"
 1176      6E743332 
 1176      5F7400
 1177              	.LASF81:
 1178 0569 7363625F 		.ascii	"scb_1_interrupt_IRQn\000"
 1178      315F696E 
 1178      74657272 
 1178      7570745F 
 1178      4952516E 
 1179              	.LASF10:
 1180 057e 4E766963 		.ascii	"NvicMux4_IRQn\000"
 1180      4D757834 
 1180      5F495251 
 1180      6E00
 1181              	.LASF213:
 1182 058c 55415254 		.ascii	"UART_DEBUG_SCB_IRQ_cfg\000"
 1182      5F444542 
 1182      55475F53 
 1182      43425F49 
 1182      52515F63 
 1183              	.LASF82:
 1184 05a3 7363625F 		.ascii	"scb_2_interrupt_IRQn\000"
 1184      325F696E 
ARM GAS  C:\Users\fiona\AppData\Local\Temp\ccanFeaO.s 			page 26


 1184      74657272 
 1184      7570745F 
 1184      4952516E 
 1185              	.LASF103:
 1186 05b8 63707573 		.ascii	"cpuss_interrupts_dw0_14_IRQn\000"
 1186      735F696E 
 1186      74657272 
 1186      75707473 
 1186      5F647730 
 1187              	.LASF44:
 1188 05d5 696F7373 		.ascii	"ioss_interrupts_gpio_5_IRQn\000"
 1188      5F696E74 
 1188      65727275 
 1188      7074735F 
 1188      6770696F 
 1189              	.LASF70:
 1190 05f1 63707573 		.ascii	"cpuss_interrupts_ipc_6_IRQn\000"
 1190      735F696E 
 1190      74657272 
 1190      75707473 
 1190      5F697063 
 1191              	.LASF163:
 1192 060d 7564625F 		.ascii	"udb_interrupts_2_IRQn\000"
 1192      696E7465 
 1192      72727570 
 1192      74735F32 
 1192      5F495251 
 1193              	.LASF52:
 1194 0623 696F7373 		.ascii	"ioss_interrupts_gpio_13_IRQn\000"
 1194      5F696E74 
 1194      65727275 
 1194      7074735F 
 1194      6770696F 
 1195              	.LASF26:
 1196 0640 4E766963 		.ascii	"NvicMux20_IRQn\000"
 1196      4D757832 
 1196      305F4952 
 1196      516E00
 1197              	.LASF35:
 1198 064f 4E766963 		.ascii	"NvicMux29_IRQn\000"
 1198      4D757832 
 1198      395F4952 
 1198      516E00
 1199              	.LASF149:
 1200 065e 74637077 		.ascii	"tcpwm_1_interrupts_12_IRQn\000"
 1200      6D5F315F 
 1200      696E7465 
 1200      72727570 
 1200      74735F31 
 1201              	.LASF118:
 1202 0679 63707573 		.ascii	"cpuss_interrupts_dw1_13_IRQn\000"
 1202      735F696E 
 1202      74657272 
 1202      75707473 
 1202      5F647731 
 1203              	.LASF195:
 1204 0696 6C6F6E67 		.ascii	"long unsigned int\000"
ARM GAS  C:\Users\fiona\AppData\Local\Temp\ccanFeaO.s 			page 27


 1204      20756E73 
 1204      69676E65 
 1204      6420696E 
 1204      7400
 1205              	.LASF59:
 1206 06a8 73727373 		.ascii	"srss_interrupt_mcwdt_1_IRQn\000"
 1206      5F696E74 
 1206      65727275 
 1206      70745F6D 
 1206      63776474 
 1207              	.LASF91:
 1208 06c4 63707573 		.ascii	"cpuss_interrupts_dw0_2_IRQn\000"
 1208      735F696E 
 1208      74657272 
 1208      75707473 
 1208      5F647730 
 1209              	.LASF18:
 1210 06e0 4E766963 		.ascii	"NvicMux12_IRQn\000"
 1210      4D757831 
 1210      325F4952 
 1210      516E00
 1211              	.LASF130:
 1212 06ef 74637077 		.ascii	"tcpwm_0_interrupts_1_IRQn\000"
 1212      6D5F305F 
 1212      696E7465 
 1212      72727570 
 1212      74735F31 
 1213              	.LASF32:
 1214 0709 4E766963 		.ascii	"NvicMux26_IRQn\000"
 1214      4D757832 
 1214      365F4952 
 1214      516E00
 1215              	.LASF183:
 1216 0718 7573625F 		.ascii	"usb_interrupt_med_IRQn\000"
 1216      696E7465 
 1216      72727570 
 1216      745F6D65 
 1216      645F4952 
 1217              	.LASF121:
 1218 072f 63707573 		.ascii	"cpuss_interrupts_fault_0_IRQn\000"
 1218      735F696E 
 1218      74657272 
 1218      75707473 
 1218      5F666175 
 1219              	.LASF14:
 1220 074d 4E766963 		.ascii	"NvicMux8_IRQn\000"
 1220      4D757838 
 1220      5F495251 
 1220      6E00
 1221              	.LASF192:
 1222 075b 73686F72 		.ascii	"short unsigned int\000"
 1222      7420756E 
 1222      7369676E 
 1222      65642069 
 1222      6E7400
 1223              	.LASF142:
 1224 076e 74637077 		.ascii	"tcpwm_1_interrupts_5_IRQn\000"
ARM GAS  C:\Users\fiona\AppData\Local\Temp\ccanFeaO.s 			page 28


 1224      6D5F315F 
 1224      696E7465 
 1224      72727570 
 1224      74735F35 
 1225              	.LASF65:
 1226 0788 63707573 		.ascii	"cpuss_interrupts_ipc_1_IRQn\000"
 1226      735F696E 
 1226      74657272 
 1226      75707473 
 1226      5F697063 
 1227              	.LASF109:
 1228 07a4 63707573 		.ascii	"cpuss_interrupts_dw1_4_IRQn\000"
 1228      735F696E 
 1228      74657272 
 1228      75707473 
 1228      5F647731 
 1229              	.LASF124:
 1230 07c0 63707573 		.ascii	"cpuss_interrupt_fm_IRQn\000"
 1230      735F696E 
 1230      74657272 
 1230      7570745F 
 1230      666D5F49 
 1231              	.LASF180:
 1232 07d8 70726F66 		.ascii	"profile_interrupt_IRQn\000"
 1232      696C655F 
 1232      696E7465 
 1232      72727570 
 1232      745F4952 
 1233              	.LASF104:
 1234 07ef 63707573 		.ascii	"cpuss_interrupts_dw0_15_IRQn\000"
 1234      735F696E 
 1234      74657272 
 1234      75707473 
 1234      5F647730 
 1235              	.LASF45:
 1236 080c 696F7373 		.ascii	"ioss_interrupts_gpio_6_IRQn\000"
 1236      5F696E74 
 1236      65727275 
 1236      7074735F 
 1236      6770696F 
 1237              	.LASF164:
 1238 0828 7564625F 		.ascii	"udb_interrupts_3_IRQn\000"
 1238      696E7465 
 1238      72727570 
 1238      74735F33 
 1238      5F495251 
 1239              	.LASF53:
 1240 083e 696F7373 		.ascii	"ioss_interrupts_gpio_14_IRQn\000"
 1240      5F696E74 
 1240      65727275 
 1240      7074735F 
 1240      6770696F 
 1241              	.LASF27:
 1242 085b 4E766963 		.ascii	"NvicMux21_IRQn\000"
 1242      4D757832 
 1242      315F4952 
 1242      516E00
ARM GAS  C:\Users\fiona\AppData\Local\Temp\ccanFeaO.s 			page 29


 1243              	.LASF175:
 1244 086a 7564625F 		.ascii	"udb_interrupts_14_IRQn\000"
 1244      696E7465 
 1244      72727570 
 1244      74735F31 
 1244      345F4952 
 1245              	.LASF5:
 1246 0881 53797354 		.ascii	"SysTick_IRQn\000"
 1246      69636B5F 
 1246      4952516E 
 1246      00
 1247              	.LASF119:
 1248 088e 63707573 		.ascii	"cpuss_interrupts_dw1_14_IRQn\000"
 1248      735F696E 
 1248      74657272 
 1248      75707473 
 1248      5F647731 
 1249              	.LASF186:
 1250 08ab 64697363 		.ascii	"disconnected_IRQn\000"
 1250      6F6E6E65 
 1250      63746564 
 1250      5F495251 
 1250      6E00
 1251              	.LASF160:
 1252 08bd 74637077 		.ascii	"tcpwm_1_interrupts_23_IRQn\000"
 1252      6D5F315F 
 1252      696E7465 
 1252      72727570 
 1252      74735F32 
 1253              	.LASF19:
 1254 08d8 4E766963 		.ascii	"NvicMux13_IRQn\000"
 1254      4D757831 
 1254      335F4952 
 1254      516E00
 1255              	.LASF131:
 1256 08e7 74637077 		.ascii	"tcpwm_0_interrupts_2_IRQn\000"
 1256      6D5F305F 
 1256      696E7465 
 1256      72727570 
 1256      74735F32 
 1257              	.LASF210:
 1258 0901 57617463 		.ascii	"WatchDog_IRQ_cfg\000"
 1258      68446F67 
 1258      5F495251 
 1258      5F636667 
 1258      00
 1259              	.LASF150:
 1260 0912 74637077 		.ascii	"tcpwm_1_interrupts_13_IRQn\000"
 1260      6D5F315F 
 1260      696E7465 
 1260      72727570 
 1260      74735F31 
 1261              	.LASF122:
 1262 092d 63707573 		.ascii	"cpuss_interrupts_fault_1_IRQn\000"
 1262      735F696E 
 1262      74657272 
 1262      75707473 
ARM GAS  C:\Users\fiona\AppData\Local\Temp\ccanFeaO.s 			page 30


 1262      5F666175 
 1263              	.LASF200:
 1264 094b 73697A65 		.ascii	"sizetype\000"
 1264      74797065 
 1264      00
 1265              	.LASF6:
 1266 0954 4E766963 		.ascii	"NvicMux0_IRQn\000"
 1266      4D757830 
 1266      5F495251 
 1266      6E00
 1267              	.LASF97:
 1268 0962 63707573 		.ascii	"cpuss_interrupts_dw0_8_IRQn\000"
 1268      735F696E 
 1268      74657272 
 1268      75707473 
 1268      5F647730 
 1269              	.LASF15:
 1270 097e 4E766963 		.ascii	"NvicMux9_IRQn\000"
 1270      4D757839 
 1270      5F495251 
 1270      6E00
 1271              	.LASF3:
 1272 098c 53564361 		.ascii	"SVCall_IRQn\000"
 1272      6C6C5F49 
 1272      52516E00 
 1273              	.LASF208:
 1274 0998 63795F73 		.ascii	"cy_stc_sysint_t\000"
 1274      74635F73 
 1274      7973696E 
 1274      745F7400 
 1275              	.LASF99:
 1276 09a8 63707573 		.ascii	"cpuss_interrupts_dw0_10_IRQn\000"
 1276      735F696E 
 1276      74657272 
 1276      75707473 
 1276      5F647730 
 1277              	.LASF143:
 1278 09c5 74637077 		.ascii	"tcpwm_1_interrupts_6_IRQn\000"
 1278      6D5F315F 
 1278      696E7465 
 1278      72727570 
 1278      74735F36 
 1279              	.LASF66:
 1280 09df 63707573 		.ascii	"cpuss_interrupts_ipc_2_IRQn\000"
 1280      735F696E 
 1280      74657272 
 1280      75707473 
 1280      5F697063 
 1281              	.LASF110:
 1282 09fb 63707573 		.ascii	"cpuss_interrupts_dw1_5_IRQn\000"
 1282      735F696E 
 1282      74657272 
 1282      75707473 
 1282      5F647731 
 1283              	.LASF168:
 1284 0a17 7564625F 		.ascii	"udb_interrupts_7_IRQn\000"
 1284      696E7465 
ARM GAS  C:\Users\fiona\AppData\Local\Temp\ccanFeaO.s 			page 31


 1284      72727570 
 1284      74735F37 
 1284      5F495251 
 1285              	.LASF31:
 1286 0a2d 4E766963 		.ascii	"NvicMux25_IRQn\000"
 1286      4D757832 
 1286      355F4952 
 1286      516E00
 1287              	.LASF154:
 1288 0a3c 74637077 		.ascii	"tcpwm_1_interrupts_17_IRQn\000"
 1288      6D5F315F 
 1288      696E7465 
 1288      72727570 
 1288      74735F31 
 1289              	.LASF84:
 1290 0a57 7363625F 		.ascii	"scb_4_interrupt_IRQn\000"
 1290      345F696E 
 1290      74657272 
 1290      7570745F 
 1290      4952516E 
 1291              	.LASF46:
 1292 0a6c 696F7373 		.ascii	"ioss_interrupts_gpio_7_IRQn\000"
 1292      5F696E74 
 1292      65727275 
 1292      7074735F 
 1292      6770696F 
 1293              	.LASF102:
 1294 0a88 63707573 		.ascii	"cpuss_interrupts_dw0_13_IRQn\000"
 1294      735F696E 
 1294      74657272 
 1294      75707473 
 1294      5F647730 
 1295              	.LASF120:
 1296 0aa5 63707573 		.ascii	"cpuss_interrupts_dw1_15_IRQn\000"
 1296      735F696E 
 1296      74657272 
 1296      75707473 
 1296      5F647731 
 1297              	.LASF182:
 1298 0ac2 7573625F 		.ascii	"usb_interrupt_hi_IRQn\000"
 1298      696E7465 
 1298      72727570 
 1298      745F6869 
 1298      5F495251 
 1299              	.LASF203:
 1300 0ad8 666C6F61 		.ascii	"float\000"
 1300      7400
 1301              	.LASF92:
 1302 0ade 63707573 		.ascii	"cpuss_interrupts_dw0_3_IRQn\000"
 1302      735F696E 
 1302      74657272 
 1302      75707473 
 1302      5F647730 
 1303              	.LASF50:
 1304 0afa 696F7373 		.ascii	"ioss_interrupts_gpio_11_IRQn\000"
 1304      5F696E74 
 1304      65727275 
ARM GAS  C:\Users\fiona\AppData\Local\Temp\ccanFeaO.s 			page 32


 1304      7074735F 
 1304      6770696F 
 1305              	.LASF20:
 1306 0b17 4E766963 		.ascii	"NvicMux14_IRQn\000"
 1306      4D757831 
 1306      345F4952 
 1306      516E00
 1307              	.LASF132:
 1308 0b26 74637077 		.ascii	"tcpwm_0_interrupts_3_IRQn\000"
 1308      6D5F305F 
 1308      696E7465 
 1308      72727570 
 1308      74735F33 
 1309              	.LASF157:
 1310 0b40 74637077 		.ascii	"tcpwm_1_interrupts_20_IRQn\000"
 1310      6D5F315F 
 1310      696E7465 
 1310      72727570 
 1310      74735F32 
 1311              	.LASF138:
 1312 0b5b 74637077 		.ascii	"tcpwm_1_interrupts_1_IRQn\000"
 1312      6D5F315F 
 1312      696E7465 
 1312      72727570 
 1312      74735F31 
 1313              	.LASF105:
 1314 0b75 63707573 		.ascii	"cpuss_interrupts_dw1_0_IRQn\000"
 1314      735F696E 
 1314      74657272 
 1314      75707473 
 1314      5F647731 
 1315              	.LASF172:
 1316 0b91 7564625F 		.ascii	"udb_interrupts_11_IRQn\000"
 1316      696E7465 
 1316      72727570 
 1316      74735F31 
 1316      315F4952 
 1317              	.LASF98:
 1318 0ba8 63707573 		.ascii	"cpuss_interrupts_dw0_9_IRQn\000"
 1318      735F696E 
 1318      74657272 
 1318      75707473 
 1318      5F647730 
 1319              	.LASF176:
 1320 0bc4 7564625F 		.ascii	"udb_interrupts_15_IRQn\000"
 1320      696E7465 
 1320      72727570 
 1320      74735F31 
 1320      355F4952 
 1321              	.LASF188:
 1322 0bdb 756E7369 		.ascii	"unsigned char\000"
 1322      676E6564 
 1322      20636861 
 1322      7200
 1323              	.LASF100:
 1324 0be9 63707573 		.ascii	"cpuss_interrupts_dw0_11_IRQn\000"
 1324      735F696E 
ARM GAS  C:\Users\fiona\AppData\Local\Temp\ccanFeaO.s 			page 33


 1324      74657272 
 1324      75707473 
 1324      5F647730 
 1325              	.LASF144:
 1326 0c06 74637077 		.ascii	"tcpwm_1_interrupts_7_IRQn\000"
 1326      6D5F315F 
 1326      696E7465 
 1326      72727570 
 1326      74735F37 
 1327              	.LASF67:
 1328 0c20 63707573 		.ascii	"cpuss_interrupts_ipc_3_IRQn\000"
 1328      735F696E 
 1328      74657272 
 1328      75707473 
 1328      5F697063 
 1329              	.LASF198:
 1330 0c3c 756E7369 		.ascii	"unsigned int\000"
 1330      676E6564 
 1330      20696E74 
 1330      00
 1331              	.LASF49:
 1332 0c49 696F7373 		.ascii	"ioss_interrupts_gpio_10_IRQn\000"
 1332      5F696E74 
 1332      65727275 
 1332      7074735F 
 1332      6770696F 
 1333              	.LASF169:
 1334 0c66 7564625F 		.ascii	"udb_interrupts_8_IRQn\000"
 1334      696E7465 
 1334      72727570 
 1334      74735F38 
 1334      5F495251 
 1335              	.LASF38:
 1336 0c7c 756E636F 		.ascii	"unconnected_IRQn\000"
 1336      6E6E6563 
 1336      7465645F 
 1336      4952516E 
 1336      00
 1337              	.LASF187:
 1338 0c8d 73686F72 		.ascii	"short int\000"
 1338      7420696E 
 1338      7400
 1339              	.LASF127:
 1340 0c97 63707573 		.ascii	"cpuss_interrupts_cm4_cti_0_IRQn\000"
 1340      735F696E 
 1340      74657272 
 1340      75707473 
 1340      5F636D34 
 1341              	.LASF211:
 1342 0cb7 426C7565 		.ascii	"Bluetooth_bless_isr_cfg\000"
 1342      746F6F74 
 1342      685F626C 
 1342      6573735F 
 1342      6973725F 
 1343              	.LASF155:
 1344 0ccf 74637077 		.ascii	"tcpwm_1_interrupts_18_IRQn\000"
 1344      6D5F315F 
ARM GAS  C:\Users\fiona\AppData\Local\Temp\ccanFeaO.s 			page 34


 1344      696E7465 
 1344      72727570 
 1344      74735F31 
 1345              	.LASF174:
 1346 0cea 7564625F 		.ascii	"udb_interrupts_13_IRQn\000"
 1346      696E7465 
 1346      72727570 
 1346      74735F31 
 1346      335F4952 
 1347              	.LASF108:
 1348 0d01 63707573 		.ascii	"cpuss_interrupts_dw1_3_IRQn\000"
 1348      735F696E 
 1348      74657272 
 1348      75707473 
 1348      5F647731 
 1349              	.LASF13:
 1350 0d1d 4E766963 		.ascii	"NvicMux7_IRQn\000"
 1350      4D757837 
 1350      5F495251 
 1350      6E00
 1351              	.LASF24:
 1352 0d2b 4E766963 		.ascii	"NvicMux18_IRQn\000"
 1352      4D757831 
 1352      385F4952 
 1352      516E00
 1353              	.LASF136:
 1354 0d3a 74637077 		.ascii	"tcpwm_0_interrupts_7_IRQn\000"
 1354      6D5F305F 
 1354      696E7465 
 1354      72727570 
 1354      74735F37 
 1355              	.LASF64:
 1356 0d54 63707573 		.ascii	"cpuss_interrupts_ipc_0_IRQn\000"
 1356      735F696E 
 1356      74657272 
 1356      75707473 
 1356      5F697063 
 1357              	.LASF116:
 1358 0d70 63707573 		.ascii	"cpuss_interrupts_dw1_11_IRQn\000"
 1358      735F696E 
 1358      74657272 
 1358      75707473 
 1358      5F647731 
 1359              	.LASF11:
 1360 0d8d 4E766963 		.ascii	"NvicMux5_IRQn\000"
 1360      4D757835 
 1360      5F495251 
 1360      6E00
 1361              	.LASF189:
 1362 0d9b 4952516E 		.ascii	"IRQn_Type\000"
 1362      5F547970 
 1362      6500
 1363              	.LASF158:
 1364 0da5 74637077 		.ascii	"tcpwm_1_interrupts_21_IRQn\000"
 1364      6D5F315F 
 1364      696E7465 
 1364      72727570 
ARM GAS  C:\Users\fiona\AppData\Local\Temp\ccanFeaO.s 			page 35


 1364      74735F32 
 1365              	.LASF199:
 1366 0dc0 75696E74 		.ascii	"uint32_t\000"
 1366      33325F74 
 1366      00
 1367              	.LASF139:
 1368 0dc9 74637077 		.ascii	"tcpwm_1_interrupts_2_IRQn\000"
 1368      6D5F315F 
 1368      696E7465 
 1368      72727570 
 1368      74735F32 
 1369              	.LASF71:
 1370 0de3 63707573 		.ascii	"cpuss_interrupts_ipc_7_IRQn\000"
 1370      735F696E 
 1370      74657272 
 1370      75707473 
 1370      5F697063 
 1371              	.LASF106:
 1372 0dff 63707573 		.ascii	"cpuss_interrupts_dw1_1_IRQn\000"
 1372      735F696E 
 1372      74657272 
 1372      75707473 
 1372      5F647731 
 1373              	.LASF78:
 1374 0e1b 63707573 		.ascii	"cpuss_interrupts_ipc_14_IRQn\000"
 1374      735F696E 
 1374      74657272 
 1374      75707473 
 1374      5F697063 
 1375              	.LASF219:
 1376 0e38 474E5520 		.ascii	"GNU C11 5.4.1 20160609 (release) [ARM/embedded-5-br"
 1376      43313120 
 1376      352E342E 
 1376      31203230 
 1376      31363036 
 1377 0e6b 616E6368 		.ascii	"anch revision 237715] -mcpu=cortex-m0plus -mthumb -"
 1377      20726576 
 1377      6973696F 
 1377      6E203233 
 1377      37373135 
 1378 0e9e 67202D4F 		.ascii	"g -Og -ffunction-sections -ffat-lto-objects\000"
 1378      67202D66 
 1378      66756E63 
 1378      74696F6E 
 1378      2D736563 
 1379              	.LASF179:
 1380 0eca 61756469 		.ascii	"audioss_interrupt_pdm_IRQn\000"
 1380      6F73735F 
 1380      696E7465 
 1380      72727570 
 1380      745F7064 
 1381              	.LASF201:
 1382 0ee5 6C6F6E67 		.ascii	"long double\000"
 1382      20646F75 
 1382      626C6500 
 1383              	.LASF202:
 1384 0ef1 63686172 		.ascii	"char\000"
ARM GAS  C:\Users\fiona\AppData\Local\Temp\ccanFeaO.s 			page 36


 1384      00
 1385              	.LASF209:
 1386 0ef6 50726573 		.ascii	"Press1_IRQ_cfg\000"
 1386      73315F49 
 1386      52515F63 
 1386      666700
 1387              	.LASF220:
 1388 0f05 47656E65 		.ascii	"Generated_Source\\PSoC6\\cyfitter_sysint_cfg.c\000"
 1388      72617465 
 1388      645F536F 
 1388      75726365 
 1388      5C50536F 
 1389              	.LASF101:
 1390 0f32 63707573 		.ascii	"cpuss_interrupts_dw0_12_IRQn\000"
 1390      735F696E 
 1390      74657272 
 1390      75707473 
 1390      5F647730 
 1391              	.LASF42:
 1392 0f4f 696F7373 		.ascii	"ioss_interrupts_gpio_3_IRQn\000"
 1392      5F696E74 
 1392      65727275 
 1392      7074735F 
 1392      6770696F 
 1393              	.LASF177:
 1394 0f6b 70617373 		.ascii	"pass_interrupt_sar_IRQn\000"
 1394      5F696E74 
 1394      65727275 
 1394      70745F73 
 1394      61725F49 
 1395              	.LASF4:
 1396 0f83 50656E64 		.ascii	"PendSV_IRQn\000"
 1396      53565F49 
 1396      52516E00 
 1397              	.LASF83:
 1398 0f8f 7363625F 		.ascii	"scb_3_interrupt_IRQn\000"
 1398      335F696E 
 1398      74657272 
 1398      7570745F 
 1398      4952516E 
 1399              	.LASF170:
 1400 0fa4 7564625F 		.ascii	"udb_interrupts_9_IRQn\000"
 1400      696E7465 
 1400      72727570 
 1400      74735F39 
 1400      5F495251 
 1401              	.LASF33:
 1402 0fba 4E766963 		.ascii	"NvicMux27_IRQn\000"
 1402      4D757832 
 1402      375F4952 
 1402      516E00
 1403              	.LASF1:
 1404 0fc9 4E6F6E4D 		.ascii	"NonMaskableInt_IRQn\000"
 1404      61736B61 
 1404      626C6549 
 1404      6E745F49 
 1404      52516E00 
ARM GAS  C:\Users\fiona\AppData\Local\Temp\ccanFeaO.s 			page 37


 1405              	.LASF156:
 1406 0fdd 74637077 		.ascii	"tcpwm_1_interrupts_19_IRQn\000"
 1406      6D5F315F 
 1406      696E7465 
 1406      72727570 
 1406      74735F31 
 1407              	.LASF86:
 1408 0ff8 7363625F 		.ascii	"scb_6_interrupt_IRQn\000"
 1408      365F696E 
 1408      74657272 
 1408      7570745F 
 1408      4952516E 
 1409              	.LASF212:
 1410 100d 53656E73 		.ascii	"SensorBus_SCB_IRQ_cfg\000"
 1410      6F724275 
 1410      735F5343 
 1410      425F4952 
 1410      515F6366 
 1411              	.LASF16:
 1412 1023 4E766963 		.ascii	"NvicMux10_IRQn\000"
 1412      4D757831 
 1412      305F4952 
 1412      516E00
 1413              	.LASF25:
 1414 1032 4E766963 		.ascii	"NvicMux19_IRQn\000"
 1414      4D757831 
 1414      395F4952 
 1414      516E00
 1415              	.LASF171:
 1416 1041 7564625F 		.ascii	"udb_interrupts_10_IRQn\000"
 1416      696E7465 
 1416      72727570 
 1416      74735F31 
 1416      305F4952 
 1417              	.LASF40:
 1418 1058 696F7373 		.ascii	"ioss_interrupts_gpio_1_IRQn\000"
 1418      5F696E74 
 1418      65727275 
 1418      7074735F 
 1418      6770696F 
 1419              	.LASF2:
 1420 1074 48617264 		.ascii	"HardFault_IRQn\000"
 1420      4661756C 
 1420      745F4952 
 1420      516E00
 1421              	.LASF218:
 1422 1083 5368616B 		.ascii	"Shake_IRQ_cfg\000"
 1422      655F4952 
 1422      515F6366 
 1422      6700
 1423              	.LASF94:
 1424 1091 63707573 		.ascii	"cpuss_interrupts_dw0_5_IRQn\000"
 1424      735F696E 
 1424      74657272 
 1424      75707473 
 1424      5F647730 
 1425              	.LASF12:
ARM GAS  C:\Users\fiona\AppData\Local\Temp\ccanFeaO.s 			page 38


 1426 10ad 4E766963 		.ascii	"NvicMux6_IRQn\000"
 1426      4D757836 
 1426      5F495251 
 1426      6E00
 1427              	.LASF88:
 1428 10bb 6373645F 		.ascii	"csd_interrupt_IRQn\000"
 1428      696E7465 
 1428      72727570 
 1428      745F4952 
 1428      516E00
 1429              	.LASF36:
 1430 10ce 4E766963 		.ascii	"NvicMux30_IRQn\000"
 1430      4D757833 
 1430      305F4952 
 1430      516E00
 1431              	.LASF159:
 1432 10dd 74637077 		.ascii	"tcpwm_1_interrupts_22_IRQn\000"
 1432      6D5F315F 
 1432      696E7465 
 1432      72727570 
 1432      74735F32 
 1433              	.LASF140:
 1434 10f8 74637077 		.ascii	"tcpwm_1_interrupts_3_IRQn\000"
 1434      6D5F315F 
 1434      696E7465 
 1434      72727570 
 1434      74735F33 
 1435              	.LASF72:
 1436 1112 63707573 		.ascii	"cpuss_interrupts_ipc_8_IRQn\000"
 1436      735F696E 
 1436      74657272 
 1436      75707473 
 1436      5F697063 
 1437              	.LASF107:
 1438 112e 63707573 		.ascii	"cpuss_interrupts_dw1_2_IRQn\000"
 1438      735F696E 
 1438      74657272 
 1438      75707473 
 1438      5F647731 
 1439              	.LASF79:
 1440 114a 63707573 		.ascii	"cpuss_interrupts_ipc_15_IRQn\000"
 1440      735F696E 
 1440      74657272 
 1440      75707473 
 1440      5F697063 
 1441              	.LASF165:
 1442 1167 7564625F 		.ascii	"udb_interrupts_4_IRQn\000"
 1442      696E7465 
 1442      72727570 
 1442      74735F34 
 1442      5F495251 
 1443              	.LASF28:
 1444 117d 4E766963 		.ascii	"NvicMux22_IRQn\000"
 1444      4D757832 
 1444      325F4952 
 1444      516E00
 1445              	.LASF87:
ARM GAS  C:\Users\fiona\AppData\Local\Temp\ccanFeaO.s 			page 39


 1446 118c 7363625F 		.ascii	"scb_7_interrupt_IRQn\000"
 1446      375F696E 
 1446      74657272 
 1446      7570745F 
 1446      4952516E 
 1447              	.LASF151:
 1448 11a1 74637077 		.ascii	"tcpwm_1_interrupts_14_IRQn\000"
 1448      6D5F315F 
 1448      696E7465 
 1448      72727570 
 1448      74735F31 
 1449              	.LASF43:
 1450 11bc 696F7373 		.ascii	"ioss_interrupts_gpio_4_IRQn\000"
 1450      5F696E74 
 1450      65727275 
 1450      7074735F 
 1450      6770696F 
 1451              	.LASF181:
 1452 11d8 736D6966 		.ascii	"smif_interrupt_IRQn\000"
 1452      5F696E74 
 1452      65727275 
 1452      70745F49 
 1452      52516E00 
 1453              	.LASF51:
 1454 11ec 696F7373 		.ascii	"ioss_interrupts_gpio_12_IRQn\000"
 1454      5F696E74 
 1454      65727275 
 1454      7074735F 
 1454      6770696F 
 1455              	.LASF173:
 1456 1209 7564625F 		.ascii	"udb_interrupts_12_IRQn\000"
 1456      696E7465 
 1456      72727570 
 1456      74735F31 
 1456      325F4952 
 1457              	.LASF117:
 1458 1220 63707573 		.ascii	"cpuss_interrupts_dw1_12_IRQn\000"
 1458      735F696E 
 1458      74657272 
 1458      75707473 
 1458      5F647731 
 1459              	.LASF89:
 1460 123d 63707573 		.ascii	"cpuss_interrupts_dw0_0_IRQn\000"
 1460      735F696E 
 1460      74657272 
 1460      75707473 
 1460      5F647730 
 1461              	.LASF7:
 1462 1259 4E766963 		.ascii	"NvicMux1_IRQn\000"
 1462      4D757831 
 1462      5F495251 
 1462      6E00
 1463              	.LASF55:
 1464 1267 696F7373 		.ascii	"ioss_interrupt_vdd_IRQn\000"
 1464      5F696E74 
 1464      65727275 
 1464      70745F76 
ARM GAS  C:\Users\fiona\AppData\Local\Temp\ccanFeaO.s 			page 40


 1464      64645F49 
 1465              	.LASF17:
 1466 127f 4E766963 		.ascii	"NvicMux11_IRQn\000"
 1466      4D757831 
 1466      315F4952 
 1466      516E00
 1467              	.LASF129:
 1468 128e 74637077 		.ascii	"tcpwm_0_interrupts_0_IRQn\000"
 1468      6D5F305F 
 1468      696E7465 
 1468      72727570 
 1468      74735F30 
 1469              	.LASF62:
 1470 12a8 70617373 		.ascii	"pass_interrupt_ctbs_IRQn\000"
 1470      5F696E74 
 1470      65727275 
 1470      70745F63 
 1470      7462735F 
 1471              	.LASF115:
 1472 12c1 63707573 		.ascii	"cpuss_interrupts_dw1_10_IRQn\000"
 1472      735F696E 
 1472      74657272 
 1472      75707473 
 1472      5F647731 
 1473              	.LASF60:
 1474 12de 73727373 		.ascii	"srss_interrupt_backup_IRQn\000"
 1474      5F696E74 
 1474      65727275 
 1474      70745F62 
 1474      61636B75 
 1475              	.LASF74:
 1476 12f9 63707573 		.ascii	"cpuss_interrupts_ipc_10_IRQn\000"
 1476      735F696E 
 1476      74657272 
 1476      75707473 
 1476      5F697063 
 1477              	.LASF111:
 1478 1316 63707573 		.ascii	"cpuss_interrupts_dw1_6_IRQn\000"
 1478      735F696E 
 1478      74657272 
 1478      75707473 
 1478      5F647731 
 1479              	.LASF96:
 1480 1332 63707573 		.ascii	"cpuss_interrupts_dw0_7_IRQn\000"
 1480      735F696E 
 1480      74657272 
 1480      75707473 
 1480      5F647730 
 1481              	.LASF207:
 1482 134e 696E7472 		.ascii	"intrPriority\000"
 1482      5072696F 
 1482      72697479 
 1482      00
 1483              	.LASF141:
 1484 135b 74637077 		.ascii	"tcpwm_1_interrupts_4_IRQn\000"
 1484      6D5F315F 
 1484      696E7465 
ARM GAS  C:\Users\fiona\AppData\Local\Temp\ccanFeaO.s 			page 41


 1484      72727570 
 1484      74735F34 
 1485              	.LASF125:
 1486 1375 63707573 		.ascii	"cpuss_interrupts_cm0_cti_0_IRQn\000"
 1486      735F696E 
 1486      74657272 
 1486      75707473 
 1486      5F636D30 
 1487              	.LASF47:
 1488 1395 696F7373 		.ascii	"ioss_interrupts_gpio_8_IRQn\000"
 1488      5F696E74 
 1488      65727275 
 1488      7074735F 
 1488      6770696F 
 1489              	.LASF73:
 1490 13b1 63707573 		.ascii	"cpuss_interrupts_ipc_9_IRQn\000"
 1490      735F696E 
 1490      74657272 
 1490      75707473 
 1490      5F697063 
 1491              	.LASF166:
 1492 13cd 7564625F 		.ascii	"udb_interrupts_5_IRQn\000"
 1492      696E7465 
 1492      72727570 
 1492      74735F35 
 1492      5F495251 
 1493              	.LASF77:
 1494 13e3 63707573 		.ascii	"cpuss_interrupts_ipc_13_IRQn\000"
 1494      735F696E 
 1494      74657272 
 1494      75707473 
 1494      5F697063 
 1495              	.LASF29:
 1496 1400 4E766963 		.ascii	"NvicMux23_IRQn\000"
 1496      4D757832 
 1496      335F4952 
 1496      516E00
 1497              		.ident	"GCC: (GNU Tools for ARM Embedded Processors) 5.4.1 20160609 (release) [ARM/embedded-5-bran
