ARM GAS  C:\Users\salaz\AppData\Local\Temp\cc7S2ZId.s 			page 1


   1              		.syntax unified
   2              		.cpu cortex-m0plus
   3              		.fpu softvfp
   4              		.eabi_attribute 20, 1
   5              		.eabi_attribute 21, 1
   6              		.eabi_attribute 23, 3
   7              		.eabi_attribute 24, 1
   8              		.eabi_attribute 25, 1
   9              		.eabi_attribute 26, 1
  10              		.eabi_attribute 30, 1
  11              		.eabi_attribute 34, 0
  12              		.eabi_attribute 18, 4
  13              		.thumb
  14              		.syntax unified
  15              		.file	"cyfitter_sysint_cfg.c"
  16              		.text
  17              	.Ltext0:
  18              		.cfi_sections	.debug_frame
  19              		.global	Shake_IRQ_cfg
  20              		.global	AppControl_IRQ_cfg
  21              		.global	MotorTimer_IRQ_cfg
  22              		.global	ChimeTimer_IRQ_cfg
  23              		.global	LightTimer_IRQ_cfg
  24              		.global	CapSense_ISR_cfg
  25              		.global	UART_DEBUG_SCB_IRQ_cfg
  26              		.global	SensorBus_SCB_IRQ_cfg
  27              		.global	Bluetooth_bless_isr_cfg
  28              		.global	WatchDog_IRQ_cfg
  29              		.global	Press1_IRQ_cfg
  30              		.section	.rodata
  31              		.align	2
  32              		.type	Shake_IRQ_cfg, %object
  33              		.size	Shake_IRQ_cfg, 8
  34              	Shake_IRQ_cfg:
  35 0000 0E00     		.short	14
  36 0002 7B       		.byte	123
  37 0003 00       		.space	1
  38 0004 03000000 		.word	3
  39              		.type	AppControl_IRQ_cfg, %object
  40              		.size	AppControl_IRQ_cfg, 8
  41              	AppControl_IRQ_cfg:
  42 0008 0900     		.short	9
  43 000a 7A       		.byte	122
  44 000b 00       		.space	1
  45 000c 03000000 		.word	3
  46              		.type	MotorTimer_IRQ_cfg, %object
  47              		.size	MotorTimer_IRQ_cfg, 8
  48              	MotorTimer_IRQ_cfg:
  49 0010 0C00     		.short	12
  50 0012 60       		.byte	96
  51 0013 00       		.space	1
  52 0014 03000000 		.word	3
  53              		.type	ChimeTimer_IRQ_cfg, %object
  54              		.size	ChimeTimer_IRQ_cfg, 8
  55              	ChimeTimer_IRQ_cfg:
  56 0018 0A00     		.short	10
  57 001a 5F       		.byte	95
ARM GAS  C:\Users\salaz\AppData\Local\Temp\cc7S2ZId.s 			page 2


  58 001b 00       		.space	1
  59 001c 03000000 		.word	3
  60              		.type	LightTimer_IRQ_cfg, %object
  61              		.size	LightTimer_IRQ_cfg, 8
  62              	LightTimer_IRQ_cfg:
  63 0020 0B00     		.short	11
  64 0022 5D       		.byte	93
  65 0023 00       		.space	1
  66 0024 03000000 		.word	3
  67              		.type	CapSense_ISR_cfg, %object
  68              		.size	CapSense_ISR_cfg, 8
  69              	CapSense_ISR_cfg:
  70 0028 0F00     		.short	15
  71 002a 31       		.byte	49
  72 002b 00       		.space	1
  73 002c 03000000 		.word	3
  74              		.type	UART_DEBUG_SCB_IRQ_cfg, %object
  75              		.size	UART_DEBUG_SCB_IRQ_cfg, 8
  76              	UART_DEBUG_SCB_IRQ_cfg:
  77 0030 0800     		.short	8
  78 0032 2E       		.byte	46
  79 0033 00       		.space	1
  80 0034 03000000 		.word	3
  81              		.type	SensorBus_SCB_IRQ_cfg, %object
  82              		.size	SensorBus_SCB_IRQ_cfg, 8
  83              	SensorBus_SCB_IRQ_cfg:
  84 0038 0D00     		.short	13
  85 003a 2C       		.byte	44
  86 003b 00       		.space	1
  87 003c 01000000 		.word	1
  88              		.type	Bluetooth_bless_isr_cfg, %object
  89              		.size	Bluetooth_bless_isr_cfg, 8
  90              	Bluetooth_bless_isr_cfg:
  91 0040 0400     		.short	4
  92 0042 18       		.byte	24
  93 0043 00       		.space	1
  94 0044 01000000 		.word	1
  95              		.type	WatchDog_IRQ_cfg, %object
  96              		.size	WatchDog_IRQ_cfg, 8
  97              	WatchDog_IRQ_cfg:
  98 0048 0500     		.short	5
  99 004a 13       		.byte	19
 100 004b 00       		.space	1
 101 004c 03000000 		.word	3
 102              		.type	Press1_IRQ_cfg, %object
 103              		.size	Press1_IRQ_cfg, 8
 104              	Press1_IRQ_cfg:
 105 0050 0300     		.short	3
 106 0052 00       		.byte	0
 107 0053 00       		.space	1
 108 0054 03000000 		.word	3
 109              		.text
 110              	.Letext0:
 111              		.file 1 "Generated_Source\\PSoC6\\pdl\\devices/psoc6/psoc63/include/cy8c6347bzi_bld53.h"
 112              		.file 2 "c:\\program files (x86)\\cypress\\psoc creator\\4.2\\psoc creator\\import\\gnu\\arm\\5.4.
 113              		.file 3 "c:\\program files (x86)\\cypress\\psoc creator\\4.2\\psoc creator\\import\\gnu\\arm\\5.4.
 114              		.file 4 "Generated_Source\\PSoC6\\pdl\\drivers/peripheral/sysint/cy_sysint.h"
ARM GAS  C:\Users\salaz\AppData\Local\Temp\cc7S2ZId.s 			page 3


 115              		.file 5 "Generated_Source\\PSoC6\\cyfitter_sysint_cfg.c"
 116              		.section	.debug_info,"",%progbits
 117              	.Ldebug_info0:
 118 0000 24060000 		.4byte	0x624
 119 0004 0400     		.2byte	0x4
 120 0006 00000000 		.4byte	.Ldebug_abbrev0
 121 000a 04       		.byte	0x4
 122 000b 01       		.uleb128 0x1
 123 000c 5C0E0000 		.4byte	.LASF220
 124 0010 0C       		.byte	0xc
 125 0011 290F0000 		.4byte	.LASF221
 126 0015 4C070000 		.4byte	.LASF222
 127 0019 00000000 		.4byte	.Ldebug_line0
 128 001d 02       		.uleb128 0x2
 129 001e 02       		.byte	0x2
 130 001f 14010000 		.4byte	0x114
 131 0023 01       		.byte	0x1
 132 0024 24       		.byte	0x24
 133 0025 14010000 		.4byte	0x114
 134 0029 03       		.uleb128 0x3
 135 002a 95020000 		.4byte	.LASF0
 136 002e 71       		.sleb128 -15
 137 002f 03       		.uleb128 0x3
 138 0030 ED0F0000 		.4byte	.LASF1
 139 0034 72       		.sleb128 -14
 140 0035 03       		.uleb128 0x3
 141 0036 98100000 		.4byte	.LASF2
 142 003a 73       		.sleb128 -13
 143 003b 03       		.uleb128 0x3
 144 003c B0090000 		.4byte	.LASF3
 145 0040 7B       		.sleb128 -5
 146 0041 03       		.uleb128 0x3
 147 0042 A70F0000 		.4byte	.LASF4
 148 0046 7E       		.sleb128 -2
 149 0047 03       		.uleb128 0x3
 150 0048 A5080000 		.4byte	.LASF5
 151 004c 7F       		.sleb128 -1
 152 004d 04       		.uleb128 0x4
 153 004e 78090000 		.4byte	.LASF6
 154 0052 00       		.byte	0
 155 0053 04       		.uleb128 0x4
 156 0054 7A120000 		.4byte	.LASF7
 157 0058 01       		.byte	0x1
 158 0059 04       		.uleb128 0x4
 159 005a E9000000 		.4byte	.LASF8
 160 005e 02       		.byte	0x2
 161 005f 04       		.uleb128 0x4
 162 0060 3E030000 		.4byte	.LASF9
 163 0064 03       		.byte	0x3
 164 0065 04       		.uleb128 0x4
 165 0066 5C050000 		.4byte	.LASF10
 166 006a 04       		.byte	0x4
 167 006b 04       		.uleb128 0x4
 168 006c B10D0000 		.4byte	.LASF11
 169 0070 05       		.byte	0x5
 170 0071 04       		.uleb128 0x4
 171 0072 D1100000 		.4byte	.LASF12
ARM GAS  C:\Users\salaz\AppData\Local\Temp\cc7S2ZId.s 			page 4


 172 0076 06       		.byte	0x6
 173 0077 04       		.uleb128 0x4
 174 0078 410D0000 		.4byte	.LASF13
 175 007c 07       		.byte	0x7
 176 007d 04       		.uleb128 0x4
 177 007e 2B070000 		.4byte	.LASF14
 178 0082 08       		.byte	0x8
 179 0083 04       		.uleb128 0x4
 180 0084 A2090000 		.4byte	.LASF15
 181 0088 09       		.byte	0x9
 182 0089 04       		.uleb128 0x4
 183 008a 47100000 		.4byte	.LASF16
 184 008e 0A       		.byte	0xa
 185 008f 04       		.uleb128 0x4
 186 0090 A0120000 		.4byte	.LASF17
 187 0094 0B       		.byte	0xb
 188 0095 04       		.uleb128 0x4
 189 0096 BE060000 		.4byte	.LASF18
 190 009a 0C       		.byte	0xc
 191 009b 04       		.uleb128 0x4
 192 009c FC080000 		.4byte	.LASF19
 193 00a0 0D       		.byte	0xd
 194 00a1 04       		.uleb128 0x4
 195 00a2 3B0B0000 		.4byte	.LASF20
 196 00a6 0E       		.byte	0xe
 197 00a7 04       		.uleb128 0x4
 198 00a8 7B000000 		.4byte	.LASF21
 199 00ac 0F       		.byte	0xf
 200 00ad 04       		.uleb128 0x4
 201 00ae F1020000 		.4byte	.LASF22
 202 00b2 10       		.byte	0x10
 203 00b3 04       		.uleb128 0x4
 204 00b4 13050000 		.4byte	.LASF23
 205 00b8 11       		.byte	0x11
 206 00b9 04       		.uleb128 0x4
 207 00ba 4F0D0000 		.4byte	.LASF24
 208 00be 12       		.byte	0x12
 209 00bf 04       		.uleb128 0x4
 210 00c0 56100000 		.4byte	.LASF25
 211 00c4 13       		.byte	0x13
 212 00c5 04       		.uleb128 0x4
 213 00c6 1E060000 		.4byte	.LASF26
 214 00ca 14       		.byte	0x14
 215 00cb 04       		.uleb128 0x4
 216 00cc 7F080000 		.4byte	.LASF27
 217 00d0 15       		.byte	0x15
 218 00d1 04       		.uleb128 0x4
 219 00d2 A1110000 		.4byte	.LASF28
 220 00d6 16       		.byte	0x16
 221 00d7 04       		.uleb128 0x4
 222 00d8 21140000 		.4byte	.LASF29
 223 00dc 17       		.byte	0x17
 224 00dd 04       		.uleb128 0x4
 225 00de 86020000 		.4byte	.LASF30
 226 00e2 18       		.byte	0x18
 227 00e3 04       		.uleb128 0x4
 228 00e4 510A0000 		.4byte	.LASF31
ARM GAS  C:\Users\salaz\AppData\Local\Temp\cc7S2ZId.s 			page 5


 229 00e8 19       		.byte	0x19
 230 00e9 04       		.uleb128 0x4
 231 00ea E7060000 		.4byte	.LASF32
 232 00ee 1A       		.byte	0x1a
 233 00ef 04       		.uleb128 0x4
 234 00f0 DE0F0000 		.4byte	.LASF33
 235 00f4 1B       		.byte	0x1b
 236 00f5 04       		.uleb128 0x4
 237 00f6 10040000 		.4byte	.LASF34
 238 00fa 1C       		.byte	0x1c
 239 00fb 04       		.uleb128 0x4
 240 00fc 2D060000 		.4byte	.LASF35
 241 0100 1D       		.byte	0x1d
 242 0101 04       		.uleb128 0x4
 243 0102 F2100000 		.4byte	.LASF36
 244 0106 1E       		.byte	0x1e
 245 0107 04       		.uleb128 0x4
 246 0108 04050000 		.4byte	.LASF37
 247 010c 1F       		.byte	0x1f
 248 010d 04       		.uleb128 0x4
 249 010e A00C0000 		.4byte	.LASF38
 250 0112 F0       		.byte	0xf0
 251 0113 00       		.byte	0
 252 0114 05       		.uleb128 0x5
 253 0115 02       		.byte	0x2
 254 0116 05       		.byte	0x5
 255 0117 B10C0000 		.4byte	.LASF187
 256 011b 06       		.uleb128 0x6
 257 011c BF0D0000 		.4byte	.LASF189
 258 0120 01       		.byte	0x1
 259 0121 F4       		.byte	0xf4
 260 0122 1D000000 		.4byte	0x1d
 261 0126 02       		.uleb128 0x2
 262 0127 01       		.byte	0x1
 263 0128 AB040000 		.4byte	0x4ab
 264 012c 01       		.byte	0x1
 265 012d FD       		.byte	0xfd
 266 012e AB040000 		.4byte	0x4ab
 267 0132 04       		.uleb128 0x4
 268 0133 00000000 		.4byte	.LASF39
 269 0137 00       		.byte	0
 270 0138 04       		.uleb128 0x4
 271 0139 7C100000 		.4byte	.LASF40
 272 013d 01       		.byte	0x1
 273 013e 04       		.uleb128 0x4
 274 013f 4A000000 		.4byte	.LASF41
 275 0143 02       		.byte	0x2
 276 0144 04       		.uleb128 0x4
 277 0145 730F0000 		.4byte	.LASF42
 278 0149 03       		.byte	0x3
 279 014a 04       		.uleb128 0x4
 280 014b E0110000 		.4byte	.LASF43
 281 014f 04       		.byte	0x4
 282 0150 04       		.uleb128 0x4
 283 0151 B3050000 		.4byte	.LASF44
 284 0155 05       		.byte	0x5
 285 0156 04       		.uleb128 0x4
ARM GAS  C:\Users\salaz\AppData\Local\Temp\cc7S2ZId.s 			page 6


 286 0157 1C080000 		.4byte	.LASF45
 287 015b 06       		.byte	0x6
 288 015c 04       		.uleb128 0x4
 289 015d 900A0000 		.4byte	.LASF46
 290 0161 07       		.byte	0x7
 291 0162 04       		.uleb128 0x4
 292 0163 B6130000 		.4byte	.LASF47
 293 0167 08       		.byte	0x8
 294 0168 04       		.uleb128 0x4
 295 0169 2E020000 		.4byte	.LASF48
 296 016d 09       		.byte	0x9
 297 016e 04       		.uleb128 0x4
 298 016f 6D0C0000 		.4byte	.LASF49
 299 0173 0A       		.byte	0xa
 300 0174 04       		.uleb128 0x4
 301 0175 1E0B0000 		.4byte	.LASF50
 302 0179 0B       		.byte	0xb
 303 017a 04       		.uleb128 0x4
 304 017b 0D120000 		.4byte	.LASF51
 305 017f 0C       		.byte	0xc
 306 0180 04       		.uleb128 0x4
 307 0181 01060000 		.4byte	.LASF52
 308 0185 0D       		.byte	0xd
 309 0186 04       		.uleb128 0x4
 310 0187 62080000 		.4byte	.LASF53
 311 018b 0E       		.byte	0xe
 312 018c 04       		.uleb128 0x4
 313 018d 5E040000 		.4byte	.LASF54
 314 0191 0F       		.byte	0xf
 315 0192 04       		.uleb128 0x4
 316 0193 88120000 		.4byte	.LASF55
 317 0197 10       		.byte	0x10
 318 0198 04       		.uleb128 0x4
 319 0199 4C030000 		.4byte	.LASF56
 320 019d 11       		.byte	0x11
 321 019e 04       		.uleb128 0x4
 322 019f B8000000 		.4byte	.LASF57
 323 01a3 12       		.byte	0x12
 324 01a4 04       		.uleb128 0x4
 325 01a5 77040000 		.4byte	.LASF58
 326 01a9 13       		.byte	0x13
 327 01aa 04       		.uleb128 0x4
 328 01ab 86060000 		.4byte	.LASF59
 329 01af 14       		.byte	0x14
 330 01b0 04       		.uleb128 0x4
 331 01b1 FF120000 		.4byte	.LASF60
 332 01b5 15       		.byte	0x15
 333 01b6 04       		.uleb128 0x4
 334 01b7 A4000000 		.4byte	.LASF61
 335 01bb 16       		.byte	0x16
 336 01bc 04       		.uleb128 0x4
 337 01bd C9120000 		.4byte	.LASF62
 338 01c1 17       		.byte	0x17
 339 01c2 04       		.uleb128 0x4
 340 01c3 F7000000 		.4byte	.LASF63
 341 01c7 18       		.byte	0x18
 342 01c8 04       		.uleb128 0x4
ARM GAS  C:\Users\salaz\AppData\Local\Temp\cc7S2ZId.s 			page 7


 343 01c9 780D0000 		.4byte	.LASF64
 344 01cd 19       		.byte	0x19
 345 01ce 04       		.uleb128 0x4
 346 01cf 98070000 		.4byte	.LASF65
 347 01d3 1A       		.byte	0x1a
 348 01d4 04       		.uleb128 0x4
 349 01d5 030A0000 		.4byte	.LASF66
 350 01d9 1B       		.byte	0x1b
 351 01da 04       		.uleb128 0x4
 352 01db 440C0000 		.4byte	.LASF67
 353 01df 1C       		.byte	0x1c
 354 01e0 04       		.uleb128 0x4
 355 01e1 51010000 		.4byte	.LASF68
 356 01e5 1D       		.byte	0x1d
 357 01e6 04       		.uleb128 0x4
 358 01e7 9F030000 		.4byte	.LASF69
 359 01eb 1E       		.byte	0x1e
 360 01ec 04       		.uleb128 0x4
 361 01ed CF050000 		.4byte	.LASF70
 362 01f1 1F       		.byte	0x1f
 363 01f2 04       		.uleb128 0x4
 364 01f3 070E0000 		.4byte	.LASF71
 365 01f7 20       		.byte	0x20
 366 01f8 04       		.uleb128 0x4
 367 01f9 36110000 		.4byte	.LASF72
 368 01fd 21       		.byte	0x21
 369 01fe 04       		.uleb128 0x4
 370 01ff D2130000 		.4byte	.LASF73
 371 0203 22       		.byte	0x22
 372 0204 04       		.uleb128 0x4
 373 0205 1A130000 		.4byte	.LASF74
 374 0209 23       		.byte	0x23
 375 020a 04       		.uleb128 0x4
 376 020b 6D010000 		.4byte	.LASF75
 377 020f 24       		.byte	0x24
 378 0210 04       		.uleb128 0x4
 379 0211 D7030000 		.4byte	.LASF76
 380 0215 25       		.byte	0x25
 381 0216 04       		.uleb128 0x4
 382 0217 04140000 		.4byte	.LASF77
 383 021b 26       		.byte	0x26
 384 021c 04       		.uleb128 0x4
 385 021d 3F0E0000 		.4byte	.LASF78
 386 0221 27       		.byte	0x27
 387 0222 04       		.uleb128 0x4
 388 0223 6E110000 		.4byte	.LASF79
 389 0227 28       		.byte	0x28
 390 0228 04       		.uleb128 0x4
 391 0229 22010000 		.4byte	.LASF80
 392 022d 29       		.byte	0x29
 393 022e 04       		.uleb128 0x4
 394 022f 47050000 		.4byte	.LASF81
 395 0233 2A       		.byte	0x2a
 396 0234 04       		.uleb128 0x4
 397 0235 81050000 		.4byte	.LASF82
 398 0239 2B       		.byte	0x2b
 399 023a 04       		.uleb128 0x4
ARM GAS  C:\Users\salaz\AppData\Local\Temp\cc7S2ZId.s 			page 8


 400 023b B30F0000 		.4byte	.LASF83
 401 023f 2C       		.byte	0x2c
 402 0240 04       		.uleb128 0x4
 403 0241 7B0A0000 		.4byte	.LASF84
 404 0245 2D       		.byte	0x2d
 405 0246 04       		.uleb128 0x4
 406 0247 66000000 		.4byte	.LASF85
 407 024b 2E       		.byte	0x2e
 408 024c 04       		.uleb128 0x4
 409 024d 1C100000 		.4byte	.LASF86
 410 0251 2F       		.byte	0x2f
 411 0252 04       		.uleb128 0x4
 412 0253 B0110000 		.4byte	.LASF87
 413 0257 30       		.byte	0x30
 414 0258 04       		.uleb128 0x4
 415 0259 DF100000 		.4byte	.LASF88
 416 025d 31       		.byte	0x31
 417 025e 04       		.uleb128 0x4
 418 025f 5E120000 		.4byte	.LASF89
 419 0263 32       		.byte	0x32
 420 0264 04       		.uleb128 0x4
 421 0265 CD000000 		.4byte	.LASF90
 422 0269 33       		.byte	0x33
 423 026a 04       		.uleb128 0x4
 424 026b A2060000 		.4byte	.LASF91
 425 026f 34       		.byte	0x34
 426 0270 04       		.uleb128 0x4
 427 0271 020B0000 		.4byte	.LASF92
 428 0275 35       		.byte	0x35
 429 0276 04       		.uleb128 0x4
 430 0277 42040000 		.4byte	.LASF93
 431 027b 36       		.byte	0x36
 432 027c 04       		.uleb128 0x4
 433 027d B5100000 		.4byte	.LASF94
 434 0281 37       		.byte	0x37
 435 0282 04       		.uleb128 0x4
 436 0283 C8040000 		.4byte	.LASF95
 437 0287 38       		.byte	0x38
 438 0288 04       		.uleb128 0x4
 439 0289 53130000 		.4byte	.LASF96
 440 028d 39       		.byte	0x39
 441 028e 04       		.uleb128 0x4
 442 028f 86090000 		.4byte	.LASF97
 443 0293 3A       		.byte	0x3a
 444 0294 04       		.uleb128 0x4
 445 0295 CC0B0000 		.4byte	.LASF98
 446 0299 3B       		.byte	0x3b
 447 029a 04       		.uleb128 0x4
 448 029b CC090000 		.4byte	.LASF99
 449 029f 3C       		.byte	0x3c
 450 02a0 04       		.uleb128 0x4
 451 02a1 0D0C0000 		.4byte	.LASF100
 452 02a5 3D       		.byte	0x3d
 453 02a6 04       		.uleb128 0x4
 454 02a7 560F0000 		.4byte	.LASF101
 455 02ab 3E       		.byte	0x3e
 456 02ac 04       		.uleb128 0x4
ARM GAS  C:\Users\salaz\AppData\Local\Temp\cc7S2ZId.s 			page 9


 457 02ad AC0A0000 		.4byte	.LASF102
 458 02b1 3F       		.byte	0x3f
 459 02b2 04       		.uleb128 0x4
 460 02b3 96050000 		.4byte	.LASF103
 461 02b7 40       		.byte	0x40
 462 02b8 04       		.uleb128 0x4
 463 02b9 FF070000 		.4byte	.LASF104
 464 02bd 41       		.byte	0x41
 465 02be 04       		.uleb128 0x4
 466 02bf 990B0000 		.4byte	.LASF105
 467 02c3 42       		.byte	0x42
 468 02c4 04       		.uleb128 0x4
 469 02c5 230E0000 		.4byte	.LASF106
 470 02c9 43       		.byte	0x43
 471 02ca 04       		.uleb128 0x4
 472 02cb 52110000 		.4byte	.LASF107
 473 02cf 44       		.byte	0x44
 474 02d0 04       		.uleb128 0x4
 475 02d1 250D0000 		.4byte	.LASF108
 476 02d5 45       		.byte	0x45
 477 02d6 04       		.uleb128 0x4
 478 02d7 B4070000 		.4byte	.LASF109
 479 02db 46       		.byte	0x46
 480 02dc 04       		.uleb128 0x4
 481 02dd 1F0A0000 		.4byte	.LASF110
 482 02e1 47       		.byte	0x47
 483 02e2 04       		.uleb128 0x4
 484 02e3 37130000 		.4byte	.LASF111
 485 02e7 48       		.byte	0x48
 486 02e8 04       		.uleb128 0x4
 487 02e9 BB030000 		.4byte	.LASF112
 488 02ed 49       		.byte	0x49
 489 02ee 04       		.uleb128 0x4
 490 02ef F4030000 		.4byte	.LASF113
 491 02f3 4A       		.byte	0x4a
 492 02f4 04       		.uleb128 0x4
 493 02f5 1A030000 		.4byte	.LASF114
 494 02f9 4B       		.byte	0x4b
 495 02fa 04       		.uleb128 0x4
 496 02fb E2120000 		.4byte	.LASF115
 497 02ff 4C       		.byte	0x4c
 498 0300 04       		.uleb128 0x4
 499 0301 940D0000 		.4byte	.LASF116
 500 0305 4D       		.byte	0x4d
 501 0306 04       		.uleb128 0x4
 502 0307 41120000 		.4byte	.LASF117
 503 030b 4E       		.byte	0x4e
 504 030c 04       		.uleb128 0x4
 505 030d 57060000 		.4byte	.LASF118
 506 0311 4F       		.byte	0x4f
 507 0312 04       		.uleb128 0x4
 508 0313 B2080000 		.4byte	.LASF119
 509 0317 50       		.byte	0x50
 510 0318 04       		.uleb128 0x4
 511 0319 C90A0000 		.4byte	.LASF120
 512 031d 51       		.byte	0x51
 513 031e 04       		.uleb128 0x4
ARM GAS  C:\Users\salaz\AppData\Local\Temp\cc7S2ZId.s 			page 10


 514 031f 0D070000 		.4byte	.LASF121
 515 0323 52       		.byte	0x52
 516 0324 04       		.uleb128 0x4
 517 0325 51090000 		.4byte	.LASF122
 518 0329 53       		.byte	0x53
 519 032a 04       		.uleb128 0x4
 520 032b BB020000 		.4byte	.LASF123
 521 032f 54       		.byte	0x54
 522 0330 04       		.uleb128 0x4
 523 0331 D0070000 		.4byte	.LASF124
 524 0335 55       		.byte	0x55
 525 0336 04       		.uleb128 0x4
 526 0337 96130000 		.4byte	.LASF125
 527 033b 56       		.byte	0x56
 528 033c 04       		.uleb128 0x4
 529 033d 0E020000 		.4byte	.LASF126
 530 0341 57       		.byte	0x57
 531 0342 04       		.uleb128 0x4
 532 0343 BB0C0000 		.4byte	.LASF127
 533 0347 58       		.byte	0x58
 534 0348 04       		.uleb128 0x4
 535 0349 E4040000 		.4byte	.LASF128
 536 034d 59       		.byte	0x59
 537 034e 04       		.uleb128 0x4
 538 034f AF120000 		.4byte	.LASF129
 539 0353 5A       		.byte	0x5a
 540 0354 04       		.uleb128 0x4
 541 0355 CD060000 		.4byte	.LASF130
 542 0359 5B       		.byte	0x5b
 543 035a 04       		.uleb128 0x4
 544 035b 0B090000 		.4byte	.LASF131
 545 035f 5C       		.byte	0x5c
 546 0360 04       		.uleb128 0x4
 547 0361 4A0B0000 		.4byte	.LASF132
 548 0365 5D       		.byte	0x5d
 549 0366 04       		.uleb128 0x4
 550 0367 8A000000 		.4byte	.LASF133
 551 036b 5E       		.byte	0x5e
 552 036c 04       		.uleb128 0x4
 553 036d 00030000 		.4byte	.LASF134
 554 0371 5F       		.byte	0x5f
 555 0372 04       		.uleb128 0x4
 556 0373 22050000 		.4byte	.LASF135
 557 0377 60       		.byte	0x60
 558 0378 04       		.uleb128 0x4
 559 0379 5E0D0000 		.4byte	.LASF136
 560 037d 61       		.byte	0x61
 561 037e 04       		.uleb128 0x4
 562 037f 62030000 		.4byte	.LASF137
 563 0383 62       		.byte	0x62
 564 0384 04       		.uleb128 0x4
 565 0385 7F0B0000 		.4byte	.LASF138
 566 0389 63       		.byte	0x63
 567 038a 04       		.uleb128 0x4
 568 038b ED0D0000 		.4byte	.LASF139
 569 038f 64       		.byte	0x64
 570 0390 04       		.uleb128 0x4
ARM GAS  C:\Users\salaz\AppData\Local\Temp\cc7S2ZId.s 			page 11


 571 0391 1C110000 		.4byte	.LASF140
 572 0395 65       		.byte	0x65
 573 0396 04       		.uleb128 0x4
 574 0397 7C130000 		.4byte	.LASF141
 575 039b 66       		.byte	0x66
 576 039c 04       		.uleb128 0x4
 577 039d 7E070000 		.4byte	.LASF142
 578 03a1 67       		.byte	0x67
 579 03a2 04       		.uleb128 0x4
 580 03a3 E9090000 		.4byte	.LASF143
 581 03a7 68       		.byte	0x68
 582 03a8 04       		.uleb128 0x4
 583 03a9 2A0C0000 		.4byte	.LASF144
 584 03ad 69       		.byte	0x69
 585 03ae 04       		.uleb128 0x4
 586 03af 37010000 		.4byte	.LASF145
 587 03b3 6A       		.byte	0x6a
 588 03b4 04       		.uleb128 0x4
 589 03b5 85030000 		.4byte	.LASF146
 590 03b9 6B       		.byte	0x6b
 591 03ba 04       		.uleb128 0x4
 592 03bb E0010000 		.4byte	.LASF147
 593 03bf 6C       		.byte	0x6c
 594 03c0 04       		.uleb128 0x4
 595 03c1 27040000 		.4byte	.LASF148
 596 03c5 6D       		.byte	0x6d
 597 03c6 04       		.uleb128 0x4
 598 03c7 3C060000 		.4byte	.LASF149
 599 03cb 6E       		.byte	0x6e
 600 03cc 04       		.uleb128 0x4
 601 03cd 36090000 		.4byte	.LASF150
 602 03d1 6F       		.byte	0x6f
 603 03d2 04       		.uleb128 0x4
 604 03d3 C5110000 		.4byte	.LASF151
 605 03d7 70       		.byte	0x70
 606 03d8 04       		.uleb128 0x4
 607 03d9 1C000000 		.4byte	.LASF152
 608 03dd 71       		.byte	0x71
 609 03de 04       		.uleb128 0x4
 610 03df A0020000 		.4byte	.LASF153
 611 03e3 72       		.byte	0x72
 612 03e4 04       		.uleb128 0x4
 613 03e5 600A0000 		.4byte	.LASF154
 614 03e9 73       		.byte	0x73
 615 03ea 04       		.uleb128 0x4
 616 03eb F30C0000 		.4byte	.LASF155
 617 03ef 74       		.byte	0x74
 618 03f0 04       		.uleb128 0x4
 619 03f1 01100000 		.4byte	.LASF156
 620 03f5 75       		.byte	0x75
 621 03f6 04       		.uleb128 0x4
 622 03f7 640B0000 		.4byte	.LASF157
 623 03fb 76       		.byte	0x76
 624 03fc 04       		.uleb128 0x4
 625 03fd C90D0000 		.4byte	.LASF158
 626 0401 77       		.byte	0x77
 627 0402 04       		.uleb128 0x4
ARM GAS  C:\Users\salaz\AppData\Local\Temp\cc7S2ZId.s 			page 12


 628 0403 01110000 		.4byte	.LASF159
 629 0407 78       		.byte	0x78
 630 0408 04       		.uleb128 0x4
 631 0409 E1080000 		.4byte	.LASF160
 632 040d 79       		.byte	0x79
 633 040e 04       		.uleb128 0x4
 634 040f 8A010000 		.4byte	.LASF161
 635 0413 7A       		.byte	0x7a
 636 0414 04       		.uleb128 0x4
 637 0415 0C010000 		.4byte	.LASF162
 638 0419 7B       		.byte	0x7b
 639 041a 04       		.uleb128 0x4
 640 041b EB050000 		.4byte	.LASF163
 641 041f 7C       		.byte	0x7c
 642 0420 04       		.uleb128 0x4
 643 0421 4C080000 		.4byte	.LASF164
 644 0425 7D       		.byte	0x7d
 645 0426 04       		.uleb128 0x4
 646 0427 8B110000 		.4byte	.LASF165
 647 042b 7E       		.byte	0x7e
 648 042c 04       		.uleb128 0x4
 649 042d EE130000 		.4byte	.LASF166
 650 0431 7F       		.byte	0x7f
 651 0432 04       		.uleb128 0x4
 652 0433 63020000 		.4byte	.LASF167
 653 0437 80       		.byte	0x80
 654 0438 04       		.uleb128 0x4
 655 0439 3B0A0000 		.4byte	.LASF168
 656 043d 81       		.byte	0x81
 657 043e 04       		.uleb128 0x4
 658 043f 8A0C0000 		.4byte	.LASF169
 659 0443 82       		.byte	0x82
 660 0444 04       		.uleb128 0x4
 661 0445 C80F0000 		.4byte	.LASF170
 662 0449 83       		.byte	0x83
 663 044a 04       		.uleb128 0x4
 664 044b 65100000 		.4byte	.LASF171
 665 044f 84       		.byte	0x84
 666 0450 04       		.uleb128 0x4
 667 0451 B50B0000 		.4byte	.LASF172
 668 0455 85       		.byte	0x85
 669 0456 04       		.uleb128 0x4
 670 0457 2A120000 		.4byte	.LASF173
 671 045b 86       		.byte	0x86
 672 045c 04       		.uleb128 0x4
 673 045d 0E0D0000 		.4byte	.LASF174
 674 0461 87       		.byte	0x87
 675 0462 04       		.uleb128 0x4
 676 0463 8E080000 		.4byte	.LASF175
 677 0467 88       		.byte	0x88
 678 0468 04       		.uleb128 0x4
 679 0469 E80B0000 		.4byte	.LASF176
 680 046d 89       		.byte	0x89
 681 046e 04       		.uleb128 0x4
 682 046f 8F0F0000 		.4byte	.LASF177
 683 0473 8A       		.byte	0x8a
 684 0474 04       		.uleb128 0x4
ARM GAS  C:\Users\salaz\AppData\Local\Temp\cc7S2ZId.s 			page 13


 685 0475 9A040000 		.4byte	.LASF178
 686 0479 8B       		.byte	0x8b
 687 047a 04       		.uleb128 0x4
 688 047b EE0E0000 		.4byte	.LASF179
 689 047f 8C       		.byte	0x8c
 690 0480 04       		.uleb128 0x4
 691 0481 E8070000 		.4byte	.LASF180
 692 0485 8D       		.byte	0x8d
 693 0486 04       		.uleb128 0x4
 694 0487 38080000 		.4byte	.LASF181
 695 048b 8E       		.byte	0x8e
 696 048c 04       		.uleb128 0x4
 697 048d E60A0000 		.4byte	.LASF182
 698 0491 8F       		.byte	0x8f
 699 0492 04       		.uleb128 0x4
 700 0493 F6060000 		.4byte	.LASF183
 701 0497 90       		.byte	0x90
 702 0498 04       		.uleb128 0x4
 703 0499 CA010000 		.4byte	.LASF184
 704 049d 91       		.byte	0x91
 705 049e 04       		.uleb128 0x4
 706 049f 4A020000 		.4byte	.LASF185
 707 04a3 92       		.byte	0x92
 708 04a4 04       		.uleb128 0x4
 709 04a5 CF080000 		.4byte	.LASF186
 710 04a9 F0       		.byte	0xf0
 711 04aa 00       		.byte	0
 712 04ab 05       		.uleb128 0x5
 713 04ac 01       		.byte	0x1
 714 04ad 08       		.byte	0x8
 715 04ae FF0B0000 		.4byte	.LASF188
 716 04b2 07       		.uleb128 0x7
 717 04b3 79020000 		.4byte	.LASF190
 718 04b7 01       		.byte	0x1
 719 04b8 9201     		.2byte	0x192
 720 04ba 26010000 		.4byte	0x126
 721 04be 05       		.uleb128 0x5
 722 04bf 01       		.byte	0x1
 723 04c0 06       		.byte	0x6
 724 04c1 E5020000 		.4byte	.LASF191
 725 04c5 05       		.uleb128 0x5
 726 04c6 02       		.byte	0x2
 727 04c7 07       		.byte	0x7
 728 04c8 39070000 		.4byte	.LASF192
 729 04cc 05       		.uleb128 0x5
 730 04cd 04       		.byte	0x4
 731 04ce 05       		.byte	0x5
 732 04cf 7C030000 		.4byte	.LASF193
 733 04d3 06       		.uleb128 0x6
 734 04d4 3C050000 		.4byte	.LASF194
 735 04d8 02       		.byte	0x2
 736 04d9 41       		.byte	0x41
 737 04da DE040000 		.4byte	0x4de
 738 04de 05       		.uleb128 0x5
 739 04df 04       		.byte	0x4
 740 04e0 07       		.byte	0x7
 741 04e1 74060000 		.4byte	.LASF195
ARM GAS  C:\Users\salaz\AppData\Local\Temp\cc7S2ZId.s 			page 14


 742 04e5 05       		.uleb128 0x5
 743 04e6 08       		.byte	0x8
 744 04e7 05       		.byte	0x5
 745 04e8 D7020000 		.4byte	.LASF196
 746 04ec 05       		.uleb128 0x5
 747 04ed 08       		.byte	0x8
 748 04ee 07       		.byte	0x7
 749 04ef B3010000 		.4byte	.LASF197
 750 04f3 08       		.uleb128 0x8
 751 04f4 04       		.byte	0x4
 752 04f5 05       		.byte	0x5
 753 04f6 696E7400 		.ascii	"int\000"
 754 04fa 05       		.uleb128 0x5
 755 04fb 04       		.byte	0x4
 756 04fc 07       		.byte	0x7
 757 04fd 600C0000 		.4byte	.LASF198
 758 0501 06       		.uleb128 0x6
 759 0502 E40D0000 		.4byte	.LASF199
 760 0506 03       		.byte	0x3
 761 0507 30       		.byte	0x30
 762 0508 D3040000 		.4byte	0x4d3
 763 050c 05       		.uleb128 0x5
 764 050d 04       		.byte	0x4
 765 050e 07       		.byte	0x7
 766 050f 6F090000 		.4byte	.LASF200
 767 0513 05       		.uleb128 0x5
 768 0514 08       		.byte	0x8
 769 0515 04       		.byte	0x4
 770 0516 090F0000 		.4byte	.LASF201
 771 051a 05       		.uleb128 0x5
 772 051b 01       		.byte	0x1
 773 051c 08       		.byte	0x8
 774 051d 150F0000 		.4byte	.LASF202
 775 0521 05       		.uleb128 0x5
 776 0522 04       		.byte	0x4
 777 0523 04       		.byte	0x4
 778 0524 FC0A0000 		.4byte	.LASF203
 779 0528 05       		.uleb128 0x5
 780 0529 08       		.byte	0x8
 781 052a 04       		.byte	0x4
 782 052b 93040000 		.4byte	.LASF204
 783 052f 09       		.uleb128 0x9
 784 0530 08       		.byte	0x8
 785 0531 04       		.byte	0x4
 786 0532 EB       		.byte	0xeb
 787 0533 5C050000 		.4byte	0x55c
 788 0537 0A       		.uleb128 0xa
 789 0538 1F040000 		.4byte	.LASF205
 790 053c 04       		.byte	0x4
 791 053d EC       		.byte	0xec
 792 053e 1B010000 		.4byte	0x11b
 793 0542 00       		.byte	0
 794 0543 0A       		.uleb128 0xa
 795 0544 36030000 		.4byte	.LASF206
 796 0548 04       		.byte	0x4
 797 0549 EE       		.byte	0xee
 798 054a B2040000 		.4byte	0x4b2
ARM GAS  C:\Users\salaz\AppData\Local\Temp\cc7S2ZId.s 			page 15


 799 054e 02       		.byte	0x2
 800 054f 0A       		.uleb128 0xa
 801 0550 6F130000 		.4byte	.LASF207
 802 0554 04       		.byte	0x4
 803 0555 F0       		.byte	0xf0
 804 0556 01050000 		.4byte	0x501
 805 055a 04       		.byte	0x4
 806 055b 00       		.byte	0
 807 055c 06       		.uleb128 0x6
 808 055d BC090000 		.4byte	.LASF208
 809 0561 04       		.byte	0x4
 810 0562 F1       		.byte	0xf1
 811 0563 2F050000 		.4byte	0x52f
 812 0567 0B       		.uleb128 0xb
 813 0568 1A0F0000 		.4byte	.LASF209
 814 056c 05       		.byte	0x5
 815 056d 18       		.byte	0x18
 816 056e 78050000 		.4byte	0x578
 817 0572 05       		.uleb128 0x5
 818 0573 03       		.byte	0x3
 819 0574 00000000 		.4byte	Press1_IRQ_cfg
 820 0578 0C       		.uleb128 0xc
 821 0579 5C050000 		.4byte	0x55c
 822 057d 0B       		.uleb128 0xb
 823 057e 25090000 		.4byte	.LASF210
 824 0582 05       		.byte	0x5
 825 0583 1F       		.byte	0x1f
 826 0584 78050000 		.4byte	0x578
 827 0588 05       		.uleb128 0x5
 828 0589 03       		.byte	0x3
 829 058a 00000000 		.4byte	WatchDog_IRQ_cfg
 830 058e 0B       		.uleb128 0xb
 831 058f DB0C0000 		.4byte	.LASF211
 832 0593 05       		.byte	0x5
 833 0594 26       		.byte	0x26
 834 0595 78050000 		.4byte	0x578
 835 0599 05       		.uleb128 0x5
 836 059a 03       		.byte	0x3
 837 059b 00000000 		.4byte	Bluetooth_bless_isr_cfg
 838 059f 0B       		.uleb128 0xb
 839 05a0 31100000 		.4byte	.LASF212
 840 05a4 05       		.byte	0x5
 841 05a5 2D       		.byte	0x2d
 842 05a6 78050000 		.4byte	0x578
 843 05aa 05       		.uleb128 0x5
 844 05ab 03       		.byte	0x3
 845 05ac 00000000 		.4byte	SensorBus_SCB_IRQ_cfg
 846 05b0 0B       		.uleb128 0xb
 847 05b1 6A050000 		.4byte	.LASF213
 848 05b5 05       		.byte	0x5
 849 05b6 34       		.byte	0x34
 850 05b7 78050000 		.4byte	0x578
 851 05bb 05       		.uleb128 0x5
 852 05bc 03       		.byte	0x3
 853 05bd 00000000 		.4byte	UART_DEBUG_SCB_IRQ_cfg
 854 05c1 0B       		.uleb128 0xb
 855 05c2 FC110000 		.4byte	.LASF214
ARM GAS  C:\Users\salaz\AppData\Local\Temp\cc7S2ZId.s 			page 16


 856 05c6 05       		.byte	0x5
 857 05c7 3B       		.byte	0x3b
 858 05c8 78050000 		.4byte	0x578
 859 05cc 05       		.uleb128 0x5
 860 05cd 03       		.byte	0x3
 861 05ce 00000000 		.4byte	CapSense_ISR_cfg
 862 05d2 0B       		.uleb128 0xb
 863 05d3 A0010000 		.4byte	.LASF215
 864 05d7 05       		.byte	0x5
 865 05d8 42       		.byte	0x42
 866 05d9 78050000 		.4byte	0x578
 867 05dd 05       		.uleb128 0x5
 868 05de 03       		.byte	0x3
 869 05df 00000000 		.4byte	LightTimer_IRQ_cfg
 870 05e3 0B       		.uleb128 0xb
 871 05e4 37000000 		.4byte	.LASF216
 872 05e8 05       		.byte	0x5
 873 05e9 49       		.byte	0x49
 874 05ea 78050000 		.4byte	0x578
 875 05ee 05       		.uleb128 0x5
 876 05ef 03       		.byte	0x3
 877 05f0 00000000 		.4byte	ChimeTimer_IRQ_cfg
 878 05f4 0B       		.uleb128 0xb
 879 05f5 FB010000 		.4byte	.LASF217
 880 05f9 05       		.byte	0x5
 881 05fa 50       		.byte	0x50
 882 05fb 78050000 		.4byte	0x578
 883 05ff 05       		.uleb128 0x5
 884 0600 03       		.byte	0x3
 885 0601 00000000 		.4byte	MotorTimer_IRQ_cfg
 886 0605 0B       		.uleb128 0xb
 887 0606 B5040000 		.4byte	.LASF218
 888 060a 05       		.byte	0x5
 889 060b 57       		.byte	0x57
 890 060c 78050000 		.4byte	0x578
 891 0610 05       		.uleb128 0x5
 892 0611 03       		.byte	0x3
 893 0612 00000000 		.4byte	AppControl_IRQ_cfg
 894 0616 0B       		.uleb128 0xb
 895 0617 A7100000 		.4byte	.LASF219
 896 061b 05       		.byte	0x5
 897 061c 5E       		.byte	0x5e
 898 061d 78050000 		.4byte	0x578
 899 0621 05       		.uleb128 0x5
 900 0622 03       		.byte	0x3
 901 0623 00000000 		.4byte	Shake_IRQ_cfg
 902 0627 00       		.byte	0
 903              		.section	.debug_abbrev,"",%progbits
 904              	.Ldebug_abbrev0:
 905 0000 01       		.uleb128 0x1
 906 0001 11       		.uleb128 0x11
 907 0002 01       		.byte	0x1
 908 0003 25       		.uleb128 0x25
 909 0004 0E       		.uleb128 0xe
 910 0005 13       		.uleb128 0x13
 911 0006 0B       		.uleb128 0xb
 912 0007 03       		.uleb128 0x3
ARM GAS  C:\Users\salaz\AppData\Local\Temp\cc7S2ZId.s 			page 17


 913 0008 0E       		.uleb128 0xe
 914 0009 1B       		.uleb128 0x1b
 915 000a 0E       		.uleb128 0xe
 916 000b 10       		.uleb128 0x10
 917 000c 17       		.uleb128 0x17
 918 000d 00       		.byte	0
 919 000e 00       		.byte	0
 920 000f 02       		.uleb128 0x2
 921 0010 04       		.uleb128 0x4
 922 0011 01       		.byte	0x1
 923 0012 0B       		.uleb128 0xb
 924 0013 0B       		.uleb128 0xb
 925 0014 49       		.uleb128 0x49
 926 0015 13       		.uleb128 0x13
 927 0016 3A       		.uleb128 0x3a
 928 0017 0B       		.uleb128 0xb
 929 0018 3B       		.uleb128 0x3b
 930 0019 0B       		.uleb128 0xb
 931 001a 01       		.uleb128 0x1
 932 001b 13       		.uleb128 0x13
 933 001c 00       		.byte	0
 934 001d 00       		.byte	0
 935 001e 03       		.uleb128 0x3
 936 001f 28       		.uleb128 0x28
 937 0020 00       		.byte	0
 938 0021 03       		.uleb128 0x3
 939 0022 0E       		.uleb128 0xe
 940 0023 1C       		.uleb128 0x1c
 941 0024 0D       		.uleb128 0xd
 942 0025 00       		.byte	0
 943 0026 00       		.byte	0
 944 0027 04       		.uleb128 0x4
 945 0028 28       		.uleb128 0x28
 946 0029 00       		.byte	0
 947 002a 03       		.uleb128 0x3
 948 002b 0E       		.uleb128 0xe
 949 002c 1C       		.uleb128 0x1c
 950 002d 0B       		.uleb128 0xb
 951 002e 00       		.byte	0
 952 002f 00       		.byte	0
 953 0030 05       		.uleb128 0x5
 954 0031 24       		.uleb128 0x24
 955 0032 00       		.byte	0
 956 0033 0B       		.uleb128 0xb
 957 0034 0B       		.uleb128 0xb
 958 0035 3E       		.uleb128 0x3e
 959 0036 0B       		.uleb128 0xb
 960 0037 03       		.uleb128 0x3
 961 0038 0E       		.uleb128 0xe
 962 0039 00       		.byte	0
 963 003a 00       		.byte	0
 964 003b 06       		.uleb128 0x6
 965 003c 16       		.uleb128 0x16
 966 003d 00       		.byte	0
 967 003e 03       		.uleb128 0x3
 968 003f 0E       		.uleb128 0xe
 969 0040 3A       		.uleb128 0x3a
ARM GAS  C:\Users\salaz\AppData\Local\Temp\cc7S2ZId.s 			page 18


 970 0041 0B       		.uleb128 0xb
 971 0042 3B       		.uleb128 0x3b
 972 0043 0B       		.uleb128 0xb
 973 0044 49       		.uleb128 0x49
 974 0045 13       		.uleb128 0x13
 975 0046 00       		.byte	0
 976 0047 00       		.byte	0
 977 0048 07       		.uleb128 0x7
 978 0049 16       		.uleb128 0x16
 979 004a 00       		.byte	0
 980 004b 03       		.uleb128 0x3
 981 004c 0E       		.uleb128 0xe
 982 004d 3A       		.uleb128 0x3a
 983 004e 0B       		.uleb128 0xb
 984 004f 3B       		.uleb128 0x3b
 985 0050 05       		.uleb128 0x5
 986 0051 49       		.uleb128 0x49
 987 0052 13       		.uleb128 0x13
 988 0053 00       		.byte	0
 989 0054 00       		.byte	0
 990 0055 08       		.uleb128 0x8
 991 0056 24       		.uleb128 0x24
 992 0057 00       		.byte	0
 993 0058 0B       		.uleb128 0xb
 994 0059 0B       		.uleb128 0xb
 995 005a 3E       		.uleb128 0x3e
 996 005b 0B       		.uleb128 0xb
 997 005c 03       		.uleb128 0x3
 998 005d 08       		.uleb128 0x8
 999 005e 00       		.byte	0
 1000 005f 00       		.byte	0
 1001 0060 09       		.uleb128 0x9
 1002 0061 13       		.uleb128 0x13
 1003 0062 01       		.byte	0x1
 1004 0063 0B       		.uleb128 0xb
 1005 0064 0B       		.uleb128 0xb
 1006 0065 3A       		.uleb128 0x3a
 1007 0066 0B       		.uleb128 0xb
 1008 0067 3B       		.uleb128 0x3b
 1009 0068 0B       		.uleb128 0xb
 1010 0069 01       		.uleb128 0x1
 1011 006a 13       		.uleb128 0x13
 1012 006b 00       		.byte	0
 1013 006c 00       		.byte	0
 1014 006d 0A       		.uleb128 0xa
 1015 006e 0D       		.uleb128 0xd
 1016 006f 00       		.byte	0
 1017 0070 03       		.uleb128 0x3
 1018 0071 0E       		.uleb128 0xe
 1019 0072 3A       		.uleb128 0x3a
 1020 0073 0B       		.uleb128 0xb
 1021 0074 3B       		.uleb128 0x3b
 1022 0075 0B       		.uleb128 0xb
 1023 0076 49       		.uleb128 0x49
 1024 0077 13       		.uleb128 0x13
 1025 0078 38       		.uleb128 0x38
 1026 0079 0B       		.uleb128 0xb
ARM GAS  C:\Users\salaz\AppData\Local\Temp\cc7S2ZId.s 			page 19


 1027 007a 00       		.byte	0
 1028 007b 00       		.byte	0
 1029 007c 0B       		.uleb128 0xb
 1030 007d 34       		.uleb128 0x34
 1031 007e 00       		.byte	0
 1032 007f 03       		.uleb128 0x3
 1033 0080 0E       		.uleb128 0xe
 1034 0081 3A       		.uleb128 0x3a
 1035 0082 0B       		.uleb128 0xb
 1036 0083 3B       		.uleb128 0x3b
 1037 0084 0B       		.uleb128 0xb
 1038 0085 49       		.uleb128 0x49
 1039 0086 13       		.uleb128 0x13
 1040 0087 3F       		.uleb128 0x3f
 1041 0088 19       		.uleb128 0x19
 1042 0089 02       		.uleb128 0x2
 1043 008a 18       		.uleb128 0x18
 1044 008b 00       		.byte	0
 1045 008c 00       		.byte	0
 1046 008d 0C       		.uleb128 0xc
 1047 008e 26       		.uleb128 0x26
 1048 008f 00       		.byte	0
 1049 0090 49       		.uleb128 0x49
 1050 0091 13       		.uleb128 0x13
 1051 0092 00       		.byte	0
 1052 0093 00       		.byte	0
 1053 0094 00       		.byte	0
 1054              		.section	.debug_aranges,"",%progbits
 1055 0000 14000000 		.4byte	0x14
 1056 0004 0200     		.2byte	0x2
 1057 0006 00000000 		.4byte	.Ldebug_info0
 1058 000a 04       		.byte	0x4
 1059 000b 00       		.byte	0
 1060 000c 0000     		.2byte	0
 1061 000e 0000     		.2byte	0
 1062 0010 00000000 		.4byte	0
 1063 0014 00000000 		.4byte	0
 1064              		.section	.debug_line,"",%progbits
 1065              	.Ldebug_line0:
 1066 0000 D9010000 		.section	.debug_str,"MS",%progbits,1
 1066      0200D301 
 1066      00000201 
 1066      FB0E0D00 
 1066      01010101 
 1067              	.LASF39:
 1068 0000 696F7373 		.ascii	"ioss_interrupts_gpio_0_IRQn\000"
 1068      5F696E74 
 1068      65727275 
 1068      7074735F 
 1068      6770696F 
 1069              	.LASF152:
 1070 001c 74637077 		.ascii	"tcpwm_1_interrupts_15_IRQn\000"
 1070      6D5F315F 
 1070      696E7465 
 1070      72727570 
 1070      74735F31 
 1071              	.LASF216:
ARM GAS  C:\Users\salaz\AppData\Local\Temp\cc7S2ZId.s 			page 20


 1072 0037 4368696D 		.ascii	"ChimeTimer_IRQ_cfg\000"
 1072      6554696D 
 1072      65725F49 
 1072      52515F63 
 1072      666700
 1073              	.LASF41:
 1074 004a 696F7373 		.ascii	"ioss_interrupts_gpio_2_IRQn\000"
 1074      5F696E74 
 1074      65727275 
 1074      7074735F 
 1074      6770696F 
 1075              	.LASF85:
 1076 0066 7363625F 		.ascii	"scb_5_interrupt_IRQn\000"
 1076      355F696E 
 1076      74657272 
 1076      7570745F 
 1076      4952516E 
 1077              	.LASF21:
 1078 007b 4E766963 		.ascii	"NvicMux15_IRQn\000"
 1078      4D757831 
 1078      355F4952 
 1078      516E00
 1079              	.LASF133:
 1080 008a 74637077 		.ascii	"tcpwm_0_interrupts_4_IRQn\000"
 1080      6D5F305F 
 1080      696E7465 
 1080      72727570 
 1080      74735F34 
 1081              	.LASF61:
 1082 00a4 73727373 		.ascii	"srss_interrupt_IRQn\000"
 1082      5F696E74 
 1082      65727275 
 1082      70745F49 
 1082      52516E00 
 1083              	.LASF57:
 1084 00b8 7363625F 		.ascii	"scb_8_interrupt_IRQn\000"
 1084      385F696E 
 1084      74657272 
 1084      7570745F 
 1084      4952516E 
 1085              	.LASF90:
 1086 00cd 63707573 		.ascii	"cpuss_interrupts_dw0_1_IRQn\000"
 1086      735F696E 
 1086      74657272 
 1086      75707473 
 1086      5F647730 
 1087              	.LASF8:
 1088 00e9 4E766963 		.ascii	"NvicMux2_IRQn\000"
 1088      4D757832 
 1088      5F495251 
 1088      6E00
 1089              	.LASF63:
 1090 00f7 626C6573 		.ascii	"bless_interrupt_IRQn\000"
 1090      735F696E 
 1090      74657272 
 1090      7570745F 
 1090      4952516E 
ARM GAS  C:\Users\salaz\AppData\Local\Temp\cc7S2ZId.s 			page 21


 1091              	.LASF162:
 1092 010c 7564625F 		.ascii	"udb_interrupts_1_IRQn\000"
 1092      696E7465 
 1092      72727570 
 1092      74735F31 
 1092      5F495251 
 1093              	.LASF80:
 1094 0122 7363625F 		.ascii	"scb_0_interrupt_IRQn\000"
 1094      305F696E 
 1094      74657272 
 1094      7570745F 
 1094      4952516E 
 1095              	.LASF145:
 1096 0137 74637077 		.ascii	"tcpwm_1_interrupts_8_IRQn\000"
 1096      6D5F315F 
 1096      696E7465 
 1096      72727570 
 1096      74735F38 
 1097              	.LASF68:
 1098 0151 63707573 		.ascii	"cpuss_interrupts_ipc_4_IRQn\000"
 1098      735F696E 
 1098      74657272 
 1098      75707473 
 1098      5F697063 
 1099              	.LASF75:
 1100 016d 63707573 		.ascii	"cpuss_interrupts_ipc_11_IRQn\000"
 1100      735F696E 
 1100      74657272 
 1100      75707473 
 1100      5F697063 
 1101              	.LASF161:
 1102 018a 7564625F 		.ascii	"udb_interrupts_0_IRQn\000"
 1102      696E7465 
 1102      72727570 
 1102      74735F30 
 1102      5F495251 
 1103              	.LASF215:
 1104 01a0 4C696768 		.ascii	"LightTimer_IRQ_cfg\000"
 1104      7454696D 
 1104      65725F49 
 1104      52515F63 
 1104      666700
 1105              	.LASF197:
 1106 01b3 6C6F6E67 		.ascii	"long long unsigned int\000"
 1106      206C6F6E 
 1106      6720756E 
 1106      7369676E 
 1106      65642069 
 1107              	.LASF184:
 1108 01ca 7573625F 		.ascii	"usb_interrupt_lo_IRQn\000"
 1108      696E7465 
 1108      72727570 
 1108      745F6C6F 
 1108      5F495251 
 1109              	.LASF147:
 1110 01e0 74637077 		.ascii	"tcpwm_1_interrupts_10_IRQn\000"
 1110      6D5F315F 
ARM GAS  C:\Users\salaz\AppData\Local\Temp\cc7S2ZId.s 			page 22


 1110      696E7465 
 1110      72727570 
 1110      74735F31 
 1111              	.LASF217:
 1112 01fb 4D6F746F 		.ascii	"MotorTimer_IRQ_cfg\000"
 1112      7254696D 
 1112      65725F49 
 1112      52515F63 
 1112      666700
 1113              	.LASF126:
 1114 020e 63707573 		.ascii	"cpuss_interrupts_cm0_cti_1_IRQn\000"
 1114      735F696E 
 1114      74657272 
 1114      75707473 
 1114      5F636D30 
 1115              	.LASF48:
 1116 022e 696F7373 		.ascii	"ioss_interrupts_gpio_9_IRQn\000"
 1116      5F696E74 
 1116      65727275 
 1116      7074735F 
 1116      6770696F 
 1117              	.LASF185:
 1118 024a 70617373 		.ascii	"pass_interrupt_dacs_IRQn\000"
 1118      5F696E74 
 1118      65727275 
 1118      70745F64 
 1118      6163735F 
 1119              	.LASF167:
 1120 0263 7564625F 		.ascii	"udb_interrupts_6_IRQn\000"
 1120      696E7465 
 1120      72727570 
 1120      74735F36 
 1120      5F495251 
 1121              	.LASF190:
 1122 0279 63795F65 		.ascii	"cy_en_intr_t\000"
 1122      6E5F696E 
 1122      74725F74 
 1122      00
 1123              	.LASF30:
 1124 0286 4E766963 		.ascii	"NvicMux24_IRQn\000"
 1124      4D757832 
 1124      345F4952 
 1124      516E00
 1125              	.LASF0:
 1126 0295 52657365 		.ascii	"Reset_IRQn\000"
 1126      745F4952 
 1126      516E00
 1127              	.LASF153:
 1128 02a0 74637077 		.ascii	"tcpwm_1_interrupts_16_IRQn\000"
 1128      6D5F315F 
 1128      696E7465 
 1128      72727570 
 1128      74735F31 
 1129              	.LASF123:
 1130 02bb 63707573 		.ascii	"cpuss_interrupt_crypto_IRQn\000"
 1130      735F696E 
 1130      74657272 
ARM GAS  C:\Users\salaz\AppData\Local\Temp\cc7S2ZId.s 			page 23


 1130      7570745F 
 1130      63727970 
 1131              	.LASF196:
 1132 02d7 6C6F6E67 		.ascii	"long long int\000"
 1132      206C6F6E 
 1132      6720696E 
 1132      7400
 1133              	.LASF191:
 1134 02e5 7369676E 		.ascii	"signed char\000"
 1134      65642063 
 1134      68617200 
 1135              	.LASF22:
 1136 02f1 4E766963 		.ascii	"NvicMux16_IRQn\000"
 1136      4D757831 
 1136      365F4952 
 1136      516E00
 1137              	.LASF134:
 1138 0300 74637077 		.ascii	"tcpwm_0_interrupts_5_IRQn\000"
 1138      6D5F305F 
 1138      696E7465 
 1138      72727570 
 1138      74735F35 
 1139              	.LASF114:
 1140 031a 63707573 		.ascii	"cpuss_interrupts_dw1_9_IRQn\000"
 1140      735F696E 
 1140      74657272 
 1140      75707473 
 1140      5F647731 
 1141              	.LASF206:
 1142 0336 636D3070 		.ascii	"cm0pSrc\000"
 1142      53726300 
 1143              	.LASF9:
 1144 033e 4E766963 		.ascii	"NvicMux3_IRQn\000"
 1144      4D757833 
 1144      5F495251 
 1144      6E00
 1145              	.LASF56:
 1146 034c 6C70636F 		.ascii	"lpcomp_interrupt_IRQn\000"
 1146      6D705F69 
 1146      6E746572 
 1146      72757074 
 1146      5F495251 
 1147              	.LASF137:
 1148 0362 74637077 		.ascii	"tcpwm_1_interrupts_0_IRQn\000"
 1148      6D5F315F 
 1148      696E7465 
 1148      72727570 
 1148      74735F30 
 1149              	.LASF193:
 1150 037c 6C6F6E67 		.ascii	"long int\000"
 1150      20696E74 
 1150      00
 1151              	.LASF146:
 1152 0385 74637077 		.ascii	"tcpwm_1_interrupts_9_IRQn\000"
 1152      6D5F315F 
 1152      696E7465 
 1152      72727570 
ARM GAS  C:\Users\salaz\AppData\Local\Temp\cc7S2ZId.s 			page 24


 1152      74735F39 
 1153              	.LASF69:
 1154 039f 63707573 		.ascii	"cpuss_interrupts_ipc_5_IRQn\000"
 1154      735F696E 
 1154      74657272 
 1154      75707473 
 1154      5F697063 
 1155              	.LASF112:
 1156 03bb 63707573 		.ascii	"cpuss_interrupts_dw1_7_IRQn\000"
 1156      735F696E 
 1156      74657272 
 1156      75707473 
 1156      5F647731 
 1157              	.LASF76:
 1158 03d7 63707573 		.ascii	"cpuss_interrupts_ipc_12_IRQn\000"
 1158      735F696E 
 1158      74657272 
 1158      75707473 
 1158      5F697063 
 1159              	.LASF113:
 1160 03f4 63707573 		.ascii	"cpuss_interrupts_dw1_8_IRQn\000"
 1160      735F696E 
 1160      74657272 
 1160      75707473 
 1160      5F647731 
 1161              	.LASF34:
 1162 0410 4E766963 		.ascii	"NvicMux28_IRQn\000"
 1162      4D757832 
 1162      385F4952 
 1162      516E00
 1163              	.LASF205:
 1164 041f 696E7472 		.ascii	"intrSrc\000"
 1164      53726300 
 1165              	.LASF148:
 1166 0427 74637077 		.ascii	"tcpwm_1_interrupts_11_IRQn\000"
 1166      6D5F315F 
 1166      696E7465 
 1166      72727570 
 1166      74735F31 
 1167              	.LASF93:
 1168 0442 63707573 		.ascii	"cpuss_interrupts_dw0_4_IRQn\000"
 1168      735F696E 
 1168      74657272 
 1168      75707473 
 1168      5F647730 
 1169              	.LASF54:
 1170 045e 696F7373 		.ascii	"ioss_interrupt_gpio_IRQn\000"
 1170      5F696E74 
 1170      65727275 
 1170      70745F67 
 1170      70696F5F 
 1171              	.LASF58:
 1172 0477 73727373 		.ascii	"srss_interrupt_mcwdt_0_IRQn\000"
 1172      5F696E74 
 1172      65727275 
 1172      70745F6D 
 1172      63776474 
ARM GAS  C:\Users\salaz\AppData\Local\Temp\cc7S2ZId.s 			page 25


 1173              	.LASF204:
 1174 0493 646F7562 		.ascii	"double\000"
 1174      6C6500
 1175              	.LASF178:
 1176 049a 61756469 		.ascii	"audioss_interrupt_i2s_IRQn\000"
 1176      6F73735F 
 1176      696E7465 
 1176      72727570 
 1176      745F6932 
 1177              	.LASF218:
 1178 04b5 41707043 		.ascii	"AppControl_IRQ_cfg\000"
 1178      6F6E7472 
 1178      6F6C5F49 
 1178      52515F63 
 1178      666700
 1179              	.LASF95:
 1180 04c8 63707573 		.ascii	"cpuss_interrupts_dw0_6_IRQn\000"
 1180      735F696E 
 1180      74657272 
 1180      75707473 
 1180      5F647730 
 1181              	.LASF128:
 1182 04e4 63707573 		.ascii	"cpuss_interrupts_cm4_cti_1_IRQn\000"
 1182      735F696E 
 1182      74657272 
 1182      75707473 
 1182      5F636D34 
 1183              	.LASF37:
 1184 0504 4E766963 		.ascii	"NvicMux31_IRQn\000"
 1184      4D757833 
 1184      315F4952 
 1184      516E00
 1185              	.LASF23:
 1186 0513 4E766963 		.ascii	"NvicMux17_IRQn\000"
 1186      4D757831 
 1186      375F4952 
 1186      516E00
 1187              	.LASF135:
 1188 0522 74637077 		.ascii	"tcpwm_0_interrupts_6_IRQn\000"
 1188      6D5F305F 
 1188      696E7465 
 1188      72727570 
 1188      74735F36 
 1189              	.LASF194:
 1190 053c 5F5F7569 		.ascii	"__uint32_t\000"
 1190      6E743332 
 1190      5F7400
 1191              	.LASF81:
 1192 0547 7363625F 		.ascii	"scb_1_interrupt_IRQn\000"
 1192      315F696E 
 1192      74657272 
 1192      7570745F 
 1192      4952516E 
 1193              	.LASF10:
 1194 055c 4E766963 		.ascii	"NvicMux4_IRQn\000"
 1194      4D757834 
 1194      5F495251 
ARM GAS  C:\Users\salaz\AppData\Local\Temp\cc7S2ZId.s 			page 26


 1194      6E00
 1195              	.LASF213:
 1196 056a 55415254 		.ascii	"UART_DEBUG_SCB_IRQ_cfg\000"
 1196      5F444542 
 1196      55475F53 
 1196      43425F49 
 1196      52515F63 
 1197              	.LASF82:
 1198 0581 7363625F 		.ascii	"scb_2_interrupt_IRQn\000"
 1198      325F696E 
 1198      74657272 
 1198      7570745F 
 1198      4952516E 
 1199              	.LASF103:
 1200 0596 63707573 		.ascii	"cpuss_interrupts_dw0_14_IRQn\000"
 1200      735F696E 
 1200      74657272 
 1200      75707473 
 1200      5F647730 
 1201              	.LASF44:
 1202 05b3 696F7373 		.ascii	"ioss_interrupts_gpio_5_IRQn\000"
 1202      5F696E74 
 1202      65727275 
 1202      7074735F 
 1202      6770696F 
 1203              	.LASF70:
 1204 05cf 63707573 		.ascii	"cpuss_interrupts_ipc_6_IRQn\000"
 1204      735F696E 
 1204      74657272 
 1204      75707473 
 1204      5F697063 
 1205              	.LASF163:
 1206 05eb 7564625F 		.ascii	"udb_interrupts_2_IRQn\000"
 1206      696E7465 
 1206      72727570 
 1206      74735F32 
 1206      5F495251 
 1207              	.LASF52:
 1208 0601 696F7373 		.ascii	"ioss_interrupts_gpio_13_IRQn\000"
 1208      5F696E74 
 1208      65727275 
 1208      7074735F 
 1208      6770696F 
 1209              	.LASF26:
 1210 061e 4E766963 		.ascii	"NvicMux20_IRQn\000"
 1210      4D757832 
 1210      305F4952 
 1210      516E00
 1211              	.LASF35:
 1212 062d 4E766963 		.ascii	"NvicMux29_IRQn\000"
 1212      4D757832 
 1212      395F4952 
 1212      516E00
 1213              	.LASF149:
 1214 063c 74637077 		.ascii	"tcpwm_1_interrupts_12_IRQn\000"
 1214      6D5F315F 
 1214      696E7465 
ARM GAS  C:\Users\salaz\AppData\Local\Temp\cc7S2ZId.s 			page 27


 1214      72727570 
 1214      74735F31 
 1215              	.LASF118:
 1216 0657 63707573 		.ascii	"cpuss_interrupts_dw1_13_IRQn\000"
 1216      735F696E 
 1216      74657272 
 1216      75707473 
 1216      5F647731 
 1217              	.LASF195:
 1218 0674 6C6F6E67 		.ascii	"long unsigned int\000"
 1218      20756E73 
 1218      69676E65 
 1218      6420696E 
 1218      7400
 1219              	.LASF59:
 1220 0686 73727373 		.ascii	"srss_interrupt_mcwdt_1_IRQn\000"
 1220      5F696E74 
 1220      65727275 
 1220      70745F6D 
 1220      63776474 
 1221              	.LASF91:
 1222 06a2 63707573 		.ascii	"cpuss_interrupts_dw0_2_IRQn\000"
 1222      735F696E 
 1222      74657272 
 1222      75707473 
 1222      5F647730 
 1223              	.LASF18:
 1224 06be 4E766963 		.ascii	"NvicMux12_IRQn\000"
 1224      4D757831 
 1224      325F4952 
 1224      516E00
 1225              	.LASF130:
 1226 06cd 74637077 		.ascii	"tcpwm_0_interrupts_1_IRQn\000"
 1226      6D5F305F 
 1226      696E7465 
 1226      72727570 
 1226      74735F31 
 1227              	.LASF32:
 1228 06e7 4E766963 		.ascii	"NvicMux26_IRQn\000"
 1228      4D757832 
 1228      365F4952 
 1228      516E00
 1229              	.LASF183:
 1230 06f6 7573625F 		.ascii	"usb_interrupt_med_IRQn\000"
 1230      696E7465 
 1230      72727570 
 1230      745F6D65 
 1230      645F4952 
 1231              	.LASF121:
 1232 070d 63707573 		.ascii	"cpuss_interrupts_fault_0_IRQn\000"
 1232      735F696E 
 1232      74657272 
 1232      75707473 
 1232      5F666175 
 1233              	.LASF14:
 1234 072b 4E766963 		.ascii	"NvicMux8_IRQn\000"
 1234      4D757838 
ARM GAS  C:\Users\salaz\AppData\Local\Temp\cc7S2ZId.s 			page 28


 1234      5F495251 
 1234      6E00
 1235              	.LASF192:
 1236 0739 73686F72 		.ascii	"short unsigned int\000"
 1236      7420756E 
 1236      7369676E 
 1236      65642069 
 1236      6E7400
 1237              	.LASF222:
 1238 074c 433A5C55 		.ascii	"C:\\Users\\salaz\\Desktop\\Handle\\Bike FSM_prox.cy"
 1238      73657273 
 1238      5C73616C 
 1238      617A5C44 
 1238      65736B74 
 1239 077a 64736E00 		.ascii	"dsn\000"
 1240              	.LASF142:
 1241 077e 74637077 		.ascii	"tcpwm_1_interrupts_5_IRQn\000"
 1241      6D5F315F 
 1241      696E7465 
 1241      72727570 
 1241      74735F35 
 1242              	.LASF65:
 1243 0798 63707573 		.ascii	"cpuss_interrupts_ipc_1_IRQn\000"
 1243      735F696E 
 1243      74657272 
 1243      75707473 
 1243      5F697063 
 1244              	.LASF109:
 1245 07b4 63707573 		.ascii	"cpuss_interrupts_dw1_4_IRQn\000"
 1245      735F696E 
 1245      74657272 
 1245      75707473 
 1245      5F647731 
 1246              	.LASF124:
 1247 07d0 63707573 		.ascii	"cpuss_interrupt_fm_IRQn\000"
 1247      735F696E 
 1247      74657272 
 1247      7570745F 
 1247      666D5F49 
 1248              	.LASF180:
 1249 07e8 70726F66 		.ascii	"profile_interrupt_IRQn\000"
 1249      696C655F 
 1249      696E7465 
 1249      72727570 
 1249      745F4952 
 1250              	.LASF104:
 1251 07ff 63707573 		.ascii	"cpuss_interrupts_dw0_15_IRQn\000"
 1251      735F696E 
 1251      74657272 
 1251      75707473 
 1251      5F647730 
 1252              	.LASF45:
 1253 081c 696F7373 		.ascii	"ioss_interrupts_gpio_6_IRQn\000"
 1253      5F696E74 
 1253      65727275 
 1253      7074735F 
 1253      6770696F 
ARM GAS  C:\Users\salaz\AppData\Local\Temp\cc7S2ZId.s 			page 29


 1254              	.LASF181:
 1255 0838 736D6966 		.ascii	"smif_interrupt_IRQn\000"
 1255      5F696E74 
 1255      65727275 
 1255      70745F49 
 1255      52516E00 
 1256              	.LASF164:
 1257 084c 7564625F 		.ascii	"udb_interrupts_3_IRQn\000"
 1257      696E7465 
 1257      72727570 
 1257      74735F33 
 1257      5F495251 
 1258              	.LASF53:
 1259 0862 696F7373 		.ascii	"ioss_interrupts_gpio_14_IRQn\000"
 1259      5F696E74 
 1259      65727275 
 1259      7074735F 
 1259      6770696F 
 1260              	.LASF27:
 1261 087f 4E766963 		.ascii	"NvicMux21_IRQn\000"
 1261      4D757832 
 1261      315F4952 
 1261      516E00
 1262              	.LASF175:
 1263 088e 7564625F 		.ascii	"udb_interrupts_14_IRQn\000"
 1263      696E7465 
 1263      72727570 
 1263      74735F31 
 1263      345F4952 
 1264              	.LASF5:
 1265 08a5 53797354 		.ascii	"SysTick_IRQn\000"
 1265      69636B5F 
 1265      4952516E 
 1265      00
 1266              	.LASF119:
 1267 08b2 63707573 		.ascii	"cpuss_interrupts_dw1_14_IRQn\000"
 1267      735F696E 
 1267      74657272 
 1267      75707473 
 1267      5F647731 
 1268              	.LASF186:
 1269 08cf 64697363 		.ascii	"disconnected_IRQn\000"
 1269      6F6E6E65 
 1269      63746564 
 1269      5F495251 
 1269      6E00
 1270              	.LASF160:
 1271 08e1 74637077 		.ascii	"tcpwm_1_interrupts_23_IRQn\000"
 1271      6D5F315F 
 1271      696E7465 
 1271      72727570 
 1271      74735F32 
 1272              	.LASF19:
 1273 08fc 4E766963 		.ascii	"NvicMux13_IRQn\000"
 1273      4D757831 
 1273      335F4952 
 1273      516E00
ARM GAS  C:\Users\salaz\AppData\Local\Temp\cc7S2ZId.s 			page 30


 1274              	.LASF131:
 1275 090b 74637077 		.ascii	"tcpwm_0_interrupts_2_IRQn\000"
 1275      6D5F305F 
 1275      696E7465 
 1275      72727570 
 1275      74735F32 
 1276              	.LASF210:
 1277 0925 57617463 		.ascii	"WatchDog_IRQ_cfg\000"
 1277      68446F67 
 1277      5F495251 
 1277      5F636667 
 1277      00
 1278              	.LASF150:
 1279 0936 74637077 		.ascii	"tcpwm_1_interrupts_13_IRQn\000"
 1279      6D5F315F 
 1279      696E7465 
 1279      72727570 
 1279      74735F31 
 1280              	.LASF122:
 1281 0951 63707573 		.ascii	"cpuss_interrupts_fault_1_IRQn\000"
 1281      735F696E 
 1281      74657272 
 1281      75707473 
 1281      5F666175 
 1282              	.LASF200:
 1283 096f 73697A65 		.ascii	"sizetype\000"
 1283      74797065 
 1283      00
 1284              	.LASF6:
 1285 0978 4E766963 		.ascii	"NvicMux0_IRQn\000"
 1285      4D757830 
 1285      5F495251 
 1285      6E00
 1286              	.LASF97:
 1287 0986 63707573 		.ascii	"cpuss_interrupts_dw0_8_IRQn\000"
 1287      735F696E 
 1287      74657272 
 1287      75707473 
 1287      5F647730 
 1288              	.LASF15:
 1289 09a2 4E766963 		.ascii	"NvicMux9_IRQn\000"
 1289      4D757839 
 1289      5F495251 
 1289      6E00
 1290              	.LASF3:
 1291 09b0 53564361 		.ascii	"SVCall_IRQn\000"
 1291      6C6C5F49 
 1291      52516E00 
 1292              	.LASF208:
 1293 09bc 63795F73 		.ascii	"cy_stc_sysint_t\000"
 1293      74635F73 
 1293      7973696E 
 1293      745F7400 
 1294              	.LASF99:
 1295 09cc 63707573 		.ascii	"cpuss_interrupts_dw0_10_IRQn\000"
 1295      735F696E 
 1295      74657272 
ARM GAS  C:\Users\salaz\AppData\Local\Temp\cc7S2ZId.s 			page 31


 1295      75707473 
 1295      5F647730 
 1296              	.LASF143:
 1297 09e9 74637077 		.ascii	"tcpwm_1_interrupts_6_IRQn\000"
 1297      6D5F315F 
 1297      696E7465 
 1297      72727570 
 1297      74735F36 
 1298              	.LASF66:
 1299 0a03 63707573 		.ascii	"cpuss_interrupts_ipc_2_IRQn\000"
 1299      735F696E 
 1299      74657272 
 1299      75707473 
 1299      5F697063 
 1300              	.LASF110:
 1301 0a1f 63707573 		.ascii	"cpuss_interrupts_dw1_5_IRQn\000"
 1301      735F696E 
 1301      74657272 
 1301      75707473 
 1301      5F647731 
 1302              	.LASF168:
 1303 0a3b 7564625F 		.ascii	"udb_interrupts_7_IRQn\000"
 1303      696E7465 
 1303      72727570 
 1303      74735F37 
 1303      5F495251 
 1304              	.LASF31:
 1305 0a51 4E766963 		.ascii	"NvicMux25_IRQn\000"
 1305      4D757832 
 1305      355F4952 
 1305      516E00
 1306              	.LASF154:
 1307 0a60 74637077 		.ascii	"tcpwm_1_interrupts_17_IRQn\000"
 1307      6D5F315F 
 1307      696E7465 
 1307      72727570 
 1307      74735F31 
 1308              	.LASF84:
 1309 0a7b 7363625F 		.ascii	"scb_4_interrupt_IRQn\000"
 1309      345F696E 
 1309      74657272 
 1309      7570745F 
 1309      4952516E 
 1310              	.LASF46:
 1311 0a90 696F7373 		.ascii	"ioss_interrupts_gpio_7_IRQn\000"
 1311      5F696E74 
 1311      65727275 
 1311      7074735F 
 1311      6770696F 
 1312              	.LASF102:
 1313 0aac 63707573 		.ascii	"cpuss_interrupts_dw0_13_IRQn\000"
 1313      735F696E 
 1313      74657272 
 1313      75707473 
 1313      5F647730 
 1314              	.LASF120:
 1315 0ac9 63707573 		.ascii	"cpuss_interrupts_dw1_15_IRQn\000"
ARM GAS  C:\Users\salaz\AppData\Local\Temp\cc7S2ZId.s 			page 32


 1315      735F696E 
 1315      74657272 
 1315      75707473 
 1315      5F647731 
 1316              	.LASF182:
 1317 0ae6 7573625F 		.ascii	"usb_interrupt_hi_IRQn\000"
 1317      696E7465 
 1317      72727570 
 1317      745F6869 
 1317      5F495251 
 1318              	.LASF203:
 1319 0afc 666C6F61 		.ascii	"float\000"
 1319      7400
 1320              	.LASF92:
 1321 0b02 63707573 		.ascii	"cpuss_interrupts_dw0_3_IRQn\000"
 1321      735F696E 
 1321      74657272 
 1321      75707473 
 1321      5F647730 
 1322              	.LASF50:
 1323 0b1e 696F7373 		.ascii	"ioss_interrupts_gpio_11_IRQn\000"
 1323      5F696E74 
 1323      65727275 
 1323      7074735F 
 1323      6770696F 
 1324              	.LASF20:
 1325 0b3b 4E766963 		.ascii	"NvicMux14_IRQn\000"
 1325      4D757831 
 1325      345F4952 
 1325      516E00
 1326              	.LASF132:
 1327 0b4a 74637077 		.ascii	"tcpwm_0_interrupts_3_IRQn\000"
 1327      6D5F305F 
 1327      696E7465 
 1327      72727570 
 1327      74735F33 
 1328              	.LASF157:
 1329 0b64 74637077 		.ascii	"tcpwm_1_interrupts_20_IRQn\000"
 1329      6D5F315F 
 1329      696E7465 
 1329      72727570 
 1329      74735F32 
 1330              	.LASF138:
 1331 0b7f 74637077 		.ascii	"tcpwm_1_interrupts_1_IRQn\000"
 1331      6D5F315F 
 1331      696E7465 
 1331      72727570 
 1331      74735F31 
 1332              	.LASF105:
 1333 0b99 63707573 		.ascii	"cpuss_interrupts_dw1_0_IRQn\000"
 1333      735F696E 
 1333      74657272 
 1333      75707473 
 1333      5F647731 
 1334              	.LASF172:
 1335 0bb5 7564625F 		.ascii	"udb_interrupts_11_IRQn\000"
 1335      696E7465 
ARM GAS  C:\Users\salaz\AppData\Local\Temp\cc7S2ZId.s 			page 33


 1335      72727570 
 1335      74735F31 
 1335      315F4952 
 1336              	.LASF98:
 1337 0bcc 63707573 		.ascii	"cpuss_interrupts_dw0_9_IRQn\000"
 1337      735F696E 
 1337      74657272 
 1337      75707473 
 1337      5F647730 
 1338              	.LASF176:
 1339 0be8 7564625F 		.ascii	"udb_interrupts_15_IRQn\000"
 1339      696E7465 
 1339      72727570 
 1339      74735F31 
 1339      355F4952 
 1340              	.LASF188:
 1341 0bff 756E7369 		.ascii	"unsigned char\000"
 1341      676E6564 
 1341      20636861 
 1341      7200
 1342              	.LASF100:
 1343 0c0d 63707573 		.ascii	"cpuss_interrupts_dw0_11_IRQn\000"
 1343      735F696E 
 1343      74657272 
 1343      75707473 
 1343      5F647730 
 1344              	.LASF144:
 1345 0c2a 74637077 		.ascii	"tcpwm_1_interrupts_7_IRQn\000"
 1345      6D5F315F 
 1345      696E7465 
 1345      72727570 
 1345      74735F37 
 1346              	.LASF67:
 1347 0c44 63707573 		.ascii	"cpuss_interrupts_ipc_3_IRQn\000"
 1347      735F696E 
 1347      74657272 
 1347      75707473 
 1347      5F697063 
 1348              	.LASF198:
 1349 0c60 756E7369 		.ascii	"unsigned int\000"
 1349      676E6564 
 1349      20696E74 
 1349      00
 1350              	.LASF49:
 1351 0c6d 696F7373 		.ascii	"ioss_interrupts_gpio_10_IRQn\000"
 1351      5F696E74 
 1351      65727275 
 1351      7074735F 
 1351      6770696F 
 1352              	.LASF169:
 1353 0c8a 7564625F 		.ascii	"udb_interrupts_8_IRQn\000"
 1353      696E7465 
 1353      72727570 
 1353      74735F38 
 1353      5F495251 
 1354              	.LASF38:
 1355 0ca0 756E636F 		.ascii	"unconnected_IRQn\000"
ARM GAS  C:\Users\salaz\AppData\Local\Temp\cc7S2ZId.s 			page 34


 1355      6E6E6563 
 1355      7465645F 
 1355      4952516E 
 1355      00
 1356              	.LASF187:
 1357 0cb1 73686F72 		.ascii	"short int\000"
 1357      7420696E 
 1357      7400
 1358              	.LASF127:
 1359 0cbb 63707573 		.ascii	"cpuss_interrupts_cm4_cti_0_IRQn\000"
 1359      735F696E 
 1359      74657272 
 1359      75707473 
 1359      5F636D34 
 1360              	.LASF211:
 1361 0cdb 426C7565 		.ascii	"Bluetooth_bless_isr_cfg\000"
 1361      746F6F74 
 1361      685F626C 
 1361      6573735F 
 1361      6973725F 
 1362              	.LASF155:
 1363 0cf3 74637077 		.ascii	"tcpwm_1_interrupts_18_IRQn\000"
 1363      6D5F315F 
 1363      696E7465 
 1363      72727570 
 1363      74735F31 
 1364              	.LASF174:
 1365 0d0e 7564625F 		.ascii	"udb_interrupts_13_IRQn\000"
 1365      696E7465 
 1365      72727570 
 1365      74735F31 
 1365      335F4952 
 1366              	.LASF108:
 1367 0d25 63707573 		.ascii	"cpuss_interrupts_dw1_3_IRQn\000"
 1367      735F696E 
 1367      74657272 
 1367      75707473 
 1367      5F647731 
 1368              	.LASF13:
 1369 0d41 4E766963 		.ascii	"NvicMux7_IRQn\000"
 1369      4D757837 
 1369      5F495251 
 1369      6E00
 1370              	.LASF24:
 1371 0d4f 4E766963 		.ascii	"NvicMux18_IRQn\000"
 1371      4D757831 
 1371      385F4952 
 1371      516E00
 1372              	.LASF136:
 1373 0d5e 74637077 		.ascii	"tcpwm_0_interrupts_7_IRQn\000"
 1373      6D5F305F 
 1373      696E7465 
 1373      72727570 
 1373      74735F37 
 1374              	.LASF64:
 1375 0d78 63707573 		.ascii	"cpuss_interrupts_ipc_0_IRQn\000"
 1375      735F696E 
ARM GAS  C:\Users\salaz\AppData\Local\Temp\cc7S2ZId.s 			page 35


 1375      74657272 
 1375      75707473 
 1375      5F697063 
 1376              	.LASF116:
 1377 0d94 63707573 		.ascii	"cpuss_interrupts_dw1_11_IRQn\000"
 1377      735F696E 
 1377      74657272 
 1377      75707473 
 1377      5F647731 
 1378              	.LASF11:
 1379 0db1 4E766963 		.ascii	"NvicMux5_IRQn\000"
 1379      4D757835 
 1379      5F495251 
 1379      6E00
 1380              	.LASF189:
 1381 0dbf 4952516E 		.ascii	"IRQn_Type\000"
 1381      5F547970 
 1381      6500
 1382              	.LASF158:
 1383 0dc9 74637077 		.ascii	"tcpwm_1_interrupts_21_IRQn\000"
 1383      6D5F315F 
 1383      696E7465 
 1383      72727570 
 1383      74735F32 
 1384              	.LASF199:
 1385 0de4 75696E74 		.ascii	"uint32_t\000"
 1385      33325F74 
 1385      00
 1386              	.LASF139:
 1387 0ded 74637077 		.ascii	"tcpwm_1_interrupts_2_IRQn\000"
 1387      6D5F315F 
 1387      696E7465 
 1387      72727570 
 1387      74735F32 
 1388              	.LASF71:
 1389 0e07 63707573 		.ascii	"cpuss_interrupts_ipc_7_IRQn\000"
 1389      735F696E 
 1389      74657272 
 1389      75707473 
 1389      5F697063 
 1390              	.LASF106:
 1391 0e23 63707573 		.ascii	"cpuss_interrupts_dw1_1_IRQn\000"
 1391      735F696E 
 1391      74657272 
 1391      75707473 
 1391      5F647731 
 1392              	.LASF78:
 1393 0e3f 63707573 		.ascii	"cpuss_interrupts_ipc_14_IRQn\000"
 1393      735F696E 
 1393      74657272 
 1393      75707473 
 1393      5F697063 
 1394              	.LASF220:
 1395 0e5c 474E5520 		.ascii	"GNU C11 5.4.1 20160609 (release) [ARM/embedded-5-br"
 1395      43313120 
 1395      352E342E 
 1395      31203230 
ARM GAS  C:\Users\salaz\AppData\Local\Temp\cc7S2ZId.s 			page 36


 1395      31363036 
 1396 0e8f 616E6368 		.ascii	"anch revision 237715] -mcpu=cortex-m0plus -mthumb -"
 1396      20726576 
 1396      6973696F 
 1396      6E203233 
 1396      37373135 
 1397 0ec2 67202D4F 		.ascii	"g -Og -ffunction-sections -ffat-lto-objects\000"
 1397      67202D66 
 1397      66756E63 
 1397      74696F6E 
 1397      2D736563 
 1398              	.LASF179:
 1399 0eee 61756469 		.ascii	"audioss_interrupt_pdm_IRQn\000"
 1399      6F73735F 
 1399      696E7465 
 1399      72727570 
 1399      745F7064 
 1400              	.LASF201:
 1401 0f09 6C6F6E67 		.ascii	"long double\000"
 1401      20646F75 
 1401      626C6500 
 1402              	.LASF202:
 1403 0f15 63686172 		.ascii	"char\000"
 1403      00
 1404              	.LASF209:
 1405 0f1a 50726573 		.ascii	"Press1_IRQ_cfg\000"
 1405      73315F49 
 1405      52515F63 
 1405      666700
 1406              	.LASF221:
 1407 0f29 47656E65 		.ascii	"Generated_Source\\PSoC6\\cyfitter_sysint_cfg.c\000"
 1407      72617465 
 1407      645F536F 
 1407      75726365 
 1407      5C50536F 
 1408              	.LASF101:
 1409 0f56 63707573 		.ascii	"cpuss_interrupts_dw0_12_IRQn\000"
 1409      735F696E 
 1409      74657272 
 1409      75707473 
 1409      5F647730 
 1410              	.LASF42:
 1411 0f73 696F7373 		.ascii	"ioss_interrupts_gpio_3_IRQn\000"
 1411      5F696E74 
 1411      65727275 
 1411      7074735F 
 1411      6770696F 
 1412              	.LASF177:
 1413 0f8f 70617373 		.ascii	"pass_interrupt_sar_IRQn\000"
 1413      5F696E74 
 1413      65727275 
 1413      70745F73 
 1413      61725F49 
 1414              	.LASF4:
 1415 0fa7 50656E64 		.ascii	"PendSV_IRQn\000"
 1415      53565F49 
 1415      52516E00 
ARM GAS  C:\Users\salaz\AppData\Local\Temp\cc7S2ZId.s 			page 37


 1416              	.LASF83:
 1417 0fb3 7363625F 		.ascii	"scb_3_interrupt_IRQn\000"
 1417      335F696E 
 1417      74657272 
 1417      7570745F 
 1417      4952516E 
 1418              	.LASF170:
 1419 0fc8 7564625F 		.ascii	"udb_interrupts_9_IRQn\000"
 1419      696E7465 
 1419      72727570 
 1419      74735F39 
 1419      5F495251 
 1420              	.LASF33:
 1421 0fde 4E766963 		.ascii	"NvicMux27_IRQn\000"
 1421      4D757832 
 1421      375F4952 
 1421      516E00
 1422              	.LASF1:
 1423 0fed 4E6F6E4D 		.ascii	"NonMaskableInt_IRQn\000"
 1423      61736B61 
 1423      626C6549 
 1423      6E745F49 
 1423      52516E00 
 1424              	.LASF156:
 1425 1001 74637077 		.ascii	"tcpwm_1_interrupts_19_IRQn\000"
 1425      6D5F315F 
 1425      696E7465 
 1425      72727570 
 1425      74735F31 
 1426              	.LASF86:
 1427 101c 7363625F 		.ascii	"scb_6_interrupt_IRQn\000"
 1427      365F696E 
 1427      74657272 
 1427      7570745F 
 1427      4952516E 
 1428              	.LASF212:
 1429 1031 53656E73 		.ascii	"SensorBus_SCB_IRQ_cfg\000"
 1429      6F724275 
 1429      735F5343 
 1429      425F4952 
 1429      515F6366 
 1430              	.LASF16:
 1431 1047 4E766963 		.ascii	"NvicMux10_IRQn\000"
 1431      4D757831 
 1431      305F4952 
 1431      516E00
 1432              	.LASF25:
 1433 1056 4E766963 		.ascii	"NvicMux19_IRQn\000"
 1433      4D757831 
 1433      395F4952 
 1433      516E00
 1434              	.LASF171:
 1435 1065 7564625F 		.ascii	"udb_interrupts_10_IRQn\000"
 1435      696E7465 
 1435      72727570 
 1435      74735F31 
 1435      305F4952 
ARM GAS  C:\Users\salaz\AppData\Local\Temp\cc7S2ZId.s 			page 38


 1436              	.LASF40:
 1437 107c 696F7373 		.ascii	"ioss_interrupts_gpio_1_IRQn\000"
 1437      5F696E74 
 1437      65727275 
 1437      7074735F 
 1437      6770696F 
 1438              	.LASF2:
 1439 1098 48617264 		.ascii	"HardFault_IRQn\000"
 1439      4661756C 
 1439      745F4952 
 1439      516E00
 1440              	.LASF219:
 1441 10a7 5368616B 		.ascii	"Shake_IRQ_cfg\000"
 1441      655F4952 
 1441      515F6366 
 1441      6700
 1442              	.LASF94:
 1443 10b5 63707573 		.ascii	"cpuss_interrupts_dw0_5_IRQn\000"
 1443      735F696E 
 1443      74657272 
 1443      75707473 
 1443      5F647730 
 1444              	.LASF12:
 1445 10d1 4E766963 		.ascii	"NvicMux6_IRQn\000"
 1445      4D757836 
 1445      5F495251 
 1445      6E00
 1446              	.LASF88:
 1447 10df 6373645F 		.ascii	"csd_interrupt_IRQn\000"
 1447      696E7465 
 1447      72727570 
 1447      745F4952 
 1447      516E00
 1448              	.LASF36:
 1449 10f2 4E766963 		.ascii	"NvicMux30_IRQn\000"
 1449      4D757833 
 1449      305F4952 
 1449      516E00
 1450              	.LASF159:
 1451 1101 74637077 		.ascii	"tcpwm_1_interrupts_22_IRQn\000"
 1451      6D5F315F 
 1451      696E7465 
 1451      72727570 
 1451      74735F32 
 1452              	.LASF140:
 1453 111c 74637077 		.ascii	"tcpwm_1_interrupts_3_IRQn\000"
 1453      6D5F315F 
 1453      696E7465 
 1453      72727570 
 1453      74735F33 
 1454              	.LASF72:
 1455 1136 63707573 		.ascii	"cpuss_interrupts_ipc_8_IRQn\000"
 1455      735F696E 
 1455      74657272 
 1455      75707473 
 1455      5F697063 
 1456              	.LASF107:
ARM GAS  C:\Users\salaz\AppData\Local\Temp\cc7S2ZId.s 			page 39


 1457 1152 63707573 		.ascii	"cpuss_interrupts_dw1_2_IRQn\000"
 1457      735F696E 
 1457      74657272 
 1457      75707473 
 1457      5F647731 
 1458              	.LASF79:
 1459 116e 63707573 		.ascii	"cpuss_interrupts_ipc_15_IRQn\000"
 1459      735F696E 
 1459      74657272 
 1459      75707473 
 1459      5F697063 
 1460              	.LASF165:
 1461 118b 7564625F 		.ascii	"udb_interrupts_4_IRQn\000"
 1461      696E7465 
 1461      72727570 
 1461      74735F34 
 1461      5F495251 
 1462              	.LASF28:
 1463 11a1 4E766963 		.ascii	"NvicMux22_IRQn\000"
 1463      4D757832 
 1463      325F4952 
 1463      516E00
 1464              	.LASF87:
 1465 11b0 7363625F 		.ascii	"scb_7_interrupt_IRQn\000"
 1465      375F696E 
 1465      74657272 
 1465      7570745F 
 1465      4952516E 
 1466              	.LASF151:
 1467 11c5 74637077 		.ascii	"tcpwm_1_interrupts_14_IRQn\000"
 1467      6D5F315F 
 1467      696E7465 
 1467      72727570 
 1467      74735F31 
 1468              	.LASF43:
 1469 11e0 696F7373 		.ascii	"ioss_interrupts_gpio_4_IRQn\000"
 1469      5F696E74 
 1469      65727275 
 1469      7074735F 
 1469      6770696F 
 1470              	.LASF214:
 1471 11fc 43617053 		.ascii	"CapSense_ISR_cfg\000"
 1471      656E7365 
 1471      5F495352 
 1471      5F636667 
 1471      00
 1472              	.LASF51:
 1473 120d 696F7373 		.ascii	"ioss_interrupts_gpio_12_IRQn\000"
 1473      5F696E74 
 1473      65727275 
 1473      7074735F 
 1473      6770696F 
 1474              	.LASF173:
 1475 122a 7564625F 		.ascii	"udb_interrupts_12_IRQn\000"
 1475      696E7465 
 1475      72727570 
 1475      74735F31 
ARM GAS  C:\Users\salaz\AppData\Local\Temp\cc7S2ZId.s 			page 40


 1475      325F4952 
 1476              	.LASF117:
 1477 1241 63707573 		.ascii	"cpuss_interrupts_dw1_12_IRQn\000"
 1477      735F696E 
 1477      74657272 
 1477      75707473 
 1477      5F647731 
 1478              	.LASF89:
 1479 125e 63707573 		.ascii	"cpuss_interrupts_dw0_0_IRQn\000"
 1479      735F696E 
 1479      74657272 
 1479      75707473 
 1479      5F647730 
 1480              	.LASF7:
 1481 127a 4E766963 		.ascii	"NvicMux1_IRQn\000"
 1481      4D757831 
 1481      5F495251 
 1481      6E00
 1482              	.LASF55:
 1483 1288 696F7373 		.ascii	"ioss_interrupt_vdd_IRQn\000"
 1483      5F696E74 
 1483      65727275 
 1483      70745F76 
 1483      64645F49 
 1484              	.LASF17:
 1485 12a0 4E766963 		.ascii	"NvicMux11_IRQn\000"
 1485      4D757831 
 1485      315F4952 
 1485      516E00
 1486              	.LASF129:
 1487 12af 74637077 		.ascii	"tcpwm_0_interrupts_0_IRQn\000"
 1487      6D5F305F 
 1487      696E7465 
 1487      72727570 
 1487      74735F30 
 1488              	.LASF62:
 1489 12c9 70617373 		.ascii	"pass_interrupt_ctbs_IRQn\000"
 1489      5F696E74 
 1489      65727275 
 1489      70745F63 
 1489      7462735F 
 1490              	.LASF115:
 1491 12e2 63707573 		.ascii	"cpuss_interrupts_dw1_10_IRQn\000"
 1491      735F696E 
 1491      74657272 
 1491      75707473 
 1491      5F647731 
 1492              	.LASF60:
 1493 12ff 73727373 		.ascii	"srss_interrupt_backup_IRQn\000"
 1493      5F696E74 
 1493      65727275 
 1493      70745F62 
 1493      61636B75 
 1494              	.LASF74:
 1495 131a 63707573 		.ascii	"cpuss_interrupts_ipc_10_IRQn\000"
 1495      735F696E 
 1495      74657272 
ARM GAS  C:\Users\salaz\AppData\Local\Temp\cc7S2ZId.s 			page 41


 1495      75707473 
 1495      5F697063 
 1496              	.LASF111:
 1497 1337 63707573 		.ascii	"cpuss_interrupts_dw1_6_IRQn\000"
 1497      735F696E 
 1497      74657272 
 1497      75707473 
 1497      5F647731 
 1498              	.LASF96:
 1499 1353 63707573 		.ascii	"cpuss_interrupts_dw0_7_IRQn\000"
 1499      735F696E 
 1499      74657272 
 1499      75707473 
 1499      5F647730 
 1500              	.LASF207:
 1501 136f 696E7472 		.ascii	"intrPriority\000"
 1501      5072696F 
 1501      72697479 
 1501      00
 1502              	.LASF141:
 1503 137c 74637077 		.ascii	"tcpwm_1_interrupts_4_IRQn\000"
 1503      6D5F315F 
 1503      696E7465 
 1503      72727570 
 1503      74735F34 
 1504              	.LASF125:
 1505 1396 63707573 		.ascii	"cpuss_interrupts_cm0_cti_0_IRQn\000"
 1505      735F696E 
 1505      74657272 
 1505      75707473 
 1505      5F636D30 
 1506              	.LASF47:
 1507 13b6 696F7373 		.ascii	"ioss_interrupts_gpio_8_IRQn\000"
 1507      5F696E74 
 1507      65727275 
 1507      7074735F 
 1507      6770696F 
 1508              	.LASF73:
 1509 13d2 63707573 		.ascii	"cpuss_interrupts_ipc_9_IRQn\000"
 1509      735F696E 
 1509      74657272 
 1509      75707473 
 1509      5F697063 
 1510              	.LASF166:
 1511 13ee 7564625F 		.ascii	"udb_interrupts_5_IRQn\000"
 1511      696E7465 
 1511      72727570 
 1511      74735F35 
 1511      5F495251 
 1512              	.LASF77:
 1513 1404 63707573 		.ascii	"cpuss_interrupts_ipc_13_IRQn\000"
 1513      735F696E 
 1513      74657272 
 1513      75707473 
 1513      5F697063 
 1514              	.LASF29:
 1515 1421 4E766963 		.ascii	"NvicMux23_IRQn\000"
ARM GAS  C:\Users\salaz\AppData\Local\Temp\cc7S2ZId.s 			page 42


 1515      4D757832 
 1515      335F4952 
 1515      516E00
 1516              		.ident	"GCC: (GNU Tools for ARM Embedded Processors) 5.4.1 20160609 (release) [ARM/embedded-5-bran
