ARM GAS  C:\Users\salaz\AppData\Local\Temp\cczsvjMM.s 			page 1


   1              		.syntax unified
   2              		.cpu cortex-m0plus
   3              		.fpu softvfp
   4              		.eabi_attribute 20, 1
   5              		.eabi_attribute 21, 1
   6              		.eabi_attribute 23, 3
   7              		.eabi_attribute 24, 1
   8              		.eabi_attribute 25, 1
   9              		.eabi_attribute 26, 1
  10              		.eabi_attribute 30, 1
  11              		.eabi_attribute 34, 0
  12              		.eabi_attribute 18, 4
  13              		.thumb
  14              		.syntax unified
  15              		.file	"main_cm0p.c"
  16              		.text
  17              	.Ltext0:
  18              		.cfi_sections	.debug_frame
  19              		.section	.text.main,"ax",%progbits
  20              		.align	2
  21              		.global	main
  22              		.code	16
  23              		.thumb_func
  24              		.type	main, %function
  25              	main:
  26              	.LFB798:
  27              		.file 1 "main_cm0p.c"
   1:main_cm0p.c   **** 
   2:main_cm0p.c   **** #include "project.h"
   3:main_cm0p.c   **** #include <KinOS.h>
   4:main_cm0p.c   **** 
   5:main_cm0p.c   **** #include "debug.h"
   6:main_cm0p.c   **** 
   7:main_cm0p.c   **** int main(void)
   8:main_cm0p.c   **** {
  28              		.loc 1 8 0
  29              		.cfi_startproc
  30              		@ args = 0, pretend = 0, frame = 0
  31              		@ frame_needed = 0, uses_anonymous_args = 0
  32 0000 10B5     		push	{r4, lr}
  33              		.cfi_def_cfa_offset 8
  34              		.cfi_offset 4, -8
  35              		.cfi_offset 14, -4
   9:main_cm0p.c   ****     KinOS_Boot();
  36              		.loc 1 9 0
  37 0002 FFF7FEFF 		bl	KinOS_Boot
  38              	.LVL0:
  10:main_cm0p.c   **** }
  39              		.loc 1 10 0
  40 0006 0020     		movs	r0, #0
  41              		@ sp needed
  42 0008 10BD     		pop	{r4, pc}
  43              		.cfi_endproc
  44              	.LFE798:
  45              		.size	main, .-main
  46 000a C046     		.text
  47              	.Letext0:
ARM GAS  C:\Users\salaz\AppData\Local\Temp\cczsvjMM.s 			page 2


  48              		.file 2 "c:\\program files (x86)\\cypress\\psoc creator\\4.2\\psoc creator\\import\\gnu\\arm\\5.4.
  49              		.file 3 "c:\\program files (x86)\\cypress\\psoc creator\\4.2\\psoc creator\\import\\gnu\\arm\\5.4.
  50              		.file 4 "Generated_Source\\PSoC6\\pdl\\drivers/peripheral/tcpwm/cy_tcpwm_counter.h"
  51              		.file 5 "Generated_Source\\PSoC6\\pdl\\drivers/peripheral/tcpwm/cy_tcpwm_pwm.h"
  52              		.file 6 "Generated_Source\\PSoC6\\pdl\\drivers/peripheral/scb/cy_scb_i2c.h"
  53              		.file 7 "Generated_Source\\PSoC6\\pdl\\drivers/peripheral/scb/cy_scb_uart.h"
  54              		.file 8 "Generated_Source\\PSoC6\\pdl\\middleware/ble/cy_ble_stack_host_main.h"
  55              		.file 9 "Generated_Source\\PSoC6\\pdl\\middleware/ble/cy_ble_gap.h"
  56              		.file 10 "Generated_Source\\PSoC6\\pdl\\drivers/peripheral/rtc/cy_rtc.h"
  57              		.file 11 "Generated_Source\\PSoC6/UART_DEBUG.h"
  58              		.file 12 "Generated_Source\\PSoC6/SensorBus.h"
  59              		.file 13 "Generated_Source\\PSoC6/LightOutputC.h"
  60              		.file 14 "Generated_Source\\PSoC6/LightOutputA.h"
  61              		.file 15 "Generated_Source\\PSoC6/LightTimer.h"
  62              		.file 16 "Generated_Source\\PSoC6/LightOutputB.h"
  63              		.file 17 "Generated_Source\\PSoC6/MotorOutput.h"
  64              		.file 18 "Generated_Source\\PSoC6/MotorTimer.h"
  65              		.file 19 "Generated_Source\\PSoC6/ChimeOutput.h"
  66              		.file 20 "Generated_Source\\PSoC6/ChimeTimer.h"
  67              		.file 21 "./KinOS.h"
  68              		.section	.debug_info,"",%progbits
  69              	.Ldebug_info0:
  70 0000 70090000 		.4byte	0x970
  71 0004 0400     		.2byte	0x4
  72 0006 00000000 		.4byte	.Ldebug_abbrev0
  73 000a 04       		.byte	0x4
  74 000b 01       		.uleb128 0x1
  75 000c 4F090000 		.4byte	.LASF178
  76 0010 0C       		.byte	0xc
  77 0011 70000000 		.4byte	.LASF179
  78 0015 05050000 		.4byte	.LASF180
  79 0019 00000000 		.4byte	.Ldebug_ranges0+0
  80 001d 00000000 		.4byte	0
  81 0021 00000000 		.4byte	.Ldebug_line0
  82 0025 02       		.uleb128 0x2
  83 0026 02       		.byte	0x2
  84 0027 05       		.byte	0x5
  85 0028 73050000 		.4byte	.LASF0
  86 002c 02       		.uleb128 0x2
  87 002d 01       		.byte	0x1
  88 002e 08       		.byte	0x8
  89 002f 93070000 		.4byte	.LASF1
  90 0033 02       		.uleb128 0x2
  91 0034 01       		.byte	0x1
  92 0035 06       		.byte	0x6
  93 0036 89000000 		.4byte	.LASF2
  94 003a 03       		.uleb128 0x3
  95 003b 95000000 		.4byte	.LASF5
  96 003f 02       		.byte	0x2
  97 0040 1D       		.byte	0x1d
  98 0041 2C000000 		.4byte	0x2c
  99 0045 02       		.uleb128 0x2
 100 0046 02       		.byte	0x2
 101 0047 07       		.byte	0x7
 102 0048 C6040000 		.4byte	.LASF3
 103 004c 02       		.uleb128 0x2
 104 004d 04       		.byte	0x4
ARM GAS  C:\Users\salaz\AppData\Local\Temp\cczsvjMM.s 			page 3


 105 004e 05       		.byte	0x5
 106 004f C5020000 		.4byte	.LASF4
 107 0053 03       		.uleb128 0x3
 108 0054 540A0000 		.4byte	.LASF6
 109 0058 02       		.byte	0x2
 110 0059 41       		.byte	0x41
 111 005a 5E000000 		.4byte	0x5e
 112 005e 02       		.uleb128 0x2
 113 005f 04       		.byte	0x4
 114 0060 07       		.byte	0x7
 115 0061 7E040000 		.4byte	.LASF7
 116 0065 02       		.uleb128 0x2
 117 0066 08       		.byte	0x8
 118 0067 05       		.byte	0x5
 119 0068 08020000 		.4byte	.LASF8
 120 006c 02       		.uleb128 0x2
 121 006d 08       		.byte	0x8
 122 006e 07       		.byte	0x7
 123 006f 3E010000 		.4byte	.LASF9
 124 0073 04       		.uleb128 0x4
 125 0074 04       		.byte	0x4
 126 0075 05       		.byte	0x5
 127 0076 696E7400 		.ascii	"int\000"
 128 007a 02       		.uleb128 0x2
 129 007b 04       		.byte	0x4
 130 007c 07       		.byte	0x7
 131 007d 26040000 		.4byte	.LASF10
 132 0081 03       		.uleb128 0x3
 133 0082 FB0B0000 		.4byte	.LASF11
 134 0086 03       		.byte	0x3
 135 0087 18       		.byte	0x18
 136 0088 3A000000 		.4byte	0x3a
 137 008c 03       		.uleb128 0x3
 138 008d 21090000 		.4byte	.LASF12
 139 0091 03       		.byte	0x3
 140 0092 30       		.byte	0x30
 141 0093 53000000 		.4byte	0x53
 142 0097 02       		.uleb128 0x2
 143 0098 04       		.byte	0x4
 144 0099 07       		.byte	0x7
 145 009a 02060000 		.4byte	.LASF13
 146 009e 05       		.uleb128 0x5
 147 009f 8C000000 		.4byte	0x8c
 148 00a3 02       		.uleb128 0x2
 149 00a4 08       		.byte	0x8
 150 00a5 04       		.byte	0x4
 151 00a6 0B060000 		.4byte	.LASF14
 152 00aa 02       		.uleb128 0x2
 153 00ab 01       		.byte	0x1
 154 00ac 08       		.byte	0x8
 155 00ad FE090000 		.4byte	.LASF15
 156 00b1 02       		.uleb128 0x2
 157 00b2 04       		.byte	0x4
 158 00b3 04       		.byte	0x4
 159 00b4 BA060000 		.4byte	.LASF16
 160 00b8 02       		.uleb128 0x2
 161 00b9 08       		.byte	0x8
ARM GAS  C:\Users\salaz\AppData\Local\Temp\cczsvjMM.s 			page 4


 162 00ba 04       		.byte	0x4
 163 00bb 0E030000 		.4byte	.LASF17
 164 00bf 06       		.uleb128 0x6
 165 00c0 04       		.byte	0x4
 166 00c1 02       		.uleb128 0x2
 167 00c2 01       		.byte	0x1
 168 00c3 02       		.byte	0x2
 169 00c4 5C0B0000 		.4byte	.LASF18
 170 00c8 07       		.uleb128 0x7
 171 00c9 E6050000 		.4byte	.LASF39
 172 00cd 4C       		.byte	0x4c
 173 00ce 04       		.byte	0x4
 174 00cf 2B       		.byte	0x2b
 175 00d0 B9010000 		.4byte	0x1b9
 176 00d4 08       		.uleb128 0x8
 177 00d5 18010000 		.4byte	.LASF19
 178 00d9 04       		.byte	0x4
 179 00da 2D       		.byte	0x2d
 180 00db 8C000000 		.4byte	0x8c
 181 00df 00       		.byte	0
 182 00e0 08       		.uleb128 0x8
 183 00e1 70010000 		.4byte	.LASF20
 184 00e5 04       		.byte	0x4
 185 00e6 2F       		.byte	0x2f
 186 00e7 8C000000 		.4byte	0x8c
 187 00eb 04       		.byte	0x4
 188 00ec 08       		.uleb128 0x8
 189 00ed C80C0000 		.4byte	.LASF21
 190 00f1 04       		.byte	0x4
 191 00f2 30       		.byte	0x30
 192 00f3 8C000000 		.4byte	0x8c
 193 00f7 08       		.byte	0x8
 194 00f8 08       		.uleb128 0x8
 195 00f9 CB000000 		.4byte	.LASF22
 196 00fd 04       		.byte	0x4
 197 00fe 31       		.byte	0x31
 198 00ff 8C000000 		.4byte	0x8c
 199 0103 0C       		.byte	0xc
 200 0104 08       		.uleb128 0x8
 201 0105 C5080000 		.4byte	.LASF23
 202 0109 04       		.byte	0x4
 203 010a 33       		.byte	0x33
 204 010b 8C000000 		.4byte	0x8c
 205 010f 10       		.byte	0x10
 206 0110 08       		.uleb128 0x8
 207 0111 E1090000 		.4byte	.LASF24
 208 0115 04       		.byte	0x4
 209 0116 34       		.byte	0x34
 210 0117 8C000000 		.4byte	0x8c
 211 011b 14       		.byte	0x14
 212 011c 08       		.uleb128 0x8
 213 011d EA090000 		.4byte	.LASF25
 214 0121 04       		.byte	0x4
 215 0122 35       		.byte	0x35
 216 0123 8C000000 		.4byte	0x8c
 217 0127 18       		.byte	0x18
 218 0128 08       		.uleb128 0x8
ARM GAS  C:\Users\salaz\AppData\Local\Temp\cczsvjMM.s 			page 5


 219 0129 F8070000 		.4byte	.LASF26
 220 012d 04       		.byte	0x4
 221 012e 36       		.byte	0x36
 222 012f C1000000 		.4byte	0xc1
 223 0133 1C       		.byte	0x1c
 224 0134 08       		.uleb128 0x8
 225 0135 890A0000 		.4byte	.LASF27
 226 0139 04       		.byte	0x4
 227 013a 38       		.byte	0x38
 228 013b 8C000000 		.4byte	0x8c
 229 013f 20       		.byte	0x20
 230 0140 08       		.uleb128 0x8
 231 0141 29030000 		.4byte	.LASF28
 232 0145 04       		.byte	0x4
 233 0146 39       		.byte	0x39
 234 0147 8C000000 		.4byte	0x8c
 235 014b 24       		.byte	0x24
 236 014c 08       		.uleb128 0x8
 237 014d 1F010000 		.4byte	.LASF29
 238 0151 04       		.byte	0x4
 239 0152 3B       		.byte	0x3b
 240 0153 8C000000 		.4byte	0x8c
 241 0157 28       		.byte	0x28
 242 0158 08       		.uleb128 0x8
 243 0159 300C0000 		.4byte	.LASF30
 244 015d 04       		.byte	0x4
 245 015e 3C       		.byte	0x3c
 246 015f 8C000000 		.4byte	0x8c
 247 0163 2C       		.byte	0x2c
 248 0164 08       		.uleb128 0x8
 249 0165 AB0B0000 		.4byte	.LASF31
 250 0169 04       		.byte	0x4
 251 016a 3E       		.byte	0x3e
 252 016b 8C000000 		.4byte	0x8c
 253 016f 30       		.byte	0x30
 254 0170 08       		.uleb128 0x8
 255 0171 84070000 		.4byte	.LASF32
 256 0175 04       		.byte	0x4
 257 0176 3F       		.byte	0x3f
 258 0177 8C000000 		.4byte	0x8c
 259 017b 34       		.byte	0x34
 260 017c 08       		.uleb128 0x8
 261 017d D5050000 		.4byte	.LASF33
 262 0181 04       		.byte	0x4
 263 0182 41       		.byte	0x41
 264 0183 8C000000 		.4byte	0x8c
 265 0187 38       		.byte	0x38
 266 0188 08       		.uleb128 0x8
 267 0189 DA000000 		.4byte	.LASF34
 268 018d 04       		.byte	0x4
 269 018e 42       		.byte	0x42
 270 018f 8C000000 		.4byte	0x8c
 271 0193 3C       		.byte	0x3c
 272 0194 08       		.uleb128 0x8
 273 0195 F50A0000 		.4byte	.LASF35
 274 0199 04       		.byte	0x4
 275 019a 44       		.byte	0x44
ARM GAS  C:\Users\salaz\AppData\Local\Temp\cczsvjMM.s 			page 6


 276 019b 8C000000 		.4byte	0x8c
 277 019f 40       		.byte	0x40
 278 01a0 08       		.uleb128 0x8
 279 01a1 B8050000 		.4byte	.LASF36
 280 01a5 04       		.byte	0x4
 281 01a6 45       		.byte	0x45
 282 01a7 8C000000 		.4byte	0x8c
 283 01ab 44       		.byte	0x44
 284 01ac 08       		.uleb128 0x8
 285 01ad F3090000 		.4byte	.LASF37
 286 01b1 04       		.byte	0x4
 287 01b2 47       		.byte	0x47
 288 01b3 8C000000 		.4byte	0x8c
 289 01b7 48       		.byte	0x48
 290 01b8 00       		.byte	0
 291 01b9 03       		.uleb128 0x3
 292 01ba 16020000 		.4byte	.LASF38
 293 01be 04       		.byte	0x4
 294 01bf 48       		.byte	0x48
 295 01c0 C8000000 		.4byte	0xc8
 296 01c4 07       		.uleb128 0x7
 297 01c5 7A020000 		.4byte	.LASF40
 298 01c9 64       		.byte	0x64
 299 01ca 05       		.byte	0x5
 300 01cb 2B       		.byte	0x2b
 301 01cc FD020000 		.4byte	0x2fd
 302 01d0 08       		.uleb128 0x8
 303 01d1 1B080000 		.4byte	.LASF41
 304 01d5 05       		.byte	0x5
 305 01d6 2D       		.byte	0x2d
 306 01d7 8C000000 		.4byte	0x8c
 307 01db 00       		.byte	0
 308 01dc 08       		.uleb128 0x8
 309 01dd 70010000 		.4byte	.LASF20
 310 01e1 05       		.byte	0x5
 311 01e2 2F       		.byte	0x2f
 312 01e3 8C000000 		.4byte	0x8c
 313 01e7 04       		.byte	0x4
 314 01e8 08       		.uleb128 0x8
 315 01e9 7C000000 		.4byte	.LASF42
 316 01ed 05       		.byte	0x5
 317 01ee 30       		.byte	0x30
 318 01ef 8C000000 		.4byte	0x8c
 319 01f3 08       		.byte	0x8
 320 01f4 08       		.uleb128 0x8
 321 01f5 9B050000 		.4byte	.LASF43
 322 01f9 05       		.byte	0x5
 323 01fa 31       		.byte	0x31
 324 01fb 8C000000 		.4byte	0x8c
 325 01ff 0C       		.byte	0xc
 326 0200 08       		.uleb128 0x8
 327 0201 C80C0000 		.4byte	.LASF21
 328 0205 05       		.byte	0x5
 329 0206 32       		.byte	0x32
 330 0207 8C000000 		.4byte	0x8c
 331 020b 10       		.byte	0x10
 332 020c 08       		.uleb128 0x8
ARM GAS  C:\Users\salaz\AppData\Local\Temp\cczsvjMM.s 			page 7


 333 020d 1D0B0000 		.4byte	.LASF44
 334 0211 05       		.byte	0x5
 335 0212 33       		.byte	0x33
 336 0213 8C000000 		.4byte	0x8c
 337 0217 14       		.byte	0x14
 338 0218 08       		.uleb128 0x8
 339 0219 D8010000 		.4byte	.LASF45
 340 021d 05       		.byte	0x5
 341 021e 34       		.byte	0x34
 342 021f 8C000000 		.4byte	0x8c
 343 0223 18       		.byte	0x18
 344 0224 08       		.uleb128 0x8
 345 0225 98080000 		.4byte	.LASF46
 346 0229 05       		.byte	0x5
 347 022a 35       		.byte	0x35
 348 022b C1000000 		.4byte	0xc1
 349 022f 1C       		.byte	0x1c
 350 0230 08       		.uleb128 0x8
 351 0231 E1090000 		.4byte	.LASF24
 352 0235 05       		.byte	0x5
 353 0236 36       		.byte	0x36
 354 0237 8C000000 		.4byte	0x8c
 355 023b 20       		.byte	0x20
 356 023c 08       		.uleb128 0x8
 357 023d EA090000 		.4byte	.LASF25
 358 0241 05       		.byte	0x5
 359 0242 37       		.byte	0x37
 360 0243 8C000000 		.4byte	0x8c
 361 0247 24       		.byte	0x24
 362 0248 08       		.uleb128 0x8
 363 0249 F8070000 		.4byte	.LASF26
 364 024d 05       		.byte	0x5
 365 024e 38       		.byte	0x38
 366 024f C1000000 		.4byte	0xc1
 367 0253 28       		.byte	0x28
 368 0254 08       		.uleb128 0x8
 369 0255 890A0000 		.4byte	.LASF27
 370 0259 05       		.byte	0x5
 371 025a 3A       		.byte	0x3a
 372 025b 8C000000 		.4byte	0x8c
 373 025f 2C       		.byte	0x2c
 374 0260 08       		.uleb128 0x8
 375 0261 7D050000 		.4byte	.LASF47
 376 0265 05       		.byte	0x5
 377 0266 3B       		.byte	0x3b
 378 0267 8C000000 		.4byte	0x8c
 379 026b 30       		.byte	0x30
 380 026c 08       		.uleb128 0x8
 381 026d B70B0000 		.4byte	.LASF48
 382 0271 05       		.byte	0x5
 383 0272 3C       		.byte	0x3c
 384 0273 8C000000 		.4byte	0x8c
 385 0277 34       		.byte	0x34
 386 0278 08       		.uleb128 0x8
 387 0279 030C0000 		.4byte	.LASF49
 388 027d 05       		.byte	0x5
 389 027e 3D       		.byte	0x3d
ARM GAS  C:\Users\salaz\AppData\Local\Temp\cczsvjMM.s 			page 8


 390 027f 8C000000 		.4byte	0x8c
 391 0283 38       		.byte	0x38
 392 0284 08       		.uleb128 0x8
 393 0285 B8040000 		.4byte	.LASF50
 394 0289 05       		.byte	0x5
 395 028a 3E       		.byte	0x3e
 396 028b 8C000000 		.4byte	0x8c
 397 028f 3C       		.byte	0x3c
 398 0290 08       		.uleb128 0x8
 399 0291 0C0C0000 		.4byte	.LASF51
 400 0295 05       		.byte	0x5
 401 0296 40       		.byte	0x40
 402 0297 8C000000 		.4byte	0x8c
 403 029b 40       		.byte	0x40
 404 029c 08       		.uleb128 0x8
 405 029d 300C0000 		.4byte	.LASF30
 406 02a1 05       		.byte	0x5
 407 02a2 41       		.byte	0x41
 408 02a3 8C000000 		.4byte	0x8c
 409 02a7 44       		.byte	0x44
 410 02a8 08       		.uleb128 0x8
 411 02a9 AB0B0000 		.4byte	.LASF31
 412 02ad 05       		.byte	0x5
 413 02ae 43       		.byte	0x43
 414 02af 8C000000 		.4byte	0x8c
 415 02b3 48       		.byte	0x48
 416 02b4 08       		.uleb128 0x8
 417 02b5 84070000 		.4byte	.LASF32
 418 02b9 05       		.byte	0x5
 419 02ba 44       		.byte	0x44
 420 02bb 8C000000 		.4byte	0x8c
 421 02bf 4C       		.byte	0x4c
 422 02c0 08       		.uleb128 0x8
 423 02c1 D5050000 		.4byte	.LASF33
 424 02c5 05       		.byte	0x5
 425 02c6 46       		.byte	0x46
 426 02c7 8C000000 		.4byte	0x8c
 427 02cb 50       		.byte	0x50
 428 02cc 08       		.uleb128 0x8
 429 02cd 48050000 		.4byte	.LASF52
 430 02d1 05       		.byte	0x5
 431 02d2 47       		.byte	0x47
 432 02d3 8C000000 		.4byte	0x8c
 433 02d7 54       		.byte	0x54
 434 02d8 08       		.uleb128 0x8
 435 02d9 400C0000 		.4byte	.LASF53
 436 02dd 05       		.byte	0x5
 437 02de 49       		.byte	0x49
 438 02df 8C000000 		.4byte	0x8c
 439 02e3 58       		.byte	0x58
 440 02e4 08       		.uleb128 0x8
 441 02e5 B8050000 		.4byte	.LASF36
 442 02e9 05       		.byte	0x5
 443 02ea 4A       		.byte	0x4a
 444 02eb 8C000000 		.4byte	0x8c
 445 02ef 5C       		.byte	0x5c
 446 02f0 08       		.uleb128 0x8
ARM GAS  C:\Users\salaz\AppData\Local\Temp\cczsvjMM.s 			page 9


 447 02f1 F3090000 		.4byte	.LASF37
 448 02f5 05       		.byte	0x5
 449 02f6 4C       		.byte	0x4c
 450 02f7 8C000000 		.4byte	0x8c
 451 02fb 60       		.byte	0x60
 452 02fc 00       		.byte	0
 453 02fd 03       		.uleb128 0x3
 454 02fe 160C0000 		.4byte	.LASF54
 455 0302 05       		.byte	0x5
 456 0303 4D       		.byte	0x4d
 457 0304 C4010000 		.4byte	0x1c4
 458 0308 09       		.uleb128 0x9
 459 0309 01       		.byte	0x1
 460 030a 2C000000 		.4byte	0x2c
 461 030e 06       		.byte	0x6
 462 030f DE01     		.2byte	0x1de
 463 0311 22030000 		.4byte	0x322
 464 0315 0A       		.uleb128 0xa
 465 0316 7A0A0000 		.4byte	.LASF55
 466 031a 00       		.byte	0
 467 031b 0A       		.uleb128 0xa
 468 031c 610C0000 		.4byte	.LASF56
 469 0320 01       		.byte	0x1
 470 0321 00       		.byte	0
 471 0322 0B       		.uleb128 0xb
 472 0323 930B0000 		.4byte	.LASF57
 473 0327 06       		.byte	0x6
 474 0328 E101     		.2byte	0x1e1
 475 032a 08030000 		.4byte	0x308
 476 032e 0B       		.uleb128 0xb
 477 032f A7020000 		.4byte	.LASF58
 478 0333 06       		.byte	0x6
 479 0334 F301     		.2byte	0x1f3
 480 0336 3A030000 		.4byte	0x33a
 481 033a 0C       		.uleb128 0xc
 482 033b 04       		.byte	0x4
 483 033c 40030000 		.4byte	0x340
 484 0340 0D       		.uleb128 0xd
 485 0341 4B030000 		.4byte	0x34b
 486 0345 0E       		.uleb128 0xe
 487 0346 8C000000 		.4byte	0x8c
 488 034a 00       		.byte	0
 489 034b 0B       		.uleb128 0xb
 490 034c A9080000 		.4byte	.LASF59
 491 0350 06       		.byte	0x6
 492 0351 FE01     		.2byte	0x1fe
 493 0353 57030000 		.4byte	0x357
 494 0357 0C       		.uleb128 0xc
 495 0358 04       		.byte	0x4
 496 0359 5D030000 		.4byte	0x35d
 497 035d 0F       		.uleb128 0xf
 498 035e 22030000 		.4byte	0x322
 499 0362 6C030000 		.4byte	0x36c
 500 0366 0E       		.uleb128 0xe
 501 0367 8C000000 		.4byte	0x8c
 502 036b 00       		.byte	0
 503 036c 10       		.uleb128 0x10
ARM GAS  C:\Users\salaz\AppData\Local\Temp\cczsvjMM.s 			page 10


 504 036d C1010000 		.4byte	.LASF60
 505 0371 4C       		.byte	0x4c
 506 0372 06       		.byte	0x6
 507 0373 6502     		.2byte	0x265
 508 0375 8B040000 		.4byte	0x48b
 509 0379 11       		.uleb128 0x11
 510 037a 130B0000 		.4byte	.LASF61
 511 037e 06       		.byte	0x6
 512 037f 6802     		.2byte	0x268
 513 0381 C1000000 		.4byte	0xc1
 514 0385 00       		.byte	0
 515 0386 11       		.uleb128 0x11
 516 0387 AE040000 		.4byte	.LASF62
 517 038b 06       		.byte	0x6
 518 038c 6902     		.2byte	0x269
 519 038e C1000000 		.4byte	0xc1
 520 0392 01       		.byte	0x1
 521 0393 11       		.uleb128 0x11
 522 0394 A1020000 		.4byte	.LASF63
 523 0398 06       		.byte	0x6
 524 0399 6B02     		.2byte	0x26b
 525 039b 9E000000 		.4byte	0x9e
 526 039f 04       		.byte	0x4
 527 03a0 11       		.uleb128 0x11
 528 03a1 9C010000 		.4byte	.LASF64
 529 03a5 06       		.byte	0x6
 530 03a6 6D02     		.2byte	0x26d
 531 03a8 9E000000 		.4byte	0x9e
 532 03ac 08       		.byte	0x8
 533 03ad 11       		.uleb128 0x11
 534 03ae 8C080000 		.4byte	.LASF65
 535 03b2 06       		.byte	0x6
 536 03b3 6E02     		.2byte	0x26e
 537 03b5 C1000000 		.4byte	0xc1
 538 03b9 0C       		.byte	0xc
 539 03ba 11       		.uleb128 0x11
 540 03bb 2C070000 		.4byte	.LASF66
 541 03bf 06       		.byte	0x6
 542 03c0 6F02     		.2byte	0x26f
 543 03c2 C1000000 		.4byte	0xc1
 544 03c6 0D       		.byte	0xd
 545 03c7 11       		.uleb128 0x11
 546 03c8 63000000 		.4byte	.LASF67
 547 03cc 06       		.byte	0x6
 548 03cd 7102     		.2byte	0x271
 549 03cf 8B040000 		.4byte	0x48b
 550 03d3 10       		.byte	0x10
 551 03d4 11       		.uleb128 0x11
 552 03d5 5C080000 		.4byte	.LASF68
 553 03d9 06       		.byte	0x6
 554 03da 7202     		.2byte	0x272
 555 03dc 8C000000 		.4byte	0x8c
 556 03e0 14       		.byte	0x14
 557 03e1 11       		.uleb128 0x11
 558 03e2 17060000 		.4byte	.LASF69
 559 03e6 06       		.byte	0x6
 560 03e7 7302     		.2byte	0x273
ARM GAS  C:\Users\salaz\AppData\Local\Temp\cczsvjMM.s 			page 11


 561 03e9 9E000000 		.4byte	0x9e
 562 03ed 18       		.byte	0x18
 563 03ee 11       		.uleb128 0x11
 564 03ef D6080000 		.4byte	.LASF70
 565 03f3 06       		.byte	0x6
 566 03f4 7402     		.2byte	0x274
 567 03f6 9E000000 		.4byte	0x9e
 568 03fa 1C       		.byte	0x1c
 569 03fb 11       		.uleb128 0x11
 570 03fc 4E020000 		.4byte	.LASF71
 571 0400 06       		.byte	0x6
 572 0401 7602     		.2byte	0x276
 573 0403 9E000000 		.4byte	0x9e
 574 0407 20       		.byte	0x20
 575 0408 11       		.uleb128 0x11
 576 0409 60040000 		.4byte	.LASF72
 577 040d 06       		.byte	0x6
 578 040e 7702     		.2byte	0x277
 579 0410 91040000 		.4byte	0x491
 580 0414 24       		.byte	0x24
 581 0415 11       		.uleb128 0x11
 582 0416 3C0B0000 		.4byte	.LASF73
 583 041a 06       		.byte	0x6
 584 041b 7902     		.2byte	0x279
 585 041d 8B040000 		.4byte	0x48b
 586 0421 28       		.byte	0x28
 587 0422 11       		.uleb128 0x11
 588 0423 4A0B0000 		.4byte	.LASF74
 589 0427 06       		.byte	0x6
 590 0428 7A02     		.2byte	0x27a
 591 042a 8C000000 		.4byte	0x8c
 592 042e 2C       		.byte	0x2c
 593 042f 11       		.uleb128 0x11
 594 0430 4F040000 		.4byte	.LASF75
 595 0434 06       		.byte	0x6
 596 0435 7B02     		.2byte	0x27b
 597 0437 9E000000 		.4byte	0x9e
 598 043b 30       		.byte	0x30
 599 043c 11       		.uleb128 0x11
 600 043d E5080000 		.4byte	.LASF76
 601 0441 06       		.byte	0x6
 602 0442 7C02     		.2byte	0x27c
 603 0444 9E000000 		.4byte	0x9e
 604 0448 34       		.byte	0x34
 605 0449 11       		.uleb128 0x11
 606 044a C7050000 		.4byte	.LASF77
 607 044e 06       		.byte	0x6
 608 044f 7E02     		.2byte	0x27e
 609 0451 8B040000 		.4byte	0x48b
 610 0455 38       		.byte	0x38
 611 0456 11       		.uleb128 0x11
 612 0457 AF010000 		.4byte	.LASF78
 613 045b 06       		.byte	0x6
 614 045c 7F02     		.2byte	0x27f
 615 045e 8C000000 		.4byte	0x8c
 616 0462 3C       		.byte	0x3c
 617 0463 11       		.uleb128 0x11
ARM GAS  C:\Users\salaz\AppData\Local\Temp\cczsvjMM.s 			page 12


 618 0464 52000000 		.4byte	.LASF79
 619 0468 06       		.byte	0x6
 620 0469 8002     		.2byte	0x280
 621 046b 9E000000 		.4byte	0x9e
 622 046f 40       		.byte	0x40
 623 0470 11       		.uleb128 0x11
 624 0471 56050000 		.4byte	.LASF80
 625 0475 06       		.byte	0x6
 626 0476 8602     		.2byte	0x286
 627 0478 2E030000 		.4byte	0x32e
 628 047c 44       		.byte	0x44
 629 047d 11       		.uleb128 0x11
 630 047e 6B030000 		.4byte	.LASF81
 631 0482 06       		.byte	0x6
 632 0483 8D02     		.2byte	0x28d
 633 0485 4B030000 		.4byte	0x34b
 634 0489 48       		.byte	0x48
 635 048a 00       		.byte	0
 636 048b 0C       		.uleb128 0xc
 637 048c 04       		.byte	0x4
 638 048d 81000000 		.4byte	0x81
 639 0491 05       		.uleb128 0x5
 640 0492 C1000000 		.4byte	0xc1
 641 0496 0B       		.uleb128 0xb
 642 0497 2A090000 		.4byte	.LASF82
 643 049b 06       		.byte	0x6
 644 049c 9002     		.2byte	0x290
 645 049e 6C030000 		.4byte	0x36c
 646 04a2 09       		.uleb128 0x9
 647 04a3 01       		.byte	0x1
 648 04a4 2C000000 		.4byte	0x2c
 649 04a8 07       		.byte	0x7
 650 04a9 7A01     		.2byte	0x17a
 651 04ab C2040000 		.4byte	0x4c2
 652 04af 0A       		.uleb128 0xa
 653 04b0 030A0000 		.4byte	.LASF83
 654 04b4 00       		.byte	0
 655 04b5 0A       		.uleb128 0xa
 656 04b6 80060000 		.4byte	.LASF84
 657 04ba 01       		.byte	0x1
 658 04bb 0A       		.uleb128 0xa
 659 04bc 8A050000 		.4byte	.LASF85
 660 04c0 02       		.byte	0x2
 661 04c1 00       		.byte	0
 662 04c2 0B       		.uleb128 0xb
 663 04c3 A1070000 		.4byte	.LASF86
 664 04c7 07       		.byte	0x7
 665 04c8 7E01     		.2byte	0x17e
 666 04ca A2040000 		.4byte	0x4a2
 667 04ce 09       		.uleb128 0x9
 668 04cf 01       		.byte	0x1
 669 04d0 2C000000 		.4byte	0x2c
 670 04d4 07       		.byte	0x7
 671 04d5 8201     		.2byte	0x182
 672 04d7 06050000 		.4byte	0x506
 673 04db 0A       		.uleb128 0xa
 674 04dc 72030000 		.4byte	.LASF87
ARM GAS  C:\Users\salaz\AppData\Local\Temp\cczsvjMM.s 			page 13


 675 04e0 02       		.byte	0x2
 676 04e1 0A       		.uleb128 0xa
 677 04e2 700C0000 		.4byte	.LASF88
 678 04e6 03       		.byte	0x3
 679 04e7 0A       		.uleb128 0xa
 680 04e8 8A030000 		.4byte	.LASF89
 681 04ec 04       		.byte	0x4
 682 04ed 0A       		.uleb128 0xa
 683 04ee 180A0000 		.4byte	.LASF90
 684 04f2 05       		.byte	0x5
 685 04f3 0A       		.uleb128 0xa
 686 04f4 A2030000 		.4byte	.LASF91
 687 04f8 06       		.byte	0x6
 688 04f9 0A       		.uleb128 0xa
 689 04fa D2060000 		.4byte	.LASF92
 690 04fe 07       		.byte	0x7
 691 04ff 0A       		.uleb128 0xa
 692 0500 BA030000 		.4byte	.LASF93
 693 0504 08       		.byte	0x8
 694 0505 00       		.byte	0
 695 0506 0B       		.uleb128 0xb
 696 0507 EF030000 		.4byte	.LASF94
 697 050b 07       		.byte	0x7
 698 050c 8A01     		.2byte	0x18a
 699 050e CE040000 		.4byte	0x4ce
 700 0512 09       		.uleb128 0x9
 701 0513 01       		.byte	0x1
 702 0514 2C000000 		.4byte	0x2c
 703 0518 07       		.byte	0x7
 704 0519 8E01     		.2byte	0x18e
 705 051b 32050000 		.4byte	0x532
 706 051f 0A       		.uleb128 0xa
 707 0520 ED040000 		.4byte	.LASF95
 708 0524 00       		.byte	0
 709 0525 0A       		.uleb128 0xa
 710 0526 E8000000 		.4byte	.LASF96
 711 052a 02       		.byte	0x2
 712 052b 0A       		.uleb128 0xa
 713 052c E1020000 		.4byte	.LASF97
 714 0530 03       		.byte	0x3
 715 0531 00       		.byte	0
 716 0532 0B       		.uleb128 0xb
 717 0533 38070000 		.4byte	.LASF98
 718 0537 07       		.byte	0x7
 719 0538 9201     		.2byte	0x192
 720 053a 12050000 		.4byte	0x512
 721 053e 09       		.uleb128 0x9
 722 053f 01       		.byte	0x1
 723 0540 2C000000 		.4byte	0x2c
 724 0544 07       		.byte	0x7
 725 0545 9601     		.2byte	0x196
 726 0547 58050000 		.4byte	0x558
 727 054b 0A       		.uleb128 0xa
 728 054c F1010000 		.4byte	.LASF99
 729 0550 00       		.byte	0
 730 0551 0A       		.uleb128 0xa
 731 0552 00010000 		.4byte	.LASF100
ARM GAS  C:\Users\salaz\AppData\Local\Temp\cczsvjMM.s 			page 14


 732 0556 01       		.byte	0x1
 733 0557 00       		.byte	0
 734 0558 0B       		.uleb128 0xb
 735 0559 66060000 		.4byte	.LASF101
 736 055d 07       		.byte	0x7
 737 055e 9901     		.2byte	0x199
 738 0560 3E050000 		.4byte	0x53e
 739 0564 0B       		.uleb128 0xb
 740 0565 D60A0000 		.4byte	.LASF102
 741 0569 07       		.byte	0x7
 742 056a AB01     		.2byte	0x1ab
 743 056c 3A030000 		.4byte	0x33a
 744 0570 10       		.uleb128 0x10
 745 0571 FF0A0000 		.4byte	.LASF103
 746 0575 40       		.byte	0x40
 747 0576 07       		.byte	0x7
 748 0577 AE01     		.2byte	0x1ae
 749 0579 C3060000 		.4byte	0x6c3
 750 057d 11       		.uleb128 0x11
 751 057e 250B0000 		.4byte	.LASF104
 752 0582 07       		.byte	0x7
 753 0583 B101     		.2byte	0x1b1
 754 0585 C2040000 		.4byte	0x4c2
 755 0589 00       		.byte	0
 756 058a 11       		.uleb128 0x11
 757 058b 81080000 		.4byte	.LASF105
 758 058f 07       		.byte	0x7
 759 0590 BB01     		.2byte	0x1bb
 760 0592 8C000000 		.4byte	0x8c
 761 0596 04       		.byte	0x4
 762 0597 11       		.uleb128 0x11
 763 0598 7A070000 		.4byte	.LASF106
 764 059c 07       		.byte	0x7
 765 059d BE01     		.2byte	0x1be
 766 059f 8C000000 		.4byte	0x8c
 767 05a3 08       		.byte	0x8
 768 05a4 11       		.uleb128 0x11
 769 05a5 43000000 		.4byte	.LASF107
 770 05a9 07       		.byte	0x7
 771 05aa C401     		.2byte	0x1c4
 772 05ac C1000000 		.4byte	0xc1
 773 05b0 0C       		.byte	0xc
 774 05b1 11       		.uleb128 0x11
 775 05b2 320A0000 		.4byte	.LASF108
 776 05b6 07       		.byte	0x7
 777 05b7 CA01     		.2byte	0x1ca
 778 05b9 06050000 		.4byte	0x506
 779 05bd 0D       		.byte	0xd
 780 05be 11       		.uleb128 0x11
 781 05bf 64030000 		.4byte	.LASF109
 782 05c3 07       		.byte	0x7
 783 05c4 CD01     		.2byte	0x1cd
 784 05c6 32050000 		.4byte	0x532
 785 05ca 0E       		.byte	0xe
 786 05cb 11       		.uleb128 0x11
 787 05cc D00C0000 		.4byte	.LASF110
 788 05d0 07       		.byte	0x7
ARM GAS  C:\Users\salaz\AppData\Local\Temp\cczsvjMM.s 			page 15


 789 05d1 D501     		.2byte	0x1d5
 790 05d3 C1000000 		.4byte	0xc1
 791 05d7 0F       		.byte	0xf
 792 05d8 11       		.uleb128 0x11
 793 05d9 E20C0000 		.4byte	.LASF111
 794 05dd 07       		.byte	0x7
 795 05de DB01     		.2byte	0x1db
 796 05e0 C1000000 		.4byte	0xc1
 797 05e4 10       		.byte	0x10
 798 05e5 11       		.uleb128 0x11
 799 05e6 E0010000 		.4byte	.LASF112
 800 05ea 07       		.byte	0x7
 801 05eb E101     		.2byte	0x1e1
 802 05ed C1000000 		.4byte	0xc1
 803 05f1 11       		.byte	0x11
 804 05f2 11       		.uleb128 0x11
 805 05f3 23080000 		.4byte	.LASF113
 806 05f7 07       		.byte	0x7
 807 05f8 E701     		.2byte	0x1e7
 808 05fa C1000000 		.4byte	0xc1
 809 05fe 12       		.byte	0x12
 810 05ff 11       		.uleb128 0x11
 811 0600 E8070000 		.4byte	.LASF114
 812 0604 07       		.byte	0x7
 813 0605 EE01     		.2byte	0x1ee
 814 0607 8C000000 		.4byte	0x8c
 815 060b 14       		.byte	0x14
 816 060c 11       		.uleb128 0x11
 817 060d DB030000 		.4byte	.LASF115
 818 0611 07       		.byte	0x7
 819 0612 F601     		.2byte	0x1f6
 820 0614 8C000000 		.4byte	0x8c
 821 0618 18       		.byte	0x18
 822 0619 11       		.uleb128 0x11
 823 061a 0A080000 		.4byte	.LASF116
 824 061e 07       		.byte	0x7
 825 061f FC01     		.2byte	0x1fc
 826 0621 C1000000 		.4byte	0xc1
 827 0625 1C       		.byte	0x1c
 828 0626 11       		.uleb128 0x11
 829 0627 3C080000 		.4byte	.LASF117
 830 062b 07       		.byte	0x7
 831 062c FF01     		.2byte	0x1ff
 832 062e C1000000 		.4byte	0xc1
 833 0632 1D       		.byte	0x1d
 834 0633 11       		.uleb128 0x11
 835 0634 55010000 		.4byte	.LASF118
 836 0638 07       		.byte	0x7
 837 0639 0502     		.2byte	0x205
 838 063b C1000000 		.4byte	0xc1
 839 063f 1E       		.byte	0x1e
 840 0640 11       		.uleb128 0x11
 841 0641 B30C0000 		.4byte	.LASF119
 842 0645 07       		.byte	0x7
 843 0646 0C02     		.2byte	0x20c
 844 0648 C1000000 		.4byte	0xc1
 845 064c 1F       		.byte	0x1f
ARM GAS  C:\Users\salaz\AppData\Local\Temp\cczsvjMM.s 			page 16


 846 064d 11       		.uleb128 0x11
 847 064e 9B040000 		.4byte	.LASF120
 848 0652 07       		.byte	0x7
 849 0653 1202     		.2byte	0x212
 850 0655 C1000000 		.4byte	0xc1
 851 0659 20       		.byte	0x20
 852 065a 11       		.uleb128 0x11
 853 065b 43090000 		.4byte	.LASF121
 854 065f 07       		.byte	0x7
 855 0660 1502     		.2byte	0x215
 856 0662 58050000 		.4byte	0x558
 857 0666 21       		.byte	0x21
 858 0667 11       		.uleb128 0x11
 859 0668 92020000 		.4byte	.LASF122
 860 066c 07       		.byte	0x7
 861 066d 1B02     		.2byte	0x21b
 862 066f 8C000000 		.4byte	0x8c
 863 0673 24       		.byte	0x24
 864 0674 11       		.uleb128 0x11
 865 0675 A70C0000 		.4byte	.LASF123
 866 0679 07       		.byte	0x7
 867 067a 1E02     		.2byte	0x21e
 868 067c 58050000 		.4byte	0x558
 869 0680 28       		.byte	0x28
 870 0681 11       		.uleb128 0x11
 871 0682 6F0A0000 		.4byte	.LASF124
 872 0686 07       		.byte	0x7
 873 0687 2102     		.2byte	0x221
 874 0689 8C000000 		.4byte	0x8c
 875 068d 2C       		.byte	0x2c
 876 068e 11       		.uleb128 0x11
 877 068f 14000000 		.4byte	.LASF125
 878 0693 07       		.byte	0x7
 879 0694 2902     		.2byte	0x229
 880 0696 8C000000 		.4byte	0x8c
 881 069a 30       		.byte	0x30
 882 069b 11       		.uleb128 0x11
 883 069c 15030000 		.4byte	.LASF126
 884 06a0 07       		.byte	0x7
 885 06a1 2F02     		.2byte	0x22f
 886 06a3 8C000000 		.4byte	0x8c
 887 06a7 34       		.byte	0x34
 888 06a8 11       		.uleb128 0x11
 889 06a9 49080000 		.4byte	.LASF127
 890 06ad 07       		.byte	0x7
 891 06ae 3702     		.2byte	0x237
 892 06b0 8C000000 		.4byte	0x8c
 893 06b4 38       		.byte	0x38
 894 06b5 11       		.uleb128 0x11
 895 06b6 D9040000 		.4byte	.LASF128
 896 06ba 07       		.byte	0x7
 897 06bb 3D02     		.2byte	0x23d
 898 06bd 8C000000 		.4byte	0x8c
 899 06c1 3C       		.byte	0x3c
 900 06c2 00       		.byte	0
 901 06c3 0B       		.uleb128 0xb
 902 06c4 02070000 		.4byte	.LASF129
ARM GAS  C:\Users\salaz\AppData\Local\Temp\cczsvjMM.s 			page 17


 903 06c8 07       		.byte	0x7
 904 06c9 3E02     		.2byte	0x23e
 905 06cb 70050000 		.4byte	0x570
 906 06cf 10       		.uleb128 0x10
 907 06d0 8F0C0000 		.4byte	.LASF130
 908 06d4 38       		.byte	0x38
 909 06d5 07       		.byte	0x7
 910 06d6 4702     		.2byte	0x247
 911 06d8 93070000 		.4byte	0x793
 912 06dc 11       		.uleb128 0x11
 913 06dd A5040000 		.4byte	.LASF131
 914 06e1 07       		.byte	0x7
 915 06e2 4A02     		.2byte	0x24a
 916 06e4 9E000000 		.4byte	0x9e
 917 06e8 00       		.byte	0
 918 06e9 11       		.uleb128 0x11
 919 06ea 5D060000 		.4byte	.LASF132
 920 06ee 07       		.byte	0x7
 921 06ef 4B02     		.2byte	0x24b
 922 06f1 9E000000 		.4byte	0x9e
 923 06f5 04       		.byte	0x4
 924 06f6 11       		.uleb128 0x11
 925 06f7 92010000 		.4byte	.LASF133
 926 06fb 07       		.byte	0x7
 927 06fc 4D02     		.2byte	0x24d
 928 06fe BF000000 		.4byte	0xbf
 929 0702 08       		.byte	0x8
 930 0703 11       		.uleb128 0x11
 931 0704 70040000 		.4byte	.LASF134
 932 0708 07       		.byte	0x7
 933 0709 4E02     		.2byte	0x24e
 934 070b 8C000000 		.4byte	0x8c
 935 070f 0C       		.byte	0xc
 936 0710 11       		.uleb128 0x11
 937 0711 AA050000 		.4byte	.LASF135
 938 0715 07       		.byte	0x7
 939 0716 4F02     		.2byte	0x24f
 940 0718 9E000000 		.4byte	0x9e
 941 071c 10       		.byte	0x10
 942 071d 11       		.uleb128 0x11
 943 071e 4A0C0000 		.4byte	.LASF136
 944 0722 07       		.byte	0x7
 945 0723 5002     		.2byte	0x250
 946 0725 9E000000 		.4byte	0x9e
 947 0729 14       		.byte	0x14
 948 072a 11       		.uleb128 0x11
 949 072b 360B0000 		.4byte	.LASF137
 950 072f 07       		.byte	0x7
 951 0730 5202     		.2byte	0x252
 952 0732 BF000000 		.4byte	0xbf
 953 0736 18       		.byte	0x18
 954 0737 11       		.uleb128 0x11
 955 0738 27000000 		.4byte	.LASF138
 956 073c 07       		.byte	0x7
 957 073d 5302     		.2byte	0x253
 958 073f 8C000000 		.4byte	0x8c
 959 0743 1C       		.byte	0x1c
ARM GAS  C:\Users\salaz\AppData\Local\Temp\cczsvjMM.s 			page 18


 960 0744 11       		.uleb128 0x11
 961 0745 D2030000 		.4byte	.LASF139
 962 0749 07       		.byte	0x7
 963 074a 5402     		.2byte	0x254
 964 074c 9E000000 		.4byte	0x9e
 965 0750 20       		.byte	0x20
 966 0751 11       		.uleb128 0x11
 967 0752 A9010000 		.4byte	.LASF140
 968 0756 07       		.byte	0x7
 969 0757 5602     		.2byte	0x256
 970 0759 BF000000 		.4byte	0xbf
 971 075d 24       		.byte	0x24
 972 075e 11       		.uleb128 0x11
 973 075f 1C040000 		.4byte	.LASF141
 974 0763 07       		.byte	0x7
 975 0764 5702     		.2byte	0x257
 976 0766 8C000000 		.4byte	0x8c
 977 076a 28       		.byte	0x28
 978 076b 11       		.uleb128 0x11
 979 076c 1B070000 		.4byte	.LASF142
 980 0770 07       		.byte	0x7
 981 0771 5802     		.2byte	0x258
 982 0773 9E000000 		.4byte	0x9e
 983 0777 2C       		.byte	0x2c
 984 0778 11       		.uleb128 0x11
 985 0779 56050000 		.4byte	.LASF80
 986 077d 07       		.byte	0x7
 987 077e 5D02     		.2byte	0x25d
 988 0780 64050000 		.4byte	0x564
 989 0784 30       		.byte	0x30
 990 0785 11       		.uleb128 0x11
 991 0786 2E0B0000 		.4byte	.LASF143
 992 078a 07       		.byte	0x7
 993 078b 6002     		.2byte	0x260
 994 078d 8C000000 		.4byte	0x8c
 995 0791 34       		.byte	0x34
 996 0792 00       		.byte	0
 997 0793 0B       		.uleb128 0xb
 998 0794 34020000 		.4byte	.LASF144
 999 0798 07       		.byte	0x7
 1000 0799 6302     		.2byte	0x263
 1001 079b CF060000 		.4byte	0x6cf
 1002 079f 12       		.uleb128 0x12
 1003 07a0 81000000 		.4byte	0x81
 1004 07a4 13       		.uleb128 0x13
 1005 07a5 02       		.byte	0x2
 1006 07a6 08       		.byte	0x8
 1007 07a7 5B01     		.2byte	0x15b
 1008 07a9 C8070000 		.4byte	0x7c8
 1009 07ad 11       		.uleb128 0x11
 1010 07ae 580C0000 		.4byte	.LASF145
 1011 07b2 08       		.byte	0x8
 1012 07b3 6501     		.2byte	0x165
 1013 07b5 81000000 		.4byte	0x81
 1014 07b9 00       		.byte	0
 1015 07ba 11       		.uleb128 0x11
 1016 07bb E0050000 		.4byte	.LASF146
ARM GAS  C:\Users\salaz\AppData\Local\Temp\cczsvjMM.s 			page 19


 1017 07bf 08       		.byte	0x8
 1018 07c0 6901     		.2byte	0x169
 1019 07c2 81000000 		.4byte	0x81
 1020 07c6 01       		.byte	0x1
 1021 07c7 00       		.byte	0
 1022 07c8 0B       		.uleb128 0xb
 1023 07c9 B2000000 		.4byte	.LASF147
 1024 07cd 08       		.byte	0x8
 1025 07ce 6B01     		.2byte	0x16b
 1026 07d0 A4070000 		.4byte	0x7a4
 1027 07d4 14       		.uleb128 0x14
 1028 07d5 01       		.byte	0x1
 1029 07d6 2C000000 		.4byte	0x2c
 1030 07da 09       		.byte	0x9
 1031 07db 7E       		.byte	0x7e
 1032 07dc F9070000 		.4byte	0x7f9
 1033 07e0 0A       		.uleb128 0xa
 1034 07e1 E20B0000 		.4byte	.LASF148
 1035 07e5 00       		.byte	0
 1036 07e6 0A       		.uleb128 0xa
 1037 07e7 3E060000 		.4byte	.LASF149
 1038 07eb 01       		.byte	0x1
 1039 07ec 0A       		.uleb128 0xa
 1040 07ed C50B0000 		.4byte	.LASF150
 1041 07f1 02       		.byte	0x2
 1042 07f2 0A       		.uleb128 0xa
 1043 07f3 5A020000 		.4byte	.LASF151
 1044 07f7 03       		.byte	0x3
 1045 07f8 00       		.byte	0
 1046 07f9 03       		.uleb128 0x3
 1047 07fa F8020000 		.4byte	.LASF152
 1048 07fe 09       		.byte	0x9
 1049 07ff 83       		.byte	0x83
 1050 0800 D4070000 		.4byte	0x7d4
 1051 0804 14       		.uleb128 0x14
 1052 0805 01       		.byte	0x1
 1053 0806 2C000000 		.4byte	0x2c
 1054 080a 09       		.byte	0x9
 1055 080b 87       		.byte	0x87
 1056 080c 41080000 		.4byte	0x841
 1057 0810 0A       		.uleb128 0xa
 1058 0811 620B0000 		.4byte	.LASF153
 1059 0815 00       		.byte	0
 1060 0816 0A       		.uleb128 0xa
 1061 0817 B7070000 		.4byte	.LASF154
 1062 081b 01       		.byte	0x1
 1063 081c 0A       		.uleb128 0xa
 1064 081d 33040000 		.4byte	.LASF155
 1065 0821 02       		.byte	0x2
 1066 0822 0A       		.uleb128 0xa
 1067 0823 AC0A0000 		.4byte	.LASF156
 1068 0827 03       		.byte	0x3
 1069 0828 0A       		.uleb128 0xa
 1070 0829 3A030000 		.4byte	.LASF157
 1071 082d 04       		.byte	0x4
 1072 082e 0A       		.uleb128 0xa
 1073 082f 50070000 		.4byte	.LASF158
ARM GAS  C:\Users\salaz\AppData\Local\Temp\cczsvjMM.s 			page 20


 1074 0833 05       		.byte	0x5
 1075 0834 0A       		.uleb128 0xa
 1076 0835 F6080000 		.4byte	.LASF159
 1077 0839 06       		.byte	0x6
 1078 083a 0A       		.uleb128 0xa
 1079 083b 96060000 		.4byte	.LASF160
 1080 083f 07       		.byte	0x7
 1081 0840 00       		.byte	0
 1082 0841 03       		.uleb128 0x3
 1083 0842 27060000 		.4byte	.LASF161
 1084 0846 09       		.byte	0x9
 1085 0847 90       		.byte	0x90
 1086 0848 04080000 		.4byte	0x804
 1087 084c 15       		.uleb128 0x15
 1088 084d 8A0C0000 		.4byte	.LASF181
 1089 0851 01       		.byte	0x1
 1090 0852 07       		.byte	0x7
 1091 0853 73000000 		.4byte	0x73
 1092 0857 00000000 		.4byte	.LFB798
 1093 085b 0A000000 		.4byte	.LFE798-.LFB798
 1094 085f 01       		.uleb128 0x1
 1095 0860 9C       		.byte	0x9c
 1096 0861 6F080000 		.4byte	0x86f
 1097 0865 16       		.uleb128 0x16
 1098 0866 06000000 		.4byte	.LVL0
 1099 086a 68090000 		.4byte	0x968
 1100 086e 00       		.byte	0
 1101 086f 17       		.uleb128 0x17
 1102 0870 9F070000 		.4byte	0x79f
 1103 0874 7F080000 		.4byte	0x87f
 1104 0878 18       		.uleb128 0x18
 1105 0879 97000000 		.4byte	0x97
 1106 087d 0B       		.byte	0xb
 1107 087e 00       		.byte	0
 1108 087f 19       		.uleb128 0x19
 1109 0880 EC060000 		.4byte	.LASF162
 1110 0884 0A       		.byte	0xa
 1111 0885 FC02     		.2byte	0x2fc
 1112 0887 8B080000 		.4byte	0x88b
 1113 088b 12       		.uleb128 0x12
 1114 088c 6F080000 		.4byte	0x86f
 1115 0890 19       		.uleb128 0x19
 1116 0891 5F0A0000 		.4byte	.LASF163
 1117 0895 09       		.byte	0x9
 1118 0896 2202     		.2byte	0x222
 1119 0898 F9070000 		.4byte	0x7f9
 1120 089c 17       		.uleb128 0x17
 1121 089d C8070000 		.4byte	0x7c8
 1122 08a1 AC080000 		.4byte	0x8ac
 1123 08a5 18       		.uleb128 0x18
 1124 08a6 97000000 		.4byte	0x97
 1125 08aa 00       		.byte	0
 1126 08ab 00       		.byte	0
 1127 08ac 19       		.uleb128 0x19
 1128 08ad 810B0000 		.4byte	.LASF164
 1129 08b1 09       		.byte	0x9
 1130 08b2 2C02     		.2byte	0x22c
ARM GAS  C:\Users\salaz\AppData\Local\Temp\cczsvjMM.s 			page 21


 1131 08b4 9C080000 		.4byte	0x89c
 1132 08b8 17       		.uleb128 0x17
 1133 08b9 41080000 		.4byte	0x841
 1134 08bd C8080000 		.4byte	0x8c8
 1135 08c1 18       		.uleb128 0x18
 1136 08c2 97000000 		.4byte	0x97
 1137 08c6 00       		.byte	0
 1138 08c7 00       		.byte	0
 1139 08c8 19       		.uleb128 0x19
 1140 08c9 37050000 		.4byte	.LASF165
 1141 08cd 09       		.byte	0x9
 1142 08ce 2D02     		.2byte	0x22d
 1143 08d0 B8080000 		.4byte	0x8b8
 1144 08d4 19       		.uleb128 0x19
 1145 08d5 3B0A0000 		.4byte	.LASF166
 1146 08d9 09       		.byte	0x9
 1147 08da 5202     		.2byte	0x252
 1148 08dc 81000000 		.4byte	0x81
 1149 08e0 1A       		.uleb128 0x1a
 1150 08e1 2C010000 		.4byte	.LASF167
 1151 08e5 0B       		.byte	0xb
 1152 08e6 86       		.byte	0x86
 1153 08e7 EB080000 		.4byte	0x8eb
 1154 08eb 12       		.uleb128 0x12
 1155 08ec C3060000 		.4byte	0x6c3
 1156 08f0 1A       		.uleb128 0x1a
 1157 08f1 CE020000 		.4byte	.LASF168
 1158 08f5 0B       		.byte	0xb
 1159 08f6 87       		.byte	0x87
 1160 08f7 93070000 		.4byte	0x793
 1161 08fb 1A       		.uleb128 0x1a
 1162 08fc C0060000 		.4byte	.LASF169
 1163 0900 0C       		.byte	0xc
 1164 0901 7F       		.byte	0x7f
 1165 0902 96040000 		.4byte	0x496
 1166 0906 1A       		.uleb128 0x1a
 1167 0907 6D080000 		.4byte	.LASF170
 1168 090b 0D       		.byte	0xd
 1169 090c 1F       		.byte	0x1f
 1170 090d 11090000 		.4byte	0x911
 1171 0911 12       		.uleb128 0x12
 1172 0912 FD020000 		.4byte	0x2fd
 1173 0916 1A       		.uleb128 0x1a
 1174 0917 5F050000 		.4byte	.LASF171
 1175 091b 0E       		.byte	0xe
 1176 091c 1F       		.byte	0x1f
 1177 091d 11090000 		.4byte	0x911
 1178 0921 1A       		.uleb128 0x1a
 1179 0922 0A040000 		.4byte	.LASF172
 1180 0926 0F       		.byte	0xf
 1181 0927 1F       		.byte	0x1f
 1182 0928 2C090000 		.4byte	0x92c
 1183 092c 12       		.uleb128 0x12
 1184 092d B9010000 		.4byte	0x1b9
 1185 0931 1A       		.uleb128 0x1a
 1186 0932 00000000 		.4byte	.LASF173
 1187 0936 10       		.byte	0x10
ARM GAS  C:\Users\salaz\AppData\Local\Temp\cczsvjMM.s 			page 22


 1188 0937 1F       		.byte	0x1f
 1189 0938 11090000 		.4byte	0x911
 1190 093c 1A       		.uleb128 0x1a
 1191 093d 7F010000 		.4byte	.LASF174
 1192 0941 11       		.byte	0x11
 1193 0942 1F       		.byte	0x1f
 1194 0943 11090000 		.4byte	0x911
 1195 0947 1A       		.uleb128 0x1a
 1196 0948 9A0A0000 		.4byte	.LASF175
 1197 094c 12       		.byte	0x12
 1198 094d 1F       		.byte	0x1f
 1199 094e 2C090000 		.4byte	0x92c
 1200 0952 1A       		.uleb128 0x1a
 1201 0953 9F000000 		.4byte	.LASF176
 1202 0957 13       		.byte	0x13
 1203 0958 1F       		.byte	0x1f
 1204 0959 11090000 		.4byte	0x911
 1205 095d 1A       		.uleb128 0x1a
 1206 095e 31000000 		.4byte	.LASF177
 1207 0962 14       		.byte	0x14
 1208 0963 1F       		.byte	0x1f
 1209 0964 2C090000 		.4byte	0x92c
 1210 0968 1B       		.uleb128 0x1b
 1211 0969 90040000 		.4byte	.LASF182
 1212 096d 90040000 		.4byte	.LASF182
 1213 0971 15       		.byte	0x15
 1214 0972 1B       		.byte	0x1b
 1215 0973 00       		.byte	0
 1216              		.section	.debug_abbrev,"",%progbits
 1217              	.Ldebug_abbrev0:
 1218 0000 01       		.uleb128 0x1
 1219 0001 11       		.uleb128 0x11
 1220 0002 01       		.byte	0x1
 1221 0003 25       		.uleb128 0x25
 1222 0004 0E       		.uleb128 0xe
 1223 0005 13       		.uleb128 0x13
 1224 0006 0B       		.uleb128 0xb
 1225 0007 03       		.uleb128 0x3
 1226 0008 0E       		.uleb128 0xe
 1227 0009 1B       		.uleb128 0x1b
 1228 000a 0E       		.uleb128 0xe
 1229 000b 55       		.uleb128 0x55
 1230 000c 17       		.uleb128 0x17
 1231 000d 11       		.uleb128 0x11
 1232 000e 01       		.uleb128 0x1
 1233 000f 10       		.uleb128 0x10
 1234 0010 17       		.uleb128 0x17
 1235 0011 00       		.byte	0
 1236 0012 00       		.byte	0
 1237 0013 02       		.uleb128 0x2
 1238 0014 24       		.uleb128 0x24
 1239 0015 00       		.byte	0
 1240 0016 0B       		.uleb128 0xb
 1241 0017 0B       		.uleb128 0xb
 1242 0018 3E       		.uleb128 0x3e
 1243 0019 0B       		.uleb128 0xb
 1244 001a 03       		.uleb128 0x3
ARM GAS  C:\Users\salaz\AppData\Local\Temp\cczsvjMM.s 			page 23


 1245 001b 0E       		.uleb128 0xe
 1246 001c 00       		.byte	0
 1247 001d 00       		.byte	0
 1248 001e 03       		.uleb128 0x3
 1249 001f 16       		.uleb128 0x16
 1250 0020 00       		.byte	0
 1251 0021 03       		.uleb128 0x3
 1252 0022 0E       		.uleb128 0xe
 1253 0023 3A       		.uleb128 0x3a
 1254 0024 0B       		.uleb128 0xb
 1255 0025 3B       		.uleb128 0x3b
 1256 0026 0B       		.uleb128 0xb
 1257 0027 49       		.uleb128 0x49
 1258 0028 13       		.uleb128 0x13
 1259 0029 00       		.byte	0
 1260 002a 00       		.byte	0
 1261 002b 04       		.uleb128 0x4
 1262 002c 24       		.uleb128 0x24
 1263 002d 00       		.byte	0
 1264 002e 0B       		.uleb128 0xb
 1265 002f 0B       		.uleb128 0xb
 1266 0030 3E       		.uleb128 0x3e
 1267 0031 0B       		.uleb128 0xb
 1268 0032 03       		.uleb128 0x3
 1269 0033 08       		.uleb128 0x8
 1270 0034 00       		.byte	0
 1271 0035 00       		.byte	0
 1272 0036 05       		.uleb128 0x5
 1273 0037 35       		.uleb128 0x35
 1274 0038 00       		.byte	0
 1275 0039 49       		.uleb128 0x49
 1276 003a 13       		.uleb128 0x13
 1277 003b 00       		.byte	0
 1278 003c 00       		.byte	0
 1279 003d 06       		.uleb128 0x6
 1280 003e 0F       		.uleb128 0xf
 1281 003f 00       		.byte	0
 1282 0040 0B       		.uleb128 0xb
 1283 0041 0B       		.uleb128 0xb
 1284 0042 00       		.byte	0
 1285 0043 00       		.byte	0
 1286 0044 07       		.uleb128 0x7
 1287 0045 13       		.uleb128 0x13
 1288 0046 01       		.byte	0x1
 1289 0047 03       		.uleb128 0x3
 1290 0048 0E       		.uleb128 0xe
 1291 0049 0B       		.uleb128 0xb
 1292 004a 0B       		.uleb128 0xb
 1293 004b 3A       		.uleb128 0x3a
 1294 004c 0B       		.uleb128 0xb
 1295 004d 3B       		.uleb128 0x3b
 1296 004e 0B       		.uleb128 0xb
 1297 004f 01       		.uleb128 0x1
 1298 0050 13       		.uleb128 0x13
 1299 0051 00       		.byte	0
 1300 0052 00       		.byte	0
 1301 0053 08       		.uleb128 0x8
ARM GAS  C:\Users\salaz\AppData\Local\Temp\cczsvjMM.s 			page 24


 1302 0054 0D       		.uleb128 0xd
 1303 0055 00       		.byte	0
 1304 0056 03       		.uleb128 0x3
 1305 0057 0E       		.uleb128 0xe
 1306 0058 3A       		.uleb128 0x3a
 1307 0059 0B       		.uleb128 0xb
 1308 005a 3B       		.uleb128 0x3b
 1309 005b 0B       		.uleb128 0xb
 1310 005c 49       		.uleb128 0x49
 1311 005d 13       		.uleb128 0x13
 1312 005e 38       		.uleb128 0x38
 1313 005f 0B       		.uleb128 0xb
 1314 0060 00       		.byte	0
 1315 0061 00       		.byte	0
 1316 0062 09       		.uleb128 0x9
 1317 0063 04       		.uleb128 0x4
 1318 0064 01       		.byte	0x1
 1319 0065 0B       		.uleb128 0xb
 1320 0066 0B       		.uleb128 0xb
 1321 0067 49       		.uleb128 0x49
 1322 0068 13       		.uleb128 0x13
 1323 0069 3A       		.uleb128 0x3a
 1324 006a 0B       		.uleb128 0xb
 1325 006b 3B       		.uleb128 0x3b
 1326 006c 05       		.uleb128 0x5
 1327 006d 01       		.uleb128 0x1
 1328 006e 13       		.uleb128 0x13
 1329 006f 00       		.byte	0
 1330 0070 00       		.byte	0
 1331 0071 0A       		.uleb128 0xa
 1332 0072 28       		.uleb128 0x28
 1333 0073 00       		.byte	0
 1334 0074 03       		.uleb128 0x3
 1335 0075 0E       		.uleb128 0xe
 1336 0076 1C       		.uleb128 0x1c
 1337 0077 0B       		.uleb128 0xb
 1338 0078 00       		.byte	0
 1339 0079 00       		.byte	0
 1340 007a 0B       		.uleb128 0xb
 1341 007b 16       		.uleb128 0x16
 1342 007c 00       		.byte	0
 1343 007d 03       		.uleb128 0x3
 1344 007e 0E       		.uleb128 0xe
 1345 007f 3A       		.uleb128 0x3a
 1346 0080 0B       		.uleb128 0xb
 1347 0081 3B       		.uleb128 0x3b
 1348 0082 05       		.uleb128 0x5
 1349 0083 49       		.uleb128 0x49
 1350 0084 13       		.uleb128 0x13
 1351 0085 00       		.byte	0
 1352 0086 00       		.byte	0
 1353 0087 0C       		.uleb128 0xc
 1354 0088 0F       		.uleb128 0xf
 1355 0089 00       		.byte	0
 1356 008a 0B       		.uleb128 0xb
 1357 008b 0B       		.uleb128 0xb
 1358 008c 49       		.uleb128 0x49
ARM GAS  C:\Users\salaz\AppData\Local\Temp\cczsvjMM.s 			page 25


 1359 008d 13       		.uleb128 0x13
 1360 008e 00       		.byte	0
 1361 008f 00       		.byte	0
 1362 0090 0D       		.uleb128 0xd
 1363 0091 15       		.uleb128 0x15
 1364 0092 01       		.byte	0x1
 1365 0093 27       		.uleb128 0x27
 1366 0094 19       		.uleb128 0x19
 1367 0095 01       		.uleb128 0x1
 1368 0096 13       		.uleb128 0x13
 1369 0097 00       		.byte	0
 1370 0098 00       		.byte	0
 1371 0099 0E       		.uleb128 0xe
 1372 009a 05       		.uleb128 0x5
 1373 009b 00       		.byte	0
 1374 009c 49       		.uleb128 0x49
 1375 009d 13       		.uleb128 0x13
 1376 009e 00       		.byte	0
 1377 009f 00       		.byte	0
 1378 00a0 0F       		.uleb128 0xf
 1379 00a1 15       		.uleb128 0x15
 1380 00a2 01       		.byte	0x1
 1381 00a3 27       		.uleb128 0x27
 1382 00a4 19       		.uleb128 0x19
 1383 00a5 49       		.uleb128 0x49
 1384 00a6 13       		.uleb128 0x13
 1385 00a7 01       		.uleb128 0x1
 1386 00a8 13       		.uleb128 0x13
 1387 00a9 00       		.byte	0
 1388 00aa 00       		.byte	0
 1389 00ab 10       		.uleb128 0x10
 1390 00ac 13       		.uleb128 0x13
 1391 00ad 01       		.byte	0x1
 1392 00ae 03       		.uleb128 0x3
 1393 00af 0E       		.uleb128 0xe
 1394 00b0 0B       		.uleb128 0xb
 1395 00b1 0B       		.uleb128 0xb
 1396 00b2 3A       		.uleb128 0x3a
 1397 00b3 0B       		.uleb128 0xb
 1398 00b4 3B       		.uleb128 0x3b
 1399 00b5 05       		.uleb128 0x5
 1400 00b6 01       		.uleb128 0x1
 1401 00b7 13       		.uleb128 0x13
 1402 00b8 00       		.byte	0
 1403 00b9 00       		.byte	0
 1404 00ba 11       		.uleb128 0x11
 1405 00bb 0D       		.uleb128 0xd
 1406 00bc 00       		.byte	0
 1407 00bd 03       		.uleb128 0x3
 1408 00be 0E       		.uleb128 0xe
 1409 00bf 3A       		.uleb128 0x3a
 1410 00c0 0B       		.uleb128 0xb
 1411 00c1 3B       		.uleb128 0x3b
 1412 00c2 05       		.uleb128 0x5
 1413 00c3 49       		.uleb128 0x49
 1414 00c4 13       		.uleb128 0x13
 1415 00c5 38       		.uleb128 0x38
ARM GAS  C:\Users\salaz\AppData\Local\Temp\cczsvjMM.s 			page 26


 1416 00c6 0B       		.uleb128 0xb
 1417 00c7 00       		.byte	0
 1418 00c8 00       		.byte	0
 1419 00c9 12       		.uleb128 0x12
 1420 00ca 26       		.uleb128 0x26
 1421 00cb 00       		.byte	0
 1422 00cc 49       		.uleb128 0x49
 1423 00cd 13       		.uleb128 0x13
 1424 00ce 00       		.byte	0
 1425 00cf 00       		.byte	0
 1426 00d0 13       		.uleb128 0x13
 1427 00d1 13       		.uleb128 0x13
 1428 00d2 01       		.byte	0x1
 1429 00d3 0B       		.uleb128 0xb
 1430 00d4 0B       		.uleb128 0xb
 1431 00d5 3A       		.uleb128 0x3a
 1432 00d6 0B       		.uleb128 0xb
 1433 00d7 3B       		.uleb128 0x3b
 1434 00d8 05       		.uleb128 0x5
 1435 00d9 01       		.uleb128 0x1
 1436 00da 13       		.uleb128 0x13
 1437 00db 00       		.byte	0
 1438 00dc 00       		.byte	0
 1439 00dd 14       		.uleb128 0x14
 1440 00de 04       		.uleb128 0x4
 1441 00df 01       		.byte	0x1
 1442 00e0 0B       		.uleb128 0xb
 1443 00e1 0B       		.uleb128 0xb
 1444 00e2 49       		.uleb128 0x49
 1445 00e3 13       		.uleb128 0x13
 1446 00e4 3A       		.uleb128 0x3a
 1447 00e5 0B       		.uleb128 0xb
 1448 00e6 3B       		.uleb128 0x3b
 1449 00e7 0B       		.uleb128 0xb
 1450 00e8 01       		.uleb128 0x1
 1451 00e9 13       		.uleb128 0x13
 1452 00ea 00       		.byte	0
 1453 00eb 00       		.byte	0
 1454 00ec 15       		.uleb128 0x15
 1455 00ed 2E       		.uleb128 0x2e
 1456 00ee 01       		.byte	0x1
 1457 00ef 3F       		.uleb128 0x3f
 1458 00f0 19       		.uleb128 0x19
 1459 00f1 03       		.uleb128 0x3
 1460 00f2 0E       		.uleb128 0xe
 1461 00f3 3A       		.uleb128 0x3a
 1462 00f4 0B       		.uleb128 0xb
 1463 00f5 3B       		.uleb128 0x3b
 1464 00f6 0B       		.uleb128 0xb
 1465 00f7 27       		.uleb128 0x27
 1466 00f8 19       		.uleb128 0x19
 1467 00f9 49       		.uleb128 0x49
 1468 00fa 13       		.uleb128 0x13
 1469 00fb 11       		.uleb128 0x11
 1470 00fc 01       		.uleb128 0x1
 1471 00fd 12       		.uleb128 0x12
 1472 00fe 06       		.uleb128 0x6
ARM GAS  C:\Users\salaz\AppData\Local\Temp\cczsvjMM.s 			page 27


 1473 00ff 40       		.uleb128 0x40
 1474 0100 18       		.uleb128 0x18
 1475 0101 9742     		.uleb128 0x2117
 1476 0103 19       		.uleb128 0x19
 1477 0104 01       		.uleb128 0x1
 1478 0105 13       		.uleb128 0x13
 1479 0106 00       		.byte	0
 1480 0107 00       		.byte	0
 1481 0108 16       		.uleb128 0x16
 1482 0109 898201   		.uleb128 0x4109
 1483 010c 00       		.byte	0
 1484 010d 11       		.uleb128 0x11
 1485 010e 01       		.uleb128 0x1
 1486 010f 31       		.uleb128 0x31
 1487 0110 13       		.uleb128 0x13
 1488 0111 00       		.byte	0
 1489 0112 00       		.byte	0
 1490 0113 17       		.uleb128 0x17
 1491 0114 01       		.uleb128 0x1
 1492 0115 01       		.byte	0x1
 1493 0116 49       		.uleb128 0x49
 1494 0117 13       		.uleb128 0x13
 1495 0118 01       		.uleb128 0x1
 1496 0119 13       		.uleb128 0x13
 1497 011a 00       		.byte	0
 1498 011b 00       		.byte	0
 1499 011c 18       		.uleb128 0x18
 1500 011d 21       		.uleb128 0x21
 1501 011e 00       		.byte	0
 1502 011f 49       		.uleb128 0x49
 1503 0120 13       		.uleb128 0x13
 1504 0121 2F       		.uleb128 0x2f
 1505 0122 0B       		.uleb128 0xb
 1506 0123 00       		.byte	0
 1507 0124 00       		.byte	0
 1508 0125 19       		.uleb128 0x19
 1509 0126 34       		.uleb128 0x34
 1510 0127 00       		.byte	0
 1511 0128 03       		.uleb128 0x3
 1512 0129 0E       		.uleb128 0xe
 1513 012a 3A       		.uleb128 0x3a
 1514 012b 0B       		.uleb128 0xb
 1515 012c 3B       		.uleb128 0x3b
 1516 012d 05       		.uleb128 0x5
 1517 012e 49       		.uleb128 0x49
 1518 012f 13       		.uleb128 0x13
 1519 0130 3F       		.uleb128 0x3f
 1520 0131 19       		.uleb128 0x19
 1521 0132 3C       		.uleb128 0x3c
 1522 0133 19       		.uleb128 0x19
 1523 0134 00       		.byte	0
 1524 0135 00       		.byte	0
 1525 0136 1A       		.uleb128 0x1a
 1526 0137 34       		.uleb128 0x34
 1527 0138 00       		.byte	0
 1528 0139 03       		.uleb128 0x3
 1529 013a 0E       		.uleb128 0xe
ARM GAS  C:\Users\salaz\AppData\Local\Temp\cczsvjMM.s 			page 28


 1530 013b 3A       		.uleb128 0x3a
 1531 013c 0B       		.uleb128 0xb
 1532 013d 3B       		.uleb128 0x3b
 1533 013e 0B       		.uleb128 0xb
 1534 013f 49       		.uleb128 0x49
 1535 0140 13       		.uleb128 0x13
 1536 0141 3F       		.uleb128 0x3f
 1537 0142 19       		.uleb128 0x19
 1538 0143 3C       		.uleb128 0x3c
 1539 0144 19       		.uleb128 0x19
 1540 0145 00       		.byte	0
 1541 0146 00       		.byte	0
 1542 0147 1B       		.uleb128 0x1b
 1543 0148 2E       		.uleb128 0x2e
 1544 0149 00       		.byte	0
 1545 014a 3F       		.uleb128 0x3f
 1546 014b 19       		.uleb128 0x19
 1547 014c 3C       		.uleb128 0x3c
 1548 014d 19       		.uleb128 0x19
 1549 014e 6E       		.uleb128 0x6e
 1550 014f 0E       		.uleb128 0xe
 1551 0150 03       		.uleb128 0x3
 1552 0151 0E       		.uleb128 0xe
 1553 0152 3A       		.uleb128 0x3a
 1554 0153 0B       		.uleb128 0xb
 1555 0154 3B       		.uleb128 0x3b
 1556 0155 0B       		.uleb128 0xb
 1557 0156 00       		.byte	0
 1558 0157 00       		.byte	0
 1559 0158 00       		.byte	0
 1560              		.section	.debug_aranges,"",%progbits
 1561 0000 1C000000 		.4byte	0x1c
 1562 0004 0200     		.2byte	0x2
 1563 0006 00000000 		.4byte	.Ldebug_info0
 1564 000a 04       		.byte	0x4
 1565 000b 00       		.byte	0
 1566 000c 0000     		.2byte	0
 1567 000e 0000     		.2byte	0
 1568 0010 00000000 		.4byte	.LFB798
 1569 0014 0A000000 		.4byte	.LFE798-.LFB798
 1570 0018 00000000 		.4byte	0
 1571 001c 00000000 		.4byte	0
 1572              		.section	.debug_ranges,"",%progbits
 1573              	.Ldebug_ranges0:
 1574 0000 00000000 		.4byte	.LFB798
 1575 0004 0A000000 		.4byte	.LFE798
 1576 0008 00000000 		.4byte	0
 1577 000c 00000000 		.4byte	0
 1578              		.section	.debug_line,"",%progbits
 1579              	.Ldebug_line0:
 1580 0000 42030000 		.section	.debug_str,"MS",%progbits,1
 1580      02002D03 
 1580      00000201 
 1580      FB0E0D00 
 1580      01010101 
 1581              	.LASF173:
 1582 0000 4C696768 		.ascii	"LightOutputB_config\000"
ARM GAS  C:\Users\salaz\AppData\Local\Temp\cczsvjMM.s 			page 29


 1582      744F7574 
 1582      70757442 
 1582      5F636F6E 
 1582      66696700 
 1583              	.LASF125:
 1584 0014 72784669 		.ascii	"rxFifoTriggerLevel\000"
 1584      666F5472 
 1584      69676765 
 1584      724C6576 
 1584      656C00
 1585              	.LASF138:
 1586 0027 72784275 		.ascii	"rxBufSize\000"
 1586      6653697A 
 1586      6500
 1587              	.LASF177:
 1588 0031 4368696D 		.ascii	"ChimeTimer_config\000"
 1588      6554696D 
 1588      65725F63 
 1588      6F6E6669 
 1588      6700
 1589              	.LASF107:
 1590 0043 656E6162 		.ascii	"enableMsbFirst\000"
 1590      6C654D73 
 1590      62466972 
 1590      737400
 1591              	.LASF79:
 1592 0052 736C6176 		.ascii	"slaveRxBufferIdx\000"
 1592      65527842 
 1592      75666665 
 1592      72496478 
 1592      00
 1593              	.LASF67:
 1594 0063 6D617374 		.ascii	"masterBuffer\000"
 1594      65724275 
 1594      66666572 
 1594      00
 1595              	.LASF179:
 1596 0070 6D61696E 		.ascii	"main_cm0p.c\000"
 1596      5F636D30 
 1596      702E6300 
 1597              	.LASF42:
 1598 007c 70776D41 		.ascii	"pwmAlignment\000"
 1598      6C69676E 
 1598      6D656E74 
 1598      00
 1599              	.LASF2:
 1600 0089 7369676E 		.ascii	"signed char\000"
 1600      65642063 
 1600      68617200 
 1601              	.LASF5:
 1602 0095 5F5F7569 		.ascii	"__uint8_t\000"
 1602      6E74385F 
 1602      7400
 1603              	.LASF176:
 1604 009f 4368696D 		.ascii	"ChimeOutput_config\000"
 1604      654F7574 
 1604      7075745F 
ARM GAS  C:\Users\salaz\AppData\Local\Temp\cczsvjMM.s 			page 30


 1604      636F6E66 
 1604      696700
 1605              	.LASF147:
 1606 00b2 63795F73 		.ascii	"cy_stc_ble_conn_handle_t\000"
 1606      74635F62 
 1606      6C655F63 
 1606      6F6E6E5F 
 1606      68616E64 
 1607              	.LASF22:
 1608 00cb 636F756E 		.ascii	"countDirection\000"
 1608      74446972 
 1608      65637469 
 1608      6F6E00
 1609              	.LASF34:
 1610 00da 73746F70 		.ascii	"stopInputMode\000"
 1610      496E7075 
 1610      744D6F64 
 1610      6500
 1611              	.LASF96:
 1612 00e8 43595F53 		.ascii	"CY_SCB_UART_PARITY_EVEN\000"
 1612      43425F55 
 1612      4152545F 
 1612      50415249 
 1612      54595F45 
 1613              	.LASF100:
 1614 0100 43595F53 		.ascii	"CY_SCB_UART_ACTIVE_HIGH\000"
 1614      43425F55 
 1614      4152545F 
 1614      41435449 
 1614      56455F48 
 1615              	.LASF19:
 1616 0118 70657269 		.ascii	"period\000"
 1616      6F6400
 1617              	.LASF29:
 1618 011f 63617074 		.ascii	"captureInput\000"
 1618      75726549 
 1618      6E707574 
 1618      00
 1619              	.LASF167:
 1620 012c 55415254 		.ascii	"UART_DEBUG_config\000"
 1620      5F444542 
 1620      55475F63 
 1620      6F6E6669 
 1620      6700
 1621              	.LASF9:
 1622 013e 6C6F6E67 		.ascii	"long long unsigned int\000"
 1622      206C6F6E 
 1622      6720756E 
 1622      7369676E 
 1622      65642069 
 1623              	.LASF118:
 1624 0155 69726461 		.ascii	"irdaEnableLowPowerReceiver\000"
 1624      456E6162 
 1624      6C654C6F 
 1624      77506F77 
 1624      65725265 
 1625              	.LASF20:
ARM GAS  C:\Users\salaz\AppData\Local\Temp\cczsvjMM.s 			page 31


 1626 0170 636C6F63 		.ascii	"clockPrescaler\000"
 1626      6B507265 
 1626      7363616C 
 1626      657200
 1627              	.LASF174:
 1628 017f 4D6F746F 		.ascii	"MotorOutput_config\000"
 1628      724F7574 
 1628      7075745F 
 1628      636F6E66 
 1628      696700
 1629              	.LASF133:
 1630 0192 72785269 		.ascii	"rxRingBuf\000"
 1630      6E674275 
 1630      6600
 1631              	.LASF64:
 1632 019c 6D617374 		.ascii	"masterStatus\000"
 1632      65725374 
 1632      61747573 
 1632      00
 1633              	.LASF140:
 1634 01a9 74784275 		.ascii	"txBuf\000"
 1634      6600
 1635              	.LASF78:
 1636 01af 736C6176 		.ascii	"slaveRxBufferSize\000"
 1636      65527842 
 1636      75666665 
 1636      7253697A 
 1636      6500
 1637              	.LASF60:
 1638 01c1 63795F73 		.ascii	"cy_stc_scb_i2c_context\000"
 1638      74635F73 
 1638      63625F69 
 1638      32635F63 
 1638      6F6E7465 
 1639              	.LASF45:
 1640 01d8 70657269 		.ascii	"period1\000"
 1640      6F643100 
 1641              	.LASF112:
 1642 01e0 64726F70 		.ascii	"dropOnFrameError\000"
 1642      4F6E4672 
 1642      616D6545 
 1642      72726F72 
 1642      00
 1643              	.LASF99:
 1644 01f1 43595F53 		.ascii	"CY_SCB_UART_ACTIVE_LOW\000"
 1644      43425F55 
 1644      4152545F 
 1644      41435449 
 1644      56455F4C 
 1645              	.LASF8:
 1646 0208 6C6F6E67 		.ascii	"long long int\000"
 1646      206C6F6E 
 1646      6720696E 
 1646      7400
 1647              	.LASF38:
 1648 0216 63795F73 		.ascii	"cy_stc_tcpwm_counter_config_t\000"
 1648      74635F74 
ARM GAS  C:\Users\salaz\AppData\Local\Temp\cczsvjMM.s 			page 32


 1648      6370776D 
 1648      5F636F75 
 1648      6E746572 
 1649              	.LASF144:
 1650 0234 63795F73 		.ascii	"cy_stc_scb_uart_context_t\000"
 1650      74635F73 
 1650      63625F75 
 1650      6172745F 
 1650      636F6E74 
 1651              	.LASF71:
 1652 024e 736C6176 		.ascii	"slaveStatus\000"
 1652      65537461 
 1652      74757300 
 1653              	.LASF151:
 1654 025a 43595F42 		.ascii	"CY_BLE_ADV_STATE_STOP_INITIATED\000"
 1654      4C455F41 
 1654      44565F53 
 1654      54415445 
 1654      5F53544F 
 1655              	.LASF40:
 1656 027a 63795F73 		.ascii	"cy_stc_tcpwm_pwm_config\000"
 1656      74635F74 
 1656      6370776D 
 1656      5F70776D 
 1656      5F636F6E 
 1657              	.LASF122:
 1658 0292 72747352 		.ascii	"rtsRxFifoLevel\000"
 1658      78466966 
 1658      6F4C6576 
 1658      656C00
 1659              	.LASF63:
 1660 02a1 73746174 		.ascii	"state\000"
 1660      6500
 1661              	.LASF58:
 1662 02a7 63795F63 		.ascii	"cy_cb_scb_i2c_handle_events_t\000"
 1662      625F7363 
 1662      625F6932 
 1662      635F6861 
 1662      6E646C65 
 1663              	.LASF4:
 1664 02c5 6C6F6E67 		.ascii	"long int\000"
 1664      20696E74 
 1664      00
 1665              	.LASF168:
 1666 02ce 55415254 		.ascii	"UART_DEBUG_context\000"
 1666      5F444542 
 1666      55475F63 
 1666      6F6E7465 
 1666      787400
 1667              	.LASF97:
 1668 02e1 43595F53 		.ascii	"CY_SCB_UART_PARITY_ODD\000"
 1668      43425F55 
 1668      4152545F 
 1668      50415249 
 1668      54595F4F 
 1669              	.LASF152:
 1670 02f8 63795F65 		.ascii	"cy_en_ble_adv_state_t\000"
ARM GAS  C:\Users\salaz\AppData\Local\Temp\cczsvjMM.s 			page 33


 1670      6E5F626C 
 1670      655F6164 
 1670      765F7374 
 1670      6174655F 
 1671              	.LASF17:
 1672 030e 646F7562 		.ascii	"double\000"
 1672      6C6500
 1673              	.LASF126:
 1674 0315 72784669 		.ascii	"rxFifoIntEnableMask\000"
 1674      666F496E 
 1674      74456E61 
 1674      626C654D 
 1674      61736B00 
 1675              	.LASF28:
 1676 0329 63617074 		.ascii	"captureInputMode\000"
 1676      75726549 
 1676      6E707574 
 1676      4D6F6465 
 1676      00
 1677              	.LASF157:
 1678 033a 43595F42 		.ascii	"CY_BLE_CONN_STATE_CLIENT_INCL_DISCOVERING\000"
 1678      4C455F43 
 1678      4F4E4E5F 
 1678      53544154 
 1678      455F434C 
 1679              	.LASF109:
 1680 0364 70617269 		.ascii	"parity\000"
 1680      747900
 1681              	.LASF81:
 1682 036b 63624164 		.ascii	"cbAddr\000"
 1682      647200
 1683              	.LASF87:
 1684 0372 43595F53 		.ascii	"CY_SCB_UART_STOP_BITS_1\000"
 1684      43425F55 
 1684      4152545F 
 1684      53544F50 
 1684      5F424954 
 1685              	.LASF89:
 1686 038a 43595F53 		.ascii	"CY_SCB_UART_STOP_BITS_2\000"
 1686      43425F55 
 1686      4152545F 
 1686      53544F50 
 1686      5F424954 
 1687              	.LASF91:
 1688 03a2 43595F53 		.ascii	"CY_SCB_UART_STOP_BITS_3\000"
 1688      43425F55 
 1688      4152545F 
 1688      53544F50 
 1688      5F424954 
 1689              	.LASF93:
 1690 03ba 43595F53 		.ascii	"CY_SCB_UART_STOP_BITS_4\000"
 1690      43425F55 
 1690      4152545F 
 1690      53544F50 
 1690      5F424954 
 1691              	.LASF139:
 1692 03d2 72784275 		.ascii	"rxBufIdx\000"
ARM GAS  C:\Users\salaz\AppData\Local\Temp\cczsvjMM.s 			page 34


 1692      66496478 
 1692      00
 1693              	.LASF115:
 1694 03db 72656365 		.ascii	"receiverAddressMask\000"
 1694      69766572 
 1694      41646472 
 1694      6573734D 
 1694      61736B00 
 1695              	.LASF94:
 1696 03ef 63795F65 		.ascii	"cy_en_scb_uart_stop_bits_t\000"
 1696      6E5F7363 
 1696      625F7561 
 1696      72745F73 
 1696      746F705F 
 1697              	.LASF172:
 1698 040a 4C696768 		.ascii	"LightTimer_config\000"
 1698      7454696D 
 1698      65725F63 
 1698      6F6E6669 
 1698      6700
 1699              	.LASF141:
 1700 041c 74784275 		.ascii	"txBufSize\000"
 1700      6653697A 
 1700      6500
 1701              	.LASF10:
 1702 0426 756E7369 		.ascii	"unsigned int\000"
 1702      676E6564 
 1702      20696E74 
 1702      00
 1703              	.LASF155:
 1704 0433 43595F42 		.ascii	"CY_BLE_CONN_STATE_CONNECTED\000"
 1704      4C455F43 
 1704      4F4E4E5F 
 1704      53544154 
 1704      455F434F 
 1705              	.LASF75:
 1706 044f 736C6176 		.ascii	"slaveTxBufferIdx\000"
 1706      65547842 
 1706      75666665 
 1706      72496478 
 1706      00
 1707              	.LASF72:
 1708 0460 736C6176 		.ascii	"slaveRdBufEmpty\000"
 1708      65526442 
 1708      7566456D 
 1708      70747900 
 1709              	.LASF134:
 1710 0470 72785269 		.ascii	"rxRingBufSize\000"
 1710      6E674275 
 1710      6653697A 
 1710      6500
 1711              	.LASF7:
 1712 047e 6C6F6E67 		.ascii	"long unsigned int\000"
 1712      20756E73 
 1712      69676E65 
 1712      6420696E 
 1712      7400
ARM GAS  C:\Users\salaz\AppData\Local\Temp\cczsvjMM.s 			page 35


 1713              	.LASF182:
 1714 0490 4B696E4F 		.ascii	"KinOS_Boot\000"
 1714      535F426F 
 1714      6F7400
 1715              	.LASF120:
 1716 049b 656E6162 		.ascii	"enableCts\000"
 1716      6C654374 
 1716      7300
 1717              	.LASF131:
 1718 04a5 74785374 		.ascii	"txStatus\000"
 1718      61747573 
 1718      00
 1719              	.LASF62:
 1720 04ae 75736554 		.ascii	"useTxFifo\000"
 1720      78466966 
 1720      6F00
 1721              	.LASF50:
 1722 04b8 73776170 		.ascii	"swapInputMode\000"
 1722      496E7075 
 1722      744D6F64 
 1722      6500
 1723              	.LASF3:
 1724 04c6 73686F72 		.ascii	"short unsigned int\000"
 1724      7420756E 
 1724      7369676E 
 1724      65642069 
 1724      6E7400
 1725              	.LASF128:
 1726 04d9 74784669 		.ascii	"txFifoIntEnableMask\000"
 1726      666F496E 
 1726      74456E61 
 1726      626C654D 
 1726      61736B00 
 1727              	.LASF95:
 1728 04ed 43595F53 		.ascii	"CY_SCB_UART_PARITY_NONE\000"
 1728      43425F55 
 1728      4152545F 
 1728      50415249 
 1728      54595F4E 
 1729              	.LASF180:
 1730 0505 433A5C55 		.ascii	"C:\\Users\\salaz\\Desktop\\Handle\\Bike FSM_prox.cy"
 1730      73657273 
 1730      5C73616C 
 1730      617A5C44 
 1730      65736B74 
 1731 0533 64736E00 		.ascii	"dsn\000"
 1732              	.LASF165:
 1733 0537 63795F62 		.ascii	"cy_ble_connState\000"
 1733      6C655F63 
 1733      6F6E6E53 
 1733      74617465 
 1733      00
 1734              	.LASF52:
 1735 0548 6B696C6C 		.ascii	"killInputMode\000"
 1735      496E7075 
 1735      744D6F64 
 1735      6500
ARM GAS  C:\Users\salaz\AppData\Local\Temp\cczsvjMM.s 			page 36


 1736              	.LASF80:
 1737 0556 63624576 		.ascii	"cbEvents\000"
 1737      656E7473 
 1737      00
 1738              	.LASF171:
 1739 055f 4C696768 		.ascii	"LightOutputA_config\000"
 1739      744F7574 
 1739      70757441 
 1739      5F636F6E 
 1739      66696700 
 1740              	.LASF0:
 1741 0573 73686F72 		.ascii	"short int\000"
 1741      7420696E 
 1741      7400
 1742              	.LASF47:
 1743 057d 696E7665 		.ascii	"invertPWMOut\000"
 1743      72745057 
 1743      4D4F7574 
 1743      00
 1744              	.LASF85:
 1745 058a 43595F53 		.ascii	"CY_SCB_UART_IRDA\000"
 1745      43425F55 
 1745      4152545F 
 1745      49524441 
 1745      00
 1746              	.LASF43:
 1747 059b 64656164 		.ascii	"deadTimeClocks\000"
 1747      54696D65 
 1747      436C6F63 
 1747      6B7300
 1748              	.LASF135:
 1749 05aa 72785269 		.ascii	"rxRingBufHead\000"
 1749      6E674275 
 1749      66486561 
 1749      6400
 1750              	.LASF36:
 1751 05b8 636F756E 		.ascii	"countInputMode\000"
 1751      74496E70 
 1751      75744D6F 
 1751      646500
 1752              	.LASF77:
 1753 05c7 736C6176 		.ascii	"slaveRxBuffer\000"
 1753      65527842 
 1753      75666665 
 1753      7200
 1754              	.LASF33:
 1755 05d5 73746172 		.ascii	"startInput\000"
 1755      74496E70 
 1755      757400
 1756              	.LASF146:
 1757 05e0 61747449 		.ascii	"attId\000"
 1757      6400
 1758              	.LASF39:
 1759 05e6 63795F73 		.ascii	"cy_stc_tcpwm_counter_config\000"
 1759      74635F74 
 1759      6370776D 
 1759      5F636F75 
ARM GAS  C:\Users\salaz\AppData\Local\Temp\cczsvjMM.s 			page 37


 1759      6E746572 
 1760              	.LASF13:
 1761 0602 73697A65 		.ascii	"sizetype\000"
 1761      74797065 
 1761      00
 1762              	.LASF14:
 1763 060b 6C6F6E67 		.ascii	"long double\000"
 1763      20646F75 
 1763      626C6500 
 1764              	.LASF69:
 1765 0617 6D617374 		.ascii	"masterBufferIdx\000"
 1765      65724275 
 1765      66666572 
 1765      49647800 
 1766              	.LASF161:
 1767 0627 63795F65 		.ascii	"cy_en_ble_conn_state_t\000"
 1767      6E5F626C 
 1767      655F636F 
 1767      6E6E5F73 
 1767      74617465 
 1768              	.LASF149:
 1769 063e 43595F42 		.ascii	"CY_BLE_ADV_STATE_ADV_INITIATED\000"
 1769      4C455F41 
 1769      44565F53 
 1769      54415445 
 1769      5F414456 
 1770              	.LASF132:
 1771 065d 72785374 		.ascii	"rxStatus\000"
 1771      61747573 
 1771      00
 1772              	.LASF101:
 1773 0666 63795F65 		.ascii	"cy_en_scb_uart_polarity_t\000"
 1773      6E5F7363 
 1773      625F7561 
 1773      72745F70 
 1773      6F6C6172 
 1774              	.LASF84:
 1775 0680 43595F53 		.ascii	"CY_SCB_UART_SMARTCARD\000"
 1775      43425F55 
 1775      4152545F 
 1775      534D4152 
 1775      54434152 
 1776              	.LASF160:
 1777 0696 43595F42 		.ascii	"CY_BLE_CONN_STATE_CLIENT_DISCOVERED\000"
 1777      4C455F43 
 1777      4F4E4E5F 
 1777      53544154 
 1777      455F434C 
 1778              	.LASF16:
 1779 06ba 666C6F61 		.ascii	"float\000"
 1779      7400
 1780              	.LASF169:
 1781 06c0 53656E73 		.ascii	"SensorBus_context\000"
 1781      6F724275 
 1781      735F636F 
 1781      6E746578 
 1781      7400
ARM GAS  C:\Users\salaz\AppData\Local\Temp\cczsvjMM.s 			page 38


 1782              	.LASF92:
 1783 06d2 43595F53 		.ascii	"CY_SCB_UART_STOP_BITS_3_5\000"
 1783      43425F55 
 1783      4152545F 
 1783      53544F50 
 1783      5F424954 
 1784              	.LASF162:
 1785 06ec 63795F52 		.ascii	"cy_RTC_daysInMonthTbl\000"
 1785      54435F64 
 1785      61797349 
 1785      6E4D6F6E 
 1785      74685462 
 1786              	.LASF129:
 1787 0702 63795F73 		.ascii	"cy_stc_scb_uart_config_t\000"
 1787      74635F73 
 1787      63625F75 
 1787      6172745F 
 1787      636F6E66 
 1788              	.LASF142:
 1789 071b 74784C65 		.ascii	"txLeftToTransmit\000"
 1789      6674546F 
 1789      5472616E 
 1789      736D6974 
 1789      00
 1790              	.LASF66:
 1791 072c 6D617374 		.ascii	"masterRdDir\000"
 1791      65725264 
 1791      44697200 
 1792              	.LASF98:
 1793 0738 63795F65 		.ascii	"cy_en_scb_uart_parity_t\000"
 1793      6E5F7363 
 1793      625F7561 
 1793      72745F70 
 1793      61726974 
 1794              	.LASF158:
 1795 0750 43595F42 		.ascii	"CY_BLE_CONN_STATE_CLIENT_CHAR_DISCOVERING\000"
 1795      4C455F43 
 1795      4F4E4E5F 
 1795      53544154 
 1795      455F434C 
 1796              	.LASF106:
 1797 077a 64617461 		.ascii	"dataWidth\000"
 1797      57696474 
 1797      6800
 1798              	.LASF32:
 1799 0784 73746172 		.ascii	"startInputMode\000"
 1799      74496E70 
 1799      75744D6F 
 1799      646500
 1800              	.LASF1:
 1801 0793 756E7369 		.ascii	"unsigned char\000"
 1801      676E6564 
 1801      20636861 
 1801      7200
 1802              	.LASF86:
 1803 07a1 63795F65 		.ascii	"cy_en_scb_uart_mode_t\000"
 1803      6E5F7363 
ARM GAS  C:\Users\salaz\AppData\Local\Temp\cczsvjMM.s 			page 39


 1803      625F7561 
 1803      72745F6D 
 1803      6F64655F 
 1804              	.LASF154:
 1805 07b7 43595F42 		.ascii	"CY_BLE_CONN_STATE_CLIENT_DISCONNECTED_DISCOVERED\000"
 1805      4C455F43 
 1805      4F4E4E5F 
 1805      53544154 
 1805      455F434C 
 1806              	.LASF114:
 1807 07e8 72656365 		.ascii	"receiverAddress\000"
 1807      69766572 
 1807      41646472 
 1807      65737300 
 1808              	.LASF26:
 1809 07f8 656E6162 		.ascii	"enableCompareSwap\000"
 1809      6C65436F 
 1809      6D706172 
 1809      65537761 
 1809      7000
 1810              	.LASF116:
 1811 080a 61636365 		.ascii	"acceptAddrInFifo\000"
 1811      70744164 
 1811      6472496E 
 1811      4669666F 
 1811      00
 1812              	.LASF41:
 1813 081b 70776D4D 		.ascii	"pwmMode\000"
 1813      6F646500 
 1814              	.LASF113:
 1815 0823 656E6162 		.ascii	"enableMutliProcessorMode\000"
 1815      6C654D75 
 1815      746C6950 
 1815      726F6365 
 1815      73736F72 
 1816              	.LASF117:
 1817 083c 69726461 		.ascii	"irdaInvertRx\000"
 1817      496E7665 
 1817      72745278 
 1817      00
 1818              	.LASF127:
 1819 0849 74784669 		.ascii	"txFifoTriggerLevel\000"
 1819      666F5472 
 1819      69676765 
 1819      724C6576 
 1819      656C00
 1820              	.LASF68:
 1821 085c 6D617374 		.ascii	"masterBufferSize\000"
 1821      65724275 
 1821      66666572 
 1821      53697A65 
 1821      00
 1822              	.LASF170:
 1823 086d 4C696768 		.ascii	"LightOutputC_config\000"
 1823      744F7574 
 1823      70757443 
 1823      5F636F6E 
ARM GAS  C:\Users\salaz\AppData\Local\Temp\cczsvjMM.s 			page 40


 1823      66696700 
 1824              	.LASF105:
 1825 0881 6F766572 		.ascii	"oversample\000"
 1825      73616D70 
 1825      6C6500
 1826              	.LASF65:
 1827 088c 6D617374 		.ascii	"masterPause\000"
 1827      65725061 
 1827      75736500 
 1828              	.LASF46:
 1829 0898 656E6162 		.ascii	"enablePeriodSwap\000"
 1829      6C655065 
 1829      72696F64 
 1829      53776170 
 1829      00
 1830              	.LASF59:
 1831 08a9 63795F63 		.ascii	"cy_cb_scb_i2c_handle_addr_t\000"
 1831      625F7363 
 1831      625F6932 
 1831      635F6861 
 1831      6E646C65 
 1832              	.LASF23:
 1833 08c5 636F6D70 		.ascii	"compareOrCapture\000"
 1833      6172654F 
 1833      72436170 
 1833      74757265 
 1833      00
 1834              	.LASF70:
 1835 08d6 6D617374 		.ascii	"masterNumBytes\000"
 1835      65724E75 
 1835      6D427974 
 1835      657300
 1836              	.LASF76:
 1837 08e5 736C6176 		.ascii	"slaveTxBufferCnt\000"
 1837      65547842 
 1837      75666665 
 1837      72436E74 
 1837      00
 1838              	.LASF159:
 1839 08f6 43595F42 		.ascii	"CY_BLE_CONN_STATE_CLIENT_DESCR_DISCOVERING\000"
 1839      4C455F43 
 1839      4F4E4E5F 
 1839      53544154 
 1839      455F434C 
 1840              	.LASF12:
 1841 0921 75696E74 		.ascii	"uint32_t\000"
 1841      33325F74 
 1841      00
 1842              	.LASF82:
 1843 092a 63795F73 		.ascii	"cy_stc_scb_i2c_context_t\000"
 1843      74635F73 
 1843      63625F69 
 1843      32635F63 
 1843      6F6E7465 
 1844              	.LASF121:
 1845 0943 63747350 		.ascii	"ctsPolarity\000"
 1845      6F6C6172 
ARM GAS  C:\Users\salaz\AppData\Local\Temp\cczsvjMM.s 			page 41


 1845      69747900 
 1846              	.LASF178:
 1847 094f 474E5520 		.ascii	"GNU C11 5.4.1 20160609 (release) [ARM/embedded-5-br"
 1847      43313120 
 1847      352E342E 
 1847      31203230 
 1847      31363036 
 1848 0982 616E6368 		.ascii	"anch revision 237715] -mcpu=cortex-m0plus -mthumb -"
 1848      20726576 
 1848      6973696F 
 1848      6E203233 
 1848      37373135 
 1849 09b5 67202D4F 		.ascii	"g -Og -ffunction-sections -ffat-lto-objects\000"
 1849      67202D66 
 1849      66756E63 
 1849      74696F6E 
 1849      2D736563 
 1850              	.LASF24:
 1851 09e1 636F6D70 		.ascii	"compare0\000"
 1851      61726530 
 1851      00
 1852              	.LASF25:
 1853 09ea 636F6D70 		.ascii	"compare1\000"
 1853      61726531 
 1853      00
 1854              	.LASF37:
 1855 09f3 636F756E 		.ascii	"countInput\000"
 1855      74496E70 
 1855      757400
 1856              	.LASF15:
 1857 09fe 63686172 		.ascii	"char\000"
 1857      00
 1858              	.LASF83:
 1859 0a03 43595F53 		.ascii	"CY_SCB_UART_STANDARD\000"
 1859      43425F55 
 1859      4152545F 
 1859      5354414E 
 1859      44415244 
 1860              	.LASF90:
 1861 0a18 43595F53 		.ascii	"CY_SCB_UART_STOP_BITS_2_5\000"
 1861      43425F55 
 1861      4152545F 
 1861      53544F50 
 1861      5F424954 
 1862              	.LASF108:
 1863 0a32 73746F70 		.ascii	"stopBits\000"
 1863      42697473 
 1863      00
 1864              	.LASF166:
 1865 0a3b 63795F62 		.ascii	"cy_ble_pendingFlashWrite\000"
 1865      6C655F70 
 1865      656E6469 
 1865      6E67466C 
 1865      61736857 
 1866              	.LASF6:
 1867 0a54 5F5F7569 		.ascii	"__uint32_t\000"
 1867      6E743332 
ARM GAS  C:\Users\salaz\AppData\Local\Temp\cczsvjMM.s 			page 42


 1867      5F7400
 1868              	.LASF163:
 1869 0a5f 63795F62 		.ascii	"cy_ble_advState\000"
 1869      6C655F61 
 1869      64765374 
 1869      61746500 
 1870              	.LASF124:
 1871 0a6f 62726561 		.ascii	"breakWidth\000"
 1871      6B576964 
 1871      746800
 1872              	.LASF55:
 1873 0a7a 43595F53 		.ascii	"CY_SCB_I2C_ACK\000"
 1873      43425F49 
 1873      32435F41 
 1873      434B00
 1874              	.LASF27:
 1875 0a89 696E7465 		.ascii	"interruptSources\000"
 1875      72727570 
 1875      74536F75 
 1875      72636573 
 1875      00
 1876              	.LASF175:
 1877 0a9a 4D6F746F 		.ascii	"MotorTimer_config\000"
 1877      7254696D 
 1877      65725F63 
 1877      6F6E6669 
 1877      6700
 1878              	.LASF156:
 1879 0aac 43595F42 		.ascii	"CY_BLE_CONN_STATE_CLIENT_SRVC_DISCOVERING\000"
 1879      4C455F43 
 1879      4F4E4E5F 
 1879      53544154 
 1879      455F434C 
 1880              	.LASF102:
 1881 0ad6 63795F63 		.ascii	"cy_cb_scb_uart_handle_events_t\000"
 1881      625F7363 
 1881      625F7561 
 1881      72745F68 
 1881      616E646C 
 1882              	.LASF35:
 1883 0af5 73746F70 		.ascii	"stopInput\000"
 1883      496E7075 
 1883      7400
 1884              	.LASF103:
 1885 0aff 7374635F 		.ascii	"stc_scb_uart_config\000"
 1885      7363625F 
 1885      75617274 
 1885      5F636F6E 
 1885      66696700 
 1886              	.LASF61:
 1887 0b13 75736552 		.ascii	"useRxFifo\000"
 1887      78466966 
 1887      6F00
 1888              	.LASF44:
 1889 0b1d 70657269 		.ascii	"period0\000"
 1889      6F643000 
 1890              	.LASF104:
ARM GAS  C:\Users\salaz\AppData\Local\Temp\cczsvjMM.s 			page 43


 1891 0b25 75617274 		.ascii	"uartMode\000"
 1891      4D6F6465 
 1891      00
 1892              	.LASF143:
 1893 0b2e 696E6974 		.ascii	"initKey\000"
 1893      4B657900 
 1894              	.LASF137:
 1895 0b36 72784275 		.ascii	"rxBuf\000"
 1895      6600
 1896              	.LASF73:
 1897 0b3c 736C6176 		.ascii	"slaveTxBuffer\000"
 1897      65547842 
 1897      75666665 
 1897      7200
 1898              	.LASF74:
 1899 0b4a 736C6176 		.ascii	"slaveTxBufferSize\000"
 1899      65547842 
 1899      75666665 
 1899      7253697A 
 1899      6500
 1900              	.LASF18:
 1901 0b5c 5F426F6F 		.ascii	"_Bool\000"
 1901      6C00
 1902              	.LASF153:
 1903 0b62 43595F42 		.ascii	"CY_BLE_CONN_STATE_DISCONNECTED\000"
 1903      4C455F43 
 1903      4F4E4E5F 
 1903      53544154 
 1903      455F4449 
 1904              	.LASF164:
 1905 0b81 63795F62 		.ascii	"cy_ble_connHandle\000"
 1905      6C655F63 
 1905      6F6E6E48 
 1905      616E646C 
 1905      6500
 1906              	.LASF57:
 1907 0b93 63795F65 		.ascii	"cy_en_scb_i2c_command_t\000"
 1907      6E5F7363 
 1907      625F6932 
 1907      635F636F 
 1907      6D6D616E 
 1908              	.LASF31:
 1909 0bab 72656C6F 		.ascii	"reloadInput\000"
 1909      6164496E 
 1909      70757400 
 1910              	.LASF48:
 1911 0bb7 696E7665 		.ascii	"invertPWMOutN\000"
 1911      72745057 
 1911      4D4F7574 
 1911      4E00
 1912              	.LASF150:
 1913 0bc5 43595F42 		.ascii	"CY_BLE_ADV_STATE_ADVERTISING\000"
 1913      4C455F41 
 1913      44565F53 
 1913      54415445 
 1913      5F414456 
 1914              	.LASF148:
ARM GAS  C:\Users\salaz\AppData\Local\Temp\cczsvjMM.s 			page 44


 1915 0be2 43595F42 		.ascii	"CY_BLE_ADV_STATE_STOPPED\000"
 1915      4C455F41 
 1915      44565F53 
 1915      54415445 
 1915      5F53544F 
 1916              	.LASF11:
 1917 0bfb 75696E74 		.ascii	"uint8_t\000"
 1917      385F7400 
 1918              	.LASF49:
 1919 0c03 6B696C6C 		.ascii	"killMode\000"
 1919      4D6F6465 
 1919      00
 1920              	.LASF51:
 1921 0c0c 73776170 		.ascii	"swapInput\000"
 1921      496E7075 
 1921      7400
 1922              	.LASF54:
 1923 0c16 63795F73 		.ascii	"cy_stc_tcpwm_pwm_config_t\000"
 1923      74635F74 
 1923      6370776D 
 1923      5F70776D 
 1923      5F636F6E 
 1924              	.LASF30:
 1925 0c30 72656C6F 		.ascii	"reloadInputMode\000"
 1925      6164496E 
 1925      7075744D 
 1925      6F646500 
 1926              	.LASF53:
 1927 0c40 6B696C6C 		.ascii	"killInput\000"
 1927      496E7075 
 1927      7400
 1928              	.LASF136:
 1929 0c4a 72785269 		.ascii	"rxRingBufTail\000"
 1929      6E674275 
 1929      66546169 
 1929      6C00
 1930              	.LASF145:
 1931 0c58 62644861 		.ascii	"bdHandle\000"
 1931      6E646C65 
 1931      00
 1932              	.LASF56:
 1933 0c61 43595F53 		.ascii	"CY_SCB_I2C_NAK\000"
 1933      43425F49 
 1933      32435F4E 
 1933      414B00
 1934              	.LASF88:
 1935 0c70 43595F53 		.ascii	"CY_SCB_UART_STOP_BITS_1_5\000"
 1935      43425F55 
 1935      4152545F 
 1935      53544F50 
 1935      5F424954 
 1936              	.LASF181:
 1937 0c8a 6D61696E 		.ascii	"main\000"
 1937      00
 1938              	.LASF130:
 1939 0c8f 63795F73 		.ascii	"cy_stc_scb_uart_context\000"
 1939      74635F73 
ARM GAS  C:\Users\salaz\AppData\Local\Temp\cczsvjMM.s 			page 45


 1939      63625F75 
 1939      6172745F 
 1939      636F6E74 
 1940              	.LASF123:
 1941 0ca7 72747350 		.ascii	"rtsPolarity\000"
 1941      6F6C6172 
 1941      69747900 
 1942              	.LASF119:
 1943 0cb3 736D6172 		.ascii	"smartCardRetryOnNack\000"
 1943      74436172 
 1943      64526574 
 1943      72794F6E 
 1943      4E61636B 
 1944              	.LASF21:
 1945 0cc8 72756E4D 		.ascii	"runMode\000"
 1945      6F646500 
 1946              	.LASF110:
 1947 0cd0 656E6162 		.ascii	"enableInputFilter\000"
 1947      6C65496E 
 1947      70757446 
 1947      696C7465 
 1947      7200
 1948              	.LASF111:
 1949 0ce2 64726F70 		.ascii	"dropOnParityError\000"
 1949      4F6E5061 
 1949      72697479 
 1949      4572726F 
 1949      7200
 1950              		.ident	"GCC: (GNU Tools for ARM Embedded Processors) 5.4.1 20160609 (release) [ARM/embedded-5-bran
