ARM GAS  C:\Users\salaz\AppData\Local\Temp\ccX1sIza.s 			page 1


   1              		.syntax unified
   2              		.cpu cortex-m0plus
   3              		.fpu softvfp
   4              		.eabi_attribute 20, 1
   5              		.eabi_attribute 21, 1
   6              		.eabi_attribute 23, 3
   7              		.eabi_attribute 24, 1
   8              		.eabi_attribute 25, 1
   9              		.eabi_attribute 26, 1
  10              		.eabi_attribute 30, 1
  11              		.eabi_attribute 34, 0
  12              		.eabi_attribute 18, 4
  13              		.thumb
  14              		.syntax unified
  15              		.file	"BLE_cscs_config.c"
  16              		.text
  17              	.Ltext0:
  18              		.cfi_sections	.debug_frame
  19              		.global	cy_ble_cscsConfig
  20              		.section	.rodata
  21              		.align	2
  22              		.type	cy_ble_cscss, %object
  23              		.size	cy_ble_cscss, 18
  24              	cy_ble_cscss:
  25 0000 2900     		.short	41
  26 0002 2B00     		.short	43
  27 0004 2C00     		.short	44
  28 0006 2E00     		.short	46
  29 0008 0000     		.short	0
  30 000a 3000     		.short	48
  31 000c 0000     		.short	0
  32 000e 3200     		.short	50
  33 0010 3300     		.short	51
  34              		.data
  35              		.align	2
  36              		.type	cy_ble_cscsConfig, %object
  37              		.size	cy_ble_cscsConfig, 8
  38              	cy_ble_cscsConfig:
  39 0000 00000000 		.word	cy_ble_cscss
  40 0004 00000000 		.word	0
  41              		.text
  42              	.Letext0:
  43              		.file 1 "c:\\program files (x86)\\cypress\\psoc creator\\4.2\\psoc creator\\import\\gnu\\arm\\5.4.
  44              		.file 2 "c:\\program files (x86)\\cypress\\psoc creator\\4.2\\psoc creator\\import\\gnu\\arm\\5.4.
  45              		.file 3 "Generated_Source\\PSoC6\\pdl\\middleware/ble/cy_ble_stack_host_main.h"
  46              		.file 4 "Generated_Source\\PSoC6\\pdl\\middleware/ble/cy_ble_stack_gatt.h"
  47              		.file 5 "Generated_Source\\PSoC6\\pdl\\middleware/ble/cy_ble_gap.h"
  48              		.file 6 "Generated_Source\\PSoC6\\pdl\\middleware/ble/cy_ble.h"
  49              		.file 7 "Generated_Source\\PSoC6\\pdl\\middleware/ble/cy_ble_cscs.h"
  50              		.file 8 "Generated_Source\\PSoC6\\BLE_cscs_config.c"
  51              		.section	.debug_info,"",%progbits
  52              	.Ldebug_info0:
  53 0000 08030000 		.4byte	0x308
  54 0004 0400     		.2byte	0x4
  55 0006 00000000 		.4byte	.Ldebug_abbrev0
  56 000a 04       		.byte	0x4
  57 000b 01       		.uleb128 0x1
ARM GAS  C:\Users\salaz\AppData\Local\Temp\ccX1sIza.s 			page 2


  58 000c 0E040000 		.4byte	.LASF61
  59 0010 0C       		.byte	0xc
  60 0011 6F050000 		.4byte	.LASF62
  61 0015 ED020000 		.4byte	.LASF63
  62 0019 00000000 		.4byte	.Ldebug_line0
  63 001d 02       		.uleb128 0x2
  64 001e 04       		.byte	0x4
  65 001f 05       		.byte	0x5
  66 0020 696E7400 		.ascii	"int\000"
  67 0024 03       		.uleb128 0x3
  68 0025 04       		.byte	0x4
  69 0026 07       		.byte	0x7
  70 0027 22030000 		.4byte	.LASF0
  71 002b 03       		.uleb128 0x3
  72 002c 08       		.byte	0x8
  73 002d 05       		.byte	0x5
  74 002e 71010000 		.4byte	.LASF1
  75 0032 03       		.uleb128 0x3
  76 0033 08       		.byte	0x8
  77 0034 04       		.byte	0x4
  78 0035 5C020000 		.4byte	.LASF2
  79 0039 03       		.uleb128 0x3
  80 003a 01       		.byte	0x1
  81 003b 06       		.byte	0x6
  82 003c C1020000 		.4byte	.LASF3
  83 0040 04       		.uleb128 0x4
  84 0041 D6010000 		.4byte	.LASF6
  85 0045 01       		.byte	0x1
  86 0046 1D       		.byte	0x1d
  87 0047 4B000000 		.4byte	0x4b
  88 004b 03       		.uleb128 0x3
  89 004c 01       		.byte	0x1
  90 004d 08       		.byte	0x8
  91 004e 93020000 		.4byte	.LASF4
  92 0052 03       		.uleb128 0x3
  93 0053 02       		.byte	0x2
  94 0054 05       		.byte	0x5
  95 0055 50000000 		.4byte	.LASF5
  96 0059 04       		.uleb128 0x4
  97 005a F3000000 		.4byte	.LASF7
  98 005e 01       		.byte	0x1
  99 005f 2B       		.byte	0x2b
 100 0060 64000000 		.4byte	0x64
 101 0064 03       		.uleb128 0x3
 102 0065 02       		.byte	0x2
 103 0066 07       		.byte	0x7
 104 0067 5C030000 		.4byte	.LASF8
 105 006b 03       		.uleb128 0x3
 106 006c 04       		.byte	0x4
 107 006d 05       		.byte	0x5
 108 006e CD010000 		.4byte	.LASF9
 109 0072 04       		.uleb128 0x4
 110 0073 E8000000 		.4byte	.LASF10
 111 0077 01       		.byte	0x1
 112 0078 41       		.byte	0x41
 113 0079 7D000000 		.4byte	0x7d
 114 007d 03       		.uleb128 0x3
ARM GAS  C:\Users\salaz\AppData\Local\Temp\ccX1sIza.s 			page 3


 115 007e 04       		.byte	0x4
 116 007f 07       		.byte	0x7
 117 0080 F5030000 		.4byte	.LASF11
 118 0084 03       		.uleb128 0x3
 119 0085 08       		.byte	0x8
 120 0086 07       		.byte	0x7
 121 0087 CD020000 		.4byte	.LASF12
 122 008b 03       		.uleb128 0x3
 123 008c 04       		.byte	0x4
 124 008d 07       		.byte	0x7
 125 008e 5A000000 		.4byte	.LASF13
 126 0092 05       		.uleb128 0x5
 127 0093 04       		.byte	0x4
 128 0094 03       		.uleb128 0x3
 129 0095 01       		.byte	0x1
 130 0096 08       		.byte	0x8
 131 0097 8C030000 		.4byte	.LASF14
 132 009b 04       		.uleb128 0x4
 133 009c 28010000 		.4byte	.LASF15
 134 00a0 02       		.byte	0x2
 135 00a1 18       		.byte	0x18
 136 00a2 40000000 		.4byte	0x40
 137 00a6 04       		.uleb128 0x4
 138 00a7 91030000 		.4byte	.LASF16
 139 00ab 02       		.byte	0x2
 140 00ac 24       		.byte	0x24
 141 00ad 59000000 		.4byte	0x59
 142 00b1 04       		.uleb128 0x4
 143 00b2 E4020000 		.4byte	.LASF17
 144 00b6 02       		.byte	0x2
 145 00b7 30       		.byte	0x30
 146 00b8 72000000 		.4byte	0x72
 147 00bc 03       		.uleb128 0x3
 148 00bd 04       		.byte	0x4
 149 00be 04       		.byte	0x4
 150 00bf 6B010000 		.4byte	.LASF18
 151 00c3 03       		.uleb128 0x3
 152 00c4 08       		.byte	0x8
 153 00c5 04       		.byte	0x4
 154 00c6 07040000 		.4byte	.LASF19
 155 00ca 06       		.uleb128 0x6
 156 00cb 02       		.byte	0x2
 157 00cc 03       		.byte	0x3
 158 00cd 5B01     		.2byte	0x15b
 159 00cf EE000000 		.4byte	0xee
 160 00d3 07       		.uleb128 0x7
 161 00d4 62010000 		.4byte	.LASF20
 162 00d8 03       		.byte	0x3
 163 00d9 6501     		.2byte	0x165
 164 00db 9B000000 		.4byte	0x9b
 165 00df 00       		.byte	0
 166 00e0 07       		.uleb128 0x7
 167 00e1 4B030000 		.4byte	.LASF21
 168 00e5 03       		.byte	0x3
 169 00e6 6901     		.2byte	0x169
 170 00e8 9B000000 		.4byte	0x9b
 171 00ec 01       		.byte	0x1
ARM GAS  C:\Users\salaz\AppData\Local\Temp\ccX1sIza.s 			page 4


 172 00ed 00       		.byte	0
 173 00ee 08       		.uleb128 0x8
 174 00ef 39050000 		.4byte	.LASF22
 175 00f3 03       		.byte	0x3
 176 00f4 6B01     		.2byte	0x16b
 177 00f6 CA000000 		.4byte	0xca
 178 00fa 08       		.uleb128 0x8
 179 00fb 6F030000 		.4byte	.LASF23
 180 00ff 04       		.byte	0x4
 181 0100 7F01     		.2byte	0x17f
 182 0102 A6000000 		.4byte	0xa6
 183 0106 09       		.uleb128 0x9
 184 0107 01       		.byte	0x1
 185 0108 4B000000 		.4byte	0x4b
 186 010c 05       		.byte	0x5
 187 010d 7E       		.byte	0x7e
 188 010e 2B010000 		.4byte	0x12b
 189 0112 0A       		.uleb128 0xa
 190 0113 DA040000 		.4byte	.LASF24
 191 0117 00       		.byte	0
 192 0118 0A       		.uleb128 0xa
 193 0119 CA030000 		.4byte	.LASF25
 194 011d 01       		.byte	0x1
 195 011e 0A       		.uleb128 0xa
 196 011f 52050000 		.4byte	.LASF26
 197 0123 02       		.byte	0x2
 198 0124 0A       		.uleb128 0xa
 199 0125 A1020000 		.4byte	.LASF27
 200 0129 03       		.byte	0x3
 201 012a 00       		.byte	0
 202 012b 04       		.uleb128 0x4
 203 012c 3A000000 		.4byte	.LASF28
 204 0130 05       		.byte	0x5
 205 0131 83       		.byte	0x83
 206 0132 06010000 		.4byte	0x106
 207 0136 09       		.uleb128 0x9
 208 0137 01       		.byte	0x1
 209 0138 4B000000 		.4byte	0x4b
 210 013c 05       		.byte	0x5
 211 013d 87       		.byte	0x87
 212 013e 73010000 		.4byte	0x173
 213 0142 0A       		.uleb128 0xa
 214 0143 2A020000 		.4byte	.LASF29
 215 0147 00       		.byte	0
 216 0148 0A       		.uleb128 0xa
 217 0149 A0040000 		.4byte	.LASF30
 218 014d 01       		.byte	0x1
 219 014e 0A       		.uleb128 0xa
 220 014f 11000000 		.4byte	.LASF31
 221 0153 02       		.byte	0x2
 222 0154 0A       		.uleb128 0xa
 223 0155 80000000 		.4byte	.LASF32
 224 0159 03       		.byte	0x3
 225 015a 0A       		.uleb128 0xa
 226 015b A3010000 		.4byte	.LASF33
 227 015f 04       		.byte	0x4
 228 0160 0A       		.uleb128 0xa
ARM GAS  C:\Users\salaz\AppData\Local\Temp\ccX1sIza.s 			page 5


 229 0161 FE000000 		.4byte	.LASF34
 230 0165 05       		.byte	0x5
 231 0166 0A       		.uleb128 0xa
 232 0167 68020000 		.4byte	.LASF35
 233 016b 06       		.byte	0x6
 234 016c 0A       		.uleb128 0xa
 235 016d E0010000 		.4byte	.LASF36
 236 0171 07       		.byte	0x7
 237 0172 00       		.byte	0
 238 0173 04       		.uleb128 0x4
 239 0174 22050000 		.4byte	.LASF37
 240 0178 05       		.byte	0x5
 241 0179 90       		.byte	0x90
 242 017a 36010000 		.4byte	0x136
 243 017e 04       		.uleb128 0x4
 244 017f 98050000 		.4byte	.LASF38
 245 0183 06       		.byte	0x6
 246 0184 40       		.byte	0x40
 247 0185 89010000 		.4byte	0x189
 248 0189 0B       		.uleb128 0xb
 249 018a 04       		.byte	0x4
 250 018b 8F010000 		.4byte	0x18f
 251 018f 0C       		.uleb128 0xc
 252 0190 9F010000 		.4byte	0x19f
 253 0194 0D       		.uleb128 0xd
 254 0195 B1000000 		.4byte	0xb1
 255 0199 0D       		.uleb128 0xd
 256 019a 92000000 		.4byte	0x92
 257 019e 00       		.byte	0
 258 019f 03       		.uleb128 0x3
 259 01a0 01       		.byte	0x1
 260 01a1 02       		.byte	0x2
 261 01a2 9A030000 		.4byte	.LASF39
 262 01a6 09       		.uleb128 0x9
 263 01a7 01       		.byte	0x1
 264 01a8 4B000000 		.4byte	0x4b
 265 01ac 07       		.byte	0x7
 266 01ad 27       		.byte	0x27
 267 01ae D1010000 		.4byte	0x1d1
 268 01b2 0A       		.uleb128 0xa
 269 01b3 2F030000 		.4byte	.LASF40
 270 01b7 00       		.byte	0
 271 01b8 0A       		.uleb128 0xa
 272 01b9 04020000 		.4byte	.LASF41
 273 01bd 01       		.byte	0x1
 274 01be 0A       		.uleb128 0xa
 275 01bf 46010000 		.4byte	.LASF42
 276 01c3 02       		.byte	0x2
 277 01c4 0A       		.uleb128 0xa
 278 01c5 63000000 		.4byte	.LASF43
 279 01c9 03       		.byte	0x3
 280 01ca 0A       		.uleb128 0xa
 281 01cb 0B050000 		.4byte	.LASF44
 282 01cf 04       		.byte	0x4
 283 01d0 00       		.byte	0
 284 01d1 09       		.uleb128 0x9
 285 01d2 01       		.byte	0x1
ARM GAS  C:\Users\salaz\AppData\Local\Temp\ccX1sIza.s 			page 6


 286 01d3 4B000000 		.4byte	0x4b
 287 01d7 07       		.byte	0x7
 288 01d8 31       		.byte	0x31
 289 01d9 EA010000 		.4byte	0x1ea
 290 01dd 0A       		.uleb128 0xa
 291 01de 00000000 		.4byte	.LASF45
 292 01e2 00       		.byte	0
 293 01e3 0A       		.uleb128 0xa
 294 01e4 F3040000 		.4byte	.LASF46
 295 01e8 01       		.byte	0x1
 296 01e9 00       		.byte	0
 297 01ea 0E       		.uleb128 0xe
 298 01eb 04       		.byte	0x4
 299 01ec 07       		.byte	0x7
 300 01ed 48       		.byte	0x48
 301 01ee 0B020000 		.4byte	0x20b
 302 01f2 0F       		.uleb128 0xf
 303 01f3 51030000 		.4byte	.LASF47
 304 01f7 07       		.byte	0x7
 305 01f8 4A       		.byte	0x4a
 306 01f9 FA000000 		.4byte	0xfa
 307 01fd 00       		.byte	0
 308 01fe 0F       		.uleb128 0xf
 309 01ff E9030000 		.4byte	.LASF48
 310 0203 07       		.byte	0x7
 311 0204 4B       		.byte	0x4b
 312 0205 0B020000 		.4byte	0x20b
 313 0209 02       		.byte	0x2
 314 020a 00       		.byte	0
 315 020b 10       		.uleb128 0x10
 316 020c FA000000 		.4byte	0xfa
 317 0210 1B020000 		.4byte	0x21b
 318 0214 11       		.uleb128 0x11
 319 0215 8B000000 		.4byte	0x8b
 320 0219 00       		.byte	0
 321 021a 00       		.byte	0
 322 021b 04       		.uleb128 0x4
 323 021c AA000000 		.4byte	.LASF49
 324 0220 07       		.byte	0x7
 325 0221 4C       		.byte	0x4c
 326 0222 EA010000 		.4byte	0x1ea
 327 0226 0E       		.uleb128 0xe
 328 0227 12       		.byte	0x12
 329 0228 07       		.byte	0x7
 330 0229 4F       		.byte	0x4f
 331 022a 47020000 		.4byte	0x247
 332 022e 0F       		.uleb128 0xf
 333 022f 1C020000 		.4byte	.LASF50
 334 0233 07       		.byte	0x7
 335 0234 52       		.byte	0x52
 336 0235 FA000000 		.4byte	0xfa
 337 0239 00       		.byte	0
 338 023a 0F       		.uleb128 0xf
 339 023b D1040000 		.4byte	.LASF51
 340 023f 07       		.byte	0x7
 341 0240 55       		.byte	0x55
 342 0241 47020000 		.4byte	0x247
ARM GAS  C:\Users\salaz\AppData\Local\Temp\ccX1sIza.s 			page 7


 343 0245 02       		.byte	0x2
 344 0246 00       		.byte	0
 345 0247 10       		.uleb128 0x10
 346 0248 1B020000 		.4byte	0x21b
 347 024c 57020000 		.4byte	0x257
 348 0250 11       		.uleb128 0x11
 349 0251 8B000000 		.4byte	0x8b
 350 0255 03       		.byte	0x3
 351 0256 00       		.byte	0
 352 0257 04       		.uleb128 0x4
 353 0258 49020000 		.4byte	.LASF52
 354 025c 07       		.byte	0x7
 355 025d 56       		.byte	0x56
 356 025e 26020000 		.4byte	0x226
 357 0262 0E       		.uleb128 0xe
 358 0263 08       		.byte	0x8
 359 0264 07       		.byte	0x7
 360 0265 6D       		.byte	0x6d
 361 0266 83020000 		.4byte	0x283
 362 026a 0F       		.uleb128 0xf
 363 026b 40010000 		.4byte	.LASF53
 364 026f 07       		.byte	0x7
 365 0270 70       		.byte	0x70
 366 0271 83020000 		.4byte	0x283
 367 0275 00       		.byte	0
 368 0276 0F       		.uleb128 0xf
 369 0277 2D000000 		.4byte	.LASF54
 370 027b 07       		.byte	0x7
 371 027c 73       		.byte	0x73
 372 027d 7E010000 		.4byte	0x17e
 373 0281 04       		.byte	0x4
 374 0282 00       		.byte	0
 375 0283 0B       		.uleb128 0xb
 376 0284 04       		.byte	0x4
 377 0285 89020000 		.4byte	0x289
 378 0289 12       		.uleb128 0x12
 379 028a 57020000 		.4byte	0x257
 380 028e 04       		.uleb128 0x4
 381 028f A0030000 		.4byte	.LASF55
 382 0293 07       		.byte	0x7
 383 0294 74       		.byte	0x74
 384 0295 62020000 		.4byte	0x262
 385 0299 13       		.uleb128 0x13
 386 029a C2000000 		.4byte	.LASF64
 387 029e 08       		.byte	0x8
 388 029f 18       		.byte	0x18
 389 02a0 89020000 		.4byte	0x289
 390 02a4 05       		.uleb128 0x5
 391 02a5 03       		.byte	0x3
 392 02a6 00000000 		.4byte	cy_ble_cscss
 393 02aa 14       		.uleb128 0x14
 394 02ab 30010000 		.4byte	.LASF56
 395 02af 05       		.byte	0x5
 396 02b0 2202     		.2byte	0x222
 397 02b2 2B010000 		.4byte	0x12b
 398 02b6 10       		.uleb128 0x10
 399 02b7 EE000000 		.4byte	0xee
ARM GAS  C:\Users\salaz\AppData\Local\Temp\ccX1sIza.s 			page 8


 400 02bb C6020000 		.4byte	0x2c6
 401 02bf 11       		.uleb128 0x11
 402 02c0 8B000000 		.4byte	0x8b
 403 02c4 00       		.byte	0
 404 02c5 00       		.byte	0
 405 02c6 14       		.uleb128 0x14
 406 02c7 91010000 		.4byte	.LASF57
 407 02cb 05       		.byte	0x5
 408 02cc 2C02     		.2byte	0x22c
 409 02ce B6020000 		.4byte	0x2b6
 410 02d2 10       		.uleb128 0x10
 411 02d3 73010000 		.4byte	0x173
 412 02d7 E2020000 		.4byte	0x2e2
 413 02db 11       		.uleb128 0x11
 414 02dc 8B000000 		.4byte	0x8b
 415 02e0 00       		.byte	0
 416 02e1 00       		.byte	0
 417 02e2 14       		.uleb128 0x14
 418 02e3 B9030000 		.4byte	.LASF58
 419 02e7 05       		.byte	0x5
 420 02e8 2D02     		.2byte	0x22d
 421 02ea D2020000 		.4byte	0x2d2
 422 02ee 14       		.uleb128 0x14
 423 02ef CF000000 		.4byte	.LASF59
 424 02f3 05       		.byte	0x5
 425 02f4 5202     		.2byte	0x252
 426 02f6 9B000000 		.4byte	0x9b
 427 02fa 15       		.uleb128 0x15
 428 02fb 7F010000 		.4byte	.LASF60
 429 02ff 08       		.byte	0x8
 430 0300 4E       		.byte	0x4e
 431 0301 8E020000 		.4byte	0x28e
 432 0305 05       		.uleb128 0x5
 433 0306 03       		.byte	0x3
 434 0307 00000000 		.4byte	cy_ble_cscsConfig
 435 030b 00       		.byte	0
 436              		.section	.debug_abbrev,"",%progbits
 437              	.Ldebug_abbrev0:
 438 0000 01       		.uleb128 0x1
 439 0001 11       		.uleb128 0x11
 440 0002 01       		.byte	0x1
 441 0003 25       		.uleb128 0x25
 442 0004 0E       		.uleb128 0xe
 443 0005 13       		.uleb128 0x13
 444 0006 0B       		.uleb128 0xb
 445 0007 03       		.uleb128 0x3
 446 0008 0E       		.uleb128 0xe
 447 0009 1B       		.uleb128 0x1b
 448 000a 0E       		.uleb128 0xe
 449 000b 10       		.uleb128 0x10
 450 000c 17       		.uleb128 0x17
 451 000d 00       		.byte	0
 452 000e 00       		.byte	0
 453 000f 02       		.uleb128 0x2
 454 0010 24       		.uleb128 0x24
 455 0011 00       		.byte	0
 456 0012 0B       		.uleb128 0xb
ARM GAS  C:\Users\salaz\AppData\Local\Temp\ccX1sIza.s 			page 9


 457 0013 0B       		.uleb128 0xb
 458 0014 3E       		.uleb128 0x3e
 459 0015 0B       		.uleb128 0xb
 460 0016 03       		.uleb128 0x3
 461 0017 08       		.uleb128 0x8
 462 0018 00       		.byte	0
 463 0019 00       		.byte	0
 464 001a 03       		.uleb128 0x3
 465 001b 24       		.uleb128 0x24
 466 001c 00       		.byte	0
 467 001d 0B       		.uleb128 0xb
 468 001e 0B       		.uleb128 0xb
 469 001f 3E       		.uleb128 0x3e
 470 0020 0B       		.uleb128 0xb
 471 0021 03       		.uleb128 0x3
 472 0022 0E       		.uleb128 0xe
 473 0023 00       		.byte	0
 474 0024 00       		.byte	0
 475 0025 04       		.uleb128 0x4
 476 0026 16       		.uleb128 0x16
 477 0027 00       		.byte	0
 478 0028 03       		.uleb128 0x3
 479 0029 0E       		.uleb128 0xe
 480 002a 3A       		.uleb128 0x3a
 481 002b 0B       		.uleb128 0xb
 482 002c 3B       		.uleb128 0x3b
 483 002d 0B       		.uleb128 0xb
 484 002e 49       		.uleb128 0x49
 485 002f 13       		.uleb128 0x13
 486 0030 00       		.byte	0
 487 0031 00       		.byte	0
 488 0032 05       		.uleb128 0x5
 489 0033 0F       		.uleb128 0xf
 490 0034 00       		.byte	0
 491 0035 0B       		.uleb128 0xb
 492 0036 0B       		.uleb128 0xb
 493 0037 00       		.byte	0
 494 0038 00       		.byte	0
 495 0039 06       		.uleb128 0x6
 496 003a 13       		.uleb128 0x13
 497 003b 01       		.byte	0x1
 498 003c 0B       		.uleb128 0xb
 499 003d 0B       		.uleb128 0xb
 500 003e 3A       		.uleb128 0x3a
 501 003f 0B       		.uleb128 0xb
 502 0040 3B       		.uleb128 0x3b
 503 0041 05       		.uleb128 0x5
 504 0042 01       		.uleb128 0x1
 505 0043 13       		.uleb128 0x13
 506 0044 00       		.byte	0
 507 0045 00       		.byte	0
 508 0046 07       		.uleb128 0x7
 509 0047 0D       		.uleb128 0xd
 510 0048 00       		.byte	0
 511 0049 03       		.uleb128 0x3
 512 004a 0E       		.uleb128 0xe
 513 004b 3A       		.uleb128 0x3a
ARM GAS  C:\Users\salaz\AppData\Local\Temp\ccX1sIza.s 			page 10


 514 004c 0B       		.uleb128 0xb
 515 004d 3B       		.uleb128 0x3b
 516 004e 05       		.uleb128 0x5
 517 004f 49       		.uleb128 0x49
 518 0050 13       		.uleb128 0x13
 519 0051 38       		.uleb128 0x38
 520 0052 0B       		.uleb128 0xb
 521 0053 00       		.byte	0
 522 0054 00       		.byte	0
 523 0055 08       		.uleb128 0x8
 524 0056 16       		.uleb128 0x16
 525 0057 00       		.byte	0
 526 0058 03       		.uleb128 0x3
 527 0059 0E       		.uleb128 0xe
 528 005a 3A       		.uleb128 0x3a
 529 005b 0B       		.uleb128 0xb
 530 005c 3B       		.uleb128 0x3b
 531 005d 05       		.uleb128 0x5
 532 005e 49       		.uleb128 0x49
 533 005f 13       		.uleb128 0x13
 534 0060 00       		.byte	0
 535 0061 00       		.byte	0
 536 0062 09       		.uleb128 0x9
 537 0063 04       		.uleb128 0x4
 538 0064 01       		.byte	0x1
 539 0065 0B       		.uleb128 0xb
 540 0066 0B       		.uleb128 0xb
 541 0067 49       		.uleb128 0x49
 542 0068 13       		.uleb128 0x13
 543 0069 3A       		.uleb128 0x3a
 544 006a 0B       		.uleb128 0xb
 545 006b 3B       		.uleb128 0x3b
 546 006c 0B       		.uleb128 0xb
 547 006d 01       		.uleb128 0x1
 548 006e 13       		.uleb128 0x13
 549 006f 00       		.byte	0
 550 0070 00       		.byte	0
 551 0071 0A       		.uleb128 0xa
 552 0072 28       		.uleb128 0x28
 553 0073 00       		.byte	0
 554 0074 03       		.uleb128 0x3
 555 0075 0E       		.uleb128 0xe
 556 0076 1C       		.uleb128 0x1c
 557 0077 0B       		.uleb128 0xb
 558 0078 00       		.byte	0
 559 0079 00       		.byte	0
 560 007a 0B       		.uleb128 0xb
 561 007b 0F       		.uleb128 0xf
 562 007c 00       		.byte	0
 563 007d 0B       		.uleb128 0xb
 564 007e 0B       		.uleb128 0xb
 565 007f 49       		.uleb128 0x49
 566 0080 13       		.uleb128 0x13
 567 0081 00       		.byte	0
 568 0082 00       		.byte	0
 569 0083 0C       		.uleb128 0xc
 570 0084 15       		.uleb128 0x15
ARM GAS  C:\Users\salaz\AppData\Local\Temp\ccX1sIza.s 			page 11


 571 0085 01       		.byte	0x1
 572 0086 27       		.uleb128 0x27
 573 0087 19       		.uleb128 0x19
 574 0088 01       		.uleb128 0x1
 575 0089 13       		.uleb128 0x13
 576 008a 00       		.byte	0
 577 008b 00       		.byte	0
 578 008c 0D       		.uleb128 0xd
 579 008d 05       		.uleb128 0x5
 580 008e 00       		.byte	0
 581 008f 49       		.uleb128 0x49
 582 0090 13       		.uleb128 0x13
 583 0091 00       		.byte	0
 584 0092 00       		.byte	0
 585 0093 0E       		.uleb128 0xe
 586 0094 13       		.uleb128 0x13
 587 0095 01       		.byte	0x1
 588 0096 0B       		.uleb128 0xb
 589 0097 0B       		.uleb128 0xb
 590 0098 3A       		.uleb128 0x3a
 591 0099 0B       		.uleb128 0xb
 592 009a 3B       		.uleb128 0x3b
 593 009b 0B       		.uleb128 0xb
 594 009c 01       		.uleb128 0x1
 595 009d 13       		.uleb128 0x13
 596 009e 00       		.byte	0
 597 009f 00       		.byte	0
 598 00a0 0F       		.uleb128 0xf
 599 00a1 0D       		.uleb128 0xd
 600 00a2 00       		.byte	0
 601 00a3 03       		.uleb128 0x3
 602 00a4 0E       		.uleb128 0xe
 603 00a5 3A       		.uleb128 0x3a
 604 00a6 0B       		.uleb128 0xb
 605 00a7 3B       		.uleb128 0x3b
 606 00a8 0B       		.uleb128 0xb
 607 00a9 49       		.uleb128 0x49
 608 00aa 13       		.uleb128 0x13
 609 00ab 38       		.uleb128 0x38
 610 00ac 0B       		.uleb128 0xb
 611 00ad 00       		.byte	0
 612 00ae 00       		.byte	0
 613 00af 10       		.uleb128 0x10
 614 00b0 01       		.uleb128 0x1
 615 00b1 01       		.byte	0x1
 616 00b2 49       		.uleb128 0x49
 617 00b3 13       		.uleb128 0x13
 618 00b4 01       		.uleb128 0x1
 619 00b5 13       		.uleb128 0x13
 620 00b6 00       		.byte	0
 621 00b7 00       		.byte	0
 622 00b8 11       		.uleb128 0x11
 623 00b9 21       		.uleb128 0x21
 624 00ba 00       		.byte	0
 625 00bb 49       		.uleb128 0x49
 626 00bc 13       		.uleb128 0x13
 627 00bd 2F       		.uleb128 0x2f
ARM GAS  C:\Users\salaz\AppData\Local\Temp\ccX1sIza.s 			page 12


 628 00be 0B       		.uleb128 0xb
 629 00bf 00       		.byte	0
 630 00c0 00       		.byte	0
 631 00c1 12       		.uleb128 0x12
 632 00c2 26       		.uleb128 0x26
 633 00c3 00       		.byte	0
 634 00c4 49       		.uleb128 0x49
 635 00c5 13       		.uleb128 0x13
 636 00c6 00       		.byte	0
 637 00c7 00       		.byte	0
 638 00c8 13       		.uleb128 0x13
 639 00c9 34       		.uleb128 0x34
 640 00ca 00       		.byte	0
 641 00cb 03       		.uleb128 0x3
 642 00cc 0E       		.uleb128 0xe
 643 00cd 3A       		.uleb128 0x3a
 644 00ce 0B       		.uleb128 0xb
 645 00cf 3B       		.uleb128 0x3b
 646 00d0 0B       		.uleb128 0xb
 647 00d1 49       		.uleb128 0x49
 648 00d2 13       		.uleb128 0x13
 649 00d3 02       		.uleb128 0x2
 650 00d4 18       		.uleb128 0x18
 651 00d5 00       		.byte	0
 652 00d6 00       		.byte	0
 653 00d7 14       		.uleb128 0x14
 654 00d8 34       		.uleb128 0x34
 655 00d9 00       		.byte	0
 656 00da 03       		.uleb128 0x3
 657 00db 0E       		.uleb128 0xe
 658 00dc 3A       		.uleb128 0x3a
 659 00dd 0B       		.uleb128 0xb
 660 00de 3B       		.uleb128 0x3b
 661 00df 05       		.uleb128 0x5
 662 00e0 49       		.uleb128 0x49
 663 00e1 13       		.uleb128 0x13
 664 00e2 3F       		.uleb128 0x3f
 665 00e3 19       		.uleb128 0x19
 666 00e4 3C       		.uleb128 0x3c
 667 00e5 19       		.uleb128 0x19
 668 00e6 00       		.byte	0
 669 00e7 00       		.byte	0
 670 00e8 15       		.uleb128 0x15
 671 00e9 34       		.uleb128 0x34
 672 00ea 00       		.byte	0
 673 00eb 03       		.uleb128 0x3
 674 00ec 0E       		.uleb128 0xe
 675 00ed 3A       		.uleb128 0x3a
 676 00ee 0B       		.uleb128 0xb
 677 00ef 3B       		.uleb128 0x3b
 678 00f0 0B       		.uleb128 0xb
 679 00f1 49       		.uleb128 0x49
 680 00f2 13       		.uleb128 0x13
 681 00f3 3F       		.uleb128 0x3f
 682 00f4 19       		.uleb128 0x19
 683 00f5 02       		.uleb128 0x2
 684 00f6 18       		.uleb128 0x18
ARM GAS  C:\Users\salaz\AppData\Local\Temp\ccX1sIza.s 			page 13


 685 00f7 00       		.byte	0
 686 00f8 00       		.byte	0
 687 00f9 00       		.byte	0
 688              		.section	.debug_aranges,"",%progbits
 689 0000 14000000 		.4byte	0x14
 690 0004 0200     		.2byte	0x2
 691 0006 00000000 		.4byte	.Ldebug_info0
 692 000a 04       		.byte	0x4
 693 000b 00       		.byte	0
 694 000c 0000     		.2byte	0
 695 000e 0000     		.2byte	0
 696 0010 00000000 		.4byte	0
 697 0014 00000000 		.4byte	0
 698              		.section	.debug_line,"",%progbits
 699              	.Ldebug_line0:
 700 0000 CC010000 		.section	.debug_str,"MS",%progbits,1
 700      0200C601 
 700      00000201 
 700      FB0E0D00 
 700      01010101 
 701              	.LASF45:
 702 0000 43595F42 		.ascii	"CY_BLE_CSCS_CCCD\000"
 702      4C455F43 
 702      5343535F 
 702      43434344 
 702      00
 703              	.LASF31:
 704 0011 43595F42 		.ascii	"CY_BLE_CONN_STATE_CONNECTED\000"
 704      4C455F43 
 704      4F4E4E5F 
 704      53544154 
 704      455F434F 
 705              	.LASF54:
 706 002d 63616C6C 		.ascii	"callbackFunc\000"
 706      6261636B 
 706      46756E63 
 706      00
 707              	.LASF28:
 708 003a 63795F65 		.ascii	"cy_en_ble_adv_state_t\000"
 708      6E5F626C 
 708      655F6164 
 708      765F7374 
 708      6174655F 
 709              	.LASF5:
 710 0050 73686F72 		.ascii	"short int\000"
 710      7420696E 
 710      7400
 711              	.LASF13:
 712 005a 73697A65 		.ascii	"sizetype\000"
 712      74797065 
 712      00
 713              	.LASF43:
 714 0063 43595F42 		.ascii	"CY_BLE_CSCS_SC_CONTROL_POINT\000"
 714      4C455F43 
 714      5343535F 
 714      53435F43 
 714      4F4E5452 
ARM GAS  C:\Users\salaz\AppData\Local\Temp\ccX1sIza.s 			page 14


 715              	.LASF32:
 716 0080 43595F42 		.ascii	"CY_BLE_CONN_STATE_CLIENT_SRVC_DISCOVERING\000"
 716      4C455F43 
 716      4F4E4E5F 
 716      53544154 
 716      455F434C 
 717              	.LASF49:
 718 00aa 63795F73 		.ascii	"cy_stc_ble_cscss_char_t\000"
 718      74635F62 
 718      6C655F63 
 718      73637373 
 718      5F636861 
 719              	.LASF64:
 720 00c2 63795F62 		.ascii	"cy_ble_cscss\000"
 720      6C655F63 
 720      73637373 
 720      00
 721              	.LASF59:
 722 00cf 63795F62 		.ascii	"cy_ble_pendingFlashWrite\000"
 722      6C655F70 
 722      656E6469 
 722      6E67466C 
 722      61736857 
 723              	.LASF10:
 724 00e8 5F5F7569 		.ascii	"__uint32_t\000"
 724      6E743332 
 724      5F7400
 725              	.LASF7:
 726 00f3 5F5F7569 		.ascii	"__uint16_t\000"
 726      6E743136 
 726      5F7400
 727              	.LASF34:
 728 00fe 43595F42 		.ascii	"CY_BLE_CONN_STATE_CLIENT_CHAR_DISCOVERING\000"
 728      4C455F43 
 728      4F4E4E5F 
 728      53544154 
 728      455F434C 
 729              	.LASF15:
 730 0128 75696E74 		.ascii	"uint8_t\000"
 730      385F7400 
 731              	.LASF56:
 732 0130 63795F62 		.ascii	"cy_ble_advState\000"
 732      6C655F61 
 732      64765374 
 732      61746500 
 733              	.LASF53:
 734 0140 63736373 		.ascii	"cscss\000"
 734      7300
 735              	.LASF42:
 736 0146 43595F42 		.ascii	"CY_BLE_CSCS_SENSOR_LOCATION\000"
 736      4C455F43 
 736      5343535F 
 736      53454E53 
 736      4F525F4C 
 737              	.LASF20:
 738 0162 62644861 		.ascii	"bdHandle\000"
 738      6E646C65 
ARM GAS  C:\Users\salaz\AppData\Local\Temp\ccX1sIza.s 			page 15


 738      00
 739              	.LASF18:
 740 016b 666C6F61 		.ascii	"float\000"
 740      7400
 741              	.LASF1:
 742 0171 6C6F6E67 		.ascii	"long long int\000"
 742      206C6F6E 
 742      6720696E 
 742      7400
 743              	.LASF60:
 744 017f 63795F62 		.ascii	"cy_ble_cscsConfig\000"
 744      6C655F63 
 744      73637343 
 744      6F6E6669 
 744      6700
 745              	.LASF57:
 746 0191 63795F62 		.ascii	"cy_ble_connHandle\000"
 746      6C655F63 
 746      6F6E6E48 
 746      616E646C 
 746      6500
 747              	.LASF33:
 748 01a3 43595F42 		.ascii	"CY_BLE_CONN_STATE_CLIENT_INCL_DISCOVERING\000"
 748      4C455F43 
 748      4F4E4E5F 
 748      53544154 
 748      455F434C 
 749              	.LASF9:
 750 01cd 6C6F6E67 		.ascii	"long int\000"
 750      20696E74 
 750      00
 751              	.LASF6:
 752 01d6 5F5F7569 		.ascii	"__uint8_t\000"
 752      6E74385F 
 752      7400
 753              	.LASF36:
 754 01e0 43595F42 		.ascii	"CY_BLE_CONN_STATE_CLIENT_DISCOVERED\000"
 754      4C455F43 
 754      4F4E4E5F 
 754      53544154 
 754      455F434C 
 755              	.LASF41:
 756 0204 43595F42 		.ascii	"CY_BLE_CSCS_CSC_FEATURE\000"
 756      4C455F43 
 756      5343535F 
 756      4353435F 
 756      46454154 
 757              	.LASF50:
 758 021c 73657276 		.ascii	"serviceHandle\000"
 758      69636548 
 758      616E646C 
 758      6500
 759              	.LASF29:
 760 022a 43595F42 		.ascii	"CY_BLE_CONN_STATE_DISCONNECTED\000"
 760      4C455F43 
 760      4F4E4E5F 
 760      53544154 
ARM GAS  C:\Users\salaz\AppData\Local\Temp\ccX1sIza.s 			page 16


 760      455F4449 
 761              	.LASF52:
 762 0249 63795F73 		.ascii	"cy_stc_ble_cscss_t\000"
 762      74635F62 
 762      6C655F63 
 762      73637373 
 762      5F7400
 763              	.LASF2:
 764 025c 6C6F6E67 		.ascii	"long double\000"
 764      20646F75 
 764      626C6500 
 765              	.LASF35:
 766 0268 43595F42 		.ascii	"CY_BLE_CONN_STATE_CLIENT_DESCR_DISCOVERING\000"
 766      4C455F43 
 766      4F4E4E5F 
 766      53544154 
 766      455F434C 
 767              	.LASF4:
 768 0293 756E7369 		.ascii	"unsigned char\000"
 768      676E6564 
 768      20636861 
 768      7200
 769              	.LASF27:
 770 02a1 43595F42 		.ascii	"CY_BLE_ADV_STATE_STOP_INITIATED\000"
 770      4C455F41 
 770      44565F53 
 770      54415445 
 770      5F53544F 
 771              	.LASF3:
 772 02c1 7369676E 		.ascii	"signed char\000"
 772      65642063 
 772      68617200 
 773              	.LASF12:
 774 02cd 6C6F6E67 		.ascii	"long long unsigned int\000"
 774      206C6F6E 
 774      6720756E 
 774      7369676E 
 774      65642069 
 775              	.LASF17:
 776 02e4 75696E74 		.ascii	"uint32_t\000"
 776      33325F74 
 776      00
 777              	.LASF63:
 778 02ed 433A5C55 		.ascii	"C:\\Users\\salaz\\Desktop\\SmartHandle\\SmartHandle"
 778      73657273 
 778      5C73616C 
 778      617A5C44 
 778      65736B74 
 779 031b 2E637964 		.ascii	".cydsn\000"
 779      736E00
 780              	.LASF0:
 781 0322 756E7369 		.ascii	"unsigned int\000"
 781      676E6564 
 781      20696E74 
 781      00
 782              	.LASF40:
 783 032f 43595F42 		.ascii	"CY_BLE_CSCS_CSC_MEASUREMENT\000"
ARM GAS  C:\Users\salaz\AppData\Local\Temp\ccX1sIza.s 			page 17


 783      4C455F43 
 783      5343535F 
 783      4353435F 
 783      4D454153 
 784              	.LASF21:
 785 034b 61747449 		.ascii	"attId\000"
 785      6400
 786              	.LASF47:
 787 0351 63686172 		.ascii	"charHandle\000"
 787      48616E64 
 787      6C6500
 788              	.LASF8:
 789 035c 73686F72 		.ascii	"short unsigned int\000"
 789      7420756E 
 789      7369676E 
 789      65642069 
 789      6E7400
 790              	.LASF23:
 791 036f 63795F62 		.ascii	"cy_ble_gatt_db_attr_handle_t\000"
 791      6C655F67 
 791      6174745F 
 791      64625F61 
 791      7474725F 
 792              	.LASF14:
 793 038c 63686172 		.ascii	"char\000"
 793      00
 794              	.LASF16:
 795 0391 75696E74 		.ascii	"uint16_t\000"
 795      31365F74 
 795      00
 796              	.LASF39:
 797 039a 5F426F6F 		.ascii	"_Bool\000"
 797      6C00
 798              	.LASF55:
 799 03a0 63795F73 		.ascii	"cy_stc_ble_cscs_config_t\000"
 799      74635F62 
 799      6C655F63 
 799      7363735F 
 799      636F6E66 
 800              	.LASF58:
 801 03b9 63795F62 		.ascii	"cy_ble_connState\000"
 801      6C655F63 
 801      6F6E6E53 
 801      74617465 
 801      00
 802              	.LASF25:
 803 03ca 43595F42 		.ascii	"CY_BLE_ADV_STATE_ADV_INITIATED\000"
 803      4C455F41 
 803      44565F53 
 803      54415445 
 803      5F414456 
 804              	.LASF48:
 805 03e9 64657363 		.ascii	"descrHandle\000"
 805      7248616E 
 805      646C6500 
 806              	.LASF11:
 807 03f5 6C6F6E67 		.ascii	"long unsigned int\000"
ARM GAS  C:\Users\salaz\AppData\Local\Temp\ccX1sIza.s 			page 18


 807      20756E73 
 807      69676E65 
 807      6420696E 
 807      7400
 808              	.LASF19:
 809 0407 646F7562 		.ascii	"double\000"
 809      6C6500
 810              	.LASF61:
 811 040e 474E5520 		.ascii	"GNU C11 5.4.1 20160609 (release) [ARM/embedded-5-br"
 811      43313120 
 811      352E342E 
 811      31203230 
 811      31363036 
 812 0441 616E6368 		.ascii	"anch revision 237715] -mcpu=cortex-m0plus -mthumb -"
 812      20726576 
 812      6973696F 
 812      6E203233 
 812      37373135 
 813 0474 67202D4F 		.ascii	"g -Og -ffunction-sections -ffat-lto-objects\000"
 813      67202D66 
 813      66756E63 
 813      74696F6E 
 813      2D736563 
 814              	.LASF30:
 815 04a0 43595F42 		.ascii	"CY_BLE_CONN_STATE_CLIENT_DISCONNECTED_DISCOVERED\000"
 815      4C455F43 
 815      4F4E4E5F 
 815      53544154 
 815      455F434C 
 816              	.LASF51:
 817 04d1 63686172 		.ascii	"charInfo\000"
 817      496E666F 
 817      00
 818              	.LASF24:
 819 04da 43595F42 		.ascii	"CY_BLE_ADV_STATE_STOPPED\000"
 819      4C455F41 
 819      44565F53 
 819      54415445 
 819      5F53544F 
 820              	.LASF46:
 821 04f3 43595F42 		.ascii	"CY_BLE_CSCS_DESCR_COUNT\000"
 821      4C455F43 
 821      5343535F 
 821      44455343 
 821      525F434F 
 822              	.LASF44:
 823 050b 43595F42 		.ascii	"CY_BLE_CSCS_CHAR_COUNT\000"
 823      4C455F43 
 823      5343535F 
 823      43484152 
 823      5F434F55 
 824              	.LASF37:
 825 0522 63795F65 		.ascii	"cy_en_ble_conn_state_t\000"
 825      6E5F626C 
 825      655F636F 
 825      6E6E5F73 
 825      74617465 
ARM GAS  C:\Users\salaz\AppData\Local\Temp\ccX1sIza.s 			page 19


 826              	.LASF22:
 827 0539 63795F73 		.ascii	"cy_stc_ble_conn_handle_t\000"
 827      74635F62 
 827      6C655F63 
 827      6F6E6E5F 
 827      68616E64 
 828              	.LASF26:
 829 0552 43595F42 		.ascii	"CY_BLE_ADV_STATE_ADVERTISING\000"
 829      4C455F41 
 829      44565F53 
 829      54415445 
 829      5F414456 
 830              	.LASF62:
 831 056f 47656E65 		.ascii	"Generated_Source\\PSoC6\\BLE_cscs_config.c\000"
 831      72617465 
 831      645F536F 
 831      75726365 
 831      5C50536F 
 832              	.LASF38:
 833 0598 63795F62 		.ascii	"cy_ble_callback_t\000"
 833      6C655F63 
 833      616C6C62 
 833      61636B5F 
 833      7400
 834              		.ident	"GCC: (GNU Tools for ARM Embedded Processors) 5.4.1 20160609 (release) [ARM/embedded-5-bran
