ARM GAS  C:\Users\salaz\AppData\Local\Temp\cc8Asu9A.s 			page 1


   1              		.syntax unified
   2              		.cpu cortex-m0plus
   3              		.fpu softvfp
   4              		.eabi_attribute 20, 1
   5              		.eabi_attribute 21, 1
   6              		.eabi_attribute 23, 3
   7              		.eabi_attribute 24, 1
   8              		.eabi_attribute 25, 1
   9              		.eabi_attribute 26, 1
  10              		.eabi_attribute 30, 1
  11              		.eabi_attribute 34, 0
  12              		.eabi_attribute 18, 4
  13              		.thumb
  14              		.syntax unified
  15              		.file	"BLE_custom_config.c"
  16              		.text
  17              	.Ltext0:
  18              		.cfi_sections	.debug_frame
  19              		.global	cy_ble_customConfig
  20              		.section	.rodata
  21              		.align	2
  22              		.type	cy_ble_customs, %object
  23              		.size	cy_ble_customs, 66
  24              	cy_ble_customs:
  25 0000 1000     		.short	16
  26 0002 1200     		.short	18
  27 0004 0000     		.short	0
  28 0006 1400     		.short	20
  29 0008 1500     		.short	21
  30 000a 1700     		.short	23
  31 000c 1800     		.short	24
  32 000e 1A00     		.short	26
  33 0010 1B00     		.short	27
  34 0012 1D00     		.short	29
  35 0014 1E00     		.short	30
  36 0016 2400     		.short	36
  37 0018 2600     		.short	38
  38 001a 0000     		.short	0
  39 001c 2800     		.short	40
  40 001e 2900     		.short	41
  41 0020 2B00     		.short	43
  42 0022 2C00     		.short	44
  43 0024 0000     		.short	0
  44 0026 0000     		.short	0
  45 0028 0000     		.short	0
  46 002a 0000     		.short	0
  47 002c 2D00     		.short	45
  48 002e 2F00     		.short	47
  49 0030 0000     		.short	0
  50 0032 3100     		.short	49
  51 0034 0000     		.short	0
  52 0036 0000     		.short	0
  53 0038 0000     		.short	0
  54 003a 0000     		.short	0
  55 003c 0000     		.short	0
  56 003e 0000     		.short	0
  57 0040 0000     		.short	0
ARM GAS  C:\Users\salaz\AppData\Local\Temp\cc8Asu9A.s 			page 2


  58              		.data
  59              		.align	2
  60              		.type	cy_ble_customConfig, %object
  61              		.size	cy_ble_customConfig, 4
  62              	cy_ble_customConfig:
  63 0000 00000000 		.word	cy_ble_customs
  64              		.text
  65              	.Letext0:
  66              		.file 1 "c:\\program files (x86)\\cypress\\psoc creator\\4.2\\psoc creator\\import\\gnu\\arm\\5.4.
  67              		.file 2 "c:\\program files (x86)\\cypress\\psoc creator\\4.2\\psoc creator\\import\\gnu\\arm\\5.4.
  68              		.file 3 "Generated_Source\\PSoC6\\pdl\\middleware/ble/cy_ble_stack_host_main.h"
  69              		.file 4 "Generated_Source\\PSoC6\\pdl\\middleware/ble/cy_ble_stack_gatt.h"
  70              		.file 5 "Generated_Source\\PSoC6\\pdl\\middleware/ble/cy_ble_gap.h"
  71              		.file 6 "Generated_Source\\PSoC6\\pdl\\middleware/ble/cy_ble_custom.h"
  72              		.file 7 "Generated_Source\\PSoC6\\BLE_custom_config.c"
  73              		.section	.debug_info,"",%progbits
  74              	.Ldebug_info0:
  75 0000 AA020000 		.4byte	0x2aa
  76 0004 0400     		.2byte	0x4
  77 0006 00000000 		.4byte	.Ldebug_abbrev0
  78 000a 04       		.byte	0x4
  79 000b 01       		.uleb128 0x1
  80 000c 08040000 		.4byte	.LASF52
  81 0010 0C       		.byte	0xc
  82 0011 6E000000 		.4byte	.LASF53
  83 0015 FB000000 		.4byte	.LASF54
  84 0019 00000000 		.4byte	.Ldebug_line0
  85 001d 02       		.uleb128 0x2
  86 001e 04       		.byte	0x4
  87 001f 05       		.byte	0x5
  88 0020 696E7400 		.ascii	"int\000"
  89 0024 03       		.uleb128 0x3
  90 0025 04       		.byte	0x4
  91 0026 07       		.byte	0x7
  92 0027 69020000 		.4byte	.LASF0
  93 002b 03       		.uleb128 0x3
  94 002c 08       		.byte	0x8
  95 002d 05       		.byte	0x5
  96 002e 1E030000 		.4byte	.LASF1
  97 0032 03       		.uleb128 0x3
  98 0033 08       		.byte	0x8
  99 0034 04       		.byte	0x4
 100 0035 FC030000 		.4byte	.LASF2
 101 0039 03       		.uleb128 0x3
 102 003a 01       		.byte	0x1
 103 003b 06       		.byte	0x6
 104 003c 9A040000 		.4byte	.LASF3
 105 0040 04       		.uleb128 0x4
 106 0041 1B000000 		.4byte	.LASF6
 107 0045 01       		.byte	0x1
 108 0046 1D       		.byte	0x1d
 109 0047 4B000000 		.4byte	0x4b
 110 004b 03       		.uleb128 0x3
 111 004c 01       		.byte	0x1
 112 004d 08       		.byte	0x8
 113 004e 3E020000 		.4byte	.LASF4
 114 0052 03       		.uleb128 0x3
ARM GAS  C:\Users\salaz\AppData\Local\Temp\cc8Asu9A.s 			page 3


 115 0053 02       		.byte	0x2
 116 0054 05       		.byte	0x5
 117 0055 84030000 		.4byte	.LASF5
 118 0059 04       		.uleb128 0x4
 119 005a 4C020000 		.4byte	.LASF7
 120 005e 01       		.byte	0x1
 121 005f 2B       		.byte	0x2b
 122 0060 64000000 		.4byte	0x64
 123 0064 03       		.uleb128 0x3
 124 0065 02       		.byte	0x2
 125 0066 07       		.byte	0x7
 126 0067 EA010000 		.4byte	.LASF8
 127 006b 03       		.uleb128 0x3
 128 006c 04       		.byte	0x4
 129 006d 05       		.byte	0x5
 130 006e EE030000 		.4byte	.LASF9
 131 0072 04       		.uleb128 0x4
 132 0073 5E020000 		.4byte	.LASF10
 133 0077 01       		.byte	0x1
 134 0078 41       		.byte	0x41
 135 0079 7D000000 		.4byte	0x7d
 136 007d 03       		.uleb128 0x3
 137 007e 04       		.byte	0x4
 138 007f 07       		.byte	0x7
 139 0080 D8010000 		.4byte	.LASF11
 140 0084 03       		.uleb128 0x3
 141 0085 08       		.byte	0x8
 142 0086 07       		.byte	0x7
 143 0087 9A020000 		.4byte	.LASF12
 144 008b 03       		.uleb128 0x3
 145 008c 04       		.byte	0x4
 146 008d 07       		.byte	0x7
 147 008e 15030000 		.4byte	.LASF13
 148 0092 03       		.uleb128 0x3
 149 0093 01       		.byte	0x1
 150 0094 08       		.byte	0x8
 151 0095 F7030000 		.4byte	.LASF14
 152 0099 04       		.uleb128 0x4
 153 009a F3000000 		.4byte	.LASF15
 154 009e 02       		.byte	0x2
 155 009f 18       		.byte	0x18
 156 00a0 40000000 		.4byte	0x40
 157 00a4 04       		.uleb128 0x4
 158 00a5 8E030000 		.4byte	.LASF16
 159 00a9 02       		.byte	0x2
 160 00aa 24       		.byte	0x24
 161 00ab 59000000 		.4byte	0x59
 162 00af 04       		.uleb128 0x4
 163 00b0 E5030000 		.4byte	.LASF17
 164 00b4 02       		.byte	0x2
 165 00b5 30       		.byte	0x30
 166 00b6 72000000 		.4byte	0x72
 167 00ba 03       		.uleb128 0x3
 168 00bb 04       		.byte	0x4
 169 00bc 04       		.byte	0x4
 170 00bd 70010000 		.4byte	.LASF18
 171 00c1 03       		.uleb128 0x3
ARM GAS  C:\Users\salaz\AppData\Local\Temp\cc8Asu9A.s 			page 4


 172 00c2 08       		.byte	0x8
 173 00c3 04       		.byte	0x4
 174 00c4 57020000 		.4byte	.LASF19
 175 00c8 05       		.uleb128 0x5
 176 00c9 02       		.byte	0x2
 177 00ca 03       		.byte	0x3
 178 00cb 5B01     		.2byte	0x15b
 179 00cd EC000000 		.4byte	0xec
 180 00d1 06       		.uleb128 0x6
 181 00d2 3A000000 		.4byte	.LASF20
 182 00d6 03       		.byte	0x3
 183 00d7 6501     		.2byte	0x165
 184 00d9 99000000 		.4byte	0x99
 185 00dd 00       		.byte	0
 186 00de 06       		.uleb128 0x6
 187 00df 0F030000 		.4byte	.LASF21
 188 00e3 03       		.byte	0x3
 189 00e4 6901     		.2byte	0x169
 190 00e6 99000000 		.4byte	0x99
 191 00ea 01       		.byte	0x1
 192 00eb 00       		.byte	0
 193 00ec 07       		.uleb128 0x7
 194 00ed 99000000 		.4byte	.LASF22
 195 00f1 03       		.byte	0x3
 196 00f2 6B01     		.2byte	0x16b
 197 00f4 C8000000 		.4byte	0xc8
 198 00f8 07       		.uleb128 0x7
 199 00f9 BB010000 		.4byte	.LASF23
 200 00fd 04       		.byte	0x4
 201 00fe 7F01     		.2byte	0x17f
 202 0100 A4000000 		.4byte	0xa4
 203 0104 08       		.uleb128 0x8
 204 0105 01       		.byte	0x1
 205 0106 4B000000 		.4byte	0x4b
 206 010a 05       		.byte	0x5
 207 010b 7E       		.byte	0x7e
 208 010c 29010000 		.4byte	0x129
 209 0110 09       		.uleb128 0x9
 210 0111 A6040000 		.4byte	.LASF24
 211 0115 00       		.byte	0
 212 0116 09       		.uleb128 0x9
 213 0117 DB020000 		.4byte	.LASF25
 214 011b 01       		.byte	0x1
 215 011c 09       		.uleb128 0x9
 216 011d 97030000 		.4byte	.LASF26
 217 0121 02       		.byte	0x2
 218 0122 09       		.uleb128 0x9
 219 0123 76010000 		.4byte	.LASF27
 220 0127 03       		.byte	0x3
 221 0128 00       		.byte	0
 222 0129 04       		.uleb128 0x4
 223 012a 5A010000 		.4byte	.LASF28
 224 012e 05       		.byte	0x5
 225 012f 83       		.byte	0x83
 226 0130 04010000 		.4byte	0x104
 227 0134 08       		.uleb128 0x8
 228 0135 01       		.byte	0x1
ARM GAS  C:\Users\salaz\AppData\Local\Temp\cc8Asu9A.s 			page 5


 229 0136 4B000000 		.4byte	0x4b
 230 013a 05       		.byte	0x5
 231 013b 87       		.byte	0x87
 232 013c 71010000 		.4byte	0x171
 233 0140 09       		.uleb128 0x9
 234 0141 46030000 		.4byte	.LASF29
 235 0145 00       		.byte	0
 236 0146 09       		.uleb128 0x9
 237 0147 B4030000 		.4byte	.LASF30
 238 014b 01       		.byte	0x1
 239 014c 09       		.uleb128 0x9
 240 014d B2000000 		.4byte	.LASF31
 241 0151 02       		.byte	0x2
 242 0152 09       		.uleb128 0x9
 243 0153 30010000 		.4byte	.LASF32
 244 0157 03       		.byte	0x3
 245 0158 09       		.uleb128 0x9
 246 0159 B1020000 		.4byte	.LASF33
 247 015d 04       		.byte	0x4
 248 015e 09       		.uleb128 0x9
 249 015f FD010000 		.4byte	.LASF34
 250 0163 05       		.byte	0x5
 251 0164 09       		.uleb128 0x9
 252 0165 43000000 		.4byte	.LASF35
 253 0169 06       		.byte	0x6
 254 016a 09       		.uleb128 0x9
 255 016b 76020000 		.4byte	.LASF36
 256 016f 07       		.byte	0x7
 257 0170 00       		.byte	0
 258 0171 04       		.uleb128 0x4
 259 0172 EF040000 		.4byte	.LASF37
 260 0176 05       		.byte	0x5
 261 0177 90       		.byte	0x90
 262 0178 34010000 		.4byte	0x134
 263 017c 03       		.uleb128 0x3
 264 017d 01       		.byte	0x1
 265 017e 02       		.byte	0x2
 266 017f BF040000 		.4byte	.LASF38
 267 0183 0A       		.uleb128 0xa
 268 0184 04       		.byte	0x4
 269 0185 06       		.byte	0x6
 270 0186 3B       		.byte	0x3b
 271 0187 A4010000 		.4byte	0x1a4
 272 018b 0B       		.uleb128 0xb
 273 018c 25000000 		.4byte	.LASF39
 274 0190 06       		.byte	0x6
 275 0191 3E       		.byte	0x3e
 276 0192 F8000000 		.4byte	0xf8
 277 0196 00       		.byte	0
 278 0197 0B       		.uleb128 0xb
 279 0198 CE000000 		.4byte	.LASF40
 280 019c 06       		.byte	0x6
 281 019d 41       		.byte	0x41
 282 019e A4010000 		.4byte	0x1a4
 283 01a2 02       		.byte	0x2
 284 01a3 00       		.byte	0
 285 01a4 0C       		.uleb128 0xc
ARM GAS  C:\Users\salaz\AppData\Local\Temp\cc8Asu9A.s 			page 6


 286 01a5 F8000000 		.4byte	0xf8
 287 01a9 B4010000 		.4byte	0x1b4
 288 01ad 0D       		.uleb128 0xd
 289 01ae 8B000000 		.4byte	0x8b
 290 01b2 00       		.byte	0
 291 01b3 00       		.byte	0
 292 01b4 04       		.uleb128 0x4
 293 01b5 2C030000 		.4byte	.LASF41
 294 01b9 06       		.byte	0x6
 295 01ba 43       		.byte	0x43
 296 01bb 83010000 		.4byte	0x183
 297 01bf 0A       		.uleb128 0xa
 298 01c0 16       		.byte	0x16
 299 01c1 06       		.byte	0x6
 300 01c2 46       		.byte	0x46
 301 01c3 E0010000 		.4byte	0x1e0
 302 01c7 0B       		.uleb128 0xb
 303 01c8 AA010000 		.4byte	.LASF42
 304 01cc 06       		.byte	0x6
 305 01cd 49       		.byte	0x49
 306 01ce F8000000 		.4byte	0xf8
 307 01d2 00       		.byte	0
 308 01d3 0B       		.uleb128 0xb
 309 01d4 75030000 		.4byte	.LASF43
 310 01d8 06       		.byte	0x6
 311 01d9 4C       		.byte	0x4c
 312 01da E0010000 		.4byte	0x1e0
 313 01de 02       		.byte	0x2
 314 01df 00       		.byte	0
 315 01e0 0C       		.uleb128 0xc
 316 01e1 B4010000 		.4byte	0x1b4
 317 01e5 F0010000 		.4byte	0x1f0
 318 01e9 0D       		.uleb128 0xd
 319 01ea 8B000000 		.4byte	0x8b
 320 01ee 04       		.byte	0x4
 321 01ef 00       		.byte	0
 322 01f0 04       		.uleb128 0x4
 323 01f1 FA020000 		.4byte	.LASF44
 324 01f5 06       		.byte	0x6
 325 01f6 4E       		.byte	0x4e
 326 01f7 BF010000 		.4byte	0x1bf
 327 01fb 0A       		.uleb128 0xa
 328 01fc 04       		.byte	0x4
 329 01fd 06       		.byte	0x6
 330 01fe 90       		.byte	0x90
 331 01ff 10020000 		.4byte	0x210
 332 0203 0B       		.uleb128 0xb
 333 0204 27020000 		.4byte	.LASF45
 334 0208 06       		.byte	0x6
 335 0209 94       		.byte	0x94
 336 020a 10020000 		.4byte	0x210
 337 020e 00       		.byte	0
 338 020f 00       		.byte	0
 339 0210 0E       		.uleb128 0xe
 340 0211 04       		.byte	0x4
 341 0212 16020000 		.4byte	0x216
 342 0216 0F       		.uleb128 0xf
ARM GAS  C:\Users\salaz\AppData\Local\Temp\cc8Asu9A.s 			page 7


 343 0217 F0010000 		.4byte	0x1f0
 344 021b 04       		.uleb128 0x4
 345 021c 00000000 		.4byte	.LASF46
 346 0220 06       		.byte	0x6
 347 0221 9B       		.byte	0x9b
 348 0222 FB010000 		.4byte	0x1fb
 349 0226 0C       		.uleb128 0xc
 350 0227 16020000 		.4byte	0x216
 351 022b 36020000 		.4byte	0x236
 352 022f 0D       		.uleb128 0xd
 353 0230 8B000000 		.4byte	0x8b
 354 0234 02       		.byte	0x2
 355 0235 00       		.byte	0
 356 0236 10       		.uleb128 0x10
 357 0237 2F020000 		.4byte	.LASF55
 358 023b 07       		.byte	0x7
 359 023c 1C       		.byte	0x1c
 360 023d 47020000 		.4byte	0x247
 361 0241 05       		.uleb128 0x5
 362 0242 03       		.byte	0x3
 363 0243 00000000 		.4byte	cy_ble_customs
 364 0247 0F       		.uleb128 0xf
 365 0248 26020000 		.4byte	0x226
 366 024c 11       		.uleb128 0x11
 367 024d 65030000 		.4byte	.LASF47
 368 0251 05       		.byte	0x5
 369 0252 2202     		.2byte	0x222
 370 0254 29010000 		.4byte	0x129
 371 0258 0C       		.uleb128 0xc
 372 0259 EC000000 		.4byte	0xec
 373 025d 68020000 		.4byte	0x268
 374 0261 0D       		.uleb128 0xd
 375 0262 8B000000 		.4byte	0x8b
 376 0266 00       		.byte	0
 377 0267 00       		.byte	0
 378 0268 11       		.uleb128 0x11
 379 0269 E1000000 		.4byte	.LASF48
 380 026d 05       		.byte	0x5
 381 026e 2C02     		.2byte	0x22c
 382 0270 58020000 		.4byte	0x258
 383 0274 0C       		.uleb128 0xc
 384 0275 71010000 		.4byte	0x171
 385 0279 84020000 		.4byte	0x284
 386 027d 0D       		.uleb128 0xd
 387 027e 8B000000 		.4byte	0x8b
 388 0282 00       		.byte	0
 389 0283 00       		.byte	0
 390 0284 11       		.uleb128 0x11
 391 0285 C5040000 		.4byte	.LASF49
 392 0289 05       		.byte	0x5
 393 028a 2D02     		.2byte	0x22d
 394 028c 74020000 		.4byte	0x274
 395 0290 11       		.uleb128 0x11
 396 0291 D6040000 		.4byte	.LASF50
 397 0295 05       		.byte	0x5
 398 0296 5202     		.2byte	0x252
 399 0298 99000000 		.4byte	0x99
ARM GAS  C:\Users\salaz\AppData\Local\Temp\cc8Asu9A.s 			page 8


 400 029c 12       		.uleb128 0x12
 401 029d 96010000 		.4byte	.LASF51
 402 02a1 07       		.byte	0x7
 403 02a2 CE       		.byte	0xce
 404 02a3 1B020000 		.4byte	0x21b
 405 02a7 05       		.uleb128 0x5
 406 02a8 03       		.byte	0x3
 407 02a9 00000000 		.4byte	cy_ble_customConfig
 408 02ad 00       		.byte	0
 409              		.section	.debug_abbrev,"",%progbits
 410              	.Ldebug_abbrev0:
 411 0000 01       		.uleb128 0x1
 412 0001 11       		.uleb128 0x11
 413 0002 01       		.byte	0x1
 414 0003 25       		.uleb128 0x25
 415 0004 0E       		.uleb128 0xe
 416 0005 13       		.uleb128 0x13
 417 0006 0B       		.uleb128 0xb
 418 0007 03       		.uleb128 0x3
 419 0008 0E       		.uleb128 0xe
 420 0009 1B       		.uleb128 0x1b
 421 000a 0E       		.uleb128 0xe
 422 000b 10       		.uleb128 0x10
 423 000c 17       		.uleb128 0x17
 424 000d 00       		.byte	0
 425 000e 00       		.byte	0
 426 000f 02       		.uleb128 0x2
 427 0010 24       		.uleb128 0x24
 428 0011 00       		.byte	0
 429 0012 0B       		.uleb128 0xb
 430 0013 0B       		.uleb128 0xb
 431 0014 3E       		.uleb128 0x3e
 432 0015 0B       		.uleb128 0xb
 433 0016 03       		.uleb128 0x3
 434 0017 08       		.uleb128 0x8
 435 0018 00       		.byte	0
 436 0019 00       		.byte	0
 437 001a 03       		.uleb128 0x3
 438 001b 24       		.uleb128 0x24
 439 001c 00       		.byte	0
 440 001d 0B       		.uleb128 0xb
 441 001e 0B       		.uleb128 0xb
 442 001f 3E       		.uleb128 0x3e
 443 0020 0B       		.uleb128 0xb
 444 0021 03       		.uleb128 0x3
 445 0022 0E       		.uleb128 0xe
 446 0023 00       		.byte	0
 447 0024 00       		.byte	0
 448 0025 04       		.uleb128 0x4
 449 0026 16       		.uleb128 0x16
 450 0027 00       		.byte	0
 451 0028 03       		.uleb128 0x3
 452 0029 0E       		.uleb128 0xe
 453 002a 3A       		.uleb128 0x3a
 454 002b 0B       		.uleb128 0xb
 455 002c 3B       		.uleb128 0x3b
 456 002d 0B       		.uleb128 0xb
ARM GAS  C:\Users\salaz\AppData\Local\Temp\cc8Asu9A.s 			page 9


 457 002e 49       		.uleb128 0x49
 458 002f 13       		.uleb128 0x13
 459 0030 00       		.byte	0
 460 0031 00       		.byte	0
 461 0032 05       		.uleb128 0x5
 462 0033 13       		.uleb128 0x13
 463 0034 01       		.byte	0x1
 464 0035 0B       		.uleb128 0xb
 465 0036 0B       		.uleb128 0xb
 466 0037 3A       		.uleb128 0x3a
 467 0038 0B       		.uleb128 0xb
 468 0039 3B       		.uleb128 0x3b
 469 003a 05       		.uleb128 0x5
 470 003b 01       		.uleb128 0x1
 471 003c 13       		.uleb128 0x13
 472 003d 00       		.byte	0
 473 003e 00       		.byte	0
 474 003f 06       		.uleb128 0x6
 475 0040 0D       		.uleb128 0xd
 476 0041 00       		.byte	0
 477 0042 03       		.uleb128 0x3
 478 0043 0E       		.uleb128 0xe
 479 0044 3A       		.uleb128 0x3a
 480 0045 0B       		.uleb128 0xb
 481 0046 3B       		.uleb128 0x3b
 482 0047 05       		.uleb128 0x5
 483 0048 49       		.uleb128 0x49
 484 0049 13       		.uleb128 0x13
 485 004a 38       		.uleb128 0x38
 486 004b 0B       		.uleb128 0xb
 487 004c 00       		.byte	0
 488 004d 00       		.byte	0
 489 004e 07       		.uleb128 0x7
 490 004f 16       		.uleb128 0x16
 491 0050 00       		.byte	0
 492 0051 03       		.uleb128 0x3
 493 0052 0E       		.uleb128 0xe
 494 0053 3A       		.uleb128 0x3a
 495 0054 0B       		.uleb128 0xb
 496 0055 3B       		.uleb128 0x3b
 497 0056 05       		.uleb128 0x5
 498 0057 49       		.uleb128 0x49
 499 0058 13       		.uleb128 0x13
 500 0059 00       		.byte	0
 501 005a 00       		.byte	0
 502 005b 08       		.uleb128 0x8
 503 005c 04       		.uleb128 0x4
 504 005d 01       		.byte	0x1
 505 005e 0B       		.uleb128 0xb
 506 005f 0B       		.uleb128 0xb
 507 0060 49       		.uleb128 0x49
 508 0061 13       		.uleb128 0x13
 509 0062 3A       		.uleb128 0x3a
 510 0063 0B       		.uleb128 0xb
 511 0064 3B       		.uleb128 0x3b
 512 0065 0B       		.uleb128 0xb
 513 0066 01       		.uleb128 0x1
ARM GAS  C:\Users\salaz\AppData\Local\Temp\cc8Asu9A.s 			page 10


 514 0067 13       		.uleb128 0x13
 515 0068 00       		.byte	0
 516 0069 00       		.byte	0
 517 006a 09       		.uleb128 0x9
 518 006b 28       		.uleb128 0x28
 519 006c 00       		.byte	0
 520 006d 03       		.uleb128 0x3
 521 006e 0E       		.uleb128 0xe
 522 006f 1C       		.uleb128 0x1c
 523 0070 0B       		.uleb128 0xb
 524 0071 00       		.byte	0
 525 0072 00       		.byte	0
 526 0073 0A       		.uleb128 0xa
 527 0074 13       		.uleb128 0x13
 528 0075 01       		.byte	0x1
 529 0076 0B       		.uleb128 0xb
 530 0077 0B       		.uleb128 0xb
 531 0078 3A       		.uleb128 0x3a
 532 0079 0B       		.uleb128 0xb
 533 007a 3B       		.uleb128 0x3b
 534 007b 0B       		.uleb128 0xb
 535 007c 01       		.uleb128 0x1
 536 007d 13       		.uleb128 0x13
 537 007e 00       		.byte	0
 538 007f 00       		.byte	0
 539 0080 0B       		.uleb128 0xb
 540 0081 0D       		.uleb128 0xd
 541 0082 00       		.byte	0
 542 0083 03       		.uleb128 0x3
 543 0084 0E       		.uleb128 0xe
 544 0085 3A       		.uleb128 0x3a
 545 0086 0B       		.uleb128 0xb
 546 0087 3B       		.uleb128 0x3b
 547 0088 0B       		.uleb128 0xb
 548 0089 49       		.uleb128 0x49
 549 008a 13       		.uleb128 0x13
 550 008b 38       		.uleb128 0x38
 551 008c 0B       		.uleb128 0xb
 552 008d 00       		.byte	0
 553 008e 00       		.byte	0
 554 008f 0C       		.uleb128 0xc
 555 0090 01       		.uleb128 0x1
 556 0091 01       		.byte	0x1
 557 0092 49       		.uleb128 0x49
 558 0093 13       		.uleb128 0x13
 559 0094 01       		.uleb128 0x1
 560 0095 13       		.uleb128 0x13
 561 0096 00       		.byte	0
 562 0097 00       		.byte	0
 563 0098 0D       		.uleb128 0xd
 564 0099 21       		.uleb128 0x21
 565 009a 00       		.byte	0
 566 009b 49       		.uleb128 0x49
 567 009c 13       		.uleb128 0x13
 568 009d 2F       		.uleb128 0x2f
 569 009e 0B       		.uleb128 0xb
 570 009f 00       		.byte	0
ARM GAS  C:\Users\salaz\AppData\Local\Temp\cc8Asu9A.s 			page 11


 571 00a0 00       		.byte	0
 572 00a1 0E       		.uleb128 0xe
 573 00a2 0F       		.uleb128 0xf
 574 00a3 00       		.byte	0
 575 00a4 0B       		.uleb128 0xb
 576 00a5 0B       		.uleb128 0xb
 577 00a6 49       		.uleb128 0x49
 578 00a7 13       		.uleb128 0x13
 579 00a8 00       		.byte	0
 580 00a9 00       		.byte	0
 581 00aa 0F       		.uleb128 0xf
 582 00ab 26       		.uleb128 0x26
 583 00ac 00       		.byte	0
 584 00ad 49       		.uleb128 0x49
 585 00ae 13       		.uleb128 0x13
 586 00af 00       		.byte	0
 587 00b0 00       		.byte	0
 588 00b1 10       		.uleb128 0x10
 589 00b2 34       		.uleb128 0x34
 590 00b3 00       		.byte	0
 591 00b4 03       		.uleb128 0x3
 592 00b5 0E       		.uleb128 0xe
 593 00b6 3A       		.uleb128 0x3a
 594 00b7 0B       		.uleb128 0xb
 595 00b8 3B       		.uleb128 0x3b
 596 00b9 0B       		.uleb128 0xb
 597 00ba 49       		.uleb128 0x49
 598 00bb 13       		.uleb128 0x13
 599 00bc 02       		.uleb128 0x2
 600 00bd 18       		.uleb128 0x18
 601 00be 00       		.byte	0
 602 00bf 00       		.byte	0
 603 00c0 11       		.uleb128 0x11
 604 00c1 34       		.uleb128 0x34
 605 00c2 00       		.byte	0
 606 00c3 03       		.uleb128 0x3
 607 00c4 0E       		.uleb128 0xe
 608 00c5 3A       		.uleb128 0x3a
 609 00c6 0B       		.uleb128 0xb
 610 00c7 3B       		.uleb128 0x3b
 611 00c8 05       		.uleb128 0x5
 612 00c9 49       		.uleb128 0x49
 613 00ca 13       		.uleb128 0x13
 614 00cb 3F       		.uleb128 0x3f
 615 00cc 19       		.uleb128 0x19
 616 00cd 3C       		.uleb128 0x3c
 617 00ce 19       		.uleb128 0x19
 618 00cf 00       		.byte	0
 619 00d0 00       		.byte	0
 620 00d1 12       		.uleb128 0x12
 621 00d2 34       		.uleb128 0x34
 622 00d3 00       		.byte	0
 623 00d4 03       		.uleb128 0x3
 624 00d5 0E       		.uleb128 0xe
 625 00d6 3A       		.uleb128 0x3a
 626 00d7 0B       		.uleb128 0xb
 627 00d8 3B       		.uleb128 0x3b
ARM GAS  C:\Users\salaz\AppData\Local\Temp\cc8Asu9A.s 			page 12


 628 00d9 0B       		.uleb128 0xb
 629 00da 49       		.uleb128 0x49
 630 00db 13       		.uleb128 0x13
 631 00dc 3F       		.uleb128 0x3f
 632 00dd 19       		.uleb128 0x19
 633 00de 02       		.uleb128 0x2
 634 00df 18       		.uleb128 0x18
 635 00e0 00       		.byte	0
 636 00e1 00       		.byte	0
 637 00e2 00       		.byte	0
 638              		.section	.debug_aranges,"",%progbits
 639 0000 14000000 		.4byte	0x14
 640 0004 0200     		.2byte	0x2
 641 0006 00000000 		.4byte	.Ldebug_info0
 642 000a 04       		.byte	0x4
 643 000b 00       		.byte	0
 644 000c 0000     		.2byte	0
 645 000e 0000     		.2byte	0
 646 0010 00000000 		.4byte	0
 647 0014 00000000 		.4byte	0
 648              		.section	.debug_line,"",%progbits
 649              	.Ldebug_line0:
 650 0000 C4010000 		.section	.debug_str,"MS",%progbits,1
 650      0200BE01 
 650      00000201 
 650      FB0E0D00 
 650      01010101 
 651              	.LASF46:
 652 0000 63795F73 		.ascii	"cy_stc_ble_custom_config_t\000"
 652      74635F62 
 652      6C655F63 
 652      7573746F 
 652      6D5F636F 
 653              	.LASF6:
 654 001b 5F5F7569 		.ascii	"__uint8_t\000"
 654      6E74385F 
 654      7400
 655              	.LASF39:
 656 0025 63757374 		.ascii	"customServCharHandle\000"
 656      6F6D5365 
 656      72764368 
 656      61724861 
 656      6E646C65 
 657              	.LASF20:
 658 003a 62644861 		.ascii	"bdHandle\000"
 658      6E646C65 
 658      00
 659              	.LASF35:
 660 0043 43595F42 		.ascii	"CY_BLE_CONN_STATE_CLIENT_DESCR_DISCOVERING\000"
 660      4C455F43 
 660      4F4E4E5F 
 660      53544154 
 660      455F434C 
 661              	.LASF53:
 662 006e 47656E65 		.ascii	"Generated_Source\\PSoC6\\BLE_custom_config.c\000"
 662      72617465 
 662      645F536F 
ARM GAS  C:\Users\salaz\AppData\Local\Temp\cc8Asu9A.s 			page 13


 662      75726365 
 662      5C50536F 
 663              	.LASF22:
 664 0099 63795F73 		.ascii	"cy_stc_ble_conn_handle_t\000"
 664      74635F62 
 664      6C655F63 
 664      6F6E6E5F 
 664      68616E64 
 665              	.LASF31:
 666 00b2 43595F42 		.ascii	"CY_BLE_CONN_STATE_CONNECTED\000"
 666      4C455F43 
 666      4F4E4E5F 
 666      53544154 
 666      455F434F 
 667              	.LASF40:
 668 00ce 63757374 		.ascii	"customServCharDesc\000"
 668      6F6D5365 
 668      72764368 
 668      61724465 
 668      736300
 669              	.LASF48:
 670 00e1 63795F62 		.ascii	"cy_ble_connHandle\000"
 670      6C655F63 
 670      6F6E6E48 
 670      616E646C 
 670      6500
 671              	.LASF15:
 672 00f3 75696E74 		.ascii	"uint8_t\000"
 672      385F7400 
 673              	.LASF54:
 674 00fb 433A5C55 		.ascii	"C:\\Users\\salaz\\Desktop\\SmartHandle\\SmartHandle"
 674      73657273 
 674      5C73616C 
 674      617A5C44 
 674      65736B74 
 675 0129 2E637964 		.ascii	".cydsn\000"
 675      736E00
 676              	.LASF32:
 677 0130 43595F42 		.ascii	"CY_BLE_CONN_STATE_CLIENT_SRVC_DISCOVERING\000"
 677      4C455F43 
 677      4F4E4E5F 
 677      53544154 
 677      455F434C 
 678              	.LASF28:
 679 015a 63795F65 		.ascii	"cy_en_ble_adv_state_t\000"
 679      6E5F626C 
 679      655F6164 
 679      765F7374 
 679      6174655F 
 680              	.LASF18:
 681 0170 666C6F61 		.ascii	"float\000"
 681      7400
 682              	.LASF27:
 683 0176 43595F42 		.ascii	"CY_BLE_ADV_STATE_STOP_INITIATED\000"
 683      4C455F41 
 683      44565F53 
 683      54415445 
ARM GAS  C:\Users\salaz\AppData\Local\Temp\cc8Asu9A.s 			page 14


 683      5F53544F 
 684              	.LASF51:
 685 0196 63795F62 		.ascii	"cy_ble_customConfig\000"
 685      6C655F63 
 685      7573746F 
 685      6D436F6E 
 685      66696700 
 686              	.LASF42:
 687 01aa 63757374 		.ascii	"customServHandle\000"
 687      6F6D5365 
 687      72764861 
 687      6E646C65 
 687      00
 688              	.LASF23:
 689 01bb 63795F62 		.ascii	"cy_ble_gatt_db_attr_handle_t\000"
 689      6C655F67 
 689      6174745F 
 689      64625F61 
 689      7474725F 
 690              	.LASF11:
 691 01d8 6C6F6E67 		.ascii	"long unsigned int\000"
 691      20756E73 
 691      69676E65 
 691      6420696E 
 691      7400
 692              	.LASF8:
 693 01ea 73686F72 		.ascii	"short unsigned int\000"
 693      7420756E 
 693      7369676E 
 693      65642069 
 693      6E7400
 694              	.LASF34:
 695 01fd 43595F42 		.ascii	"CY_BLE_CONN_STATE_CLIENT_CHAR_DISCOVERING\000"
 695      4C455F43 
 695      4F4E4E5F 
 695      53544154 
 695      455F434C 
 696              	.LASF45:
 697 0227 63757374 		.ascii	"customs\000"
 697      6F6D7300 
 698              	.LASF55:
 699 022f 63795F62 		.ascii	"cy_ble_customs\000"
 699      6C655F63 
 699      7573746F 
 699      6D7300
 700              	.LASF4:
 701 023e 756E7369 		.ascii	"unsigned char\000"
 701      676E6564 
 701      20636861 
 701      7200
 702              	.LASF7:
 703 024c 5F5F7569 		.ascii	"__uint16_t\000"
 703      6E743136 
 703      5F7400
 704              	.LASF19:
 705 0257 646F7562 		.ascii	"double\000"
 705      6C6500
ARM GAS  C:\Users\salaz\AppData\Local\Temp\cc8Asu9A.s 			page 15


 706              	.LASF10:
 707 025e 5F5F7569 		.ascii	"__uint32_t\000"
 707      6E743332 
 707      5F7400
 708              	.LASF0:
 709 0269 756E7369 		.ascii	"unsigned int\000"
 709      676E6564 
 709      20696E74 
 709      00
 710              	.LASF36:
 711 0276 43595F42 		.ascii	"CY_BLE_CONN_STATE_CLIENT_DISCOVERED\000"
 711      4C455F43 
 711      4F4E4E5F 
 711      53544154 
 711      455F434C 
 712              	.LASF12:
 713 029a 6C6F6E67 		.ascii	"long long unsigned int\000"
 713      206C6F6E 
 713      6720756E 
 713      7369676E 
 713      65642069 
 714              	.LASF33:
 715 02b1 43595F42 		.ascii	"CY_BLE_CONN_STATE_CLIENT_INCL_DISCOVERING\000"
 715      4C455F43 
 715      4F4E4E5F 
 715      53544154 
 715      455F434C 
 716              	.LASF25:
 717 02db 43595F42 		.ascii	"CY_BLE_ADV_STATE_ADV_INITIATED\000"
 717      4C455F41 
 717      44565F53 
 717      54415445 
 717      5F414456 
 718              	.LASF44:
 719 02fa 63795F73 		.ascii	"cy_stc_ble_customs_t\000"
 719      74635F62 
 719      6C655F63 
 719      7573746F 
 719      6D735F74 
 720              	.LASF21:
 721 030f 61747449 		.ascii	"attId\000"
 721      6400
 722              	.LASF13:
 723 0315 73697A65 		.ascii	"sizetype\000"
 723      74797065 
 723      00
 724              	.LASF1:
 725 031e 6C6F6E67 		.ascii	"long long int\000"
 725      206C6F6E 
 725      6720696E 
 725      7400
 726              	.LASF41:
 727 032c 63795F73 		.ascii	"cy_stc_ble_customs_info_t\000"
 727      74635F62 
 727      6C655F63 
 727      7573746F 
 727      6D735F69 
ARM GAS  C:\Users\salaz\AppData\Local\Temp\cc8Asu9A.s 			page 16


 728              	.LASF29:
 729 0346 43595F42 		.ascii	"CY_BLE_CONN_STATE_DISCONNECTED\000"
 729      4C455F43 
 729      4F4E4E5F 
 729      53544154 
 729      455F4449 
 730              	.LASF47:
 731 0365 63795F62 		.ascii	"cy_ble_advState\000"
 731      6C655F61 
 731      64765374 
 731      61746500 
 732              	.LASF43:
 733 0375 63757374 		.ascii	"customServInfo\000"
 733      6F6D5365 
 733      7276496E 
 733      666F00
 734              	.LASF5:
 735 0384 73686F72 		.ascii	"short int\000"
 735      7420696E 
 735      7400
 736              	.LASF16:
 737 038e 75696E74 		.ascii	"uint16_t\000"
 737      31365F74 
 737      00
 738              	.LASF26:
 739 0397 43595F42 		.ascii	"CY_BLE_ADV_STATE_ADVERTISING\000"
 739      4C455F41 
 739      44565F53 
 739      54415445 
 739      5F414456 
 740              	.LASF30:
 741 03b4 43595F42 		.ascii	"CY_BLE_CONN_STATE_CLIENT_DISCONNECTED_DISCOVERED\000"
 741      4C455F43 
 741      4F4E4E5F 
 741      53544154 
 741      455F434C 
 742              	.LASF17:
 743 03e5 75696E74 		.ascii	"uint32_t\000"
 743      33325F74 
 743      00
 744              	.LASF9:
 745 03ee 6C6F6E67 		.ascii	"long int\000"
 745      20696E74 
 745      00
 746              	.LASF14:
 747 03f7 63686172 		.ascii	"char\000"
 747      00
 748              	.LASF2:
 749 03fc 6C6F6E67 		.ascii	"long double\000"
 749      20646F75 
 749      626C6500 
 750              	.LASF52:
 751 0408 474E5520 		.ascii	"GNU C11 5.4.1 20160609 (release) [ARM/embedded-5-br"
 751      43313120 
 751      352E342E 
 751      31203230 
 751      31363036 
ARM GAS  C:\Users\salaz\AppData\Local\Temp\cc8Asu9A.s 			page 17


 752 043b 616E6368 		.ascii	"anch revision 237715] -mcpu=cortex-m0plus -mthumb -"
 752      20726576 
 752      6973696F 
 752      6E203233 
 752      37373135 
 753 046e 67202D4F 		.ascii	"g -Og -ffunction-sections -ffat-lto-objects\000"
 753      67202D66 
 753      66756E63 
 753      74696F6E 
 753      2D736563 
 754              	.LASF3:
 755 049a 7369676E 		.ascii	"signed char\000"
 755      65642063 
 755      68617200 
 756              	.LASF24:
 757 04a6 43595F42 		.ascii	"CY_BLE_ADV_STATE_STOPPED\000"
 757      4C455F41 
 757      44565F53 
 757      54415445 
 757      5F53544F 
 758              	.LASF38:
 759 04bf 5F426F6F 		.ascii	"_Bool\000"
 759      6C00
 760              	.LASF49:
 761 04c5 63795F62 		.ascii	"cy_ble_connState\000"
 761      6C655F63 
 761      6F6E6E53 
 761      74617465 
 761      00
 762              	.LASF50:
 763 04d6 63795F62 		.ascii	"cy_ble_pendingFlashWrite\000"
 763      6C655F70 
 763      656E6469 
 763      6E67466C 
 763      61736857 
 764              	.LASF37:
 765 04ef 63795F65 		.ascii	"cy_en_ble_conn_state_t\000"
 765      6E5F626C 
 765      655F636F 
 765      6E6E5F73 
 765      74617465 
 766              		.ident	"GCC: (GNU Tools for ARM Embedded Processors) 5.4.1 20160609 (release) [ARM/embedded-5-bran
