ARM GAS  C:\Users\salaz\AppData\Local\Temp\ccZMRPwT.s 			page 1


   1              		.syntax unified
   2              		.cpu cortex-m0plus
   3              		.fpu softvfp
   4              		.eabi_attribute 20, 1
   5              		.eabi_attribute 21, 1
   6              		.eabi_attribute 23, 3
   7              		.eabi_attribute 24, 1
   8              		.eabi_attribute 25, 1
   9              		.eabi_attribute 26, 1
  10              		.eabi_attribute 30, 1
  11              		.eabi_attribute 34, 0
  12              		.eabi_attribute 18, 4
  13              		.thumb
  14              		.syntax unified
  15              		.file	"cyfitter_sysint_cfg.c"
  16              		.text
  17              	.Ltext0:
  18              		.cfi_sections	.debug_frame
  19              		.global	Shake_IRQ_cfg
  20              		.global	AppControl_IRQ_cfg
  21              		.global	MotorTimer_IRQ_cfg
  22              		.global	ChimeTimer_IRQ_cfg
  23              		.global	LightTimer_IRQ_cfg
  24              		.global	SensorBus_SCB_IRQ_cfg
  25              		.global	UART_DEBUG_SCB_IRQ_cfg
  26              		.global	Bluetooth_bless_isr_cfg
  27              		.global	WatchDog_IRQ_cfg
  28              		.global	Press1_IRQ_cfg
  29              		.section	.rodata
  30              		.align	2
  31              		.type	Shake_IRQ_cfg, %object
  32              		.size	Shake_IRQ_cfg, 8
  33              	Shake_IRQ_cfg:
  34 0000 0E00     		.short	14
  35 0002 7B       		.byte	123
  36 0003 00       		.space	1
  37 0004 03000000 		.word	3
  38              		.type	AppControl_IRQ_cfg, %object
  39              		.size	AppControl_IRQ_cfg, 8
  40              	AppControl_IRQ_cfg:
  41 0008 0900     		.short	9
  42 000a 7A       		.byte	122
  43 000b 00       		.space	1
  44 000c 03000000 		.word	3
  45              		.type	MotorTimer_IRQ_cfg, %object
  46              		.size	MotorTimer_IRQ_cfg, 8
  47              	MotorTimer_IRQ_cfg:
  48 0010 0C00     		.short	12
  49 0012 5F       		.byte	95
  50 0013 00       		.space	1
  51 0014 03000000 		.word	3
  52              		.type	ChimeTimer_IRQ_cfg, %object
  53              		.size	ChimeTimer_IRQ_cfg, 8
  54              	ChimeTimer_IRQ_cfg:
  55 0018 0A00     		.short	10
  56 001a 5D       		.byte	93
  57 001b 00       		.space	1
ARM GAS  C:\Users\salaz\AppData\Local\Temp\ccZMRPwT.s 			page 2


  58 001c 03000000 		.word	3
  59              		.type	LightTimer_IRQ_cfg, %object
  60              		.size	LightTimer_IRQ_cfg, 8
  61              	LightTimer_IRQ_cfg:
  62 0020 0B00     		.short	11
  63 0022 5C       		.byte	92
  64 0023 00       		.space	1
  65 0024 03000000 		.word	3
  66              		.type	SensorBus_SCB_IRQ_cfg, %object
  67              		.size	SensorBus_SCB_IRQ_cfg, 8
  68              	SensorBus_SCB_IRQ_cfg:
  69 0028 0D00     		.short	13
  70 002a 2F       		.byte	47
  71 002b 00       		.space	1
  72 002c 01000000 		.word	1
  73              		.type	UART_DEBUG_SCB_IRQ_cfg, %object
  74              		.size	UART_DEBUG_SCB_IRQ_cfg, 8
  75              	UART_DEBUG_SCB_IRQ_cfg:
  76 0030 0800     		.short	8
  77 0032 2E       		.byte	46
  78 0033 00       		.space	1
  79 0034 03000000 		.word	3
  80              		.type	Bluetooth_bless_isr_cfg, %object
  81              		.size	Bluetooth_bless_isr_cfg, 8
  82              	Bluetooth_bless_isr_cfg:
  83 0038 0400     		.short	4
  84 003a 18       		.byte	24
  85 003b 00       		.space	1
  86 003c 01000000 		.word	1
  87              		.type	WatchDog_IRQ_cfg, %object
  88              		.size	WatchDog_IRQ_cfg, 8
  89              	WatchDog_IRQ_cfg:
  90 0040 0500     		.short	5
  91 0042 13       		.byte	19
  92 0043 00       		.space	1
  93 0044 03000000 		.word	3
  94              		.type	Press1_IRQ_cfg, %object
  95              		.size	Press1_IRQ_cfg, 8
  96              	Press1_IRQ_cfg:
  97 0048 0300     		.short	3
  98 004a 07       		.byte	7
  99 004b 00       		.space	1
 100 004c 03000000 		.word	3
 101              		.text
 102              	.Letext0:
 103              		.file 1 "Generated_Source\\PSoC6\\pdl\\devices/psoc6/psoc63/include/cyble_416045_02.h"
 104              		.file 2 "c:\\program files (x86)\\cypress\\psoc creator\\4.2\\psoc creator\\import\\gnu\\arm\\5.4.
 105              		.file 3 "c:\\program files (x86)\\cypress\\psoc creator\\4.2\\psoc creator\\import\\gnu\\arm\\5.4.
 106              		.file 4 "Generated_Source\\PSoC6\\pdl\\drivers/peripheral/sysint/cy_sysint.h"
 107              		.file 5 "Generated_Source\\PSoC6\\cyfitter_sysint_cfg.c"
 108              		.section	.debug_info,"",%progbits
 109              	.Ldebug_info0:
 110 0000 13060000 		.4byte	0x613
 111 0004 0400     		.2byte	0x4
 112 0006 00000000 		.4byte	.Ldebug_abbrev0
 113 000a 04       		.byte	0x4
 114 000b 01       		.uleb128 0x1
ARM GAS  C:\Users\salaz\AppData\Local\Temp\ccZMRPwT.s 			page 3


 115 000c 4B0E0000 		.4byte	.LASF219
 116 0010 0C       		.byte	0xc
 117 0011 180F0000 		.4byte	.LASF220
 118 0015 47050000 		.4byte	.LASF221
 119 0019 00000000 		.4byte	.Ldebug_line0
 120 001d 02       		.uleb128 0x2
 121 001e 02       		.byte	0x2
 122 001f 14010000 		.4byte	0x114
 123 0023 01       		.byte	0x1
 124 0024 24       		.byte	0x24
 125 0025 14010000 		.4byte	0x114
 126 0029 03       		.uleb128 0x3
 127 002a 95020000 		.4byte	.LASF0
 128 002e 71       		.sleb128 -15
 129 002f 03       		.uleb128 0x3
 130 0030 DC0F0000 		.4byte	.LASF1
 131 0034 72       		.sleb128 -14
 132 0035 03       		.uleb128 0x3
 133 0036 87100000 		.4byte	.LASF2
 134 003a 73       		.sleb128 -13
 135 003b 03       		.uleb128 0x3
 136 003c 9F090000 		.4byte	.LASF3
 137 0040 7B       		.sleb128 -5
 138 0041 03       		.uleb128 0x3
 139 0042 960F0000 		.4byte	.LASF4
 140 0046 7E       		.sleb128 -2
 141 0047 03       		.uleb128 0x3
 142 0048 94080000 		.4byte	.LASF5
 143 004c 7F       		.sleb128 -1
 144 004d 04       		.uleb128 0x4
 145 004e 67090000 		.4byte	.LASF6
 146 0052 00       		.byte	0
 147 0053 04       		.uleb128 0x4
 148 0054 6C120000 		.4byte	.LASF7
 149 0058 01       		.byte	0x1
 150 0059 04       		.uleb128 0x4
 151 005a E9000000 		.4byte	.LASF8
 152 005e 02       		.byte	0x2
 153 005f 04       		.uleb128 0x4
 154 0060 3E030000 		.4byte	.LASF9
 155 0064 03       		.byte	0x3
 156 0065 04       		.uleb128 0x4
 157 0066 91050000 		.4byte	.LASF10
 158 006a 04       		.byte	0x4
 159 006b 04       		.uleb128 0x4
 160 006c A00D0000 		.4byte	.LASF11
 161 0070 05       		.byte	0x5
 162 0071 04       		.uleb128 0x4
 163 0072 C0100000 		.4byte	.LASF12
 164 0076 06       		.byte	0x6
 165 0077 04       		.uleb128 0x4
 166 0078 300D0000 		.4byte	.LASF13
 167 007c 07       		.byte	0x7
 168 007d 04       		.uleb128 0x4
 169 007e 60070000 		.4byte	.LASF14
 170 0082 08       		.byte	0x8
 171 0083 04       		.uleb128 0x4
ARM GAS  C:\Users\salaz\AppData\Local\Temp\ccZMRPwT.s 			page 4


 172 0084 91090000 		.4byte	.LASF15
 173 0088 09       		.byte	0x9
 174 0089 04       		.uleb128 0x4
 175 008a 36100000 		.4byte	.LASF16
 176 008e 0A       		.byte	0xa
 177 008f 04       		.uleb128 0x4
 178 0090 92120000 		.4byte	.LASF17
 179 0094 0B       		.byte	0xb
 180 0095 04       		.uleb128 0x4
 181 0096 F3060000 		.4byte	.LASF18
 182 009a 0C       		.byte	0xc
 183 009b 04       		.uleb128 0x4
 184 009c EB080000 		.4byte	.LASF19
 185 00a0 0D       		.byte	0xd
 186 00a1 04       		.uleb128 0x4
 187 00a2 2A0B0000 		.4byte	.LASF20
 188 00a6 0E       		.byte	0xe
 189 00a7 04       		.uleb128 0x4
 190 00a8 7B000000 		.4byte	.LASF21
 191 00ac 0F       		.byte	0xf
 192 00ad 04       		.uleb128 0x4
 193 00ae F1020000 		.4byte	.LASF22
 194 00b2 10       		.byte	0x10
 195 00b3 04       		.uleb128 0x4
 196 00b4 13050000 		.4byte	.LASF23
 197 00b8 11       		.byte	0x11
 198 00b9 04       		.uleb128 0x4
 199 00ba 3E0D0000 		.4byte	.LASF24
 200 00be 12       		.byte	0x12
 201 00bf 04       		.uleb128 0x4
 202 00c0 45100000 		.4byte	.LASF25
 203 00c4 13       		.byte	0x13
 204 00c5 04       		.uleb128 0x4
 205 00c6 53060000 		.4byte	.LASF26
 206 00ca 14       		.byte	0x14
 207 00cb 04       		.uleb128 0x4
 208 00cc 6E080000 		.4byte	.LASF27
 209 00d0 15       		.byte	0x15
 210 00d1 04       		.uleb128 0x4
 211 00d2 90110000 		.4byte	.LASF28
 212 00d6 16       		.byte	0x16
 213 00d7 04       		.uleb128 0x4
 214 00d8 13140000 		.4byte	.LASF29
 215 00dc 17       		.byte	0x17
 216 00dd 04       		.uleb128 0x4
 217 00de 86020000 		.4byte	.LASF30
 218 00e2 18       		.byte	0x18
 219 00e3 04       		.uleb128 0x4
 220 00e4 400A0000 		.4byte	.LASF31
 221 00e8 19       		.byte	0x19
 222 00e9 04       		.uleb128 0x4
 223 00ea 1C070000 		.4byte	.LASF32
 224 00ee 1A       		.byte	0x1a
 225 00ef 04       		.uleb128 0x4
 226 00f0 CD0F0000 		.4byte	.LASF33
 227 00f4 1B       		.byte	0x1b
 228 00f5 04       		.uleb128 0x4
ARM GAS  C:\Users\salaz\AppData\Local\Temp\ccZMRPwT.s 			page 5


 229 00f6 10040000 		.4byte	.LASF34
 230 00fa 1C       		.byte	0x1c
 231 00fb 04       		.uleb128 0x4
 232 00fc 62060000 		.4byte	.LASF35
 233 0100 1D       		.byte	0x1d
 234 0101 04       		.uleb128 0x4
 235 0102 E1100000 		.4byte	.LASF36
 236 0106 1E       		.byte	0x1e
 237 0107 04       		.uleb128 0x4
 238 0108 04050000 		.4byte	.LASF37
 239 010c 1F       		.byte	0x1f
 240 010d 04       		.uleb128 0x4
 241 010e 8F0C0000 		.4byte	.LASF38
 242 0112 F0       		.byte	0xf0
 243 0113 00       		.byte	0
 244 0114 05       		.uleb128 0x5
 245 0115 02       		.byte	0x2
 246 0116 05       		.byte	0x5
 247 0117 A00C0000 		.4byte	.LASF187
 248 011b 06       		.uleb128 0x6
 249 011c AE0D0000 		.4byte	.LASF189
 250 0120 01       		.byte	0x1
 251 0121 F4       		.byte	0xf4
 252 0122 1D000000 		.4byte	0x1d
 253 0126 02       		.uleb128 0x2
 254 0127 01       		.byte	0x1
 255 0128 AB040000 		.4byte	0x4ab
 256 012c 01       		.byte	0x1
 257 012d FD       		.byte	0xfd
 258 012e AB040000 		.4byte	0x4ab
 259 0132 04       		.uleb128 0x4
 260 0133 00000000 		.4byte	.LASF39
 261 0137 00       		.byte	0
 262 0138 04       		.uleb128 0x4
 263 0139 6B100000 		.4byte	.LASF40
 264 013d 01       		.byte	0x1
 265 013e 04       		.uleb128 0x4
 266 013f 4A000000 		.4byte	.LASF41
 267 0143 02       		.byte	0x2
 268 0144 04       		.uleb128 0x4
 269 0145 620F0000 		.4byte	.LASF42
 270 0149 03       		.byte	0x3
 271 014a 04       		.uleb128 0x4
 272 014b CF110000 		.4byte	.LASF43
 273 014f 04       		.byte	0x4
 274 0150 04       		.uleb128 0x4
 275 0151 E8050000 		.4byte	.LASF44
 276 0155 05       		.byte	0x5
 277 0156 04       		.uleb128 0x4
 278 0157 1F080000 		.4byte	.LASF45
 279 015b 06       		.byte	0x6
 280 015c 04       		.uleb128 0x4
 281 015d 7F0A0000 		.4byte	.LASF46
 282 0161 07       		.byte	0x7
 283 0162 04       		.uleb128 0x4
 284 0163 A8130000 		.4byte	.LASF47
 285 0167 08       		.byte	0x8
ARM GAS  C:\Users\salaz\AppData\Local\Temp\ccZMRPwT.s 			page 6


 286 0168 04       		.uleb128 0x4
 287 0169 2E020000 		.4byte	.LASF48
 288 016d 09       		.byte	0x9
 289 016e 04       		.uleb128 0x4
 290 016f 5C0C0000 		.4byte	.LASF49
 291 0173 0A       		.byte	0xa
 292 0174 04       		.uleb128 0x4
 293 0175 0D0B0000 		.4byte	.LASF50
 294 0179 0B       		.byte	0xb
 295 017a 04       		.uleb128 0x4
 296 017b FF110000 		.4byte	.LASF51
 297 017f 0C       		.byte	0xc
 298 0180 04       		.uleb128 0x4
 299 0181 36060000 		.4byte	.LASF52
 300 0185 0D       		.byte	0xd
 301 0186 04       		.uleb128 0x4
 302 0187 51080000 		.4byte	.LASF53
 303 018b 0E       		.byte	0xe
 304 018c 04       		.uleb128 0x4
 305 018d 5E040000 		.4byte	.LASF54
 306 0191 0F       		.byte	0xf
 307 0192 04       		.uleb128 0x4
 308 0193 7A120000 		.4byte	.LASF55
 309 0197 10       		.byte	0x10
 310 0198 04       		.uleb128 0x4
 311 0199 4C030000 		.4byte	.LASF56
 312 019d 11       		.byte	0x11
 313 019e 04       		.uleb128 0x4
 314 019f B8000000 		.4byte	.LASF57
 315 01a3 12       		.byte	0x12
 316 01a4 04       		.uleb128 0x4
 317 01a5 77040000 		.4byte	.LASF58
 318 01a9 13       		.byte	0x13
 319 01aa 04       		.uleb128 0x4
 320 01ab BB060000 		.4byte	.LASF59
 321 01af 14       		.byte	0x14
 322 01b0 04       		.uleb128 0x4
 323 01b1 F1120000 		.4byte	.LASF60
 324 01b5 15       		.byte	0x15
 325 01b6 04       		.uleb128 0x4
 326 01b7 A4000000 		.4byte	.LASF61
 327 01bb 16       		.byte	0x16
 328 01bc 04       		.uleb128 0x4
 329 01bd BB120000 		.4byte	.LASF62
 330 01c1 17       		.byte	0x17
 331 01c2 04       		.uleb128 0x4
 332 01c3 F7000000 		.4byte	.LASF63
 333 01c7 18       		.byte	0x18
 334 01c8 04       		.uleb128 0x4
 335 01c9 670D0000 		.4byte	.LASF64
 336 01cd 19       		.byte	0x19
 337 01ce 04       		.uleb128 0x4
 338 01cf 9B070000 		.4byte	.LASF65
 339 01d3 1A       		.byte	0x1a
 340 01d4 04       		.uleb128 0x4
 341 01d5 F2090000 		.4byte	.LASF66
 342 01d9 1B       		.byte	0x1b
ARM GAS  C:\Users\salaz\AppData\Local\Temp\ccZMRPwT.s 			page 7


 343 01da 04       		.uleb128 0x4
 344 01db 330C0000 		.4byte	.LASF67
 345 01df 1C       		.byte	0x1c
 346 01e0 04       		.uleb128 0x4
 347 01e1 51010000 		.4byte	.LASF68
 348 01e5 1D       		.byte	0x1d
 349 01e6 04       		.uleb128 0x4
 350 01e7 9F030000 		.4byte	.LASF69
 351 01eb 1E       		.byte	0x1e
 352 01ec 04       		.uleb128 0x4
 353 01ed 04060000 		.4byte	.LASF70
 354 01f1 1F       		.byte	0x1f
 355 01f2 04       		.uleb128 0x4
 356 01f3 F60D0000 		.4byte	.LASF71
 357 01f7 20       		.byte	0x20
 358 01f8 04       		.uleb128 0x4
 359 01f9 25110000 		.4byte	.LASF72
 360 01fd 21       		.byte	0x21
 361 01fe 04       		.uleb128 0x4
 362 01ff C4130000 		.4byte	.LASF73
 363 0203 22       		.byte	0x22
 364 0204 04       		.uleb128 0x4
 365 0205 0C130000 		.4byte	.LASF74
 366 0209 23       		.byte	0x23
 367 020a 04       		.uleb128 0x4
 368 020b 6D010000 		.4byte	.LASF75
 369 020f 24       		.byte	0x24
 370 0210 04       		.uleb128 0x4
 371 0211 D7030000 		.4byte	.LASF76
 372 0215 25       		.byte	0x25
 373 0216 04       		.uleb128 0x4
 374 0217 F6130000 		.4byte	.LASF77
 375 021b 26       		.byte	0x26
 376 021c 04       		.uleb128 0x4
 377 021d 2E0E0000 		.4byte	.LASF78
 378 0221 27       		.byte	0x27
 379 0222 04       		.uleb128 0x4
 380 0223 5D110000 		.4byte	.LASF79
 381 0227 28       		.byte	0x28
 382 0228 04       		.uleb128 0x4
 383 0229 22010000 		.4byte	.LASF80
 384 022d 29       		.byte	0x29
 385 022e 04       		.uleb128 0x4
 386 022f 7C050000 		.4byte	.LASF81
 387 0233 2A       		.byte	0x2a
 388 0234 04       		.uleb128 0x4
 389 0235 B6050000 		.4byte	.LASF82
 390 0239 2B       		.byte	0x2b
 391 023a 04       		.uleb128 0x4
 392 023b A20F0000 		.4byte	.LASF83
 393 023f 2C       		.byte	0x2c
 394 0240 04       		.uleb128 0x4
 395 0241 6A0A0000 		.4byte	.LASF84
 396 0245 2D       		.byte	0x2d
 397 0246 04       		.uleb128 0x4
 398 0247 66000000 		.4byte	.LASF85
 399 024b 2E       		.byte	0x2e
ARM GAS  C:\Users\salaz\AppData\Local\Temp\ccZMRPwT.s 			page 8


 400 024c 04       		.uleb128 0x4
 401 024d 0B100000 		.4byte	.LASF86
 402 0251 2F       		.byte	0x2f
 403 0252 04       		.uleb128 0x4
 404 0253 9F110000 		.4byte	.LASF87
 405 0257 30       		.byte	0x30
 406 0258 04       		.uleb128 0x4
 407 0259 CE100000 		.4byte	.LASF88
 408 025d 31       		.byte	0x31
 409 025e 04       		.uleb128 0x4
 410 025f 50120000 		.4byte	.LASF89
 411 0263 32       		.byte	0x32
 412 0264 04       		.uleb128 0x4
 413 0265 CD000000 		.4byte	.LASF90
 414 0269 33       		.byte	0x33
 415 026a 04       		.uleb128 0x4
 416 026b D7060000 		.4byte	.LASF91
 417 026f 34       		.byte	0x34
 418 0270 04       		.uleb128 0x4
 419 0271 F10A0000 		.4byte	.LASF92
 420 0275 35       		.byte	0x35
 421 0276 04       		.uleb128 0x4
 422 0277 42040000 		.4byte	.LASF93
 423 027b 36       		.byte	0x36
 424 027c 04       		.uleb128 0x4
 425 027d A4100000 		.4byte	.LASF94
 426 0281 37       		.byte	0x37
 427 0282 04       		.uleb128 0x4
 428 0283 C8040000 		.4byte	.LASF95
 429 0287 38       		.byte	0x38
 430 0288 04       		.uleb128 0x4
 431 0289 45130000 		.4byte	.LASF96
 432 028d 39       		.byte	0x39
 433 028e 04       		.uleb128 0x4
 434 028f 75090000 		.4byte	.LASF97
 435 0293 3A       		.byte	0x3a
 436 0294 04       		.uleb128 0x4
 437 0295 BB0B0000 		.4byte	.LASF98
 438 0299 3B       		.byte	0x3b
 439 029a 04       		.uleb128 0x4
 440 029b BB090000 		.4byte	.LASF99
 441 029f 3C       		.byte	0x3c
 442 02a0 04       		.uleb128 0x4
 443 02a1 FC0B0000 		.4byte	.LASF100
 444 02a5 3D       		.byte	0x3d
 445 02a6 04       		.uleb128 0x4
 446 02a7 450F0000 		.4byte	.LASF101
 447 02ab 3E       		.byte	0x3e
 448 02ac 04       		.uleb128 0x4
 449 02ad 9B0A0000 		.4byte	.LASF102
 450 02b1 3F       		.byte	0x3f
 451 02b2 04       		.uleb128 0x4
 452 02b3 CB050000 		.4byte	.LASF103
 453 02b7 40       		.byte	0x40
 454 02b8 04       		.uleb128 0x4
 455 02b9 02080000 		.4byte	.LASF104
 456 02bd 41       		.byte	0x41
ARM GAS  C:\Users\salaz\AppData\Local\Temp\ccZMRPwT.s 			page 9


 457 02be 04       		.uleb128 0x4
 458 02bf 880B0000 		.4byte	.LASF105
 459 02c3 42       		.byte	0x42
 460 02c4 04       		.uleb128 0x4
 461 02c5 120E0000 		.4byte	.LASF106
 462 02c9 43       		.byte	0x43
 463 02ca 04       		.uleb128 0x4
 464 02cb 41110000 		.4byte	.LASF107
 465 02cf 44       		.byte	0x44
 466 02d0 04       		.uleb128 0x4
 467 02d1 140D0000 		.4byte	.LASF108
 468 02d5 45       		.byte	0x45
 469 02d6 04       		.uleb128 0x4
 470 02d7 B7070000 		.4byte	.LASF109
 471 02db 46       		.byte	0x46
 472 02dc 04       		.uleb128 0x4
 473 02dd 0E0A0000 		.4byte	.LASF110
 474 02e1 47       		.byte	0x47
 475 02e2 04       		.uleb128 0x4
 476 02e3 29130000 		.4byte	.LASF111
 477 02e7 48       		.byte	0x48
 478 02e8 04       		.uleb128 0x4
 479 02e9 BB030000 		.4byte	.LASF112
 480 02ed 49       		.byte	0x49
 481 02ee 04       		.uleb128 0x4
 482 02ef F4030000 		.4byte	.LASF113
 483 02f3 4A       		.byte	0x4a
 484 02f4 04       		.uleb128 0x4
 485 02f5 1A030000 		.4byte	.LASF114
 486 02f9 4B       		.byte	0x4b
 487 02fa 04       		.uleb128 0x4
 488 02fb D4120000 		.4byte	.LASF115
 489 02ff 4C       		.byte	0x4c
 490 0300 04       		.uleb128 0x4
 491 0301 830D0000 		.4byte	.LASF116
 492 0305 4D       		.byte	0x4d
 493 0306 04       		.uleb128 0x4
 494 0307 33120000 		.4byte	.LASF117
 495 030b 4E       		.byte	0x4e
 496 030c 04       		.uleb128 0x4
 497 030d 8C060000 		.4byte	.LASF118
 498 0311 4F       		.byte	0x4f
 499 0312 04       		.uleb128 0x4
 500 0313 A1080000 		.4byte	.LASF119
 501 0317 50       		.byte	0x50
 502 0318 04       		.uleb128 0x4
 503 0319 B80A0000 		.4byte	.LASF120
 504 031d 51       		.byte	0x51
 505 031e 04       		.uleb128 0x4
 506 031f 42070000 		.4byte	.LASF121
 507 0323 52       		.byte	0x52
 508 0324 04       		.uleb128 0x4
 509 0325 40090000 		.4byte	.LASF122
 510 0329 53       		.byte	0x53
 511 032a 04       		.uleb128 0x4
 512 032b BB020000 		.4byte	.LASF123
 513 032f 54       		.byte	0x54
ARM GAS  C:\Users\salaz\AppData\Local\Temp\ccZMRPwT.s 			page 10


 514 0330 04       		.uleb128 0x4
 515 0331 D3070000 		.4byte	.LASF124
 516 0335 55       		.byte	0x55
 517 0336 04       		.uleb128 0x4
 518 0337 88130000 		.4byte	.LASF125
 519 033b 56       		.byte	0x56
 520 033c 04       		.uleb128 0x4
 521 033d 0E020000 		.4byte	.LASF126
 522 0341 57       		.byte	0x57
 523 0342 04       		.uleb128 0x4
 524 0343 AA0C0000 		.4byte	.LASF127
 525 0347 58       		.byte	0x58
 526 0348 04       		.uleb128 0x4
 527 0349 E4040000 		.4byte	.LASF128
 528 034d 59       		.byte	0x59
 529 034e 04       		.uleb128 0x4
 530 034f A1120000 		.4byte	.LASF129
 531 0353 5A       		.byte	0x5a
 532 0354 04       		.uleb128 0x4
 533 0355 02070000 		.4byte	.LASF130
 534 0359 5B       		.byte	0x5b
 535 035a 04       		.uleb128 0x4
 536 035b FA080000 		.4byte	.LASF131
 537 035f 5C       		.byte	0x5c
 538 0360 04       		.uleb128 0x4
 539 0361 390B0000 		.4byte	.LASF132
 540 0365 5D       		.byte	0x5d
 541 0366 04       		.uleb128 0x4
 542 0367 8A000000 		.4byte	.LASF133
 543 036b 5E       		.byte	0x5e
 544 036c 04       		.uleb128 0x4
 545 036d 00030000 		.4byte	.LASF134
 546 0371 5F       		.byte	0x5f
 547 0372 04       		.uleb128 0x4
 548 0373 22050000 		.4byte	.LASF135
 549 0377 60       		.byte	0x60
 550 0378 04       		.uleb128 0x4
 551 0379 4D0D0000 		.4byte	.LASF136
 552 037d 61       		.byte	0x61
 553 037e 04       		.uleb128 0x4
 554 037f 62030000 		.4byte	.LASF137
 555 0383 62       		.byte	0x62
 556 0384 04       		.uleb128 0x4
 557 0385 6E0B0000 		.4byte	.LASF138
 558 0389 63       		.byte	0x63
 559 038a 04       		.uleb128 0x4
 560 038b DC0D0000 		.4byte	.LASF139
 561 038f 64       		.byte	0x64
 562 0390 04       		.uleb128 0x4
 563 0391 0B110000 		.4byte	.LASF140
 564 0395 65       		.byte	0x65
 565 0396 04       		.uleb128 0x4
 566 0397 6E130000 		.4byte	.LASF141
 567 039b 66       		.byte	0x66
 568 039c 04       		.uleb128 0x4
 569 039d 81070000 		.4byte	.LASF142
 570 03a1 67       		.byte	0x67
ARM GAS  C:\Users\salaz\AppData\Local\Temp\ccZMRPwT.s 			page 11


 571 03a2 04       		.uleb128 0x4
 572 03a3 D8090000 		.4byte	.LASF143
 573 03a7 68       		.byte	0x68
 574 03a8 04       		.uleb128 0x4
 575 03a9 190C0000 		.4byte	.LASF144
 576 03ad 69       		.byte	0x69
 577 03ae 04       		.uleb128 0x4
 578 03af 37010000 		.4byte	.LASF145
 579 03b3 6A       		.byte	0x6a
 580 03b4 04       		.uleb128 0x4
 581 03b5 85030000 		.4byte	.LASF146
 582 03b9 6B       		.byte	0x6b
 583 03ba 04       		.uleb128 0x4
 584 03bb E0010000 		.4byte	.LASF147
 585 03bf 6C       		.byte	0x6c
 586 03c0 04       		.uleb128 0x4
 587 03c1 27040000 		.4byte	.LASF148
 588 03c5 6D       		.byte	0x6d
 589 03c6 04       		.uleb128 0x4
 590 03c7 71060000 		.4byte	.LASF149
 591 03cb 6E       		.byte	0x6e
 592 03cc 04       		.uleb128 0x4
 593 03cd 25090000 		.4byte	.LASF150
 594 03d1 6F       		.byte	0x6f
 595 03d2 04       		.uleb128 0x4
 596 03d3 B4110000 		.4byte	.LASF151
 597 03d7 70       		.byte	0x70
 598 03d8 04       		.uleb128 0x4
 599 03d9 1C000000 		.4byte	.LASF152
 600 03dd 71       		.byte	0x71
 601 03de 04       		.uleb128 0x4
 602 03df A0020000 		.4byte	.LASF153
 603 03e3 72       		.byte	0x72
 604 03e4 04       		.uleb128 0x4
 605 03e5 4F0A0000 		.4byte	.LASF154
 606 03e9 73       		.byte	0x73
 607 03ea 04       		.uleb128 0x4
 608 03eb E20C0000 		.4byte	.LASF155
 609 03ef 74       		.byte	0x74
 610 03f0 04       		.uleb128 0x4
 611 03f1 F00F0000 		.4byte	.LASF156
 612 03f5 75       		.byte	0x75
 613 03f6 04       		.uleb128 0x4
 614 03f7 530B0000 		.4byte	.LASF157
 615 03fb 76       		.byte	0x76
 616 03fc 04       		.uleb128 0x4
 617 03fd B80D0000 		.4byte	.LASF158
 618 0401 77       		.byte	0x77
 619 0402 04       		.uleb128 0x4
 620 0403 F0100000 		.4byte	.LASF159
 621 0407 78       		.byte	0x78
 622 0408 04       		.uleb128 0x4
 623 0409 D0080000 		.4byte	.LASF160
 624 040d 79       		.byte	0x79
 625 040e 04       		.uleb128 0x4
 626 040f 8A010000 		.4byte	.LASF161
 627 0413 7A       		.byte	0x7a
ARM GAS  C:\Users\salaz\AppData\Local\Temp\ccZMRPwT.s 			page 12


 628 0414 04       		.uleb128 0x4
 629 0415 0C010000 		.4byte	.LASF162
 630 0419 7B       		.byte	0x7b
 631 041a 04       		.uleb128 0x4
 632 041b 20060000 		.4byte	.LASF163
 633 041f 7C       		.byte	0x7c
 634 0420 04       		.uleb128 0x4
 635 0421 3B080000 		.4byte	.LASF164
 636 0425 7D       		.byte	0x7d
 637 0426 04       		.uleb128 0x4
 638 0427 7A110000 		.4byte	.LASF165
 639 042b 7E       		.byte	0x7e
 640 042c 04       		.uleb128 0x4
 641 042d E0130000 		.4byte	.LASF166
 642 0431 7F       		.byte	0x7f
 643 0432 04       		.uleb128 0x4
 644 0433 63020000 		.4byte	.LASF167
 645 0437 80       		.byte	0x80
 646 0438 04       		.uleb128 0x4
 647 0439 2A0A0000 		.4byte	.LASF168
 648 043d 81       		.byte	0x81
 649 043e 04       		.uleb128 0x4
 650 043f 790C0000 		.4byte	.LASF169
 651 0443 82       		.byte	0x82
 652 0444 04       		.uleb128 0x4
 653 0445 B70F0000 		.4byte	.LASF170
 654 0449 83       		.byte	0x83
 655 044a 04       		.uleb128 0x4
 656 044b 54100000 		.4byte	.LASF171
 657 044f 84       		.byte	0x84
 658 0450 04       		.uleb128 0x4
 659 0451 A40B0000 		.4byte	.LASF172
 660 0455 85       		.byte	0x85
 661 0456 04       		.uleb128 0x4
 662 0457 1C120000 		.4byte	.LASF173
 663 045b 86       		.byte	0x86
 664 045c 04       		.uleb128 0x4
 665 045d FD0C0000 		.4byte	.LASF174
 666 0461 87       		.byte	0x87
 667 0462 04       		.uleb128 0x4
 668 0463 7D080000 		.4byte	.LASF175
 669 0467 88       		.byte	0x88
 670 0468 04       		.uleb128 0x4
 671 0469 D70B0000 		.4byte	.LASF176
 672 046d 89       		.byte	0x89
 673 046e 04       		.uleb128 0x4
 674 046f 7E0F0000 		.4byte	.LASF177
 675 0473 8A       		.byte	0x8a
 676 0474 04       		.uleb128 0x4
 677 0475 9A040000 		.4byte	.LASF178
 678 0479 8B       		.byte	0x8b
 679 047a 04       		.uleb128 0x4
 680 047b DD0E0000 		.4byte	.LASF179
 681 047f 8C       		.byte	0x8c
 682 0480 04       		.uleb128 0x4
 683 0481 EB070000 		.4byte	.LASF180
 684 0485 8D       		.byte	0x8d
ARM GAS  C:\Users\salaz\AppData\Local\Temp\ccZMRPwT.s 			page 13


 685 0486 04       		.uleb128 0x4
 686 0487 EB110000 		.4byte	.LASF181
 687 048b 8E       		.byte	0x8e
 688 048c 04       		.uleb128 0x4
 689 048d D50A0000 		.4byte	.LASF182
 690 0491 8F       		.byte	0x8f
 691 0492 04       		.uleb128 0x4
 692 0493 2B070000 		.4byte	.LASF183
 693 0497 90       		.byte	0x90
 694 0498 04       		.uleb128 0x4
 695 0499 CA010000 		.4byte	.LASF184
 696 049d 91       		.byte	0x91
 697 049e 04       		.uleb128 0x4
 698 049f 4A020000 		.4byte	.LASF185
 699 04a3 92       		.byte	0x92
 700 04a4 04       		.uleb128 0x4
 701 04a5 BE080000 		.4byte	.LASF186
 702 04a9 F0       		.byte	0xf0
 703 04aa 00       		.byte	0
 704 04ab 05       		.uleb128 0x5
 705 04ac 01       		.byte	0x1
 706 04ad 08       		.byte	0x8
 707 04ae EE0B0000 		.4byte	.LASF188
 708 04b2 07       		.uleb128 0x7
 709 04b3 79020000 		.4byte	.LASF190
 710 04b7 01       		.byte	0x1
 711 04b8 9201     		.2byte	0x192
 712 04ba 26010000 		.4byte	0x126
 713 04be 05       		.uleb128 0x5
 714 04bf 01       		.byte	0x1
 715 04c0 06       		.byte	0x6
 716 04c1 E5020000 		.4byte	.LASF191
 717 04c5 05       		.uleb128 0x5
 718 04c6 02       		.byte	0x2
 719 04c7 07       		.byte	0x7
 720 04c8 6E070000 		.4byte	.LASF192
 721 04cc 05       		.uleb128 0x5
 722 04cd 04       		.byte	0x4
 723 04ce 05       		.byte	0x5
 724 04cf 7C030000 		.4byte	.LASF193
 725 04d3 06       		.uleb128 0x6
 726 04d4 3C050000 		.4byte	.LASF194
 727 04d8 02       		.byte	0x2
 728 04d9 41       		.byte	0x41
 729 04da DE040000 		.4byte	0x4de
 730 04de 05       		.uleb128 0x5
 731 04df 04       		.byte	0x4
 732 04e0 07       		.byte	0x7
 733 04e1 A9060000 		.4byte	.LASF195
 734 04e5 05       		.uleb128 0x5
 735 04e6 08       		.byte	0x8
 736 04e7 05       		.byte	0x5
 737 04e8 D7020000 		.4byte	.LASF196
 738 04ec 05       		.uleb128 0x5
 739 04ed 08       		.byte	0x8
 740 04ee 07       		.byte	0x7
 741 04ef B3010000 		.4byte	.LASF197
ARM GAS  C:\Users\salaz\AppData\Local\Temp\ccZMRPwT.s 			page 14


 742 04f3 08       		.uleb128 0x8
 743 04f4 04       		.byte	0x4
 744 04f5 05       		.byte	0x5
 745 04f6 696E7400 		.ascii	"int\000"
 746 04fa 05       		.uleb128 0x5
 747 04fb 04       		.byte	0x4
 748 04fc 07       		.byte	0x7
 749 04fd 4F0C0000 		.4byte	.LASF198
 750 0501 06       		.uleb128 0x6
 751 0502 D30D0000 		.4byte	.LASF199
 752 0506 03       		.byte	0x3
 753 0507 30       		.byte	0x30
 754 0508 D3040000 		.4byte	0x4d3
 755 050c 05       		.uleb128 0x5
 756 050d 04       		.byte	0x4
 757 050e 07       		.byte	0x7
 758 050f 5E090000 		.4byte	.LASF200
 759 0513 05       		.uleb128 0x5
 760 0514 08       		.byte	0x8
 761 0515 04       		.byte	0x4
 762 0516 F80E0000 		.4byte	.LASF201
 763 051a 05       		.uleb128 0x5
 764 051b 01       		.byte	0x1
 765 051c 08       		.byte	0x8
 766 051d 040F0000 		.4byte	.LASF202
 767 0521 05       		.uleb128 0x5
 768 0522 04       		.byte	0x4
 769 0523 04       		.byte	0x4
 770 0524 EB0A0000 		.4byte	.LASF203
 771 0528 05       		.uleb128 0x5
 772 0529 08       		.byte	0x8
 773 052a 04       		.byte	0x4
 774 052b 93040000 		.4byte	.LASF204
 775 052f 09       		.uleb128 0x9
 776 0530 08       		.byte	0x8
 777 0531 04       		.byte	0x4
 778 0532 EB       		.byte	0xeb
 779 0533 5C050000 		.4byte	0x55c
 780 0537 0A       		.uleb128 0xa
 781 0538 1F040000 		.4byte	.LASF205
 782 053c 04       		.byte	0x4
 783 053d EC       		.byte	0xec
 784 053e 1B010000 		.4byte	0x11b
 785 0542 00       		.byte	0
 786 0543 0A       		.uleb128 0xa
 787 0544 36030000 		.4byte	.LASF206
 788 0548 04       		.byte	0x4
 789 0549 EE       		.byte	0xee
 790 054a B2040000 		.4byte	0x4b2
 791 054e 02       		.byte	0x2
 792 054f 0A       		.uleb128 0xa
 793 0550 61130000 		.4byte	.LASF207
 794 0554 04       		.byte	0x4
 795 0555 F0       		.byte	0xf0
 796 0556 01050000 		.4byte	0x501
 797 055a 04       		.byte	0x4
 798 055b 00       		.byte	0
ARM GAS  C:\Users\salaz\AppData\Local\Temp\ccZMRPwT.s 			page 15


 799 055c 06       		.uleb128 0x6
 800 055d AB090000 		.4byte	.LASF208
 801 0561 04       		.byte	0x4
 802 0562 F1       		.byte	0xf1
 803 0563 2F050000 		.4byte	0x52f
 804 0567 0B       		.uleb128 0xb
 805 0568 090F0000 		.4byte	.LASF209
 806 056c 05       		.byte	0x5
 807 056d 18       		.byte	0x18
 808 056e 78050000 		.4byte	0x578
 809 0572 05       		.uleb128 0x5
 810 0573 03       		.byte	0x3
 811 0574 00000000 		.4byte	Press1_IRQ_cfg
 812 0578 0C       		.uleb128 0xc
 813 0579 5C050000 		.4byte	0x55c
 814 057d 0B       		.uleb128 0xb
 815 057e 14090000 		.4byte	.LASF210
 816 0582 05       		.byte	0x5
 817 0583 1F       		.byte	0x1f
 818 0584 78050000 		.4byte	0x578
 819 0588 05       		.uleb128 0x5
 820 0589 03       		.byte	0x3
 821 058a 00000000 		.4byte	WatchDog_IRQ_cfg
 822 058e 0B       		.uleb128 0xb
 823 058f CA0C0000 		.4byte	.LASF211
 824 0593 05       		.byte	0x5
 825 0594 26       		.byte	0x26
 826 0595 78050000 		.4byte	0x578
 827 0599 05       		.uleb128 0x5
 828 059a 03       		.byte	0x3
 829 059b 00000000 		.4byte	Bluetooth_bless_isr_cfg
 830 059f 0B       		.uleb128 0xb
 831 05a0 9F050000 		.4byte	.LASF212
 832 05a4 05       		.byte	0x5
 833 05a5 2D       		.byte	0x2d
 834 05a6 78050000 		.4byte	0x578
 835 05aa 05       		.uleb128 0x5
 836 05ab 03       		.byte	0x3
 837 05ac 00000000 		.4byte	UART_DEBUG_SCB_IRQ_cfg
 838 05b0 0B       		.uleb128 0xb
 839 05b1 20100000 		.4byte	.LASF213
 840 05b5 05       		.byte	0x5
 841 05b6 34       		.byte	0x34
 842 05b7 78050000 		.4byte	0x578
 843 05bb 05       		.uleb128 0x5
 844 05bc 03       		.byte	0x3
 845 05bd 00000000 		.4byte	SensorBus_SCB_IRQ_cfg
 846 05c1 0B       		.uleb128 0xb
 847 05c2 A0010000 		.4byte	.LASF214
 848 05c6 05       		.byte	0x5
 849 05c7 3B       		.byte	0x3b
 850 05c8 78050000 		.4byte	0x578
 851 05cc 05       		.uleb128 0x5
 852 05cd 03       		.byte	0x3
 853 05ce 00000000 		.4byte	LightTimer_IRQ_cfg
 854 05d2 0B       		.uleb128 0xb
 855 05d3 37000000 		.4byte	.LASF215
ARM GAS  C:\Users\salaz\AppData\Local\Temp\ccZMRPwT.s 			page 16


 856 05d7 05       		.byte	0x5
 857 05d8 42       		.byte	0x42
 858 05d9 78050000 		.4byte	0x578
 859 05dd 05       		.uleb128 0x5
 860 05de 03       		.byte	0x3
 861 05df 00000000 		.4byte	ChimeTimer_IRQ_cfg
 862 05e3 0B       		.uleb128 0xb
 863 05e4 FB010000 		.4byte	.LASF216
 864 05e8 05       		.byte	0x5
 865 05e9 49       		.byte	0x49
 866 05ea 78050000 		.4byte	0x578
 867 05ee 05       		.uleb128 0x5
 868 05ef 03       		.byte	0x3
 869 05f0 00000000 		.4byte	MotorTimer_IRQ_cfg
 870 05f4 0B       		.uleb128 0xb
 871 05f5 B5040000 		.4byte	.LASF217
 872 05f9 05       		.byte	0x5
 873 05fa 50       		.byte	0x50
 874 05fb 78050000 		.4byte	0x578
 875 05ff 05       		.uleb128 0x5
 876 0600 03       		.byte	0x3
 877 0601 00000000 		.4byte	AppControl_IRQ_cfg
 878 0605 0B       		.uleb128 0xb
 879 0606 96100000 		.4byte	.LASF218
 880 060a 05       		.byte	0x5
 881 060b 57       		.byte	0x57
 882 060c 78050000 		.4byte	0x578
 883 0610 05       		.uleb128 0x5
 884 0611 03       		.byte	0x3
 885 0612 00000000 		.4byte	Shake_IRQ_cfg
 886 0616 00       		.byte	0
 887              		.section	.debug_abbrev,"",%progbits
 888              	.Ldebug_abbrev0:
 889 0000 01       		.uleb128 0x1
 890 0001 11       		.uleb128 0x11
 891 0002 01       		.byte	0x1
 892 0003 25       		.uleb128 0x25
 893 0004 0E       		.uleb128 0xe
 894 0005 13       		.uleb128 0x13
 895 0006 0B       		.uleb128 0xb
 896 0007 03       		.uleb128 0x3
 897 0008 0E       		.uleb128 0xe
 898 0009 1B       		.uleb128 0x1b
 899 000a 0E       		.uleb128 0xe
 900 000b 10       		.uleb128 0x10
 901 000c 17       		.uleb128 0x17
 902 000d 00       		.byte	0
 903 000e 00       		.byte	0
 904 000f 02       		.uleb128 0x2
 905 0010 04       		.uleb128 0x4
 906 0011 01       		.byte	0x1
 907 0012 0B       		.uleb128 0xb
 908 0013 0B       		.uleb128 0xb
 909 0014 49       		.uleb128 0x49
 910 0015 13       		.uleb128 0x13
 911 0016 3A       		.uleb128 0x3a
 912 0017 0B       		.uleb128 0xb
ARM GAS  C:\Users\salaz\AppData\Local\Temp\ccZMRPwT.s 			page 17


 913 0018 3B       		.uleb128 0x3b
 914 0019 0B       		.uleb128 0xb
 915 001a 01       		.uleb128 0x1
 916 001b 13       		.uleb128 0x13
 917 001c 00       		.byte	0
 918 001d 00       		.byte	0
 919 001e 03       		.uleb128 0x3
 920 001f 28       		.uleb128 0x28
 921 0020 00       		.byte	0
 922 0021 03       		.uleb128 0x3
 923 0022 0E       		.uleb128 0xe
 924 0023 1C       		.uleb128 0x1c
 925 0024 0D       		.uleb128 0xd
 926 0025 00       		.byte	0
 927 0026 00       		.byte	0
 928 0027 04       		.uleb128 0x4
 929 0028 28       		.uleb128 0x28
 930 0029 00       		.byte	0
 931 002a 03       		.uleb128 0x3
 932 002b 0E       		.uleb128 0xe
 933 002c 1C       		.uleb128 0x1c
 934 002d 0B       		.uleb128 0xb
 935 002e 00       		.byte	0
 936 002f 00       		.byte	0
 937 0030 05       		.uleb128 0x5
 938 0031 24       		.uleb128 0x24
 939 0032 00       		.byte	0
 940 0033 0B       		.uleb128 0xb
 941 0034 0B       		.uleb128 0xb
 942 0035 3E       		.uleb128 0x3e
 943 0036 0B       		.uleb128 0xb
 944 0037 03       		.uleb128 0x3
 945 0038 0E       		.uleb128 0xe
 946 0039 00       		.byte	0
 947 003a 00       		.byte	0
 948 003b 06       		.uleb128 0x6
 949 003c 16       		.uleb128 0x16
 950 003d 00       		.byte	0
 951 003e 03       		.uleb128 0x3
 952 003f 0E       		.uleb128 0xe
 953 0040 3A       		.uleb128 0x3a
 954 0041 0B       		.uleb128 0xb
 955 0042 3B       		.uleb128 0x3b
 956 0043 0B       		.uleb128 0xb
 957 0044 49       		.uleb128 0x49
 958 0045 13       		.uleb128 0x13
 959 0046 00       		.byte	0
 960 0047 00       		.byte	0
 961 0048 07       		.uleb128 0x7
 962 0049 16       		.uleb128 0x16
 963 004a 00       		.byte	0
 964 004b 03       		.uleb128 0x3
 965 004c 0E       		.uleb128 0xe
 966 004d 3A       		.uleb128 0x3a
 967 004e 0B       		.uleb128 0xb
 968 004f 3B       		.uleb128 0x3b
 969 0050 05       		.uleb128 0x5
ARM GAS  C:\Users\salaz\AppData\Local\Temp\ccZMRPwT.s 			page 18


 970 0051 49       		.uleb128 0x49
 971 0052 13       		.uleb128 0x13
 972 0053 00       		.byte	0
 973 0054 00       		.byte	0
 974 0055 08       		.uleb128 0x8
 975 0056 24       		.uleb128 0x24
 976 0057 00       		.byte	0
 977 0058 0B       		.uleb128 0xb
 978 0059 0B       		.uleb128 0xb
 979 005a 3E       		.uleb128 0x3e
 980 005b 0B       		.uleb128 0xb
 981 005c 03       		.uleb128 0x3
 982 005d 08       		.uleb128 0x8
 983 005e 00       		.byte	0
 984 005f 00       		.byte	0
 985 0060 09       		.uleb128 0x9
 986 0061 13       		.uleb128 0x13
 987 0062 01       		.byte	0x1
 988 0063 0B       		.uleb128 0xb
 989 0064 0B       		.uleb128 0xb
 990 0065 3A       		.uleb128 0x3a
 991 0066 0B       		.uleb128 0xb
 992 0067 3B       		.uleb128 0x3b
 993 0068 0B       		.uleb128 0xb
 994 0069 01       		.uleb128 0x1
 995 006a 13       		.uleb128 0x13
 996 006b 00       		.byte	0
 997 006c 00       		.byte	0
 998 006d 0A       		.uleb128 0xa
 999 006e 0D       		.uleb128 0xd
 1000 006f 00       		.byte	0
 1001 0070 03       		.uleb128 0x3
 1002 0071 0E       		.uleb128 0xe
 1003 0072 3A       		.uleb128 0x3a
 1004 0073 0B       		.uleb128 0xb
 1005 0074 3B       		.uleb128 0x3b
 1006 0075 0B       		.uleb128 0xb
 1007 0076 49       		.uleb128 0x49
 1008 0077 13       		.uleb128 0x13
 1009 0078 38       		.uleb128 0x38
 1010 0079 0B       		.uleb128 0xb
 1011 007a 00       		.byte	0
 1012 007b 00       		.byte	0
 1013 007c 0B       		.uleb128 0xb
 1014 007d 34       		.uleb128 0x34
 1015 007e 00       		.byte	0
 1016 007f 03       		.uleb128 0x3
 1017 0080 0E       		.uleb128 0xe
 1018 0081 3A       		.uleb128 0x3a
 1019 0082 0B       		.uleb128 0xb
 1020 0083 3B       		.uleb128 0x3b
 1021 0084 0B       		.uleb128 0xb
 1022 0085 49       		.uleb128 0x49
 1023 0086 13       		.uleb128 0x13
 1024 0087 3F       		.uleb128 0x3f
 1025 0088 19       		.uleb128 0x19
 1026 0089 02       		.uleb128 0x2
ARM GAS  C:\Users\salaz\AppData\Local\Temp\ccZMRPwT.s 			page 19


 1027 008a 18       		.uleb128 0x18
 1028 008b 00       		.byte	0
 1029 008c 00       		.byte	0
 1030 008d 0C       		.uleb128 0xc
 1031 008e 26       		.uleb128 0x26
 1032 008f 00       		.byte	0
 1033 0090 49       		.uleb128 0x49
 1034 0091 13       		.uleb128 0x13
 1035 0092 00       		.byte	0
 1036 0093 00       		.byte	0
 1037 0094 00       		.byte	0
 1038              		.section	.debug_aranges,"",%progbits
 1039 0000 14000000 		.4byte	0x14
 1040 0004 0200     		.2byte	0x2
 1041 0006 00000000 		.4byte	.Ldebug_info0
 1042 000a 04       		.byte	0x4
 1043 000b 00       		.byte	0
 1044 000c 0000     		.2byte	0
 1045 000e 0000     		.2byte	0
 1046 0010 00000000 		.4byte	0
 1047 0014 00000000 		.4byte	0
 1048              		.section	.debug_line,"",%progbits
 1049              	.Ldebug_line0:
 1050 0000 D7010000 		.section	.debug_str,"MS",%progbits,1
 1050      0200D101 
 1050      00000201 
 1050      FB0E0D00 
 1050      01010101 
 1051              	.LASF39:
 1052 0000 696F7373 		.ascii	"ioss_interrupts_gpio_0_IRQn\000"
 1052      5F696E74 
 1052      65727275 
 1052      7074735F 
 1052      6770696F 
 1053              	.LASF152:
 1054 001c 74637077 		.ascii	"tcpwm_1_interrupts_15_IRQn\000"
 1054      6D5F315F 
 1054      696E7465 
 1054      72727570 
 1054      74735F31 
 1055              	.LASF215:
 1056 0037 4368696D 		.ascii	"ChimeTimer_IRQ_cfg\000"
 1056      6554696D 
 1056      65725F49 
 1056      52515F63 
 1056      666700
 1057              	.LASF41:
 1058 004a 696F7373 		.ascii	"ioss_interrupts_gpio_2_IRQn\000"
 1058      5F696E74 
 1058      65727275 
 1058      7074735F 
 1058      6770696F 
 1059              	.LASF85:
 1060 0066 7363625F 		.ascii	"scb_5_interrupt_IRQn\000"
 1060      355F696E 
 1060      74657272 
 1060      7570745F 
ARM GAS  C:\Users\salaz\AppData\Local\Temp\ccZMRPwT.s 			page 20


 1060      4952516E 
 1061              	.LASF21:
 1062 007b 4E766963 		.ascii	"NvicMux15_IRQn\000"
 1062      4D757831 
 1062      355F4952 
 1062      516E00
 1063              	.LASF133:
 1064 008a 74637077 		.ascii	"tcpwm_0_interrupts_4_IRQn\000"
 1064      6D5F305F 
 1064      696E7465 
 1064      72727570 
 1064      74735F34 
 1065              	.LASF61:
 1066 00a4 73727373 		.ascii	"srss_interrupt_IRQn\000"
 1066      5F696E74 
 1066      65727275 
 1066      70745F49 
 1066      52516E00 
 1067              	.LASF57:
 1068 00b8 7363625F 		.ascii	"scb_8_interrupt_IRQn\000"
 1068      385F696E 
 1068      74657272 
 1068      7570745F 
 1068      4952516E 
 1069              	.LASF90:
 1070 00cd 63707573 		.ascii	"cpuss_interrupts_dw0_1_IRQn\000"
 1070      735F696E 
 1070      74657272 
 1070      75707473 
 1070      5F647730 
 1071              	.LASF8:
 1072 00e9 4E766963 		.ascii	"NvicMux2_IRQn\000"
 1072      4D757832 
 1072      5F495251 
 1072      6E00
 1073              	.LASF63:
 1074 00f7 626C6573 		.ascii	"bless_interrupt_IRQn\000"
 1074      735F696E 
 1074      74657272 
 1074      7570745F 
 1074      4952516E 
 1075              	.LASF162:
 1076 010c 7564625F 		.ascii	"udb_interrupts_1_IRQn\000"
 1076      696E7465 
 1076      72727570 
 1076      74735F31 
 1076      5F495251 
 1077              	.LASF80:
 1078 0122 7363625F 		.ascii	"scb_0_interrupt_IRQn\000"
 1078      305F696E 
 1078      74657272 
 1078      7570745F 
 1078      4952516E 
 1079              	.LASF145:
 1080 0137 74637077 		.ascii	"tcpwm_1_interrupts_8_IRQn\000"
 1080      6D5F315F 
 1080      696E7465 
ARM GAS  C:\Users\salaz\AppData\Local\Temp\ccZMRPwT.s 			page 21


 1080      72727570 
 1080      74735F38 
 1081              	.LASF68:
 1082 0151 63707573 		.ascii	"cpuss_interrupts_ipc_4_IRQn\000"
 1082      735F696E 
 1082      74657272 
 1082      75707473 
 1082      5F697063 
 1083              	.LASF75:
 1084 016d 63707573 		.ascii	"cpuss_interrupts_ipc_11_IRQn\000"
 1084      735F696E 
 1084      74657272 
 1084      75707473 
 1084      5F697063 
 1085              	.LASF161:
 1086 018a 7564625F 		.ascii	"udb_interrupts_0_IRQn\000"
 1086      696E7465 
 1086      72727570 
 1086      74735F30 
 1086      5F495251 
 1087              	.LASF214:
 1088 01a0 4C696768 		.ascii	"LightTimer_IRQ_cfg\000"
 1088      7454696D 
 1088      65725F49 
 1088      52515F63 
 1088      666700
 1089              	.LASF197:
 1090 01b3 6C6F6E67 		.ascii	"long long unsigned int\000"
 1090      206C6F6E 
 1090      6720756E 
 1090      7369676E 
 1090      65642069 
 1091              	.LASF184:
 1092 01ca 7573625F 		.ascii	"usb_interrupt_lo_IRQn\000"
 1092      696E7465 
 1092      72727570 
 1092      745F6C6F 
 1092      5F495251 
 1093              	.LASF147:
 1094 01e0 74637077 		.ascii	"tcpwm_1_interrupts_10_IRQn\000"
 1094      6D5F315F 
 1094      696E7465 
 1094      72727570 
 1094      74735F31 
 1095              	.LASF216:
 1096 01fb 4D6F746F 		.ascii	"MotorTimer_IRQ_cfg\000"
 1096      7254696D 
 1096      65725F49 
 1096      52515F63 
 1096      666700
 1097              	.LASF126:
 1098 020e 63707573 		.ascii	"cpuss_interrupts_cm0_cti_1_IRQn\000"
 1098      735F696E 
 1098      74657272 
 1098      75707473 
 1098      5F636D30 
 1099              	.LASF48:
ARM GAS  C:\Users\salaz\AppData\Local\Temp\ccZMRPwT.s 			page 22


 1100 022e 696F7373 		.ascii	"ioss_interrupts_gpio_9_IRQn\000"
 1100      5F696E74 
 1100      65727275 
 1100      7074735F 
 1100      6770696F 
 1101              	.LASF185:
 1102 024a 70617373 		.ascii	"pass_interrupt_dacs_IRQn\000"
 1102      5F696E74 
 1102      65727275 
 1102      70745F64 
 1102      6163735F 
 1103              	.LASF167:
 1104 0263 7564625F 		.ascii	"udb_interrupts_6_IRQn\000"
 1104      696E7465 
 1104      72727570 
 1104      74735F36 
 1104      5F495251 
 1105              	.LASF190:
 1106 0279 63795F65 		.ascii	"cy_en_intr_t\000"
 1106      6E5F696E 
 1106      74725F74 
 1106      00
 1107              	.LASF30:
 1108 0286 4E766963 		.ascii	"NvicMux24_IRQn\000"
 1108      4D757832 
 1108      345F4952 
 1108      516E00
 1109              	.LASF0:
 1110 0295 52657365 		.ascii	"Reset_IRQn\000"
 1110      745F4952 
 1110      516E00
 1111              	.LASF153:
 1112 02a0 74637077 		.ascii	"tcpwm_1_interrupts_16_IRQn\000"
 1112      6D5F315F 
 1112      696E7465 
 1112      72727570 
 1112      74735F31 
 1113              	.LASF123:
 1114 02bb 63707573 		.ascii	"cpuss_interrupt_crypto_IRQn\000"
 1114      735F696E 
 1114      74657272 
 1114      7570745F 
 1114      63727970 
 1115              	.LASF196:
 1116 02d7 6C6F6E67 		.ascii	"long long int\000"
 1116      206C6F6E 
 1116      6720696E 
 1116      7400
 1117              	.LASF191:
 1118 02e5 7369676E 		.ascii	"signed char\000"
 1118      65642063 
 1118      68617200 
 1119              	.LASF22:
 1120 02f1 4E766963 		.ascii	"NvicMux16_IRQn\000"
 1120      4D757831 
 1120      365F4952 
 1120      516E00
ARM GAS  C:\Users\salaz\AppData\Local\Temp\ccZMRPwT.s 			page 23


 1121              	.LASF134:
 1122 0300 74637077 		.ascii	"tcpwm_0_interrupts_5_IRQn\000"
 1122      6D5F305F 
 1122      696E7465 
 1122      72727570 
 1122      74735F35 
 1123              	.LASF114:
 1124 031a 63707573 		.ascii	"cpuss_interrupts_dw1_9_IRQn\000"
 1124      735F696E 
 1124      74657272 
 1124      75707473 
 1124      5F647731 
 1125              	.LASF206:
 1126 0336 636D3070 		.ascii	"cm0pSrc\000"
 1126      53726300 
 1127              	.LASF9:
 1128 033e 4E766963 		.ascii	"NvicMux3_IRQn\000"
 1128      4D757833 
 1128      5F495251 
 1128      6E00
 1129              	.LASF56:
 1130 034c 6C70636F 		.ascii	"lpcomp_interrupt_IRQn\000"
 1130      6D705F69 
 1130      6E746572 
 1130      72757074 
 1130      5F495251 
 1131              	.LASF137:
 1132 0362 74637077 		.ascii	"tcpwm_1_interrupts_0_IRQn\000"
 1132      6D5F315F 
 1132      696E7465 
 1132      72727570 
 1132      74735F30 
 1133              	.LASF193:
 1134 037c 6C6F6E67 		.ascii	"long int\000"
 1134      20696E74 
 1134      00
 1135              	.LASF146:
 1136 0385 74637077 		.ascii	"tcpwm_1_interrupts_9_IRQn\000"
 1136      6D5F315F 
 1136      696E7465 
 1136      72727570 
 1136      74735F39 
 1137              	.LASF69:
 1138 039f 63707573 		.ascii	"cpuss_interrupts_ipc_5_IRQn\000"
 1138      735F696E 
 1138      74657272 
 1138      75707473 
 1138      5F697063 
 1139              	.LASF112:
 1140 03bb 63707573 		.ascii	"cpuss_interrupts_dw1_7_IRQn\000"
 1140      735F696E 
 1140      74657272 
 1140      75707473 
 1140      5F647731 
 1141              	.LASF76:
 1142 03d7 63707573 		.ascii	"cpuss_interrupts_ipc_12_IRQn\000"
 1142      735F696E 
ARM GAS  C:\Users\salaz\AppData\Local\Temp\ccZMRPwT.s 			page 24


 1142      74657272 
 1142      75707473 
 1142      5F697063 
 1143              	.LASF113:
 1144 03f4 63707573 		.ascii	"cpuss_interrupts_dw1_8_IRQn\000"
 1144      735F696E 
 1144      74657272 
 1144      75707473 
 1144      5F647731 
 1145              	.LASF34:
 1146 0410 4E766963 		.ascii	"NvicMux28_IRQn\000"
 1146      4D757832 
 1146      385F4952 
 1146      516E00
 1147              	.LASF205:
 1148 041f 696E7472 		.ascii	"intrSrc\000"
 1148      53726300 
 1149              	.LASF148:
 1150 0427 74637077 		.ascii	"tcpwm_1_interrupts_11_IRQn\000"
 1150      6D5F315F 
 1150      696E7465 
 1150      72727570 
 1150      74735F31 
 1151              	.LASF93:
 1152 0442 63707573 		.ascii	"cpuss_interrupts_dw0_4_IRQn\000"
 1152      735F696E 
 1152      74657272 
 1152      75707473 
 1152      5F647730 
 1153              	.LASF54:
 1154 045e 696F7373 		.ascii	"ioss_interrupt_gpio_IRQn\000"
 1154      5F696E74 
 1154      65727275 
 1154      70745F67 
 1154      70696F5F 
 1155              	.LASF58:
 1156 0477 73727373 		.ascii	"srss_interrupt_mcwdt_0_IRQn\000"
 1156      5F696E74 
 1156      65727275 
 1156      70745F6D 
 1156      63776474 
 1157              	.LASF204:
 1158 0493 646F7562 		.ascii	"double\000"
 1158      6C6500
 1159              	.LASF178:
 1160 049a 61756469 		.ascii	"audioss_interrupt_i2s_IRQn\000"
 1160      6F73735F 
 1160      696E7465 
 1160      72727570 
 1160      745F6932 
 1161              	.LASF217:
 1162 04b5 41707043 		.ascii	"AppControl_IRQ_cfg\000"
 1162      6F6E7472 
 1162      6F6C5F49 
 1162      52515F63 
 1162      666700
 1163              	.LASF95:
ARM GAS  C:\Users\salaz\AppData\Local\Temp\ccZMRPwT.s 			page 25


 1164 04c8 63707573 		.ascii	"cpuss_interrupts_dw0_6_IRQn\000"
 1164      735F696E 
 1164      74657272 
 1164      75707473 
 1164      5F647730 
 1165              	.LASF128:
 1166 04e4 63707573 		.ascii	"cpuss_interrupts_cm4_cti_1_IRQn\000"
 1166      735F696E 
 1166      74657272 
 1166      75707473 
 1166      5F636D34 
 1167              	.LASF37:
 1168 0504 4E766963 		.ascii	"NvicMux31_IRQn\000"
 1168      4D757833 
 1168      315F4952 
 1168      516E00
 1169              	.LASF23:
 1170 0513 4E766963 		.ascii	"NvicMux17_IRQn\000"
 1170      4D757831 
 1170      375F4952 
 1170      516E00
 1171              	.LASF135:
 1172 0522 74637077 		.ascii	"tcpwm_0_interrupts_6_IRQn\000"
 1172      6D5F305F 
 1172      696E7465 
 1172      72727570 
 1172      74735F36 
 1173              	.LASF194:
 1174 053c 5F5F7569 		.ascii	"__uint32_t\000"
 1174      6E743332 
 1174      5F7400
 1175              	.LASF221:
 1176 0547 433A5C55 		.ascii	"C:\\Users\\salaz\\Desktop\\SmartHandle\\SmartHandle"
 1176      73657273 
 1176      5C73616C 
 1176      617A5C44 
 1176      65736B74 
 1177 0575 2E637964 		.ascii	".cydsn\000"
 1177      736E00
 1178              	.LASF81:
 1179 057c 7363625F 		.ascii	"scb_1_interrupt_IRQn\000"
 1179      315F696E 
 1179      74657272 
 1179      7570745F 
 1179      4952516E 
 1180              	.LASF10:
 1181 0591 4E766963 		.ascii	"NvicMux4_IRQn\000"
 1181      4D757834 
 1181      5F495251 
 1181      6E00
 1182              	.LASF212:
 1183 059f 55415254 		.ascii	"UART_DEBUG_SCB_IRQ_cfg\000"
 1183      5F444542 
 1183      55475F53 
 1183      43425F49 
 1183      52515F63 
 1184              	.LASF82:
ARM GAS  C:\Users\salaz\AppData\Local\Temp\ccZMRPwT.s 			page 26


 1185 05b6 7363625F 		.ascii	"scb_2_interrupt_IRQn\000"
 1185      325F696E 
 1185      74657272 
 1185      7570745F 
 1185      4952516E 
 1186              	.LASF103:
 1187 05cb 63707573 		.ascii	"cpuss_interrupts_dw0_14_IRQn\000"
 1187      735F696E 
 1187      74657272 
 1187      75707473 
 1187      5F647730 
 1188              	.LASF44:
 1189 05e8 696F7373 		.ascii	"ioss_interrupts_gpio_5_IRQn\000"
 1189      5F696E74 
 1189      65727275 
 1189      7074735F 
 1189      6770696F 
 1190              	.LASF70:
 1191 0604 63707573 		.ascii	"cpuss_interrupts_ipc_6_IRQn\000"
 1191      735F696E 
 1191      74657272 
 1191      75707473 
 1191      5F697063 
 1192              	.LASF163:
 1193 0620 7564625F 		.ascii	"udb_interrupts_2_IRQn\000"
 1193      696E7465 
 1193      72727570 
 1193      74735F32 
 1193      5F495251 
 1194              	.LASF52:
 1195 0636 696F7373 		.ascii	"ioss_interrupts_gpio_13_IRQn\000"
 1195      5F696E74 
 1195      65727275 
 1195      7074735F 
 1195      6770696F 
 1196              	.LASF26:
 1197 0653 4E766963 		.ascii	"NvicMux20_IRQn\000"
 1197      4D757832 
 1197      305F4952 
 1197      516E00
 1198              	.LASF35:
 1199 0662 4E766963 		.ascii	"NvicMux29_IRQn\000"
 1199      4D757832 
 1199      395F4952 
 1199      516E00
 1200              	.LASF149:
 1201 0671 74637077 		.ascii	"tcpwm_1_interrupts_12_IRQn\000"
 1201      6D5F315F 
 1201      696E7465 
 1201      72727570 
 1201      74735F31 
 1202              	.LASF118:
 1203 068c 63707573 		.ascii	"cpuss_interrupts_dw1_13_IRQn\000"
 1203      735F696E 
 1203      74657272 
 1203      75707473 
 1203      5F647731 
ARM GAS  C:\Users\salaz\AppData\Local\Temp\ccZMRPwT.s 			page 27


 1204              	.LASF195:
 1205 06a9 6C6F6E67 		.ascii	"long unsigned int\000"
 1205      20756E73 
 1205      69676E65 
 1205      6420696E 
 1205      7400
 1206              	.LASF59:
 1207 06bb 73727373 		.ascii	"srss_interrupt_mcwdt_1_IRQn\000"
 1207      5F696E74 
 1207      65727275 
 1207      70745F6D 
 1207      63776474 
 1208              	.LASF91:
 1209 06d7 63707573 		.ascii	"cpuss_interrupts_dw0_2_IRQn\000"
 1209      735F696E 
 1209      74657272 
 1209      75707473 
 1209      5F647730 
 1210              	.LASF18:
 1211 06f3 4E766963 		.ascii	"NvicMux12_IRQn\000"
 1211      4D757831 
 1211      325F4952 
 1211      516E00
 1212              	.LASF130:
 1213 0702 74637077 		.ascii	"tcpwm_0_interrupts_1_IRQn\000"
 1213      6D5F305F 
 1213      696E7465 
 1213      72727570 
 1213      74735F31 
 1214              	.LASF32:
 1215 071c 4E766963 		.ascii	"NvicMux26_IRQn\000"
 1215      4D757832 
 1215      365F4952 
 1215      516E00
 1216              	.LASF183:
 1217 072b 7573625F 		.ascii	"usb_interrupt_med_IRQn\000"
 1217      696E7465 
 1217      72727570 
 1217      745F6D65 
 1217      645F4952 
 1218              	.LASF121:
 1219 0742 63707573 		.ascii	"cpuss_interrupts_fault_0_IRQn\000"
 1219      735F696E 
 1219      74657272 
 1219      75707473 
 1219      5F666175 
 1220              	.LASF14:
 1221 0760 4E766963 		.ascii	"NvicMux8_IRQn\000"
 1221      4D757838 
 1221      5F495251 
 1221      6E00
 1222              	.LASF192:
 1223 076e 73686F72 		.ascii	"short unsigned int\000"
 1223      7420756E 
 1223      7369676E 
 1223      65642069 
 1223      6E7400
ARM GAS  C:\Users\salaz\AppData\Local\Temp\ccZMRPwT.s 			page 28


 1224              	.LASF142:
 1225 0781 74637077 		.ascii	"tcpwm_1_interrupts_5_IRQn\000"
 1225      6D5F315F 
 1225      696E7465 
 1225      72727570 
 1225      74735F35 
 1226              	.LASF65:
 1227 079b 63707573 		.ascii	"cpuss_interrupts_ipc_1_IRQn\000"
 1227      735F696E 
 1227      74657272 
 1227      75707473 
 1227      5F697063 
 1228              	.LASF109:
 1229 07b7 63707573 		.ascii	"cpuss_interrupts_dw1_4_IRQn\000"
 1229      735F696E 
 1229      74657272 
 1229      75707473 
 1229      5F647731 
 1230              	.LASF124:
 1231 07d3 63707573 		.ascii	"cpuss_interrupt_fm_IRQn\000"
 1231      735F696E 
 1231      74657272 
 1231      7570745F 
 1231      666D5F49 
 1232              	.LASF180:
 1233 07eb 70726F66 		.ascii	"profile_interrupt_IRQn\000"
 1233      696C655F 
 1233      696E7465 
 1233      72727570 
 1233      745F4952 
 1234              	.LASF104:
 1235 0802 63707573 		.ascii	"cpuss_interrupts_dw0_15_IRQn\000"
 1235      735F696E 
 1235      74657272 
 1235      75707473 
 1235      5F647730 
 1236              	.LASF45:
 1237 081f 696F7373 		.ascii	"ioss_interrupts_gpio_6_IRQn\000"
 1237      5F696E74 
 1237      65727275 
 1237      7074735F 
 1237      6770696F 
 1238              	.LASF164:
 1239 083b 7564625F 		.ascii	"udb_interrupts_3_IRQn\000"
 1239      696E7465 
 1239      72727570 
 1239      74735F33 
 1239      5F495251 
 1240              	.LASF53:
 1241 0851 696F7373 		.ascii	"ioss_interrupts_gpio_14_IRQn\000"
 1241      5F696E74 
 1241      65727275 
 1241      7074735F 
 1241      6770696F 
 1242              	.LASF27:
 1243 086e 4E766963 		.ascii	"NvicMux21_IRQn\000"
 1243      4D757832 
ARM GAS  C:\Users\salaz\AppData\Local\Temp\ccZMRPwT.s 			page 29


 1243      315F4952 
 1243      516E00
 1244              	.LASF175:
 1245 087d 7564625F 		.ascii	"udb_interrupts_14_IRQn\000"
 1245      696E7465 
 1245      72727570 
 1245      74735F31 
 1245      345F4952 
 1246              	.LASF5:
 1247 0894 53797354 		.ascii	"SysTick_IRQn\000"
 1247      69636B5F 
 1247      4952516E 
 1247      00
 1248              	.LASF119:
 1249 08a1 63707573 		.ascii	"cpuss_interrupts_dw1_14_IRQn\000"
 1249      735F696E 
 1249      74657272 
 1249      75707473 
 1249      5F647731 
 1250              	.LASF186:
 1251 08be 64697363 		.ascii	"disconnected_IRQn\000"
 1251      6F6E6E65 
 1251      63746564 
 1251      5F495251 
 1251      6E00
 1252              	.LASF160:
 1253 08d0 74637077 		.ascii	"tcpwm_1_interrupts_23_IRQn\000"
 1253      6D5F315F 
 1253      696E7465 
 1253      72727570 
 1253      74735F32 
 1254              	.LASF19:
 1255 08eb 4E766963 		.ascii	"NvicMux13_IRQn\000"
 1255      4D757831 
 1255      335F4952 
 1255      516E00
 1256              	.LASF131:
 1257 08fa 74637077 		.ascii	"tcpwm_0_interrupts_2_IRQn\000"
 1257      6D5F305F 
 1257      696E7465 
 1257      72727570 
 1257      74735F32 
 1258              	.LASF210:
 1259 0914 57617463 		.ascii	"WatchDog_IRQ_cfg\000"
 1259      68446F67 
 1259      5F495251 
 1259      5F636667 
 1259      00
 1260              	.LASF150:
 1261 0925 74637077 		.ascii	"tcpwm_1_interrupts_13_IRQn\000"
 1261      6D5F315F 
 1261      696E7465 
 1261      72727570 
 1261      74735F31 
 1262              	.LASF122:
 1263 0940 63707573 		.ascii	"cpuss_interrupts_fault_1_IRQn\000"
 1263      735F696E 
ARM GAS  C:\Users\salaz\AppData\Local\Temp\ccZMRPwT.s 			page 30


 1263      74657272 
 1263      75707473 
 1263      5F666175 
 1264              	.LASF200:
 1265 095e 73697A65 		.ascii	"sizetype\000"
 1265      74797065 
 1265      00
 1266              	.LASF6:
 1267 0967 4E766963 		.ascii	"NvicMux0_IRQn\000"
 1267      4D757830 
 1267      5F495251 
 1267      6E00
 1268              	.LASF97:
 1269 0975 63707573 		.ascii	"cpuss_interrupts_dw0_8_IRQn\000"
 1269      735F696E 
 1269      74657272 
 1269      75707473 
 1269      5F647730 
 1270              	.LASF15:
 1271 0991 4E766963 		.ascii	"NvicMux9_IRQn\000"
 1271      4D757839 
 1271      5F495251 
 1271      6E00
 1272              	.LASF3:
 1273 099f 53564361 		.ascii	"SVCall_IRQn\000"
 1273      6C6C5F49 
 1273      52516E00 
 1274              	.LASF208:
 1275 09ab 63795F73 		.ascii	"cy_stc_sysint_t\000"
 1275      74635F73 
 1275      7973696E 
 1275      745F7400 
 1276              	.LASF99:
 1277 09bb 63707573 		.ascii	"cpuss_interrupts_dw0_10_IRQn\000"
 1277      735F696E 
 1277      74657272 
 1277      75707473 
 1277      5F647730 
 1278              	.LASF143:
 1279 09d8 74637077 		.ascii	"tcpwm_1_interrupts_6_IRQn\000"
 1279      6D5F315F 
 1279      696E7465 
 1279      72727570 
 1279      74735F36 
 1280              	.LASF66:
 1281 09f2 63707573 		.ascii	"cpuss_interrupts_ipc_2_IRQn\000"
 1281      735F696E 
 1281      74657272 
 1281      75707473 
 1281      5F697063 
 1282              	.LASF110:
 1283 0a0e 63707573 		.ascii	"cpuss_interrupts_dw1_5_IRQn\000"
 1283      735F696E 
 1283      74657272 
 1283      75707473 
 1283      5F647731 
 1284              	.LASF168:
ARM GAS  C:\Users\salaz\AppData\Local\Temp\ccZMRPwT.s 			page 31


 1285 0a2a 7564625F 		.ascii	"udb_interrupts_7_IRQn\000"
 1285      696E7465 
 1285      72727570 
 1285      74735F37 
 1285      5F495251 
 1286              	.LASF31:
 1287 0a40 4E766963 		.ascii	"NvicMux25_IRQn\000"
 1287      4D757832 
 1287      355F4952 
 1287      516E00
 1288              	.LASF154:
 1289 0a4f 74637077 		.ascii	"tcpwm_1_interrupts_17_IRQn\000"
 1289      6D5F315F 
 1289      696E7465 
 1289      72727570 
 1289      74735F31 
 1290              	.LASF84:
 1291 0a6a 7363625F 		.ascii	"scb_4_interrupt_IRQn\000"
 1291      345F696E 
 1291      74657272 
 1291      7570745F 
 1291      4952516E 
 1292              	.LASF46:
 1293 0a7f 696F7373 		.ascii	"ioss_interrupts_gpio_7_IRQn\000"
 1293      5F696E74 
 1293      65727275 
 1293      7074735F 
 1293      6770696F 
 1294              	.LASF102:
 1295 0a9b 63707573 		.ascii	"cpuss_interrupts_dw0_13_IRQn\000"
 1295      735F696E 
 1295      74657272 
 1295      75707473 
 1295      5F647730 
 1296              	.LASF120:
 1297 0ab8 63707573 		.ascii	"cpuss_interrupts_dw1_15_IRQn\000"
 1297      735F696E 
 1297      74657272 
 1297      75707473 
 1297      5F647731 
 1298              	.LASF182:
 1299 0ad5 7573625F 		.ascii	"usb_interrupt_hi_IRQn\000"
 1299      696E7465 
 1299      72727570 
 1299      745F6869 
 1299      5F495251 
 1300              	.LASF203:
 1301 0aeb 666C6F61 		.ascii	"float\000"
 1301      7400
 1302              	.LASF92:
 1303 0af1 63707573 		.ascii	"cpuss_interrupts_dw0_3_IRQn\000"
 1303      735F696E 
 1303      74657272 
 1303      75707473 
 1303      5F647730 
 1304              	.LASF50:
 1305 0b0d 696F7373 		.ascii	"ioss_interrupts_gpio_11_IRQn\000"
ARM GAS  C:\Users\salaz\AppData\Local\Temp\ccZMRPwT.s 			page 32


 1305      5F696E74 
 1305      65727275 
 1305      7074735F 
 1305      6770696F 
 1306              	.LASF20:
 1307 0b2a 4E766963 		.ascii	"NvicMux14_IRQn\000"
 1307      4D757831 
 1307      345F4952 
 1307      516E00
 1308              	.LASF132:
 1309 0b39 74637077 		.ascii	"tcpwm_0_interrupts_3_IRQn\000"
 1309      6D5F305F 
 1309      696E7465 
 1309      72727570 
 1309      74735F33 
 1310              	.LASF157:
 1311 0b53 74637077 		.ascii	"tcpwm_1_interrupts_20_IRQn\000"
 1311      6D5F315F 
 1311      696E7465 
 1311      72727570 
 1311      74735F32 
 1312              	.LASF138:
 1313 0b6e 74637077 		.ascii	"tcpwm_1_interrupts_1_IRQn\000"
 1313      6D5F315F 
 1313      696E7465 
 1313      72727570 
 1313      74735F31 
 1314              	.LASF105:
 1315 0b88 63707573 		.ascii	"cpuss_interrupts_dw1_0_IRQn\000"
 1315      735F696E 
 1315      74657272 
 1315      75707473 
 1315      5F647731 
 1316              	.LASF172:
 1317 0ba4 7564625F 		.ascii	"udb_interrupts_11_IRQn\000"
 1317      696E7465 
 1317      72727570 
 1317      74735F31 
 1317      315F4952 
 1318              	.LASF98:
 1319 0bbb 63707573 		.ascii	"cpuss_interrupts_dw0_9_IRQn\000"
 1319      735F696E 
 1319      74657272 
 1319      75707473 
 1319      5F647730 
 1320              	.LASF176:
 1321 0bd7 7564625F 		.ascii	"udb_interrupts_15_IRQn\000"
 1321      696E7465 
 1321      72727570 
 1321      74735F31 
 1321      355F4952 
 1322              	.LASF188:
 1323 0bee 756E7369 		.ascii	"unsigned char\000"
 1323      676E6564 
 1323      20636861 
 1323      7200
 1324              	.LASF100:
ARM GAS  C:\Users\salaz\AppData\Local\Temp\ccZMRPwT.s 			page 33


 1325 0bfc 63707573 		.ascii	"cpuss_interrupts_dw0_11_IRQn\000"
 1325      735F696E 
 1325      74657272 
 1325      75707473 
 1325      5F647730 
 1326              	.LASF144:
 1327 0c19 74637077 		.ascii	"tcpwm_1_interrupts_7_IRQn\000"
 1327      6D5F315F 
 1327      696E7465 
 1327      72727570 
 1327      74735F37 
 1328              	.LASF67:
 1329 0c33 63707573 		.ascii	"cpuss_interrupts_ipc_3_IRQn\000"
 1329      735F696E 
 1329      74657272 
 1329      75707473 
 1329      5F697063 
 1330              	.LASF198:
 1331 0c4f 756E7369 		.ascii	"unsigned int\000"
 1331      676E6564 
 1331      20696E74 
 1331      00
 1332              	.LASF49:
 1333 0c5c 696F7373 		.ascii	"ioss_interrupts_gpio_10_IRQn\000"
 1333      5F696E74 
 1333      65727275 
 1333      7074735F 
 1333      6770696F 
 1334              	.LASF169:
 1335 0c79 7564625F 		.ascii	"udb_interrupts_8_IRQn\000"
 1335      696E7465 
 1335      72727570 
 1335      74735F38 
 1335      5F495251 
 1336              	.LASF38:
 1337 0c8f 756E636F 		.ascii	"unconnected_IRQn\000"
 1337      6E6E6563 
 1337      7465645F 
 1337      4952516E 
 1337      00
 1338              	.LASF187:
 1339 0ca0 73686F72 		.ascii	"short int\000"
 1339      7420696E 
 1339      7400
 1340              	.LASF127:
 1341 0caa 63707573 		.ascii	"cpuss_interrupts_cm4_cti_0_IRQn\000"
 1341      735F696E 
 1341      74657272 
 1341      75707473 
 1341      5F636D34 
 1342              	.LASF211:
 1343 0cca 426C7565 		.ascii	"Bluetooth_bless_isr_cfg\000"
 1343      746F6F74 
 1343      685F626C 
 1343      6573735F 
 1343      6973725F 
 1344              	.LASF155:
ARM GAS  C:\Users\salaz\AppData\Local\Temp\ccZMRPwT.s 			page 34


 1345 0ce2 74637077 		.ascii	"tcpwm_1_interrupts_18_IRQn\000"
 1345      6D5F315F 
 1345      696E7465 
 1345      72727570 
 1345      74735F31 
 1346              	.LASF174:
 1347 0cfd 7564625F 		.ascii	"udb_interrupts_13_IRQn\000"
 1347      696E7465 
 1347      72727570 
 1347      74735F31 
 1347      335F4952 
 1348              	.LASF108:
 1349 0d14 63707573 		.ascii	"cpuss_interrupts_dw1_3_IRQn\000"
 1349      735F696E 
 1349      74657272 
 1349      75707473 
 1349      5F647731 
 1350              	.LASF13:
 1351 0d30 4E766963 		.ascii	"NvicMux7_IRQn\000"
 1351      4D757837 
 1351      5F495251 
 1351      6E00
 1352              	.LASF24:
 1353 0d3e 4E766963 		.ascii	"NvicMux18_IRQn\000"
 1353      4D757831 
 1353      385F4952 
 1353      516E00
 1354              	.LASF136:
 1355 0d4d 74637077 		.ascii	"tcpwm_0_interrupts_7_IRQn\000"
 1355      6D5F305F 
 1355      696E7465 
 1355      72727570 
 1355      74735F37 
 1356              	.LASF64:
 1357 0d67 63707573 		.ascii	"cpuss_interrupts_ipc_0_IRQn\000"
 1357      735F696E 
 1357      74657272 
 1357      75707473 
 1357      5F697063 
 1358              	.LASF116:
 1359 0d83 63707573 		.ascii	"cpuss_interrupts_dw1_11_IRQn\000"
 1359      735F696E 
 1359      74657272 
 1359      75707473 
 1359      5F647731 
 1360              	.LASF11:
 1361 0da0 4E766963 		.ascii	"NvicMux5_IRQn\000"
 1361      4D757835 
 1361      5F495251 
 1361      6E00
 1362              	.LASF189:
 1363 0dae 4952516E 		.ascii	"IRQn_Type\000"
 1363      5F547970 
 1363      6500
 1364              	.LASF158:
 1365 0db8 74637077 		.ascii	"tcpwm_1_interrupts_21_IRQn\000"
 1365      6D5F315F 
ARM GAS  C:\Users\salaz\AppData\Local\Temp\ccZMRPwT.s 			page 35


 1365      696E7465 
 1365      72727570 
 1365      74735F32 
 1366              	.LASF199:
 1367 0dd3 75696E74 		.ascii	"uint32_t\000"
 1367      33325F74 
 1367      00
 1368              	.LASF139:
 1369 0ddc 74637077 		.ascii	"tcpwm_1_interrupts_2_IRQn\000"
 1369      6D5F315F 
 1369      696E7465 
 1369      72727570 
 1369      74735F32 
 1370              	.LASF71:
 1371 0df6 63707573 		.ascii	"cpuss_interrupts_ipc_7_IRQn\000"
 1371      735F696E 
 1371      74657272 
 1371      75707473 
 1371      5F697063 
 1372              	.LASF106:
 1373 0e12 63707573 		.ascii	"cpuss_interrupts_dw1_1_IRQn\000"
 1373      735F696E 
 1373      74657272 
 1373      75707473 
 1373      5F647731 
 1374              	.LASF78:
 1375 0e2e 63707573 		.ascii	"cpuss_interrupts_ipc_14_IRQn\000"
 1375      735F696E 
 1375      74657272 
 1375      75707473 
 1375      5F697063 
 1376              	.LASF219:
 1377 0e4b 474E5520 		.ascii	"GNU C11 5.4.1 20160609 (release) [ARM/embedded-5-br"
 1377      43313120 
 1377      352E342E 
 1377      31203230 
 1377      31363036 
 1378 0e7e 616E6368 		.ascii	"anch revision 237715] -mcpu=cortex-m0plus -mthumb -"
 1378      20726576 
 1378      6973696F 
 1378      6E203233 
 1378      37373135 
 1379 0eb1 67202D4F 		.ascii	"g -Og -ffunction-sections -ffat-lto-objects\000"
 1379      67202D66 
 1379      66756E63 
 1379      74696F6E 
 1379      2D736563 
 1380              	.LASF179:
 1381 0edd 61756469 		.ascii	"audioss_interrupt_pdm_IRQn\000"
 1381      6F73735F 
 1381      696E7465 
 1381      72727570 
 1381      745F7064 
 1382              	.LASF201:
 1383 0ef8 6C6F6E67 		.ascii	"long double\000"
 1383      20646F75 
 1383      626C6500 
ARM GAS  C:\Users\salaz\AppData\Local\Temp\ccZMRPwT.s 			page 36


 1384              	.LASF202:
 1385 0f04 63686172 		.ascii	"char\000"
 1385      00
 1386              	.LASF209:
 1387 0f09 50726573 		.ascii	"Press1_IRQ_cfg\000"
 1387      73315F49 
 1387      52515F63 
 1387      666700
 1388              	.LASF220:
 1389 0f18 47656E65 		.ascii	"Generated_Source\\PSoC6\\cyfitter_sysint_cfg.c\000"
 1389      72617465 
 1389      645F536F 
 1389      75726365 
 1389      5C50536F 
 1390              	.LASF101:
 1391 0f45 63707573 		.ascii	"cpuss_interrupts_dw0_12_IRQn\000"
 1391      735F696E 
 1391      74657272 
 1391      75707473 
 1391      5F647730 
 1392              	.LASF42:
 1393 0f62 696F7373 		.ascii	"ioss_interrupts_gpio_3_IRQn\000"
 1393      5F696E74 
 1393      65727275 
 1393      7074735F 
 1393      6770696F 
 1394              	.LASF177:
 1395 0f7e 70617373 		.ascii	"pass_interrupt_sar_IRQn\000"
 1395      5F696E74 
 1395      65727275 
 1395      70745F73 
 1395      61725F49 
 1396              	.LASF4:
 1397 0f96 50656E64 		.ascii	"PendSV_IRQn\000"
 1397      53565F49 
 1397      52516E00 
 1398              	.LASF83:
 1399 0fa2 7363625F 		.ascii	"scb_3_interrupt_IRQn\000"
 1399      335F696E 
 1399      74657272 
 1399      7570745F 
 1399      4952516E 
 1400              	.LASF170:
 1401 0fb7 7564625F 		.ascii	"udb_interrupts_9_IRQn\000"
 1401      696E7465 
 1401      72727570 
 1401      74735F39 
 1401      5F495251 
 1402              	.LASF33:
 1403 0fcd 4E766963 		.ascii	"NvicMux27_IRQn\000"
 1403      4D757832 
 1403      375F4952 
 1403      516E00
 1404              	.LASF1:
 1405 0fdc 4E6F6E4D 		.ascii	"NonMaskableInt_IRQn\000"
 1405      61736B61 
 1405      626C6549 
ARM GAS  C:\Users\salaz\AppData\Local\Temp\ccZMRPwT.s 			page 37


 1405      6E745F49 
 1405      52516E00 
 1406              	.LASF156:
 1407 0ff0 74637077 		.ascii	"tcpwm_1_interrupts_19_IRQn\000"
 1407      6D5F315F 
 1407      696E7465 
 1407      72727570 
 1407      74735F31 
 1408              	.LASF86:
 1409 100b 7363625F 		.ascii	"scb_6_interrupt_IRQn\000"
 1409      365F696E 
 1409      74657272 
 1409      7570745F 
 1409      4952516E 
 1410              	.LASF213:
 1411 1020 53656E73 		.ascii	"SensorBus_SCB_IRQ_cfg\000"
 1411      6F724275 
 1411      735F5343 
 1411      425F4952 
 1411      515F6366 
 1412              	.LASF16:
 1413 1036 4E766963 		.ascii	"NvicMux10_IRQn\000"
 1413      4D757831 
 1413      305F4952 
 1413      516E00
 1414              	.LASF25:
 1415 1045 4E766963 		.ascii	"NvicMux19_IRQn\000"
 1415      4D757831 
 1415      395F4952 
 1415      516E00
 1416              	.LASF171:
 1417 1054 7564625F 		.ascii	"udb_interrupts_10_IRQn\000"
 1417      696E7465 
 1417      72727570 
 1417      74735F31 
 1417      305F4952 
 1418              	.LASF40:
 1419 106b 696F7373 		.ascii	"ioss_interrupts_gpio_1_IRQn\000"
 1419      5F696E74 
 1419      65727275 
 1419      7074735F 
 1419      6770696F 
 1420              	.LASF2:
 1421 1087 48617264 		.ascii	"HardFault_IRQn\000"
 1421      4661756C 
 1421      745F4952 
 1421      516E00
 1422              	.LASF218:
 1423 1096 5368616B 		.ascii	"Shake_IRQ_cfg\000"
 1423      655F4952 
 1423      515F6366 
 1423      6700
 1424              	.LASF94:
 1425 10a4 63707573 		.ascii	"cpuss_interrupts_dw0_5_IRQn\000"
 1425      735F696E 
 1425      74657272 
 1425      75707473 
ARM GAS  C:\Users\salaz\AppData\Local\Temp\ccZMRPwT.s 			page 38


 1425      5F647730 
 1426              	.LASF12:
 1427 10c0 4E766963 		.ascii	"NvicMux6_IRQn\000"
 1427      4D757836 
 1427      5F495251 
 1427      6E00
 1428              	.LASF88:
 1429 10ce 6373645F 		.ascii	"csd_interrupt_IRQn\000"
 1429      696E7465 
 1429      72727570 
 1429      745F4952 
 1429      516E00
 1430              	.LASF36:
 1431 10e1 4E766963 		.ascii	"NvicMux30_IRQn\000"
 1431      4D757833 
 1431      305F4952 
 1431      516E00
 1432              	.LASF159:
 1433 10f0 74637077 		.ascii	"tcpwm_1_interrupts_22_IRQn\000"
 1433      6D5F315F 
 1433      696E7465 
 1433      72727570 
 1433      74735F32 
 1434              	.LASF140:
 1435 110b 74637077 		.ascii	"tcpwm_1_interrupts_3_IRQn\000"
 1435      6D5F315F 
 1435      696E7465 
 1435      72727570 
 1435      74735F33 
 1436              	.LASF72:
 1437 1125 63707573 		.ascii	"cpuss_interrupts_ipc_8_IRQn\000"
 1437      735F696E 
 1437      74657272 
 1437      75707473 
 1437      5F697063 
 1438              	.LASF107:
 1439 1141 63707573 		.ascii	"cpuss_interrupts_dw1_2_IRQn\000"
 1439      735F696E 
 1439      74657272 
 1439      75707473 
 1439      5F647731 
 1440              	.LASF79:
 1441 115d 63707573 		.ascii	"cpuss_interrupts_ipc_15_IRQn\000"
 1441      735F696E 
 1441      74657272 
 1441      75707473 
 1441      5F697063 
 1442              	.LASF165:
 1443 117a 7564625F 		.ascii	"udb_interrupts_4_IRQn\000"
 1443      696E7465 
 1443      72727570 
 1443      74735F34 
 1443      5F495251 
 1444              	.LASF28:
 1445 1190 4E766963 		.ascii	"NvicMux22_IRQn\000"
 1445      4D757832 
 1445      325F4952 
ARM GAS  C:\Users\salaz\AppData\Local\Temp\ccZMRPwT.s 			page 39


 1445      516E00
 1446              	.LASF87:
 1447 119f 7363625F 		.ascii	"scb_7_interrupt_IRQn\000"
 1447      375F696E 
 1447      74657272 
 1447      7570745F 
 1447      4952516E 
 1448              	.LASF151:
 1449 11b4 74637077 		.ascii	"tcpwm_1_interrupts_14_IRQn\000"
 1449      6D5F315F 
 1449      696E7465 
 1449      72727570 
 1449      74735F31 
 1450              	.LASF43:
 1451 11cf 696F7373 		.ascii	"ioss_interrupts_gpio_4_IRQn\000"
 1451      5F696E74 
 1451      65727275 
 1451      7074735F 
 1451      6770696F 
 1452              	.LASF181:
 1453 11eb 736D6966 		.ascii	"smif_interrupt_IRQn\000"
 1453      5F696E74 
 1453      65727275 
 1453      70745F49 
 1453      52516E00 
 1454              	.LASF51:
 1455 11ff 696F7373 		.ascii	"ioss_interrupts_gpio_12_IRQn\000"
 1455      5F696E74 
 1455      65727275 
 1455      7074735F 
 1455      6770696F 
 1456              	.LASF173:
 1457 121c 7564625F 		.ascii	"udb_interrupts_12_IRQn\000"
 1457      696E7465 
 1457      72727570 
 1457      74735F31 
 1457      325F4952 
 1458              	.LASF117:
 1459 1233 63707573 		.ascii	"cpuss_interrupts_dw1_12_IRQn\000"
 1459      735F696E 
 1459      74657272 
 1459      75707473 
 1459      5F647731 
 1460              	.LASF89:
 1461 1250 63707573 		.ascii	"cpuss_interrupts_dw0_0_IRQn\000"
 1461      735F696E 
 1461      74657272 
 1461      75707473 
 1461      5F647730 
 1462              	.LASF7:
 1463 126c 4E766963 		.ascii	"NvicMux1_IRQn\000"
 1463      4D757831 
 1463      5F495251 
 1463      6E00
 1464              	.LASF55:
 1465 127a 696F7373 		.ascii	"ioss_interrupt_vdd_IRQn\000"
 1465      5F696E74 
ARM GAS  C:\Users\salaz\AppData\Local\Temp\ccZMRPwT.s 			page 40


 1465      65727275 
 1465      70745F76 
 1465      64645F49 
 1466              	.LASF17:
 1467 1292 4E766963 		.ascii	"NvicMux11_IRQn\000"
 1467      4D757831 
 1467      315F4952 
 1467      516E00
 1468              	.LASF129:
 1469 12a1 74637077 		.ascii	"tcpwm_0_interrupts_0_IRQn\000"
 1469      6D5F305F 
 1469      696E7465 
 1469      72727570 
 1469      74735F30 
 1470              	.LASF62:
 1471 12bb 70617373 		.ascii	"pass_interrupt_ctbs_IRQn\000"
 1471      5F696E74 
 1471      65727275 
 1471      70745F63 
 1471      7462735F 
 1472              	.LASF115:
 1473 12d4 63707573 		.ascii	"cpuss_interrupts_dw1_10_IRQn\000"
 1473      735F696E 
 1473      74657272 
 1473      75707473 
 1473      5F647731 
 1474              	.LASF60:
 1475 12f1 73727373 		.ascii	"srss_interrupt_backup_IRQn\000"
 1475      5F696E74 
 1475      65727275 
 1475      70745F62 
 1475      61636B75 
 1476              	.LASF74:
 1477 130c 63707573 		.ascii	"cpuss_interrupts_ipc_10_IRQn\000"
 1477      735F696E 
 1477      74657272 
 1477      75707473 
 1477      5F697063 
 1478              	.LASF111:
 1479 1329 63707573 		.ascii	"cpuss_interrupts_dw1_6_IRQn\000"
 1479      735F696E 
 1479      74657272 
 1479      75707473 
 1479      5F647731 
 1480              	.LASF96:
 1481 1345 63707573 		.ascii	"cpuss_interrupts_dw0_7_IRQn\000"
 1481      735F696E 
 1481      74657272 
 1481      75707473 
 1481      5F647730 
 1482              	.LASF207:
 1483 1361 696E7472 		.ascii	"intrPriority\000"
 1483      5072696F 
 1483      72697479 
 1483      00
 1484              	.LASF141:
 1485 136e 74637077 		.ascii	"tcpwm_1_interrupts_4_IRQn\000"
ARM GAS  C:\Users\salaz\AppData\Local\Temp\ccZMRPwT.s 			page 41


 1485      6D5F315F 
 1485      696E7465 
 1485      72727570 
 1485      74735F34 
 1486              	.LASF125:
 1487 1388 63707573 		.ascii	"cpuss_interrupts_cm0_cti_0_IRQn\000"
 1487      735F696E 
 1487      74657272 
 1487      75707473 
 1487      5F636D30 
 1488              	.LASF47:
 1489 13a8 696F7373 		.ascii	"ioss_interrupts_gpio_8_IRQn\000"
 1489      5F696E74 
 1489      65727275 
 1489      7074735F 
 1489      6770696F 
 1490              	.LASF73:
 1491 13c4 63707573 		.ascii	"cpuss_interrupts_ipc_9_IRQn\000"
 1491      735F696E 
 1491      74657272 
 1491      75707473 
 1491      5F697063 
 1492              	.LASF166:
 1493 13e0 7564625F 		.ascii	"udb_interrupts_5_IRQn\000"
 1493      696E7465 
 1493      72727570 
 1493      74735F35 
 1493      5F495251 
 1494              	.LASF77:
 1495 13f6 63707573 		.ascii	"cpuss_interrupts_ipc_13_IRQn\000"
 1495      735F696E 
 1495      74657272 
 1495      75707473 
 1495      5F697063 
 1496              	.LASF29:
 1497 1413 4E766963 		.ascii	"NvicMux23_IRQn\000"
 1497      4D757832 
 1497      335F4952 
 1497      516E00
 1498              		.ident	"GCC: (GNU Tools for ARM Embedded Processors) 5.4.1 20160609 (release) [ARM/embedded-5-bran
