ARM GAS  C:\Users\salaz\AppData\Local\Temp\ccF2Ynuk.s 			page 1


   1              		.syntax unified
   2              		.cpu cortex-m0plus
   3              		.fpu softvfp
   4              		.eabi_attribute 20, 1
   5              		.eabi_attribute 21, 1
   6              		.eabi_attribute 23, 3
   7              		.eabi_attribute 24, 1
   8              		.eabi_attribute 25, 1
   9              		.eabi_attribute 26, 1
  10              		.eabi_attribute 30, 1
  11              		.eabi_attribute 34, 0
  12              		.eabi_attribute 18, 4
  13              		.thumb
  14              		.syntax unified
  15              		.file	"BLE_cts_config.c"
  16              		.text
  17              	.Ltext0:
  18              		.cfi_sections	.debug_frame
  19              		.global	cy_ble_ctsConfig
  20              		.section	.rodata
  21              		.align	2
  22              		.type	cy_ble_ctss, %object
  23              		.size	cy_ble_ctss, 10
  24              	cy_ble_ctss:
  25 0000 2400     		.short	36
  26 0002 2600     		.short	38
  27 0004 2700     		.short	39
  28 0006 2900     		.short	41
  29 0008 2B00     		.short	43
  30              		.data
  31              		.align	2
  32              		.type	cy_ble_ctsConfig, %object
  33              		.size	cy_ble_ctsConfig, 8
  34              	cy_ble_ctsConfig:
  35 0000 00000000 		.word	cy_ble_ctss
  36 0004 00000000 		.word	0
  37              		.text
  38              	.Letext0:
  39              		.file 1 "c:\\program files (x86)\\cypress\\psoc creator\\4.2\\psoc creator\\import\\gnu\\arm\\5.4.
  40              		.file 2 "c:\\program files (x86)\\cypress\\psoc creator\\4.2\\psoc creator\\import\\gnu\\arm\\5.4.
  41              		.file 3 "Generated_Source\\PSoC6\\pdl\\middleware/ble/cy_ble_stack_host_main.h"
  42              		.file 4 "Generated_Source\\PSoC6\\pdl\\middleware/ble/cy_ble_stack_gatt.h"
  43              		.file 5 "Generated_Source\\PSoC6\\pdl\\middleware/ble/cy_ble_gap.h"
  44              		.file 6 "Generated_Source\\PSoC6\\pdl\\middleware/ble/cy_ble.h"
  45              		.file 7 "Generated_Source\\PSoC6\\pdl\\middleware/ble/cy_ble_cts.h"
  46              		.file 8 "Generated_Source\\PSoC6\\BLE_cts_config.c"
  47              		.section	.debug_info,"",%progbits
  48              	.Ldebug_info0:
  49 0000 C1020000 		.4byte	0x2c1
  50 0004 0400     		.2byte	0x4
  51 0006 00000000 		.4byte	.Ldebug_abbrev0
  52 000a 04       		.byte	0x4
  53 000b 01       		.uleb128 0x1
  54 000c 5F020000 		.4byte	.LASF58
  55 0010 0C       		.byte	0xc
  56 0011 23000000 		.4byte	.LASF59
  57 0015 74040000 		.4byte	.LASF60
ARM GAS  C:\Users\salaz\AppData\Local\Temp\ccF2Ynuk.s 			page 2


  58 0019 00000000 		.4byte	.Ldebug_line0
  59 001d 02       		.uleb128 0x2
  60 001e 04       		.byte	0x4
  61 001f 05       		.byte	0x5
  62 0020 696E7400 		.ascii	"int\000"
  63 0024 03       		.uleb128 0x3
  64 0025 04       		.byte	0x4
  65 0026 07       		.byte	0x7
  66 0027 F1020000 		.4byte	.LASF0
  67 002b 03       		.uleb128 0x3
  68 002c 08       		.byte	0x8
  69 002d 05       		.byte	0x5
  70 002e B3030000 		.4byte	.LASF1
  71 0032 03       		.uleb128 0x3
  72 0033 08       		.byte	0x8
  73 0034 04       		.byte	0x4
  74 0035 D8040000 		.4byte	.LASF2
  75 0039 03       		.uleb128 0x3
  76 003a 01       		.byte	0x1
  77 003b 06       		.byte	0x6
  78 003c 98030000 		.4byte	.LASF3
  79 0040 04       		.uleb128 0x4
  80 0041 00000000 		.4byte	.LASF6
  81 0045 01       		.byte	0x1
  82 0046 1D       		.byte	0x1d
  83 0047 4B000000 		.4byte	0x4b
  84 004b 03       		.uleb128 0x3
  85 004c 01       		.byte	0x1
  86 004d 08       		.byte	0x8
  87 004e 7D010000 		.4byte	.LASF4
  88 0052 03       		.uleb128 0x3
  89 0053 02       		.byte	0x2
  90 0054 05       		.byte	0x5
  91 0055 0A040000 		.4byte	.LASF5
  92 0059 04       		.uleb128 0x4
  93 005a 31020000 		.4byte	.LASF7
  94 005e 01       		.byte	0x1
  95 005f 2B       		.byte	0x2b
  96 0060 64000000 		.4byte	0x64
  97 0064 03       		.uleb128 0x3
  98 0065 02       		.byte	0x2
  99 0066 07       		.byte	0x7
 100 0067 E4010000 		.4byte	.LASF8
 101 006b 03       		.uleb128 0x3
 102 006c 04       		.byte	0x4
 103 006d 05       		.byte	0x5
 104 006e C7000000 		.4byte	.LASF9
 105 0072 04       		.uleb128 0x4
 106 0073 43020000 		.4byte	.LASF10
 107 0077 01       		.byte	0x1
 108 0078 41       		.byte	0x41
 109 0079 7D000000 		.4byte	0x7d
 110 007d 03       		.uleb128 0x3
 111 007e 04       		.byte	0x4
 112 007f 07       		.byte	0x7
 113 0080 D2010000 		.4byte	.LASF11
 114 0084 03       		.uleb128 0x3
ARM GAS  C:\Users\salaz\AppData\Local\Temp\ccF2Ynuk.s 			page 3


 115 0085 08       		.byte	0x8
 116 0086 07       		.byte	0x7
 117 0087 22030000 		.4byte	.LASF12
 118 008b 03       		.uleb128 0x3
 119 008c 04       		.byte	0x4
 120 008d 07       		.byte	0x7
 121 008e AA030000 		.4byte	.LASF13
 122 0092 05       		.uleb128 0x5
 123 0093 04       		.byte	0x4
 124 0094 03       		.uleb128 0x3
 125 0095 01       		.byte	0x1
 126 0096 08       		.byte	0x8
 127 0097 C1030000 		.4byte	.LASF14
 128 009b 04       		.uleb128 0x4
 129 009c E2000000 		.4byte	.LASF15
 130 00a0 02       		.byte	0x2
 131 00a1 18       		.byte	0x18
 132 00a2 40000000 		.4byte	0x40
 133 00a6 04       		.uleb128 0x4
 134 00a7 14040000 		.4byte	.LASF16
 135 00ab 02       		.byte	0x2
 136 00ac 24       		.byte	0x24
 137 00ad 59000000 		.4byte	0x59
 138 00b1 04       		.uleb128 0x4
 139 00b2 6B040000 		.4byte	.LASF17
 140 00b6 02       		.byte	0x2
 141 00b7 30       		.byte	0x30
 142 00b8 72000000 		.4byte	0x72
 143 00bc 03       		.uleb128 0x3
 144 00bd 04       		.byte	0x4
 145 00be 04       		.byte	0x4
 146 00bf 57010000 		.4byte	.LASF18
 147 00c3 03       		.uleb128 0x3
 148 00c4 08       		.byte	0x8
 149 00c5 04       		.byte	0x4
 150 00c6 3C020000 		.4byte	.LASF19
 151 00ca 06       		.uleb128 0x6
 152 00cb 02       		.byte	0x2
 153 00cc 03       		.byte	0x3
 154 00cd 5B01     		.2byte	0x15b
 155 00cf EE000000 		.4byte	0xee
 156 00d3 07       		.uleb128 0x7
 157 00d4 4B000000 		.4byte	.LASF20
 158 00d8 03       		.byte	0x3
 159 00d9 6501     		.2byte	0x165
 160 00db 9B000000 		.4byte	0x9b
 161 00df 00       		.byte	0
 162 00e0 07       		.uleb128 0x7
 163 00e1 A4030000 		.4byte	.LASF21
 164 00e5 03       		.byte	0x3
 165 00e6 6901     		.2byte	0x169
 166 00e8 9B000000 		.4byte	0x9b
 167 00ec 01       		.byte	0x1
 168 00ed 00       		.byte	0
 169 00ee 08       		.uleb128 0x8
 170 00ef 7F000000 		.4byte	.LASF22
 171 00f3 03       		.byte	0x3
ARM GAS  C:\Users\salaz\AppData\Local\Temp\ccF2Ynuk.s 			page 4


 172 00f4 6B01     		.2byte	0x16b
 173 00f6 CA000000 		.4byte	0xca
 174 00fa 08       		.uleb128 0x8
 175 00fb B5010000 		.4byte	.LASF23
 176 00ff 04       		.byte	0x4
 177 0100 7F01     		.2byte	0x17f
 178 0102 A6000000 		.4byte	0xa6
 179 0106 09       		.uleb128 0x9
 180 0107 01       		.byte	0x1
 181 0108 4B000000 		.4byte	0x4b
 182 010c 05       		.byte	0x5
 183 010d 7E       		.byte	0x7e
 184 010e 2B010000 		.4byte	0x12b
 185 0112 0A       		.uleb128 0xa
 186 0113 0A000000 		.4byte	.LASF24
 187 0117 00       		.byte	0
 188 0118 0A       		.uleb128 0xa
 189 0119 5A030000 		.4byte	.LASF25
 190 011d 01       		.byte	0x1
 191 011e 0A       		.uleb128 0xa
 192 011f 1D040000 		.4byte	.LASF26
 193 0123 02       		.byte	0x2
 194 0124 0A       		.uleb128 0xa
 195 0125 5D010000 		.4byte	.LASF27
 196 0129 03       		.byte	0x3
 197 012a 00       		.byte	0
 198 012b 04       		.uleb128 0x4
 199 012c 3C010000 		.4byte	.LASF28
 200 0130 05       		.byte	0x5
 201 0131 83       		.byte	0x83
 202 0132 06010000 		.4byte	0x106
 203 0136 09       		.uleb128 0x9
 204 0137 01       		.byte	0x1
 205 0138 4B000000 		.4byte	0x4b
 206 013c 05       		.byte	0x5
 207 013d 87       		.byte	0x87
 208 013e 73010000 		.4byte	0x173
 209 0142 0A       		.uleb128 0xa
 210 0143 DE030000 		.4byte	.LASF29
 211 0147 00       		.byte	0
 212 0148 0A       		.uleb128 0xa
 213 0149 3A040000 		.4byte	.LASF30
 214 014d 01       		.byte	0x1
 215 014e 0A       		.uleb128 0xa
 216 014f AB000000 		.4byte	.LASF31
 217 0153 02       		.byte	0x2
 218 0154 0A       		.uleb128 0xa
 219 0155 12010000 		.4byte	.LASF32
 220 0159 03       		.byte	0x3
 221 015a 0A       		.uleb128 0xa
 222 015b 8B010000 		.4byte	.LASF33
 223 015f 04       		.byte	0x4
 224 0160 0A       		.uleb128 0xa
 225 0161 F7010000 		.4byte	.LASF34
 226 0165 05       		.byte	0x5
 227 0166 0A       		.uleb128 0xa
 228 0167 54000000 		.4byte	.LASF35
ARM GAS  C:\Users\salaz\AppData\Local\Temp\ccF2Ynuk.s 			page 5


 229 016b 06       		.byte	0x6
 230 016c 0A       		.uleb128 0xa
 231 016d FE020000 		.4byte	.LASF36
 232 0171 07       		.byte	0x7
 233 0172 00       		.byte	0
 234 0173 04       		.uleb128 0x4
 235 0174 5E050000 		.4byte	.LASF37
 236 0178 05       		.byte	0x5
 237 0179 90       		.byte	0x90
 238 017a 36010000 		.4byte	0x136
 239 017e 04       		.uleb128 0x4
 240 017f EA000000 		.4byte	.LASF38
 241 0183 06       		.byte	0x6
 242 0184 40       		.byte	0x40
 243 0185 89010000 		.4byte	0x189
 244 0189 0B       		.uleb128 0xb
 245 018a 04       		.byte	0x4
 246 018b 8F010000 		.4byte	0x18f
 247 018f 0C       		.uleb128 0xc
 248 0190 9F010000 		.4byte	0x19f
 249 0194 0D       		.uleb128 0xd
 250 0195 B1000000 		.4byte	0xb1
 251 0199 0D       		.uleb128 0xd
 252 019a 92000000 		.4byte	0x92
 253 019e 00       		.byte	0
 254 019f 03       		.uleb128 0x3
 255 01a0 01       		.byte	0x1
 256 01a1 02       		.byte	0x2
 257 01a2 20050000 		.4byte	.LASF39
 258 01a6 09       		.uleb128 0x9
 259 01a7 01       		.byte	0x1
 260 01a8 4B000000 		.4byte	0x4b
 261 01ac 07       		.byte	0x7
 262 01ad 29       		.byte	0x29
 263 01ae CB010000 		.4byte	0x1cb
 264 01b2 0A       		.uleb128 0xa
 265 01b3 C6030000 		.4byte	.LASF40
 266 01b7 00       		.byte	0
 267 01b8 0A       		.uleb128 0xa
 268 01b9 BD040000 		.4byte	.LASF41
 269 01bd 01       		.byte	0x1
 270 01be 0A       		.uleb128 0xa
 271 01bf 79030000 		.4byte	.LASF42
 272 01c3 02       		.byte	0x2
 273 01c4 0A       		.uleb128 0xa
 274 01c5 FC000000 		.4byte	.LASF43
 275 01c9 03       		.byte	0x3
 276 01ca 00       		.byte	0
 277 01cb 0E       		.uleb128 0xe
 278 01cc 0A       		.byte	0xa
 279 01cd 07       		.byte	0x7
 280 01ce 69       		.byte	0x69
 281 01cf 10020000 		.4byte	0x210
 282 01d3 0F       		.uleb128 0xf
 283 01d4 26050000 		.4byte	.LASF44
 284 01d8 07       		.byte	0x7
 285 01d9 6B       		.byte	0x6b
ARM GAS  C:\Users\salaz\AppData\Local\Temp\ccF2Ynuk.s 			page 6


 286 01da FA000000 		.4byte	0xfa
 287 01de 00       		.byte	0
 288 01df 0F       		.uleb128 0xf
 289 01e0 98000000 		.4byte	.LASF45
 290 01e4 07       		.byte	0x7
 291 01e5 6C       		.byte	0x6c
 292 01e6 FA000000 		.4byte	0xfa
 293 01ea 02       		.byte	0x2
 294 01eb 0F       		.uleb128 0xf
 295 01ec 0D050000 		.4byte	.LASF46
 296 01f0 07       		.byte	0x7
 297 01f1 6D       		.byte	0x6d
 298 01f2 FA000000 		.4byte	0xfa
 299 01f6 04       		.byte	0x4
 300 01f7 0F       		.uleb128 0xf
 301 01f8 F6040000 		.4byte	.LASF47
 302 01fc 07       		.byte	0x7
 303 01fd 6F       		.byte	0x6f
 304 01fe FA000000 		.4byte	0xfa
 305 0202 06       		.byte	0x6
 306 0203 0F       		.uleb128 0xf
 307 0204 45030000 		.4byte	.LASF48
 308 0208 07       		.byte	0x7
 309 0209 70       		.byte	0x70
 310 020a FA000000 		.4byte	0xfa
 311 020e 08       		.byte	0x8
 312 020f 00       		.byte	0
 313 0210 04       		.uleb128 0x4
 314 0211 E4040000 		.4byte	.LASF49
 315 0215 07       		.byte	0x7
 316 0216 71       		.byte	0x71
 317 0217 CB010000 		.4byte	0x1cb
 318 021b 0E       		.uleb128 0xe
 319 021c 08       		.byte	0x8
 320 021d 07       		.byte	0x7
 321 021e 7E       		.byte	0x7e
 322 021f 3C020000 		.4byte	0x23c
 323 0223 0F       		.uleb128 0xf
 324 0224 52010000 		.4byte	.LASF50
 325 0228 07       		.byte	0x7
 326 0229 81       		.byte	0x81
 327 022a 3C020000 		.4byte	0x23c
 328 022e 00       		.byte	0
 329 022f 0F       		.uleb128 0xf
 330 0230 FD030000 		.4byte	.LASF51
 331 0234 07       		.byte	0x7
 332 0235 84       		.byte	0x84
 333 0236 7E010000 		.4byte	0x17e
 334 023a 04       		.byte	0x4
 335 023b 00       		.byte	0
 336 023c 0B       		.uleb128 0xb
 337 023d 04       		.byte	0x4
 338 023e 42020000 		.4byte	0x242
 339 0242 10       		.uleb128 0x10
 340 0243 10020000 		.4byte	0x210
 341 0247 04       		.uleb128 0x4
 342 0248 A5040000 		.4byte	.LASF52
ARM GAS  C:\Users\salaz\AppData\Local\Temp\ccF2Ynuk.s 			page 7


 343 024c 07       		.byte	0x7
 344 024d 85       		.byte	0x85
 345 024e 1B020000 		.4byte	0x21b
 346 0252 11       		.uleb128 0x11
 347 0253 39030000 		.4byte	.LASF61
 348 0257 08       		.byte	0x8
 349 0258 18       		.byte	0x18
 350 0259 42020000 		.4byte	0x242
 351 025d 05       		.uleb128 0x5
 352 025e 03       		.byte	0x3
 353 025f 00000000 		.4byte	cy_ble_ctss
 354 0263 12       		.uleb128 0x12
 355 0264 21020000 		.4byte	.LASF53
 356 0268 05       		.byte	0x5
 357 0269 2202     		.2byte	0x222
 358 026b 2B010000 		.4byte	0x12b
 359 026f 13       		.uleb128 0x13
 360 0270 EE000000 		.4byte	0xee
 361 0274 7F020000 		.4byte	0x27f
 362 0278 14       		.uleb128 0x14
 363 0279 8B000000 		.4byte	0x8b
 364 027d 00       		.byte	0
 365 027e 00       		.byte	0
 366 027f 12       		.uleb128 0x12
 367 0280 D0000000 		.4byte	.LASF54
 368 0284 05       		.byte	0x5
 369 0285 2C02     		.2byte	0x22c
 370 0287 6F020000 		.4byte	0x26f
 371 028b 13       		.uleb128 0x13
 372 028c 73010000 		.4byte	0x173
 373 0290 9B020000 		.4byte	0x29b
 374 0294 14       		.uleb128 0x14
 375 0295 8B000000 		.4byte	0x8b
 376 0299 00       		.byte	0
 377 029a 00       		.byte	0
 378 029b 12       		.uleb128 0x12
 379 029c 34050000 		.4byte	.LASF55
 380 02a0 05       		.byte	0x5
 381 02a1 2D02     		.2byte	0x22d
 382 02a3 8B020000 		.4byte	0x28b
 383 02a7 12       		.uleb128 0x12
 384 02a8 45050000 		.4byte	.LASF56
 385 02ac 05       		.byte	0x5
 386 02ad 5202     		.2byte	0x252
 387 02af 9B000000 		.4byte	0x9b
 388 02b3 15       		.uleb128 0x15
 389 02b4 4E020000 		.4byte	.LASF57
 390 02b8 08       		.byte	0x8
 391 02b9 28       		.byte	0x28
 392 02ba 47020000 		.4byte	0x247
 393 02be 05       		.uleb128 0x5
 394 02bf 03       		.byte	0x3
 395 02c0 00000000 		.4byte	cy_ble_ctsConfig
 396 02c4 00       		.byte	0
 397              		.section	.debug_abbrev,"",%progbits
 398              	.Ldebug_abbrev0:
 399 0000 01       		.uleb128 0x1
ARM GAS  C:\Users\salaz\AppData\Local\Temp\ccF2Ynuk.s 			page 8


 400 0001 11       		.uleb128 0x11
 401 0002 01       		.byte	0x1
 402 0003 25       		.uleb128 0x25
 403 0004 0E       		.uleb128 0xe
 404 0005 13       		.uleb128 0x13
 405 0006 0B       		.uleb128 0xb
 406 0007 03       		.uleb128 0x3
 407 0008 0E       		.uleb128 0xe
 408 0009 1B       		.uleb128 0x1b
 409 000a 0E       		.uleb128 0xe
 410 000b 10       		.uleb128 0x10
 411 000c 17       		.uleb128 0x17
 412 000d 00       		.byte	0
 413 000e 00       		.byte	0
 414 000f 02       		.uleb128 0x2
 415 0010 24       		.uleb128 0x24
 416 0011 00       		.byte	0
 417 0012 0B       		.uleb128 0xb
 418 0013 0B       		.uleb128 0xb
 419 0014 3E       		.uleb128 0x3e
 420 0015 0B       		.uleb128 0xb
 421 0016 03       		.uleb128 0x3
 422 0017 08       		.uleb128 0x8
 423 0018 00       		.byte	0
 424 0019 00       		.byte	0
 425 001a 03       		.uleb128 0x3
 426 001b 24       		.uleb128 0x24
 427 001c 00       		.byte	0
 428 001d 0B       		.uleb128 0xb
 429 001e 0B       		.uleb128 0xb
 430 001f 3E       		.uleb128 0x3e
 431 0020 0B       		.uleb128 0xb
 432 0021 03       		.uleb128 0x3
 433 0022 0E       		.uleb128 0xe
 434 0023 00       		.byte	0
 435 0024 00       		.byte	0
 436 0025 04       		.uleb128 0x4
 437 0026 16       		.uleb128 0x16
 438 0027 00       		.byte	0
 439 0028 03       		.uleb128 0x3
 440 0029 0E       		.uleb128 0xe
 441 002a 3A       		.uleb128 0x3a
 442 002b 0B       		.uleb128 0xb
 443 002c 3B       		.uleb128 0x3b
 444 002d 0B       		.uleb128 0xb
 445 002e 49       		.uleb128 0x49
 446 002f 13       		.uleb128 0x13
 447 0030 00       		.byte	0
 448 0031 00       		.byte	0
 449 0032 05       		.uleb128 0x5
 450 0033 0F       		.uleb128 0xf
 451 0034 00       		.byte	0
 452 0035 0B       		.uleb128 0xb
 453 0036 0B       		.uleb128 0xb
 454 0037 00       		.byte	0
 455 0038 00       		.byte	0
 456 0039 06       		.uleb128 0x6
ARM GAS  C:\Users\salaz\AppData\Local\Temp\ccF2Ynuk.s 			page 9


 457 003a 13       		.uleb128 0x13
 458 003b 01       		.byte	0x1
 459 003c 0B       		.uleb128 0xb
 460 003d 0B       		.uleb128 0xb
 461 003e 3A       		.uleb128 0x3a
 462 003f 0B       		.uleb128 0xb
 463 0040 3B       		.uleb128 0x3b
 464 0041 05       		.uleb128 0x5
 465 0042 01       		.uleb128 0x1
 466 0043 13       		.uleb128 0x13
 467 0044 00       		.byte	0
 468 0045 00       		.byte	0
 469 0046 07       		.uleb128 0x7
 470 0047 0D       		.uleb128 0xd
 471 0048 00       		.byte	0
 472 0049 03       		.uleb128 0x3
 473 004a 0E       		.uleb128 0xe
 474 004b 3A       		.uleb128 0x3a
 475 004c 0B       		.uleb128 0xb
 476 004d 3B       		.uleb128 0x3b
 477 004e 05       		.uleb128 0x5
 478 004f 49       		.uleb128 0x49
 479 0050 13       		.uleb128 0x13
 480 0051 38       		.uleb128 0x38
 481 0052 0B       		.uleb128 0xb
 482 0053 00       		.byte	0
 483 0054 00       		.byte	0
 484 0055 08       		.uleb128 0x8
 485 0056 16       		.uleb128 0x16
 486 0057 00       		.byte	0
 487 0058 03       		.uleb128 0x3
 488 0059 0E       		.uleb128 0xe
 489 005a 3A       		.uleb128 0x3a
 490 005b 0B       		.uleb128 0xb
 491 005c 3B       		.uleb128 0x3b
 492 005d 05       		.uleb128 0x5
 493 005e 49       		.uleb128 0x49
 494 005f 13       		.uleb128 0x13
 495 0060 00       		.byte	0
 496 0061 00       		.byte	0
 497 0062 09       		.uleb128 0x9
 498 0063 04       		.uleb128 0x4
 499 0064 01       		.byte	0x1
 500 0065 0B       		.uleb128 0xb
 501 0066 0B       		.uleb128 0xb
 502 0067 49       		.uleb128 0x49
 503 0068 13       		.uleb128 0x13
 504 0069 3A       		.uleb128 0x3a
 505 006a 0B       		.uleb128 0xb
 506 006b 3B       		.uleb128 0x3b
 507 006c 0B       		.uleb128 0xb
 508 006d 01       		.uleb128 0x1
 509 006e 13       		.uleb128 0x13
 510 006f 00       		.byte	0
 511 0070 00       		.byte	0
 512 0071 0A       		.uleb128 0xa
 513 0072 28       		.uleb128 0x28
ARM GAS  C:\Users\salaz\AppData\Local\Temp\ccF2Ynuk.s 			page 10


 514 0073 00       		.byte	0
 515 0074 03       		.uleb128 0x3
 516 0075 0E       		.uleb128 0xe
 517 0076 1C       		.uleb128 0x1c
 518 0077 0B       		.uleb128 0xb
 519 0078 00       		.byte	0
 520 0079 00       		.byte	0
 521 007a 0B       		.uleb128 0xb
 522 007b 0F       		.uleb128 0xf
 523 007c 00       		.byte	0
 524 007d 0B       		.uleb128 0xb
 525 007e 0B       		.uleb128 0xb
 526 007f 49       		.uleb128 0x49
 527 0080 13       		.uleb128 0x13
 528 0081 00       		.byte	0
 529 0082 00       		.byte	0
 530 0083 0C       		.uleb128 0xc
 531 0084 15       		.uleb128 0x15
 532 0085 01       		.byte	0x1
 533 0086 27       		.uleb128 0x27
 534 0087 19       		.uleb128 0x19
 535 0088 01       		.uleb128 0x1
 536 0089 13       		.uleb128 0x13
 537 008a 00       		.byte	0
 538 008b 00       		.byte	0
 539 008c 0D       		.uleb128 0xd
 540 008d 05       		.uleb128 0x5
 541 008e 00       		.byte	0
 542 008f 49       		.uleb128 0x49
 543 0090 13       		.uleb128 0x13
 544 0091 00       		.byte	0
 545 0092 00       		.byte	0
 546 0093 0E       		.uleb128 0xe
 547 0094 13       		.uleb128 0x13
 548 0095 01       		.byte	0x1
 549 0096 0B       		.uleb128 0xb
 550 0097 0B       		.uleb128 0xb
 551 0098 3A       		.uleb128 0x3a
 552 0099 0B       		.uleb128 0xb
 553 009a 3B       		.uleb128 0x3b
 554 009b 0B       		.uleb128 0xb
 555 009c 01       		.uleb128 0x1
 556 009d 13       		.uleb128 0x13
 557 009e 00       		.byte	0
 558 009f 00       		.byte	0
 559 00a0 0F       		.uleb128 0xf
 560 00a1 0D       		.uleb128 0xd
 561 00a2 00       		.byte	0
 562 00a3 03       		.uleb128 0x3
 563 00a4 0E       		.uleb128 0xe
 564 00a5 3A       		.uleb128 0x3a
 565 00a6 0B       		.uleb128 0xb
 566 00a7 3B       		.uleb128 0x3b
 567 00a8 0B       		.uleb128 0xb
 568 00a9 49       		.uleb128 0x49
 569 00aa 13       		.uleb128 0x13
 570 00ab 38       		.uleb128 0x38
ARM GAS  C:\Users\salaz\AppData\Local\Temp\ccF2Ynuk.s 			page 11


 571 00ac 0B       		.uleb128 0xb
 572 00ad 00       		.byte	0
 573 00ae 00       		.byte	0
 574 00af 10       		.uleb128 0x10
 575 00b0 26       		.uleb128 0x26
 576 00b1 00       		.byte	0
 577 00b2 49       		.uleb128 0x49
 578 00b3 13       		.uleb128 0x13
 579 00b4 00       		.byte	0
 580 00b5 00       		.byte	0
 581 00b6 11       		.uleb128 0x11
 582 00b7 34       		.uleb128 0x34
 583 00b8 00       		.byte	0
 584 00b9 03       		.uleb128 0x3
 585 00ba 0E       		.uleb128 0xe
 586 00bb 3A       		.uleb128 0x3a
 587 00bc 0B       		.uleb128 0xb
 588 00bd 3B       		.uleb128 0x3b
 589 00be 0B       		.uleb128 0xb
 590 00bf 49       		.uleb128 0x49
 591 00c0 13       		.uleb128 0x13
 592 00c1 02       		.uleb128 0x2
 593 00c2 18       		.uleb128 0x18
 594 00c3 00       		.byte	0
 595 00c4 00       		.byte	0
 596 00c5 12       		.uleb128 0x12
 597 00c6 34       		.uleb128 0x34
 598 00c7 00       		.byte	0
 599 00c8 03       		.uleb128 0x3
 600 00c9 0E       		.uleb128 0xe
 601 00ca 3A       		.uleb128 0x3a
 602 00cb 0B       		.uleb128 0xb
 603 00cc 3B       		.uleb128 0x3b
 604 00cd 05       		.uleb128 0x5
 605 00ce 49       		.uleb128 0x49
 606 00cf 13       		.uleb128 0x13
 607 00d0 3F       		.uleb128 0x3f
 608 00d1 19       		.uleb128 0x19
 609 00d2 3C       		.uleb128 0x3c
 610 00d3 19       		.uleb128 0x19
 611 00d4 00       		.byte	0
 612 00d5 00       		.byte	0
 613 00d6 13       		.uleb128 0x13
 614 00d7 01       		.uleb128 0x1
 615 00d8 01       		.byte	0x1
 616 00d9 49       		.uleb128 0x49
 617 00da 13       		.uleb128 0x13
 618 00db 01       		.uleb128 0x1
 619 00dc 13       		.uleb128 0x13
 620 00dd 00       		.byte	0
 621 00de 00       		.byte	0
 622 00df 14       		.uleb128 0x14
 623 00e0 21       		.uleb128 0x21
 624 00e1 00       		.byte	0
 625 00e2 49       		.uleb128 0x49
 626 00e3 13       		.uleb128 0x13
 627 00e4 2F       		.uleb128 0x2f
ARM GAS  C:\Users\salaz\AppData\Local\Temp\ccF2Ynuk.s 			page 12


 628 00e5 0B       		.uleb128 0xb
 629 00e6 00       		.byte	0
 630 00e7 00       		.byte	0
 631 00e8 15       		.uleb128 0x15
 632 00e9 34       		.uleb128 0x34
 633 00ea 00       		.byte	0
 634 00eb 03       		.uleb128 0x3
 635 00ec 0E       		.uleb128 0xe
 636 00ed 3A       		.uleb128 0x3a
 637 00ee 0B       		.uleb128 0xb
 638 00ef 3B       		.uleb128 0x3b
 639 00f0 0B       		.uleb128 0xb
 640 00f1 49       		.uleb128 0x49
 641 00f2 13       		.uleb128 0x13
 642 00f3 3F       		.uleb128 0x3f
 643 00f4 19       		.uleb128 0x19
 644 00f5 02       		.uleb128 0x2
 645 00f6 18       		.uleb128 0x18
 646 00f7 00       		.byte	0
 647 00f8 00       		.byte	0
 648 00f9 00       		.byte	0
 649              		.section	.debug_aranges,"",%progbits
 650 0000 14000000 		.4byte	0x14
 651 0004 0200     		.2byte	0x2
 652 0006 00000000 		.4byte	.Ldebug_info0
 653 000a 04       		.byte	0x4
 654 000b 00       		.byte	0
 655 000c 0000     		.2byte	0
 656 000e 0000     		.2byte	0
 657 0010 00000000 		.4byte	0
 658 0014 00000000 		.4byte	0
 659              		.section	.debug_line,"",%progbits
 660              	.Ldebug_line0:
 661 0000 CA010000 		.section	.debug_str,"MS",%progbits,1
 661      0200C401 
 661      00000201 
 661      FB0E0D00 
 661      01010101 
 662              	.LASF6:
 663 0000 5F5F7569 		.ascii	"__uint8_t\000"
 663      6E74385F 
 663      7400
 664              	.LASF24:
 665 000a 43595F42 		.ascii	"CY_BLE_ADV_STATE_STOPPED\000"
 665      4C455F41 
 665      44565F53 
 665      54415445 
 665      5F53544F 
 666              	.LASF59:
 667 0023 47656E65 		.ascii	"Generated_Source\\PSoC6\\BLE_cts_config.c\000"
 667      72617465 
 667      645F536F 
 667      75726365 
 667      5C50536F 
 668              	.LASF20:
 669 004b 62644861 		.ascii	"bdHandle\000"
 669      6E646C65 
ARM GAS  C:\Users\salaz\AppData\Local\Temp\ccF2Ynuk.s 			page 13


 669      00
 670              	.LASF35:
 671 0054 43595F42 		.ascii	"CY_BLE_CONN_STATE_CLIENT_DESCR_DISCOVERING\000"
 671      4C455F43 
 671      4F4E4E5F 
 671      53544154 
 671      455F434C 
 672              	.LASF22:
 673 007f 63795F73 		.ascii	"cy_stc_ble_conn_handle_t\000"
 673      74635F62 
 673      6C655F63 
 673      6F6E6E5F 
 673      68616E64 
 674              	.LASF45:
 675 0098 63757272 		.ascii	"currTimeCharHandle\000"
 675      54696D65 
 675      43686172 
 675      48616E64 
 675      6C6500
 676              	.LASF31:
 677 00ab 43595F42 		.ascii	"CY_BLE_CONN_STATE_CONNECTED\000"
 677      4C455F43 
 677      4F4E4E5F 
 677      53544154 
 677      455F434F 
 678              	.LASF9:
 679 00c7 6C6F6E67 		.ascii	"long int\000"
 679      20696E74 
 679      00
 680              	.LASF54:
 681 00d0 63795F62 		.ascii	"cy_ble_connHandle\000"
 681      6C655F63 
 681      6F6E6E48 
 681      616E646C 
 681      6500
 682              	.LASF15:
 683 00e2 75696E74 		.ascii	"uint8_t\000"
 683      385F7400 
 684              	.LASF38:
 685 00ea 63795F62 		.ascii	"cy_ble_callback_t\000"
 685      6C655F63 
 685      616C6C62 
 685      61636B5F 
 685      7400
 686              	.LASF43:
 687 00fc 43595F42 		.ascii	"CY_BLE_CTS_CHAR_COUNT\000"
 687      4C455F43 
 687      54535F43 
 687      4841525F 
 687      434F554E 
 688              	.LASF32:
 689 0112 43595F42 		.ascii	"CY_BLE_CONN_STATE_CLIENT_SRVC_DISCOVERING\000"
 689      4C455F43 
 689      4F4E4E5F 
 689      53544154 
 689      455F434C 
 690              	.LASF28:
ARM GAS  C:\Users\salaz\AppData\Local\Temp\ccF2Ynuk.s 			page 14


 691 013c 63795F65 		.ascii	"cy_en_ble_adv_state_t\000"
 691      6E5F626C 
 691      655F6164 
 691      765F7374 
 691      6174655F 
 692              	.LASF50:
 693 0152 63747373 		.ascii	"ctss\000"
 693      00
 694              	.LASF18:
 695 0157 666C6F61 		.ascii	"float\000"
 695      7400
 696              	.LASF27:
 697 015d 43595F42 		.ascii	"CY_BLE_ADV_STATE_STOP_INITIATED\000"
 697      4C455F41 
 697      44565F53 
 697      54415445 
 697      5F53544F 
 698              	.LASF4:
 699 017d 756E7369 		.ascii	"unsigned char\000"
 699      676E6564 
 699      20636861 
 699      7200
 700              	.LASF33:
 701 018b 43595F42 		.ascii	"CY_BLE_CONN_STATE_CLIENT_INCL_DISCOVERING\000"
 701      4C455F43 
 701      4F4E4E5F 
 701      53544154 
 701      455F434C 
 702              	.LASF23:
 703 01b5 63795F62 		.ascii	"cy_ble_gatt_db_attr_handle_t\000"
 703      6C655F67 
 703      6174745F 
 703      64625F61 
 703      7474725F 
 704              	.LASF11:
 705 01d2 6C6F6E67 		.ascii	"long unsigned int\000"
 705      20756E73 
 705      69676E65 
 705      6420696E 
 705      7400
 706              	.LASF8:
 707 01e4 73686F72 		.ascii	"short unsigned int\000"
 707      7420756E 
 707      7369676E 
 707      65642069 
 707      6E7400
 708              	.LASF34:
 709 01f7 43595F42 		.ascii	"CY_BLE_CONN_STATE_CLIENT_CHAR_DISCOVERING\000"
 709      4C455F43 
 709      4F4E4E5F 
 709      53544154 
 709      455F434C 
 710              	.LASF53:
 711 0221 63795F62 		.ascii	"cy_ble_advState\000"
 711      6C655F61 
 711      64765374 
 711      61746500 
ARM GAS  C:\Users\salaz\AppData\Local\Temp\ccF2Ynuk.s 			page 15


 712              	.LASF7:
 713 0231 5F5F7569 		.ascii	"__uint16_t\000"
 713      6E743136 
 713      5F7400
 714              	.LASF19:
 715 023c 646F7562 		.ascii	"double\000"
 715      6C6500
 716              	.LASF10:
 717 0243 5F5F7569 		.ascii	"__uint32_t\000"
 717      6E743332 
 717      5F7400
 718              	.LASF57:
 719 024e 63795F62 		.ascii	"cy_ble_ctsConfig\000"
 719      6C655F63 
 719      7473436F 
 719      6E666967 
 719      00
 720              	.LASF58:
 721 025f 474E5520 		.ascii	"GNU C11 5.4.1 20160609 (release) [ARM/embedded-5-br"
 721      43313120 
 721      352E342E 
 721      31203230 
 721      31363036 
 722 0292 616E6368 		.ascii	"anch revision 237715] -mcpu=cortex-m0plus -mthumb -"
 722      20726576 
 722      6973696F 
 722      6E203233 
 722      37373135 
 723 02c5 67202D4F 		.ascii	"g -Og -ffunction-sections -ffat-lto-objects\000"
 723      67202D66 
 723      66756E63 
 723      74696F6E 
 723      2D736563 
 724              	.LASF0:
 725 02f1 756E7369 		.ascii	"unsigned int\000"
 725      676E6564 
 725      20696E74 
 725      00
 726              	.LASF36:
 727 02fe 43595F42 		.ascii	"CY_BLE_CONN_STATE_CLIENT_DISCOVERED\000"
 727      4C455F43 
 727      4F4E4E5F 
 727      53544154 
 727      455F434C 
 728              	.LASF12:
 729 0322 6C6F6E67 		.ascii	"long long unsigned int\000"
 729      206C6F6E 
 729      6720756E 
 729      7369676E 
 729      65642069 
 730              	.LASF61:
 731 0339 63795F62 		.ascii	"cy_ble_ctss\000"
 731      6C655F63 
 731      74737300 
 732              	.LASF48:
 733 0345 72656654 		.ascii	"refTimeInfCharHandle\000"
 733      696D6549 
ARM GAS  C:\Users\salaz\AppData\Local\Temp\ccF2Ynuk.s 			page 16


 733      6E664368 
 733      61724861 
 733      6E646C65 
 734              	.LASF25:
 735 035a 43595F42 		.ascii	"CY_BLE_ADV_STATE_ADV_INITIATED\000"
 735      4C455F41 
 735      44565F53 
 735      54415445 
 735      5F414456 
 736              	.LASF42:
 737 0379 43595F42 		.ascii	"CY_BLE_CTS_REFERENCE_TIME_INFO\000"
 737      4C455F43 
 737      54535F52 
 737      45464552 
 737      454E4345 
 738              	.LASF3:
 739 0398 7369676E 		.ascii	"signed char\000"
 739      65642063 
 739      68617200 
 740              	.LASF21:
 741 03a4 61747449 		.ascii	"attId\000"
 741      6400
 742              	.LASF13:
 743 03aa 73697A65 		.ascii	"sizetype\000"
 743      74797065 
 743      00
 744              	.LASF1:
 745 03b3 6C6F6E67 		.ascii	"long long int\000"
 745      206C6F6E 
 745      6720696E 
 745      7400
 746              	.LASF14:
 747 03c1 63686172 		.ascii	"char\000"
 747      00
 748              	.LASF40:
 749 03c6 43595F42 		.ascii	"CY_BLE_CTS_CURRENT_TIME\000"
 749      4C455F43 
 749      54535F43 
 749      55525245 
 749      4E545F54 
 750              	.LASF29:
 751 03de 43595F42 		.ascii	"CY_BLE_CONN_STATE_DISCONNECTED\000"
 751      4C455F43 
 751      4F4E4E5F 
 751      53544154 
 751      455F4449 
 752              	.LASF51:
 753 03fd 63616C6C 		.ascii	"callbackFunc\000"
 753      6261636B 
 753      46756E63 
 753      00
 754              	.LASF5:
 755 040a 73686F72 		.ascii	"short int\000"
 755      7420696E 
 755      7400
 756              	.LASF16:
 757 0414 75696E74 		.ascii	"uint16_t\000"
ARM GAS  C:\Users\salaz\AppData\Local\Temp\ccF2Ynuk.s 			page 17


 757      31365F74 
 757      00
 758              	.LASF26:
 759 041d 43595F42 		.ascii	"CY_BLE_ADV_STATE_ADVERTISING\000"
 759      4C455F41 
 759      44565F53 
 759      54415445 
 759      5F414456 
 760              	.LASF30:
 761 043a 43595F42 		.ascii	"CY_BLE_CONN_STATE_CLIENT_DISCONNECTED_DISCOVERED\000"
 761      4C455F43 
 761      4F4E4E5F 
 761      53544154 
 761      455F434C 
 762              	.LASF17:
 763 046b 75696E74 		.ascii	"uint32_t\000"
 763      33325F74 
 763      00
 764              	.LASF60:
 765 0474 433A5C55 		.ascii	"C:\\Users\\salaz\\Desktop\\Handle\\Bike FSM_new.cyd"
 765      73657273 
 765      5C73616C 
 765      617A5C44 
 765      65736B74 
 766 04a2 736E00   		.ascii	"sn\000"
 767              	.LASF52:
 768 04a5 63795F73 		.ascii	"cy_stc_ble_cts_config_t\000"
 768      74635F62 
 768      6C655F63 
 768      74735F63 
 768      6F6E6669 
 769              	.LASF41:
 770 04bd 43595F42 		.ascii	"CY_BLE_CTS_LOCAL_TIME_INFO\000"
 770      4C455F43 
 770      54535F4C 
 770      4F43414C 
 770      5F54494D 
 771              	.LASF2:
 772 04d8 6C6F6E67 		.ascii	"long double\000"
 772      20646F75 
 772      626C6500 
 773              	.LASF49:
 774 04e4 63795F73 		.ascii	"cy_stc_ble_ctss_t\000"
 774      74635F62 
 774      6C655F63 
 774      7473735F 
 774      7400
 775              	.LASF47:
 776 04f6 6C6F6361 		.ascii	"localTimeInfCharHandle\000"
 776      6C54696D 
 776      65496E66 
 776      43686172 
 776      48616E64 
 777              	.LASF46:
 778 050d 63757272 		.ascii	"currTimeCccdHandle\000"
 778      54696D65 
 778      43636364 
ARM GAS  C:\Users\salaz\AppData\Local\Temp\ccF2Ynuk.s 			page 18


 778      48616E64 
 778      6C6500
 779              	.LASF39:
 780 0520 5F426F6F 		.ascii	"_Bool\000"
 780      6C00
 781              	.LASF44:
 782 0526 73657276 		.ascii	"serviceHandle\000"
 782      69636548 
 782      616E646C 
 782      6500
 783              	.LASF55:
 784 0534 63795F62 		.ascii	"cy_ble_connState\000"
 784      6C655F63 
 784      6F6E6E53 
 784      74617465 
 784      00
 785              	.LASF56:
 786 0545 63795F62 		.ascii	"cy_ble_pendingFlashWrite\000"
 786      6C655F70 
 786      656E6469 
 786      6E67466C 
 786      61736857 
 787              	.LASF37:
 788 055e 63795F65 		.ascii	"cy_en_ble_conn_state_t\000"
 788      6E5F626C 
 788      655F636F 
 788      6E6E5F73 
 788      74617465 
 789              		.ident	"GCC: (GNU Tools for ARM Embedded Processors) 5.4.1 20160609 (release) [ARM/embedded-5-bran
