ARM GAS  C:\Users\salaz\AppData\Local\Temp\ccNOTOo2.s 			page 1


   1              		.syntax unified
   2              		.cpu cortex-m4
   3              		.eabi_attribute 27, 1
   4              		.fpu fpv4-sp-d16
   5              		.eabi_attribute 20, 1
   6              		.eabi_attribute 21, 1
   7              		.eabi_attribute 23, 3
   8              		.eabi_attribute 24, 1
   9              		.eabi_attribute 25, 1
  10              		.eabi_attribute 26, 1
  11              		.eabi_attribute 30, 1
  12              		.eabi_attribute 34, 1
  13              		.eabi_attribute 18, 4
  14              		.thumb
  15              		.syntax unified
  16              		.file	"main_cm4.c"
  17              		.text
  18              	.Ltext0:
  19              		.cfi_sections	.debug_frame
  20              		.section	.text.main,"ax",%progbits
  21              		.align	2
  22              		.global	main
  23              		.thumb
  24              		.thumb_func
  25              		.type	main, %function
  26              	main:
  27              	.LFB916:
  28              		.file 1 "main_cm4.c"
   1:main_cm4.c    **** /* ========================================
   2:main_cm4.c    ****  *
   3:main_cm4.c    ****  * Copyright YOUR COMPANY, THE YEAR
   4:main_cm4.c    ****  * All Rights Reserved
   5:main_cm4.c    ****  * UNPUBLISHED, LICENSED SOFTWARE.
   6:main_cm4.c    ****  *
   7:main_cm4.c    ****  * CONFIDENTIAL AND PROPRIETARY INFORMATION
   8:main_cm4.c    ****  * WHICH IS THE PROPERTY OF your company.
   9:main_cm4.c    ****  *
  10:main_cm4.c    ****  * ========================================
  11:main_cm4.c    **** */
  12:main_cm4.c    **** #include "project.h"
  13:main_cm4.c    **** 
  14:main_cm4.c    **** int main(void)
  15:main_cm4.c    **** {
  29              		.loc 1 15 0
  30              		.cfi_startproc
  31              		@ Volatile: function does not return.
  32              		@ args = 0, pretend = 0, frame = 0
  33              		@ frame_needed = 0, uses_anonymous_args = 0
  34              		@ link register save eliminated.
  35              	.LBB4:
  36              	.LBB5:
  37              		.file 2 "Generated_Source\\PSoC6\\pdl\\cmsis/include/cmsis_gcc.h"
   1:Generated_Source\PSoC6\pdl\cmsis/include/cmsis_gcc.h **** /**************************************************************************//**
   2:Generated_Source\PSoC6\pdl\cmsis/include/cmsis_gcc.h ****  * @file     cmsis_gcc.h
   3:Generated_Source\PSoC6\pdl\cmsis/include/cmsis_gcc.h ****  * @brief    CMSIS compiler GCC header file
   4:Generated_Source\PSoC6\pdl\cmsis/include/cmsis_gcc.h ****  * @version  V5.0.1
   5:Generated_Source\PSoC6\pdl\cmsis/include/cmsis_gcc.h ****  * @date     02. February 2017
ARM GAS  C:\Users\salaz\AppData\Local\Temp\ccNOTOo2.s 			page 2


   6:Generated_Source\PSoC6\pdl\cmsis/include/cmsis_gcc.h ****  ******************************************************************************/
   7:Generated_Source\PSoC6\pdl\cmsis/include/cmsis_gcc.h **** /*
   8:Generated_Source\PSoC6\pdl\cmsis/include/cmsis_gcc.h ****  * Copyright (c) 2009-2017 ARM Limited. All rights reserved.
   9:Generated_Source\PSoC6\pdl\cmsis/include/cmsis_gcc.h ****  *
  10:Generated_Source\PSoC6\pdl\cmsis/include/cmsis_gcc.h ****  * SPDX-License-Identifier: Apache-2.0
  11:Generated_Source\PSoC6\pdl\cmsis/include/cmsis_gcc.h ****  *
  12:Generated_Source\PSoC6\pdl\cmsis/include/cmsis_gcc.h ****  * Licensed under the Apache License, Version 2.0 (the License); you may
  13:Generated_Source\PSoC6\pdl\cmsis/include/cmsis_gcc.h ****  * not use this file except in compliance with the License.
  14:Generated_Source\PSoC6\pdl\cmsis/include/cmsis_gcc.h ****  * You may obtain a copy of the License at
  15:Generated_Source\PSoC6\pdl\cmsis/include/cmsis_gcc.h ****  *
  16:Generated_Source\PSoC6\pdl\cmsis/include/cmsis_gcc.h ****  * www.apache.org/licenses/LICENSE-2.0
  17:Generated_Source\PSoC6\pdl\cmsis/include/cmsis_gcc.h ****  *
  18:Generated_Source\PSoC6\pdl\cmsis/include/cmsis_gcc.h ****  * Unless required by applicable law or agreed to in writing, software
  19:Generated_Source\PSoC6\pdl\cmsis/include/cmsis_gcc.h ****  * distributed under the License is distributed on an AS IS BASIS, WITHOUT
  20:Generated_Source\PSoC6\pdl\cmsis/include/cmsis_gcc.h ****  * WARRANTIES OR CONDITIONS OF ANY KIND, either express or implied.
  21:Generated_Source\PSoC6\pdl\cmsis/include/cmsis_gcc.h ****  * See the License for the specific language governing permissions and
  22:Generated_Source\PSoC6\pdl\cmsis/include/cmsis_gcc.h ****  * limitations under the License.
  23:Generated_Source\PSoC6\pdl\cmsis/include/cmsis_gcc.h ****  */
  24:Generated_Source\PSoC6\pdl\cmsis/include/cmsis_gcc.h **** 
  25:Generated_Source\PSoC6\pdl\cmsis/include/cmsis_gcc.h **** #ifndef __CMSIS_GCC_H
  26:Generated_Source\PSoC6\pdl\cmsis/include/cmsis_gcc.h **** #define __CMSIS_GCC_H
  27:Generated_Source\PSoC6\pdl\cmsis/include/cmsis_gcc.h **** 
  28:Generated_Source\PSoC6\pdl\cmsis/include/cmsis_gcc.h **** /* ignore some GCC warnings */
  29:Generated_Source\PSoC6\pdl\cmsis/include/cmsis_gcc.h **** #pragma GCC diagnostic push
  30:Generated_Source\PSoC6\pdl\cmsis/include/cmsis_gcc.h **** #pragma GCC diagnostic ignored "-Wsign-conversion"
  31:Generated_Source\PSoC6\pdl\cmsis/include/cmsis_gcc.h **** #pragma GCC diagnostic ignored "-Wconversion"
  32:Generated_Source\PSoC6\pdl\cmsis/include/cmsis_gcc.h **** #pragma GCC diagnostic ignored "-Wunused-parameter"
  33:Generated_Source\PSoC6\pdl\cmsis/include/cmsis_gcc.h **** 
  34:Generated_Source\PSoC6\pdl\cmsis/include/cmsis_gcc.h **** /* CMSIS compiler specific defines */
  35:Generated_Source\PSoC6\pdl\cmsis/include/cmsis_gcc.h **** #ifndef   __ASM
  36:Generated_Source\PSoC6\pdl\cmsis/include/cmsis_gcc.h ****   #define __ASM                     __asm
  37:Generated_Source\PSoC6\pdl\cmsis/include/cmsis_gcc.h **** #endif
  38:Generated_Source\PSoC6\pdl\cmsis/include/cmsis_gcc.h **** #ifndef   __INLINE
  39:Generated_Source\PSoC6\pdl\cmsis/include/cmsis_gcc.h ****   #define __INLINE                  inline
  40:Generated_Source\PSoC6\pdl\cmsis/include/cmsis_gcc.h **** #endif
  41:Generated_Source\PSoC6\pdl\cmsis/include/cmsis_gcc.h **** #ifndef   __STATIC_INLINE
  42:Generated_Source\PSoC6\pdl\cmsis/include/cmsis_gcc.h ****   #define __STATIC_INLINE           static inline
  43:Generated_Source\PSoC6\pdl\cmsis/include/cmsis_gcc.h **** #endif
  44:Generated_Source\PSoC6\pdl\cmsis/include/cmsis_gcc.h **** #ifndef   __NO_RETURN
  45:Generated_Source\PSoC6\pdl\cmsis/include/cmsis_gcc.h ****   #define __NO_RETURN               __attribute__((noreturn))
  46:Generated_Source\PSoC6\pdl\cmsis/include/cmsis_gcc.h **** #endif
  47:Generated_Source\PSoC6\pdl\cmsis/include/cmsis_gcc.h **** #ifndef   __USED
  48:Generated_Source\PSoC6\pdl\cmsis/include/cmsis_gcc.h ****   #define __USED                    __attribute__((used))
  49:Generated_Source\PSoC6\pdl\cmsis/include/cmsis_gcc.h **** #endif
  50:Generated_Source\PSoC6\pdl\cmsis/include/cmsis_gcc.h **** #ifndef   __WEAK
  51:Generated_Source\PSoC6\pdl\cmsis/include/cmsis_gcc.h ****   #define __WEAK                    __attribute__((weak))
  52:Generated_Source\PSoC6\pdl\cmsis/include/cmsis_gcc.h **** #endif
  53:Generated_Source\PSoC6\pdl\cmsis/include/cmsis_gcc.h **** #ifndef   __UNALIGNED_UINT32
  54:Generated_Source\PSoC6\pdl\cmsis/include/cmsis_gcc.h **** #pragma GCC diagnostic push
  55:Generated_Source\PSoC6\pdl\cmsis/include/cmsis_gcc.h **** #pragma GCC diagnostic ignored "-Wpacked"
  56:Generated_Source\PSoC6\pdl\cmsis/include/cmsis_gcc.h **** #pragma GCC diagnostic ignored "-Wattributes"
  57:Generated_Source\PSoC6\pdl\cmsis/include/cmsis_gcc.h ****   struct __attribute__((packed)) T_UINT32 { uint32_t v; };
  58:Generated_Source\PSoC6\pdl\cmsis/include/cmsis_gcc.h **** #pragma GCC diagnostic pop
  59:Generated_Source\PSoC6\pdl\cmsis/include/cmsis_gcc.h ****   #define __UNALIGNED_UINT32(x)     (((struct T_UINT32 *)(x))->v)
  60:Generated_Source\PSoC6\pdl\cmsis/include/cmsis_gcc.h **** #endif
  61:Generated_Source\PSoC6\pdl\cmsis/include/cmsis_gcc.h **** #ifndef   __ALIGNED
  62:Generated_Source\PSoC6\pdl\cmsis/include/cmsis_gcc.h ****   #define __ALIGNED(x)              __attribute__((aligned(x)))
ARM GAS  C:\Users\salaz\AppData\Local\Temp\ccNOTOo2.s 			page 3


  63:Generated_Source\PSoC6\pdl\cmsis/include/cmsis_gcc.h **** #endif
  64:Generated_Source\PSoC6\pdl\cmsis/include/cmsis_gcc.h **** #ifndef   __PACKED
  65:Generated_Source\PSoC6\pdl\cmsis/include/cmsis_gcc.h ****   #define __PACKED                  __attribute__((packed, aligned(1)))
  66:Generated_Source\PSoC6\pdl\cmsis/include/cmsis_gcc.h **** #endif
  67:Generated_Source\PSoC6\pdl\cmsis/include/cmsis_gcc.h **** #ifndef   __PACKED_STRUCT
  68:Generated_Source\PSoC6\pdl\cmsis/include/cmsis_gcc.h ****   #define __PACKED_STRUCT           struct __attribute__((packed, aligned(1)))
  69:Generated_Source\PSoC6\pdl\cmsis/include/cmsis_gcc.h **** #endif
  70:Generated_Source\PSoC6\pdl\cmsis/include/cmsis_gcc.h **** 
  71:Generated_Source\PSoC6\pdl\cmsis/include/cmsis_gcc.h **** 
  72:Generated_Source\PSoC6\pdl\cmsis/include/cmsis_gcc.h **** /* ###########################  Core Function Access  ########################### */
  73:Generated_Source\PSoC6\pdl\cmsis/include/cmsis_gcc.h **** /** \ingroup  CMSIS_Core_FunctionInterface
  74:Generated_Source\PSoC6\pdl\cmsis/include/cmsis_gcc.h ****     \defgroup CMSIS_Core_RegAccFunctions CMSIS Core Register Access Functions
  75:Generated_Source\PSoC6\pdl\cmsis/include/cmsis_gcc.h ****   @{
  76:Generated_Source\PSoC6\pdl\cmsis/include/cmsis_gcc.h ****  */
  77:Generated_Source\PSoC6\pdl\cmsis/include/cmsis_gcc.h **** 
  78:Generated_Source\PSoC6\pdl\cmsis/include/cmsis_gcc.h **** /**
  79:Generated_Source\PSoC6\pdl\cmsis/include/cmsis_gcc.h ****   \brief   Enable IRQ Interrupts
  80:Generated_Source\PSoC6\pdl\cmsis/include/cmsis_gcc.h ****   \details Enables IRQ interrupts by clearing the I-bit in the CPSR.
  81:Generated_Source\PSoC6\pdl\cmsis/include/cmsis_gcc.h ****            Can only be executed in Privileged modes.
  82:Generated_Source\PSoC6\pdl\cmsis/include/cmsis_gcc.h ****  */
  83:Generated_Source\PSoC6\pdl\cmsis/include/cmsis_gcc.h **** __attribute__((always_inline)) __STATIC_INLINE void __enable_irq(void)
  84:Generated_Source\PSoC6\pdl\cmsis/include/cmsis_gcc.h **** {
  85:Generated_Source\PSoC6\pdl\cmsis/include/cmsis_gcc.h ****   __ASM volatile ("cpsie i" : : : "memory");
  38              		.loc 2 85 0
  39              		.syntax unified
  40              	@ 85 "Generated_Source\PSoC6\pdl\cmsis/include/cmsis_gcc.h" 1
  41 0000 62B6     		cpsie i
  42              	@ 0 "" 2
  43              		.thumb
  44              		.syntax unified
  45              	.L2:
  46 0002 FEE7     		b	.L2
  47              	.LBE5:
  48              	.LBE4:
  49              		.cfi_endproc
  50              	.LFE916:
  51              		.size	main, .-main
  52              		.text
  53              	.Letext0:
  54              		.file 3 "c:\\program files (x86)\\cypress\\psoc creator\\4.2\\psoc creator\\import\\gnu\\arm\\5.4.
  55              		.file 4 "c:\\program files (x86)\\cypress\\psoc creator\\4.2\\psoc creator\\import\\gnu\\arm\\5.4.
  56              		.file 5 "Generated_Source\\PSoC6\\pdl\\drivers/peripheral/tcpwm/cy_tcpwm_counter.h"
  57              		.file 6 "Generated_Source\\PSoC6\\pdl\\drivers/peripheral/tcpwm/cy_tcpwm_pwm.h"
  58              		.file 7 "Generated_Source\\PSoC6\\pdl\\drivers/peripheral/scb/cy_scb_i2c.h"
  59              		.file 8 "Generated_Source\\PSoC6\\pdl\\drivers/peripheral/scb/cy_scb_uart.h"
  60              		.file 9 "Generated_Source\\PSoC6\\pdl\\drivers/peripheral/sar/cy_sar.h"
  61              		.file 10 "Generated_Source\\PSoC6/ADC.h"
  62              		.file 11 "Generated_Source\\PSoC6\\pdl\\cmsis/include/core_cm4.h"
  63              		.file 12 "Generated_Source\\PSoC6\\pdl\\drivers/peripheral/rtc/cy_rtc.h"
  64              		.file 13 "Generated_Source\\PSoC6/UART_DEBUG.h"
  65              		.file 14 "Generated_Source\\PSoC6/SensorBus.h"
  66              		.file 15 "Generated_Source\\PSoC6/LightOutputC.h"
  67              		.file 16 "Generated_Source\\PSoC6/LightOutputA.h"
  68              		.file 17 "Generated_Source\\PSoC6/LightTimer.h"
  69              		.file 18 "Generated_Source\\PSoC6/LightOutputB.h"
  70              		.file 19 "Generated_Source\\PSoC6/MotorOutput.h"
  71              		.file 20 "Generated_Source\\PSoC6/MotorTimer.h"
ARM GAS  C:\Users\salaz\AppData\Local\Temp\ccNOTOo2.s 			page 4


  72              		.file 21 "Generated_Source\\PSoC6/ChimeOutput.h"
  73              		.file 22 "Generated_Source\\PSoC6/ChimeTimer.h"
  74              		.section	.debug_info,"",%progbits
  75              	.Ldebug_info0:
  76 0000 19080000 		.4byte	0x819
  77 0004 0400     		.2byte	0x4
  78 0006 00000000 		.4byte	.Ldebug_abbrev0
  79 000a 04       		.byte	0x4
  80 000b 01       		.uleb128 0x1
  81 000c CE040000 		.4byte	.LASF142
  82 0010 0C       		.byte	0xc
  83 0011 FE080000 		.4byte	.LASF143
  84 0015 D4020000 		.4byte	.LASF144
  85 0019 00000000 		.4byte	.Ldebug_ranges0+0
  86 001d 00000000 		.4byte	0
  87 0021 00000000 		.4byte	.Ldebug_line0
  88 0025 02       		.uleb128 0x2
  89 0026 02       		.byte	0x2
  90 0027 05       		.byte	0x5
  91 0028 0D060000 		.4byte	.LASF0
  92 002c 02       		.uleb128 0x2
  93 002d 01       		.byte	0x1
  94 002e 06       		.byte	0x6
  95 002f 66000000 		.4byte	.LASF1
  96 0033 03       		.uleb128 0x3
  97 0034 72000000 		.4byte	.LASF4
  98 0038 03       		.byte	0x3
  99 0039 1D       		.byte	0x1d
 100 003a 3E000000 		.4byte	0x3e
 101 003e 02       		.uleb128 0x2
 102 003f 01       		.byte	0x1
 103 0040 08       		.byte	0x8
 104 0041 EE050000 		.4byte	.LASF2
 105 0045 02       		.uleb128 0x2
 106 0046 02       		.byte	0x2
 107 0047 07       		.byte	0x7
 108 0048 8C030000 		.4byte	.LASF3
 109 004c 03       		.uleb128 0x3
 110 004d 35070000 		.4byte	.LASF5
 111 0051 03       		.byte	0x3
 112 0052 3F       		.byte	0x3f
 113 0053 57000000 		.4byte	0x57
 114 0057 02       		.uleb128 0x2
 115 0058 04       		.byte	0x4
 116 0059 05       		.byte	0x5
 117 005a 43020000 		.4byte	.LASF6
 118 005e 03       		.uleb128 0x3
 119 005f BD020000 		.4byte	.LASF7
 120 0063 03       		.byte	0x3
 121 0064 41       		.byte	0x41
 122 0065 69000000 		.4byte	0x69
 123 0069 02       		.uleb128 0x2
 124 006a 04       		.byte	0x4
 125 006b 07       		.byte	0x7
 126 006c 50030000 		.4byte	.LASF8
 127 0070 02       		.uleb128 0x2
 128 0071 08       		.byte	0x8
ARM GAS  C:\Users\salaz\AppData\Local\Temp\ccNOTOo2.s 			page 5


 129 0072 05       		.byte	0x5
 130 0073 70010000 		.4byte	.LASF9
 131 0077 02       		.uleb128 0x2
 132 0078 08       		.byte	0x8
 133 0079 07       		.byte	0x7
 134 007a D7000000 		.4byte	.LASF10
 135 007e 04       		.uleb128 0x4
 136 007f 04       		.byte	0x4
 137 0080 05       		.byte	0x5
 138 0081 696E7400 		.ascii	"int\000"
 139 0085 02       		.uleb128 0x2
 140 0086 04       		.byte	0x4
 141 0087 07       		.byte	0x7
 142 0088 32030000 		.4byte	.LASF11
 143 008c 03       		.uleb128 0x3
 144 008d 3F080000 		.4byte	.LASF12
 145 0091 04       		.byte	0x4
 146 0092 18       		.byte	0x18
 147 0093 33000000 		.4byte	0x33
 148 0097 03       		.uleb128 0x3
 149 0098 E6050000 		.4byte	.LASF13
 150 009c 04       		.byte	0x4
 151 009d 2C       		.byte	0x2c
 152 009e 4C000000 		.4byte	0x4c
 153 00a2 03       		.uleb128 0x3
 154 00a3 D3060000 		.4byte	.LASF14
 155 00a7 04       		.byte	0x4
 156 00a8 30       		.byte	0x30
 157 00a9 5E000000 		.4byte	0x5e
 158 00ad 02       		.uleb128 0x2
 159 00ae 04       		.byte	0x4
 160 00af 07       		.byte	0x7
 161 00b0 4C040000 		.4byte	.LASF15
 162 00b4 05       		.uleb128 0x5
 163 00b5 A2000000 		.4byte	0xa2
 164 00b9 02       		.uleb128 0x2
 165 00ba 08       		.byte	0x8
 166 00bb 04       		.byte	0x4
 167 00bc 0A070000 		.4byte	.LASF16
 168 00c0 02       		.uleb128 0x2
 169 00c1 01       		.byte	0x1
 170 00c2 08       		.byte	0x8
 171 00c3 21070000 		.4byte	.LASF17
 172 00c7 02       		.uleb128 0x2
 173 00c8 04       		.byte	0x4
 174 00c9 04       		.byte	0x4
 175 00ca 89050000 		.4byte	.LASF18
 176 00ce 02       		.uleb128 0x2
 177 00cf 08       		.byte	0x8
 178 00d0 04       		.byte	0x4
 179 00d1 7F020000 		.4byte	.LASF19
 180 00d5 06       		.uleb128 0x6
 181 00d6 04       		.byte	0x4
 182 00d7 02       		.uleb128 0x2
 183 00d8 01       		.byte	0x1
 184 00d9 02       		.byte	0x2
 185 00da E0050000 		.4byte	.LASF20
ARM GAS  C:\Users\salaz\AppData\Local\Temp\ccNOTOo2.s 			page 6


 186 00de 07       		.uleb128 0x7
 187 00df 30040000 		.4byte	.LASF41
 188 00e3 4C       		.byte	0x4c
 189 00e4 05       		.byte	0x5
 190 00e5 2B       		.byte	0x2b
 191 00e6 CF010000 		.4byte	0x1cf
 192 00ea 08       		.uleb128 0x8
 193 00eb A5000000 		.4byte	.LASF21
 194 00ef 05       		.byte	0x5
 195 00f0 2D       		.byte	0x2d
 196 00f1 A2000000 		.4byte	0xa2
 197 00f5 00       		.byte	0
 198 00f6 08       		.uleb128 0x8
 199 00f7 EE000000 		.4byte	.LASF22
 200 00fb 05       		.byte	0x5
 201 00fc 2F       		.byte	0x2f
 202 00fd A2000000 		.4byte	0xa2
 203 0101 04       		.byte	0x4
 204 0102 08       		.uleb128 0x8
 205 0103 14000000 		.4byte	.LASF23
 206 0107 05       		.byte	0x5
 207 0108 30       		.byte	0x30
 208 0109 A2000000 		.4byte	0xa2
 209 010d 08       		.byte	0x8
 210 010e 08       		.uleb128 0x8
 211 010f 88000000 		.4byte	.LASF24
 212 0113 05       		.byte	0x5
 213 0114 31       		.byte	0x31
 214 0115 A2000000 		.4byte	0xa2
 215 0119 0C       		.byte	0xc
 216 011a 08       		.uleb128 0x8
 217 011b 8A060000 		.4byte	.LASF25
 218 011f 05       		.byte	0x5
 219 0120 33       		.byte	0x33
 220 0121 A2000000 		.4byte	0xa2
 221 0125 10       		.byte	0x10
 222 0126 08       		.uleb128 0x8
 223 0127 01070000 		.4byte	.LASF26
 224 012b 05       		.byte	0x5
 225 012c 34       		.byte	0x34
 226 012d A2000000 		.4byte	0xa2
 227 0131 14       		.byte	0x14
 228 0132 08       		.uleb128 0x8
 229 0133 CD070000 		.4byte	.LASF27
 230 0137 05       		.byte	0x5
 231 0138 35       		.byte	0x35
 232 0139 A2000000 		.4byte	0xa2
 233 013d 18       		.byte	0x18
 234 013e 08       		.uleb128 0x8
 235 013f 62030000 		.4byte	.LASF28
 236 0143 05       		.byte	0x5
 237 0144 36       		.byte	0x36
 238 0145 D7000000 		.4byte	0xd7
 239 0149 1C       		.byte	0x1c
 240 014a 08       		.uleb128 0x8
 241 014b A2040000 		.4byte	.LASF29
 242 014f 05       		.byte	0x5
ARM GAS  C:\Users\salaz\AppData\Local\Temp\ccNOTOo2.s 			page 7


 243 0150 38       		.byte	0x38
 244 0151 A2000000 		.4byte	0xa2
 245 0155 20       		.byte	0x20
 246 0156 08       		.uleb128 0x8
 247 0157 98020000 		.4byte	.LASF30
 248 015b 05       		.byte	0x5
 249 015c 39       		.byte	0x39
 250 015d A2000000 		.4byte	0xa2
 251 0161 24       		.byte	0x24
 252 0162 08       		.uleb128 0x8
 253 0163 B8000000 		.4byte	.LASF31
 254 0167 05       		.byte	0x5
 255 0168 3B       		.byte	0x3b
 256 0169 A2000000 		.4byte	0xa2
 257 016d 28       		.byte	0x28
 258 016e 08       		.uleb128 0x8
 259 016f 61080000 		.4byte	.LASF32
 260 0173 05       		.byte	0x5
 261 0174 3C       		.byte	0x3c
 262 0175 A2000000 		.4byte	0xa2
 263 0179 2C       		.byte	0x2c
 264 017a 08       		.uleb128 0x8
 265 017b 64070000 		.4byte	.LASF33
 266 017f 05       		.byte	0x5
 267 0180 3E       		.byte	0x3e
 268 0181 A2000000 		.4byte	0xa2
 269 0185 30       		.byte	0x30
 270 0186 08       		.uleb128 0x8
 271 0187 AE070000 		.4byte	.LASF34
 272 018b 05       		.byte	0x5
 273 018c 3F       		.byte	0x3f
 274 018d A2000000 		.4byte	0xa2
 275 0191 34       		.byte	0x34
 276 0192 08       		.uleb128 0x8
 277 0193 25040000 		.4byte	.LASF35
 278 0197 05       		.byte	0x5
 279 0198 41       		.byte	0x41
 280 0199 A2000000 		.4byte	0xa2
 281 019d 38       		.byte	0x38
 282 019e 08       		.uleb128 0x8
 283 019f 97000000 		.4byte	.LASF36
 284 01a3 05       		.byte	0x5
 285 01a4 42       		.byte	0x42
 286 01a5 A2000000 		.4byte	0xa2
 287 01a9 3C       		.byte	0x3c
 288 01aa 08       		.uleb128 0x8
 289 01ab 9A070000 		.4byte	.LASF37
 290 01af 05       		.byte	0x5
 291 01b0 44       		.byte	0x44
 292 01b1 A2000000 		.4byte	0xa2
 293 01b5 40       		.byte	0x40
 294 01b6 08       		.uleb128 0x8
 295 01b7 08040000 		.4byte	.LASF38
 296 01bb 05       		.byte	0x5
 297 01bc 45       		.byte	0x45
 298 01bd A2000000 		.4byte	0xa2
 299 01c1 44       		.byte	0x44
ARM GAS  C:\Users\salaz\AppData\Local\Temp\ccNOTOo2.s 			page 8


 300 01c2 08       		.uleb128 0x8
 301 01c3 16070000 		.4byte	.LASF39
 302 01c7 05       		.byte	0x5
 303 01c8 47       		.byte	0x47
 304 01c9 A2000000 		.4byte	0xa2
 305 01cd 48       		.byte	0x48
 306 01ce 00       		.byte	0
 307 01cf 03       		.uleb128 0x3
 308 01d0 7E010000 		.4byte	.LASF40
 309 01d4 05       		.byte	0x5
 310 01d5 48       		.byte	0x48
 311 01d6 DE000000 		.4byte	0xde
 312 01da 07       		.uleb128 0x7
 313 01db BB060000 		.4byte	.LASF42
 314 01df 64       		.byte	0x64
 315 01e0 06       		.byte	0x6
 316 01e1 2B       		.byte	0x2b
 317 01e2 13030000 		.4byte	0x313
 318 01e6 08       		.uleb128 0x8
 319 01e7 81050000 		.4byte	.LASF43
 320 01eb 06       		.byte	0x6
 321 01ec 2D       		.byte	0x2d
 322 01ed A2000000 		.4byte	0xa2
 323 01f1 00       		.byte	0
 324 01f2 08       		.uleb128 0x8
 325 01f3 EE000000 		.4byte	.LASF22
 326 01f7 06       		.byte	0x6
 327 01f8 2F       		.byte	0x2f
 328 01f9 A2000000 		.4byte	0xa2
 329 01fd 04       		.byte	0x4
 330 01fe 08       		.uleb128 0x8
 331 01ff 59000000 		.4byte	.LASF44
 332 0203 06       		.byte	0x6
 333 0204 30       		.byte	0x30
 334 0205 A2000000 		.4byte	0xa2
 335 0209 08       		.byte	0x8
 336 020a 08       		.uleb128 0x8
 337 020b EB030000 		.4byte	.LASF45
 338 020f 06       		.byte	0x6
 339 0210 31       		.byte	0x31
 340 0211 A2000000 		.4byte	0xa2
 341 0215 0C       		.byte	0xc
 342 0216 08       		.uleb128 0x8
 343 0217 14000000 		.4byte	.LASF23
 344 021b 06       		.byte	0x6
 345 021c 32       		.byte	0x32
 346 021d A2000000 		.4byte	0xa2
 347 0221 10       		.byte	0x10
 348 0222 08       		.uleb128 0x8
 349 0223 BD070000 		.4byte	.LASF46
 350 0227 06       		.byte	0x6
 351 0228 33       		.byte	0x33
 352 0229 A2000000 		.4byte	0xa2
 353 022d 14       		.byte	0x14
 354 022e 08       		.uleb128 0x8
 355 022f C5070000 		.4byte	.LASF47
 356 0233 06       		.byte	0x6
ARM GAS  C:\Users\salaz\AppData\Local\Temp\ccNOTOo2.s 			page 9


 357 0234 34       		.byte	0x34
 358 0235 A2000000 		.4byte	0xa2
 359 0239 18       		.byte	0x18
 360 023a 08       		.uleb128 0x8
 361 023b FC050000 		.4byte	.LASF48
 362 023f 06       		.byte	0x6
 363 0240 35       		.byte	0x35
 364 0241 D7000000 		.4byte	0xd7
 365 0245 1C       		.byte	0x1c
 366 0246 08       		.uleb128 0x8
 367 0247 01070000 		.4byte	.LASF26
 368 024b 06       		.byte	0x6
 369 024c 36       		.byte	0x36
 370 024d A2000000 		.4byte	0xa2
 371 0251 20       		.byte	0x20
 372 0252 08       		.uleb128 0x8
 373 0253 CD070000 		.4byte	.LASF27
 374 0257 06       		.byte	0x6
 375 0258 37       		.byte	0x37
 376 0259 A2000000 		.4byte	0xa2
 377 025d 24       		.byte	0x24
 378 025e 08       		.uleb128 0x8
 379 025f 62030000 		.4byte	.LASF28
 380 0263 06       		.byte	0x6
 381 0264 38       		.byte	0x38
 382 0265 D7000000 		.4byte	0xd7
 383 0269 28       		.byte	0x28
 384 026a 08       		.uleb128 0x8
 385 026b A2040000 		.4byte	.LASF29
 386 026f 06       		.byte	0x6
 387 0270 3A       		.byte	0x3a
 388 0271 A2000000 		.4byte	0xa2
 389 0275 2C       		.byte	0x2c
 390 0276 08       		.uleb128 0x8
 391 0277 DE030000 		.4byte	.LASF49
 392 027b 06       		.byte	0x6
 393 027c 3B       		.byte	0x3b
 394 027d A2000000 		.4byte	0xa2
 395 0281 30       		.byte	0x30
 396 0282 08       		.uleb128 0x8
 397 0283 26080000 		.4byte	.LASF50
 398 0287 06       		.byte	0x6
 399 0288 3C       		.byte	0x3c
 400 0289 A2000000 		.4byte	0xa2
 401 028d 34       		.byte	0x34
 402 028e 08       		.uleb128 0x8
 403 028f B7050000 		.4byte	.LASF51
 404 0293 06       		.byte	0x6
 405 0294 3D       		.byte	0x3d
 406 0295 A2000000 		.4byte	0xa2
 407 0299 38       		.byte	0x38
 408 029a 08       		.uleb128 0x8
 409 029b 7E030000 		.4byte	.LASF52
 410 029f 06       		.byte	0x6
 411 02a0 3E       		.byte	0x3e
 412 02a1 A2000000 		.4byte	0xa2
 413 02a5 3C       		.byte	0x3c
ARM GAS  C:\Users\salaz\AppData\Local\Temp\ccNOTOo2.s 			page 10


 414 02a6 08       		.uleb128 0x8
 415 02a7 55040000 		.4byte	.LASF53
 416 02ab 06       		.byte	0x6
 417 02ac 40       		.byte	0x40
 418 02ad A2000000 		.4byte	0xa2
 419 02b1 40       		.byte	0x40
 420 02b2 08       		.uleb128 0x8
 421 02b3 61080000 		.4byte	.LASF32
 422 02b7 06       		.byte	0x6
 423 02b8 41       		.byte	0x41
 424 02b9 A2000000 		.4byte	0xa2
 425 02bd 44       		.byte	0x44
 426 02be 08       		.uleb128 0x8
 427 02bf 64070000 		.4byte	.LASF33
 428 02c3 06       		.byte	0x6
 429 02c4 43       		.byte	0x43
 430 02c5 A2000000 		.4byte	0xa2
 431 02c9 48       		.byte	0x48
 432 02ca 08       		.uleb128 0x8
 433 02cb AE070000 		.4byte	.LASF34
 434 02cf 06       		.byte	0x6
 435 02d0 44       		.byte	0x44
 436 02d1 A2000000 		.4byte	0xa2
 437 02d5 4C       		.byte	0x4c
 438 02d6 08       		.uleb128 0x8
 439 02d7 25040000 		.4byte	.LASF35
 440 02db 06       		.byte	0x6
 441 02dc 46       		.byte	0x46
 442 02dd A2000000 		.4byte	0xa2
 443 02e1 50       		.byte	0x50
 444 02e2 08       		.uleb128 0x8
 445 02e3 AA030000 		.4byte	.LASF54
 446 02e7 06       		.byte	0x6
 447 02e8 47       		.byte	0x47
 448 02e9 A2000000 		.4byte	0xa2
 449 02ed 54       		.byte	0x54
 450 02ee 08       		.uleb128 0x8
 451 02ef 42000000 		.4byte	.LASF55
 452 02f3 06       		.byte	0x6
 453 02f4 49       		.byte	0x49
 454 02f5 A2000000 		.4byte	0xa2
 455 02f9 58       		.byte	0x58
 456 02fa 08       		.uleb128 0x8
 457 02fb 08040000 		.4byte	.LASF38
 458 02ff 06       		.byte	0x6
 459 0300 4A       		.byte	0x4a
 460 0301 A2000000 		.4byte	0xa2
 461 0305 5C       		.byte	0x5c
 462 0306 08       		.uleb128 0x8
 463 0307 16070000 		.4byte	.LASF39
 464 030b 06       		.byte	0x6
 465 030c 4C       		.byte	0x4c
 466 030d A2000000 		.4byte	0xa2
 467 0311 60       		.byte	0x60
 468 0312 00       		.byte	0
 469 0313 03       		.uleb128 0x3
 470 0314 47080000 		.4byte	.LASF56
ARM GAS  C:\Users\salaz\AppData\Local\Temp\ccNOTOo2.s 			page 11


 471 0318 06       		.byte	0x6
 472 0319 4D       		.byte	0x4d
 473 031a DA010000 		.4byte	0x1da
 474 031e 09       		.uleb128 0x9
 475 031f 01       		.byte	0x1
 476 0320 3E000000 		.4byte	0x3e
 477 0324 07       		.byte	0x7
 478 0325 DE01     		.2byte	0x1de
 479 0327 38030000 		.4byte	0x338
 480 032b 0A       		.uleb128 0xa
 481 032c 8A040000 		.4byte	.LASF57
 482 0330 00       		.byte	0
 483 0331 0A       		.uleb128 0xa
 484 0332 58020000 		.4byte	.LASF58
 485 0336 01       		.byte	0x1
 486 0337 00       		.byte	0
 487 0338 0B       		.uleb128 0xb
 488 0339 0E080000 		.4byte	.LASF59
 489 033d 07       		.byte	0x7
 490 033e E101     		.2byte	0x1e1
 491 0340 1E030000 		.4byte	0x31e
 492 0344 0B       		.uleb128 0xb
 493 0345 25020000 		.4byte	.LASF60
 494 0349 07       		.byte	0x7
 495 034a F301     		.2byte	0x1f3
 496 034c 50030000 		.4byte	0x350
 497 0350 0C       		.uleb128 0xc
 498 0351 04       		.byte	0x4
 499 0352 56030000 		.4byte	0x356
 500 0356 0D       		.uleb128 0xd
 501 0357 61030000 		.4byte	0x361
 502 035b 0E       		.uleb128 0xe
 503 035c A2000000 		.4byte	0xa2
 504 0360 00       		.byte	0
 505 0361 0B       		.uleb128 0xb
 506 0362 6E060000 		.4byte	.LASF61
 507 0366 07       		.byte	0x7
 508 0367 FE01     		.2byte	0x1fe
 509 0369 6D030000 		.4byte	0x36d
 510 036d 0C       		.uleb128 0xc
 511 036e 04       		.byte	0x4
 512 036f 73030000 		.4byte	0x373
 513 0373 0F       		.uleb128 0xf
 514 0374 38030000 		.4byte	0x338
 515 0378 82030000 		.4byte	0x382
 516 037c 0E       		.uleb128 0xe
 517 037d A2000000 		.4byte	0xa2
 518 0381 00       		.byte	0
 519 0382 10       		.uleb128 0x10
 520 0383 45010000 		.4byte	.LASF62
 521 0387 4C       		.byte	0x4c
 522 0388 07       		.byte	0x7
 523 0389 6502     		.2byte	0x265
 524 038b A1040000 		.4byte	0x4a1
 525 038f 11       		.uleb128 0x11
 526 0390 A4070000 		.4byte	.LASF63
 527 0394 07       		.byte	0x7
ARM GAS  C:\Users\salaz\AppData\Local\Temp\ccNOTOo2.s 			page 12


 528 0395 6802     		.2byte	0x268
 529 0397 D7000000 		.4byte	0xd7
 530 039b 00       		.byte	0
 531 039c 11       		.uleb128 0x11
 532 039d 74030000 		.4byte	.LASF64
 533 03a1 07       		.byte	0x7
 534 03a2 6902     		.2byte	0x269
 535 03a4 D7000000 		.4byte	0xd7
 536 03a8 01       		.byte	0x1
 537 03a9 11       		.uleb128 0x11
 538 03aa 1F020000 		.4byte	.LASF65
 539 03ae 07       		.byte	0x7
 540 03af 6B02     		.2byte	0x26b
 541 03b1 B4000000 		.4byte	0xb4
 542 03b5 04       		.byte	0x4
 543 03b6 11       		.uleb128 0x11
 544 03b7 1A010000 		.4byte	.LASF66
 545 03bb 07       		.byte	0x7
 546 03bc 6D02     		.2byte	0x26d
 547 03be B4000000 		.4byte	0xb4
 548 03c2 08       		.byte	0x8
 549 03c3 11       		.uleb128 0x11
 550 03c4 4F060000 		.4byte	.LASF67
 551 03c8 07       		.byte	0x7
 552 03c9 6E02     		.2byte	0x26e
 553 03cb D7000000 		.4byte	0xd7
 554 03cf 0C       		.byte	0xc
 555 03d0 11       		.uleb128 0x11
 556 03d1 4C020000 		.4byte	.LASF68
 557 03d5 07       		.byte	0x7
 558 03d6 6F02     		.2byte	0x26f
 559 03d8 D7000000 		.4byte	0xd7
 560 03dc 0D       		.byte	0xd
 561 03dd 11       		.uleb128 0x11
 562 03de 4C000000 		.4byte	.LASF69
 563 03e2 07       		.byte	0x7
 564 03e3 7102     		.2byte	0x271
 565 03e5 A1040000 		.4byte	0x4a1
 566 03e9 10       		.byte	0x10
 567 03ea 11       		.uleb128 0x11
 568 03eb 2A060000 		.4byte	.LASF70
 569 03ef 07       		.byte	0x7
 570 03f0 7202     		.2byte	0x272
 571 03f2 A2000000 		.4byte	0xa2
 572 03f6 14       		.byte	0x14
 573 03f7 11       		.uleb128 0x11
 574 03f8 5F040000 		.4byte	.LASF71
 575 03fc 07       		.byte	0x7
 576 03fd 7302     		.2byte	0x273
 577 03ff B4000000 		.4byte	0xb4
 578 0403 18       		.byte	0x18
 579 0404 11       		.uleb128 0x11
 580 0405 9B060000 		.4byte	.LASF72
 581 0409 07       		.byte	0x7
 582 040a 7402     		.2byte	0x274
 583 040c B4000000 		.4byte	0xb4
 584 0410 1C       		.byte	0x1c
ARM GAS  C:\Users\salaz\AppData\Local\Temp\ccNOTOo2.s 			page 13


 585 0411 11       		.uleb128 0x11
 586 0412 7C000000 		.4byte	.LASF73
 587 0416 07       		.byte	0x7
 588 0417 7602     		.2byte	0x276
 589 0419 B4000000 		.4byte	0xb4
 590 041d 20       		.byte	0x20
 591 041e 11       		.uleb128 0x11
 592 041f D1080000 		.4byte	.LASF74
 593 0423 07       		.byte	0x7
 594 0424 7702     		.2byte	0x277
 595 0426 A7040000 		.4byte	0x4a7
 596 042a 24       		.byte	0x24
 597 042b 11       		.uleb128 0x11
 598 042c E4070000 		.4byte	.LASF75
 599 0430 07       		.byte	0x7
 600 0431 7902     		.2byte	0x279
 601 0433 A1040000 		.4byte	0x4a1
 602 0437 28       		.byte	0x28
 603 0438 11       		.uleb128 0x11
 604 0439 F2070000 		.4byte	.LASF76
 605 043d 07       		.byte	0x7
 606 043e 7A02     		.2byte	0x27a
 607 0440 A2000000 		.4byte	0xa2
 608 0444 2C       		.byte	0x2c
 609 0445 11       		.uleb128 0x11
 610 0446 3F030000 		.4byte	.LASF77
 611 044a 07       		.byte	0x7
 612 044b 7B02     		.2byte	0x27b
 613 044d B4000000 		.4byte	0xb4
 614 0451 30       		.byte	0x30
 615 0452 11       		.uleb128 0x11
 616 0453 AA060000 		.4byte	.LASF78
 617 0457 07       		.byte	0x7
 618 0458 7C02     		.2byte	0x27c
 619 045a B4000000 		.4byte	0xb4
 620 045e 34       		.byte	0x34
 621 045f 11       		.uleb128 0x11
 622 0460 17040000 		.4byte	.LASF79
 623 0464 07       		.byte	0x7
 624 0465 7E02     		.2byte	0x27e
 625 0467 A1040000 		.4byte	0x4a1
 626 046b 38       		.byte	0x38
 627 046c 11       		.uleb128 0x11
 628 046d F5010000 		.4byte	.LASF80
 629 0471 07       		.byte	0x7
 630 0472 7F02     		.2byte	0x27f
 631 0474 A2000000 		.4byte	0xa2
 632 0478 3C       		.byte	0x3c
 633 0479 11       		.uleb128 0x11
 634 047a 34010000 		.4byte	.LASF81
 635 047e 07       		.byte	0x7
 636 047f 8002     		.2byte	0x280
 637 0481 B4000000 		.4byte	0xb4
 638 0485 40       		.byte	0x40
 639 0486 11       		.uleb128 0x11
 640 0487 B8030000 		.4byte	.LASF82
 641 048b 07       		.byte	0x7
ARM GAS  C:\Users\salaz\AppData\Local\Temp\ccNOTOo2.s 			page 14


 642 048c 8602     		.2byte	0x286
 643 048e 44030000 		.4byte	0x344
 644 0492 44       		.byte	0x44
 645 0493 11       		.uleb128 0x11
 646 0494 B6020000 		.4byte	.LASF83
 647 0498 07       		.byte	0x7
 648 0499 8D02     		.2byte	0x28d
 649 049b 61030000 		.4byte	0x361
 650 049f 48       		.byte	0x48
 651 04a0 00       		.byte	0
 652 04a1 0C       		.uleb128 0xc
 653 04a2 04       		.byte	0x4
 654 04a3 8C000000 		.4byte	0x8c
 655 04a7 05       		.uleb128 0x5
 656 04a8 D7000000 		.4byte	0xd7
 657 04ac 0B       		.uleb128 0xb
 658 04ad DC060000 		.4byte	.LASF84
 659 04b1 07       		.byte	0x7
 660 04b2 9002     		.2byte	0x290
 661 04b4 82030000 		.4byte	0x382
 662 04b8 0B       		.uleb128 0xb
 663 04b9 7B070000 		.4byte	.LASF85
 664 04bd 08       		.byte	0x8
 665 04be AB01     		.2byte	0x1ab
 666 04c0 50030000 		.4byte	0x350
 667 04c4 10       		.uleb128 0x10
 668 04c5 E6080000 		.4byte	.LASF86
 669 04c9 38       		.byte	0x38
 670 04ca 08       		.byte	0x8
 671 04cb 4702     		.2byte	0x247
 672 04cd 88050000 		.4byte	0x588
 673 04d1 11       		.uleb128 0x11
 674 04d2 B8080000 		.4byte	.LASF87
 675 04d6 08       		.byte	0x8
 676 04d7 4A02     		.2byte	0x24a
 677 04d9 B4000000 		.4byte	0xb4
 678 04dd 00       		.byte	0
 679 04de 11       		.uleb128 0x11
 680 04df 99040000 		.4byte	.LASF88
 681 04e3 08       		.byte	0x8
 682 04e4 4B02     		.2byte	0x24b
 683 04e6 B4000000 		.4byte	0xb4
 684 04ea 04       		.byte	0x4
 685 04eb 11       		.uleb128 0x11
 686 04ec 10010000 		.4byte	.LASF89
 687 04f0 08       		.byte	0x8
 688 04f1 4D02     		.2byte	0x24d
 689 04f3 D5000000 		.4byte	0xd5
 690 04f7 08       		.byte	0x8
 691 04f8 11       		.uleb128 0x11
 692 04f9 56070000 		.4byte	.LASF90
 693 04fd 08       		.byte	0x8
 694 04fe 4E02     		.2byte	0x24e
 695 0500 A2000000 		.4byte	0xa2
 696 0504 0C       		.byte	0xc
 697 0505 11       		.uleb128 0x11
 698 0506 FA030000 		.4byte	.LASF91
ARM GAS  C:\Users\salaz\AppData\Local\Temp\ccNOTOo2.s 			page 15


 699 050a 08       		.byte	0x8
 700 050b 4F02     		.2byte	0x24f
 701 050d B4000000 		.4byte	0xb4
 702 0511 10       		.byte	0x10
 703 0512 11       		.uleb128 0x11
 704 0513 8B080000 		.4byte	.LASF92
 705 0517 08       		.byte	0x8
 706 0518 5002     		.2byte	0x250
 707 051a B4000000 		.4byte	0xb4
 708 051e 14       		.byte	0x14
 709 051f 11       		.uleb128 0x11
 710 0520 DE070000 		.4byte	.LASF93
 711 0524 08       		.byte	0x8
 712 0525 5202     		.2byte	0x252
 713 0527 D5000000 		.4byte	0xd5
 714 052b 18       		.byte	0x18
 715 052c 11       		.uleb128 0x11
 716 052d 1C000000 		.4byte	.LASF94
 717 0531 08       		.byte	0x8
 718 0532 5302     		.2byte	0x253
 719 0534 A2000000 		.4byte	0xa2
 720 0538 1C       		.byte	0x1c
 721 0539 11       		.uleb128 0x11
 722 053a 03030000 		.4byte	.LASF95
 723 053e 08       		.byte	0x8
 724 053f 5402     		.2byte	0x254
 725 0541 B4000000 		.4byte	0xb4
 726 0545 20       		.byte	0x20
 727 0546 11       		.uleb128 0x11
 728 0547 C1030000 		.4byte	.LASF96
 729 054b 08       		.byte	0x8
 730 054c 5602     		.2byte	0x256
 731 054e D5000000 		.4byte	0xd5
 732 0552 24       		.byte	0x24
 733 0553 11       		.uleb128 0x11
 734 0554 38000000 		.4byte	.LASF97
 735 0558 08       		.byte	0x8
 736 0559 5702     		.2byte	0x257
 737 055b A2000000 		.4byte	0xa2
 738 055f 28       		.byte	0x28
 739 0560 11       		.uleb128 0x11
 740 0561 B6010000 		.4byte	.LASF98
 741 0565 08       		.byte	0x8
 742 0566 5802     		.2byte	0x258
 743 0568 B4000000 		.4byte	0xb4
 744 056c 2C       		.byte	0x2c
 745 056d 11       		.uleb128 0x11
 746 056e B8030000 		.4byte	.LASF82
 747 0572 08       		.byte	0x8
 748 0573 5D02     		.2byte	0x25d
 749 0575 B8040000 		.4byte	0x4b8
 750 0579 30       		.byte	0x30
 751 057a 11       		.uleb128 0x11
 752 057b D6070000 		.4byte	.LASF99
 753 057f 08       		.byte	0x8
 754 0580 6002     		.2byte	0x260
 755 0582 A2000000 		.4byte	0xa2
ARM GAS  C:\Users\salaz\AppData\Local\Temp\ccNOTOo2.s 			page 16


 756 0586 34       		.byte	0x34
 757 0587 00       		.byte	0
 758 0588 0B       		.uleb128 0xb
 759 0589 9C010000 		.4byte	.LASF100
 760 058d 08       		.byte	0x8
 761 058e 6302     		.2byte	0x263
 762 0590 C4040000 		.4byte	0x4c4
 763 0594 09       		.uleb128 0x9
 764 0595 01       		.byte	0x1
 765 0596 3E000000 		.4byte	0x3e
 766 059a 09       		.byte	0x9
 767 059b 0504     		.2byte	0x405
 768 059d BA050000 		.4byte	0x5ba
 769 05a1 0A       		.uleb128 0xa
 770 05a2 07020000 		.4byte	.LASF101
 771 05a6 00       		.byte	0
 772 05a7 0A       		.uleb128 0xa
 773 05a8 C7050000 		.4byte	.LASF102
 774 05ac 01       		.byte	0x1
 775 05ad 0A       		.uleb128 0xa
 776 05ae 67020000 		.4byte	.LASF103
 777 05b2 02       		.byte	0x2
 778 05b3 0A       		.uleb128 0xa
 779 05b4 71080000 		.4byte	.LASF104
 780 05b8 03       		.byte	0x3
 781 05b9 00       		.byte	0
 782 05ba 0B       		.uleb128 0xb
 783 05bb C7010000 		.4byte	.LASF105
 784 05bf 09       		.byte	0x9
 785 05c0 0A04     		.2byte	0x40a
 786 05c2 94050000 		.4byte	0x594
 787 05c6 12       		.uleb128 0x12
 788 05c7 78       		.byte	0x78
 789 05c8 09       		.byte	0x9
 790 05c9 F404     		.2byte	0x4f4
 791 05cb 93060000 		.4byte	0x693
 792 05cf 11       		.uleb128 0x11
 793 05d0 51070000 		.4byte	.LASF106
 794 05d4 09       		.byte	0x9
 795 05d5 F604     		.2byte	0x4f6
 796 05d7 A2000000 		.4byte	0xa2
 797 05db 00       		.byte	0
 798 05dc 11       		.uleb128 0x11
 799 05dd 34080000 		.4byte	.LASF107
 800 05e1 09       		.byte	0x9
 801 05e2 F704     		.2byte	0x4f7
 802 05e4 A2000000 		.4byte	0xa2
 803 05e8 04       		.byte	0x4
 804 05e9 11       		.uleb128 0x11
 805 05ea A9020000 		.4byte	.LASF108
 806 05ee 09       		.byte	0x9
 807 05ef F804     		.2byte	0x4f8
 808 05f1 A2000000 		.4byte	0xa2
 809 05f5 08       		.byte	0x8
 810 05f6 11       		.uleb128 0x11
 811 05f7 6F040000 		.4byte	.LASF109
 812 05fb 09       		.byte	0x9
ARM GAS  C:\Users\salaz\AppData\Local\Temp\ccNOTOo2.s 			page 17


 813 05fc F904     		.2byte	0x4f9
 814 05fe A2000000 		.4byte	0xa2
 815 0602 0C       		.byte	0xc
 816 0603 11       		.uleb128 0x11
 817 0604 9F030000 		.4byte	.LASF110
 818 0608 09       		.byte	0x9
 819 0609 FA04     		.2byte	0x4fa
 820 060b A2000000 		.4byte	0xa2
 821 060f 10       		.byte	0x10
 822 0610 11       		.uleb128 0x11
 823 0611 04080000 		.4byte	.LASF111
 824 0615 09       		.byte	0x9
 825 0616 FB04     		.2byte	0x4fb
 826 0618 BA050000 		.4byte	0x5ba
 827 061c 14       		.byte	0x14
 828 061d 11       		.uleb128 0x11
 829 061e C0050000 		.4byte	.LASF112
 830 0622 09       		.byte	0x9
 831 0623 FC04     		.2byte	0x4fc
 832 0625 A2000000 		.4byte	0xa2
 833 0629 18       		.byte	0x18
 834 062a 11       		.uleb128 0x11
 835 062b D3030000 		.4byte	.LASF113
 836 062f 09       		.byte	0x9
 837 0630 FD04     		.2byte	0x4fd
 838 0632 93060000 		.4byte	0x693
 839 0636 1C       		.byte	0x1c
 840 0637 11       		.uleb128 0x11
 841 0638 21060000 		.4byte	.LASF114
 842 063c 09       		.byte	0x9
 843 063d FE04     		.2byte	0x4fe
 844 063f A2000000 		.4byte	0xa2
 845 0643 5C       		.byte	0x5c
 846 0644 11       		.uleb128 0x11
 847 0645 AC000000 		.4byte	.LASF115
 848 0649 09       		.byte	0x9
 849 064a FF04     		.2byte	0x4ff
 850 064c A2000000 		.4byte	0xa2
 851 0650 60       		.byte	0x60
 852 0651 11       		.uleb128 0x11
 853 0652 C0040000 		.4byte	.LASF116
 854 0656 09       		.byte	0x9
 855 0657 0005     		.2byte	0x500
 856 0659 A2000000 		.4byte	0xa2
 857 065d 64       		.byte	0x64
 858 065e 11       		.uleb128 0x11
 859 065f 17060000 		.4byte	.LASF117
 860 0663 09       		.byte	0x9
 861 0664 0105     		.2byte	0x501
 862 0666 A2000000 		.4byte	0xa2
 863 066a 68       		.byte	0x68
 864 066b 11       		.uleb128 0x11
 865 066c C1080000 		.4byte	.LASF118
 866 0670 09       		.byte	0x9
 867 0671 0205     		.2byte	0x502
 868 0673 A2000000 		.4byte	0xa2
 869 0677 6C       		.byte	0x6c
ARM GAS  C:\Users\salaz\AppData\Local\Temp\ccNOTOo2.s 			page 18


 870 0678 11       		.uleb128 0x11
 871 0679 7C040000 		.4byte	.LASF119
 872 067d 09       		.byte	0x9
 873 067e 0305     		.2byte	0x503
 874 0680 D7000000 		.4byte	0xd7
 875 0684 70       		.byte	0x70
 876 0685 11       		.uleb128 0x11
 877 0686 F5060000 		.4byte	.LASF120
 878 068a 09       		.byte	0x9
 879 068b 0405     		.2byte	0x504
 880 068d A2000000 		.4byte	0xa2
 881 0691 74       		.byte	0x74
 882 0692 00       		.byte	0
 883 0693 13       		.uleb128 0x13
 884 0694 A2000000 		.4byte	0xa2
 885 0698 A3060000 		.4byte	0x6a3
 886 069c 14       		.uleb128 0x14
 887 069d AD000000 		.4byte	0xad
 888 06a1 0F       		.byte	0xf
 889 06a2 00       		.byte	0
 890 06a3 0B       		.uleb128 0xb
 891 06a4 5C010000 		.4byte	.LASF121
 892 06a8 09       		.byte	0x9
 893 06a9 0505     		.2byte	0x505
 894 06ab C6050000 		.4byte	0x5c6
 895 06af 15       		.uleb128 0x15
 896 06b0 8C000000 		.4byte	0x8c
 897 06b4 16       		.uleb128 0x16
 898 06b5 14       		.byte	0x14
 899 06b6 0A       		.byte	0xa
 900 06b7 3B       		.byte	0x3b
 901 06b8 F9060000 		.4byte	0x6f9
 902 06bc 08       		.uleb128 0x8
 903 06bd AC080000 		.4byte	.LASF122
 904 06c1 0A       		.byte	0xa
 905 06c2 3D       		.byte	0x3d
 906 06c3 A2000000 		.4byte	0xa2
 907 06c7 00       		.byte	0
 908 06c8 08       		.uleb128 0x8
 909 06c9 C7030000 		.4byte	.LASF123
 910 06cd 0A       		.byte	0xa
 911 06ce 3E       		.byte	0x3e
 912 06cf A2000000 		.4byte	0xa2
 913 06d3 04       		.byte	0x4
 914 06d4 08       		.uleb128 0x8
 915 06d5 C8020000 		.4byte	.LASF124
 916 06d9 0A       		.byte	0xa
 917 06da 3F       		.byte	0x3f
 918 06db F9060000 		.4byte	0x6f9
 919 06df 08       		.byte	0x8
 920 06e0 08       		.uleb128 0x8
 921 06e1 70070000 		.4byte	.LASF125
 922 06e5 0A       		.byte	0xa
 923 06e6 40       		.byte	0x40
 924 06e7 A2000000 		.4byte	0xa2
 925 06eb 0C       		.byte	0xc
 926 06ec 08       		.uleb128 0x8
ARM GAS  C:\Users\salaz\AppData\Local\Temp\ccNOTOo2.s 			page 19


 927 06ed EA010000 		.4byte	.LASF126
 928 06f1 0A       		.byte	0xa
 929 06f2 45       		.byte	0x45
 930 06f3 A2000000 		.4byte	0xa2
 931 06f7 10       		.byte	0x10
 932 06f8 00       		.byte	0
 933 06f9 0C       		.uleb128 0xc
 934 06fa 04       		.byte	0x4
 935 06fb FF060000 		.4byte	0x6ff
 936 06ff 15       		.uleb128 0x15
 937 0700 A3060000 		.4byte	0x6a3
 938 0704 03       		.uleb128 0x3
 939 0705 86020000 		.4byte	.LASF127
 940 0709 0A       		.byte	0xa
 941 070a 48       		.byte	0x48
 942 070b B4060000 		.4byte	0x6b4
 943 070f 17       		.uleb128 0x17
 944 0710 B3040000 		.4byte	.LASF145
 945 0714 02       		.byte	0x2
 946 0715 53       		.byte	0x53
 947 0716 03       		.byte	0x3
 948 0717 18       		.uleb128 0x18
 949 0718 E1080000 		.4byte	.LASF146
 950 071c 01       		.byte	0x1
 951 071d 0E       		.byte	0xe
 952 071e 7E000000 		.4byte	0x7e
 953 0722 00000000 		.4byte	.LFB916
 954 0726 04000000 		.4byte	.LFE916-.LFB916
 955 072a 01       		.uleb128 0x1
 956 072b 9C       		.byte	0x9c
 957 072c 40070000 		.4byte	0x740
 958 0730 19       		.uleb128 0x19
 959 0731 0F070000 		.4byte	0x70f
 960 0735 00000000 		.4byte	.LBB4
 961 0739 04000000 		.4byte	.LBE4-.LBB4
 962 073d 01       		.byte	0x1
 963 073e 10       		.byte	0x10
 964 073f 00       		.byte	0
 965 0740 1A       		.uleb128 0x1a
 966 0741 27010000 		.4byte	.LASF128
 967 0745 0B       		.byte	0xb
 968 0746 EA07     		.2byte	0x7ea
 969 0748 4C070000 		.4byte	0x74c
 970 074c 05       		.uleb128 0x5
 971 074d 97000000 		.4byte	0x97
 972 0751 13       		.uleb128 0x13
 973 0752 AF060000 		.4byte	0x6af
 974 0756 61070000 		.4byte	0x761
 975 075a 14       		.uleb128 0x14
 976 075b AD000000 		.4byte	0xad
 977 075f 0B       		.byte	0xb
 978 0760 00       		.byte	0
 979 0761 1A       		.uleb128 0x1a
 980 0762 A1050000 		.4byte	.LASF129
 981 0766 0C       		.byte	0xc
 982 0767 FC02     		.2byte	0x2fc
 983 0769 6D070000 		.4byte	0x76d
ARM GAS  C:\Users\salaz\AppData\Local\Temp\ccNOTOo2.s 			page 20


 984 076d 15       		.uleb128 0x15
 985 076e 51070000 		.4byte	0x751
 986 0772 1B       		.uleb128 0x1b
 987 0773 99080000 		.4byte	.LASF130
 988 0777 0D       		.byte	0xd
 989 0778 87       		.byte	0x87
 990 0779 88050000 		.4byte	0x588
 991 077d 1B       		.uleb128 0x1b
 992 077e 8F050000 		.4byte	.LASF131
 993 0782 0E       		.byte	0xe
 994 0783 7F       		.byte	0x7f
 995 0784 AC040000 		.4byte	0x4ac
 996 0788 1B       		.uleb128 0x1b
 997 0789 3B060000 		.4byte	.LASF132
 998 078d 0F       		.byte	0xf
 999 078e 1F       		.byte	0x1f
 1000 078f 93070000 		.4byte	0x793
 1001 0793 15       		.uleb128 0x15
 1002 0794 13030000 		.4byte	0x313
 1003 0798 1B       		.uleb128 0x1b
 1004 0799 0C030000 		.4byte	.LASF133
 1005 079d 10       		.byte	0x10
 1006 079e 1F       		.byte	0x1f
 1007 079f 93070000 		.4byte	0x793
 1008 07a3 1B       		.uleb128 0x1b
 1009 07a4 20030000 		.4byte	.LASF134
 1010 07a8 11       		.byte	0x11
 1011 07a9 1F       		.byte	0x1f
 1012 07aa AE070000 		.4byte	0x7ae
 1013 07ae 15       		.uleb128 0x15
 1014 07af CF010000 		.4byte	0x1cf
 1015 07b3 1B       		.uleb128 0x1b
 1016 07b4 00000000 		.4byte	.LASF135
 1017 07b8 12       		.byte	0x12
 1018 07b9 1F       		.byte	0x1f
 1019 07ba 93070000 		.4byte	0x793
 1020 07be 1B       		.uleb128 0x1b
 1021 07bf FD000000 		.4byte	.LASF136
 1022 07c3 13       		.byte	0x13
 1023 07c4 1F       		.byte	0x1f
 1024 07c5 93070000 		.4byte	0x793
 1025 07c9 1B       		.uleb128 0x1b
 1026 07ca 3F070000 		.4byte	.LASF137
 1027 07ce 14       		.byte	0x14
 1028 07cf 1F       		.byte	0x1f
 1029 07d0 AE070000 		.4byte	0x7ae
 1030 07d4 1B       		.uleb128 0x1b
 1031 07d5 5B060000 		.4byte	.LASF138
 1032 07d9 15       		.byte	0x15
 1033 07da 1F       		.byte	0x1f
 1034 07db 93070000 		.4byte	0x793
 1035 07df 1B       		.uleb128 0x1b
 1036 07e0 26000000 		.4byte	.LASF139
 1037 07e4 16       		.byte	0x16
 1038 07e5 1F       		.byte	0x1f
 1039 07e6 AE070000 		.4byte	0x7ae
 1040 07ea 1A       		.uleb128 0x1a
ARM GAS  C:\Users\salaz\AppData\Local\Temp\ccNOTOo2.s 			page 21


 1041 07eb C5000000 		.4byte	.LASF140
 1042 07ef 0A       		.byte	0xa
 1043 07f0 6001     		.2byte	0x160
 1044 07f2 A2000000 		.4byte	0xa2
 1045 07f6 13       		.uleb128 0x13
 1046 07f7 06080000 		.4byte	0x806
 1047 07fb 06080000 		.4byte	0x806
 1048 07ff 14       		.uleb128 0x14
 1049 0800 AD000000 		.4byte	0xad
 1050 0804 00       		.byte	0
 1051 0805 00       		.byte	0
 1052 0806 15       		.uleb128 0x15
 1053 0807 04070000 		.4byte	0x704
 1054 080b 1A       		.uleb128 0x1a
 1055 080c 26070000 		.4byte	.LASF141
 1056 0810 0A       		.byte	0xa
 1057 0811 6401     		.2byte	0x164
 1058 0813 17080000 		.4byte	0x817
 1059 0817 15       		.uleb128 0x15
 1060 0818 F6070000 		.4byte	0x7f6
 1061 081c 00       		.byte	0
 1062              		.section	.debug_abbrev,"",%progbits
 1063              	.Ldebug_abbrev0:
 1064 0000 01       		.uleb128 0x1
 1065 0001 11       		.uleb128 0x11
 1066 0002 01       		.byte	0x1
 1067 0003 25       		.uleb128 0x25
 1068 0004 0E       		.uleb128 0xe
 1069 0005 13       		.uleb128 0x13
 1070 0006 0B       		.uleb128 0xb
 1071 0007 03       		.uleb128 0x3
 1072 0008 0E       		.uleb128 0xe
 1073 0009 1B       		.uleb128 0x1b
 1074 000a 0E       		.uleb128 0xe
 1075 000b 55       		.uleb128 0x55
 1076 000c 17       		.uleb128 0x17
 1077 000d 11       		.uleb128 0x11
 1078 000e 01       		.uleb128 0x1
 1079 000f 10       		.uleb128 0x10
 1080 0010 17       		.uleb128 0x17
 1081 0011 00       		.byte	0
 1082 0012 00       		.byte	0
 1083 0013 02       		.uleb128 0x2
 1084 0014 24       		.uleb128 0x24
 1085 0015 00       		.byte	0
 1086 0016 0B       		.uleb128 0xb
 1087 0017 0B       		.uleb128 0xb
 1088 0018 3E       		.uleb128 0x3e
 1089 0019 0B       		.uleb128 0xb
 1090 001a 03       		.uleb128 0x3
 1091 001b 0E       		.uleb128 0xe
 1092 001c 00       		.byte	0
 1093 001d 00       		.byte	0
 1094 001e 03       		.uleb128 0x3
 1095 001f 16       		.uleb128 0x16
 1096 0020 00       		.byte	0
 1097 0021 03       		.uleb128 0x3
ARM GAS  C:\Users\salaz\AppData\Local\Temp\ccNOTOo2.s 			page 22


 1098 0022 0E       		.uleb128 0xe
 1099 0023 3A       		.uleb128 0x3a
 1100 0024 0B       		.uleb128 0xb
 1101 0025 3B       		.uleb128 0x3b
 1102 0026 0B       		.uleb128 0xb
 1103 0027 49       		.uleb128 0x49
 1104 0028 13       		.uleb128 0x13
 1105 0029 00       		.byte	0
 1106 002a 00       		.byte	0
 1107 002b 04       		.uleb128 0x4
 1108 002c 24       		.uleb128 0x24
 1109 002d 00       		.byte	0
 1110 002e 0B       		.uleb128 0xb
 1111 002f 0B       		.uleb128 0xb
 1112 0030 3E       		.uleb128 0x3e
 1113 0031 0B       		.uleb128 0xb
 1114 0032 03       		.uleb128 0x3
 1115 0033 08       		.uleb128 0x8
 1116 0034 00       		.byte	0
 1117 0035 00       		.byte	0
 1118 0036 05       		.uleb128 0x5
 1119 0037 35       		.uleb128 0x35
 1120 0038 00       		.byte	0
 1121 0039 49       		.uleb128 0x49
 1122 003a 13       		.uleb128 0x13
 1123 003b 00       		.byte	0
 1124 003c 00       		.byte	0
 1125 003d 06       		.uleb128 0x6
 1126 003e 0F       		.uleb128 0xf
 1127 003f 00       		.byte	0
 1128 0040 0B       		.uleb128 0xb
 1129 0041 0B       		.uleb128 0xb
 1130 0042 00       		.byte	0
 1131 0043 00       		.byte	0
 1132 0044 07       		.uleb128 0x7
 1133 0045 13       		.uleb128 0x13
 1134 0046 01       		.byte	0x1
 1135 0047 03       		.uleb128 0x3
 1136 0048 0E       		.uleb128 0xe
 1137 0049 0B       		.uleb128 0xb
 1138 004a 0B       		.uleb128 0xb
 1139 004b 3A       		.uleb128 0x3a
 1140 004c 0B       		.uleb128 0xb
 1141 004d 3B       		.uleb128 0x3b
 1142 004e 0B       		.uleb128 0xb
 1143 004f 01       		.uleb128 0x1
 1144 0050 13       		.uleb128 0x13
 1145 0051 00       		.byte	0
 1146 0052 00       		.byte	0
 1147 0053 08       		.uleb128 0x8
 1148 0054 0D       		.uleb128 0xd
 1149 0055 00       		.byte	0
 1150 0056 03       		.uleb128 0x3
 1151 0057 0E       		.uleb128 0xe
 1152 0058 3A       		.uleb128 0x3a
 1153 0059 0B       		.uleb128 0xb
 1154 005a 3B       		.uleb128 0x3b
ARM GAS  C:\Users\salaz\AppData\Local\Temp\ccNOTOo2.s 			page 23


 1155 005b 0B       		.uleb128 0xb
 1156 005c 49       		.uleb128 0x49
 1157 005d 13       		.uleb128 0x13
 1158 005e 38       		.uleb128 0x38
 1159 005f 0B       		.uleb128 0xb
 1160 0060 00       		.byte	0
 1161 0061 00       		.byte	0
 1162 0062 09       		.uleb128 0x9
 1163 0063 04       		.uleb128 0x4
 1164 0064 01       		.byte	0x1
 1165 0065 0B       		.uleb128 0xb
 1166 0066 0B       		.uleb128 0xb
 1167 0067 49       		.uleb128 0x49
 1168 0068 13       		.uleb128 0x13
 1169 0069 3A       		.uleb128 0x3a
 1170 006a 0B       		.uleb128 0xb
 1171 006b 3B       		.uleb128 0x3b
 1172 006c 05       		.uleb128 0x5
 1173 006d 01       		.uleb128 0x1
 1174 006e 13       		.uleb128 0x13
 1175 006f 00       		.byte	0
 1176 0070 00       		.byte	0
 1177 0071 0A       		.uleb128 0xa
 1178 0072 28       		.uleb128 0x28
 1179 0073 00       		.byte	0
 1180 0074 03       		.uleb128 0x3
 1181 0075 0E       		.uleb128 0xe
 1182 0076 1C       		.uleb128 0x1c
 1183 0077 0B       		.uleb128 0xb
 1184 0078 00       		.byte	0
 1185 0079 00       		.byte	0
 1186 007a 0B       		.uleb128 0xb
 1187 007b 16       		.uleb128 0x16
 1188 007c 00       		.byte	0
 1189 007d 03       		.uleb128 0x3
 1190 007e 0E       		.uleb128 0xe
 1191 007f 3A       		.uleb128 0x3a
 1192 0080 0B       		.uleb128 0xb
 1193 0081 3B       		.uleb128 0x3b
 1194 0082 05       		.uleb128 0x5
 1195 0083 49       		.uleb128 0x49
 1196 0084 13       		.uleb128 0x13
 1197 0085 00       		.byte	0
 1198 0086 00       		.byte	0
 1199 0087 0C       		.uleb128 0xc
 1200 0088 0F       		.uleb128 0xf
 1201 0089 00       		.byte	0
 1202 008a 0B       		.uleb128 0xb
 1203 008b 0B       		.uleb128 0xb
 1204 008c 49       		.uleb128 0x49
 1205 008d 13       		.uleb128 0x13
 1206 008e 00       		.byte	0
 1207 008f 00       		.byte	0
 1208 0090 0D       		.uleb128 0xd
 1209 0091 15       		.uleb128 0x15
 1210 0092 01       		.byte	0x1
 1211 0093 27       		.uleb128 0x27
ARM GAS  C:\Users\salaz\AppData\Local\Temp\ccNOTOo2.s 			page 24


 1212 0094 19       		.uleb128 0x19
 1213 0095 01       		.uleb128 0x1
 1214 0096 13       		.uleb128 0x13
 1215 0097 00       		.byte	0
 1216 0098 00       		.byte	0
 1217 0099 0E       		.uleb128 0xe
 1218 009a 05       		.uleb128 0x5
 1219 009b 00       		.byte	0
 1220 009c 49       		.uleb128 0x49
 1221 009d 13       		.uleb128 0x13
 1222 009e 00       		.byte	0
 1223 009f 00       		.byte	0
 1224 00a0 0F       		.uleb128 0xf
 1225 00a1 15       		.uleb128 0x15
 1226 00a2 01       		.byte	0x1
 1227 00a3 27       		.uleb128 0x27
 1228 00a4 19       		.uleb128 0x19
 1229 00a5 49       		.uleb128 0x49
 1230 00a6 13       		.uleb128 0x13
 1231 00a7 01       		.uleb128 0x1
 1232 00a8 13       		.uleb128 0x13
 1233 00a9 00       		.byte	0
 1234 00aa 00       		.byte	0
 1235 00ab 10       		.uleb128 0x10
 1236 00ac 13       		.uleb128 0x13
 1237 00ad 01       		.byte	0x1
 1238 00ae 03       		.uleb128 0x3
 1239 00af 0E       		.uleb128 0xe
 1240 00b0 0B       		.uleb128 0xb
 1241 00b1 0B       		.uleb128 0xb
 1242 00b2 3A       		.uleb128 0x3a
 1243 00b3 0B       		.uleb128 0xb
 1244 00b4 3B       		.uleb128 0x3b
 1245 00b5 05       		.uleb128 0x5
 1246 00b6 01       		.uleb128 0x1
 1247 00b7 13       		.uleb128 0x13
 1248 00b8 00       		.byte	0
 1249 00b9 00       		.byte	0
 1250 00ba 11       		.uleb128 0x11
 1251 00bb 0D       		.uleb128 0xd
 1252 00bc 00       		.byte	0
 1253 00bd 03       		.uleb128 0x3
 1254 00be 0E       		.uleb128 0xe
 1255 00bf 3A       		.uleb128 0x3a
 1256 00c0 0B       		.uleb128 0xb
 1257 00c1 3B       		.uleb128 0x3b
 1258 00c2 05       		.uleb128 0x5
 1259 00c3 49       		.uleb128 0x49
 1260 00c4 13       		.uleb128 0x13
 1261 00c5 38       		.uleb128 0x38
 1262 00c6 0B       		.uleb128 0xb
 1263 00c7 00       		.byte	0
 1264 00c8 00       		.byte	0
 1265 00c9 12       		.uleb128 0x12
 1266 00ca 13       		.uleb128 0x13
 1267 00cb 01       		.byte	0x1
 1268 00cc 0B       		.uleb128 0xb
ARM GAS  C:\Users\salaz\AppData\Local\Temp\ccNOTOo2.s 			page 25


 1269 00cd 0B       		.uleb128 0xb
 1270 00ce 3A       		.uleb128 0x3a
 1271 00cf 0B       		.uleb128 0xb
 1272 00d0 3B       		.uleb128 0x3b
 1273 00d1 05       		.uleb128 0x5
 1274 00d2 01       		.uleb128 0x1
 1275 00d3 13       		.uleb128 0x13
 1276 00d4 00       		.byte	0
 1277 00d5 00       		.byte	0
 1278 00d6 13       		.uleb128 0x13
 1279 00d7 01       		.uleb128 0x1
 1280 00d8 01       		.byte	0x1
 1281 00d9 49       		.uleb128 0x49
 1282 00da 13       		.uleb128 0x13
 1283 00db 01       		.uleb128 0x1
 1284 00dc 13       		.uleb128 0x13
 1285 00dd 00       		.byte	0
 1286 00de 00       		.byte	0
 1287 00df 14       		.uleb128 0x14
 1288 00e0 21       		.uleb128 0x21
 1289 00e1 00       		.byte	0
 1290 00e2 49       		.uleb128 0x49
 1291 00e3 13       		.uleb128 0x13
 1292 00e4 2F       		.uleb128 0x2f
 1293 00e5 0B       		.uleb128 0xb
 1294 00e6 00       		.byte	0
 1295 00e7 00       		.byte	0
 1296 00e8 15       		.uleb128 0x15
 1297 00e9 26       		.uleb128 0x26
 1298 00ea 00       		.byte	0
 1299 00eb 49       		.uleb128 0x49
 1300 00ec 13       		.uleb128 0x13
 1301 00ed 00       		.byte	0
 1302 00ee 00       		.byte	0
 1303 00ef 16       		.uleb128 0x16
 1304 00f0 13       		.uleb128 0x13
 1305 00f1 01       		.byte	0x1
 1306 00f2 0B       		.uleb128 0xb
 1307 00f3 0B       		.uleb128 0xb
 1308 00f4 3A       		.uleb128 0x3a
 1309 00f5 0B       		.uleb128 0xb
 1310 00f6 3B       		.uleb128 0x3b
 1311 00f7 0B       		.uleb128 0xb
 1312 00f8 01       		.uleb128 0x1
 1313 00f9 13       		.uleb128 0x13
 1314 00fa 00       		.byte	0
 1315 00fb 00       		.byte	0
 1316 00fc 17       		.uleb128 0x17
 1317 00fd 2E       		.uleb128 0x2e
 1318 00fe 00       		.byte	0
 1319 00ff 03       		.uleb128 0x3
 1320 0100 0E       		.uleb128 0xe
 1321 0101 3A       		.uleb128 0x3a
 1322 0102 0B       		.uleb128 0xb
 1323 0103 3B       		.uleb128 0x3b
 1324 0104 0B       		.uleb128 0xb
 1325 0105 27       		.uleb128 0x27
ARM GAS  C:\Users\salaz\AppData\Local\Temp\ccNOTOo2.s 			page 26


 1326 0106 19       		.uleb128 0x19
 1327 0107 20       		.uleb128 0x20
 1328 0108 0B       		.uleb128 0xb
 1329 0109 00       		.byte	0
 1330 010a 00       		.byte	0
 1331 010b 18       		.uleb128 0x18
 1332 010c 2E       		.uleb128 0x2e
 1333 010d 01       		.byte	0x1
 1334 010e 3F       		.uleb128 0x3f
 1335 010f 19       		.uleb128 0x19
 1336 0110 03       		.uleb128 0x3
 1337 0111 0E       		.uleb128 0xe
 1338 0112 3A       		.uleb128 0x3a
 1339 0113 0B       		.uleb128 0xb
 1340 0114 3B       		.uleb128 0x3b
 1341 0115 0B       		.uleb128 0xb
 1342 0116 27       		.uleb128 0x27
 1343 0117 19       		.uleb128 0x19
 1344 0118 49       		.uleb128 0x49
 1345 0119 13       		.uleb128 0x13
 1346 011a 8701     		.uleb128 0x87
 1347 011c 19       		.uleb128 0x19
 1348 011d 11       		.uleb128 0x11
 1349 011e 01       		.uleb128 0x1
 1350 011f 12       		.uleb128 0x12
 1351 0120 06       		.uleb128 0x6
 1352 0121 40       		.uleb128 0x40
 1353 0122 18       		.uleb128 0x18
 1354 0123 9742     		.uleb128 0x2117
 1355 0125 19       		.uleb128 0x19
 1356 0126 01       		.uleb128 0x1
 1357 0127 13       		.uleb128 0x13
 1358 0128 00       		.byte	0
 1359 0129 00       		.byte	0
 1360 012a 19       		.uleb128 0x19
 1361 012b 1D       		.uleb128 0x1d
 1362 012c 00       		.byte	0
 1363 012d 31       		.uleb128 0x31
 1364 012e 13       		.uleb128 0x13
 1365 012f 11       		.uleb128 0x11
 1366 0130 01       		.uleb128 0x1
 1367 0131 12       		.uleb128 0x12
 1368 0132 06       		.uleb128 0x6
 1369 0133 58       		.uleb128 0x58
 1370 0134 0B       		.uleb128 0xb
 1371 0135 59       		.uleb128 0x59
 1372 0136 0B       		.uleb128 0xb
 1373 0137 00       		.byte	0
 1374 0138 00       		.byte	0
 1375 0139 1A       		.uleb128 0x1a
 1376 013a 34       		.uleb128 0x34
 1377 013b 00       		.byte	0
 1378 013c 03       		.uleb128 0x3
 1379 013d 0E       		.uleb128 0xe
 1380 013e 3A       		.uleb128 0x3a
 1381 013f 0B       		.uleb128 0xb
 1382 0140 3B       		.uleb128 0x3b
ARM GAS  C:\Users\salaz\AppData\Local\Temp\ccNOTOo2.s 			page 27


 1383 0141 05       		.uleb128 0x5
 1384 0142 49       		.uleb128 0x49
 1385 0143 13       		.uleb128 0x13
 1386 0144 3F       		.uleb128 0x3f
 1387 0145 19       		.uleb128 0x19
 1388 0146 3C       		.uleb128 0x3c
 1389 0147 19       		.uleb128 0x19
 1390 0148 00       		.byte	0
 1391 0149 00       		.byte	0
 1392 014a 1B       		.uleb128 0x1b
 1393 014b 34       		.uleb128 0x34
 1394 014c 00       		.byte	0
 1395 014d 03       		.uleb128 0x3
 1396 014e 0E       		.uleb128 0xe
 1397 014f 3A       		.uleb128 0x3a
 1398 0150 0B       		.uleb128 0xb
 1399 0151 3B       		.uleb128 0x3b
 1400 0152 0B       		.uleb128 0xb
 1401 0153 49       		.uleb128 0x49
 1402 0154 13       		.uleb128 0x13
 1403 0155 3F       		.uleb128 0x3f
 1404 0156 19       		.uleb128 0x19
 1405 0157 3C       		.uleb128 0x3c
 1406 0158 19       		.uleb128 0x19
 1407 0159 00       		.byte	0
 1408 015a 00       		.byte	0
 1409 015b 00       		.byte	0
 1410              		.section	.debug_aranges,"",%progbits
 1411 0000 1C000000 		.4byte	0x1c
 1412 0004 0200     		.2byte	0x2
 1413 0006 00000000 		.4byte	.Ldebug_info0
 1414 000a 04       		.byte	0x4
 1415 000b 00       		.byte	0
 1416 000c 0000     		.2byte	0
 1417 000e 0000     		.2byte	0
 1418 0010 00000000 		.4byte	.LFB916
 1419 0014 04000000 		.4byte	.LFE916-.LFB916
 1420 0018 00000000 		.4byte	0
 1421 001c 00000000 		.4byte	0
 1422              		.section	.debug_ranges,"",%progbits
 1423              	.Ldebug_ranges0:
 1424 0000 00000000 		.4byte	.LFB916
 1425 0004 04000000 		.4byte	.LFE916
 1426 0008 00000000 		.4byte	0
 1427 000c 00000000 		.4byte	0
 1428              		.section	.debug_line,"",%progbits
 1429              	.Ldebug_line0:
 1430 0000 71030000 		.section	.debug_str,"MS",%progbits,1
 1430      02005603 
 1430      00000201 
 1430      FB0E0D00 
 1430      01010101 
 1431              	.LASF135:
 1432 0000 4C696768 		.ascii	"LightOutputB_config\000"
 1432      744F7574 
 1432      70757442 
 1432      5F636F6E 
ARM GAS  C:\Users\salaz\AppData\Local\Temp\ccNOTOo2.s 			page 28


 1432      66696700 
 1433              	.LASF23:
 1434 0014 72756E4D 		.ascii	"runMode\000"
 1434      6F646500 
 1435              	.LASF94:
 1436 001c 72784275 		.ascii	"rxBufSize\000"
 1436      6653697A 
 1436      6500
 1437              	.LASF139:
 1438 0026 4368696D 		.ascii	"ChimeTimer_config\000"
 1438      6554696D 
 1438      65725F63 
 1438      6F6E6669 
 1438      6700
 1439              	.LASF97:
 1440 0038 74784275 		.ascii	"txBufSize\000"
 1440      6653697A 
 1440      6500
 1441              	.LASF55:
 1442 0042 6B696C6C 		.ascii	"killInput\000"
 1442      496E7075 
 1442      7400
 1443              	.LASF69:
 1444 004c 6D617374 		.ascii	"masterBuffer\000"
 1444      65724275 
 1444      66666572 
 1444      00
 1445              	.LASF44:
 1446 0059 70776D41 		.ascii	"pwmAlignment\000"
 1446      6C69676E 
 1446      6D656E74 
 1446      00
 1447              	.LASF1:
 1448 0066 7369676E 		.ascii	"signed char\000"
 1448      65642063 
 1448      68617200 
 1449              	.LASF4:
 1450 0072 5F5F7569 		.ascii	"__uint8_t\000"
 1450      6E74385F 
 1450      7400
 1451              	.LASF73:
 1452 007c 736C6176 		.ascii	"slaveStatus\000"
 1452      65537461 
 1452      74757300 
 1453              	.LASF24:
 1454 0088 636F756E 		.ascii	"countDirection\000"
 1454      74446972 
 1454      65637469 
 1454      6F6E00
 1455              	.LASF36:
 1456 0097 73746F70 		.ascii	"stopInputMode\000"
 1456      496E7075 
 1456      744D6F64 
 1456      6500
 1457              	.LASF21:
 1458 00a5 70657269 		.ascii	"period\000"
 1458      6F6400
ARM GAS  C:\Users\salaz\AppData\Local\Temp\ccNOTOo2.s 			page 29


 1459              	.LASF115:
 1460 00ac 73617449 		.ascii	"satIntrMask\000"
 1460      6E74724D 
 1460      61736B00 
 1461              	.LASF31:
 1462 00b8 63617074 		.ascii	"captureInput\000"
 1462      75726549 
 1462      6E707574 
 1462      00
 1463              	.LASF140:
 1464 00c5 4144435F 		.ascii	"ADC_currentConfig\000"
 1464      63757272 
 1464      656E7443 
 1464      6F6E6669 
 1464      6700
 1465              	.LASF10:
 1466 00d7 6C6F6E67 		.ascii	"long long unsigned int\000"
 1466      206C6F6E 
 1466      6720756E 
 1466      7369676E 
 1466      65642069 
 1467              	.LASF22:
 1468 00ee 636C6F63 		.ascii	"clockPrescaler\000"
 1468      6B507265 
 1468      7363616C 
 1468      657200
 1469              	.LASF136:
 1470 00fd 4D6F746F 		.ascii	"MotorOutput_config\000"
 1470      724F7574 
 1470      7075745F 
 1470      636F6E66 
 1470      696700
 1471              	.LASF89:
 1472 0110 72785269 		.ascii	"rxRingBuf\000"
 1472      6E674275 
 1472      6600
 1473              	.LASF66:
 1474 011a 6D617374 		.ascii	"masterStatus\000"
 1474      65725374 
 1474      61747573 
 1474      00
 1475              	.LASF128:
 1476 0127 49544D5F 		.ascii	"ITM_RxBuffer\000"
 1476      52784275 
 1476      66666572 
 1476      00
 1477              	.LASF81:
 1478 0134 736C6176 		.ascii	"slaveRxBufferIdx\000"
 1478      65527842 
 1478      75666665 
 1478      72496478 
 1478      00
 1479              	.LASF62:
 1480 0145 63795F73 		.ascii	"cy_stc_scb_i2c_context\000"
 1480      74635F73 
 1480      63625F69 
 1480      32635F63 
ARM GAS  C:\Users\salaz\AppData\Local\Temp\ccNOTOo2.s 			page 30


 1480      6F6E7465 
 1481              	.LASF121:
 1482 015c 63795F73 		.ascii	"cy_stc_sar_config_t\000"
 1482      74635F73 
 1482      61725F63 
 1482      6F6E6669 
 1482      675F7400 
 1483              	.LASF9:
 1484 0170 6C6F6E67 		.ascii	"long long int\000"
 1484      206C6F6E 
 1484      6720696E 
 1484      7400
 1485              	.LASF40:
 1486 017e 63795F73 		.ascii	"cy_stc_tcpwm_counter_config_t\000"
 1486      74635F74 
 1486      6370776D 
 1486      5F636F75 
 1486      6E746572 
 1487              	.LASF100:
 1488 019c 63795F73 		.ascii	"cy_stc_scb_uart_context_t\000"
 1488      74635F73 
 1488      63625F75 
 1488      6172745F 
 1488      636F6E74 
 1489              	.LASF98:
 1490 01b6 74784C65 		.ascii	"txLeftToTransmit\000"
 1490      6674546F 
 1490      5472616E 
 1490      736D6974 
 1490      00
 1491              	.LASF105:
 1492 01c7 63795F65 		.ascii	"cy_en_sar_range_detect_condition_t\000"
 1492      6E5F7361 
 1492      725F7261 
 1492      6E67655F 
 1492      64657465 
 1493              	.LASF126:
 1494 01ea 636C6B44 		.ascii	"clkDivider\000"
 1494      69766964 
 1494      657200
 1495              	.LASF80:
 1496 01f5 736C6176 		.ascii	"slaveRxBufferSize\000"
 1496      65527842 
 1496      75666665 
 1496      7253697A 
 1496      6500
 1497              	.LASF101:
 1498 0207 43595F53 		.ascii	"CY_SAR_RANGE_COND_BELOW\000"
 1498      41525F52 
 1498      414E4745 
 1498      5F434F4E 
 1498      445F4245 
 1499              	.LASF65:
 1500 021f 73746174 		.ascii	"state\000"
 1500      6500
 1501              	.LASF60:
 1502 0225 63795F63 		.ascii	"cy_cb_scb_i2c_handle_events_t\000"
ARM GAS  C:\Users\salaz\AppData\Local\Temp\ccNOTOo2.s 			page 31


 1502      625F7363 
 1502      625F6932 
 1502      635F6861 
 1502      6E646C65 
 1503              	.LASF6:
 1504 0243 6C6F6E67 		.ascii	"long int\000"
 1504      20696E74 
 1504      00
 1505              	.LASF68:
 1506 024c 6D617374 		.ascii	"masterRdDir\000"
 1506      65725264 
 1506      44697200 
 1507              	.LASF58:
 1508 0258 43595F53 		.ascii	"CY_SCB_I2C_NAK\000"
 1508      43425F49 
 1508      32435F4E 
 1508      414B00
 1509              	.LASF103:
 1510 0267 43595F53 		.ascii	"CY_SAR_RANGE_COND_ABOVE\000"
 1510      41525F52 
 1510      414E4745 
 1510      5F434F4E 
 1510      445F4142 
 1511              	.LASF19:
 1512 027f 646F7562 		.ascii	"double\000"
 1512      6C6500
 1513              	.LASF127:
 1514 0286 4144435F 		.ascii	"ADC_CONFIG_STRUCT\000"
 1514      434F4E46 
 1514      49475F53 
 1514      54525543 
 1514      5400
 1515              	.LASF30:
 1516 0298 63617074 		.ascii	"captureInputMode\000"
 1516      75726549 
 1516      6E707574 
 1516      4D6F6465 
 1516      00
 1517              	.LASF108:
 1518 02a9 73616D70 		.ascii	"sampleTime01\000"
 1518      6C655469 
 1518      6D653031 
 1518      00
 1519              	.LASF83:
 1520 02b6 63624164 		.ascii	"cbAddr\000"
 1520      647200
 1521              	.LASF7:
 1522 02bd 5F5F7569 		.ascii	"__uint32_t\000"
 1522      6E743332 
 1522      5F7400
 1523              	.LASF124:
 1524 02c8 6877436F 		.ascii	"hwConfigStc\000"
 1524      6E666967 
 1524      53746300 
 1525              	.LASF144:
 1526 02d4 433A5C55 		.ascii	"C:\\Users\\salaz\\Desktop\\SmartHandle\\James.cydsn"
 1526      73657273 
ARM GAS  C:\Users\salaz\AppData\Local\Temp\ccNOTOo2.s 			page 32


 1526      5C73616C 
 1526      617A5C44 
 1526      65736B74 
 1527 0302 00       		.ascii	"\000"
 1528              	.LASF95:
 1529 0303 72784275 		.ascii	"rxBufIdx\000"
 1529      66496478 
 1529      00
 1530              	.LASF133:
 1531 030c 4C696768 		.ascii	"LightOutputA_config\000"
 1531      744F7574 
 1531      70757441 
 1531      5F636F6E 
 1531      66696700 
 1532              	.LASF134:
 1533 0320 4C696768 		.ascii	"LightTimer_config\000"
 1533      7454696D 
 1533      65725F63 
 1533      6F6E6669 
 1533      6700
 1534              	.LASF11:
 1535 0332 756E7369 		.ascii	"unsigned int\000"
 1535      676E6564 
 1535      20696E74 
 1535      00
 1536              	.LASF77:
 1537 033f 736C6176 		.ascii	"slaveTxBufferIdx\000"
 1537      65547842 
 1537      75666665 
 1537      72496478 
 1537      00
 1538              	.LASF8:
 1539 0350 6C6F6E67 		.ascii	"long unsigned int\000"
 1539      20756E73 
 1539      69676E65 
 1539      6420696E 
 1539      7400
 1540              	.LASF28:
 1541 0362 656E6162 		.ascii	"enableCompareSwap\000"
 1541      6C65436F 
 1541      6D706172 
 1541      65537761 
 1541      7000
 1542              	.LASF64:
 1543 0374 75736554 		.ascii	"useTxFifo\000"
 1543      78466966 
 1543      6F00
 1544              	.LASF52:
 1545 037e 73776170 		.ascii	"swapInputMode\000"
 1545      496E7075 
 1545      744D6F64 
 1545      6500
 1546              	.LASF3:
 1547 038c 73686F72 		.ascii	"short unsigned int\000"
 1547      7420756E 
 1547      7369676E 
 1547      65642069 
ARM GAS  C:\Users\salaz\AppData\Local\Temp\ccNOTOo2.s 			page 33


 1547      6E7400
 1548              	.LASF110:
 1549 039f 72616E67 		.ascii	"rangeThres\000"
 1549      65546872 
 1549      657300
 1550              	.LASF54:
 1551 03aa 6B696C6C 		.ascii	"killInputMode\000"
 1551      496E7075 
 1551      744D6F64 
 1551      6500
 1552              	.LASF82:
 1553 03b8 63624576 		.ascii	"cbEvents\000"
 1553      656E7473 
 1553      00
 1554              	.LASF96:
 1555 03c1 74784275 		.ascii	"txBuf\000"
 1555      6600
 1556              	.LASF123:
 1557 03c7 6E756D43 		.ascii	"numChannels\000"
 1557      68616E6E 
 1557      656C7300 
 1558              	.LASF113:
 1559 03d3 6368616E 		.ascii	"chanConfig\000"
 1559      436F6E66 
 1559      696700
 1560              	.LASF49:
 1561 03de 696E7665 		.ascii	"invertPWMOut\000"
 1561      72745057 
 1561      4D4F7574 
 1561      00
 1562              	.LASF45:
 1563 03eb 64656164 		.ascii	"deadTimeClocks\000"
 1563      54696D65 
 1563      436C6F63 
 1563      6B7300
 1564              	.LASF91:
 1565 03fa 72785269 		.ascii	"rxRingBufHead\000"
 1565      6E674275 
 1565      66486561 
 1565      6400
 1566              	.LASF38:
 1567 0408 636F756E 		.ascii	"countInputMode\000"
 1567      74496E70 
 1567      75744D6F 
 1567      646500
 1568              	.LASF79:
 1569 0417 736C6176 		.ascii	"slaveRxBuffer\000"
 1569      65527842 
 1569      75666665 
 1569      7200
 1570              	.LASF35:
 1571 0425 73746172 		.ascii	"startInput\000"
 1571      74496E70 
 1571      757400
 1572              	.LASF41:
 1573 0430 63795F73 		.ascii	"cy_stc_tcpwm_counter_config\000"
 1573      74635F74 
ARM GAS  C:\Users\salaz\AppData\Local\Temp\ccNOTOo2.s 			page 34


 1573      6370776D 
 1573      5F636F75 
 1573      6E746572 
 1574              	.LASF15:
 1575 044c 73697A65 		.ascii	"sizetype\000"
 1575      74797065 
 1575      00
 1576              	.LASF53:
 1577 0455 73776170 		.ascii	"swapInput\000"
 1577      496E7075 
 1577      7400
 1578              	.LASF71:
 1579 045f 6D617374 		.ascii	"masterBufferIdx\000"
 1579      65724275 
 1579      66666572 
 1579      49647800 
 1580              	.LASF109:
 1581 046f 73616D70 		.ascii	"sampleTime23\000"
 1581      6C655469 
 1581      6D653233 
 1581      00
 1582              	.LASF119:
 1583 047c 636F6E66 		.ascii	"configRouting\000"
 1583      6967526F 
 1583      7574696E 
 1583      6700
 1584              	.LASF57:
 1585 048a 43595F53 		.ascii	"CY_SCB_I2C_ACK\000"
 1585      43425F49 
 1585      32435F41 
 1585      434B00
 1586              	.LASF88:
 1587 0499 72785374 		.ascii	"rxStatus\000"
 1587      61747573 
 1587      00
 1588              	.LASF29:
 1589 04a2 696E7465 		.ascii	"interruptSources\000"
 1589      72727570 
 1589      74536F75 
 1589      72636573 
 1589      00
 1590              	.LASF145:
 1591 04b3 5F5F656E 		.ascii	"__enable_irq\000"
 1591      61626C65 
 1591      5F697271 
 1591      00
 1592              	.LASF116:
 1593 04c0 72616E67 		.ascii	"rangeIntrMask\000"
 1593      65496E74 
 1593      724D6173 
 1593      6B00
 1594              	.LASF142:
 1595 04ce 474E5520 		.ascii	"GNU C11 5.4.1 20160609 (release) [ARM/embedded-5-br"
 1595      43313120 
 1595      352E342E 
 1595      31203230 
 1595      31363036 
ARM GAS  C:\Users\salaz\AppData\Local\Temp\ccNOTOo2.s 			page 35


 1596 0501 616E6368 		.ascii	"anch revision 237715] -mcpu=cortex-m4 -mfloat-abi=s"
 1596      20726576 
 1596      6973696F 
 1596      6E203233 
 1596      37373135 
 1597 0534 6F667466 		.ascii	"oftfp -mfpu=fpv4-sp-d16 -mthumb -g -Og -ffunction-s"
 1597      70202D6D 
 1597      6670753D 
 1597      66707634 
 1597      2D73702D 
 1598 0567 65637469 		.ascii	"ections -ffat-lto-objects\000"
 1598      6F6E7320 
 1598      2D666661 
 1598      742D6C74 
 1598      6F2D6F62 
 1599              	.LASF43:
 1600 0581 70776D4D 		.ascii	"pwmMode\000"
 1600      6F646500 
 1601              	.LASF18:
 1602 0589 666C6F61 		.ascii	"float\000"
 1602      7400
 1603              	.LASF131:
 1604 058f 53656E73 		.ascii	"SensorBus_context\000"
 1604      6F724275 
 1604      735F636F 
 1604      6E746578 
 1604      7400
 1605              	.LASF129:
 1606 05a1 63795F52 		.ascii	"cy_RTC_daysInMonthTbl\000"
 1606      54435F64 
 1606      61797349 
 1606      6E4D6F6E 
 1606      74685462 
 1607              	.LASF51:
 1608 05b7 6B696C6C 		.ascii	"killMode\000"
 1608      4D6F6465 
 1608      00
 1609              	.LASF112:
 1610 05c0 6368616E 		.ascii	"chanEn\000"
 1610      456E00
 1611              	.LASF102:
 1612 05c7 43595F53 		.ascii	"CY_SAR_RANGE_COND_INSIDE\000"
 1612      41525F52 
 1612      414E4745 
 1612      5F434F4E 
 1612      445F494E 
 1613              	.LASF20:
 1614 05e0 5F426F6F 		.ascii	"_Bool\000"
 1614      6C00
 1615              	.LASF13:
 1616 05e6 696E7433 		.ascii	"int32_t\000"
 1616      325F7400 
 1617              	.LASF2:
 1618 05ee 756E7369 		.ascii	"unsigned char\000"
 1618      676E6564 
 1618      20636861 
 1618      7200
ARM GAS  C:\Users\salaz\AppData\Local\Temp\ccNOTOo2.s 			page 36


 1619              	.LASF48:
 1620 05fc 656E6162 		.ascii	"enablePeriodSwap\000"
 1620      6C655065 
 1620      72696F64 
 1620      53776170 
 1620      00
 1621              	.LASF0:
 1622 060d 73686F72 		.ascii	"short int\000"
 1622      7420696E 
 1622      7400
 1623              	.LASF117:
 1624 0617 6D757853 		.ascii	"muxSwitch\000"
 1624      77697463 
 1624      6800
 1625              	.LASF114:
 1626 0621 696E7472 		.ascii	"intrMask\000"
 1626      4D61736B 
 1626      00
 1627              	.LASF70:
 1628 062a 6D617374 		.ascii	"masterBufferSize\000"
 1628      65724275 
 1628      66666572 
 1628      53697A65 
 1628      00
 1629              	.LASF132:
 1630 063b 4C696768 		.ascii	"LightOutputC_config\000"
 1630      744F7574 
 1630      70757443 
 1630      5F636F6E 
 1630      66696700 
 1631              	.LASF67:
 1632 064f 6D617374 		.ascii	"masterPause\000"
 1632      65725061 
 1632      75736500 
 1633              	.LASF138:
 1634 065b 4368696D 		.ascii	"ChimeOutput_config\000"
 1634      654F7574 
 1634      7075745F 
 1634      636F6E66 
 1634      696700
 1635              	.LASF61:
 1636 066e 63795F63 		.ascii	"cy_cb_scb_i2c_handle_addr_t\000"
 1636      625F7363 
 1636      625F6932 
 1636      635F6861 
 1636      6E646C65 
 1637              	.LASF25:
 1638 068a 636F6D70 		.ascii	"compareOrCapture\000"
 1638      6172654F 
 1638      72436170 
 1638      74757265 
 1638      00
 1639              	.LASF72:
 1640 069b 6D617374 		.ascii	"masterNumBytes\000"
 1640      65724E75 
 1640      6D427974 
 1640      657300
ARM GAS  C:\Users\salaz\AppData\Local\Temp\ccNOTOo2.s 			page 37


 1641              	.LASF78:
 1642 06aa 736C6176 		.ascii	"slaveTxBufferCnt\000"
 1642      65547842 
 1642      75666665 
 1642      72436E74 
 1642      00
 1643              	.LASF42:
 1644 06bb 63795F73 		.ascii	"cy_stc_tcpwm_pwm_config\000"
 1644      74635F74 
 1644      6370776D 
 1644      5F70776D 
 1644      5F636F6E 
 1645              	.LASF14:
 1646 06d3 75696E74 		.ascii	"uint32_t\000"
 1646      33325F74 
 1646      00
 1647              	.LASF84:
 1648 06dc 63795F73 		.ascii	"cy_stc_scb_i2c_context_t\000"
 1648      74635F73 
 1648      63625F69 
 1648      32635F63 
 1648      6F6E7465 
 1649              	.LASF120:
 1650 06f5 76726566 		.ascii	"vrefMvValue\000"
 1650      4D765661 
 1650      6C756500 
 1651              	.LASF26:
 1652 0701 636F6D70 		.ascii	"compare0\000"
 1652      61726530 
 1652      00
 1653              	.LASF16:
 1654 070a 6C6F6E67 		.ascii	"long double\000"
 1654      20646F75 
 1654      626C6500 
 1655              	.LASF39:
 1656 0716 636F756E 		.ascii	"countInput\000"
 1656      74496E70 
 1656      757400
 1657              	.LASF17:
 1658 0721 63686172 		.ascii	"char\000"
 1658      00
 1659              	.LASF141:
 1660 0726 4144435F 		.ascii	"ADC_allConfigs\000"
 1660      616C6C43 
 1660      6F6E6669 
 1660      677300
 1661              	.LASF5:
 1662 0735 5F5F696E 		.ascii	"__int32_t\000"
 1662      7433325F 
 1662      7400
 1663              	.LASF137:
 1664 073f 4D6F746F 		.ascii	"MotorTimer_config\000"
 1664      7254696D 
 1664      65725F63 
 1664      6F6E6669 
 1664      6700
 1665              	.LASF106:
ARM GAS  C:\Users\salaz\AppData\Local\Temp\ccNOTOo2.s 			page 38


 1666 0751 6374726C 		.ascii	"ctrl\000"
 1666      00
 1667              	.LASF90:
 1668 0756 72785269 		.ascii	"rxRingBufSize\000"
 1668      6E674275 
 1668      6653697A 
 1668      6500
 1669              	.LASF33:
 1670 0764 72656C6F 		.ascii	"reloadInput\000"
 1670      6164496E 
 1670      70757400 
 1671              	.LASF125:
 1672 0770 6D697363 		.ascii	"miscConfig\000"
 1672      436F6E66 
 1672      696700
 1673              	.LASF85:
 1674 077b 63795F63 		.ascii	"cy_cb_scb_uart_handle_events_t\000"
 1674      625F7363 
 1674      625F7561 
 1674      72745F68 
 1674      616E646C 
 1675              	.LASF37:
 1676 079a 73746F70 		.ascii	"stopInput\000"
 1676      496E7075 
 1676      7400
 1677              	.LASF63:
 1678 07a4 75736552 		.ascii	"useRxFifo\000"
 1678      78466966 
 1678      6F00
 1679              	.LASF34:
 1680 07ae 73746172 		.ascii	"startInputMode\000"
 1680      74496E70 
 1680      75744D6F 
 1680      646500
 1681              	.LASF46:
 1682 07bd 70657269 		.ascii	"period0\000"
 1682      6F643000 
 1683              	.LASF47:
 1684 07c5 70657269 		.ascii	"period1\000"
 1684      6F643100 
 1685              	.LASF27:
 1686 07cd 636F6D70 		.ascii	"compare1\000"
 1686      61726531 
 1686      00
 1687              	.LASF99:
 1688 07d6 696E6974 		.ascii	"initKey\000"
 1688      4B657900 
 1689              	.LASF93:
 1690 07de 72784275 		.ascii	"rxBuf\000"
 1690      6600
 1691              	.LASF75:
 1692 07e4 736C6176 		.ascii	"slaveTxBuffer\000"
 1692      65547842 
 1692      75666665 
 1692      7200
 1693              	.LASF76:
 1694 07f2 736C6176 		.ascii	"slaveTxBufferSize\000"
ARM GAS  C:\Users\salaz\AppData\Local\Temp\ccNOTOo2.s 			page 39


 1694      65547842 
 1694      75666665 
 1694      7253697A 
 1694      6500
 1695              	.LASF111:
 1696 0804 72616E67 		.ascii	"rangeCond\000"
 1696      65436F6E 
 1696      6400
 1697              	.LASF59:
 1698 080e 63795F65 		.ascii	"cy_en_scb_i2c_command_t\000"
 1698      6E5F7363 
 1698      625F6932 
 1698      635F636F 
 1698      6D6D616E 
 1699              	.LASF50:
 1700 0826 696E7665 		.ascii	"invertPWMOutN\000"
 1700      72745057 
 1700      4D4F7574 
 1700      4E00
 1701              	.LASF107:
 1702 0834 73616D70 		.ascii	"sampleCtrl\000"
 1702      6C654374 
 1702      726C00
 1703              	.LASF12:
 1704 083f 75696E74 		.ascii	"uint8_t\000"
 1704      385F7400 
 1705              	.LASF56:
 1706 0847 63795F73 		.ascii	"cy_stc_tcpwm_pwm_config_t\000"
 1706      74635F74 
 1706      6370776D 
 1706      5F70776D 
 1706      5F636F6E 
 1707              	.LASF32:
 1708 0861 72656C6F 		.ascii	"reloadInputMode\000"
 1708      6164496E 
 1708      7075744D 
 1708      6F646500 
 1709              	.LASF104:
 1710 0871 43595F53 		.ascii	"CY_SAR_RANGE_COND_OUTSIDE\000"
 1710      41525F52 
 1710      414E4745 
 1710      5F434F4E 
 1710      445F4F55 
 1711              	.LASF92:
 1712 088b 72785269 		.ascii	"rxRingBufTail\000"
 1712      6E674275 
 1712      66546169 
 1712      6C00
 1713              	.LASF130:
 1714 0899 55415254 		.ascii	"UART_DEBUG_context\000"
 1714      5F444542 
 1714      55475F63 
 1714      6F6E7465 
 1714      787400
 1715              	.LASF122:
 1716 08ac 6368616E 		.ascii	"channelBase\000"
 1716      6E656C42 
ARM GAS  C:\Users\salaz\AppData\Local\Temp\ccNOTOo2.s 			page 40


 1716      61736500 
 1717              	.LASF87:
 1718 08b8 74785374 		.ascii	"txStatus\000"
 1718      61747573 
 1718      00
 1719              	.LASF118:
 1720 08c1 6D757853 		.ascii	"muxSwitchSqCtrl\000"
 1720      77697463 
 1720      68537143 
 1720      74726C00 
 1721              	.LASF74:
 1722 08d1 736C6176 		.ascii	"slaveRdBufEmpty\000"
 1722      65526442 
 1722      7566456D 
 1722      70747900 
 1723              	.LASF146:
 1724 08e1 6D61696E 		.ascii	"main\000"
 1724      00
 1725              	.LASF86:
 1726 08e6 63795F73 		.ascii	"cy_stc_scb_uart_context\000"
 1726      74635F73 
 1726      63625F75 
 1726      6172745F 
 1726      636F6E74 
 1727              	.LASF143:
 1728 08fe 6D61696E 		.ascii	"main_cm4.c\000"
 1728      5F636D34 
 1728      2E6300
 1729              		.ident	"GCC: (GNU Tools for ARM Embedded Processors) 5.4.1 20160609 (release) [ARM/embedded-5-bran
