ARM GAS  C:\Users\fiona\AppData\Local\Temp\ccRUma5i.s 			page 1


   1              		.syntax unified
   2              		.cpu cortex-m4
   3              		.eabi_attribute 27, 1
   4              		.fpu fpv4-sp-d16
   5              		.eabi_attribute 20, 1
   6              		.eabi_attribute 21, 1
   7              		.eabi_attribute 23, 3
   8              		.eabi_attribute 24, 1
   9              		.eabi_attribute 25, 1
  10              		.eabi_attribute 26, 1
  11              		.eabi_attribute 30, 1
  12              		.eabi_attribute 34, 1
  13              		.eabi_attribute 18, 4
  14              		.thumb
  15              		.syntax unified
  16              		.file	"RealTimeClock.c"
  17              		.text
  18              	.Ltext0:
  19              		.cfi_sections	.debug_frame
  20              		.section	.text.RealTimeClock_Start,"ax",%progbits
  21              		.align	2
  22              		.global	RealTimeClock_Start
  23              		.thumb
  24              		.thumb_func
  25              		.type	RealTimeClock_Start, %function
  26              	RealTimeClock_Start:
  27              	.LFB186:
  28              		.file 1 "Generated_Source\\PSoC6\\RealTimeClock.c"
   1:Generated_Source\PSoC6/RealTimeClock.c **** /*******************************************************************************
   2:Generated_Source\PSoC6/RealTimeClock.c **** * \file RealTimeClock.c
   3:Generated_Source\PSoC6/RealTimeClock.c **** * \version 2.0
   4:Generated_Source\PSoC6/RealTimeClock.c **** *
   5:Generated_Source\PSoC6/RealTimeClock.c **** * This file provides the source code to the API for the RTC Component.
   6:Generated_Source\PSoC6/RealTimeClock.c **** *
   7:Generated_Source\PSoC6/RealTimeClock.c **** ********************************************************************************
   8:Generated_Source\PSoC6/RealTimeClock.c **** * Copyright 2016-2017, Cypress Semiconductor Corporation. All rights reserved.
   9:Generated_Source\PSoC6/RealTimeClock.c **** * You may use this file only in accordance with the license, terms, conditions,
  10:Generated_Source\PSoC6/RealTimeClock.c **** * disclaimers, and limitations in the end user license agreement accompanying
  11:Generated_Source\PSoC6/RealTimeClock.c **** * the software package with which this file was provided.
  12:Generated_Source\PSoC6/RealTimeClock.c **** *******************************************************************************/
  13:Generated_Source\PSoC6/RealTimeClock.c **** 
  14:Generated_Source\PSoC6/RealTimeClock.c **** #include "RealTimeClock.h"
  15:Generated_Source\PSoC6/RealTimeClock.c **** 
  16:Generated_Source\PSoC6/RealTimeClock.c **** /** Indicates whether or not the RealTimeClock has been initialized. 
  17:Generated_Source\PSoC6/RealTimeClock.c **** *  The variable is initialized to 0 and set to 1 the first time 
  18:Generated_Source\PSoC6/RealTimeClock.c **** *  RealTimeClock_Start() is called. This allows the Component to 
  19:Generated_Source\PSoC6/RealTimeClock.c **** *  restart without reinitialization after the first call to 
  20:Generated_Source\PSoC6/RealTimeClock.c **** *  the RealTimeClock_Start() routine.
  21:Generated_Source\PSoC6/RealTimeClock.c **** */
  22:Generated_Source\PSoC6/RealTimeClock.c **** uint8_t RealTimeClock_initVar = 0u;
  23:Generated_Source\PSoC6/RealTimeClock.c **** 
  24:Generated_Source\PSoC6/RealTimeClock.c **** /** The instance-specific configuration structure. This should be used in the 
  25:Generated_Source\PSoC6/RealTimeClock.c **** *  associated RealTimeClock_Init() function.
  26:Generated_Source\PSoC6/RealTimeClock.c **** */
  27:Generated_Source\PSoC6/RealTimeClock.c **** cy_stc_rtc_config_t const RealTimeClock_config =
  28:Generated_Source\PSoC6/RealTimeClock.c **** {
  29:Generated_Source\PSoC6/RealTimeClock.c ****     /* Initiate time and date */
ARM GAS  C:\Users\fiona\AppData\Local\Temp\ccRUma5i.s 			page 2


  30:Generated_Source\PSoC6/RealTimeClock.c ****     .sec       = RealTimeClock_INITIAL_DATE_SEC,
  31:Generated_Source\PSoC6/RealTimeClock.c ****     .min       = RealTimeClock_INITIAL_DATE_MIN,
  32:Generated_Source\PSoC6/RealTimeClock.c ****     .hour      = RealTimeClock_INITIAL_DATE_HOUR,
  33:Generated_Source\PSoC6/RealTimeClock.c ****     .hrFormat  = RealTimeClock_INITIAL_DATE_HOUR_FORMAT,
  34:Generated_Source\PSoC6/RealTimeClock.c ****     .dayOfWeek = RealTimeClock_INITIAL_DATE_DOW,
  35:Generated_Source\PSoC6/RealTimeClock.c ****     .date      = RealTimeClock_INITIAL_DATE_DOM,
  36:Generated_Source\PSoC6/RealTimeClock.c ****     .month     = RealTimeClock_INITIAL_DATE_MONTH,
  37:Generated_Source\PSoC6/RealTimeClock.c ****     .year      = RealTimeClock_INITIAL_DATE_YEAR,
  38:Generated_Source\PSoC6/RealTimeClock.c **** };
  39:Generated_Source\PSoC6/RealTimeClock.c **** 
  40:Generated_Source\PSoC6/RealTimeClock.c ****     /** RealTimeClock_rtcDstStatus variable which is for DST feature and is 
  41:Generated_Source\PSoC6/RealTimeClock.c ****     *  called in Cy_RTC_Interrupt() PDL driver function. This variable is 
  42:Generated_Source\PSoC6/RealTimeClock.c ****     *  defined as true if DST is enabled and as false if DST is disabled
  43:Generated_Source\PSoC6/RealTimeClock.c ****     */
  44:Generated_Source\PSoC6/RealTimeClock.c ****     bool RealTimeClock_rtcDstStatus = false;
  45:Generated_Source\PSoC6/RealTimeClock.c **** 
  46:Generated_Source\PSoC6/RealTimeClock.c **** #if(0u != RealTimeClock_INITIAL_DST_STATUS)
  47:Generated_Source\PSoC6/RealTimeClock.c **** 
  48:Generated_Source\PSoC6/RealTimeClock.c ****     /** The instance-specific daylight saving time structure. This should be 
  49:Generated_Source\PSoC6/RealTimeClock.c ****     * used in the associated DTS functions.
  50:Generated_Source\PSoC6/RealTimeClock.c ****     */
  51:Generated_Source\PSoC6/RealTimeClock.c ****     cy_stc_rtc_dst_t const RealTimeClock_dstConfig =
  52:Generated_Source\PSoC6/RealTimeClock.c ****     {
  53:Generated_Source\PSoC6/RealTimeClock.c ****         /* DST Start time */
  54:Generated_Source\PSoC6/RealTimeClock.c ****         .startDst.format      = (cy_en_rtc_dst_format_t) RealTimeClock_INITIAL_DST_DATE_TYPE,
  55:Generated_Source\PSoC6/RealTimeClock.c ****         .startDst.hour        = RealTimeClock_INITIAL_DST_START_HRS,
  56:Generated_Source\PSoC6/RealTimeClock.c ****         .startDst.dayOfMonth  = RealTimeClock_INITIAL_DST_START_DOM,
  57:Generated_Source\PSoC6/RealTimeClock.c ****         .startDst.weekOfMonth = RealTimeClock_INITIAL_DST_START_WOM,
  58:Generated_Source\PSoC6/RealTimeClock.c ****         .startDst.dayOfWeek   = RealTimeClock_INITIAL_DST_START_DOW,
  59:Generated_Source\PSoC6/RealTimeClock.c ****         .startDst.month       = RealTimeClock_INITIAL_DST_START_MONTH,
  60:Generated_Source\PSoC6/RealTimeClock.c **** 
  61:Generated_Source\PSoC6/RealTimeClock.c ****         /* DST Stop time */
  62:Generated_Source\PSoC6/RealTimeClock.c ****         .stopDst.format      = (cy_en_rtc_dst_format_t) RealTimeClock_INITIAL_DST_DATE_TYPE,
  63:Generated_Source\PSoC6/RealTimeClock.c ****         .stopDst.hour        = RealTimeClock_INITIAL_DST_STOP_HRS,
  64:Generated_Source\PSoC6/RealTimeClock.c ****         .stopDst.dayOfMonth  = RealTimeClock_INITIAL_DST_STOP_DOM,
  65:Generated_Source\PSoC6/RealTimeClock.c ****         .stopDst.weekOfMonth = RealTimeClock_INITIAL_DST_STOP_WOM,
  66:Generated_Source\PSoC6/RealTimeClock.c ****         .stopDst.dayOfWeek   = RealTimeClock_INITIAL_DST_STOP_DOW,
  67:Generated_Source\PSoC6/RealTimeClock.c ****         .stopDst.month       = RealTimeClock_INITIAL_DST_STOP_MONTH,
  68:Generated_Source\PSoC6/RealTimeClock.c ****     };
  69:Generated_Source\PSoC6/RealTimeClock.c **** #else
  70:Generated_Source\PSoC6/RealTimeClock.c **** 
  71:Generated_Source\PSoC6/RealTimeClock.c ****     /* Default DST structure in condition that DST is disabled */
  72:Generated_Source\PSoC6/RealTimeClock.c ****     cy_stc_rtc_dst_t const RealTimeClock_dstConfig;
  73:Generated_Source\PSoC6/RealTimeClock.c **** #endif /* (0u != RealTimeClock_INITIAL_DST_STATUS) */
  74:Generated_Source\PSoC6/RealTimeClock.c **** 
  75:Generated_Source\PSoC6/RealTimeClock.c **** 
  76:Generated_Source\PSoC6/RealTimeClock.c **** /*******************************************************************************
  77:Generated_Source\PSoC6/RealTimeClock.c **** * Function Name: RealTimeClock_Start
  78:Generated_Source\PSoC6/RealTimeClock.c **** ****************************************************************************//**
  79:Generated_Source\PSoC6/RealTimeClock.c **** *
  80:Generated_Source\PSoC6/RealTimeClock.c **** * Optionally calls the RealTimeClock_Init() when called the first time and 
  81:Generated_Source\PSoC6/RealTimeClock.c **** * configure the RealTimeClock as it is set in the customizer. For subsequent 
  82:Generated_Source\PSoC6/RealTimeClock.c **** * calls the configuration is left unchanged and the component is just 
  83:Generated_Source\PSoC6/RealTimeClock.c **** * configured. Invokes RealTimeClock_EnableDstTime() if the DST is enabled.
  84:Generated_Source\PSoC6/RealTimeClock.c **** *
  85:Generated_Source\PSoC6/RealTimeClock.c **** * \globalvars
  86:Generated_Source\PSoC6/RealTimeClock.c **** * \ref RealTimeClock_initVar
ARM GAS  C:\Users\fiona\AppData\Local\Temp\ccRUma5i.s 			page 3


  87:Generated_Source\PSoC6/RealTimeClock.c **** *
  88:Generated_Source\PSoC6/RealTimeClock.c **** *******************************************************************************/
  89:Generated_Source\PSoC6/RealTimeClock.c **** void RealTimeClock_Start(void)
  90:Generated_Source\PSoC6/RealTimeClock.c **** {
  29              		.loc 1 90 0
  30              		.cfi_startproc
  31              		@ args = 0, pretend = 0, frame = 0
  32              		@ frame_needed = 0, uses_anonymous_args = 0
  33              		@ link register save eliminated.
  91:Generated_Source\PSoC6/RealTimeClock.c ****     #if(0u != RealTimeClock_INITIAL_DST_STATUS)
  92:Generated_Source\PSoC6/RealTimeClock.c ****         cy_stc_rtc_config_t curTimeAndDate;
  93:Generated_Source\PSoC6/RealTimeClock.c ****     #endif /* (0u != RealTimeClock_INITIAL_DST_STATUS) */
  94:Generated_Source\PSoC6/RealTimeClock.c ****     
  95:Generated_Source\PSoC6/RealTimeClock.c ****     if(0u == RealTimeClock_initVar)
  34              		.loc 1 95 0
  35 0000 034B     		ldr	r3, .L3
  36 0002 1B78     		ldrb	r3, [r3]	@ zero_extendqisi2
  37 0004 13B9     		cbnz	r3, .L1
  96:Generated_Source\PSoC6/RealTimeClock.c ****     {
  97:Generated_Source\PSoC6/RealTimeClock.c ****         #if(0u != RealTimeClock_TIME_RESET_ON_START)
  98:Generated_Source\PSoC6/RealTimeClock.c **** 
  99:Generated_Source\PSoC6/RealTimeClock.c ****             /* Configure the component if power cycle and the external 
 100:Generated_Source\PSoC6/RealTimeClock.c ****             *  reset occurred
 101:Generated_Source\PSoC6/RealTimeClock.c ****             */
 102:Generated_Source\PSoC6/RealTimeClock.c ****             if(Cy_RTC_IsExternalResetOccurred())
 103:Generated_Source\PSoC6/RealTimeClock.c ****             {
 104:Generated_Source\PSoC6/RealTimeClock.c ****                 (void) Cy_RTC_Init(&RealTimeClock_config);
 105:Generated_Source\PSoC6/RealTimeClock.c ****             }
 106:Generated_Source\PSoC6/RealTimeClock.c ****         #endif /* (0u != RealTimeClock_TIME_RESET_ON_START) */
 107:Generated_Source\PSoC6/RealTimeClock.c **** 
 108:Generated_Source\PSoC6/RealTimeClock.c ****         #if(0u != RealTimeClock_INITIAL_IRQ_STATUS)
 109:Generated_Source\PSoC6/RealTimeClock.c **** 
 110:Generated_Source\PSoC6/RealTimeClock.c ****             /* Hook the interrupt service routine */
 111:Generated_Source\PSoC6/RealTimeClock.c ****             #if defined(RealTimeClock_RTC_IRQ__INTC_ASSIGNED)
 112:Generated_Source\PSoC6/RealTimeClock.c ****                 (void) Cy_SysInt_Init(&RealTimeClock_RTC_IRQ_cfg, &RealTimeClock_Interrupt);
 113:Generated_Source\PSoC6/RealTimeClock.c ****             #endif /* defined(RealTimeClock_RTC_IRQ__INTC_ASSIGNED) */
 114:Generated_Source\PSoC6/RealTimeClock.c ****         #endif /* (0u != RealTimeClock_INITIAL_IRQ_STATUS) */
 115:Generated_Source\PSoC6/RealTimeClock.c **** 
 116:Generated_Source\PSoC6/RealTimeClock.c ****         /* The component is configured */
 117:Generated_Source\PSoC6/RealTimeClock.c ****         RealTimeClock_initVar = 1u;
  38              		.loc 1 117 0
  39 0006 0122     		movs	r2, #1
  40 0008 014B     		ldr	r3, .L3
  41 000a 1A70     		strb	r2, [r3]
  42              	.L1:
  43 000c 7047     		bx	lr
  44              	.L4:
  45 000e 00BF     		.align	2
  46              	.L3:
  47 0010 00000000 		.word	.LANCHOR0
  48              		.cfi_endproc
  49              	.LFE186:
  50              		.size	RealTimeClock_Start, .-RealTimeClock_Start
  51              		.comm	RealTimeClock_dstConfig,48,4
  52              		.global	RealTimeClock_rtcDstStatus
  53              		.global	RealTimeClock_config
  54              		.global	RealTimeClock_initVar
ARM GAS  C:\Users\fiona\AppData\Local\Temp\ccRUma5i.s 			page 4


  55              		.section	.rodata
  56              		.align	2
  57              		.type	RealTimeClock_config, %object
  58              		.size	RealTimeClock_config, 32
  59              	RealTimeClock_config:
  60 0000 00000000 		.word	0
  61 0004 00000000 		.word	0
  62 0008 01000000 		.word	1
  63 000c 00       		.space	1
  64 000d 00       		.byte	0
  65 000e 0000     		.space	2
  66 0010 03000000 		.word	3
  67 0014 04000000 		.word	4
  68 0018 06000000 		.word	6
  69 001c 13000000 		.word	19
  70              		.bss
  71              		.set	.LANCHOR0,. + 0
  72              		.type	RealTimeClock_initVar, %object
  73              		.size	RealTimeClock_initVar, 1
  74              	RealTimeClock_initVar:
  75 0000 00       		.space	1
  76              		.type	RealTimeClock_rtcDstStatus, %object
  77              		.size	RealTimeClock_rtcDstStatus, 1
  78              	RealTimeClock_rtcDstStatus:
  79 0001 00       		.space	1
  80              		.text
  81              	.Letext0:
  82              		.file 2 "c:\\program files (x86)\\cypress\\psoc creator\\4.2\\psoc creator\\import\\gnu\\arm\\5.4.
  83              		.file 3 "c:\\program files (x86)\\cypress\\psoc creator\\4.2\\psoc creator\\import\\gnu\\arm\\5.4.
  84              		.file 4 "Generated_Source\\PSoC6\\pdl\\drivers/peripheral/rtc/cy_rtc.h"
  85              		.file 5 "Generated_Source\\PSoC6\\pdl\\cmsis/include/core_cm4.h"
  86              		.section	.debug_info,"",%progbits
  87              	.Ldebug_info0:
  88 0000 FF020000 		.4byte	0x2ff
  89 0004 0400     		.2byte	0x4
  90 0006 00000000 		.4byte	.Ldebug_abbrev0
  91 000a 04       		.byte	0x4
  92 000b 01       		.uleb128 0x1
  93 000c 42020000 		.4byte	.LASF51
  94 0010 0C       		.byte	0xc
  95 0011 65000000 		.4byte	.LASF52
  96 0015 9E010000 		.4byte	.LASF53
  97 0019 00000000 		.4byte	.Ldebug_ranges0+0
  98 001d 00000000 		.4byte	0
  99 0021 00000000 		.4byte	.Ldebug_line0
 100 0025 02       		.uleb128 0x2
 101 0026 02       		.byte	0x2
 102 0027 05       		.byte	0x5
 103 0028 66030000 		.4byte	.LASF0
 104 002c 02       		.uleb128 0x2
 105 002d 01       		.byte	0x1
 106 002e 06       		.byte	0x6
 107 002f 36020000 		.4byte	.LASF1
 108 0033 03       		.uleb128 0x3
 109 0034 17000000 		.4byte	.LASF4
 110 0038 02       		.byte	0x2
 111 0039 1D       		.byte	0x1d
ARM GAS  C:\Users\fiona\AppData\Local\Temp\ccRUma5i.s 			page 5


 112 003a 3E000000 		.4byte	0x3e
 113 003e 02       		.uleb128 0x2
 114 003f 01       		.byte	0x1
 115 0040 08       		.byte	0x8
 116 0041 10010000 		.4byte	.LASF2
 117 0045 02       		.uleb128 0x2
 118 0046 02       		.byte	0x2
 119 0047 07       		.byte	0x7
 120 0048 4E010000 		.4byte	.LASF3
 121 004c 03       		.uleb128 0x3
 122 004d 5B000000 		.4byte	.LASF5
 123 0051 02       		.byte	0x2
 124 0052 3F       		.byte	0x3f
 125 0053 57000000 		.4byte	0x57
 126 0057 02       		.uleb128 0x2
 127 0058 04       		.byte	0x4
 128 0059 05       		.byte	0x5
 129 005a 89030000 		.4byte	.LASF6
 130 005e 03       		.uleb128 0x3
 131 005f D2010000 		.4byte	.LASF7
 132 0063 02       		.byte	0x2
 133 0064 41       		.byte	0x41
 134 0065 69000000 		.4byte	0x69
 135 0069 02       		.uleb128 0x2
 136 006a 04       		.byte	0x4
 137 006b 07       		.byte	0x7
 138 006c 3C010000 		.4byte	.LASF8
 139 0070 02       		.uleb128 0x2
 140 0071 08       		.byte	0x8
 141 0072 05       		.byte	0x5
 142 0073 14030000 		.4byte	.LASF9
 143 0077 02       		.uleb128 0x2
 144 0078 08       		.byte	0x8
 145 0079 07       		.byte	0x7
 146 007a FE010000 		.4byte	.LASF10
 147 007e 04       		.uleb128 0x4
 148 007f 04       		.byte	0x4
 149 0080 05       		.byte	0x5
 150 0081 696E7400 		.ascii	"int\000"
 151 0085 02       		.uleb128 0x2
 152 0086 04       		.byte	0x4
 153 0087 07       		.byte	0x7
 154 0088 F1010000 		.4byte	.LASF11
 155 008c 03       		.uleb128 0x3
 156 008d 15020000 		.4byte	.LASF12
 157 0091 03       		.byte	0x3
 158 0092 18       		.byte	0x18
 159 0093 33000000 		.4byte	0x33
 160 0097 03       		.uleb128 0x3
 161 0098 34010000 		.4byte	.LASF13
 162 009c 03       		.byte	0x3
 163 009d 2C       		.byte	0x2c
 164 009e 4C000000 		.4byte	0x4c
 165 00a2 03       		.uleb128 0x3
 166 00a3 80030000 		.4byte	.LASF14
 167 00a7 03       		.byte	0x3
 168 00a8 30       		.byte	0x30
ARM GAS  C:\Users\fiona\AppData\Local\Temp\ccRUma5i.s 			page 6


 169 00a9 5E000000 		.4byte	0x5e
 170 00ad 02       		.uleb128 0x2
 171 00ae 04       		.byte	0x4
 172 00af 07       		.byte	0x7
 173 00b0 01030000 		.4byte	.LASF15
 174 00b4 02       		.uleb128 0x2
 175 00b5 08       		.byte	0x8
 176 00b6 04       		.byte	0x4
 177 00b7 F5020000 		.4byte	.LASF16
 178 00bb 02       		.uleb128 0x2
 179 00bc 01       		.byte	0x1
 180 00bd 08       		.byte	0x8
 181 00be 22030000 		.4byte	.LASF17
 182 00c2 02       		.uleb128 0x2
 183 00c3 04       		.byte	0x4
 184 00c4 04       		.byte	0x4
 185 00c5 97030000 		.4byte	.LASF18
 186 00c9 02       		.uleb128 0x2
 187 00ca 08       		.byte	0x8
 188 00cb 04       		.byte	0x4
 189 00cc 9D000000 		.4byte	.LASF19
 190 00d0 05       		.uleb128 0x5
 191 00d1 01       		.byte	0x1
 192 00d2 3E000000 		.4byte	0x3e
 193 00d6 04       		.byte	0x4
 194 00d7 5C01     		.2byte	0x15c
 195 00d9 EA000000 		.4byte	0xea
 196 00dd 06       		.uleb128 0x6
 197 00de 70030000 		.4byte	.LASF20
 198 00e2 00       		.byte	0
 199 00e3 06       		.uleb128 0x6
 200 00e4 56030000 		.4byte	.LASF21
 201 00e8 01       		.byte	0x1
 202 00e9 00       		.byte	0
 203 00ea 07       		.uleb128 0x7
 204 00eb AA000000 		.4byte	.LASF22
 205 00ef 04       		.byte	0x4
 206 00f0 5F01     		.2byte	0x15f
 207 00f2 D0000000 		.4byte	0xd0
 208 00f6 05       		.uleb128 0x5
 209 00f7 01       		.byte	0x1
 210 00f8 3E000000 		.4byte	0x3e
 211 00fc 04       		.byte	0x4
 212 00fd 6A01     		.2byte	0x16a
 213 00ff 10010000 		.4byte	0x110
 214 0103 06       		.uleb128 0x6
 215 0104 1D020000 		.4byte	.LASF23
 216 0108 00       		.byte	0
 217 0109 06       		.uleb128 0x6
 218 010a 8C000000 		.4byte	.LASF24
 219 010e 01       		.byte	0x1
 220 010f 00       		.byte	0
 221 0110 07       		.uleb128 0x7
 222 0111 00000000 		.4byte	.LASF25
 223 0115 04       		.byte	0x4
 224 0116 6D01     		.2byte	0x16d
 225 0118 F6000000 		.4byte	0xf6
ARM GAS  C:\Users\fiona\AppData\Local\Temp\ccRUma5i.s 			page 7


 226 011c 05       		.uleb128 0x5
 227 011d 01       		.byte	0x1
 228 011e 3E000000 		.4byte	0x3e
 229 0122 04       		.byte	0x4
 230 0123 7101     		.2byte	0x171
 231 0125 36010000 		.4byte	0x136
 232 0129 06       		.uleb128 0x6
 233 012a 4C030000 		.4byte	.LASF26
 234 012e 00       		.byte	0
 235 012f 06       		.uleb128 0x6
 236 0130 0A030000 		.4byte	.LASF27
 237 0134 01       		.byte	0x1
 238 0135 00       		.byte	0
 239 0136 07       		.uleb128 0x7
 240 0137 DD000000 		.4byte	.LASF28
 241 013b 04       		.byte	0x4
 242 013c 7401     		.2byte	0x174
 243 013e 1C010000 		.4byte	0x11c
 244 0142 08       		.uleb128 0x8
 245 0143 C0010000 		.4byte	.LASF54
 246 0147 20       		.byte	0x20
 247 0148 04       		.byte	0x4
 248 0149 8C01     		.2byte	0x18c
 249 014b C5010000 		.4byte	0x1c5
 250 014f 09       		.uleb128 0x9
 251 0150 73656300 		.ascii	"sec\000"
 252 0154 04       		.byte	0x4
 253 0155 8F01     		.2byte	0x18f
 254 0157 A2000000 		.4byte	0xa2
 255 015b 00       		.byte	0
 256 015c 09       		.uleb128 0x9
 257 015d 6D696E00 		.ascii	"min\000"
 258 0161 04       		.byte	0x4
 259 0162 9001     		.2byte	0x190
 260 0164 A2000000 		.4byte	0xa2
 261 0168 04       		.byte	0x4
 262 0169 0A       		.uleb128 0xa
 263 016a 31020000 		.4byte	.LASF29
 264 016e 04       		.byte	0x4
 265 016f 9101     		.2byte	0x191
 266 0171 A2000000 		.4byte	0xa2
 267 0175 08       		.byte	0x8
 268 0176 0A       		.uleb128 0xa
 269 0177 92030000 		.4byte	.LASF30
 270 017b 04       		.byte	0x4
 271 017c 9401     		.2byte	0x194
 272 017e 36010000 		.4byte	0x136
 273 0182 0C       		.byte	0xc
 274 0183 0A       		.uleb128 0xa
 275 0184 C3000000 		.4byte	.LASF31
 276 0188 04       		.byte	0x4
 277 0189 9701     		.2byte	0x197
 278 018b EA000000 		.4byte	0xea
 279 018f 0D       		.byte	0xd
 280 0190 0A       		.uleb128 0xa
 281 0191 42030000 		.4byte	.LASF32
 282 0195 04       		.byte	0x4
ARM GAS  C:\Users\fiona\AppData\Local\Temp\ccRUma5i.s 			page 8


 283 0196 9801     		.2byte	0x198
 284 0198 A2000000 		.4byte	0xa2
 285 019c 10       		.byte	0x10
 286 019d 0A       		.uleb128 0xa
 287 019e CC000000 		.4byte	.LASF33
 288 01a2 04       		.byte	0x4
 289 01a3 9B01     		.2byte	0x19b
 290 01a5 A2000000 		.4byte	0xa2
 291 01a9 14       		.byte	0x14
 292 01aa 0A       		.uleb128 0xa
 293 01ab A4000000 		.4byte	.LASF34
 294 01af 04       		.byte	0x4
 295 01b0 9C01     		.2byte	0x19c
 296 01b2 A2000000 		.4byte	0xa2
 297 01b6 18       		.byte	0x18
 298 01b7 0A       		.uleb128 0xa
 299 01b8 56000000 		.4byte	.LASF35
 300 01bc 04       		.byte	0x4
 301 01bd 9D01     		.2byte	0x19d
 302 01bf A2000000 		.4byte	0xa2
 303 01c3 1C       		.byte	0x1c
 304 01c4 00       		.byte	0
 305 01c5 07       		.uleb128 0x7
 306 01c6 61010000 		.4byte	.LASF36
 307 01ca 04       		.byte	0x4
 308 01cb 9E01     		.2byte	0x19e
 309 01cd 42010000 		.4byte	0x142
 310 01d1 0B       		.uleb128 0xb
 311 01d2 18       		.byte	0x18
 312 01d3 04       		.byte	0x4
 313 01d4 CE01     		.2byte	0x1ce
 314 01d6 29020000 		.4byte	0x229
 315 01da 0A       		.uleb128 0xa
 316 01db DD010000 		.4byte	.LASF37
 317 01df 04       		.byte	0x4
 318 01e0 D001     		.2byte	0x1d0
 319 01e2 10010000 		.4byte	0x110
 320 01e6 00       		.byte	0
 321 01e7 0A       		.uleb128 0xa
 322 01e8 31020000 		.4byte	.LASF29
 323 01ec 04       		.byte	0x4
 324 01ed D301     		.2byte	0x1d3
 325 01ef A2000000 		.4byte	0xa2
 326 01f3 04       		.byte	0x4
 327 01f4 0A       		.uleb128 0xa
 328 01f5 21000000 		.4byte	.LASF38
 329 01f9 04       		.byte	0x4
 330 01fa D501     		.2byte	0x1d5
 331 01fc A2000000 		.4byte	0xa2
 332 0200 08       		.byte	0x8
 333 0201 0A       		.uleb128 0xa
 334 0202 D1000000 		.4byte	.LASF39
 335 0206 04       		.byte	0x4
 336 0207 D801     		.2byte	0x1d8
 337 0209 A2000000 		.4byte	0xa2
 338 020d 0C       		.byte	0xc
 339 020e 0A       		.uleb128 0xa
ARM GAS  C:\Users\fiona\AppData\Local\Temp\ccRUma5i.s 			page 9


 340 020f 42030000 		.4byte	.LASF32
 341 0213 04       		.byte	0x4
 342 0214 DC01     		.2byte	0x1dc
 343 0216 A2000000 		.4byte	0xa2
 344 021a 10       		.byte	0x10
 345 021b 0A       		.uleb128 0xa
 346 021c A4000000 		.4byte	.LASF34
 347 0220 04       		.byte	0x4
 348 0221 E001     		.2byte	0x1e0
 349 0223 A2000000 		.4byte	0xa2
 350 0227 14       		.byte	0x14
 351 0228 00       		.byte	0
 352 0229 07       		.uleb128 0x7
 353 022a 75010000 		.4byte	.LASF40
 354 022e 04       		.byte	0x4
 355 022f E201     		.2byte	0x1e2
 356 0231 D1010000 		.4byte	0x1d1
 357 0235 0B       		.uleb128 0xb
 358 0236 30       		.byte	0x30
 359 0237 04       		.byte	0x4
 360 0238 E501     		.2byte	0x1e5
 361 023a 59020000 		.4byte	0x259
 362 023e 0A       		.uleb128 0xa
 363 023f 07010000 		.4byte	.LASF41
 364 0243 04       		.byte	0x4
 365 0244 E701     		.2byte	0x1e7
 366 0246 29020000 		.4byte	0x229
 367 024a 00       		.byte	0
 368 024b 0A       		.uleb128 0xa
 369 024c 9D030000 		.4byte	.LASF42
 370 0250 04       		.byte	0x4
 371 0251 E801     		.2byte	0x1e8
 372 0253 29020000 		.4byte	0x229
 373 0257 18       		.byte	0x18
 374 0258 00       		.byte	0
 375 0259 07       		.uleb128 0x7
 376 025a 8D010000 		.4byte	.LASF43
 377 025e 04       		.byte	0x4
 378 025f E901     		.2byte	0x1e9
 379 0261 35020000 		.4byte	0x235
 380 0265 0C       		.uleb128 0xc
 381 0266 2C000000 		.4byte	.LASF55
 382 026a 01       		.byte	0x1
 383 026b 59       		.byte	0x59
 384 026c 00000000 		.4byte	.LFB186
 385 0270 14000000 		.4byte	.LFE186-.LFB186
 386 0274 01       		.uleb128 0x1
 387 0275 9C       		.byte	0x9c
 388 0276 0D       		.uleb128 0xd
 389 0277 E4010000 		.4byte	.LASF44
 390 027b 05       		.byte	0x5
 391 027c EA07     		.2byte	0x7ea
 392 027e 82020000 		.4byte	0x282
 393 0282 0E       		.uleb128 0xe
 394 0283 97000000 		.4byte	0x97
 395 0287 0F       		.uleb128 0xf
 396 0288 97020000 		.4byte	0x297
ARM GAS  C:\Users\fiona\AppData\Local\Temp\ccRUma5i.s 			page 10


 397 028c 97020000 		.4byte	0x297
 398 0290 10       		.uleb128 0x10
 399 0291 AD000000 		.4byte	0xad
 400 0295 0B       		.byte	0xb
 401 0296 00       		.byte	0
 402 0297 11       		.uleb128 0x11
 403 0298 8C000000 		.4byte	0x8c
 404 029c 0D       		.uleb128 0xd
 405 029d 40000000 		.4byte	.LASF45
 406 02a1 04       		.byte	0x4
 407 02a2 FC02     		.2byte	0x2fc
 408 02a4 A8020000 		.4byte	0x2a8
 409 02a8 11       		.uleb128 0x11
 410 02a9 87020000 		.4byte	0x287
 411 02ad 12       		.uleb128 0x12
 412 02ae 1E010000 		.4byte	.LASF46
 413 02b2 01       		.byte	0x1
 414 02b3 16       		.byte	0x16
 415 02b4 8C000000 		.4byte	0x8c
 416 02b8 05       		.uleb128 0x5
 417 02b9 03       		.byte	0x3
 418 02ba 00000000 		.4byte	RealTimeClock_initVar
 419 02be 12       		.uleb128 0x12
 420 02bf 27030000 		.4byte	.LASF47
 421 02c3 01       		.byte	0x1
 422 02c4 2C       		.byte	0x2c
 423 02c5 CF020000 		.4byte	0x2cf
 424 02c9 05       		.uleb128 0x5
 425 02ca 03       		.byte	0x3
 426 02cb 00000000 		.4byte	RealTimeClock_rtcDstStatus
 427 02cf 02       		.uleb128 0x2
 428 02d0 01       		.byte	0x1
 429 02d1 02       		.byte	0x2
 430 02d2 BA030000 		.4byte	.LASF48
 431 02d6 12       		.uleb128 0x12
 432 02d7 EF000000 		.4byte	.LASF49
 433 02db 01       		.byte	0x1
 434 02dc 48       		.byte	0x48
 435 02dd E7020000 		.4byte	0x2e7
 436 02e1 05       		.uleb128 0x5
 437 02e2 03       		.byte	0x3
 438 02e3 00000000 		.4byte	RealTimeClock_dstConfig
 439 02e7 11       		.uleb128 0x11
 440 02e8 59020000 		.4byte	0x259
 441 02ec 12       		.uleb128 0x12
 442 02ed A5030000 		.4byte	.LASF50
 443 02f1 01       		.byte	0x1
 444 02f2 1B       		.byte	0x1b
 445 02f3 FD020000 		.4byte	0x2fd
 446 02f7 05       		.uleb128 0x5
 447 02f8 03       		.byte	0x3
 448 02f9 00000000 		.4byte	RealTimeClock_config
 449 02fd 11       		.uleb128 0x11
 450 02fe C5010000 		.4byte	0x1c5
 451 0302 00       		.byte	0
 452              		.section	.debug_abbrev,"",%progbits
 453              	.Ldebug_abbrev0:
ARM GAS  C:\Users\fiona\AppData\Local\Temp\ccRUma5i.s 			page 11


 454 0000 01       		.uleb128 0x1
 455 0001 11       		.uleb128 0x11
 456 0002 01       		.byte	0x1
 457 0003 25       		.uleb128 0x25
 458 0004 0E       		.uleb128 0xe
 459 0005 13       		.uleb128 0x13
 460 0006 0B       		.uleb128 0xb
 461 0007 03       		.uleb128 0x3
 462 0008 0E       		.uleb128 0xe
 463 0009 1B       		.uleb128 0x1b
 464 000a 0E       		.uleb128 0xe
 465 000b 55       		.uleb128 0x55
 466 000c 17       		.uleb128 0x17
 467 000d 11       		.uleb128 0x11
 468 000e 01       		.uleb128 0x1
 469 000f 10       		.uleb128 0x10
 470 0010 17       		.uleb128 0x17
 471 0011 00       		.byte	0
 472 0012 00       		.byte	0
 473 0013 02       		.uleb128 0x2
 474 0014 24       		.uleb128 0x24
 475 0015 00       		.byte	0
 476 0016 0B       		.uleb128 0xb
 477 0017 0B       		.uleb128 0xb
 478 0018 3E       		.uleb128 0x3e
 479 0019 0B       		.uleb128 0xb
 480 001a 03       		.uleb128 0x3
 481 001b 0E       		.uleb128 0xe
 482 001c 00       		.byte	0
 483 001d 00       		.byte	0
 484 001e 03       		.uleb128 0x3
 485 001f 16       		.uleb128 0x16
 486 0020 00       		.byte	0
 487 0021 03       		.uleb128 0x3
 488 0022 0E       		.uleb128 0xe
 489 0023 3A       		.uleb128 0x3a
 490 0024 0B       		.uleb128 0xb
 491 0025 3B       		.uleb128 0x3b
 492 0026 0B       		.uleb128 0xb
 493 0027 49       		.uleb128 0x49
 494 0028 13       		.uleb128 0x13
 495 0029 00       		.byte	0
 496 002a 00       		.byte	0
 497 002b 04       		.uleb128 0x4
 498 002c 24       		.uleb128 0x24
 499 002d 00       		.byte	0
 500 002e 0B       		.uleb128 0xb
 501 002f 0B       		.uleb128 0xb
 502 0030 3E       		.uleb128 0x3e
 503 0031 0B       		.uleb128 0xb
 504 0032 03       		.uleb128 0x3
 505 0033 08       		.uleb128 0x8
 506 0034 00       		.byte	0
 507 0035 00       		.byte	0
 508 0036 05       		.uleb128 0x5
 509 0037 04       		.uleb128 0x4
 510 0038 01       		.byte	0x1
ARM GAS  C:\Users\fiona\AppData\Local\Temp\ccRUma5i.s 			page 12


 511 0039 0B       		.uleb128 0xb
 512 003a 0B       		.uleb128 0xb
 513 003b 49       		.uleb128 0x49
 514 003c 13       		.uleb128 0x13
 515 003d 3A       		.uleb128 0x3a
 516 003e 0B       		.uleb128 0xb
 517 003f 3B       		.uleb128 0x3b
 518 0040 05       		.uleb128 0x5
 519 0041 01       		.uleb128 0x1
 520 0042 13       		.uleb128 0x13
 521 0043 00       		.byte	0
 522 0044 00       		.byte	0
 523 0045 06       		.uleb128 0x6
 524 0046 28       		.uleb128 0x28
 525 0047 00       		.byte	0
 526 0048 03       		.uleb128 0x3
 527 0049 0E       		.uleb128 0xe
 528 004a 1C       		.uleb128 0x1c
 529 004b 0B       		.uleb128 0xb
 530 004c 00       		.byte	0
 531 004d 00       		.byte	0
 532 004e 07       		.uleb128 0x7
 533 004f 16       		.uleb128 0x16
 534 0050 00       		.byte	0
 535 0051 03       		.uleb128 0x3
 536 0052 0E       		.uleb128 0xe
 537 0053 3A       		.uleb128 0x3a
 538 0054 0B       		.uleb128 0xb
 539 0055 3B       		.uleb128 0x3b
 540 0056 05       		.uleb128 0x5
 541 0057 49       		.uleb128 0x49
 542 0058 13       		.uleb128 0x13
 543 0059 00       		.byte	0
 544 005a 00       		.byte	0
 545 005b 08       		.uleb128 0x8
 546 005c 13       		.uleb128 0x13
 547 005d 01       		.byte	0x1
 548 005e 03       		.uleb128 0x3
 549 005f 0E       		.uleb128 0xe
 550 0060 0B       		.uleb128 0xb
 551 0061 0B       		.uleb128 0xb
 552 0062 3A       		.uleb128 0x3a
 553 0063 0B       		.uleb128 0xb
 554 0064 3B       		.uleb128 0x3b
 555 0065 05       		.uleb128 0x5
 556 0066 01       		.uleb128 0x1
 557 0067 13       		.uleb128 0x13
 558 0068 00       		.byte	0
 559 0069 00       		.byte	0
 560 006a 09       		.uleb128 0x9
 561 006b 0D       		.uleb128 0xd
 562 006c 00       		.byte	0
 563 006d 03       		.uleb128 0x3
 564 006e 08       		.uleb128 0x8
 565 006f 3A       		.uleb128 0x3a
 566 0070 0B       		.uleb128 0xb
 567 0071 3B       		.uleb128 0x3b
ARM GAS  C:\Users\fiona\AppData\Local\Temp\ccRUma5i.s 			page 13


 568 0072 05       		.uleb128 0x5
 569 0073 49       		.uleb128 0x49
 570 0074 13       		.uleb128 0x13
 571 0075 38       		.uleb128 0x38
 572 0076 0B       		.uleb128 0xb
 573 0077 00       		.byte	0
 574 0078 00       		.byte	0
 575 0079 0A       		.uleb128 0xa
 576 007a 0D       		.uleb128 0xd
 577 007b 00       		.byte	0
 578 007c 03       		.uleb128 0x3
 579 007d 0E       		.uleb128 0xe
 580 007e 3A       		.uleb128 0x3a
 581 007f 0B       		.uleb128 0xb
 582 0080 3B       		.uleb128 0x3b
 583 0081 05       		.uleb128 0x5
 584 0082 49       		.uleb128 0x49
 585 0083 13       		.uleb128 0x13
 586 0084 38       		.uleb128 0x38
 587 0085 0B       		.uleb128 0xb
 588 0086 00       		.byte	0
 589 0087 00       		.byte	0
 590 0088 0B       		.uleb128 0xb
 591 0089 13       		.uleb128 0x13
 592 008a 01       		.byte	0x1
 593 008b 0B       		.uleb128 0xb
 594 008c 0B       		.uleb128 0xb
 595 008d 3A       		.uleb128 0x3a
 596 008e 0B       		.uleb128 0xb
 597 008f 3B       		.uleb128 0x3b
 598 0090 05       		.uleb128 0x5
 599 0091 01       		.uleb128 0x1
 600 0092 13       		.uleb128 0x13
 601 0093 00       		.byte	0
 602 0094 00       		.byte	0
 603 0095 0C       		.uleb128 0xc
 604 0096 2E       		.uleb128 0x2e
 605 0097 00       		.byte	0
 606 0098 3F       		.uleb128 0x3f
 607 0099 19       		.uleb128 0x19
 608 009a 03       		.uleb128 0x3
 609 009b 0E       		.uleb128 0xe
 610 009c 3A       		.uleb128 0x3a
 611 009d 0B       		.uleb128 0xb
 612 009e 3B       		.uleb128 0x3b
 613 009f 0B       		.uleb128 0xb
 614 00a0 27       		.uleb128 0x27
 615 00a1 19       		.uleb128 0x19
 616 00a2 11       		.uleb128 0x11
 617 00a3 01       		.uleb128 0x1
 618 00a4 12       		.uleb128 0x12
 619 00a5 06       		.uleb128 0x6
 620 00a6 40       		.uleb128 0x40
 621 00a7 18       		.uleb128 0x18
 622 00a8 9742     		.uleb128 0x2117
 623 00aa 19       		.uleb128 0x19
 624 00ab 00       		.byte	0
ARM GAS  C:\Users\fiona\AppData\Local\Temp\ccRUma5i.s 			page 14


 625 00ac 00       		.byte	0
 626 00ad 0D       		.uleb128 0xd
 627 00ae 34       		.uleb128 0x34
 628 00af 00       		.byte	0
 629 00b0 03       		.uleb128 0x3
 630 00b1 0E       		.uleb128 0xe
 631 00b2 3A       		.uleb128 0x3a
 632 00b3 0B       		.uleb128 0xb
 633 00b4 3B       		.uleb128 0x3b
 634 00b5 05       		.uleb128 0x5
 635 00b6 49       		.uleb128 0x49
 636 00b7 13       		.uleb128 0x13
 637 00b8 3F       		.uleb128 0x3f
 638 00b9 19       		.uleb128 0x19
 639 00ba 3C       		.uleb128 0x3c
 640 00bb 19       		.uleb128 0x19
 641 00bc 00       		.byte	0
 642 00bd 00       		.byte	0
 643 00be 0E       		.uleb128 0xe
 644 00bf 35       		.uleb128 0x35
 645 00c0 00       		.byte	0
 646 00c1 49       		.uleb128 0x49
 647 00c2 13       		.uleb128 0x13
 648 00c3 00       		.byte	0
 649 00c4 00       		.byte	0
 650 00c5 0F       		.uleb128 0xf
 651 00c6 01       		.uleb128 0x1
 652 00c7 01       		.byte	0x1
 653 00c8 49       		.uleb128 0x49
 654 00c9 13       		.uleb128 0x13
 655 00ca 01       		.uleb128 0x1
 656 00cb 13       		.uleb128 0x13
 657 00cc 00       		.byte	0
 658 00cd 00       		.byte	0
 659 00ce 10       		.uleb128 0x10
 660 00cf 21       		.uleb128 0x21
 661 00d0 00       		.byte	0
 662 00d1 49       		.uleb128 0x49
 663 00d2 13       		.uleb128 0x13
 664 00d3 2F       		.uleb128 0x2f
 665 00d4 0B       		.uleb128 0xb
 666 00d5 00       		.byte	0
 667 00d6 00       		.byte	0
 668 00d7 11       		.uleb128 0x11
 669 00d8 26       		.uleb128 0x26
 670 00d9 00       		.byte	0
 671 00da 49       		.uleb128 0x49
 672 00db 13       		.uleb128 0x13
 673 00dc 00       		.byte	0
 674 00dd 00       		.byte	0
 675 00de 12       		.uleb128 0x12
 676 00df 34       		.uleb128 0x34
 677 00e0 00       		.byte	0
 678 00e1 03       		.uleb128 0x3
 679 00e2 0E       		.uleb128 0xe
 680 00e3 3A       		.uleb128 0x3a
 681 00e4 0B       		.uleb128 0xb
ARM GAS  C:\Users\fiona\AppData\Local\Temp\ccRUma5i.s 			page 15


 682 00e5 3B       		.uleb128 0x3b
 683 00e6 0B       		.uleb128 0xb
 684 00e7 49       		.uleb128 0x49
 685 00e8 13       		.uleb128 0x13
 686 00e9 3F       		.uleb128 0x3f
 687 00ea 19       		.uleb128 0x19
 688 00eb 02       		.uleb128 0x2
 689 00ec 18       		.uleb128 0x18
 690 00ed 00       		.byte	0
 691 00ee 00       		.byte	0
 692 00ef 00       		.byte	0
 693              		.section	.debug_aranges,"",%progbits
 694 0000 1C000000 		.4byte	0x1c
 695 0004 0200     		.2byte	0x2
 696 0006 00000000 		.4byte	.Ldebug_info0
 697 000a 04       		.byte	0x4
 698 000b 00       		.byte	0
 699 000c 0000     		.2byte	0
 700 000e 0000     		.2byte	0
 701 0010 00000000 		.4byte	.LFB186
 702 0014 14000000 		.4byte	.LFE186-.LFB186
 703 0018 00000000 		.4byte	0
 704 001c 00000000 		.4byte	0
 705              		.section	.debug_ranges,"",%progbits
 706              	.Ldebug_ranges0:
 707 0000 00000000 		.4byte	.LFB186
 708 0004 14000000 		.4byte	.LFE186
 709 0008 00000000 		.4byte	0
 710 000c 00000000 		.4byte	0
 711              		.section	.debug_line,"",%progbits
 712              	.Ldebug_line0:
 713 0000 C9010000 		.section	.debug_str,"MS",%progbits,1
 713      0200AF01 
 713      00000201 
 713      FB0E0D00 
 713      01010101 
 714              	.LASF25:
 715 0000 63795F65 		.ascii	"cy_en_rtc_dst_format_t\000"
 715      6E5F7274 
 715      635F6473 
 715      745F666F 
 715      726D6174 
 716              	.LASF4:
 717 0017 5F5F7569 		.ascii	"__uint8_t\000"
 717      6E74385F 
 717      7400
 718              	.LASF38:
 719 0021 6461794F 		.ascii	"dayOfMonth\000"
 719      664D6F6E 
 719      746800
 720              	.LASF55:
 721 002c 5265616C 		.ascii	"RealTimeClock_Start\000"
 721      54696D65 
 721      436C6F63 
 721      6B5F5374 
 721      61727400 
 722              	.LASF45:
ARM GAS  C:\Users\fiona\AppData\Local\Temp\ccRUma5i.s 			page 16


 723 0040 63795F52 		.ascii	"cy_RTC_daysInMonthTbl\000"
 723      54435F64 
 723      61797349 
 723      6E4D6F6E 
 723      74685462 
 724              	.LASF35:
 725 0056 79656172 		.ascii	"year\000"
 725      00
 726              	.LASF5:
 727 005b 5F5F696E 		.ascii	"__int32_t\000"
 727      7433325F 
 727      7400
 728              	.LASF52:
 729 0065 47656E65 		.ascii	"Generated_Source\\PSoC6\\RealTimeClock.c\000"
 729      72617465 
 729      645F536F 
 729      75726365 
 729      5C50536F 
 730              	.LASF24:
 731 008c 43595F52 		.ascii	"CY_RTC_DST_FIXED\000"
 731      54435F44 
 731      53545F46 
 731      49584544 
 731      00
 732              	.LASF19:
 733 009d 646F7562 		.ascii	"double\000"
 733      6C6500
 734              	.LASF34:
 735 00a4 6D6F6E74 		.ascii	"month\000"
 735      6800
 736              	.LASF22:
 737 00aa 63795F65 		.ascii	"cy_en_rtc_hours_format_t\000"
 737      6E5F7274 
 737      635F686F 
 737      7572735F 
 737      666F726D 
 738              	.LASF31:
 739 00c3 6872466F 		.ascii	"hrFormat\000"
 739      726D6174 
 739      00
 740              	.LASF33:
 741 00cc 64617465 		.ascii	"date\000"
 741      00
 742              	.LASF39:
 743 00d1 7765656B 		.ascii	"weekOfMonth\000"
 743      4F664D6F 
 743      6E746800 
 744              	.LASF28:
 745 00dd 63795F65 		.ascii	"cy_en_rtc_am_pm_t\000"
 745      6E5F7274 
 745      635F616D 
 745      5F706D5F 
 745      7400
 746              	.LASF49:
 747 00ef 5265616C 		.ascii	"RealTimeClock_dstConfig\000"
 747      54696D65 
 747      436C6F63 
ARM GAS  C:\Users\fiona\AppData\Local\Temp\ccRUma5i.s 			page 17


 747      6B5F6473 
 747      74436F6E 
 748              	.LASF41:
 749 0107 73746172 		.ascii	"startDst\000"
 749      74447374 
 749      00
 750              	.LASF2:
 751 0110 756E7369 		.ascii	"unsigned char\000"
 751      676E6564 
 751      20636861 
 751      7200
 752              	.LASF46:
 753 011e 5265616C 		.ascii	"RealTimeClock_initVar\000"
 753      54696D65 
 753      436C6F63 
 753      6B5F696E 
 753      69745661 
 754              	.LASF13:
 755 0134 696E7433 		.ascii	"int32_t\000"
 755      325F7400 
 756              	.LASF8:
 757 013c 6C6F6E67 		.ascii	"long unsigned int\000"
 757      20756E73 
 757      69676E65 
 757      6420696E 
 757      7400
 758              	.LASF3:
 759 014e 73686F72 		.ascii	"short unsigned int\000"
 759      7420756E 
 759      7369676E 
 759      65642069 
 759      6E7400
 760              	.LASF36:
 761 0161 63795F73 		.ascii	"cy_stc_rtc_config_t\000"
 761      74635F72 
 761      74635F63 
 761      6F6E6669 
 761      675F7400 
 762              	.LASF40:
 763 0175 63795F73 		.ascii	"cy_stc_rtc_dst_format_t\000"
 763      74635F72 
 763      74635F64 
 763      73745F66 
 763      6F726D61 
 764              	.LASF43:
 765 018d 63795F73 		.ascii	"cy_stc_rtc_dst_t\000"
 765      74635F72 
 765      74635F64 
 765      73745F74 
 765      00
 766              	.LASF53:
 767 019e 433A5C45 		.ascii	"C:\\ECS193\\SmartHandle\\James.cydsn\000"
 767      43533139 
 767      335C536D 
 767      61727448 
 767      616E646C 
 768              	.LASF54:
ARM GAS  C:\Users\fiona\AppData\Local\Temp\ccRUma5i.s 			page 18


 769 01c0 63795F73 		.ascii	"cy_stc_rtc_config\000"
 769      74635F72 
 769      74635F63 
 769      6F6E6669 
 769      6700
 770              	.LASF7:
 771 01d2 5F5F7569 		.ascii	"__uint32_t\000"
 771      6E743332 
 771      5F7400
 772              	.LASF37:
 773 01dd 666F726D 		.ascii	"format\000"
 773      617400
 774              	.LASF44:
 775 01e4 49544D5F 		.ascii	"ITM_RxBuffer\000"
 775      52784275 
 775      66666572 
 775      00
 776              	.LASF11:
 777 01f1 756E7369 		.ascii	"unsigned int\000"
 777      676E6564 
 777      20696E74 
 777      00
 778              	.LASF10:
 779 01fe 6C6F6E67 		.ascii	"long long unsigned int\000"
 779      206C6F6E 
 779      6720756E 
 779      7369676E 
 779      65642069 
 780              	.LASF12:
 781 0215 75696E74 		.ascii	"uint8_t\000"
 781      385F7400 
 782              	.LASF23:
 783 021d 43595F52 		.ascii	"CY_RTC_DST_RELATIVE\000"
 783      54435F44 
 783      53545F52 
 783      454C4154 
 783      49564500 
 784              	.LASF29:
 785 0231 686F7572 		.ascii	"hour\000"
 785      00
 786              	.LASF1:
 787 0236 7369676E 		.ascii	"signed char\000"
 787      65642063 
 787      68617200 
 788              	.LASF51:
 789 0242 474E5520 		.ascii	"GNU C11 5.4.1 20160609 (release) [ARM/embedded-5-br"
 789      43313120 
 789      352E342E 
 789      31203230 
 789      31363036 
 790 0275 616E6368 		.ascii	"anch revision 237715] -mcpu=cortex-m4 -mfloat-abi=s"
 790      20726576 
 790      6973696F 
 790      6E203233 
 790      37373135 
 791 02a8 6F667466 		.ascii	"oftfp -mfpu=fpv4-sp-d16 -mthumb -g -Og -ffunction-s"
 791      70202D6D 
ARM GAS  C:\Users\fiona\AppData\Local\Temp\ccRUma5i.s 			page 19


 791      6670753D 
 791      66707634 
 791      2D73702D 
 792 02db 65637469 		.ascii	"ections -ffat-lto-objects\000"
 792      6F6E7320 
 792      2D666661 
 792      742D6C74 
 792      6F2D6F62 
 793              	.LASF16:
 794 02f5 6C6F6E67 		.ascii	"long double\000"
 794      20646F75 
 794      626C6500 
 795              	.LASF15:
 796 0301 73697A65 		.ascii	"sizetype\000"
 796      74797065 
 796      00
 797              	.LASF27:
 798 030a 43595F52 		.ascii	"CY_RTC_PM\000"
 798      54435F50 
 798      4D00
 799              	.LASF9:
 800 0314 6C6F6E67 		.ascii	"long long int\000"
 800      206C6F6E 
 800      6720696E 
 800      7400
 801              	.LASF17:
 802 0322 63686172 		.ascii	"char\000"
 802      00
 803              	.LASF47:
 804 0327 5265616C 		.ascii	"RealTimeClock_rtcDstStatus\000"
 804      54696D65 
 804      436C6F63 
 804      6B5F7274 
 804      63447374 
 805              	.LASF32:
 806 0342 6461794F 		.ascii	"dayOfWeek\000"
 806      66576565 
 806      6B00
 807              	.LASF26:
 808 034c 43595F52 		.ascii	"CY_RTC_AM\000"
 808      54435F41 
 808      4D00
 809              	.LASF21:
 810 0356 43595F52 		.ascii	"CY_RTC_12_HOURS\000"
 810      54435F31 
 810      325F484F 
 810      55525300 
 811              	.LASF0:
 812 0366 73686F72 		.ascii	"short int\000"
 812      7420696E 
 812      7400
 813              	.LASF20:
 814 0370 43595F52 		.ascii	"CY_RTC_24_HOURS\000"
 814      54435F32 
 814      345F484F 
 814      55525300 
 815              	.LASF14:
ARM GAS  C:\Users\fiona\AppData\Local\Temp\ccRUma5i.s 			page 20


 816 0380 75696E74 		.ascii	"uint32_t\000"
 816      33325F74 
 816      00
 817              	.LASF6:
 818 0389 6C6F6E67 		.ascii	"long int\000"
 818      20696E74 
 818      00
 819              	.LASF30:
 820 0392 616D506D 		.ascii	"amPm\000"
 820      00
 821              	.LASF18:
 822 0397 666C6F61 		.ascii	"float\000"
 822      7400
 823              	.LASF42:
 824 039d 73746F70 		.ascii	"stopDst\000"
 824      44737400 
 825              	.LASF50:
 826 03a5 5265616C 		.ascii	"RealTimeClock_config\000"
 826      54696D65 
 826      436C6F63 
 826      6B5F636F 
 826      6E666967 
 827              	.LASF48:
 828 03ba 5F426F6F 		.ascii	"_Bool\000"
 828      6C00
 829              		.ident	"GCC: (GNU Tools for ARM Embedded Processors) 5.4.1 20160609 (release) [ARM/embedded-5-bran
