--------------- Build Started: 05/01/2019 03:00:30 Project: SmartHandle, Configuration: ARM GCC 5.4-2016-q2-update Debug ---------------
The code generation step is up to date.
arm-none-eabi-gcc.exe -mcpu=cortex-m0plus -mthumb -I. -IGenerated_Source\PSoC6 -IGenerated_Source\PSoC6\pdl\cmsis/include/ -IGenerated_Source\PSoC6\pdl\devices/psoc6/ip/ -IGenerated_Source\PSoC6\pdl\devices/psoc6/psoc63/include/ -IGenerated_Source\PSoC6\pdl\drivers/peripheral/ -IGenerated_Source\PSoC6\pdl\middleware/ -Wa,-alh=.\CortexM0p\ARM_GCC_541\Debug/AppControl.lst -g -D DEBUG -D CY_CORE_ID=0 -D CY_PSOC_CREATOR_USED=1 -D CYBLE_416045_02 -Wall -ffunction-sections -ffat-lto-objects -Og -c AppControl.c -o .\CortexM0p\ARM_GCC_541\Debug\AppControl.o
arm-none-eabi-gcc.exe -mcpu=cortex-m0plus -mthumb -I. -IGenerated_Source\PSoC6 -IGenerated_Source\PSoC6\pdl\cmsis/include/ -IGenerated_Source\PSoC6\pdl\devices/psoc6/ip/ -IGenerated_Source\PSoC6\pdl\devices/psoc6/psoc63/include/ -IGenerated_Source\PSoC6\pdl\drivers/peripheral/ -IGenerated_Source\PSoC6\pdl\middleware/ -Wa,-alh=.\CortexM0p\ARM_GCC_541\Debug/AppProcess.lst -g -D DEBUG -D CY_CORE_ID=0 -D CY_PSOC_CREATOR_USED=1 -D CYBLE_416045_02 -Wall -ffunction-sections -ffat-lto-objects -Og -c AppProcess.c -o .\CortexM0p\ARM_GCC_541\Debug\AppProcess.o
arm-none-eabi-gcc.exe -mcpu=cortex-m0plus -mthumb -I. -IGenerated_Source\PSoC6 -IGenerated_Source\PSoC6\pdl\cmsis/include/ -IGenerated_Source\PSoC6\pdl\devices/psoc6/ip/ -IGenerated_Source\PSoC6\pdl\devices/psoc6/psoc63/include/ -IGenerated_Source\PSoC6\pdl\drivers/peripheral/ -IGenerated_Source\PSoC6\pdl\middleware/ -Wa,-alh=.\CortexM0p\ARM_GCC_541\Debug/CalendarTime.lst -g -D DEBUG -D CY_CORE_ID=0 -D CY_PSOC_CREATOR_USED=1 -D CYBLE_416045_02 -Wall -ffunction-sections -ffat-lto-objects -Og -c CalendarTime.c -o .\CortexM0p\ARM_GCC_541\Debug\CalendarTime.o
arm-none-eabi-gcc.exe -mcpu=cortex-m0plus -mthumb -I. -IGenerated_Source\PSoC6 -IGenerated_Source\PSoC6\pdl\cmsis/include/ -IGenerated_Source\PSoC6\pdl\devices/psoc6/ip/ -IGenerated_Source\PSoC6\pdl\devices/psoc6/psoc63/include/ -IGenerated_Source\PSoC6\pdl\drivers/peripheral/ -IGenerated_Source\PSoC6\pdl\middleware/ -Wa,-alh=.\CortexM0p\ARM_GCC_541\Debug/TimingMaster.lst -g -D DEBUG -D CY_CORE_ID=0 -D CY_PSOC_CREATOR_USED=1 -D CYBLE_416045_02 -Wall -ffunction-sections -ffat-lto-objects -Og -c TimingMaster.c -o .\CortexM0p\ARM_GCC_541\Debug\TimingMaster.o
arm-none-eabi-gcc.exe -mcpu=cortex-m0plus -mthumb -I. -IGenerated_Source\PSoC6 -IGenerated_Source\PSoC6\pdl\cmsis/include/ -IGenerated_Source\PSoC6\pdl\devices/psoc6/ip/ -IGenerated_Source\PSoC6\pdl\devices/psoc6/psoc63/include/ -IGenerated_Source\PSoC6\pdl\drivers/peripheral/ -IGenerated_Source\PSoC6\pdl\middleware/ -Wa,-alh=.\CortexM0p\ARM_GCC_541\Debug/SystemCore.lst -g -D DEBUG -D CY_CORE_ID=0 -D CY_PSOC_CREATOR_USED=1 -D CYBLE_416045_02 -Wall -ffunction-sections -ffat-lto-objects -Og -c SystemCore.c -o .\CortexM0p\ARM_GCC_541\Debug\SystemCore.o
In file included from SystemCore.c:6:0:
./TimingMaster.h:17:13: warning: 'TimingMaster_Update' declared 'static' but never defined [-Wunused-function]
 static void TimingMaster_Update(uint32 elapsed_count);
             ^
arm-none-eabi-gcc.exe -mcpu=cortex-m0plus -mthumb -I. -IGenerated_Source\PSoC6 -IGenerated_Source\PSoC6\pdl\cmsis/include/ -IGenerated_Source\PSoC6\pdl\devices/psoc6/ip/ -IGenerated_Source\PSoC6\pdl\devices/psoc6/psoc63/include/ -IGenerated_Source\PSoC6\pdl\drivers/peripheral/ -IGenerated_Source\PSoC6\pdl\middleware/ -Wa,-alh=.\CortexM0p\ARM_GCC_541\Debug/AccDriver.lst -g -D DEBUG -D CY_CORE_ID=0 -D CY_PSOC_CREATOR_USED=1 -D CYBLE_416045_02 -Wall -ffunction-sections -ffat-lto-objects -Og -c AccDriver.c -o .\CortexM0p\ARM_GCC_541\Debug\AccDriver.o
AccDriver.c: In function 'readAccData':
AccDriver.c:180:12: warning: 'return' with a value, in function returning void
     return data;
            ^
AccDriver.c:172:25: warning: unused variable 'z_val' [-Wunused-variable]
     int16 x_val, y_val, z_val;
                         ^
AccDriver.c:172:18: warning: unused variable 'y_val' [-Wunused-variable]
     int16 x_val, y_val, z_val;
                  ^
AccDriver.c:172:11: warning: unused variable 'x_val' [-Wunused-variable]
     int16 x_val, y_val, z_val;
           ^
arm-none-eabi-gcc.exe -mcpu=cortex-m0plus -mthumb -I. -IGenerated_Source\PSoC6 -IGenerated_Source\PSoC6\pdl\cmsis/include/ -IGenerated_Source\PSoC6\pdl\devices/psoc6/ip/ -IGenerated_Source\PSoC6\pdl\devices/psoc6/psoc63/include/ -IGenerated_Source\PSoC6\pdl\drivers/peripheral/ -IGenerated_Source\PSoC6\pdl\middleware/ -Wa,-alh=.\CortexM0p\ARM_GCC_541\Debug/GyrDriver.lst -g -D DEBUG -D CY_CORE_ID=0 -D CY_PSOC_CREATOR_USED=1 -D CYBLE_416045_02 -Wall -ffunction-sections -ffat-lto-objects -Og -c GyrDriver.c -o .\CortexM0p\ARM_GCC_541\Debug\GyrDriver.o
arm-none-eabi-gcc.exe -mcpu=cortex-m0plus -mthumb -I. -IGenerated_Source\PSoC6 -IGenerated_Source\PSoC6\pdl\cmsis/include/ -IGenerated_Source\PSoC6\pdl\devices/psoc6/ip/ -IGenerated_Source\PSoC6\pdl\devices/psoc6/psoc63/include/ -IGenerated_Source\PSoC6\pdl\drivers/peripheral/ -IGenerated_Source\PSoC6\pdl\middleware/ -Wa,-alh=.\CortexM0p\ARM_GCC_541\Debug/AlsDriver.lst -g -D DEBUG -D CY_CORE_ID=0 -D CY_PSOC_CREATOR_USED=1 -D CYBLE_416045_02 -Wall -ffunction-sections -ffat-lto-objects -Og -c AlsDriver.c -o .\CortexM0p\ARM_GCC_541\Debug\AlsDriver.o
arm-none-eabi-gcc.exe -mcpu=cortex-m0plus -mthumb -I. -IGenerated_Source\PSoC6 -IGenerated_Source\PSoC6\pdl\cmsis/include/ -IGenerated_Source\PSoC6\pdl\devices/psoc6/ip/ -IGenerated_Source\PSoC6\pdl\devices/psoc6/psoc63/include/ -IGenerated_Source\PSoC6\pdl\drivers/peripheral/ -IGenerated_Source\PSoC6\pdl\middleware/ -Wa,-alh=.\CortexM0p\ARM_GCC_541\Debug/BusManager.lst -g -D DEBUG -D CY_CORE_ID=0 -D CY_PSOC_CREATOR_USED=1 -D CYBLE_416045_02 -Wall -ffunction-sections -ffat-lto-objects -Og -c BusManager.c -o .\CortexM0p\ARM_GCC_541\Debug\BusManager.o
BusManager.c: In function 'SensorBus_ExitCallback':
BusManager.c:104:13: warning: suggest parentheses around comparison in operand of '|' [-Wparentheses]
     if (0UL != (CY_SCB_I2C_MASTER_WR_CMPLT_EVENT & event) | 0UL != (CY_SCB_I2C_MASTER_RD_CMPLT_EVENT & event))
             ^
arm-none-eabi-gcc.exe -mcpu=cortex-m0plus -mthumb -I. -IGenerated_Source\PSoC6 -IGenerated_Source\PSoC6\pdl\cmsis/include/ -IGenerated_Source\PSoC6\pdl\devices/psoc6/ip/ -IGenerated_Source\PSoC6\pdl\devices/psoc6/psoc63/include/ -IGenerated_Source\PSoC6\pdl\drivers/peripheral/ -IGenerated_Source\PSoC6\pdl\middleware/ -Wa,-alh=.\CortexM0p\ARM_GCC_541\Debug/RxBuffer.lst -g -D DEBUG -D CY_CORE_ID=0 -D CY_PSOC_CREATOR_USED=1 -D CYBLE_416045_02 -Wall -ffunction-sections -ffat-lto-objects -Og -c RxBuffer.c -o .\CortexM0p\ARM_GCC_541\Debug\RxBuffer.o
arm-none-eabi-gcc.exe -mcpu=cortex-m0plus -mthumb -I. -IGenerated_Source\PSoC6 -IGenerated_Source\PSoC6\pdl\cmsis/include/ -IGenerated_Source\PSoC6\pdl\devices/psoc6/ip/ -IGenerated_Source\PSoC6\pdl\devices/psoc6/psoc63/include/ -IGenerated_Source\PSoC6\pdl\drivers/peripheral/ -IGenerated_Source\PSoC6\pdl\middleware/ -Wa,-alh=.\CortexM0p\ARM_GCC_541\Debug/Transmission.lst -g -D DEBUG -D CY_CORE_ID=0 -D CY_PSOC_CREATOR_USED=1 -D CYBLE_416045_02 -Wall -ffunction-sections -ffat-lto-objects -Og -c Transmission.c -o .\CortexM0p\ARM_GCC_541\Debug\Transmission.o
Transmission.c: In function 'Transmission_EventHandler':
Transmission.c:49:20: warning: unused variable 'val5' [-Wunused-variable]
             uint64 val5 = bdAddress.bdAddr[5];
                    ^
Transmission.c:48:20: warning: unused variable 'val4' [-Wunused-variable]
             uint64 val4 = bdAddress.bdAddr[4];
                    ^
Transmission.c:47:20: warning: unused variable 'val3' [-Wunused-variable]
             uint64 val3 = bdAddress.bdAddr[3];
                    ^
Transmission.c:46:20: warning: unused variable 'val2' [-Wunused-variable]
             uint64 val2 = bdAddress.bdAddr[2];
                    ^
Transmission.c:45:20: warning: unused variable 'val1' [-Wunused-variable]
             uint64 val1 = bdAddress.bdAddr[1];
                    ^
Transmission.c:44:20: warning: unused variable 'val0' [-Wunused-variable]
             uint64 val0 = bdAddress.bdAddr[0];
                    ^
Transmission.c:113:44: warning: unused variable 'apiResult' [-Wunused-variable]
                     cy_en_ble_api_result_t apiResult = Cy_BLE_GAP_AuthReq(&cy_ble_configPtr->authInfo[CY_BLE_SECURITY_CONFIGURATION_0_INDEX]);
                                            ^
Transmission.c: In function 'Transmission_BleSsHandler':
Transmission.c:267:32: warning: unused variable 'apiResult' [-Wunused-variable]
         cy_en_ble_api_result_t apiResult = Cy_BLE_StoreBondingData();
                                ^
Transmission.c: In function 'Transmission_SendAcc':
Transmission.c:371:32: warning: unused variable 'apiResult' [-Wunused-variable]
         cy_en_ble_api_result_t apiResult = Cy_BLE_StoreBondingData();
                                ^
Transmission.c:331:18: warning: unused variable 'data' [-Wunused-variable]
     static uint8 data[NUM_BYTES_PER_PACKET];
                  ^
arm-none-eabi-gcc.exe -mcpu=cortex-m0plus -mthumb -I. -IGenerated_Source\PSoC6 -IGenerated_Source\PSoC6\pdl\cmsis/include/ -IGenerated_Source\PSoC6\pdl\devices/psoc6/ip/ -IGenerated_Source\PSoC6\pdl\devices/psoc6/psoc63/include/ -IGenerated_Source\PSoC6\pdl\drivers/peripheral/ -IGenerated_Source\PSoC6\pdl\middleware/ -Wa,-alh=.\CortexM0p\ARM_GCC_541\Debug/ShakeSense.lst -g -D DEBUG -D CY_CORE_ID=0 -D CY_PSOC_CREATOR_USED=1 -D CYBLE_416045_02 -Wall -ffunction-sections -ffat-lto-objects -Og -c ShakeSense.c -o .\CortexM0p\ARM_GCC_541\Debug\ShakeSense.o
arm-none-eabi-gcc.exe -mcpu=cortex-m0plus -mthumb -I. -IGenerated_Source\PSoC6 -IGenerated_Source\PSoC6\pdl\cmsis/include/ -IGenerated_Source\PSoC6\pdl\devices/psoc6/ip/ -IGenerated_Source\PSoC6\pdl\devices/psoc6/psoc63/include/ -IGenerated_Source\PSoC6\pdl\drivers/peripheral/ -IGenerated_Source\PSoC6\pdl\middleware/ -Wa,-alh=.\CortexM0p\ARM_GCC_541\Debug/PressSense.lst -g -D DEBUG -D CY_CORE_ID=0 -D CY_PSOC_CREATOR_USED=1 -D CYBLE_416045_02 -Wall -ffunction-sections -ffat-lto-objects -Og -c PressSense.c -o .\CortexM0p\ARM_GCC_541\Debug\PressSense.o
arm-none-eabi-gcc.exe -mcpu=cortex-m0plus -mthumb -I. -IGenerated_Source\PSoC6 -IGenerated_Source\PSoC6\pdl\cmsis/include/ -IGenerated_Source\PSoC6\pdl\devices/psoc6/ip/ -IGenerated_Source\PSoC6\pdl\devices/psoc6/psoc63/include/ -IGenerated_Source\PSoC6\pdl\drivers/peripheral/ -IGenerated_Source\PSoC6\pdl\middleware/ -Wa,-alh=.\CortexM0p\ARM_GCC_541\Debug/ChimeControl.lst -g -D DEBUG -D CY_CORE_ID=0 -D CY_PSOC_CREATOR_USED=1 -D CYBLE_416045_02 -Wall -ffunction-sections -ffat-lto-objects -Og -c ChimeControl.c -o .\CortexM0p\ARM_GCC_541\Debug\ChimeControl.o
arm-none-eabi-gcc.exe -mcpu=cortex-m0plus -mthumb -I. -IGenerated_Source\PSoC6 -IGenerated_Source\PSoC6\pdl\cmsis/include/ -IGenerated_Source\PSoC6\pdl\devices/psoc6/ip/ -IGenerated_Source\PSoC6\pdl\devices/psoc6/psoc63/include/ -IGenerated_Source\PSoC6\pdl\drivers/peripheral/ -IGenerated_Source\PSoC6\pdl\middleware/ -Wa,-alh=.\CortexM0p\ARM_GCC_541\Debug/LightControl.lst -g -D DEBUG -D CY_CORE_ID=0 -D CY_PSOC_CREATOR_USED=1 -D CYBLE_416045_02 -Wall -ffunction-sections -ffat-lto-objects -Og -c LightControl.c -o .\CortexM0p\ARM_GCC_541\Debug\LightControl.o
arm-none-eabi-gcc.exe -mcpu=cortex-m0plus -mthumb -I. -IGenerated_Source\PSoC6 -IGenerated_Source\PSoC6\pdl\cmsis/include/ -IGenerated_Source\PSoC6\pdl\devices/psoc6/ip/ -IGenerated_Source\PSoC6\pdl\devices/psoc6/psoc63/include/ -IGenerated_Source\PSoC6\pdl\drivers/peripheral/ -IGenerated_Source\PSoC6\pdl\middleware/ -Wa,-alh=.\CortexM0p\ARM_GCC_541\Debug/MotorControl.lst -g -D DEBUG -D CY_CORE_ID=0 -D CY_PSOC_CREATOR_USED=1 -D CYBLE_416045_02 -Wall -ffunction-sections -ffat-lto-objects -Og -c MotorControl.c -o .\CortexM0p\ARM_GCC_541\Debug\MotorControl.o
arm-none-eabi-gcc.exe -mcpu=cortex-m0plus -mthumb -I. -IGenerated_Source\PSoC6 -IGenerated_Source\PSoC6\pdl\cmsis/include/ -IGenerated_Source\PSoC6\pdl\devices/psoc6/ip/ -IGenerated_Source\PSoC6\pdl\devices/psoc6/psoc63/include/ -IGenerated_Source\PSoC6\pdl\drivers/peripheral/ -IGenerated_Source\PSoC6\pdl\middleware/ -Wa,-alh=.\CortexM0p\ARM_GCC_541\Debug/UserInterface.lst -g -D DEBUG -D CY_CORE_ID=0 -D CY_PSOC_CREATOR_USED=1 -D CYBLE_416045_02 -Wall -ffunction-sections -ffat-lto-objects -Og -c UserInterface.c -o .\CortexM0p\ARM_GCC_541\Debug\UserInterface.o
In file included from UserInterface.c:5:0:
./PressSense.h:14:13: warning: 'Press1Handler' declared 'static' but never defined [-Wunused-function]
 static void Press1Handler();
             ^
arm-none-eabi-gcc.exe -mcpu=cortex-m0plus -mthumb -I. -IGenerated_Source\PSoC6 -IGenerated_Source\PSoC6\pdl\cmsis/include/ -IGenerated_Source\PSoC6\pdl\devices/psoc6/ip/ -IGenerated_Source\PSoC6\pdl\devices/psoc6/psoc63/include/ -IGenerated_Source\PSoC6\pdl\drivers/peripheral/ -IGenerated_Source\PSoC6\pdl\middleware/ -Wa,-alh=.\CortexM0p\ARM_GCC_541\Debug/main_cm0p.lst -g -D DEBUG -D CY_CORE_ID=0 -D CY_PSOC_CREATOR_USED=1 -D CYBLE_416045_02 -Wall -ffunction-sections -ffat-lto-objects -Og -c main_cm0p.c -o .\CortexM0p\ARM_GCC_541\Debug\main_cm0p.o
arm-none-eabi-gcc.exe -mcpu=cortex-m0plus -mthumb -I. -IGenerated_Source\PSoC6 -IGenerated_Source\PSoC6\pdl\cmsis/include/ -IGenerated_Source\PSoC6\pdl\devices/psoc6/ip/ -IGenerated_Source\PSoC6\pdl\devices/psoc6/psoc63/include/ -IGenerated_Source\PSoC6\pdl\drivers/peripheral/ -IGenerated_Source\PSoC6\pdl\middleware/ -Wa,-alh=.\CortexM0p\ARM_GCC_541\Debug/KinOS.lst -g -D DEBUG -D CY_CORE_ID=0 -D CY_PSOC_CREATOR_USED=1 -D CYBLE_416045_02 -Wall -ffunction-sections -ffat-lto-objects -Og -c KinOS.c -o .\CortexM0p\ARM_GCC_541\Debug\KinOS.o
arm-none-eabi-gcc.exe -Wl,--start-group -o C:\Users\salaz\Desktop\SmartHandle\SmartHandle.cydsn\CortexM0p\ARM_GCC_541\Debug\SmartHandle_link.elf Generated_Source\PSoC6\pdl\middleware\ble\lib\cy_ble_stack_gcc_radio_max_cm0p.a Generated_Source\PSoC6\pdl\middleware\ble\lib\cy_ble_stack_gcc_soc_cm0p.a .\CortexM0p\ARM_GCC_541\Debug\startup_psoc63_cm0plus.o .\CortexM0p\ARM_GCC_541\Debug\AppControl.o .\CortexM0p\ARM_GCC_541\Debug\AppProcess.o .\CortexM0p\ARM_GCC_541\Debug\CalendarTime.o .\CortexM0p\ARM_GCC_541\Debug\TimingMaster.o .\CortexM0p\ARM_GCC_541\Debug\SystemCore.o .\CortexM0p\ARM_GCC_541\Debug\DataBuffer.o .\CortexM0p\ARM_GCC_541\Debug\AccDriver.o .\CortexM0p\ARM_GCC_541\Debug\GyrDriver.o .\CortexM0p\ARM_GCC_541\Debug\AlsDriver.o .\CortexM0p\ARM_GCC_541\Debug\BusManager.o .\CortexM0p\ARM_GCC_541\Debug\RxBuffer.o .\CortexM0p\ARM_GCC_541\Debug\TxBuffer.o .\CortexM0p\ARM_GCC_541\Debug\Transmission.o .\CortexM0p\ARM_GCC_541\Debug\ShakeSense.o .\CortexM0p\ARM_GCC_541\Debug\PressSense.o .\CortexM0p\ARM_GCC_541\Debug\ChimeControl.o .\CortexM0p\ARM_GCC_541\Debug\LightControl.o .\CortexM0p\ARM_GCC_541\Debug\MotorControl.o .\CortexM0p\ARM_GCC_541\Debug\UserInterface.o .\CortexM0p\ARM_GCC_541\Debug\main_cm0p.o .\CortexM0p\ARM_GCC_541\Debug\debug.o .\CortexM0p\ARM_GCC_541\Debug\KinOS.o .\CortexM0p\ARM_GCC_541\Debug\system_psoc63_cm0plus.o .\CortexM0p\ARM_GCC_541\Debug\cy_ipc_config.o .\CortexM0p\ARM_GCC_541\Debug\cyfitter_sysint_cfg.o .\CortexM0p\ARM_GCC_541\Debug\cyfitter_cfg.o .\CortexM0p\ARM_GCC_541\Debug\cymetadata.o .\CortexM0p\ARM_GCC_541\Debug\cy_sysint.o .\CortexM0p\ARM_GCC_541\Debug\cy_ipc_drv.o .\CortexM0p\ARM_GCC_541\Debug\cy_ipc_sema.o .\CortexM0p\ARM_GCC_541\Debug\cy_ipc_pipe.o .\CortexM0p\ARM_GCC_541\Debug\cy_sysclk.o .\CortexM0p\ARM_GCC_541\Debug\cy_wdt.o .\CortexM0p\ARM_GCC_541\Debug\cy_efuse.o .\CortexM0p\ARM_GCC_541\Debug\cy_flash.o .\CortexM0p\ARM_GCC_541\Debug\cy_gpio.o .\CortexM0p\ARM_GCC_541\Debug\cy_sysanalog.o .\CortexM0p\ARM_GCC_541\Debug\cy_syspm.o .\CortexM0p\ARM_GCC_541\Debug\cy_syslib.o .\CortexM0p\ARM_GCC_541\Debug\cy_syslib_gcc.o .\CortexM0p\ARM_GCC_541\Debug\cy_trigmux.o .\CortexM0p\ARM_GCC_541\Debug\cy_systick.o .\CortexM0p\ARM_GCC_541\Debug\cy_profile.o .\CortexM0p\ARM_GCC_541\Debug\cy_prot.o .\CortexM0p\ARM_GCC_541\Debug\cy_lvd.o .\CortexM0p\ARM_GCC_541\Debug\cy_scb_common.o .\CortexM0p\ARM_GCC_541\Debug\cy_scb_i2c.o .\CortexM0p\ARM_GCC_541\Debug\cy_scb_ezi2c.o .\CortexM0p\ARM_GCC_541\Debug\cy_scb_spi.o .\CortexM0p\ARM_GCC_541\Debug\cy_scb_uart.o .\CortexM0p\ARM_GCC_541\Debug\cy_tcpwm_counter.o .\CortexM0p\ARM_GCC_541\Debug\cy_tcpwm_pwm.o .\CortexM0p\ARM_GCC_541\Debug\cy_tcpwm_quaddec.o .\CortexM0p\ARM_GCC_541\Debug\cy_mcwdt.o .\CortexM0p\ARM_GCC_541\Debug\cy_rtc.o .\CortexM0p\ARM_GCC_541\Debug\cy_ble_clk.o .\CortexM0p\ARM_GCC_541\Debug\cy_ble.o .\CortexM0p\ARM_GCC_541\Debug\cy_ble_hal_int.o .\CortexM0p\ARM_GCC_541\Debug\cy_ble_hal_pvt.o .\CortexM0p\ARM_GCC_541\Debug\cy_ble_gap.o .\CortexM0p\ARM_GCC_541\Debug\cy_ble_gatt.o .\CortexM0p\ARM_GCC_541\Debug\cy_ble_event_handler.o .\CortexM0p\ARM_GCC_541\Debug\cy_ble_ancs.o .\CortexM0p\ARM_GCC_541\Debug\cy_ble_ans.o .\CortexM0p\ARM_GCC_541\Debug\cy_ble_aios.o .\CortexM0p\ARM_GCC_541\Debug\cy_ble_bas.o .\CortexM0p\ARM_GCC_541\Debug\cy_ble_bcs.o .\CortexM0p\ARM_GCC_541\Debug\cy_ble_bls.o .\CortexM0p\ARM_GCC_541\Debug\cy_ble_bms.o .\CortexM0p\ARM_GCC_541\Debug\cy_ble_bts.o .\CortexM0p\ARM_GCC_541\Debug\cy_ble_cgms.o .\CortexM0p\ARM_GCC_541\Debug\cy_ble_cps.o .\CortexM0p\ARM_GCC_541\Debug\cy_ble_cscs.o .\CortexM0p\ARM_GCC_541\Debug\cy_ble_cts.o .\CortexM0p\ARM_GCC_541\Debug\cy_ble_custom.o .\CortexM0p\ARM_GCC_541\Debug\cy_ble_dis.o .\CortexM0p\ARM_GCC_541\Debug\cy_ble_ess.o .\CortexM0p\ARM_GCC_541\Debug\cy_ble_gls.o .\CortexM0p\ARM_GCC_541\Debug\cy_ble_hids.o .\CortexM0p\ARM_GCC_541\Debug\cy_ble_hps.o .\CortexM0p\ARM_GCC_541\Debug\cy_ble_hrs.o .\CortexM0p\ARM_GCC_541\Debug\cy_ble_hts.o .\CortexM0p\ARM_GCC_541\Debug\cy_ble_ias.o .\CortexM0p\ARM_GCC_541\Debug\cy_ble_ips.o .\CortexM0p\ARM_GCC_541\Debug\cy_ble_lls.o .\CortexM0p\ARM_GCC_541\Debug\cy_ble_lns.o .\CortexM0p\ARM_GCC_541\Debug\cy_ble_ndcs.o .\CortexM0p\ARM_GCC_541\Debug\cy_ble_plxs.o .\CortexM0p\ARM_GCC_541\Debug\cy_ble_pass.o .\CortexM0p\ARM_GCC_541\Debug\cy_ble_rscs.o .\CortexM0p\ARM_GCC_541\Debug\cy_ble_rtus.o .\CortexM0p\ARM_GCC_541\Debug\cy_ble_scps.o .\CortexM0p\ARM_GCC_541\Debug\cy_ble_tps.o .\CortexM0p\ARM_GCC_541\Debug\cy_ble_uds.o .\CortexM0p\ARM_GCC_541\Debug\cy_ble_wpts.o .\CortexM0p\ARM_GCC_541\Debug\cy_ble_wss.o .\CortexM0p\ARM_GCC_541\Debug\UART_DEBUG.o .\CortexM0p\ARM_GCC_541\Debug\BLE.o .\CortexM0p\ARM_GCC_541\Debug\BLE_config.o .\CortexM0p\ARM_GCC_541\Debug\BLE_custom_config.o .\CortexM0p\ARM_GCC_541\Debug\BLE_bas_config.o .\CortexM0p\ARM_GCC_541\Debug\SensorBus.o .\CortexM0p\ARM_GCC_541\Debug\LightOutputC.o .\CortexM0p\ARM_GCC_541\Debug\LightOutputA.o .\CortexM0p\ARM_GCC_541\Debug\LightTimer.o .\CortexM0p\ARM_GCC_541\Debug\LightOutputB.o .\CortexM0p\ARM_GCC_541\Debug\MotorOutput.o .\CortexM0p\ARM_GCC_541\Debug\MotorTimer.o .\CortexM0p\ARM_GCC_541\Debug\ChimeOutput.o .\CortexM0p\ARM_GCC_541\Debug\ChimeTimer.o .\CortexM0p\ARM_GCC_541\Debug\MCWDT_PDL.o .\CortexM0p\ARM_GCC_541\Debug\RealTimeClock.o -mcpu=cortex-m0plus -mthumb -L Generated_Source\PSoC6 -Wl,-Map,.\CortexM0p\ARM_GCC_541\Debug/SmartHandle.map -T cy8c6xx7_cm0plus.ld -specs=nano.specs -u _printf_float -Wl,--gc-sections -g -ffunction-sections -Og -ffat-lto-objects -Wl,--end-group
"C:\Program Files (x86)\Cypress\PDL\3.0.4\tools\win\elf\cymcuelftool.exe" --sign C:\Users\salaz\Desktop\SmartHandle\SmartHandle.cydsn\CortexM0p\ARM_GCC_541\Debug\SmartHandle_link.elf --output C:\Users\salaz\Desktop\SmartHandle\SmartHandle.cydsn\CortexM0p\ARM_GCC_541\Debug\SmartHandle.elf --hex C:\Users\salaz\Desktop\SmartHandle\SmartHandle.cydsn\CortexM0p\ARM_GCC_541\Debug\SmartHandle.hex
No ELF section .cychecksum found, creating one
Application checksum calculated and stored in ELF section .cychecksum
Checksum calculated and stored in ELF section .cymeta
The compile step is up to date, no work needs to be done.
The link step is up to date, no work needs to be done.
"C:\Program Files (x86)\Cypress\PDL\3.0.4\tools\win\elf\cymcuelftool.exe" --sign C:\Users\salaz\Desktop\SmartHandle\SmartHandle.cydsn\CortexM4\ARM_GCC_541\Debug\SmartHandle_link.elf --output C:\Users\salaz\Desktop\SmartHandle\SmartHandle.cydsn\CortexM4\ARM_GCC_541\Debug\SmartHandle_signed.elf --hex C:\Users\salaz\Desktop\SmartHandle\SmartHandle.cydsn\CortexM4\ARM_GCC_541\Debug\SmartHandle_signed.hex
No ELF section .cychecksum found, creating one
Application checksum calculated and stored in ELF section .cychecksum
Checksum calculated and stored in ELF section .cymeta
"C:\Program Files (x86)\Cypress\PDL\3.0.4\tools\win\elf\cymcuelftool.exe" --merge C:\Users\salaz\Desktop\SmartHandle\SmartHandle.cydsn\CortexM4\ARM_GCC_541\Debug\SmartHandle_signed.elf C:\Users\salaz\Desktop\SmartHandle\SmartHandle.cydsn\CortexM0p\ARM_GCC_541\Debug\SmartHandle.elf --output C:\Users\salaz\Desktop\SmartHandle\SmartHandle.cydsn\CortexM4\ARM_GCC_541\Debug\SmartHandle.elf --hex C:\Users\salaz\Desktop\SmartHandle\SmartHandle.cydsn\CortexM4\ARM_GCC_541\Debug\SmartHandle.hex
Application checksum calculated and stored in ELF section .cychecksum
Checksum calculated and stored in ELF section .cymeta
"C:\Program Files (x86)\Cypress\PDL\3.0.4\tools\win\elf\cymcuelftool.exe" -A C:\Users\salaz\Desktop\SmartHandle\SmartHandle.cydsn\CortexM4\ARM_GCC_541\Debug\SmartHandle.elf
code:215533	sram:1868
--------------- Build Succeeded: 05/01/2019 03:00:39 ---------------
