--------------- Clean Started: 03/02/2019 23:53:37 Project: SmartHandle, Configuration: ARM GCC 5.4-2016-q2-update Debug ---------------
Deleting file ".\CortexM0p\ARM_GCC_541\Debug\startup_psoc63_cm0plus.o"
Deleting file ".\CortexM0p\ARM_GCC_541\Debug\AppControl.o"
Deleting file ".\CortexM0p\ARM_GCC_541\Debug\AppProcess.o"
Deleting file ".\CortexM0p\ARM_GCC_541\Debug\CalendarTime.o"
Deleting file ".\CortexM0p\ARM_GCC_541\Debug\TimingMaster.o"
Deleting file ".\CortexM0p\ARM_GCC_541\Debug\SystemCore.o"
Deleting file ".\CortexM0p\ARM_GCC_541\Debug\DataBuffer.o"
Deleting file ".\CortexM0p\ARM_GCC_541\Debug\AccDriver.o"
Deleting file ".\CortexM0p\ARM_GCC_541\Debug\GyrDriver.o"
Deleting file ".\CortexM0p\ARM_GCC_541\Debug\BusManager.o"
Deleting file ".\CortexM0p\ARM_GCC_541\Debug\RxBuffer.o"
Deleting file ".\CortexM0p\ARM_GCC_541\Debug\TxBuffer.o"
Deleting file ".\CortexM0p\ARM_GCC_541\Debug\Transmission.o"
Deleting file ".\CortexM0p\ARM_GCC_541\Debug\ShakeSense.o"
Deleting file ".\CortexM0p\ARM_GCC_541\Debug\PressSense.o"
Deleting file ".\CortexM0p\ARM_GCC_541\Debug\ChimeControl.o"
Deleting file ".\CortexM0p\ARM_GCC_541\Debug\LightControl.o"
Deleting file ".\CortexM0p\ARM_GCC_541\Debug\MotorControl.o"
Deleting file ".\CortexM0p\ARM_GCC_541\Debug\UserInterface.o"
Deleting file ".\CortexM0p\ARM_GCC_541\Debug\main_cm0p.o"
Deleting file ".\CortexM0p\ARM_GCC_541\Debug\debug.o"
Deleting file ".\CortexM0p\ARM_GCC_541\Debug\KinOS.o"
Deleting file ".\CortexM0p\ARM_GCC_541\Debug\system_psoc63_cm0plus.o"
Deleting file ".\CortexM0p\ARM_GCC_541\Debug\cy_ipc_config.o"
Deleting file ".\CortexM0p\ARM_GCC_541\Debug\cyfitter_sysint_cfg.o"
Deleting file ".\CortexM0p\ARM_GCC_541\Debug\cyfitter_cfg.o"
Deleting file ".\CortexM0p\ARM_GCC_541\Debug\cymetadata.o"
Deleting file ".\CortexM0p\ARM_GCC_541\Debug\cy_sysint.o"
Deleting file ".\CortexM0p\ARM_GCC_541\Debug\cy_ipc_drv.o"
Deleting file ".\CortexM0p\ARM_GCC_541\Debug\cy_ipc_sema.o"
Deleting file ".\CortexM0p\ARM_GCC_541\Debug\cy_ipc_pipe.o"
Deleting file ".\CortexM0p\ARM_GCC_541\Debug\cy_sysclk.o"
Deleting file ".\CortexM0p\ARM_GCC_541\Debug\cy_wdt.o"
Deleting file ".\CortexM0p\ARM_GCC_541\Debug\cy_efuse.o"
Deleting file ".\CortexM0p\ARM_GCC_541\Debug\cy_flash.o"
Deleting file ".\CortexM0p\ARM_GCC_541\Debug\cy_gpio.o"
Deleting file ".\CortexM0p\ARM_GCC_541\Debug\cy_sysanalog.o"
Deleting file ".\CortexM0p\ARM_GCC_541\Debug\cy_syspm.o"
Deleting file ".\CortexM0p\ARM_GCC_541\Debug\cy_syslib.o"
Deleting file ".\CortexM0p\ARM_GCC_541\Debug\cy_syslib_gcc.o"
Deleting file ".\CortexM0p\ARM_GCC_541\Debug\cy_trigmux.o"
Deleting file ".\CortexM0p\ARM_GCC_541\Debug\cy_systick.o"
Deleting file ".\CortexM0p\ARM_GCC_541\Debug\cy_profile.o"
Deleting file ".\CortexM0p\ARM_GCC_541\Debug\cy_prot.o"
Deleting file ".\CortexM0p\ARM_GCC_541\Debug\cy_lvd.o"
Deleting file ".\CortexM0p\ARM_GCC_541\Debug\cy_scb_common.o"
Deleting file ".\CortexM0p\ARM_GCC_541\Debug\cy_scb_i2c.o"
Deleting file ".\CortexM0p\ARM_GCC_541\Debug\cy_scb_ezi2c.o"
Deleting file ".\CortexM0p\ARM_GCC_541\Debug\cy_scb_spi.o"
Deleting file ".\CortexM0p\ARM_GCC_541\Debug\cy_scb_uart.o"
Deleting file ".\CortexM0p\ARM_GCC_541\Debug\cy_tcpwm_counter.o"
Deleting file ".\CortexM0p\ARM_GCC_541\Debug\cy_tcpwm_pwm.o"
Deleting file ".\CortexM0p\ARM_GCC_541\Debug\cy_tcpwm_quaddec.o"
Deleting file ".\CortexM0p\ARM_GCC_541\Debug\cy_mcwdt.o"
Deleting file ".\CortexM0p\ARM_GCC_541\Debug\cy_rtc.o"
Deleting file ".\CortexM0p\ARM_GCC_541\Debug\cy_ble_clk.o"
Deleting file ".\CortexM0p\ARM_GCC_541\Debug\cy_ble.o"
Deleting file ".\CortexM0p\ARM_GCC_541\Debug\cy_ble_hal_int.o"
Deleting file ".\CortexM0p\ARM_GCC_541\Debug\cy_ble_hal_pvt.o"
Deleting file ".\CortexM0p\ARM_GCC_541\Debug\cy_ble_gap.o"
Deleting file ".\CortexM0p\ARM_GCC_541\Debug\cy_ble_gatt.o"
Deleting file ".\CortexM0p\ARM_GCC_541\Debug\cy_ble_event_handler.o"
Deleting file ".\CortexM0p\ARM_GCC_541\Debug\cy_ble_ancs.o"
Deleting file ".\CortexM0p\ARM_GCC_541\Debug\cy_ble_ans.o"
Deleting file ".\CortexM0p\ARM_GCC_541\Debug\cy_ble_aios.o"
Deleting file ".\CortexM0p\ARM_GCC_541\Debug\cy_ble_bas.o"
Deleting file ".\CortexM0p\ARM_GCC_541\Debug\cy_ble_bcs.o"
Deleting file ".\CortexM0p\ARM_GCC_541\Debug\cy_ble_bls.o"
Deleting file ".\CortexM0p\ARM_GCC_541\Debug\cy_ble_bms.o"
Deleting file ".\CortexM0p\ARM_GCC_541\Debug\cy_ble_bts.o"
Deleting file ".\CortexM0p\ARM_GCC_541\Debug\cy_ble_cgms.o"
Deleting file ".\CortexM0p\ARM_GCC_541\Debug\cy_ble_cps.o"
Deleting file ".\CortexM0p\ARM_GCC_541\Debug\cy_ble_cscs.o"
Deleting file ".\CortexM0p\ARM_GCC_541\Debug\cy_ble_cts.o"
Deleting file ".\CortexM0p\ARM_GCC_541\Debug\cy_ble_custom.o"
Deleting file ".\CortexM0p\ARM_GCC_541\Debug\cy_ble_dis.o"
Deleting file ".\CortexM0p\ARM_GCC_541\Debug\cy_ble_ess.o"
Deleting file ".\CortexM0p\ARM_GCC_541\Debug\cy_ble_gls.o"
Deleting file ".\CortexM0p\ARM_GCC_541\Debug\cy_ble_hids.o"
Deleting file ".\CortexM0p\ARM_GCC_541\Debug\cy_ble_hps.o"
Deleting file ".\CortexM0p\ARM_GCC_541\Debug\cy_ble_hrs.o"
Deleting file ".\CortexM0p\ARM_GCC_541\Debug\cy_ble_hts.o"
Deleting file ".\CortexM0p\ARM_GCC_541\Debug\cy_ble_ias.o"
Deleting file ".\CortexM0p\ARM_GCC_541\Debug\cy_ble_ips.o"
Deleting file ".\CortexM0p\ARM_GCC_541\Debug\cy_ble_lls.o"
Deleting file ".\CortexM0p\ARM_GCC_541\Debug\cy_ble_lns.o"
Deleting file ".\CortexM0p\ARM_GCC_541\Debug\cy_ble_ndcs.o"
Deleting file ".\CortexM0p\ARM_GCC_541\Debug\cy_ble_plxs.o"
Deleting file ".\CortexM0p\ARM_GCC_541\Debug\cy_ble_pass.o"
Deleting file ".\CortexM0p\ARM_GCC_541\Debug\cy_ble_rscs.o"
Deleting file ".\CortexM0p\ARM_GCC_541\Debug\cy_ble_rtus.o"
Deleting file ".\CortexM0p\ARM_GCC_541\Debug\cy_ble_scps.o"
Deleting file ".\CortexM0p\ARM_GCC_541\Debug\cy_ble_tps.o"
Deleting file ".\CortexM0p\ARM_GCC_541\Debug\cy_ble_uds.o"
Deleting file ".\CortexM0p\ARM_GCC_541\Debug\cy_ble_wpts.o"
Deleting file ".\CortexM0p\ARM_GCC_541\Debug\cy_ble_wss.o"
Deleting file ".\CortexM0p\ARM_GCC_541\Debug\UART_DEBUG.o"
Deleting file ".\CortexM0p\ARM_GCC_541\Debug\BLE.o"
Deleting file ".\CortexM0p\ARM_GCC_541\Debug\BLE_config.o"
Deleting file ".\CortexM0p\ARM_GCC_541\Debug\BLE_custom_config.o"
Deleting file ".\CortexM0p\ARM_GCC_541\Debug\SensorBus.o"
Deleting file ".\CortexM0p\ARM_GCC_541\Debug\LightOutputC.o"
Deleting file ".\CortexM0p\ARM_GCC_541\Debug\LightOutputA.o"
Deleting file ".\CortexM0p\ARM_GCC_541\Debug\LightTimer.o"
Deleting file ".\CortexM0p\ARM_GCC_541\Debug\LightOutputB.o"
Deleting file ".\CortexM0p\ARM_GCC_541\Debug\MotorOutput.o"
Deleting file ".\CortexM0p\ARM_GCC_541\Debug\MotorTimer.o"
Deleting file ".\CortexM0p\ARM_GCC_541\Debug\ChimeOutput.o"
Deleting file ".\CortexM0p\ARM_GCC_541\Debug\ChimeTimer.o"
Deleting file ".\CortexM0p\ARM_GCC_541\Debug\MCWDT_PDL.o"
Deleting file ".\CortexM0p\ARM_GCC_541\Debug\RealTimeClock.o"
Deleting file ".\CortexM0p\ARM_GCC_541\Debug\SmartHandle.hex"
Deleting file ".\CortexM0p\ARM_GCC_541\Debug\SmartHandle.elf"
Deleting file ".\CortexM0p\ARM_GCC_541\Debug\SmartHandle.map"
Deleting file ".\SmartHandle.cycdx"
Deleting file ".\SmartHandle.rpt"
Deleting file ".\SmartHandle_timing.html"
Deleting file ".\CortexM0p\ARM_GCC_541\Debug\.deps\SOURCE_C__ARM_GCC_GENERIC.P"
Deleting file ".\CortexM4\ARM_GCC_541\Debug\startup_psoc63_cm4.o"
Deleting file ".\CortexM4\ARM_GCC_541\Debug\main_cm4.o"
Deleting file ".\CortexM4\ARM_GCC_541\Debug\system_psoc63_cm4.o"
Deleting file ".\CortexM4\ARM_GCC_541\Debug\cy_ipc_config.o"
Deleting file ".\CortexM4\ARM_GCC_541\Debug\cyfitter_sysint_cfg.o"
Deleting file ".\CortexM4\ARM_GCC_541\Debug\cymetadata.o"
Deleting file ".\CortexM4\ARM_GCC_541\Debug\cy_sysint.o"
Deleting file ".\CortexM4\ARM_GCC_541\Debug\cy_ipc_drv.o"
Deleting file ".\CortexM4\ARM_GCC_541\Debug\cy_ipc_sema.o"
Deleting file ".\CortexM4\ARM_GCC_541\Debug\cy_ipc_pipe.o"
Deleting file ".\CortexM4\ARM_GCC_541\Debug\cy_sysclk.o"
Deleting file ".\CortexM4\ARM_GCC_541\Debug\cy_wdt.o"
Deleting file ".\CortexM4\ARM_GCC_541\Debug\cy_efuse.o"
Deleting file ".\CortexM4\ARM_GCC_541\Debug\cy_flash.o"
Deleting file ".\CortexM4\ARM_GCC_541\Debug\cy_gpio.o"
Deleting file ".\CortexM4\ARM_GCC_541\Debug\cy_sysanalog.o"
Deleting file ".\CortexM4\ARM_GCC_541\Debug\cy_syspm.o"
Deleting file ".\CortexM4\ARM_GCC_541\Debug\cy_syslib.o"
Deleting file ".\CortexM4\ARM_GCC_541\Debug\cy_syslib_gcc.o"
Deleting file ".\CortexM4\ARM_GCC_541\Debug\cy_trigmux.o"
Deleting file ".\CortexM4\ARM_GCC_541\Debug\cy_systick.o"
Deleting file ".\CortexM4\ARM_GCC_541\Debug\cy_profile.o"
Deleting file ".\CortexM4\ARM_GCC_541\Debug\cy_prot.o"
Deleting file ".\CortexM4\ARM_GCC_541\Debug\cy_lvd.o"
Deleting file ".\CortexM4\ARM_GCC_541\Debug\cy_scb_common.o"
Deleting file ".\CortexM4\ARM_GCC_541\Debug\cy_scb_i2c.o"
Deleting file ".\CortexM4\ARM_GCC_541\Debug\cy_scb_ezi2c.o"
Deleting file ".\CortexM4\ARM_GCC_541\Debug\cy_scb_spi.o"
Deleting file ".\CortexM4\ARM_GCC_541\Debug\cy_scb_uart.o"
Deleting file ".\CortexM4\ARM_GCC_541\Debug\cy_tcpwm_counter.o"
Deleting file ".\CortexM4\ARM_GCC_541\Debug\cy_tcpwm_pwm.o"
Deleting file ".\CortexM4\ARM_GCC_541\Debug\cy_tcpwm_quaddec.o"
Deleting file ".\CortexM4\ARM_GCC_541\Debug\cy_mcwdt.o"
Deleting file ".\CortexM4\ARM_GCC_541\Debug\cy_rtc.o"
Deleting file ".\CortexM4\ARM_GCC_541\Debug\cy_ble_clk.o"
Deleting file ".\CortexM4\ARM_GCC_541\Debug\cy_ble.o"
Deleting file ".\CortexM4\ARM_GCC_541\Debug\cy_ble_hal_int.o"
Deleting file ".\CortexM4\ARM_GCC_541\Debug\cy_ble_hal_pvt.o"
Deleting file ".\CortexM4\ARM_GCC_541\Debug\cy_ble_gap.o"
Deleting file ".\CortexM4\ARM_GCC_541\Debug\cy_ble_gatt.o"
Deleting file ".\CortexM4\ARM_GCC_541\Debug\cy_ble_event_handler.o"
Deleting file ".\CortexM4\ARM_GCC_541\Debug\cy_ble_ancs.o"
Deleting file ".\CortexM4\ARM_GCC_541\Debug\cy_ble_ans.o"
Deleting file ".\CortexM4\ARM_GCC_541\Debug\cy_ble_aios.o"
Deleting file ".\CortexM4\ARM_GCC_541\Debug\cy_ble_bas.o"
Deleting file ".\CortexM4\ARM_GCC_541\Debug\cy_ble_bcs.o"
Deleting file ".\CortexM4\ARM_GCC_541\Debug\cy_ble_bls.o"
Deleting file ".\CortexM4\ARM_GCC_541\Debug\cy_ble_bms.o"
Deleting file ".\CortexM4\ARM_GCC_541\Debug\cy_ble_bts.o"
Deleting file ".\CortexM4\ARM_GCC_541\Debug\cy_ble_cgms.o"
Deleting file ".\CortexM4\ARM_GCC_541\Debug\cy_ble_cps.o"
Deleting file ".\CortexM4\ARM_GCC_541\Debug\cy_ble_cscs.o"
Deleting file ".\CortexM4\ARM_GCC_541\Debug\cy_ble_cts.o"
Deleting file ".\CortexM4\ARM_GCC_541\Debug\cy_ble_custom.o"
Deleting file ".\CortexM4\ARM_GCC_541\Debug\cy_ble_dis.o"
Deleting file ".\CortexM4\ARM_GCC_541\Debug\cy_ble_ess.o"
Deleting file ".\CortexM4\ARM_GCC_541\Debug\cy_ble_gls.o"
Deleting file ".\CortexM4\ARM_GCC_541\Debug\cy_ble_hids.o"
Deleting file ".\CortexM4\ARM_GCC_541\Debug\cy_ble_hps.o"
Deleting file ".\CortexM4\ARM_GCC_541\Debug\cy_ble_hrs.o"
Deleting file ".\CortexM4\ARM_GCC_541\Debug\cy_ble_hts.o"
Deleting file ".\CortexM4\ARM_GCC_541\Debug\cy_ble_ias.o"
Deleting file ".\CortexM4\ARM_GCC_541\Debug\cy_ble_ips.o"
Deleting file ".\CortexM4\ARM_GCC_541\Debug\cy_ble_lls.o"
Deleting file ".\CortexM4\ARM_GCC_541\Debug\cy_ble_lns.o"
Deleting file ".\CortexM4\ARM_GCC_541\Debug\cy_ble_ndcs.o"
Deleting file ".\CortexM4\ARM_GCC_541\Debug\cy_ble_plxs.o"
Deleting file ".\CortexM4\ARM_GCC_541\Debug\cy_ble_pass.o"
Deleting file ".\CortexM4\ARM_GCC_541\Debug\cy_ble_rscs.o"
Deleting file ".\CortexM4\ARM_GCC_541\Debug\cy_ble_rtus.o"
Deleting file ".\CortexM4\ARM_GCC_541\Debug\cy_ble_scps.o"
Deleting file ".\CortexM4\ARM_GCC_541\Debug\cy_ble_tps.o"
Deleting file ".\CortexM4\ARM_GCC_541\Debug\cy_ble_uds.o"
Deleting file ".\CortexM4\ARM_GCC_541\Debug\cy_ble_wpts.o"
Deleting file ".\CortexM4\ARM_GCC_541\Debug\cy_ble_wss.o"
Deleting file ".\CortexM4\ARM_GCC_541\Debug\UART_DEBUG.o"
Deleting file ".\CortexM4\ARM_GCC_541\Debug\BLE.o"
Deleting file ".\CortexM4\ARM_GCC_541\Debug\BLE_config.o"
Deleting file ".\CortexM4\ARM_GCC_541\Debug\BLE_custom_config.o"
Deleting file ".\CortexM4\ARM_GCC_541\Debug\SensorBus.o"
Deleting file ".\CortexM4\ARM_GCC_541\Debug\LightOutputC.o"
Deleting file ".\CortexM4\ARM_GCC_541\Debug\LightOutputA.o"
Deleting file ".\CortexM4\ARM_GCC_541\Debug\LightTimer.o"
Deleting file ".\CortexM4\ARM_GCC_541\Debug\LightOutputB.o"
Deleting file ".\CortexM4\ARM_GCC_541\Debug\MotorOutput.o"
Deleting file ".\CortexM4\ARM_GCC_541\Debug\MotorTimer.o"
Deleting file ".\CortexM4\ARM_GCC_541\Debug\ChimeOutput.o"
Deleting file ".\CortexM4\ARM_GCC_541\Debug\ChimeTimer.o"
Deleting file ".\CortexM4\ARM_GCC_541\Debug\MCWDT_PDL.o"
Deleting file ".\CortexM4\ARM_GCC_541\Debug\RealTimeClock.o"
Deleting file ".\CortexM4\ARM_GCC_541\Debug\SmartHandle.hex"
Deleting file ".\CortexM4\ARM_GCC_541\Debug\SmartHandle.elf"
Deleting file ".\CortexM4\ARM_GCC_541\Debug\SmartHandle.map"
Deleting file ".\CortexM4\ARM_GCC_541\Debug\.deps\SOURCE_C__ARM_GCC_GENERIC.P"
--------------- Clean Succeeded: 03/02/2019 23:53:38 ---------------
