--------------- Build Started: 03/02/2019 23:38:31 Project: UART_debug, Configuration: ARM GCC 5.4-2016-q2-update Debug ---------------
The code generation step is up to date.
arm-none-eabi-gcc.exe -mcpu=cortex-m0plus -mthumb -I. -IGenerated_Source\PSoC6 -IGenerated_Source\PSoC6\pdl\cmsis/include/ -IGenerated_Source\PSoC6\pdl\devices/psoc6/ip/ -IGenerated_Source\PSoC6\pdl\devices/psoc6/psoc63/include/ -IGenerated_Source\PSoC6\pdl\drivers/peripheral/ -IGenerated_Source\PSoC6\pdl\middleware/ -IGenerated_Source\PSoC6\pdl\utilities/ -Wa,-alh=.\CortexM0p\ARM_GCC_541\Debug/main_cm0p.lst -g -D DEBUG -D CY_CORE_ID=0 -D CY_PSOC_CREATOR_USED=1 -D CY8C6347BZI_BLD53 -Wall -ffunction-sections -ffat-lto-objects -O0 -c main_cm0p.c -o .\CortexM0p\ARM_GCC_541\Debug\main_cm0p.o
arm-none-eabi-gcc.exe -Wl,--start-group -o C:\Users\salaz\Desktop\UART\UART_debug.cydsn\CortexM0p\ARM_GCC_541\Debug\UART_debug_link.elf .\CortexM0p\ARM_GCC_541\Debug\startup_psoc63_cm0plus.o .\CortexM0p\ARM_GCC_541\Debug\main_cm0p.o .\CortexM0p\ARM_GCC_541\Debug\system_psoc63_cm0plus.o .\CortexM0p\ARM_GCC_541\Debug\cy_ipc_config.o .\CortexM0p\ARM_GCC_541\Debug\stdio_user.o .\CortexM0p\ARM_GCC_541\Debug\cyfitter_sysint_cfg.o .\CortexM0p\ARM_GCC_541\Debug\cyfitter_cfg.o .\CortexM0p\ARM_GCC_541\Debug\cymetadata.o .\CortexM0p\ARM_GCC_541\Debug\UART.o .\CortexM0p\ARM_GCC_541\Debug\cy_sysint.o .\CortexM0p\ARM_GCC_541\Debug\cy_ipc_drv.o .\CortexM0p\ARM_GCC_541\Debug\cy_ipc_sema.o .\CortexM0p\ARM_GCC_541\Debug\cy_ipc_pipe.o .\CortexM0p\ARM_GCC_541\Debug\cy_sysclk.o .\CortexM0p\ARM_GCC_541\Debug\cy_wdt.o .\CortexM0p\ARM_GCC_541\Debug\cy_scb_common.o .\CortexM0p\ARM_GCC_541\Debug\cy_scb_i2c.o .\CortexM0p\ARM_GCC_541\Debug\cy_scb_ezi2c.o .\CortexM0p\ARM_GCC_541\Debug\cy_scb_spi.o .\CortexM0p\ARM_GCC_541\Debug\cy_scb_uart.o .\CortexM0p\ARM_GCC_541\Debug\cy_efuse.o .\CortexM0p\ARM_GCC_541\Debug\cy_flash.o .\CortexM0p\ARM_GCC_541\Debug\cy_gpio.o .\CortexM0p\ARM_GCC_541\Debug\cy_sysanalog.o .\CortexM0p\ARM_GCC_541\Debug\cy_syspm.o .\CortexM0p\ARM_GCC_541\Debug\cy_syslib.o .\CortexM0p\ARM_GCC_541\Debug\cy_syslib_gcc.o .\CortexM0p\ARM_GCC_541\Debug\cy_trigmux.o .\CortexM0p\ARM_GCC_541\Debug\cy_systick.o .\CortexM0p\ARM_GCC_541\Debug\cy_profile.o .\CortexM0p\ARM_GCC_541\Debug\cy_prot.o .\CortexM0p\ARM_GCC_541\Debug\cy_lvd.o .\CortexM0p\ARM_GCC_541\Debug\cy_ble_clk.o .\CortexM0p\ARM_GCC_541\Debug\retarget.o .\CortexM0p\ARM_GCC_541\Debug\UART_DEBUG.o -mcpu=cortex-m0plus -mthumb -L Generated_Source\PSoC6 -Wl,-Map,.\CortexM0p\ARM_GCC_541\Debug/UART_debug.map -T cy8c6xx7_cm0plus.ld -specs=nano.specs -Wl,--gc-sections -g -ffunction-sections -O0 -ffat-lto-objects -Wl,--end-group
"C:\Program Files (x86)\Cypress\PDL\3.0.4\tools\win\elf\cymcuelftool.exe" --sign C:\Users\salaz\Desktop\UART\UART_debug.cydsn\CortexM0p\ARM_GCC_541\Debug\UART_debug_link.elf --output C:\Users\salaz\Desktop\UART\UART_debug.cydsn\CortexM0p\ARM_GCC_541\Debug\UART_debug.elf --hex C:\Users\salaz\Desktop\UART\UART_debug.cydsn\CortexM0p\ARM_GCC_541\Debug\UART_debug.hex
No ELF section .cychecksum found, creating one
Application checksum calculated and stored in ELF section .cychecksum
Checksum calculated and stored in ELF section .cymeta
The compile step is up to date, no work needs to be done.
The link step is up to date, no work needs to be done.
"C:\Program Files (x86)\Cypress\PDL\3.0.4\tools\win\elf\cymcuelftool.exe" --sign C:\Users\salaz\Desktop\UART\UART_debug.cydsn\CortexM4\ARM_GCC_541\Debug\UART_debug_link.elf --output C:\Users\salaz\Desktop\UART\UART_debug.cydsn\CortexM4\ARM_GCC_541\Debug\UART_debug_signed.elf --hex C:\Users\salaz\Desktop\UART\UART_debug.cydsn\CortexM4\ARM_GCC_541\Debug\UART_debug_signed.hex
No ELF section .cychecksum found, creating one
Application checksum calculated and stored in ELF section .cychecksum
Checksum calculated and stored in ELF section .cymeta
"C:\Program Files (x86)\Cypress\PDL\3.0.4\tools\win\elf\cymcuelftool.exe" --merge C:\Users\salaz\Desktop\UART\UART_debug.cydsn\CortexM4\ARM_GCC_541\Debug\UART_debug_signed.elf C:\Users\salaz\Desktop\UART\UART_debug.cydsn\CortexM0p\ARM_GCC_541\Debug\UART_debug.elf --output C:\Users\salaz\Desktop\UART\UART_debug.cydsn\CortexM4\ARM_GCC_541\Debug\UART_debug.elf --hex C:\Users\salaz\Desktop\UART\UART_debug.cydsn\CortexM4\ARM_GCC_541\Debug\UART_debug.hex
Application checksum calculated and stored in ELF section .cychecksum
Checksum calculated and stored in ELF section .cymeta
"C:\Program Files (x86)\Cypress\PDL\3.0.4\tools\win\elf\cymcuelftool.exe" -A C:\Users\salaz\Desktop\UART\UART_debug.cydsn\CortexM4\ARM_GCC_541\Debug\UART_debug.elf
code:26332	sram:1868
--------------- Build Succeeded: 03/02/2019 23:38:33 ---------------
