ARM GAS  C:\Users\salaz\AppData\Local\Temp\ccwmihDj.s 			page 1


   1              		.syntax unified
   2              		.cpu cortex-m4
   3              		.eabi_attribute 27, 1
   4              		.fpu fpv4-sp-d16
   5              		.eabi_attribute 20, 1
   6              		.eabi_attribute 21, 1
   7              		.eabi_attribute 23, 3
   8              		.eabi_attribute 24, 1
   9              		.eabi_attribute 25, 1
  10              		.eabi_attribute 26, 1
  11              		.eabi_attribute 30, 1
  12              		.eabi_attribute 34, 1
  13              		.eabi_attribute 18, 4
  14              		.thumb
  15              		.syntax unified
  16              		.file	"CapSense_Tuner.c"
  17              		.text
  18              	.Ltext0:
  19              		.cfi_sections	.debug_frame
  20              		.section	.text.CapSense_TuInitialize,"ax",%progbits
  21              		.align	2
  22              		.global	CapSense_TuInitialize
  23              		.thumb
  24              		.thumb_func
  25              		.type	CapSense_TuInitialize, %function
  26              	CapSense_TuInitialize:
  27              	.LFB158:
  28              		.file 1 "Generated_Source\\PSoC6\\CapSense_Tuner.c"
   1:Generated_Source\PSoC6/CapSense_Tuner.c **** /***************************************************************************//**
   2:Generated_Source\PSoC6/CapSense_Tuner.c **** * \file CapSense_Tuner.c
   3:Generated_Source\PSoC6/CapSense_Tuner.c **** * \version 2.0
   4:Generated_Source\PSoC6/CapSense_Tuner.c **** *
   5:Generated_Source\PSoC6/CapSense_Tuner.c **** * \brief
   6:Generated_Source\PSoC6/CapSense_Tuner.c **** *   This file provides the source code for the Tuner module API of the 
   7:Generated_Source\PSoC6/CapSense_Tuner.c **** *   Component.
   8:Generated_Source\PSoC6/CapSense_Tuner.c **** *
   9:Generated_Source\PSoC6/CapSense_Tuner.c **** * \see CapSense v2.0 Datasheet
  10:Generated_Source\PSoC6/CapSense_Tuner.c **** *
  11:Generated_Source\PSoC6/CapSense_Tuner.c **** *//*****************************************************************************
  12:Generated_Source\PSoC6/CapSense_Tuner.c **** * Copyright (2016-2017), Cypress Semiconductor Corporation.
  13:Generated_Source\PSoC6/CapSense_Tuner.c **** ********************************************************************************
  14:Generated_Source\PSoC6/CapSense_Tuner.c **** * This software is owned by Cypress Semiconductor Corporation (Cypress) and is
  15:Generated_Source\PSoC6/CapSense_Tuner.c **** * protected by and subject to worldwide patent protection (United States and
  16:Generated_Source\PSoC6/CapSense_Tuner.c **** * foreign), United States copyright laws and international treaty provisions.
  17:Generated_Source\PSoC6/CapSense_Tuner.c **** * Cypress hereby grants to licensee a personal, non-exclusive, non-transferable
  18:Generated_Source\PSoC6/CapSense_Tuner.c **** * license to copy, use, modify, create derivative works of, and compile the
  19:Generated_Source\PSoC6/CapSense_Tuner.c **** * Cypress Source Code and derivative works for the sole purpose of creating
  20:Generated_Source\PSoC6/CapSense_Tuner.c **** * custom software in support of licensee product to be used only in conjunction
  21:Generated_Source\PSoC6/CapSense_Tuner.c **** * with a Cypress integrated circuit as specified in the applicable agreement.
  22:Generated_Source\PSoC6/CapSense_Tuner.c **** * Any reproduction, modification, translation, compilation, or representation of
  23:Generated_Source\PSoC6/CapSense_Tuner.c **** * this software except as specified above is prohibited without the express
  24:Generated_Source\PSoC6/CapSense_Tuner.c **** * written permission of Cypress.
  25:Generated_Source\PSoC6/CapSense_Tuner.c **** *
  26:Generated_Source\PSoC6/CapSense_Tuner.c **** * Disclaimer: CYPRESS MAKES NO WARRANTY OF ANY KIND, EXPRESS OR IMPLIED, WITH
  27:Generated_Source\PSoC6/CapSense_Tuner.c **** * REGARD TO THIS MATERIAL, INCLUDING, BUT NOT LIMITED TO, THE IMPLIED
  28:Generated_Source\PSoC6/CapSense_Tuner.c **** * WARRANTIES OF MERCHANTABILITY AND FITNESS FOR A PARTICULAR PURPOSE.
  29:Generated_Source\PSoC6/CapSense_Tuner.c **** * Cypress reserves the right to make changes without further notice to the
ARM GAS  C:\Users\salaz\AppData\Local\Temp\ccwmihDj.s 			page 2


  30:Generated_Source\PSoC6/CapSense_Tuner.c **** * materials described herein. Cypress does not assume any liability arising out
  31:Generated_Source\PSoC6/CapSense_Tuner.c **** * of the application or use of any product or circuit described herein. Cypress
  32:Generated_Source\PSoC6/CapSense_Tuner.c **** * does not authorize its products for use as critical components in life-support
  33:Generated_Source\PSoC6/CapSense_Tuner.c **** * systems where a malfunction or failure may reasonably be expected to result in
  34:Generated_Source\PSoC6/CapSense_Tuner.c **** * significant injury to the user. The inclusion of Cypress' product in a life-
  35:Generated_Source\PSoC6/CapSense_Tuner.c **** * support systems application implies that the manufacturer assumes all risk of
  36:Generated_Source\PSoC6/CapSense_Tuner.c **** * such use and in doing so indemnifies Cypress against all charges. Use may be
  37:Generated_Source\PSoC6/CapSense_Tuner.c **** * limited by and subject to the applicable Cypress software license agreement.
  38:Generated_Source\PSoC6/CapSense_Tuner.c **** *******************************************************************************/
  39:Generated_Source\PSoC6/CapSense_Tuner.c **** 
  40:Generated_Source\PSoC6/CapSense_Tuner.c **** #include "syslib/cy_syslib.h"
  41:Generated_Source\PSoC6/CapSense_Tuner.c **** #include "CapSense_Structure.h"
  42:Generated_Source\PSoC6/CapSense_Tuner.c **** #include "CapSense_Tuner.h"
  43:Generated_Source\PSoC6/CapSense_Tuner.c **** #include "CapSense_Control.h"
  44:Generated_Source\PSoC6/CapSense_Tuner.c **** #include "CapSense_Configuration.h"
  45:Generated_Source\PSoC6/CapSense_Tuner.c **** 
  46:Generated_Source\PSoC6/CapSense_Tuner.c **** /* Tuner states definition */
  47:Generated_Source\PSoC6/CapSense_Tuner.c **** #define TU_FSM_RUNNING      (0u)
  48:Generated_Source\PSoC6/CapSense_Tuner.c **** #define TU_FSM_SUSPENDED    (1u)
  49:Generated_Source\PSoC6/CapSense_Tuner.c **** #define TU_FSM_SNR_TEST     (2u)
  50:Generated_Source\PSoC6/CapSense_Tuner.c **** #define TU_FSM_ONE_SCAN     (3u)
  51:Generated_Source\PSoC6/CapSense_Tuner.c **** 
  52:Generated_Source\PSoC6/CapSense_Tuner.c **** /* Tuner state variable */
  53:Generated_Source\PSoC6/CapSense_Tuner.c **** static uint32 tunerFsm = TU_FSM_RUNNING;
  54:Generated_Source\PSoC6/CapSense_Tuner.c **** 
  55:Generated_Source\PSoC6/CapSense_Tuner.c **** 
  56:Generated_Source\PSoC6/CapSense_Tuner.c **** /*******************************************************************************
  57:Generated_Source\PSoC6/CapSense_Tuner.c **** * Function Name: CapSense_TuInitialize
  58:Generated_Source\PSoC6/CapSense_Tuner.c **** ****************************************************************************//**
  59:Generated_Source\PSoC6/CapSense_Tuner.c **** *
  60:Generated_Source\PSoC6/CapSense_Tuner.c **** * \brief
  61:Generated_Source\PSoC6/CapSense_Tuner.c **** *   This function initializes the communication interface with the Tuner GUI.
  62:Generated_Source\PSoC6/CapSense_Tuner.c **** *
  63:Generated_Source\PSoC6/CapSense_Tuner.c **** * \details
  64:Generated_Source\PSoC6/CapSense_Tuner.c **** *   This API sets the tuner state machine to the default state. It is called by
  65:Generated_Source\PSoC6/CapSense_Tuner.c **** *   the CapSense_Start() API.
  66:Generated_Source\PSoC6/CapSense_Tuner.c **** *
  67:Generated_Source\PSoC6/CapSense_Tuner.c **** *******************************************************************************/
  68:Generated_Source\PSoC6/CapSense_Tuner.c **** void CapSense_TuInitialize(void)
  69:Generated_Source\PSoC6/CapSense_Tuner.c **** {
  29              		.loc 1 69 0
  30              		.cfi_startproc
  31              		@ args = 0, pretend = 0, frame = 0
  32              		@ frame_needed = 0, uses_anonymous_args = 0
  33              		@ link register save eliminated.
  34              	.LVL0:
  70:Generated_Source\PSoC6/CapSense_Tuner.c ****     volatile CapSense_RAM_STRUCT *ptrDsRam = &CapSense_dsRam;
  71:Generated_Source\PSoC6/CapSense_Tuner.c **** 
  72:Generated_Source\PSoC6/CapSense_Tuner.c ****     ptrDsRam->tunerCmd = (uint16)CapSense_TU_CMD_NONE_E;
  35              		.loc 1 72 0
  36 0000 0023     		movs	r3, #0
  37 0002 024A     		ldr	r2, .L2
  38 0004 D380     		strh	r3, [r2, #6]	@ movhi
  73:Generated_Source\PSoC6/CapSense_Tuner.c ****     tunerFsm = TU_FSM_RUNNING;
  39              		.loc 1 73 0
  40 0006 024A     		ldr	r2, .L2+4
  41 0008 1360     		str	r3, [r2]
ARM GAS  C:\Users\salaz\AppData\Local\Temp\ccwmihDj.s 			page 3


  42 000a 7047     		bx	lr
  43              	.L3:
  44              		.align	2
  45              	.L2:
  46 000c 00000000 		.word	CapSense_dsRam
  47 0010 00000000 		.word	.LANCHOR0
  48              		.cfi_endproc
  49              	.LFE158:
  50              		.size	CapSense_TuInitialize, .-CapSense_TuInitialize
  51              		.section	.text.CapSense_RunTuner,"ax",%progbits
  52              		.align	2
  53              		.global	CapSense_RunTuner
  54              		.thumb
  55              		.thumb_func
  56              		.type	CapSense_RunTuner, %function
  57              	CapSense_RunTuner:
  58              	.LFB159:
  74:Generated_Source\PSoC6/CapSense_Tuner.c **** }
  75:Generated_Source\PSoC6/CapSense_Tuner.c **** 
  76:Generated_Source\PSoC6/CapSense_Tuner.c **** /*******************************************************************************
  77:Generated_Source\PSoC6/CapSense_Tuner.c **** * Function Name: CapSense_RunTuner
  78:Generated_Source\PSoC6/CapSense_Tuner.c **** ****************************************************************************//**
  79:Generated_Source\PSoC6/CapSense_Tuner.c **** *
  80:Generated_Source\PSoC6/CapSense_Tuner.c **** * \brief
  81:Generated_Source\PSoC6/CapSense_Tuner.c **** *  Establishes synchronized communication with the Tuner application.
  82:Generated_Source\PSoC6/CapSense_Tuner.c **** *
  83:Generated_Source\PSoC6/CapSense_Tuner.c **** * \details
  84:Generated_Source\PSoC6/CapSense_Tuner.c **** *  This function is used to establish synchronized communication between the
  85:Generated_Source\PSoC6/CapSense_Tuner.c **** *  CapSense Component and Tuner application (or other host controllers).
  86:Generated_Source\PSoC6/CapSense_Tuner.c **** *  This function is called periodically in the application program loop
  87:Generated_Source\PSoC6/CapSense_Tuner.c **** *  to serve the Tuner application (or host controller) requests and commands.
  88:Generated_Source\PSoC6/CapSense_Tuner.c **** *  In most cases, the best place to call this function is after processing and
  89:Generated_Source\PSoC6/CapSense_Tuner.c **** *  before next scanning.
  90:Generated_Source\PSoC6/CapSense_Tuner.c **** *
  91:Generated_Source\PSoC6/CapSense_Tuner.c **** *  If this function is absent in the application program, then communication is
  92:Generated_Source\PSoC6/CapSense_Tuner.c **** *  asynchronous and the following disadvantages are applicable:
  93:Generated_Source\PSoC6/CapSense_Tuner.c **** *    - The raw counts displayed in the tuner may be filtered and/or unfiltered.
  94:Generated_Source\PSoC6/CapSense_Tuner.c **** *      As a result, noise and SNR measurements will not be accurate.
  95:Generated_Source\PSoC6/CapSense_Tuner.c **** *    - The Tuner tool may read the sensor data such as raw counts from a scan
  96:Generated_Source\PSoC6/CapSense_Tuner.c **** *      multiple times, as a result, noise and SNR measurement will not be
  97:Generated_Source\PSoC6/CapSense_Tuner.c **** *      accurate.
  98:Generated_Source\PSoC6/CapSense_Tuner.c **** *    - The Tuner tool and host controller should not change the Component parameters
  99:Generated_Source\PSoC6/CapSense_Tuner.c **** *      via the tuner interface. Changing the Component parameters via the tuner
 100:Generated_Source\PSoC6/CapSense_Tuner.c **** *      interface in the async mode will result in Component abnormal behavior.
 101:Generated_Source\PSoC6/CapSense_Tuner.c **** *
 102:Generated_Source\PSoC6/CapSense_Tuner.c **** *  Note that calling this function is not mandatory for the application, but
 103:Generated_Source\PSoC6/CapSense_Tuner.c **** *  required only to synchronize the communication with the host controller or
 104:Generated_Source\PSoC6/CapSense_Tuner.c **** *  tuner application.
 105:Generated_Source\PSoC6/CapSense_Tuner.c **** *
 106:Generated_Source\PSoC6/CapSense_Tuner.c **** * \return
 107:Generated_Source\PSoC6/CapSense_Tuner.c **** *  In some cases, the application program may need to know if the Component was
 108:Generated_Source\PSoC6/CapSense_Tuner.c **** *  re-initialized. The return indicates if a restart command was executed or not:
 109:Generated_Source\PSoC6/CapSense_Tuner.c **** *    - CapSense_STATUS_RESTART_DONE - Based on a received command, the
 110:Generated_Source\PSoC6/CapSense_Tuner.c **** *      Component was restarted.
 111:Generated_Source\PSoC6/CapSense_Tuner.c **** *    -  CapSense_STATUS_RESTART_NONE - No restart was executed by this
 112:Generated_Source\PSoC6/CapSense_Tuner.c **** *      function.
 113:Generated_Source\PSoC6/CapSense_Tuner.c **** *
ARM GAS  C:\Users\salaz\AppData\Local\Temp\ccwmihDj.s 			page 4


 114:Generated_Source\PSoC6/CapSense_Tuner.c **** *******************************************************************************/
 115:Generated_Source\PSoC6/CapSense_Tuner.c **** uint32 CapSense_RunTuner(void)
 116:Generated_Source\PSoC6/CapSense_Tuner.c **** {
  59              		.loc 1 116 0
  60              		.cfi_startproc
  61              		@ args = 0, pretend = 0, frame = 0
  62              		@ frame_needed = 0, uses_anonymous_args = 0
  63 0000 70B5     		push	{r4, r5, r6, lr}
  64              		.cfi_def_cfa_offset 16
  65              		.cfi_offset 4, -16
  66              		.cfi_offset 5, -12
  67              		.cfi_offset 6, -8
  68              		.cfi_offset 14, -4
  69              	.LVL1:
 117:Generated_Source\PSoC6/CapSense_Tuner.c ****     uint32 interruptState;
 118:Generated_Source\PSoC6/CapSense_Tuner.c ****     uint32 widgetId;
 119:Generated_Source\PSoC6/CapSense_Tuner.c ****     uint32 sensorId;
 120:Generated_Source\PSoC6/CapSense_Tuner.c ****     uint32 updateFlag = 0Lu;
 121:Generated_Source\PSoC6/CapSense_Tuner.c ****     CapSense_TU_CMD_ENUM command;
 122:Generated_Source\PSoC6/CapSense_Tuner.c ****     uint32 tunerStatus = CapSense_STATUS_RESTART_NONE;
  70              		.loc 1 122 0
  71 0002 0026     		movs	r6, #0
 120:Generated_Source\PSoC6/CapSense_Tuner.c ****     CapSense_TU_CMD_ENUM command;
  72              		.loc 1 120 0
  73 0004 3546     		mov	r5, r6
  74              	.LVL2:
  75              	.L16:
 123:Generated_Source\PSoC6/CapSense_Tuner.c **** 
 124:Generated_Source\PSoC6/CapSense_Tuner.c ****     volatile CapSense_RAM_STRUCT *ptrDsRam;
 125:Generated_Source\PSoC6/CapSense_Tuner.c ****     volatile CapSense_RAM_SNS_STRUCT *ptrSnsTmp;
 126:Generated_Source\PSoC6/CapSense_Tuner.c **** 
 127:Generated_Source\PSoC6/CapSense_Tuner.c ****     ptrDsRam = &CapSense_dsRam;
 128:Generated_Source\PSoC6/CapSense_Tuner.c **** 
 129:Generated_Source\PSoC6/CapSense_Tuner.c ****     do
 130:Generated_Source\PSoC6/CapSense_Tuner.c ****     {
 131:Generated_Source\PSoC6/CapSense_Tuner.c ****         /* ONE_SCAN command could be interpreted as two commands:
 132:Generated_Source\PSoC6/CapSense_Tuner.c ****         * RESUME till next call of this function and then
 133:Generated_Source\PSoC6/CapSense_Tuner.c ****         * SUSPEND till next command receiving.
 134:Generated_Source\PSoC6/CapSense_Tuner.c ****         */
 135:Generated_Source\PSoC6/CapSense_Tuner.c ****         if (TU_FSM_ONE_SCAN == tunerFsm)
  76              		.loc 1 135 0
  77 0006 3C4B     		ldr	r3, .L19
  78 0008 1B68     		ldr	r3, [r3]
  79 000a 032B     		cmp	r3, #3
  80 000c 06D1     		bne	.L5
 136:Generated_Source\PSoC6/CapSense_Tuner.c ****         {
 137:Generated_Source\PSoC6/CapSense_Tuner.c ****             interruptState = Cy_SysLib_EnterCriticalSection();
  81              		.loc 1 137 0
  82 000e FFF7FEFF 		bl	Cy_SysLib_EnterCriticalSection
  83              	.LVL3:
 138:Generated_Source\PSoC6/CapSense_Tuner.c ****             ptrDsRam->tunerCmd = (uint16)CapSense_TU_CMD_SUSPEND_E;
  84              		.loc 1 138 0
  85 0012 0122     		movs	r2, #1
  86 0014 394B     		ldr	r3, .L19+4
  87 0016 DA80     		strh	r2, [r3, #6]	@ movhi
 139:Generated_Source\PSoC6/CapSense_Tuner.c ****             Cy_SysLib_ExitCriticalSection(interruptState);
  88              		.loc 1 139 0
ARM GAS  C:\Users\salaz\AppData\Local\Temp\ccwmihDj.s 			page 5


  89 0018 FFF7FEFF 		bl	Cy_SysLib_ExitCriticalSection
  90              	.LVL4:
  91              	.L5:
 140:Generated_Source\PSoC6/CapSense_Tuner.c ****         }
 141:Generated_Source\PSoC6/CapSense_Tuner.c ****         command = (CapSense_TU_CMD_ENUM)ptrDsRam->tunerCmd;
  92              		.loc 1 141 0
  93 001c 374B     		ldr	r3, .L19+4
  94 001e DC88     		ldrh	r4, [r3, #6]
  95 0020 E4B2     		uxtb	r4, r4
  96              	.LVL5:
 142:Generated_Source\PSoC6/CapSense_Tuner.c **** 
 143:Generated_Source\PSoC6/CapSense_Tuner.c ****         /* Check command register */
 144:Generated_Source\PSoC6/CapSense_Tuner.c ****         switch (command)
  97              		.loc 1 144 0
  98 0022 631E     		subs	r3, r4, #1
  99 0024 052B     		cmp	r3, #5
 100 0026 23D8     		bhi	.L6
 101 0028 DFE803F0 		tbb	[pc, r3]
 102              	.L8:
 103 002c 03       		.byte	(.L7-.L8)/2
 104 002d 07       		.byte	(.L9-.L8)/2
 105 002e 0C       		.byte	(.L10-.L8)/2
 106 002f 14       		.byte	(.L11-.L8)/2
 107 0030 19       		.byte	(.L12-.L8)/2
 108 0031 1E       		.byte	(.L13-.L8)/2
 109              		.p2align 1
 110              	.L7:
 145:Generated_Source\PSoC6/CapSense_Tuner.c ****         {
 146:Generated_Source\PSoC6/CapSense_Tuner.c ****         case CapSense_TU_CMD_SUSPEND_E:
 147:Generated_Source\PSoC6/CapSense_Tuner.c ****             tunerFsm = TU_FSM_SUSPENDED;
 111              		.loc 1 147 0
 112 0032 0125     		movs	r5, #1
 113              	.LVL6:
 114 0034 304B     		ldr	r3, .L19
 115 0036 1D60     		str	r5, [r3]
 116              	.LVL7:
 148:Generated_Source\PSoC6/CapSense_Tuner.c ****             updateFlag = 1Lu;
 149:Generated_Source\PSoC6/CapSense_Tuner.c ****             break;
 117              		.loc 1 149 0
 118 0038 1AE0     		b	.L6
 119              	.LVL8:
 120              	.L9:
 150:Generated_Source\PSoC6/CapSense_Tuner.c **** 
 151:Generated_Source\PSoC6/CapSense_Tuner.c ****         case CapSense_TU_CMD_RESUME_E:
 152:Generated_Source\PSoC6/CapSense_Tuner.c ****             tunerFsm = TU_FSM_RUNNING;
 121              		.loc 1 152 0
 122 003a 0022     		movs	r2, #0
 123 003c 2E4B     		ldr	r3, .L19
 124 003e 1A60     		str	r2, [r3]
 125              	.LVL9:
 153:Generated_Source\PSoC6/CapSense_Tuner.c ****             updateFlag = 1Lu;
 126              		.loc 1 153 0
 127 0040 0125     		movs	r5, #1
 154:Generated_Source\PSoC6/CapSense_Tuner.c ****             break;
 128              		.loc 1 154 0
 129 0042 15E0     		b	.L6
 130              	.LVL10:
ARM GAS  C:\Users\salaz\AppData\Local\Temp\ccwmihDj.s 			page 6


 131              	.L10:
 155:Generated_Source\PSoC6/CapSense_Tuner.c **** 
 156:Generated_Source\PSoC6/CapSense_Tuner.c ****         case CapSense_TU_CMD_RESTART_E:
 157:Generated_Source\PSoC6/CapSense_Tuner.c ****             (void)CapSense_Start();
 132              		.loc 1 157 0
 133 0044 FFF7FEFF 		bl	CapSense_Start
 134              	.LVL11:
 158:Generated_Source\PSoC6/CapSense_Tuner.c ****             tunerStatus = CapSense_STATUS_RESTART_DONE;
 159:Generated_Source\PSoC6/CapSense_Tuner.c ****             tunerFsm = TU_FSM_RUNNING;
 135              		.loc 1 159 0
 136 0048 0022     		movs	r2, #0
 137 004a 2B4B     		ldr	r3, .L19
 138 004c 1A60     		str	r2, [r3]
 139              	.LVL12:
 158:Generated_Source\PSoC6/CapSense_Tuner.c ****             tunerStatus = CapSense_STATUS_RESTART_DONE;
 140              		.loc 1 158 0
 141 004e 0126     		movs	r6, #1
 160:Generated_Source\PSoC6/CapSense_Tuner.c ****             updateFlag = 1Lu;
 142              		.loc 1 160 0
 143 0050 3546     		mov	r5, r6
 161:Generated_Source\PSoC6/CapSense_Tuner.c ****             break;
 144              		.loc 1 161 0
 145 0052 0DE0     		b	.L6
 146              	.LVL13:
 147              	.L11:
 162:Generated_Source\PSoC6/CapSense_Tuner.c **** 
 163:Generated_Source\PSoC6/CapSense_Tuner.c ****         case CapSense_TU_CMD_RUN_SNR_TEST_E:
 164:Generated_Source\PSoC6/CapSense_Tuner.c ****             tunerFsm = TU_FSM_SNR_TEST;
 148              		.loc 1 164 0
 149 0054 0222     		movs	r2, #2
 150 0056 284B     		ldr	r3, .L19
 151 0058 1A60     		str	r2, [r3]
 152              	.LVL14:
 165:Generated_Source\PSoC6/CapSense_Tuner.c ****             updateFlag = 1Lu;
 153              		.loc 1 165 0
 154 005a 0125     		movs	r5, #1
 166:Generated_Source\PSoC6/CapSense_Tuner.c ****             break;
 155              		.loc 1 166 0
 156 005c 08E0     		b	.L6
 157              	.LVL15:
 158              	.L12:
 167:Generated_Source\PSoC6/CapSense_Tuner.c **** 
 168:Generated_Source\PSoC6/CapSense_Tuner.c ****         case CapSense_TU_CMD_PING_E:
 169:Generated_Source\PSoC6/CapSense_Tuner.c ****             tunerFsm = TU_FSM_RUNNING;
 159              		.loc 1 169 0
 160 005e 0022     		movs	r2, #0
 161 0060 254B     		ldr	r3, .L19
 162 0062 1A60     		str	r2, [r3]
 163              	.LVL16:
 170:Generated_Source\PSoC6/CapSense_Tuner.c ****             updateFlag = 1Lu;
 164              		.loc 1 170 0
 165 0064 0125     		movs	r5, #1
 171:Generated_Source\PSoC6/CapSense_Tuner.c ****             break;
 166              		.loc 1 171 0
 167 0066 03E0     		b	.L6
 168              	.LVL17:
 169              	.L13:
ARM GAS  C:\Users\salaz\AppData\Local\Temp\ccwmihDj.s 			page 7


 172:Generated_Source\PSoC6/CapSense_Tuner.c **** 
 173:Generated_Source\PSoC6/CapSense_Tuner.c ****         case CapSense_TU_CMD_ONE_SCAN_E:
 174:Generated_Source\PSoC6/CapSense_Tuner.c ****             tunerFsm = TU_FSM_ONE_SCAN;
 170              		.loc 1 174 0
 171 0068 0322     		movs	r2, #3
 172 006a 234B     		ldr	r3, .L19
 173 006c 1A60     		str	r2, [r3]
 174              	.LVL18:
 175:Generated_Source\PSoC6/CapSense_Tuner.c ****             updateFlag = 0Lu;
 175              		.loc 1 175 0
 176 006e 0025     		movs	r5, #0
 177              	.LVL19:
 178              	.L6:
 176:Generated_Source\PSoC6/CapSense_Tuner.c ****             break;
 177:Generated_Source\PSoC6/CapSense_Tuner.c **** 
 178:Generated_Source\PSoC6/CapSense_Tuner.c ****         default:
 179:Generated_Source\PSoC6/CapSense_Tuner.c ****             break;
 180:Generated_Source\PSoC6/CapSense_Tuner.c ****         }
 181:Generated_Source\PSoC6/CapSense_Tuner.c **** 
 182:Generated_Source\PSoC6/CapSense_Tuner.c ****         /* Set Complete flag in command register if needed */
 183:Generated_Source\PSoC6/CapSense_Tuner.c ****         if (0Lu != updateFlag)
 179              		.loc 1 183 0
 180 0070 8DB1     		cbz	r5, .L14
 184:Generated_Source\PSoC6/CapSense_Tuner.c ****         {
 185:Generated_Source\PSoC6/CapSense_Tuner.c ****             interruptState = Cy_SysLib_EnterCriticalSection();
 181              		.loc 1 185 0
 182 0072 FFF7FEFF 		bl	Cy_SysLib_EnterCriticalSection
 183              	.LVL20:
 186:Generated_Source\PSoC6/CapSense_Tuner.c **** 
 187:Generated_Source\PSoC6/CapSense_Tuner.c ****             /* Check if command wasn't overwritten with new command */
 188:Generated_Source\PSoC6/CapSense_Tuner.c ****             if (command == (CapSense_TU_CMD_ENUM)ptrDsRam->tunerCmd)
 184              		.loc 1 188 0
 185 0076 214B     		ldr	r3, .L19+4
 186 0078 DB88     		ldrh	r3, [r3, #6]
 187 007a DBB2     		uxtb	r3, r3
 188 007c 9C42     		cmp	r4, r3
 189 007e 07D1     		bne	.L15
 189:Generated_Source\PSoC6/CapSense_Tuner.c ****             {
 190:Generated_Source\PSoC6/CapSense_Tuner.c ****                 ptrDsRam->tunerCmd |= CapSense_TU_CMD_COMPLETE_BIT;
 190              		.loc 1 190 0
 191 0080 1E4A     		ldr	r2, .L19+4
 192 0082 D388     		ldrh	r3, [r2, #6]
 193 0084 6FEA4343 		mvn	r3, r3, lsl #17
 194 0088 6FEA5343 		mvn	r3, r3, lsr #17
 195 008c 9BB2     		uxth	r3, r3
 196 008e D380     		strh	r3, [r2, #6]	@ movhi
 197              	.L15:
 191:Generated_Source\PSoC6/CapSense_Tuner.c ****             }
 192:Generated_Source\PSoC6/CapSense_Tuner.c ****             Cy_SysLib_ExitCriticalSection(interruptState);
 198              		.loc 1 192 0
 199 0090 FFF7FEFF 		bl	Cy_SysLib_ExitCriticalSection
 200              	.LVL21:
 193:Generated_Source\PSoC6/CapSense_Tuner.c **** 
 194:Generated_Source\PSoC6/CapSense_Tuner.c ****             updateFlag = 0Lu;
 201              		.loc 1 194 0
 202 0094 0025     		movs	r5, #0
 203              	.LVL22:
ARM GAS  C:\Users\salaz\AppData\Local\Temp\ccwmihDj.s 			page 8


 204              	.L14:
 195:Generated_Source\PSoC6/CapSense_Tuner.c ****         }
 196:Generated_Source\PSoC6/CapSense_Tuner.c ****     } while (TU_FSM_SUSPENDED == tunerFsm);
 205              		.loc 1 196 0
 206 0096 184B     		ldr	r3, .L19
 207 0098 1B68     		ldr	r3, [r3]
 208 009a 012B     		cmp	r3, #1
 209 009c B3D0     		beq	.L16
 197:Generated_Source\PSoC6/CapSense_Tuner.c **** 
 198:Generated_Source\PSoC6/CapSense_Tuner.c ****     /* Check for SNR Test mode and do appropriate actions */
 199:Generated_Source\PSoC6/CapSense_Tuner.c ****     if (TU_FSM_SNR_TEST == tunerFsm)
 210              		.loc 1 199 0
 211 009e 022B     		cmp	r3, #2
 212 00a0 28D1     		bne	.L17
 200:Generated_Source\PSoC6/CapSense_Tuner.c ****     {
 201:Generated_Source\PSoC6/CapSense_Tuner.c ****         widgetId = ptrDsRam->snrTestWidgetId;
 213              		.loc 1 201 0
 214 00a2 164B     		ldr	r3, .L19+4
 215 00a4 93F83C20 		ldrb	r2, [r3, #60]	@ zero_extendqisi2
 216              	.LVL23:
 202:Generated_Source\PSoC6/CapSense_Tuner.c ****         sensorId = ptrDsRam->snrTestSensorId;
 217              		.loc 1 202 0
 218 00a8 93F83D30 		ldrb	r3, [r3, #61]	@ zero_extendqisi2
 219 00ac DBB2     		uxtb	r3, r3
 220              	.LVL24:
 203:Generated_Source\PSoC6/CapSense_Tuner.c **** 
 204:Generated_Source\PSoC6/CapSense_Tuner.c ****         /* Check if widgetId and sensorId are in range,
 205:Generated_Source\PSoC6/CapSense_Tuner.c ****          * and data was updated in RAM (scan counter changed)
 206:Generated_Source\PSoC6/CapSense_Tuner.c ****          */
 207:Generated_Source\PSoC6/CapSense_Tuner.c ****         if ((widgetId < CapSense_TOTAL_WIDGETS)              &&
 221              		.loc 1 207 0
 222 00ae 02F0FF01 		and	r1, r2, #255
 223 00b2 FAB9     		cbnz	r2, .L17
 208:Generated_Source\PSoC6/CapSense_Tuner.c ****             (sensorId < CapSense_GET_SENSOR_COUNT(widgetId)) &&
 224              		.loc 1 208 0 discriminator 1
 225 00b4 124A     		ldr	r2, .L19+8
 226              	.LVL25:
 227 00b6 02EB4112 		add	r2, r2, r1, lsl #5
 228 00ba 128B     		ldrh	r2, [r2, #24]
 207:Generated_Source\PSoC6/CapSense_Tuner.c ****             (sensorId < CapSense_GET_SENSOR_COUNT(widgetId)) &&
 229              		.loc 1 207 0 discriminator 1
 230 00bc 9342     		cmp	r3, r2
 231 00be 19D2     		bcs	.L17
 209:Generated_Source\PSoC6/CapSense_Tuner.c ****             (ptrDsRam->scanCounter != ptrDsRam->snrTestScanCounter))
 232              		.loc 1 209 0
 233 00c0 0E4A     		ldr	r2, .L19+4
 234 00c2 1089     		ldrh	r0, [r2, #8]
 235 00c4 80B2     		uxth	r0, r0
 236 00c6 D28F     		ldrh	r2, [r2, #62]
 237 00c8 92B2     		uxth	r2, r2
 208:Generated_Source\PSoC6/CapSense_Tuner.c ****             (sensorId < CapSense_GET_SENSOR_COUNT(widgetId)) &&
 238              		.loc 1 208 0
 239 00ca 9042     		cmp	r0, r2
 240 00cc 12D0     		beq	.L17
 210:Generated_Source\PSoC6/CapSense_Tuner.c ****         {
 211:Generated_Source\PSoC6/CapSense_Tuner.c ****             /* Get access to the Sensor Object */
 212:Generated_Source\PSoC6/CapSense_Tuner.c ****             ptrSnsTmp = CapSense_dsFlash.wdgtArray[widgetId].ptr2SnsRam;
ARM GAS  C:\Users\salaz\AppData\Local\Temp\ccwmihDj.s 			page 9


 241              		.loc 1 212 0
 242 00ce 0C4A     		ldr	r2, .L19+8
 243 00d0 02EB4111 		add	r1, r2, r1, lsl #5
 244 00d4 8D68     		ldr	r5, [r1, #8]
 245              	.LVL26:
 213:Generated_Source\PSoC6/CapSense_Tuner.c ****             ptrSnsTmp += sensorId;
 246              		.loc 1 213 0
 247 00d6 03EB8303 		add	r3, r3, r3, lsl #2
 248              	.LVL27:
 249 00da 5C00     		lsls	r4, r3, #1
 250              	.LVL28:
 214:Generated_Source\PSoC6/CapSense_Tuner.c **** 
 215:Generated_Source\PSoC6/CapSense_Tuner.c ****             /* Update data in SNR Test Object */
 216:Generated_Source\PSoC6/CapSense_Tuner.c ****             interruptState = Cy_SysLib_EnterCriticalSection();
 251              		.loc 1 216 0
 252 00dc FFF7FEFF 		bl	Cy_SysLib_EnterCriticalSection
 253              	.LVL29:
 217:Generated_Source\PSoC6/CapSense_Tuner.c ****             ptrDsRam->snrTestScanCounter = ptrDsRam->scanCounter;
 254              		.loc 1 217 0
 255 00e0 064B     		ldr	r3, .L19+4
 256 00e2 1A89     		ldrh	r2, [r3, #8]
 257 00e4 92B2     		uxth	r2, r2
 258 00e6 DA87     		strh	r2, [r3, #62]	@ movhi
 218:Generated_Source\PSoC6/CapSense_Tuner.c ****             ptrDsRam->snrTestRawCount[0u] = ptrSnsTmp->raw[0u];
 259              		.loc 1 218 0
 260 00e8 2A5B     		ldrh	r2, [r5, r4]
 261 00ea 92B2     		uxth	r2, r2
 262 00ec A3F84020 		strh	r2, [r3, #64]	@ movhi
 219:Generated_Source\PSoC6/CapSense_Tuner.c **** 
 220:Generated_Source\PSoC6/CapSense_Tuner.c ****             #if (0u != CapSense_MULTI_FREQ_SCAN_EN)
 221:Generated_Source\PSoC6/CapSense_Tuner.c ****                 ptrDsRam->snrTestRawCount[1u] = ptrSnsTmp->raw[1u];
 222:Generated_Source\PSoC6/CapSense_Tuner.c ****                 ptrDsRam->snrTestRawCount[2u] = ptrSnsTmp->raw[2u];
 223:Generated_Source\PSoC6/CapSense_Tuner.c ****             #endif
 224:Generated_Source\PSoC6/CapSense_Tuner.c **** 
 225:Generated_Source\PSoC6/CapSense_Tuner.c ****             Cy_SysLib_ExitCriticalSection(interruptState);
 263              		.loc 1 225 0
 264 00f0 FFF7FEFF 		bl	Cy_SysLib_ExitCriticalSection
 265              	.LVL30:
 266              	.L17:
 226:Generated_Source\PSoC6/CapSense_Tuner.c ****         }
 227:Generated_Source\PSoC6/CapSense_Tuner.c ****     }
 228:Generated_Source\PSoC6/CapSense_Tuner.c ****     return tunerStatus;
 229:Generated_Source\PSoC6/CapSense_Tuner.c **** }
 267              		.loc 1 229 0
 268 00f4 3046     		mov	r0, r6
 269 00f6 70BD     		pop	{r4, r5, r6, pc}
 270              	.LVL31:
 271              	.L20:
 272              		.align	2
 273              	.L19:
 274 00f8 00000000 		.word	.LANCHOR0
 275 00fc 00000000 		.word	CapSense_dsRam
 276 0100 00000000 		.word	CapSense_dsFlash
 277              		.cfi_endproc
 278              	.LFE159:
 279              		.size	CapSense_RunTuner, .-CapSense_RunTuner
 280              		.bss
ARM GAS  C:\Users\salaz\AppData\Local\Temp\ccwmihDj.s 			page 10


 281              		.align	2
 282              		.set	.LANCHOR0,. + 0
 283              		.type	tunerFsm, %object
 284              		.size	tunerFsm, 4
 285              	tunerFsm:
 286 0000 00000000 		.space	4
 287              		.text
 288              	.Letext0:
 289              		.file 2 "c:\\program files (x86)\\cypress\\psoc creator\\4.2\\psoc creator\\import\\gnu\\arm\\5.4.
 290              		.file 3 "c:\\program files (x86)\\cypress\\psoc creator\\4.2\\psoc creator\\import\\gnu\\arm\\5.4.
 291              		.file 4 "Generated_Source\\PSoC6\\pdl\\drivers/peripheral/syslib/cy_syslib.h"
 292              		.file 5 "Generated_Source\\PSoC6\\CapSense_Configuration.h"
 293              		.file 6 "Generated_Source\\PSoC6\\CapSense_SmartSense_LL.h"
 294              		.file 7 "Generated_Source\\PSoC6\\CapSense_Structure.h"
 295              		.file 8 "Generated_Source\\PSoC6\\CapSense_Tuner.h"
 296              		.file 9 "Generated_Source\\PSoC6\\pdl\\cmsis/include/core_cm4.h"
 297              		.file 10 "Generated_Source\\PSoC6\\CapSense_Control.h"
 298              		.section	.debug_info,"",%progbits
 299              	.Ldebug_info0:
 300 0000 BD060000 		.4byte	0x6bd
 301 0004 0400     		.2byte	0x4
 302 0006 00000000 		.4byte	.Ldebug_abbrev0
 303 000a 04       		.byte	0x4
 304 000b 01       		.uleb128 0x1
 305 000c 32010000 		.4byte	.LASF112
 306 0010 0C       		.byte	0xc
 307 0011 BC050000 		.4byte	.LASF113
 308 0015 97040000 		.4byte	.LASF114
 309 0019 00000000 		.4byte	.Ldebug_ranges0+0
 310 001d 00000000 		.4byte	0
 311 0021 00000000 		.4byte	.Ldebug_line0
 312 0025 02       		.uleb128 0x2
 313 0026 01       		.byte	0x1
 314 0027 06       		.byte	0x6
 315 0028 EE030000 		.4byte	.LASF0
 316 002c 03       		.uleb128 0x3
 317 002d 31030000 		.4byte	.LASF3
 318 0031 02       		.byte	0x2
 319 0032 1D       		.byte	0x1d
 320 0033 37000000 		.4byte	0x37
 321 0037 02       		.uleb128 0x2
 322 0038 01       		.byte	0x1
 323 0039 08       		.byte	0x8
 324 003a CF030000 		.4byte	.LASF1
 325 003e 02       		.uleb128 0x2
 326 003f 02       		.byte	0x2
 327 0040 05       		.byte	0x5
 328 0041 CF000000 		.4byte	.LASF2
 329 0045 03       		.uleb128 0x3
 330 0046 F0010000 		.4byte	.LASF4
 331 004a 02       		.byte	0x2
 332 004b 2B       		.byte	0x2b
 333 004c 50000000 		.4byte	0x50
 334 0050 02       		.uleb128 0x2
 335 0051 02       		.byte	0x2
 336 0052 07       		.byte	0x7
 337 0053 2A050000 		.4byte	.LASF5
ARM GAS  C:\Users\salaz\AppData\Local\Temp\ccwmihDj.s 			page 11


 338 0057 03       		.uleb128 0x3
 339 0058 2F060000 		.4byte	.LASF6
 340 005c 02       		.byte	0x2
 341 005d 3F       		.byte	0x3f
 342 005e 62000000 		.4byte	0x62
 343 0062 02       		.uleb128 0x2
 344 0063 04       		.byte	0x4
 345 0064 05       		.byte	0x5
 346 0065 F9020000 		.4byte	.LASF7
 347 0069 03       		.uleb128 0x3
 348 006a FB010000 		.4byte	.LASF8
 349 006e 02       		.byte	0x2
 350 006f 41       		.byte	0x41
 351 0070 74000000 		.4byte	0x74
 352 0074 02       		.uleb128 0x2
 353 0075 04       		.byte	0x4
 354 0076 07       		.byte	0x7
 355 0077 9B050000 		.4byte	.LASF9
 356 007b 02       		.uleb128 0x2
 357 007c 08       		.byte	0x8
 358 007d 05       		.byte	0x5
 359 007e B8020000 		.4byte	.LASF10
 360 0082 02       		.uleb128 0x2
 361 0083 08       		.byte	0x8
 362 0084 07       		.byte	0x7
 363 0085 17040000 		.4byte	.LASF11
 364 0089 04       		.uleb128 0x4
 365 008a 04       		.byte	0x4
 366 008b 05       		.byte	0x5
 367 008c 696E7400 		.ascii	"int\000"
 368 0090 02       		.uleb128 0x2
 369 0091 04       		.byte	0x4
 370 0092 07       		.byte	0x7
 371 0093 6B040000 		.4byte	.LASF12
 372 0097 03       		.uleb128 0x3
 373 0098 81020000 		.4byte	.LASF13
 374 009c 03       		.byte	0x3
 375 009d 18       		.byte	0x18
 376 009e 2C000000 		.4byte	0x2c
 377 00a2 03       		.uleb128 0x3
 378 00a3 78040000 		.4byte	.LASF14
 379 00a7 03       		.byte	0x3
 380 00a8 24       		.byte	0x24
 381 00a9 45000000 		.4byte	0x45
 382 00ad 03       		.uleb128 0x3
 383 00ae 17050000 		.4byte	.LASF15
 384 00b2 03       		.byte	0x3
 385 00b3 2C       		.byte	0x2c
 386 00b4 57000000 		.4byte	0x57
 387 00b8 03       		.uleb128 0x3
 388 00b9 46040000 		.4byte	.LASF16
 389 00bd 03       		.byte	0x3
 390 00be 30       		.byte	0x30
 391 00bf 69000000 		.4byte	0x69
 392 00c3 02       		.uleb128 0x2
 393 00c4 04       		.byte	0x4
 394 00c5 07       		.byte	0x7
ARM GAS  C:\Users\salaz\AppData\Local\Temp\ccwmihDj.s 			page 12


 395 00c6 E4000000 		.4byte	.LASF17
 396 00ca 02       		.uleb128 0x2
 397 00cb 01       		.byte	0x1
 398 00cc 08       		.byte	0x8
 399 00cd F4020000 		.4byte	.LASF18
 400 00d1 02       		.uleb128 0x2
 401 00d2 04       		.byte	0x4
 402 00d3 04       		.byte	0x4
 403 00d4 96020000 		.4byte	.LASF19
 404 00d8 02       		.uleb128 0x2
 405 00d9 08       		.byte	0x8
 406 00da 04       		.byte	0x4
 407 00db AD050000 		.4byte	.LASF20
 408 00df 05       		.uleb128 0x5
 409 00e0 89020000 		.4byte	.LASF21
 410 00e4 04       		.byte	0x4
 411 00e5 8503     		.2byte	0x385
 412 00e7 97000000 		.4byte	0x97
 413 00eb 05       		.uleb128 0x5
 414 00ec 58020000 		.4byte	.LASF22
 415 00f0 04       		.byte	0x4
 416 00f1 8603     		.2byte	0x386
 417 00f3 A2000000 		.4byte	0xa2
 418 00f7 05       		.uleb128 0x5
 419 00f8 94050000 		.4byte	.LASF23
 420 00fc 04       		.byte	0x4
 421 00fd 8703     		.2byte	0x387
 422 00ff B8000000 		.4byte	0xb8
 423 0103 03       		.uleb128 0x3
 424 0104 0B030000 		.4byte	.LASF24
 425 0108 05       		.byte	0x5
 426 0109 D8       		.byte	0xd8
 427 010a EB000000 		.4byte	0xeb
 428 010e 03       		.uleb128 0x3
 429 010f 0C060000 		.4byte	.LASF25
 430 0113 05       		.byte	0x5
 431 0114 DC       		.byte	0xdc
 432 0115 DF000000 		.4byte	0xdf
 433 0119 06       		.uleb128 0x6
 434 011a 0C       		.byte	0xc
 435 011b 06       		.byte	0x6
 436 011c 6E       		.byte	0x6e
 437 011d 76010000 		.4byte	0x176
 438 0121 07       		.uleb128 0x7
 439 0122 06020000 		.4byte	.LASF26
 440 0126 06       		.byte	0x6
 441 0127 73       		.byte	0x73
 442 0128 EB000000 		.4byte	0xeb
 443 012c 00       		.byte	0
 444 012d 07       		.uleb128 0x7
 445 012e 0D020000 		.4byte	.LASF27
 446 0132 06       		.byte	0x6
 447 0133 77       		.byte	0x77
 448 0134 EB000000 		.4byte	0xeb
 449 0138 02       		.byte	0x2
 450 0139 07       		.uleb128 0x7
 451 013a 14020000 		.4byte	.LASF28
ARM GAS  C:\Users\salaz\AppData\Local\Temp\ccwmihDj.s 			page 13


 452 013e 06       		.byte	0x6
 453 013f 7B       		.byte	0x7b
 454 0140 EB000000 		.4byte	0xeb
 455 0144 04       		.byte	0x4
 456 0145 07       		.uleb128 0x7
 457 0146 1B020000 		.4byte	.LASF29
 458 014a 06       		.byte	0x6
 459 014b 7F       		.byte	0x7f
 460 014c EB000000 		.4byte	0xeb
 461 0150 06       		.byte	0x6
 462 0151 07       		.uleb128 0x7
 463 0152 DB040000 		.4byte	.LASF30
 464 0156 06       		.byte	0x6
 465 0157 83       		.byte	0x83
 466 0158 EB000000 		.4byte	0xeb
 467 015c 08       		.byte	0x8
 468 015d 07       		.uleb128 0x7
 469 015e 39020000 		.4byte	.LASF31
 470 0162 06       		.byte	0x6
 471 0163 87       		.byte	0x87
 472 0164 DF000000 		.4byte	0xdf
 473 0168 0A       		.byte	0xa
 474 0169 07       		.uleb128 0x7
 475 016a 40020000 		.4byte	.LASF32
 476 016e 06       		.byte	0x6
 477 016f 8B       		.byte	0x8b
 478 0170 DF000000 		.4byte	0xdf
 479 0174 0B       		.byte	0xb
 480 0175 00       		.byte	0
 481 0176 03       		.uleb128 0x3
 482 0177 D1060000 		.4byte	.LASF33
 483 017b 06       		.byte	0x6
 484 017c 8C       		.byte	0x8c
 485 017d 19010000 		.4byte	0x119
 486 0181 08       		.uleb128 0x8
 487 0182 DF000000 		.4byte	0xdf
 488 0186 91010000 		.4byte	0x191
 489 018a 09       		.uleb128 0x9
 490 018b C3000000 		.4byte	0xc3
 491 018f 00       		.byte	0
 492 0190 00       		.byte	0
 493 0191 06       		.uleb128 0x6
 494 0192 14       		.byte	0x14
 495 0193 07       		.byte	0x7
 496 0194 DA       		.byte	0xda
 497 0195 3D020000 		.4byte	0x23d
 498 0199 07       		.uleb128 0x7
 499 019a 1F050000 		.4byte	.LASF34
 500 019e 07       		.byte	0x7
 501 019f E0       		.byte	0xe0
 502 01a0 EB000000 		.4byte	0xeb
 503 01a4 00       		.byte	0
 504 01a5 07       		.uleb128 0x7
 505 01a6 6B030000 		.4byte	.LASF35
 506 01aa 07       		.byte	0x7
 507 01ab E5       		.byte	0xe5
 508 01ac 03010000 		.4byte	0x103
ARM GAS  C:\Users\salaz\AppData\Local\Temp\ccwmihDj.s 			page 14


 509 01b0 02       		.byte	0x2
 510 01b1 07       		.uleb128 0x7
 511 01b2 47020000 		.4byte	.LASF36
 512 01b6 07       		.byte	0x7
 513 01b7 EA       		.byte	0xea
 514 01b8 DF000000 		.4byte	0xdf
 515 01bc 04       		.byte	0x4
 516 01bd 07       		.uleb128 0x7
 517 01be 20010000 		.4byte	.LASF37
 518 01c2 07       		.byte	0x7
 519 01c3 EF       		.byte	0xef
 520 01c4 DF000000 		.4byte	0xdf
 521 01c8 05       		.byte	0x5
 522 01c9 07       		.uleb128 0x7
 523 01ca 7C030000 		.4byte	.LASF38
 524 01ce 07       		.byte	0x7
 525 01cf F4       		.byte	0xf4
 526 01d0 DF000000 		.4byte	0xdf
 527 01d4 06       		.byte	0x6
 528 01d5 07       		.uleb128 0x7
 529 01d6 D9000000 		.4byte	.LASF39
 530 01da 07       		.byte	0x7
 531 01db F9       		.byte	0xf9
 532 01dc DF000000 		.4byte	0xdf
 533 01e0 07       		.byte	0x7
 534 01e1 0A       		.uleb128 0xa
 535 01e2 87000000 		.4byte	.LASF40
 536 01e6 07       		.byte	0x7
 537 01e7 0001     		.2byte	0x100
 538 01e9 0E010000 		.4byte	0x10e
 539 01ed 08       		.byte	0x8
 540 01ee 0A       		.uleb128 0xa
 541 01ef BE000000 		.4byte	.LASF41
 542 01f3 07       		.byte	0x7
 543 01f4 0801     		.2byte	0x108
 544 01f6 81010000 		.4byte	0x181
 545 01fa 09       		.byte	0x9
 546 01fb 0A       		.uleb128 0xa
 547 01fc 8F020000 		.4byte	.LASF42
 548 0200 07       		.byte	0x7
 549 0201 1101     		.2byte	0x111
 550 0203 EB000000 		.4byte	0xeb
 551 0207 0A       		.byte	0xa
 552 0208 0A       		.uleb128 0xa
 553 0209 5D060000 		.4byte	.LASF43
 554 020d 07       		.byte	0x7
 555 020e 1601     		.2byte	0x116
 556 0210 DF000000 		.4byte	0xdf
 557 0214 0C       		.byte	0xc
 558 0215 0A       		.uleb128 0xa
 559 0216 84060000 		.4byte	.LASF44
 560 021a 07       		.byte	0x7
 561 021b 1D01     		.2byte	0x11d
 562 021d EB000000 		.4byte	0xeb
 563 0221 0E       		.byte	0xe
 564 0222 0A       		.uleb128 0xa
 565 0223 8D050000 		.4byte	.LASF45
ARM GAS  C:\Users\salaz\AppData\Local\Temp\ccwmihDj.s 			page 15


 566 0227 07       		.byte	0x7
 567 0228 2201     		.2byte	0x122
 568 022a EB000000 		.4byte	0xeb
 569 022e 10       		.byte	0x10
 570 022f 0A       		.uleb128 0xa
 571 0230 E8020000 		.4byte	.LASF46
 572 0234 07       		.byte	0x7
 573 0235 2701     		.2byte	0x127
 574 0237 03010000 		.4byte	0x103
 575 023b 12       		.byte	0x12
 576 023c 00       		.byte	0
 577 023d 05       		.uleb128 0x5
 578 023e 3B030000 		.4byte	.LASF47
 579 0242 07       		.byte	0x7
 580 0243 2801     		.2byte	0x128
 581 0245 91010000 		.4byte	0x191
 582 0249 0B       		.uleb128 0xb
 583 024a 14       		.byte	0x14
 584 024b 07       		.byte	0x7
 585 024c 2E01     		.2byte	0x12e
 586 024e 60020000 		.4byte	0x260
 587 0252 0A       		.uleb128 0xa
 588 0253 DD020000 		.4byte	.LASF48
 589 0257 07       		.byte	0x7
 590 0258 3301     		.2byte	0x133
 591 025a 3D020000 		.4byte	0x23d
 592 025e 00       		.byte	0
 593 025f 00       		.byte	0
 594 0260 05       		.uleb128 0x5
 595 0261 9C020000 		.4byte	.LASF49
 596 0265 07       		.byte	0x7
 597 0266 3401     		.2byte	0x134
 598 0268 49020000 		.4byte	0x249
 599 026c 0B       		.uleb128 0xb
 600 026d 0A       		.byte	0xa
 601 026e 07       		.byte	0x7
 602 026f 3A01     		.2byte	0x13a
 603 0271 C4020000 		.4byte	0x2c4
 604 0275 0C       		.uleb128 0xc
 605 0276 72617700 		.ascii	"raw\000"
 606 027a 07       		.byte	0x7
 607 027b 3F01     		.2byte	0x13f
 608 027d C4020000 		.4byte	0x2c4
 609 0281 00       		.byte	0
 610 0282 0A       		.uleb128 0xa
 611 0283 64000000 		.4byte	.LASF50
 612 0287 07       		.byte	0x7
 613 0288 4401     		.2byte	0x144
 614 028a C4020000 		.4byte	0x2c4
 615 028e 02       		.byte	0x2
 616 028f 0A       		.uleb128 0xa
 617 0290 B4050000 		.4byte	.LASF51
 618 0294 07       		.byte	0x7
 619 0295 4A01     		.2byte	0x14a
 620 0297 81010000 		.4byte	0x181
 621 029b 04       		.byte	0x4
 622 029c 0A       		.uleb128 0xa
ARM GAS  C:\Users\salaz\AppData\Local\Temp\ccwmihDj.s 			page 16


 623 029d 92000000 		.4byte	.LASF52
 624 02a1 07       		.byte	0x7
 625 02a2 4F01     		.2byte	0x14f
 626 02a4 03010000 		.4byte	0x103
 627 02a8 06       		.byte	0x6
 628 02a9 0A       		.uleb128 0xa
 629 02aa 23030000 		.4byte	.LASF53
 630 02ae 07       		.byte	0x7
 631 02af 5401     		.2byte	0x154
 632 02b1 D4020000 		.4byte	0x2d4
 633 02b5 08       		.byte	0x8
 634 02b6 0A       		.uleb128 0xa
 635 02b7 29010000 		.4byte	.LASF54
 636 02bb 07       		.byte	0x7
 637 02bc 5A01     		.2byte	0x15a
 638 02be 81010000 		.4byte	0x181
 639 02c2 09       		.byte	0x9
 640 02c3 00       		.byte	0
 641 02c4 08       		.uleb128 0x8
 642 02c5 EB000000 		.4byte	0xeb
 643 02c9 D4020000 		.4byte	0x2d4
 644 02cd 09       		.uleb128 0x9
 645 02ce C3000000 		.4byte	0xc3
 646 02d2 00       		.byte	0
 647 02d3 00       		.byte	0
 648 02d4 08       		.uleb128 0x8
 649 02d5 0E010000 		.4byte	0x10e
 650 02d9 E4020000 		.4byte	0x2e4
 651 02dd 09       		.uleb128 0x9
 652 02de C3000000 		.4byte	0xc3
 653 02e2 00       		.byte	0
 654 02e3 00       		.byte	0
 655 02e4 05       		.uleb128 0x5
 656 02e5 2E040000 		.4byte	.LASF55
 657 02e9 07       		.byte	0x7
 658 02ea 5B01     		.2byte	0x15b
 659 02ec 6C020000 		.4byte	0x26c
 660 02f0 0B       		.uleb128 0xb
 661 02f1 0A       		.byte	0xa
 662 02f2 07       		.byte	0x7
 663 02f3 6101     		.2byte	0x161
 664 02f5 07030000 		.4byte	0x307
 665 02f9 0A       		.uleb128 0xa
 666 02fa DD020000 		.4byte	.LASF48
 667 02fe 07       		.byte	0x7
 668 02ff 6601     		.2byte	0x166
 669 0301 07030000 		.4byte	0x307
 670 0305 00       		.byte	0
 671 0306 00       		.byte	0
 672 0307 08       		.uleb128 0x8
 673 0308 E4020000 		.4byte	0x2e4
 674 030c 17030000 		.4byte	0x317
 675 0310 09       		.uleb128 0x9
 676 0311 C3000000 		.4byte	0xc3
 677 0315 00       		.byte	0
 678 0316 00       		.byte	0
 679 0317 05       		.uleb128 0x5
ARM GAS  C:\Users\salaz\AppData\Local\Temp\ccwmihDj.s 			page 17


 680 0318 FA030000 		.4byte	.LASF56
 681 031c 07       		.byte	0x7
 682 031d 6701     		.2byte	0x167
 683 031f F0020000 		.4byte	0x2f0
 684 0323 0B       		.uleb128 0xb
 685 0324 44       		.byte	0x44
 686 0325 07       		.byte	0x7
 687 0326 6D01     		.2byte	0x16d
 688 0328 0A040000 		.4byte	0x40a
 689 032c 0A       		.uleb128 0xa
 690 032d E2040000 		.4byte	.LASF57
 691 0331 07       		.byte	0x7
 692 0332 7501     		.2byte	0x175
 693 0334 EB000000 		.4byte	0xeb
 694 0338 00       		.byte	0
 695 0339 0A       		.uleb128 0xa
 696 033a 4F020000 		.4byte	.LASF58
 697 033e 07       		.byte	0x7
 698 033f 7A01     		.2byte	0x17a
 699 0341 EB000000 		.4byte	0xeb
 700 0345 02       		.byte	0x2
 701 0346 0A       		.uleb128 0xa
 702 0347 27060000 		.4byte	.LASF59
 703 034b 07       		.byte	0x7
 704 034c 7F01     		.2byte	0x17f
 705 034e EB000000 		.4byte	0xeb
 706 0352 04       		.byte	0x4
 707 0353 0A       		.uleb128 0xa
 708 0354 A5030000 		.4byte	.LASF60
 709 0358 07       		.byte	0x7
 710 0359 8501     		.2byte	0x185
 711 035b EB000000 		.4byte	0xeb
 712 035f 06       		.byte	0x6
 713 0360 0A       		.uleb128 0xa
 714 0361 C8040000 		.4byte	.LASF61
 715 0365 07       		.byte	0x7
 716 0366 8A01     		.2byte	0x18a
 717 0368 EB000000 		.4byte	0xeb
 718 036c 08       		.byte	0x8
 719 036d 0A       		.uleb128 0xa
 720 036e D4040000 		.4byte	.LASF62
 721 0372 07       		.byte	0x7
 722 0373 8F01     		.2byte	0x18f
 723 0375 0A040000 		.4byte	0x40a
 724 0379 0C       		.byte	0xc
 725 037a 0A       		.uleb128 0xa
 726 037b 8C040000 		.4byte	.LASF63
 727 037f 07       		.byte	0x7
 728 0380 9501     		.2byte	0x195
 729 0382 0F040000 		.4byte	0x40f
 730 0386 10       		.byte	0x10
 731 0387 0A       		.uleb128 0xa
 732 0388 BA030000 		.4byte	.LASF64
 733 038c 07       		.byte	0x7
 734 038d 9B01     		.2byte	0x19b
 735 038f 0F040000 		.4byte	0x40f
 736 0393 14       		.byte	0x14
ARM GAS  C:\Users\salaz\AppData\Local\Temp\ccwmihDj.s 			page 18


 737 0394 0A       		.uleb128 0xa
 738 0395 03070000 		.4byte	.LASF65
 739 0399 07       		.byte	0x7
 740 039a AD01     		.2byte	0x1ad
 741 039c 81010000 		.4byte	0x181
 742 03a0 18       		.byte	0x18
 743 03a1 0A       		.uleb128 0xa
 744 03a2 E5010000 		.4byte	.LASF66
 745 03a6 07       		.byte	0x7
 746 03a7 B201     		.2byte	0x1b2
 747 03a9 EB000000 		.4byte	0xeb
 748 03ad 1A       		.byte	0x1a
 749 03ae 0A       		.uleb128 0xa
 750 03af 45050000 		.4byte	.LASF67
 751 03b3 07       		.byte	0x7
 752 03b4 B701     		.2byte	0x1b7
 753 03b6 DF000000 		.4byte	0xdf
 754 03ba 1C       		.byte	0x1c
 755 03bb 0A       		.uleb128 0xa
 756 03bc 35000000 		.4byte	.LASF68
 757 03c0 07       		.byte	0x7
 758 03c1 BC01     		.2byte	0x1bc
 759 03c3 60020000 		.4byte	0x260
 760 03c7 1E       		.byte	0x1e
 761 03c8 0A       		.uleb128 0xa
 762 03c9 3D050000 		.4byte	.LASF69
 763 03cd 07       		.byte	0x7
 764 03ce C101     		.2byte	0x1c1
 765 03d0 17030000 		.4byte	0x317
 766 03d4 32       		.byte	0x32
 767 03d5 0A       		.uleb128 0xa
 768 03d6 A8060000 		.4byte	.LASF70
 769 03da 07       		.byte	0x7
 770 03db C601     		.2byte	0x1c6
 771 03dd DF000000 		.4byte	0xdf
 772 03e1 3C       		.byte	0x3c
 773 03e2 0A       		.uleb128 0xa
 774 03e3 F4040000 		.4byte	.LASF71
 775 03e7 07       		.byte	0x7
 776 03e8 CB01     		.2byte	0x1cb
 777 03ea DF000000 		.4byte	0xdf
 778 03ee 3D       		.byte	0x3d
 779 03ef 0A       		.uleb128 0xa
 780 03f0 04050000 		.4byte	.LASF72
 781 03f4 07       		.byte	0x7
 782 03f5 D001     		.2byte	0x1d0
 783 03f7 EB000000 		.4byte	0xeb
 784 03fb 3E       		.byte	0x3e
 785 03fc 0A       		.uleb128 0xa
 786 03fd 3E000000 		.4byte	.LASF73
 787 0401 07       		.byte	0x7
 788 0402 D501     		.2byte	0x1d5
 789 0404 C4020000 		.4byte	0x2c4
 790 0408 40       		.byte	0x40
 791 0409 00       		.byte	0
 792 040a 0D       		.uleb128 0xd
 793 040b F7000000 		.4byte	0xf7
ARM GAS  C:\Users\salaz\AppData\Local\Temp\ccwmihDj.s 			page 19


 794 040f 08       		.uleb128 0x8
 795 0410 F7000000 		.4byte	0xf7
 796 0414 1F040000 		.4byte	0x41f
 797 0418 09       		.uleb128 0x9
 798 0419 C3000000 		.4byte	0xc3
 799 041d 00       		.byte	0
 800 041e 00       		.byte	0
 801 041f 05       		.uleb128 0x5
 802 0420 79050000 		.4byte	.LASF74
 803 0424 07       		.byte	0x7
 804 0425 D601     		.2byte	0x1d6
 805 0427 23030000 		.4byte	0x323
 806 042b 0B       		.uleb128 0xb
 807 042c 20       		.byte	0x20
 808 042d 07       		.byte	0x7
 809 042e 1402     		.2byte	0x214
 810 0430 B7040000 		.4byte	0x4b7
 811 0434 0A       		.uleb128 0xa
 812 0435 F6060000 		.4byte	.LASF75
 813 0439 07       		.byte	0x7
 814 043a 1D02     		.2byte	0x21d
 815 043c B7040000 		.4byte	0x4b7
 816 0440 00       		.byte	0
 817 0441 0A       		.uleb128 0xa
 818 0442 5E050000 		.4byte	.LASF76
 819 0446 07       		.byte	0x7
 820 0447 2402     		.2byte	0x224
 821 0449 BE040000 		.4byte	0x4be
 822 044d 04       		.byte	0x4
 823 044e 0A       		.uleb128 0xa
 824 044f 52060000 		.4byte	.LASF77
 825 0453 07       		.byte	0x7
 826 0454 2A02     		.2byte	0x22a
 827 0456 C0040000 		.4byte	0x4c0
 828 045a 08       		.byte	0x8
 829 045b 0A       		.uleb128 0xa
 830 045c 6A060000 		.4byte	.LASF78
 831 0460 07       		.byte	0x7
 832 0461 2F02     		.2byte	0x22f
 833 0463 BE040000 		.4byte	0x4be
 834 0467 0C       		.byte	0xc
 835 0468 0A       		.uleb128 0xa
 836 0469 71020000 		.4byte	.LASF79
 837 046d 07       		.byte	0x7
 838 046e 3602     		.2byte	0x236
 839 0470 C6040000 		.4byte	0x4c6
 840 0474 10       		.byte	0x10
 841 0475 0A       		.uleb128 0xa
 842 0476 4F040000 		.4byte	.LASF80
 843 047a 07       		.byte	0x7
 844 047b 3B02     		.2byte	0x23b
 845 047d F7000000 		.4byte	0xf7
 846 0481 14       		.byte	0x14
 847 0482 0A       		.uleb128 0xa
 848 0483 97000000 		.4byte	.LASF81
 849 0487 07       		.byte	0x7
 850 0488 4202     		.2byte	0x242
ARM GAS  C:\Users\salaz\AppData\Local\Temp\ccwmihDj.s 			page 20


 851 048a EB000000 		.4byte	0xeb
 852 048e 18       		.byte	0x18
 853 048f 0A       		.uleb128 0xa
 854 0490 02030000 		.4byte	.LASF82
 855 0494 07       		.byte	0x7
 856 0495 4D02     		.2byte	0x24d
 857 0497 DF000000 		.4byte	0xdf
 858 049b 1A       		.byte	0x1a
 859 049c 0A       		.uleb128 0xa
 860 049d 74030000 		.4byte	.LASF83
 861 04a1 07       		.byte	0x7
 862 04a2 5502     		.2byte	0x255
 863 04a4 DF000000 		.4byte	0xdf
 864 04a8 1B       		.byte	0x1b
 865 04a9 0A       		.uleb128 0xa
 866 04aa 4F050000 		.4byte	.LASF84
 867 04ae 07       		.byte	0x7
 868 04af 5D02     		.2byte	0x25d
 869 04b1 CC040000 		.4byte	0x4cc
 870 04b5 1C       		.byte	0x1c
 871 04b6 00       		.byte	0
 872 04b7 0E       		.uleb128 0xe
 873 04b8 04       		.byte	0x4
 874 04b9 BD040000 		.4byte	0x4bd
 875 04bd 0F       		.uleb128 0xf
 876 04be 10       		.uleb128 0x10
 877 04bf 04       		.byte	0x4
 878 04c0 0E       		.uleb128 0xe
 879 04c1 04       		.byte	0x4
 880 04c2 E4020000 		.4byte	0x2e4
 881 04c6 0E       		.uleb128 0xe
 882 04c7 04       		.byte	0x4
 883 04c8 DF000000 		.4byte	0xdf
 884 04cc 0E       		.uleb128 0xe
 885 04cd 04       		.byte	0x4
 886 04ce 76010000 		.4byte	0x176
 887 04d2 05       		.uleb128 0x5
 888 04d3 07010000 		.4byte	.LASF85
 889 04d7 07       		.byte	0x7
 890 04d8 5E02     		.2byte	0x25e
 891 04da 2B040000 		.4byte	0x42b
 892 04de 0B       		.uleb128 0xb
 893 04df 20       		.byte	0x20
 894 04e0 07       		.byte	0x7
 895 04e1 6402     		.2byte	0x264
 896 04e3 F5040000 		.4byte	0x4f5
 897 04e7 0A       		.uleb128 0xa
 898 04e8 7A060000 		.4byte	.LASF86
 899 04ec 07       		.byte	0x7
 900 04ed 6902     		.2byte	0x269
 901 04ef F5040000 		.4byte	0x4f5
 902 04f3 00       		.byte	0
 903 04f4 00       		.byte	0
 904 04f5 08       		.uleb128 0x8
 905 04f6 D2040000 		.4byte	0x4d2
 906 04fa 05050000 		.4byte	0x505
 907 04fe 09       		.uleb128 0x9
ARM GAS  C:\Users\salaz\AppData\Local\Temp\ccwmihDj.s 			page 21


 908 04ff C3000000 		.4byte	0xc3
 909 0503 00       		.byte	0
 910 0504 00       		.byte	0
 911 0505 05       		.uleb128 0x5
 912 0506 1F000000 		.4byte	.LASF87
 913 050a 07       		.byte	0x7
 914 050b 6A02     		.2byte	0x26a
 915 050d DE040000 		.4byte	0x4de
 916 0511 11       		.uleb128 0x11
 917 0512 01       		.byte	0x1
 918 0513 37000000 		.4byte	0x37
 919 0517 08       		.byte	0x8
 920 0518 2E       		.byte	0x2e
 921 0519 48050000 		.4byte	0x548
 922 051d 12       		.uleb128 0x12
 923 051e 22020000 		.4byte	.LASF88
 924 0522 00       		.byte	0
 925 0523 12       		.uleb128 0x12
 926 0524 8E060000 		.4byte	.LASF89
 927 0528 01       		.byte	0x1
 928 0529 12       		.uleb128 0x12
 929 052a 39060000 		.4byte	.LASF90
 930 052e 02       		.byte	0x2
 931 052f 12       		.uleb128 0x12
 932 0530 ED000000 		.4byte	.LASF91
 933 0534 03       		.byte	0x3
 934 0535 12       		.uleb128 0x12
 935 0536 E4050000 		.4byte	.LASF92
 936 053a 04       		.byte	0x4
 937 053b 12       		.uleb128 0x12
 938 053c C6020000 		.4byte	.LASF93
 939 0540 05       		.byte	0x5
 940 0541 12       		.uleb128 0x12
 941 0542 A3000000 		.4byte	.LASF94
 942 0546 06       		.byte	0x6
 943 0547 00       		.byte	0
 944 0548 03       		.uleb128 0x3
 945 0549 72000000 		.4byte	.LASF95
 946 054d 08       		.byte	0x8
 947 054e 36       		.byte	0x36
 948 054f 11050000 		.4byte	0x511
 949 0553 02       		.uleb128 0x2
 950 0554 08       		.byte	0x8
 951 0555 04       		.byte	0x4
 952 0556 AE030000 		.4byte	.LASF96
 953 055a 13       		.uleb128 0x13
 954 055b 4E000000 		.4byte	.LASF115
 955 055f 01       		.byte	0x1
 956 0560 44       		.byte	0x44
 957 0561 00000000 		.4byte	.LFB158
 958 0565 14000000 		.4byte	.LFE158-.LFB158
 959 0569 01       		.uleb128 0x1
 960 056a 9C       		.byte	0x9c
 961 056b 7B050000 		.4byte	0x57b
 962 056f 14       		.uleb128 0x14
 963 0570 03060000 		.4byte	.LASF103
 964 0574 01       		.byte	0x1
ARM GAS  C:\Users\salaz\AppData\Local\Temp\ccwmihDj.s 			page 22


 965 0575 46       		.byte	0x46
 966 0576 7B050000 		.4byte	0x57b
 967 057a 00       		.byte	0
 968 057b 0E       		.uleb128 0xe
 969 057c 04       		.byte	0x4
 970 057d 81050000 		.4byte	0x581
 971 0581 0D       		.uleb128 0xd
 972 0582 1F040000 		.4byte	0x41f
 973 0586 15       		.uleb128 0x15
 974 0587 5F020000 		.4byte	.LASF116
 975 058b 01       		.byte	0x1
 976 058c 73       		.byte	0x73
 977 058d F7000000 		.4byte	0xf7
 978 0591 00000000 		.4byte	.LFB159
 979 0595 04010000 		.4byte	.LFE159-.LFB159
 980 0599 01       		.uleb128 0x1
 981 059a 9C       		.byte	0x9c
 982 059b 53060000 		.4byte	0x653
 983 059f 16       		.uleb128 0x16
 984 05a0 6A050000 		.4byte	.LASF97
 985 05a4 01       		.byte	0x1
 986 05a5 75       		.byte	0x75
 987 05a6 F7000000 		.4byte	0xf7
 988 05aa 00000000 		.4byte	.LLST0
 989 05ae 16       		.uleb128 0x16
 990 05af EB040000 		.4byte	.LASF98
 991 05b3 01       		.byte	0x1
 992 05b4 76       		.byte	0x76
 993 05b5 F7000000 		.4byte	0xf7
 994 05b9 29000000 		.4byte	.LLST1
 995 05bd 16       		.uleb128 0x16
 996 05be 69000000 		.4byte	.LASF99
 997 05c2 01       		.byte	0x1
 998 05c3 77       		.byte	0x77
 999 05c4 F7000000 		.4byte	0xf7
 1000 05c8 41000000 		.4byte	.LLST2
 1001 05cc 16       		.uleb128 0x16
 1002 05cd 81040000 		.4byte	.LASF100
 1003 05d1 01       		.byte	0x1
 1004 05d2 78       		.byte	0x78
 1005 05d3 F7000000 		.4byte	0xf7
 1006 05d7 54000000 		.4byte	.LLST3
 1007 05db 16       		.uleb128 0x16
 1008 05dc 0D070000 		.4byte	.LASF101
 1009 05e0 01       		.byte	0x1
 1010 05e1 79       		.byte	0x79
 1011 05e2 48050000 		.4byte	0x548
 1012 05e6 14010000 		.4byte	.LLST4
 1013 05ea 16       		.uleb128 0x16
 1014 05eb C5060000 		.4byte	.LASF102
 1015 05ef 01       		.byte	0x1
 1016 05f0 7A       		.byte	0x7a
 1017 05f1 F7000000 		.4byte	0xf7
 1018 05f5 27010000 		.4byte	.LLST5
 1019 05f9 14       		.uleb128 0x14
 1020 05fa 03060000 		.4byte	.LASF103
 1021 05fe 01       		.byte	0x1
ARM GAS  C:\Users\salaz\AppData\Local\Temp\ccwmihDj.s 			page 23


 1022 05ff 7C       		.byte	0x7c
 1023 0600 7B050000 		.4byte	0x57b
 1024 0604 16       		.uleb128 0x16
 1025 0605 C5030000 		.4byte	.LASF104
 1026 0609 01       		.byte	0x1
 1027 060a 7D       		.byte	0x7d
 1028 060b 53060000 		.4byte	0x653
 1029 060f 68010000 		.4byte	.LLST6
 1030 0613 17       		.uleb128 0x17
 1031 0614 12000000 		.4byte	.LVL3
 1032 0618 9D060000 		.4byte	0x69d
 1033 061c 17       		.uleb128 0x17
 1034 061d 1C000000 		.4byte	.LVL4
 1035 0621 A9060000 		.4byte	0x6a9
 1036 0625 17       		.uleb128 0x17
 1037 0626 48000000 		.4byte	.LVL11
 1038 062a B5060000 		.4byte	0x6b5
 1039 062e 17       		.uleb128 0x17
 1040 062f 76000000 		.4byte	.LVL20
 1041 0633 9D060000 		.4byte	0x69d
 1042 0637 17       		.uleb128 0x17
 1043 0638 94000000 		.4byte	.LVL21
 1044 063c A9060000 		.4byte	0x6a9
 1045 0640 17       		.uleb128 0x17
 1046 0641 E0000000 		.4byte	.LVL29
 1047 0645 9D060000 		.4byte	0x69d
 1048 0649 17       		.uleb128 0x17
 1049 064a F4000000 		.4byte	.LVL30
 1050 064e A9060000 		.4byte	0x6a9
 1051 0652 00       		.byte	0
 1052 0653 0E       		.uleb128 0xe
 1053 0654 04       		.byte	0x4
 1054 0655 59060000 		.4byte	0x659
 1055 0659 0D       		.uleb128 0xd
 1056 065a E4020000 		.4byte	0x2e4
 1057 065e 18       		.uleb128 0x18
 1058 065f C6000000 		.4byte	.LASF105
 1059 0663 01       		.byte	0x1
 1060 0664 35       		.byte	0x35
 1061 0665 F7000000 		.4byte	0xf7
 1062 0669 05       		.uleb128 0x5
 1063 066a 03       		.byte	0x3
 1064 066b 00000000 		.4byte	tunerFsm
 1065 066f 19       		.uleb128 0x19
 1066 0670 B8060000 		.4byte	.LASF106
 1067 0674 09       		.byte	0x9
 1068 0675 EA07     		.2byte	0x7ea
 1069 0677 7B060000 		.4byte	0x67b
 1070 067b 0D       		.uleb128 0xd
 1071 067c AD000000 		.4byte	0xad
 1072 0680 19       		.uleb128 0x19
 1073 0681 5C030000 		.4byte	.LASF107
 1074 0685 07       		.byte	0x7
 1075 0686 FB03     		.2byte	0x3fb
 1076 0688 1F040000 		.4byte	0x41f
 1077 068c 19       		.uleb128 0x19
 1078 068d DD030000 		.4byte	.LASF108
ARM GAS  C:\Users\salaz\AppData\Local\Temp\ccwmihDj.s 			page 24


 1079 0691 07       		.byte	0x7
 1080 0692 FC03     		.2byte	0x3fc
 1081 0694 98060000 		.4byte	0x698
 1082 0698 1A       		.uleb128 0x1a
 1083 0699 05050000 		.4byte	0x505
 1084 069d 1B       		.uleb128 0x1b
 1085 069e 00000000 		.4byte	.LASF109
 1086 06a2 00000000 		.4byte	.LASF109
 1087 06a6 04       		.byte	0x4
 1088 06a7 4D03     		.2byte	0x34d
 1089 06a9 1B       		.uleb128 0x1b
 1090 06aa 87030000 		.4byte	.LASF110
 1091 06ae 87030000 		.4byte	.LASF110
 1092 06b2 04       		.byte	0x4
 1093 06b3 5C03     		.2byte	0x35c
 1094 06b5 1C       		.uleb128 0x1c
 1095 06b6 5C040000 		.4byte	.LASF111
 1096 06ba 5C040000 		.4byte	.LASF111
 1097 06be 0A       		.byte	0xa
 1098 06bf 3A       		.byte	0x3a
 1099 06c0 00       		.byte	0
 1100              		.section	.debug_abbrev,"",%progbits
 1101              	.Ldebug_abbrev0:
 1102 0000 01       		.uleb128 0x1
 1103 0001 11       		.uleb128 0x11
 1104 0002 01       		.byte	0x1
 1105 0003 25       		.uleb128 0x25
 1106 0004 0E       		.uleb128 0xe
 1107 0005 13       		.uleb128 0x13
 1108 0006 0B       		.uleb128 0xb
 1109 0007 03       		.uleb128 0x3
 1110 0008 0E       		.uleb128 0xe
 1111 0009 1B       		.uleb128 0x1b
 1112 000a 0E       		.uleb128 0xe
 1113 000b 55       		.uleb128 0x55
 1114 000c 17       		.uleb128 0x17
 1115 000d 11       		.uleb128 0x11
 1116 000e 01       		.uleb128 0x1
 1117 000f 10       		.uleb128 0x10
 1118 0010 17       		.uleb128 0x17
 1119 0011 00       		.byte	0
 1120 0012 00       		.byte	0
 1121 0013 02       		.uleb128 0x2
 1122 0014 24       		.uleb128 0x24
 1123 0015 00       		.byte	0
 1124 0016 0B       		.uleb128 0xb
 1125 0017 0B       		.uleb128 0xb
 1126 0018 3E       		.uleb128 0x3e
 1127 0019 0B       		.uleb128 0xb
 1128 001a 03       		.uleb128 0x3
 1129 001b 0E       		.uleb128 0xe
 1130 001c 00       		.byte	0
 1131 001d 00       		.byte	0
 1132 001e 03       		.uleb128 0x3
 1133 001f 16       		.uleb128 0x16
 1134 0020 00       		.byte	0
 1135 0021 03       		.uleb128 0x3
ARM GAS  C:\Users\salaz\AppData\Local\Temp\ccwmihDj.s 			page 25


 1136 0022 0E       		.uleb128 0xe
 1137 0023 3A       		.uleb128 0x3a
 1138 0024 0B       		.uleb128 0xb
 1139 0025 3B       		.uleb128 0x3b
 1140 0026 0B       		.uleb128 0xb
 1141 0027 49       		.uleb128 0x49
 1142 0028 13       		.uleb128 0x13
 1143 0029 00       		.byte	0
 1144 002a 00       		.byte	0
 1145 002b 04       		.uleb128 0x4
 1146 002c 24       		.uleb128 0x24
 1147 002d 00       		.byte	0
 1148 002e 0B       		.uleb128 0xb
 1149 002f 0B       		.uleb128 0xb
 1150 0030 3E       		.uleb128 0x3e
 1151 0031 0B       		.uleb128 0xb
 1152 0032 03       		.uleb128 0x3
 1153 0033 08       		.uleb128 0x8
 1154 0034 00       		.byte	0
 1155 0035 00       		.byte	0
 1156 0036 05       		.uleb128 0x5
 1157 0037 16       		.uleb128 0x16
 1158 0038 00       		.byte	0
 1159 0039 03       		.uleb128 0x3
 1160 003a 0E       		.uleb128 0xe
 1161 003b 3A       		.uleb128 0x3a
 1162 003c 0B       		.uleb128 0xb
 1163 003d 3B       		.uleb128 0x3b
 1164 003e 05       		.uleb128 0x5
 1165 003f 49       		.uleb128 0x49
 1166 0040 13       		.uleb128 0x13
 1167 0041 00       		.byte	0
 1168 0042 00       		.byte	0
 1169 0043 06       		.uleb128 0x6
 1170 0044 13       		.uleb128 0x13
 1171 0045 01       		.byte	0x1
 1172 0046 0B       		.uleb128 0xb
 1173 0047 0B       		.uleb128 0xb
 1174 0048 3A       		.uleb128 0x3a
 1175 0049 0B       		.uleb128 0xb
 1176 004a 3B       		.uleb128 0x3b
 1177 004b 0B       		.uleb128 0xb
 1178 004c 01       		.uleb128 0x1
 1179 004d 13       		.uleb128 0x13
 1180 004e 00       		.byte	0
 1181 004f 00       		.byte	0
 1182 0050 07       		.uleb128 0x7
 1183 0051 0D       		.uleb128 0xd
 1184 0052 00       		.byte	0
 1185 0053 03       		.uleb128 0x3
 1186 0054 0E       		.uleb128 0xe
 1187 0055 3A       		.uleb128 0x3a
 1188 0056 0B       		.uleb128 0xb
 1189 0057 3B       		.uleb128 0x3b
 1190 0058 0B       		.uleb128 0xb
 1191 0059 49       		.uleb128 0x49
 1192 005a 13       		.uleb128 0x13
ARM GAS  C:\Users\salaz\AppData\Local\Temp\ccwmihDj.s 			page 26


 1193 005b 38       		.uleb128 0x38
 1194 005c 0B       		.uleb128 0xb
 1195 005d 00       		.byte	0
 1196 005e 00       		.byte	0
 1197 005f 08       		.uleb128 0x8
 1198 0060 01       		.uleb128 0x1
 1199 0061 01       		.byte	0x1
 1200 0062 49       		.uleb128 0x49
 1201 0063 13       		.uleb128 0x13
 1202 0064 01       		.uleb128 0x1
 1203 0065 13       		.uleb128 0x13
 1204 0066 00       		.byte	0
 1205 0067 00       		.byte	0
 1206 0068 09       		.uleb128 0x9
 1207 0069 21       		.uleb128 0x21
 1208 006a 00       		.byte	0
 1209 006b 49       		.uleb128 0x49
 1210 006c 13       		.uleb128 0x13
 1211 006d 2F       		.uleb128 0x2f
 1212 006e 0B       		.uleb128 0xb
 1213 006f 00       		.byte	0
 1214 0070 00       		.byte	0
 1215 0071 0A       		.uleb128 0xa
 1216 0072 0D       		.uleb128 0xd
 1217 0073 00       		.byte	0
 1218 0074 03       		.uleb128 0x3
 1219 0075 0E       		.uleb128 0xe
 1220 0076 3A       		.uleb128 0x3a
 1221 0077 0B       		.uleb128 0xb
 1222 0078 3B       		.uleb128 0x3b
 1223 0079 05       		.uleb128 0x5
 1224 007a 49       		.uleb128 0x49
 1225 007b 13       		.uleb128 0x13
 1226 007c 38       		.uleb128 0x38
 1227 007d 0B       		.uleb128 0xb
 1228 007e 00       		.byte	0
 1229 007f 00       		.byte	0
 1230 0080 0B       		.uleb128 0xb
 1231 0081 13       		.uleb128 0x13
 1232 0082 01       		.byte	0x1
 1233 0083 0B       		.uleb128 0xb
 1234 0084 0B       		.uleb128 0xb
 1235 0085 3A       		.uleb128 0x3a
 1236 0086 0B       		.uleb128 0xb
 1237 0087 3B       		.uleb128 0x3b
 1238 0088 05       		.uleb128 0x5
 1239 0089 01       		.uleb128 0x1
 1240 008a 13       		.uleb128 0x13
 1241 008b 00       		.byte	0
 1242 008c 00       		.byte	0
 1243 008d 0C       		.uleb128 0xc
 1244 008e 0D       		.uleb128 0xd
 1245 008f 00       		.byte	0
 1246 0090 03       		.uleb128 0x3
 1247 0091 08       		.uleb128 0x8
 1248 0092 3A       		.uleb128 0x3a
 1249 0093 0B       		.uleb128 0xb
ARM GAS  C:\Users\salaz\AppData\Local\Temp\ccwmihDj.s 			page 27


 1250 0094 3B       		.uleb128 0x3b
 1251 0095 05       		.uleb128 0x5
 1252 0096 49       		.uleb128 0x49
 1253 0097 13       		.uleb128 0x13
 1254 0098 38       		.uleb128 0x38
 1255 0099 0B       		.uleb128 0xb
 1256 009a 00       		.byte	0
 1257 009b 00       		.byte	0
 1258 009c 0D       		.uleb128 0xd
 1259 009d 35       		.uleb128 0x35
 1260 009e 00       		.byte	0
 1261 009f 49       		.uleb128 0x49
 1262 00a0 13       		.uleb128 0x13
 1263 00a1 00       		.byte	0
 1264 00a2 00       		.byte	0
 1265 00a3 0E       		.uleb128 0xe
 1266 00a4 0F       		.uleb128 0xf
 1267 00a5 00       		.byte	0
 1268 00a6 0B       		.uleb128 0xb
 1269 00a7 0B       		.uleb128 0xb
 1270 00a8 49       		.uleb128 0x49
 1271 00a9 13       		.uleb128 0x13
 1272 00aa 00       		.byte	0
 1273 00ab 00       		.byte	0
 1274 00ac 0F       		.uleb128 0xf
 1275 00ad 26       		.uleb128 0x26
 1276 00ae 00       		.byte	0
 1277 00af 00       		.byte	0
 1278 00b0 00       		.byte	0
 1279 00b1 10       		.uleb128 0x10
 1280 00b2 0F       		.uleb128 0xf
 1281 00b3 00       		.byte	0
 1282 00b4 0B       		.uleb128 0xb
 1283 00b5 0B       		.uleb128 0xb
 1284 00b6 00       		.byte	0
 1285 00b7 00       		.byte	0
 1286 00b8 11       		.uleb128 0x11
 1287 00b9 04       		.uleb128 0x4
 1288 00ba 01       		.byte	0x1
 1289 00bb 0B       		.uleb128 0xb
 1290 00bc 0B       		.uleb128 0xb
 1291 00bd 49       		.uleb128 0x49
 1292 00be 13       		.uleb128 0x13
 1293 00bf 3A       		.uleb128 0x3a
 1294 00c0 0B       		.uleb128 0xb
 1295 00c1 3B       		.uleb128 0x3b
 1296 00c2 0B       		.uleb128 0xb
 1297 00c3 01       		.uleb128 0x1
 1298 00c4 13       		.uleb128 0x13
 1299 00c5 00       		.byte	0
 1300 00c6 00       		.byte	0
 1301 00c7 12       		.uleb128 0x12
 1302 00c8 28       		.uleb128 0x28
 1303 00c9 00       		.byte	0
 1304 00ca 03       		.uleb128 0x3
 1305 00cb 0E       		.uleb128 0xe
 1306 00cc 1C       		.uleb128 0x1c
ARM GAS  C:\Users\salaz\AppData\Local\Temp\ccwmihDj.s 			page 28


 1307 00cd 0B       		.uleb128 0xb
 1308 00ce 00       		.byte	0
 1309 00cf 00       		.byte	0
 1310 00d0 13       		.uleb128 0x13
 1311 00d1 2E       		.uleb128 0x2e
 1312 00d2 01       		.byte	0x1
 1313 00d3 3F       		.uleb128 0x3f
 1314 00d4 19       		.uleb128 0x19
 1315 00d5 03       		.uleb128 0x3
 1316 00d6 0E       		.uleb128 0xe
 1317 00d7 3A       		.uleb128 0x3a
 1318 00d8 0B       		.uleb128 0xb
 1319 00d9 3B       		.uleb128 0x3b
 1320 00da 0B       		.uleb128 0xb
 1321 00db 27       		.uleb128 0x27
 1322 00dc 19       		.uleb128 0x19
 1323 00dd 11       		.uleb128 0x11
 1324 00de 01       		.uleb128 0x1
 1325 00df 12       		.uleb128 0x12
 1326 00e0 06       		.uleb128 0x6
 1327 00e1 40       		.uleb128 0x40
 1328 00e2 18       		.uleb128 0x18
 1329 00e3 9742     		.uleb128 0x2117
 1330 00e5 19       		.uleb128 0x19
 1331 00e6 01       		.uleb128 0x1
 1332 00e7 13       		.uleb128 0x13
 1333 00e8 00       		.byte	0
 1334 00e9 00       		.byte	0
 1335 00ea 14       		.uleb128 0x14
 1336 00eb 34       		.uleb128 0x34
 1337 00ec 00       		.byte	0
 1338 00ed 03       		.uleb128 0x3
 1339 00ee 0E       		.uleb128 0xe
 1340 00ef 3A       		.uleb128 0x3a
 1341 00f0 0B       		.uleb128 0xb
 1342 00f1 3B       		.uleb128 0x3b
 1343 00f2 0B       		.uleb128 0xb
 1344 00f3 49       		.uleb128 0x49
 1345 00f4 13       		.uleb128 0x13
 1346 00f5 00       		.byte	0
 1347 00f6 00       		.byte	0
 1348 00f7 15       		.uleb128 0x15
 1349 00f8 2E       		.uleb128 0x2e
 1350 00f9 01       		.byte	0x1
 1351 00fa 3F       		.uleb128 0x3f
 1352 00fb 19       		.uleb128 0x19
 1353 00fc 03       		.uleb128 0x3
 1354 00fd 0E       		.uleb128 0xe
 1355 00fe 3A       		.uleb128 0x3a
 1356 00ff 0B       		.uleb128 0xb
 1357 0100 3B       		.uleb128 0x3b
 1358 0101 0B       		.uleb128 0xb
 1359 0102 27       		.uleb128 0x27
 1360 0103 19       		.uleb128 0x19
 1361 0104 49       		.uleb128 0x49
 1362 0105 13       		.uleb128 0x13
 1363 0106 11       		.uleb128 0x11
ARM GAS  C:\Users\salaz\AppData\Local\Temp\ccwmihDj.s 			page 29


 1364 0107 01       		.uleb128 0x1
 1365 0108 12       		.uleb128 0x12
 1366 0109 06       		.uleb128 0x6
 1367 010a 40       		.uleb128 0x40
 1368 010b 18       		.uleb128 0x18
 1369 010c 9742     		.uleb128 0x2117
 1370 010e 19       		.uleb128 0x19
 1371 010f 01       		.uleb128 0x1
 1372 0110 13       		.uleb128 0x13
 1373 0111 00       		.byte	0
 1374 0112 00       		.byte	0
 1375 0113 16       		.uleb128 0x16
 1376 0114 34       		.uleb128 0x34
 1377 0115 00       		.byte	0
 1378 0116 03       		.uleb128 0x3
 1379 0117 0E       		.uleb128 0xe
 1380 0118 3A       		.uleb128 0x3a
 1381 0119 0B       		.uleb128 0xb
 1382 011a 3B       		.uleb128 0x3b
 1383 011b 0B       		.uleb128 0xb
 1384 011c 49       		.uleb128 0x49
 1385 011d 13       		.uleb128 0x13
 1386 011e 02       		.uleb128 0x2
 1387 011f 17       		.uleb128 0x17
 1388 0120 00       		.byte	0
 1389 0121 00       		.byte	0
 1390 0122 17       		.uleb128 0x17
 1391 0123 898201   		.uleb128 0x4109
 1392 0126 00       		.byte	0
 1393 0127 11       		.uleb128 0x11
 1394 0128 01       		.uleb128 0x1
 1395 0129 31       		.uleb128 0x31
 1396 012a 13       		.uleb128 0x13
 1397 012b 00       		.byte	0
 1398 012c 00       		.byte	0
 1399 012d 18       		.uleb128 0x18
 1400 012e 34       		.uleb128 0x34
 1401 012f 00       		.byte	0
 1402 0130 03       		.uleb128 0x3
 1403 0131 0E       		.uleb128 0xe
 1404 0132 3A       		.uleb128 0x3a
 1405 0133 0B       		.uleb128 0xb
 1406 0134 3B       		.uleb128 0x3b
 1407 0135 0B       		.uleb128 0xb
 1408 0136 49       		.uleb128 0x49
 1409 0137 13       		.uleb128 0x13
 1410 0138 02       		.uleb128 0x2
 1411 0139 18       		.uleb128 0x18
 1412 013a 00       		.byte	0
 1413 013b 00       		.byte	0
 1414 013c 19       		.uleb128 0x19
 1415 013d 34       		.uleb128 0x34
 1416 013e 00       		.byte	0
 1417 013f 03       		.uleb128 0x3
 1418 0140 0E       		.uleb128 0xe
 1419 0141 3A       		.uleb128 0x3a
 1420 0142 0B       		.uleb128 0xb
ARM GAS  C:\Users\salaz\AppData\Local\Temp\ccwmihDj.s 			page 30


 1421 0143 3B       		.uleb128 0x3b
 1422 0144 05       		.uleb128 0x5
 1423 0145 49       		.uleb128 0x49
 1424 0146 13       		.uleb128 0x13
 1425 0147 3F       		.uleb128 0x3f
 1426 0148 19       		.uleb128 0x19
 1427 0149 3C       		.uleb128 0x3c
 1428 014a 19       		.uleb128 0x19
 1429 014b 00       		.byte	0
 1430 014c 00       		.byte	0
 1431 014d 1A       		.uleb128 0x1a
 1432 014e 26       		.uleb128 0x26
 1433 014f 00       		.byte	0
 1434 0150 49       		.uleb128 0x49
 1435 0151 13       		.uleb128 0x13
 1436 0152 00       		.byte	0
 1437 0153 00       		.byte	0
 1438 0154 1B       		.uleb128 0x1b
 1439 0155 2E       		.uleb128 0x2e
 1440 0156 00       		.byte	0
 1441 0157 3F       		.uleb128 0x3f
 1442 0158 19       		.uleb128 0x19
 1443 0159 3C       		.uleb128 0x3c
 1444 015a 19       		.uleb128 0x19
 1445 015b 6E       		.uleb128 0x6e
 1446 015c 0E       		.uleb128 0xe
 1447 015d 03       		.uleb128 0x3
 1448 015e 0E       		.uleb128 0xe
 1449 015f 3A       		.uleb128 0x3a
 1450 0160 0B       		.uleb128 0xb
 1451 0161 3B       		.uleb128 0x3b
 1452 0162 05       		.uleb128 0x5
 1453 0163 00       		.byte	0
 1454 0164 00       		.byte	0
 1455 0165 1C       		.uleb128 0x1c
 1456 0166 2E       		.uleb128 0x2e
 1457 0167 00       		.byte	0
 1458 0168 3F       		.uleb128 0x3f
 1459 0169 19       		.uleb128 0x19
 1460 016a 3C       		.uleb128 0x3c
 1461 016b 19       		.uleb128 0x19
 1462 016c 6E       		.uleb128 0x6e
 1463 016d 0E       		.uleb128 0xe
 1464 016e 03       		.uleb128 0x3
 1465 016f 0E       		.uleb128 0xe
 1466 0170 3A       		.uleb128 0x3a
 1467 0171 0B       		.uleb128 0xb
 1468 0172 3B       		.uleb128 0x3b
 1469 0173 0B       		.uleb128 0xb
 1470 0174 00       		.byte	0
 1471 0175 00       		.byte	0
 1472 0176 00       		.byte	0
 1473              		.section	.debug_loc,"",%progbits
 1474              	.Ldebug_loc0:
 1475              	.LLST0:
 1476 0000 12000000 		.4byte	.LVL3
 1477 0004 1B000000 		.4byte	.LVL4-1
ARM GAS  C:\Users\salaz\AppData\Local\Temp\ccwmihDj.s 			page 31


 1478 0008 0100     		.2byte	0x1
 1479 000a 50       		.byte	0x50
 1480 000b 76000000 		.4byte	.LVL20
 1481 000f 93000000 		.4byte	.LVL21-1
 1482 0013 0100     		.2byte	0x1
 1483 0015 50       		.byte	0x50
 1484 0016 E0000000 		.4byte	.LVL29
 1485 001a F3000000 		.4byte	.LVL30-1
 1486 001e 0100     		.2byte	0x1
 1487 0020 50       		.byte	0x50
 1488 0021 00000000 		.4byte	0
 1489 0025 00000000 		.4byte	0
 1490              	.LLST1:
 1491 0029 A8000000 		.4byte	.LVL23
 1492 002d B6000000 		.4byte	.LVL25
 1493 0031 0600     		.2byte	0x6
 1494 0033 72       		.byte	0x72
 1495 0034 00       		.sleb128 0
 1496 0035 08       		.byte	0x8
 1497 0036 FF       		.byte	0xff
 1498 0037 1A       		.byte	0x1a
 1499 0038 9F       		.byte	0x9f
 1500 0039 00000000 		.4byte	0
 1501 003d 00000000 		.4byte	0
 1502              	.LLST2:
 1503 0041 AE000000 		.4byte	.LVL24
 1504 0045 DA000000 		.4byte	.LVL27
 1505 0049 0100     		.2byte	0x1
 1506 004b 53       		.byte	0x53
 1507 004c 00000000 		.4byte	0
 1508 0050 00000000 		.4byte	0
 1509              	.LLST3:
 1510 0054 02000000 		.4byte	.LVL1
 1511 0058 06000000 		.4byte	.LVL2
 1512 005c 0200     		.2byte	0x2
 1513 005e 30       		.byte	0x30
 1514 005f 9F       		.byte	0x9f
 1515 0060 06000000 		.4byte	.LVL2
 1516 0064 34000000 		.4byte	.LVL6
 1517 0068 0100     		.2byte	0x1
 1518 006a 55       		.byte	0x55
 1519 006b 38000000 		.4byte	.LVL7
 1520 006f 3A000000 		.4byte	.LVL8
 1521 0073 0200     		.2byte	0x2
 1522 0075 31       		.byte	0x31
 1523 0076 9F       		.byte	0x9f
 1524 0077 3A000000 		.4byte	.LVL8
 1525 007b 40000000 		.4byte	.LVL9
 1526 007f 0100     		.2byte	0x1
 1527 0081 55       		.byte	0x55
 1528 0082 40000000 		.4byte	.LVL9
 1529 0086 44000000 		.4byte	.LVL10
 1530 008a 0200     		.2byte	0x2
 1531 008c 31       		.byte	0x31
 1532 008d 9F       		.byte	0x9f
 1533 008e 44000000 		.4byte	.LVL10
 1534 0092 4E000000 		.4byte	.LVL12
ARM GAS  C:\Users\salaz\AppData\Local\Temp\ccwmihDj.s 			page 32


 1535 0096 0100     		.2byte	0x1
 1536 0098 55       		.byte	0x55
 1537 0099 4E000000 		.4byte	.LVL12
 1538 009d 54000000 		.4byte	.LVL13
 1539 00a1 0200     		.2byte	0x2
 1540 00a3 31       		.byte	0x31
 1541 00a4 9F       		.byte	0x9f
 1542 00a5 54000000 		.4byte	.LVL13
 1543 00a9 5A000000 		.4byte	.LVL14
 1544 00ad 0100     		.2byte	0x1
 1545 00af 55       		.byte	0x55
 1546 00b0 5A000000 		.4byte	.LVL14
 1547 00b4 5E000000 		.4byte	.LVL15
 1548 00b8 0200     		.2byte	0x2
 1549 00ba 31       		.byte	0x31
 1550 00bb 9F       		.byte	0x9f
 1551 00bc 5E000000 		.4byte	.LVL15
 1552 00c0 64000000 		.4byte	.LVL16
 1553 00c4 0100     		.2byte	0x1
 1554 00c6 55       		.byte	0x55
 1555 00c7 64000000 		.4byte	.LVL16
 1556 00cb 68000000 		.4byte	.LVL17
 1557 00cf 0200     		.2byte	0x2
 1558 00d1 31       		.byte	0x31
 1559 00d2 9F       		.byte	0x9f
 1560 00d3 68000000 		.4byte	.LVL17
 1561 00d7 6E000000 		.4byte	.LVL18
 1562 00db 0100     		.2byte	0x1
 1563 00dd 55       		.byte	0x55
 1564 00de 6E000000 		.4byte	.LVL18
 1565 00e2 70000000 		.4byte	.LVL19
 1566 00e6 0200     		.2byte	0x2
 1567 00e8 30       		.byte	0x30
 1568 00e9 9F       		.byte	0x9f
 1569 00ea 70000000 		.4byte	.LVL19
 1570 00ee 94000000 		.4byte	.LVL21
 1571 00f2 0100     		.2byte	0x1
 1572 00f4 55       		.byte	0x55
 1573 00f5 94000000 		.4byte	.LVL21
 1574 00f9 96000000 		.4byte	.LVL22
 1575 00fd 0200     		.2byte	0x2
 1576 00ff 30       		.byte	0x30
 1577 0100 9F       		.byte	0x9f
 1578 0101 96000000 		.4byte	.LVL22
 1579 0105 D6000000 		.4byte	.LVL26
 1580 0109 0100     		.2byte	0x1
 1581 010b 55       		.byte	0x55
 1582 010c 00000000 		.4byte	0
 1583 0110 00000000 		.4byte	0
 1584              	.LLST4:
 1585 0114 22000000 		.4byte	.LVL5
 1586 0118 DC000000 		.4byte	.LVL28
 1587 011c 0100     		.2byte	0x1
 1588 011e 54       		.byte	0x54
 1589 011f 00000000 		.4byte	0
 1590 0123 00000000 		.4byte	0
 1591              	.LLST5:
ARM GAS  C:\Users\salaz\AppData\Local\Temp\ccwmihDj.s 			page 33


 1592 0127 02000000 		.4byte	.LVL1
 1593 012b 06000000 		.4byte	.LVL2
 1594 012f 0200     		.2byte	0x2
 1595 0131 30       		.byte	0x30
 1596 0132 9F       		.byte	0x9f
 1597 0133 06000000 		.4byte	.LVL2
 1598 0137 48000000 		.4byte	.LVL11
 1599 013b 0100     		.2byte	0x1
 1600 013d 56       		.byte	0x56
 1601 013e 48000000 		.4byte	.LVL11
 1602 0142 54000000 		.4byte	.LVL13
 1603 0146 0200     		.2byte	0x2
 1604 0148 31       		.byte	0x31
 1605 0149 9F       		.byte	0x9f
 1606 014a 54000000 		.4byte	.LVL13
 1607 014e F8000000 		.4byte	.LVL31
 1608 0152 0100     		.2byte	0x1
 1609 0154 56       		.byte	0x56
 1610 0155 F8000000 		.4byte	.LVL31
 1611 0159 04010000 		.4byte	.LFE159
 1612 015d 0100     		.2byte	0x1
 1613 015f 50       		.byte	0x50
 1614 0160 00000000 		.4byte	0
 1615 0164 00000000 		.4byte	0
 1616              	.LLST6:
 1617 0168 D6000000 		.4byte	.LVL26
 1618 016c DC000000 		.4byte	.LVL28
 1619 0170 0100     		.2byte	0x1
 1620 0172 55       		.byte	0x55
 1621 0173 DC000000 		.4byte	.LVL28
 1622 0177 F4000000 		.4byte	.LVL30
 1623 017b 0600     		.2byte	0x6
 1624 017d 75       		.byte	0x75
 1625 017e 00       		.sleb128 0
 1626 017f 74       		.byte	0x74
 1627 0180 00       		.sleb128 0
 1628 0181 22       		.byte	0x22
 1629 0182 9F       		.byte	0x9f
 1630 0183 00000000 		.4byte	0
 1631 0187 00000000 		.4byte	0
 1632              		.section	.debug_aranges,"",%progbits
 1633 0000 24000000 		.4byte	0x24
 1634 0004 0200     		.2byte	0x2
 1635 0006 00000000 		.4byte	.Ldebug_info0
 1636 000a 04       		.byte	0x4
 1637 000b 00       		.byte	0
 1638 000c 0000     		.2byte	0
 1639 000e 0000     		.2byte	0
 1640 0010 00000000 		.4byte	.LFB158
 1641 0014 14000000 		.4byte	.LFE158-.LFB158
 1642 0018 00000000 		.4byte	.LFB159
 1643 001c 04010000 		.4byte	.LFE159-.LFB159
 1644 0020 00000000 		.4byte	0
 1645 0024 00000000 		.4byte	0
 1646              		.section	.debug_ranges,"",%progbits
 1647              	.Ldebug_ranges0:
 1648 0000 00000000 		.4byte	.LFB158
ARM GAS  C:\Users\salaz\AppData\Local\Temp\ccwmihDj.s 			page 34


 1649 0004 14000000 		.4byte	.LFE158
 1650 0008 00000000 		.4byte	.LFB159
 1651 000c 04010000 		.4byte	.LFE159
 1652 0010 00000000 		.4byte	0
 1653 0014 00000000 		.4byte	0
 1654              		.section	.debug_line,"",%progbits
 1655              	.Ldebug_line0:
 1656 0000 92020000 		.section	.debug_str,"MS",%progbits,1
 1656      02003002 
 1656      00000201 
 1656      FB0E0D00 
 1656      01010101 
 1657              	.LASF109:
 1658 0000 43795F53 		.ascii	"Cy_SysLib_EnterCriticalSection\000"
 1658      79734C69 
 1658      625F456E 
 1658      74657243 
 1658      72697469 
 1659              	.LASF87:
 1660 001f 43617053 		.ascii	"CapSense_FLASH_STRUCT\000"
 1660      656E7365 
 1660      5F464C41 
 1660      53485F53 
 1660      54525543 
 1661              	.LASF68:
 1662 0035 77646774 		.ascii	"wdgtList\000"
 1662      4C697374 
 1662      00
 1663              	.LASF73:
 1664 003e 736E7254 		.ascii	"snrTestRawCount\000"
 1664      65737452 
 1664      6177436F 
 1664      756E7400 
 1665              	.LASF115:
 1666 004e 43617053 		.ascii	"CapSense_TuInitialize\000"
 1666      656E7365 
 1666      5F547549 
 1666      6E697469 
 1666      616C697A 
 1667              	.LASF50:
 1668 0064 62736C6E 		.ascii	"bsln\000"
 1668      00
 1669              	.LASF99:
 1670 0069 73656E73 		.ascii	"sensorId\000"
 1670      6F724964 
 1670      00
 1671              	.LASF95:
 1672 0072 43617053 		.ascii	"CapSense_TU_CMD_ENUM\000"
 1672      656E7365 
 1672      5F54555F 
 1672      434D445F 
 1672      454E554D 
 1673              	.LASF40:
 1674 0087 6C6F7742 		.ascii	"lowBslnRst\000"
 1674      736C6E52 
 1674      737400
 1675              	.LASF52:
ARM GAS  C:\Users\salaz\AppData\Local\Temp\ccwmihDj.s 			page 35


 1676 0092 64696666 		.ascii	"diff\000"
 1676      00
 1677              	.LASF81:
 1678 0097 746F7461 		.ascii	"totalNumSns\000"
 1678      6C4E756D 
 1678      536E7300 
 1679              	.LASF94:
 1680 00a3 43617053 		.ascii	"CapSense_TU_CMD_ONE_SCAN_E\000"
 1680      656E7365 
 1680      5F54555F 
 1680      434D445F 
 1680      4F4E455F 
 1681              	.LASF41:
 1682 00be 69646163 		.ascii	"idacMod\000"
 1682      4D6F6400 
 1683              	.LASF105:
 1684 00c6 74756E65 		.ascii	"tunerFsm\000"
 1684      7246736D 
 1684      00
 1685              	.LASF2:
 1686 00cf 73686F72 		.ascii	"short int\000"
 1686      7420696E 
 1686      7400
 1687              	.LASF39:
 1688 00d9 6F6E4465 		.ascii	"onDebounce\000"
 1688      626F756E 
 1688      636500
 1689              	.LASF17:
 1690 00e4 73697A65 		.ascii	"sizetype\000"
 1690      74797065 
 1690      00
 1691              	.LASF91:
 1692 00ed 43617053 		.ascii	"CapSense_TU_CMD_RESTART_E\000"
 1692      656E7365 
 1692      5F54555F 
 1692      434D445F 
 1692      52455354 
 1693              	.LASF85:
 1694 0107 43617053 		.ascii	"CapSense_FLASH_WD_STRUCT\000"
 1694      656E7365 
 1694      5F464C41 
 1694      53485F57 
 1694      445F5354 
 1695              	.LASF37:
 1696 0120 6E4E6F69 		.ascii	"nNoiseTh\000"
 1696      73655468 
 1696      00
 1697              	.LASF54:
 1698 0129 69646163 		.ascii	"idacComp\000"
 1698      436F6D70 
 1698      00
 1699              	.LASF112:
 1700 0132 474E5520 		.ascii	"GNU C11 5.4.1 20160609 (release) [ARM/embedded-5-br"
 1700      43313120 
 1700      352E342E 
 1700      31203230 
 1700      31363036 
ARM GAS  C:\Users\salaz\AppData\Local\Temp\ccwmihDj.s 			page 36


 1701 0165 616E6368 		.ascii	"anch revision 237715] -mcpu=cortex-m4 -mfloat-abi=s"
 1701      20726576 
 1701      6973696F 
 1701      6E203233 
 1701      37373135 
 1702 0198 6F667466 		.ascii	"oftfp -mfpu=fpv4-sp-d16 -mthumb -g -Og -ffunction-s"
 1702      70202D6D 
 1702      6670753D 
 1702      66707634 
 1702      2D73702D 
 1703 01cb 65637469 		.ascii	"ections -ffat-lto-objects\000"
 1703      6F6E7320 
 1703      2D666661 
 1703      742D6C74 
 1703      6F2D6F62 
 1704              	.LASF66:
 1705 01e5 63736430 		.ascii	"csd0Config\000"
 1705      436F6E66 
 1705      696700
 1706              	.LASF4:
 1707 01f0 5F5F7569 		.ascii	"__uint16_t\000"
 1707      6E743136 
 1707      5F7400
 1708              	.LASF8:
 1709 01fb 5F5F7569 		.ascii	"__uint32_t\000"
 1709      6E743332 
 1709      5F7400
 1710              	.LASF26:
 1711 0206 70617261 		.ascii	"param0\000"
 1711      6D3000
 1712              	.LASF27:
 1713 020d 70617261 		.ascii	"param1\000"
 1713      6D3100
 1714              	.LASF28:
 1715 0214 70617261 		.ascii	"param2\000"
 1715      6D3200
 1716              	.LASF29:
 1717 021b 70617261 		.ascii	"param3\000"
 1717      6D3300
 1718              	.LASF88:
 1719 0222 43617053 		.ascii	"CapSense_TU_CMD_NONE_E\000"
 1719      656E7365 
 1719      5F54555F 
 1719      434D445F 
 1719      4E4F4E45 
 1720              	.LASF31:
 1721 0239 70617261 		.ascii	"param5\000"
 1721      6D3500
 1722              	.LASF32:
 1723 0240 70617261 		.ascii	"param6\000"
 1723      6D3600
 1724              	.LASF36:
 1725 0247 6E6F6973 		.ascii	"noiseTh\000"
 1725      65546800 
 1726              	.LASF58:
 1727 024f 64657669 		.ascii	"deviceId\000"
 1727      63654964 
ARM GAS  C:\Users\salaz\AppData\Local\Temp\ccwmihDj.s 			page 37


 1727      00
 1728              	.LASF22:
 1729 0258 75696E74 		.ascii	"uint16\000"
 1729      313600
 1730              	.LASF116:
 1731 025f 43617053 		.ascii	"CapSense_RunTuner\000"
 1731      656E7365 
 1731      5F52756E 
 1731      54756E65 
 1731      7200
 1732              	.LASF79:
 1733 0271 70747232 		.ascii	"ptr2DebounceArr\000"
 1733      4465626F 
 1733      756E6365 
 1733      41727200 
 1734              	.LASF13:
 1735 0281 75696E74 		.ascii	"uint8_t\000"
 1735      385F7400 
 1736              	.LASF21:
 1737 0289 75696E74 		.ascii	"uint8\000"
 1737      3800
 1738              	.LASF42:
 1739 028f 736E7343 		.ascii	"snsClk\000"
 1739      6C6B00
 1740              	.LASF19:
 1741 0296 666C6F61 		.ascii	"float\000"
 1741      7400
 1742              	.LASF49:
 1743 029c 43617053 		.ascii	"CapSense_RAM_WD_LIST_STRUCT\000"
 1743      656E7365 
 1743      5F52414D 
 1743      5F57445F 
 1743      4C495354 
 1744              	.LASF10:
 1745 02b8 6C6F6E67 		.ascii	"long long int\000"
 1745      206C6F6E 
 1745      6720696E 
 1745      7400
 1746              	.LASF93:
 1747 02c6 43617053 		.ascii	"CapSense_TU_CMD_PING_E\000"
 1747      656E7365 
 1747      5F54555F 
 1747      434D445F 
 1747      50494E47 
 1748              	.LASF48:
 1749 02dd 70726F78 		.ascii	"proximity0\000"
 1749      696D6974 
 1749      793000
 1750              	.LASF46:
 1751 02e8 70726F78 		.ascii	"proxTouchTh\000"
 1751      546F7563 
 1751      68546800 
 1752              	.LASF18:
 1753 02f4 63686172 		.ascii	"char\000"
 1753      00
 1754              	.LASF7:
 1755 02f9 6C6F6E67 		.ascii	"long int\000"
ARM GAS  C:\Users\salaz\AppData\Local\Temp\ccwmihDj.s 			page 38


 1755      20696E74 
 1755      00
 1756              	.LASF82:
 1757 0302 77646774 		.ascii	"wdgtType\000"
 1757      54797065 
 1757      00
 1758              	.LASF24:
 1759 030b 43617053 		.ascii	"CapSense_THRESHOLD_TYPE\000"
 1759      656E7365 
 1759      5F544852 
 1759      4553484F 
 1759      4C445F54 
 1760              	.LASF53:
 1761 0323 6E656742 		.ascii	"negBslnRstCnt\000"
 1761      736C6E52 
 1761      7374436E 
 1761      7400
 1762              	.LASF3:
 1763 0331 5F5F7569 		.ascii	"__uint8_t\000"
 1763      6E74385F 
 1763      7400
 1764              	.LASF47:
 1765 033b 43617053 		.ascii	"CapSense_RAM_WD_PROXIMITY_STRUCT\000"
 1765      656E7365 
 1765      5F52414D 
 1765      5F57445F 
 1765      50524F58 
 1766              	.LASF107:
 1767 035c 43617053 		.ascii	"CapSense_dsRam\000"
 1767      656E7365 
 1767      5F647352 
 1767      616D00
 1768              	.LASF35:
 1769 036b 66696E67 		.ascii	"fingerTh\000"
 1769      65725468 
 1769      00
 1770              	.LASF83:
 1771 0374 6E756D43 		.ascii	"numCols\000"
 1771      6F6C7300 
 1772              	.LASF38:
 1773 037c 68797374 		.ascii	"hysteresis\000"
 1773      65726573 
 1773      697300
 1774              	.LASF110:
 1775 0387 43795F53 		.ascii	"Cy_SysLib_ExitCriticalSection\000"
 1775      79734C69 
 1775      625F4578 
 1775      69744372 
 1775      69746963 
 1776              	.LASF60:
 1777 03a5 74756E65 		.ascii	"tunerCmd\000"
 1777      72436D64 
 1777      00
 1778              	.LASF96:
 1779 03ae 6C6F6E67 		.ascii	"long double\000"
 1779      20646F75 
 1779      626C6500 
ARM GAS  C:\Users\salaz\AppData\Local\Temp\ccwmihDj.s 			page 39


 1780              	.LASF64:
 1781 03ba 77646774 		.ascii	"wdgtStatus\000"
 1781      53746174 
 1781      757300
 1782              	.LASF104:
 1783 03c5 70747253 		.ascii	"ptrSnsTmp\000"
 1783      6E73546D 
 1783      7000
 1784              	.LASF1:
 1785 03cf 756E7369 		.ascii	"unsigned char\000"
 1785      676E6564 
 1785      20636861 
 1785      7200
 1786              	.LASF108:
 1787 03dd 43617053 		.ascii	"CapSense_dsFlash\000"
 1787      656E7365 
 1787      5F647346 
 1787      6C617368 
 1787      00
 1788              	.LASF0:
 1789 03ee 7369676E 		.ascii	"signed char\000"
 1789      65642063 
 1789      68617200 
 1790              	.LASF56:
 1791 03fa 43617053 		.ascii	"CapSense_RAM_SNS_LIST_STRUCT\000"
 1791      656E7365 
 1791      5F52414D 
 1791      5F534E53 
 1791      5F4C4953 
 1792              	.LASF11:
 1793 0417 6C6F6E67 		.ascii	"long long unsigned int\000"
 1793      206C6F6E 
 1793      6720756E 
 1793      7369676E 
 1793      65642069 
 1794              	.LASF55:
 1795 042e 43617053 		.ascii	"CapSense_RAM_SNS_STRUCT\000"
 1795      656E7365 
 1795      5F52414D 
 1795      5F534E53 
 1795      5F535452 
 1796              	.LASF16:
 1797 0446 75696E74 		.ascii	"uint32_t\000"
 1797      33325F74 
 1797      00
 1798              	.LASF80:
 1799 044f 73746174 		.ascii	"staticConfig\000"
 1799      6963436F 
 1799      6E666967 
 1799      00
 1800              	.LASF111:
 1801 045c 43617053 		.ascii	"CapSense_Start\000"
 1801      656E7365 
 1801      5F537461 
 1801      727400
 1802              	.LASF12:
 1803 046b 756E7369 		.ascii	"unsigned int\000"
ARM GAS  C:\Users\salaz\AppData\Local\Temp\ccwmihDj.s 			page 40


 1803      676E6564 
 1803      20696E74 
 1803      00
 1804              	.LASF14:
 1805 0478 75696E74 		.ascii	"uint16_t\000"
 1805      31365F74 
 1805      00
 1806              	.LASF100:
 1807 0481 75706461 		.ascii	"updateFlag\000"
 1807      7465466C 
 1807      616700
 1808              	.LASF63:
 1809 048c 77646774 		.ascii	"wdgtEnable\000"
 1809      456E6162 
 1809      6C6500
 1810              	.LASF114:
 1811 0497 433A5C55 		.ascii	"C:\\Users\\salaz\\Desktop\\Handle\\Bike FSM_new.cyd"
 1811      73657273 
 1811      5C73616C 
 1811      617A5C44 
 1811      65736B74 
 1812 04c5 736E00   		.ascii	"sn\000"
 1813              	.LASF61:
 1814 04c8 7363616E 		.ascii	"scanCounter\000"
 1814      436F756E 
 1814      74657200 
 1815              	.LASF62:
 1816 04d4 73746174 		.ascii	"status\000"
 1816      757300
 1817              	.LASF30:
 1818 04db 70617261 		.ascii	"param4\000"
 1818      6D3400
 1819              	.LASF57:
 1820 04e2 636F6E66 		.ascii	"configId\000"
 1820      69674964 
 1820      00
 1821              	.LASF98:
 1822 04eb 77696467 		.ascii	"widgetId\000"
 1822      65744964 
 1822      00
 1823              	.LASF71:
 1824 04f4 736E7254 		.ascii	"snrTestSensorId\000"
 1824      65737453 
 1824      656E736F 
 1824      72496400 
 1825              	.LASF72:
 1826 0504 736E7254 		.ascii	"snrTestScanCounter\000"
 1826      65737453 
 1826      63616E43 
 1826      6F756E74 
 1826      657200
 1827              	.LASF15:
 1828 0517 696E7433 		.ascii	"int32_t\000"
 1828      325F7400 
 1829              	.LASF34:
 1830 051f 7265736F 		.ascii	"resolution\000"
 1830      6C757469 
ARM GAS  C:\Users\salaz\AppData\Local\Temp\ccwmihDj.s 			page 41


 1830      6F6E00
 1831              	.LASF5:
 1832 052a 73686F72 		.ascii	"short unsigned int\000"
 1832      7420756E 
 1832      7369676E 
 1832      65642069 
 1832      6E7400
 1833              	.LASF69:
 1834 053d 736E734C 		.ascii	"snsList\000"
 1834      69737400 
 1835              	.LASF67:
 1836 0545 6D6F6443 		.ascii	"modCsdClk\000"
 1836      7364436C 
 1836      6B00
 1837              	.LASF84:
 1838 054f 70747232 		.ascii	"ptr2NoiseEnvlp\000"
 1838      4E6F6973 
 1838      65456E76 
 1838      6C7000
 1839              	.LASF76:
 1840 055e 70747232 		.ascii	"ptr2WdgtRam\000"
 1840      57646774 
 1840      52616D00 
 1841              	.LASF97:
 1842 056a 696E7465 		.ascii	"interruptState\000"
 1842      72727570 
 1842      74537461 
 1842      746500
 1843              	.LASF74:
 1844 0579 43617053 		.ascii	"CapSense_RAM_STRUCT\000"
 1844      656E7365 
 1844      5F52414D 
 1844      5F535452 
 1844      55435400 
 1845              	.LASF45:
 1846 058d 73696750 		.ascii	"sigPFC\000"
 1846      464300
 1847              	.LASF23:
 1848 0594 75696E74 		.ascii	"uint32\000"
 1848      333200
 1849              	.LASF9:
 1850 059b 6C6F6E67 		.ascii	"long unsigned int\000"
 1850      20756E73 
 1850      69676E65 
 1850      6420696E 
 1850      7400
 1851              	.LASF20:
 1852 05ad 646F7562 		.ascii	"double\000"
 1852      6C6500
 1853              	.LASF51:
 1854 05b4 62736C6E 		.ascii	"bslnExt\000"
 1854      45787400 
 1855              	.LASF113:
 1856 05bc 47656E65 		.ascii	"Generated_Source\\PSoC6\\CapSense_Tuner.c\000"
 1856      72617465 
 1856      645F536F 
 1856      75726365 
ARM GAS  C:\Users\salaz\AppData\Local\Temp\ccwmihDj.s 			page 42


 1856      5C50536F 
 1857              	.LASF92:
 1858 05e4 43617053 		.ascii	"CapSense_TU_CMD_RUN_SNR_TEST_E\000"
 1858      656E7365 
 1858      5F54555F 
 1858      434D445F 
 1858      52554E5F 
 1859              	.LASF103:
 1860 0603 70747244 		.ascii	"ptrDsRam\000"
 1860      7352616D 
 1860      00
 1861              	.LASF25:
 1862 060c 43617053 		.ascii	"CapSense_LOW_BSLN_RST_TYPE\000"
 1862      656E7365 
 1862      5F4C4F57 
 1862      5F42534C 
 1862      4E5F5253 
 1863              	.LASF59:
 1864 0627 6877436C 		.ascii	"hwClock\000"
 1864      6F636B00 
 1865              	.LASF6:
 1866 062f 5F5F696E 		.ascii	"__int32_t\000"
 1866      7433325F 
 1866      7400
 1867              	.LASF90:
 1868 0639 43617053 		.ascii	"CapSense_TU_CMD_RESUME_E\000"
 1868      656E7365 
 1868      5F54555F 
 1868      434D445F 
 1868      52455355 
 1869              	.LASF77:
 1870 0652 70747232 		.ascii	"ptr2SnsRam\000"
 1870      536E7352 
 1870      616D00
 1871              	.LASF43:
 1872 065d 736E7343 		.ascii	"snsClkSource\000"
 1872      6C6B536F 
 1872      75726365 
 1872      00
 1873              	.LASF78:
 1874 066a 70747232 		.ascii	"ptr2FltrHistory\000"
 1874      466C7472 
 1874      48697374 
 1874      6F727900 
 1875              	.LASF86:
 1876 067a 77646774 		.ascii	"wdgtArray\000"
 1876      41727261 
 1876      7900
 1877              	.LASF44:
 1878 0684 66696E67 		.ascii	"fingerCap\000"
 1878      65724361 
 1878      7000
 1879              	.LASF89:
 1880 068e 43617053 		.ascii	"CapSense_TU_CMD_SUSPEND_E\000"
 1880      656E7365 
 1880      5F54555F 
 1880      434D445F 
ARM GAS  C:\Users\salaz\AppData\Local\Temp\ccwmihDj.s 			page 43


 1880      53555350 
 1881              	.LASF70:
 1882 06a8 736E7254 		.ascii	"snrTestWidgetId\000"
 1882      65737457 
 1882      69646765 
 1882      74496400 
 1883              	.LASF106:
 1884 06b8 49544D5F 		.ascii	"ITM_RxBuffer\000"
 1884      52784275 
 1884      66666572 
 1884      00
 1885              	.LASF102:
 1886 06c5 74756E65 		.ascii	"tunerStatus\000"
 1886      72537461 
 1886      74757300 
 1887              	.LASF33:
 1888 06d1 534D4152 		.ascii	"SMARTSENSE_CSD_NOISE_ENVELOPE_STRUCT\000"
 1888      5453454E 
 1888      53455F43 
 1888      53445F4E 
 1888      4F495345 
 1889              	.LASF75:
 1890 06f6 70747232 		.ascii	"ptr2SnsFlash\000"
 1890      536E7346 
 1890      6C617368 
 1890      00
 1891              	.LASF65:
 1892 0703 736E7353 		.ascii	"snsStatus\000"
 1892      74617475 
 1892      7300
 1893              	.LASF101:
 1894 070d 636F6D6D 		.ascii	"command\000"
 1894      616E6400 
 1895              		.ident	"GCC: (GNU Tools for ARM Embedded Processors) 5.4.1 20160609 (release) [ARM/embedded-5-bran
