ARM GAS  C:\Users\salaz\AppData\Local\Temp\ccpgy8Dc.s 			page 1


   1              		.syntax unified
   2              		.cpu cortex-m4
   3              		.eabi_attribute 27, 1
   4              		.fpu fpv4-sp-d16
   5              		.eabi_attribute 20, 1
   6              		.eabi_attribute 21, 1
   7              		.eabi_attribute 23, 3
   8              		.eabi_attribute 24, 1
   9              		.eabi_attribute 25, 1
  10              		.eabi_attribute 26, 1
  11              		.eabi_attribute 30, 1
  12              		.eabi_attribute 34, 1
  13              		.eabi_attribute 18, 4
  14              		.thumb
  15              		.syntax unified
  16              		.file	"cy_ble_cgms.c"
  17              		.text
  18              	.Ltext0:
  19              		.cfi_sections	.debug_frame
  20              	.Letext0:
  21              		.file 1 "c:\\program files (x86)\\cypress\\psoc creator\\4.2\\psoc creator\\import\\gnu\\arm\\5.4.
  22              		.file 2 "c:\\program files (x86)\\cypress\\psoc creator\\4.2\\psoc creator\\import\\gnu\\arm\\5.4.
  23              		.file 3 "Generated_Source\\PSoC6\\pdl\\cmsis/include/core_cm4.h"
  24              		.section	.debug_info,"",%progbits
  25              	.Ldebug_info0:
  26 0000 B1000000 		.4byte	0xb1
  27 0004 0400     		.2byte	0x4
  28 0006 00000000 		.4byte	.Ldebug_abbrev0
  29 000a 04       		.byte	0x4
  30 000b 01       		.uleb128 0x1
  31 000c 21000000 		.4byte	.LASF17
  32 0010 0C       		.byte	0xc
  33 0011 6A010000 		.4byte	.LASF18
  34 0015 29010000 		.4byte	.LASF19
  35 0019 00000000 		.4byte	.Ldebug_line0
  36 001d 02       		.uleb128 0x2
  37 001e 04       		.byte	0x4
  38 001f 05       		.byte	0x5
  39 0020 696E7400 		.ascii	"int\000"
  40 0024 03       		.uleb128 0x3
  41 0025 04       		.byte	0x4
  42 0026 07       		.byte	0x7
  43 0027 AE010000 		.4byte	.LASF0
  44 002b 03       		.uleb128 0x3
  45 002c 08       		.byte	0x8
  46 002d 05       		.byte	0x5
  47 002e 00000000 		.4byte	.LASF1
  48 0032 03       		.uleb128 0x3
  49 0033 08       		.byte	0x8
  50 0034 04       		.byte	0x4
  51 0035 C5010000 		.4byte	.LASF2
  52 0039 03       		.uleb128 0x3
  53 003a 01       		.byte	0x1
  54 003b 06       		.byte	0x6
  55 003c A2010000 		.4byte	.LASF3
  56 0040 03       		.uleb128 0x3
  57 0041 01       		.byte	0x1
ARM GAS  C:\Users\salaz\AppData\Local\Temp\ccpgy8Dc.s 			page 2


  58 0042 08       		.byte	0x8
  59 0043 D4000000 		.4byte	.LASF4
  60 0047 03       		.uleb128 0x3
  61 0048 02       		.byte	0x2
  62 0049 05       		.byte	0x5
  63 004a D1010000 		.4byte	.LASF5
  64 004e 03       		.uleb128 0x3
  65 004f 02       		.byte	0x2
  66 0050 07       		.byte	0x7
  67 0051 0E000000 		.4byte	.LASF6
  68 0055 04       		.uleb128 0x4
  69 0056 BB010000 		.4byte	.LASF12
  70 005a 01       		.byte	0x1
  71 005b 3F       		.byte	0x3f
  72 005c 60000000 		.4byte	0x60
  73 0060 03       		.uleb128 0x3
  74 0061 04       		.byte	0x4
  75 0062 05       		.byte	0x5
  76 0063 61010000 		.4byte	.LASF7
  77 0067 03       		.uleb128 0x3
  78 0068 04       		.byte	0x4
  79 0069 07       		.byte	0x7
  80 006a E2000000 		.4byte	.LASF8
  81 006e 03       		.uleb128 0x3
  82 006f 08       		.byte	0x8
  83 0070 07       		.byte	0x7
  84 0071 F4000000 		.4byte	.LASF9
  85 0075 03       		.uleb128 0x3
  86 0076 04       		.byte	0x4
  87 0077 07       		.byte	0x7
  88 0078 E3010000 		.4byte	.LASF10
  89 007c 03       		.uleb128 0x3
  90 007d 01       		.byte	0x1
  91 007e 08       		.byte	0x8
  92 007f 17010000 		.4byte	.LASF11
  93 0083 04       		.uleb128 0x4
  94 0084 DB010000 		.4byte	.LASF13
  95 0088 02       		.byte	0x2
  96 0089 2C       		.byte	0x2c
  97 008a 55000000 		.4byte	0x55
  98 008e 03       		.uleb128 0x3
  99 008f 04       		.byte	0x4
 100 0090 04       		.byte	0x4
 101 0091 0B010000 		.4byte	.LASF14
 102 0095 03       		.uleb128 0x3
 103 0096 08       		.byte	0x8
 104 0097 04       		.byte	0x4
 105 0098 5A010000 		.4byte	.LASF15
 106 009c 03       		.uleb128 0x3
 107 009d 01       		.byte	0x1
 108 009e 02       		.byte	0x2
 109 009f 11010000 		.4byte	.LASF16
 110 00a3 05       		.uleb128 0x5
 111 00a4 1C010000 		.4byte	.LASF20
 112 00a8 03       		.byte	0x3
 113 00a9 EA07     		.2byte	0x7ea
 114 00ab AF000000 		.4byte	0xaf
ARM GAS  C:\Users\salaz\AppData\Local\Temp\ccpgy8Dc.s 			page 3


 115 00af 06       		.uleb128 0x6
 116 00b0 83000000 		.4byte	0x83
 117 00b4 00       		.byte	0
 118              		.section	.debug_abbrev,"",%progbits
 119              	.Ldebug_abbrev0:
 120 0000 01       		.uleb128 0x1
 121 0001 11       		.uleb128 0x11
 122 0002 01       		.byte	0x1
 123 0003 25       		.uleb128 0x25
 124 0004 0E       		.uleb128 0xe
 125 0005 13       		.uleb128 0x13
 126 0006 0B       		.uleb128 0xb
 127 0007 03       		.uleb128 0x3
 128 0008 0E       		.uleb128 0xe
 129 0009 1B       		.uleb128 0x1b
 130 000a 0E       		.uleb128 0xe
 131 000b 10       		.uleb128 0x10
 132 000c 17       		.uleb128 0x17
 133 000d 00       		.byte	0
 134 000e 00       		.byte	0
 135 000f 02       		.uleb128 0x2
 136 0010 24       		.uleb128 0x24
 137 0011 00       		.byte	0
 138 0012 0B       		.uleb128 0xb
 139 0013 0B       		.uleb128 0xb
 140 0014 3E       		.uleb128 0x3e
 141 0015 0B       		.uleb128 0xb
 142 0016 03       		.uleb128 0x3
 143 0017 08       		.uleb128 0x8
 144 0018 00       		.byte	0
 145 0019 00       		.byte	0
 146 001a 03       		.uleb128 0x3
 147 001b 24       		.uleb128 0x24
 148 001c 00       		.byte	0
 149 001d 0B       		.uleb128 0xb
 150 001e 0B       		.uleb128 0xb
 151 001f 3E       		.uleb128 0x3e
 152 0020 0B       		.uleb128 0xb
 153 0021 03       		.uleb128 0x3
 154 0022 0E       		.uleb128 0xe
 155 0023 00       		.byte	0
 156 0024 00       		.byte	0
 157 0025 04       		.uleb128 0x4
 158 0026 16       		.uleb128 0x16
 159 0027 00       		.byte	0
 160 0028 03       		.uleb128 0x3
 161 0029 0E       		.uleb128 0xe
 162 002a 3A       		.uleb128 0x3a
 163 002b 0B       		.uleb128 0xb
 164 002c 3B       		.uleb128 0x3b
 165 002d 0B       		.uleb128 0xb
 166 002e 49       		.uleb128 0x49
 167 002f 13       		.uleb128 0x13
 168 0030 00       		.byte	0
 169 0031 00       		.byte	0
 170 0032 05       		.uleb128 0x5
 171 0033 34       		.uleb128 0x34
ARM GAS  C:\Users\salaz\AppData\Local\Temp\ccpgy8Dc.s 			page 4


 172 0034 00       		.byte	0
 173 0035 03       		.uleb128 0x3
 174 0036 0E       		.uleb128 0xe
 175 0037 3A       		.uleb128 0x3a
 176 0038 0B       		.uleb128 0xb
 177 0039 3B       		.uleb128 0x3b
 178 003a 05       		.uleb128 0x5
 179 003b 49       		.uleb128 0x49
 180 003c 13       		.uleb128 0x13
 181 003d 3F       		.uleb128 0x3f
 182 003e 19       		.uleb128 0x19
 183 003f 3C       		.uleb128 0x3c
 184 0040 19       		.uleb128 0x19
 185 0041 00       		.byte	0
 186 0042 00       		.byte	0
 187 0043 06       		.uleb128 0x6
 188 0044 35       		.uleb128 0x35
 189 0045 00       		.byte	0
 190 0046 49       		.uleb128 0x49
 191 0047 13       		.uleb128 0x13
 192 0048 00       		.byte	0
 193 0049 00       		.byte	0
 194 004a 00       		.byte	0
 195              		.section	.debug_aranges,"",%progbits
 196 0000 14000000 		.4byte	0x14
 197 0004 0200     		.2byte	0x2
 198 0006 00000000 		.4byte	.Ldebug_info0
 199 000a 04       		.byte	0x4
 200 000b 00       		.byte	0
 201 000c 0000     		.2byte	0
 202 000e 0000     		.2byte	0
 203 0010 00000000 		.4byte	0
 204 0014 00000000 		.4byte	0
 205              		.section	.debug_line,"",%progbits
 206              	.Ldebug_line0:
 207 0000 4D010000 		.section	.debug_str,"MS",%progbits,1
 207      02004701 
 207      00000201 
 207      FB0E0D00 
 207      01010101 
 208              	.LASF1:
 209 0000 6C6F6E67 		.ascii	"long long int\000"
 209      206C6F6E 
 209      6720696E 
 209      7400
 210              	.LASF6:
 211 000e 73686F72 		.ascii	"short unsigned int\000"
 211      7420756E 
 211      7369676E 
 211      65642069 
 211      6E7400
 212              	.LASF17:
 213 0021 474E5520 		.ascii	"GNU C11 5.4.1 20160609 (release) [ARM/embedded-5-br"
 213      43313120 
 213      352E342E 
 213      31203230 
 213      31363036 
ARM GAS  C:\Users\salaz\AppData\Local\Temp\ccpgy8Dc.s 			page 5


 214 0054 616E6368 		.ascii	"anch revision 237715] -mcpu=cortex-m4 -mfloat-abi=s"
 214      20726576 
 214      6973696F 
 214      6E203233 
 214      37373135 
 215 0087 6F667466 		.ascii	"oftfp -mfpu=fpv4-sp-d16 -mthumb -g -Og -ffunction-s"
 215      70202D6D 
 215      6670753D 
 215      66707634 
 215      2D73702D 
 216 00ba 65637469 		.ascii	"ections -ffat-lto-objects\000"
 216      6F6E7320 
 216      2D666661 
 216      742D6C74 
 216      6F2D6F62 
 217              	.LASF4:
 218 00d4 756E7369 		.ascii	"unsigned char\000"
 218      676E6564 
 218      20636861 
 218      7200
 219              	.LASF8:
 220 00e2 6C6F6E67 		.ascii	"long unsigned int\000"
 220      20756E73 
 220      69676E65 
 220      6420696E 
 220      7400
 221              	.LASF9:
 222 00f4 6C6F6E67 		.ascii	"long long unsigned int\000"
 222      206C6F6E 
 222      6720756E 
 222      7369676E 
 222      65642069 
 223              	.LASF14:
 224 010b 666C6F61 		.ascii	"float\000"
 224      7400
 225              	.LASF16:
 226 0111 5F426F6F 		.ascii	"_Bool\000"
 226      6C00
 227              	.LASF11:
 228 0117 63686172 		.ascii	"char\000"
 228      00
 229              	.LASF20:
 230 011c 49544D5F 		.ascii	"ITM_RxBuffer\000"
 230      52784275 
 230      66666572 
 230      00
 231              	.LASF19:
 232 0129 433A5C55 		.ascii	"C:\\Users\\salaz\\Desktop\\Handle\\Bike FSM_new.cyd"
 232      73657273 
 232      5C73616C 
 232      617A5C44 
 232      65736B74 
 233 0157 736E00   		.ascii	"sn\000"
 234              	.LASF15:
 235 015a 646F7562 		.ascii	"double\000"
 235      6C6500
 236              	.LASF7:
ARM GAS  C:\Users\salaz\AppData\Local\Temp\ccpgy8Dc.s 			page 6


 237 0161 6C6F6E67 		.ascii	"long int\000"
 237      20696E74 
 237      00
 238              	.LASF18:
 239 016a 47656E65 		.ascii	"Generated_Source\\PSoC6\\pdl\\middleware\\ble\\cy_b"
 239      72617465 
 239      645F536F 
 239      75726365 
 239      5C50536F 
 240 0198 6C655F63 		.ascii	"le_cgms.c\000"
 240      676D732E 
 240      6300
 241              	.LASF3:
 242 01a2 7369676E 		.ascii	"signed char\000"
 242      65642063 
 242      68617200 
 243              	.LASF0:
 244 01ae 756E7369 		.ascii	"unsigned int\000"
 244      676E6564 
 244      20696E74 
 244      00
 245              	.LASF12:
 246 01bb 5F5F696E 		.ascii	"__int32_t\000"
 246      7433325F 
 246      7400
 247              	.LASF2:
 248 01c5 6C6F6E67 		.ascii	"long double\000"
 248      20646F75 
 248      626C6500 
 249              	.LASF5:
 250 01d1 73686F72 		.ascii	"short int\000"
 250      7420696E 
 250      7400
 251              	.LASF13:
 252 01db 696E7433 		.ascii	"int32_t\000"
 252      325F7400 
 253              	.LASF10:
 254 01e3 73697A65 		.ascii	"sizetype\000"
 254      74797065 
 254      00
 255              		.ident	"GCC: (GNU Tools for ARM Embedded Processors) 5.4.1 20160609 (release) [ARM/embedded-5-bran
